> 
> # parse arguments
> args <- R.utils::commandArgs(trailingOnly = FALSE, asValues = TRUE)
> index <- as.integer(args$index)
> year <- as.character(args$year)
> nreps <- as.integer(args$nreps)
> seed <- as.integer(args$seed)
> 
> # get number of cores
> wkrs <- length(future::availableWorkers())
> 
> # set seed
> set.seed(seed)
> 
> # read and prepare the cluster features
> fp <- file.path('data-raw', 'features', year)
> clf <-
+   read_features(fp, pattern = 'paris.', recursive = FALSE)
> clf <- prepare_features(
+   clf,
+   feature_map = feature_map,
+   category = c('response', 'bio', 'net'),
+   type = 'list',
+   exclusions = c(
+     'mg2_pairs_count',
+     'mg2_not_pairs_count',
+     'mg2_portion_families_recovered',
+     'cluster_origin',
+     'bocc_origin',
+     'cluster_method',
+     'subcluster_method',
+     'year',
+     'IDs',
+     'go_sig_threshold',
+     'num_new_edges_on_any_node',
+     'HPO_ratio'
+   ),
+   verbose = TRUE
+ )
c('HPO_ratio', 'IDs', 'bocc_origin', 'cluster_method', 'cluster_origin', 'go_sig_threshold', 'max_norm_cell_type_comma_sep_string', 'max_norm_disease_comma_sep_string', 'mg2_not_pairs_count', 'mg2_pairs_count', 'mg2_portion_families_recovered', 'num_new_edges_on_any_node', 'sig_go_enrichment_fdr_corrected_p_vals', 'sig_go_enrichment_p_vals', 'sig_go_enrichment_terms', 'subcluster_method', 'year')

> 
> # prepare grid of parameters
> xgboost_params <- dials::parameters(
+   nrounds = dials::trees(),
+   eta = dials::learn_rate(),
+   gamma = dials::loss_reduction(),
+   dials::tree_depth(),
+   subsample = dials::sample_prop(),
+   rate_drop = dials::dropout(),
+   skip_drop = dials::dropout()
+ )
> xgboost_params <-
+   dials::grid_max_entropy(xgboost_params, size = nreps)
> 
> # tune the dart booster
> dart.param <-
+   list(
+     booster = "dart",
+     objective = "reg:logistic",
+     eval_metric = "rmse",
+     nthread = wkrs,
+     max_depth = xgboost_params$tree_depth[index],
+     eta = xgboost_params$eta[index],
+     gamma = xgboost_params$gamma[index],
+     subsample = xgboost_params$subsample[index],
+     rate_drop = xgboost_params$rate_drop[index],
+     skip_drop = xgboost_params$skip_drop[index]
+   )
> dart.cv <- xgboost::xgb.cv(
+   params = dart.param,
+   nrounds = xgboost_params$nrounds[index],
+   data = as.matrix(clf[, -1]),
+   nfold = 5,
+   label = clf$snowballing_pvalue,
+   early_stopping_rounds = 50
+ )
[1]	train-rmse:0.382659+0.001055	test-rmse:0.382637+0.004188 
Multiple eval metrics are present. Will use test_rmse for early stopping.
Will train until test_rmse hasn't improved in 50 rounds.

[2]	train-rmse:0.382637+0.001055	test-rmse:0.382616+0.004188 
[3]	train-rmse:0.382615+0.001054	test-rmse:0.382595+0.004188 
[4]	train-rmse:0.382592+0.001054	test-rmse:0.382574+0.004188 
[5]	train-rmse:0.382570+0.001054	test-rmse:0.382553+0.004188 
[6]	train-rmse:0.382550+0.001049	test-rmse:0.382534+0.004192 
[7]	train-rmse:0.382530+0.001050	test-rmse:0.382516+0.004191 
[8]	train-rmse:0.382510+0.001050	test-rmse:0.382496+0.004191 
[9]	train-rmse:0.382488+0.001050	test-rmse:0.382475+0.004191 
[10]	train-rmse:0.382466+0.001050	test-rmse:0.382455+0.004191 
[11]	train-rmse:0.382447+0.001051	test-rmse:0.382437+0.004190 
[12]	train-rmse:0.382428+0.001054	test-rmse:0.382419+0.004186 
[13]	train-rmse:0.382412+0.001050	test-rmse:0.382405+0.004190 
[14]	train-rmse:0.382402+0.001054	test-rmse:0.382395+0.004186 
[15]	train-rmse:0.382387+0.001050	test-rmse:0.382381+0.004190 
[16]	train-rmse:0.382368+0.001051	test-rmse:0.382363+0.004189 
[17]	train-rmse:0.382348+0.001051	test-rmse:0.382344+0.004189 
[18]	train-rmse:0.382329+0.001052	test-rmse:0.382327+0.004188 
[19]	train-rmse:0.382307+0.001052	test-rmse:0.382306+0.004188 
[20]	train-rmse:0.382296+0.001051	test-rmse:0.382296+0.004188 
[21]	train-rmse:0.382278+0.001054	test-rmse:0.382278+0.004185 
[22]	train-rmse:0.382259+0.001053	test-rmse:0.382261+0.004185 
[23]	train-rmse:0.382245+0.001059	test-rmse:0.382247+0.004179 
[24]	train-rmse:0.382227+0.001052	test-rmse:0.382230+0.004185 
[25]	train-rmse:0.382208+0.001053	test-rmse:0.382213+0.004184 
[26]	train-rmse:0.382190+0.001046	test-rmse:0.382196+0.004191 
[27]	train-rmse:0.382179+0.001050	test-rmse:0.382185+0.004187 
[28]	train-rmse:0.382166+0.001045	test-rmse:0.382174+0.004191 
[29]	train-rmse:0.382152+0.001041	test-rmse:0.382160+0.004195 
[30]	train-rmse:0.382129+0.001041	test-rmse:0.382139+0.004195 
[31]	train-rmse:0.382123+0.001040	test-rmse:0.382132+0.004195 
[32]	train-rmse:0.382112+0.001039	test-rmse:0.382123+0.004196 
[33]	train-rmse:0.382098+0.001039	test-rmse:0.382109+0.004196 
[34]	train-rmse:0.382091+0.001040	test-rmse:0.382103+0.004195 
[35]	train-rmse:0.382077+0.001034	test-rmse:0.382090+0.004201 
[36]	train-rmse:0.382063+0.001038	test-rmse:0.382076+0.004197 
[37]	train-rmse:0.382045+0.001041	test-rmse:0.382059+0.004195 
[38]	train-rmse:0.382026+0.001033	test-rmse:0.382041+0.004202 
[39]	train-rmse:0.382012+0.001030	test-rmse:0.382028+0.004205 
[40]	train-rmse:0.382002+0.001036	test-rmse:0.382018+0.004198 
[41]	train-rmse:0.381988+0.001036	test-rmse:0.382005+0.004197 
[42]	train-rmse:0.381973+0.001041	test-rmse:0.381991+0.004193 
[43]	train-rmse:0.381963+0.001045	test-rmse:0.381981+0.004189 
[44]	train-rmse:0.381949+0.001049	test-rmse:0.381968+0.004185 
[45]	train-rmse:0.381939+0.001044	test-rmse:0.381958+0.004189 
[46]	train-rmse:0.381933+0.001040	test-rmse:0.381952+0.004193 
[47]	train-rmse:0.381918+0.001035	test-rmse:0.381939+0.004199 
[48]	train-rmse:0.381900+0.001027	test-rmse:0.381922+0.004206 
[49]	train-rmse:0.381886+0.001032	test-rmse:0.381909+0.004201 
[50]	train-rmse:0.381864+0.001032	test-rmse:0.381888+0.004201 
[51]	train-rmse:0.381846+0.001036	test-rmse:0.381871+0.004198 
[52]	train-rmse:0.381836+0.001040	test-rmse:0.381862+0.004194 
[53]	train-rmse:0.381826+0.001045	test-rmse:0.381852+0.004189 
[54]	train-rmse:0.381808+0.001046	test-rmse:0.381835+0.004188 
[55]	train-rmse:0.381786+0.001046	test-rmse:0.381814+0.004188 
[56]	train-rmse:0.381776+0.001043	test-rmse:0.381805+0.004191 
[57]	train-rmse:0.381754+0.001043	test-rmse:0.381784+0.004191 
[58]	train-rmse:0.381732+0.001043	test-rmse:0.381763+0.004190 
[59]	train-rmse:0.381722+0.001038	test-rmse:0.381754+0.004194 
[60]	train-rmse:0.381708+0.001038	test-rmse:0.381740+0.004194 
[61]	train-rmse:0.381694+0.001041	test-rmse:0.381727+0.004190 
[62]	train-rmse:0.381676+0.001045	test-rmse:0.381710+0.004186 
[63]	train-rmse:0.381662+0.001051	test-rmse:0.381697+0.004181 
[64]	train-rmse:0.381648+0.001047	test-rmse:0.381684+0.004184 
[65]	train-rmse:0.381638+0.001041	test-rmse:0.381675+0.004191 
[66]	train-rmse:0.381624+0.001047	test-rmse:0.381662+0.004184 
[67]	train-rmse:0.381606+0.001050	test-rmse:0.381645+0.004181 
[68]	train-rmse:0.381592+0.001044	test-rmse:0.381631+0.004187 
[69]	train-rmse:0.381582+0.001040	test-rmse:0.381622+0.004191 
[70]	train-rmse:0.381564+0.001042	test-rmse:0.381605+0.004189 
[71]	train-rmse:0.381546+0.001044	test-rmse:0.381588+0.004188 
[72]	train-rmse:0.381533+0.001040	test-rmse:0.381575+0.004191 
[73]	train-rmse:0.381531+0.001040	test-rmse:0.381574+0.004191 
[74]	train-rmse:0.381518+0.001047	test-rmse:0.381561+0.004185 
[75]	train-rmse:0.381508+0.001045	test-rmse:0.381552+0.004187 
[76]	train-rmse:0.381498+0.001049	test-rmse:0.381543+0.004183 
[77]	train-rmse:0.381485+0.001040	test-rmse:0.381530+0.004191 
[78]	train-rmse:0.381467+0.001032	test-rmse:0.381513+0.004199 
[79]	train-rmse:0.381457+0.001038	test-rmse:0.381504+0.004192 
[80]	train-rmse:0.381439+0.001039	test-rmse:0.381487+0.004191 
[81]	train-rmse:0.381425+0.001036	test-rmse:0.381474+0.004194 
[82]	train-rmse:0.381411+0.001037	test-rmse:0.381461+0.004192 
[83]	train-rmse:0.381398+0.001043	test-rmse:0.381448+0.004187 
[84]	train-rmse:0.381384+0.001049	test-rmse:0.381435+0.004182 
[85]	train-rmse:0.381366+0.001041	test-rmse:0.381419+0.004189 
[86]	train-rmse:0.381357+0.001040	test-rmse:0.381410+0.004189 
[87]	train-rmse:0.381343+0.001041	test-rmse:0.381397+0.004189 
[88]	train-rmse:0.381330+0.001037	test-rmse:0.381384+0.004193 
[89]	train-rmse:0.381307+0.001037	test-rmse:0.381364+0.004192 
[90]	train-rmse:0.381294+0.001038	test-rmse:0.381351+0.004192 
[91]	train-rmse:0.381280+0.001044	test-rmse:0.381338+0.004187 
[92]	train-rmse:0.381266+0.001038	test-rmse:0.381325+0.004193 
[93]	train-rmse:0.381253+0.001045	test-rmse:0.381312+0.004188 
[94]	train-rmse:0.381239+0.001048	test-rmse:0.381299+0.004184 
[95]	train-rmse:0.381230+0.001051	test-rmse:0.381290+0.004181 
[96]	train-rmse:0.381220+0.001048	test-rmse:0.381282+0.004184 
[97]	train-rmse:0.381211+0.001041	test-rmse:0.381273+0.004191 
[98]	train-rmse:0.381193+0.001033	test-rmse:0.381256+0.004198 
[99]	train-rmse:0.381175+0.001035	test-rmse:0.381239+0.004197 
[100]	train-rmse:0.381161+0.001040	test-rmse:0.381226+0.004193 
[101]	train-rmse:0.381147+0.001041	test-rmse:0.381213+0.004193 
[102]	train-rmse:0.381134+0.001048	test-rmse:0.381201+0.004186 
[103]	train-rmse:0.381129+0.001045	test-rmse:0.381196+0.004186 
[104]	train-rmse:0.381115+0.001050	test-rmse:0.381183+0.004183 
[105]	train-rmse:0.381101+0.001056	test-rmse:0.381170+0.004178 
[106]	train-rmse:0.381092+0.001061	test-rmse:0.381161+0.004171 
[107]	train-rmse:0.381070+0.001061	test-rmse:0.381141+0.004171 
[108]	train-rmse:0.381057+0.001064	test-rmse:0.381128+0.004167 
[109]	train-rmse:0.381039+0.001068	test-rmse:0.381112+0.004164 
[110]	train-rmse:0.381030+0.001071	test-rmse:0.381103+0.004159 
[111]	train-rmse:0.381016+0.001073	test-rmse:0.381090+0.004156 
[112]	train-rmse:0.380998+0.001072	test-rmse:0.381073+0.004156 
[113]	train-rmse:0.380985+0.001068	test-rmse:0.381060+0.004160 
[114]	train-rmse:0.380963+0.001068	test-rmse:0.381040+0.004160 
[115]	train-rmse:0.380945+0.001072	test-rmse:0.381023+0.004155 
[116]	train-rmse:0.380931+0.001067	test-rmse:0.381010+0.004160 
[117]	train-rmse:0.380922+0.001063	test-rmse:0.381001+0.004163 
[118]	train-rmse:0.380908+0.001058	test-rmse:0.380988+0.004170 
[119]	train-rmse:0.380899+0.001051	test-rmse:0.380979+0.004175 
[120]	train-rmse:0.380890+0.001050	test-rmse:0.380970+0.004175 
[121]	train-rmse:0.380872+0.001049	test-rmse:0.380954+0.004176 
[122]	train-rmse:0.380854+0.001051	test-rmse:0.380937+0.004173 
[123]	train-rmse:0.380845+0.001048	test-rmse:0.380928+0.004176 
[124]	train-rmse:0.380827+0.001052	test-rmse:0.380911+0.004172 
[125]	train-rmse:0.380814+0.001053	test-rmse:0.380898+0.004170 
[126]	train-rmse:0.380796+0.001055	test-rmse:0.380882+0.004169 
[127]	train-rmse:0.380783+0.001060	test-rmse:0.380869+0.004165 
[128]	train-rmse:0.380765+0.001059	test-rmse:0.380852+0.004164 
[129]	train-rmse:0.380752+0.001055	test-rmse:0.380840+0.004167 
[130]	train-rmse:0.380743+0.001052	test-rmse:0.380831+0.004171 
[131]	train-rmse:0.380725+0.001056	test-rmse:0.380814+0.004167 
[132]	train-rmse:0.380712+0.001063	test-rmse:0.380801+0.004160 
[133]	train-rmse:0.380690+0.001063	test-rmse:0.380781+0.004159 
[134]	train-rmse:0.380676+0.001057	test-rmse:0.380768+0.004166 
[135]	train-rmse:0.380658+0.001061	test-rmse:0.380751+0.004162 
[136]	train-rmse:0.380653+0.001068	test-rmse:0.380746+0.004154 
[137]	train-rmse:0.380640+0.001063	test-rmse:0.380733+0.004159 
[138]	train-rmse:0.380626+0.001070	test-rmse:0.380720+0.004154 
[139]	train-rmse:0.380608+0.001068	test-rmse:0.380704+0.004154 
[140]	train-rmse:0.380591+0.001071	test-rmse:0.380687+0.004151 
[141]	train-rmse:0.380578+0.001077	test-rmse:0.380675+0.004146 
[142]	train-rmse:0.380564+0.001079	test-rmse:0.380662+0.004142 
[143]	train-rmse:0.380550+0.001086	test-rmse:0.380649+0.004137 
[144]	train-rmse:0.380537+0.001089	test-rmse:0.380637+0.004134 
[145]	train-rmse:0.380528+0.001094	test-rmse:0.380628+0.004127 
[146]	train-rmse:0.380519+0.001103	test-rmse:0.380620+0.004119 
[147]	train-rmse:0.380510+0.001099	test-rmse:0.380611+0.004123 
[148]	train-rmse:0.380500+0.001094	test-rmse:0.380602+0.004127 
[149]	train-rmse:0.380491+0.001088	test-rmse:0.380594+0.004134 
[150]	train-rmse:0.380478+0.001089	test-rmse:0.380581+0.004131 
[151]	train-rmse:0.380469+0.001082	test-rmse:0.380572+0.004138 
[152]	train-rmse:0.380455+0.001076	test-rmse:0.380560+0.004144 
[153]	train-rmse:0.380446+0.001073	test-rmse:0.380551+0.004148 
[154]	train-rmse:0.380437+0.001079	test-rmse:0.380542+0.004141 
[155]	train-rmse:0.380419+0.001081	test-rmse:0.380526+0.004138 
[156]	train-rmse:0.380406+0.001087	test-rmse:0.380513+0.004133 
[157]	train-rmse:0.380392+0.001084	test-rmse:0.380500+0.004137 
[158]	train-rmse:0.380379+0.001085	test-rmse:0.380487+0.004134 
[159]	train-rmse:0.380370+0.001090	test-rmse:0.380479+0.004130 
[160]	train-rmse:0.380356+0.001091	test-rmse:0.380466+0.004127 
[161]	train-rmse:0.380338+0.001084	test-rmse:0.380449+0.004134 
[162]	train-rmse:0.380325+0.001075	test-rmse:0.380436+0.004142 
[163]	train-rmse:0.380316+0.001080	test-rmse:0.380428+0.004137 
[164]	train-rmse:0.380311+0.001078	test-rmse:0.380423+0.004138 
[165]	train-rmse:0.380298+0.001072	test-rmse:0.380411+0.004145 
[166]	train-rmse:0.380297+0.001072	test-rmse:0.380410+0.004145 
[167]	train-rmse:0.380288+0.001069	test-rmse:0.380402+0.004148 
[168]	train-rmse:0.380275+0.001075	test-rmse:0.380389+0.004141 
[169]	train-rmse:0.380261+0.001078	test-rmse:0.380377+0.004138 
[170]	train-rmse:0.380244+0.001077	test-rmse:0.380360+0.004138 
[171]	train-rmse:0.380235+0.001083	test-rmse:0.380351+0.004131 
[172]	train-rmse:0.380226+0.001081	test-rmse:0.380342+0.004134 
[173]	train-rmse:0.380212+0.001087	test-rmse:0.380330+0.004129 
[174]	train-rmse:0.380195+0.001090	test-rmse:0.380313+0.004126 
[175]	train-rmse:0.380181+0.001091	test-rmse:0.380300+0.004125 
[176]	train-rmse:0.380176+0.001086	test-rmse:0.380296+0.004129 
[177]	train-rmse:0.380159+0.001090	test-rmse:0.380279+0.004125 
[178]	train-rmse:0.380145+0.001092	test-rmse:0.380266+0.004123 
[179]	train-rmse:0.380140+0.001100	test-rmse:0.380262+0.004115 
[180]	train-rmse:0.380123+0.001102	test-rmse:0.380245+0.004112 
[181]	train-rmse:0.380122+0.001102	test-rmse:0.380244+0.004112 
[182]	train-rmse:0.380113+0.001097	test-rmse:0.380236+0.004116 
[183]	train-rmse:0.380100+0.001101	test-rmse:0.380223+0.004112 
[184]	train-rmse:0.380091+0.001107	test-rmse:0.380214+0.004107 
[185]	train-rmse:0.380073+0.001106	test-rmse:0.380197+0.004107 
[186]	train-rmse:0.380060+0.001110	test-rmse:0.380185+0.004104 
[187]	train-rmse:0.380046+0.001116	test-rmse:0.380173+0.004098 
[188]	train-rmse:0.380033+0.001122	test-rmse:0.380160+0.004093 
[189]	train-rmse:0.380020+0.001129	test-rmse:0.380148+0.004088 
[190]	train-rmse:0.380006+0.001125	test-rmse:0.380135+0.004092 
[191]	train-rmse:0.379993+0.001119	test-rmse:0.380122+0.004099 
[192]	train-rmse:0.379979+0.001126	test-rmse:0.380110+0.004094 
[193]	train-rmse:0.379962+0.001128	test-rmse:0.380093+0.004093 
[194]	train-rmse:0.379948+0.001119	test-rmse:0.380081+0.004101 
[195]	train-rmse:0.379935+0.001120	test-rmse:0.380068+0.004100 
[196]	train-rmse:0.379913+0.001120	test-rmse:0.380048+0.004100 
[197]	train-rmse:0.379900+0.001114	test-rmse:0.380035+0.004106 
[198]	train-rmse:0.379886+0.001109	test-rmse:0.380023+0.004111 
[199]	train-rmse:0.379886+0.001109	test-rmse:0.380022+0.004111 
[200]	train-rmse:0.379877+0.001104	test-rmse:0.380014+0.004115 
[201]	train-rmse:0.379864+0.001111	test-rmse:0.380001+0.004107 
[202]	train-rmse:0.379855+0.001106	test-rmse:0.379993+0.004111 
[203]	train-rmse:0.379841+0.001109	test-rmse:0.379980+0.004108 
[204]	train-rmse:0.379828+0.001113	test-rmse:0.379967+0.004104 
[205]	train-rmse:0.379810+0.001115	test-rmse:0.379951+0.004101 
[206]	train-rmse:0.379793+0.001107	test-rmse:0.379934+0.004108 
[207]	train-rmse:0.379775+0.001099	test-rmse:0.379917+0.004116 
[208]	train-rmse:0.379753+0.001099	test-rmse:0.379897+0.004116 
[209]	train-rmse:0.379736+0.001098	test-rmse:0.379881+0.004116 
[210]	train-rmse:0.379718+0.001100	test-rmse:0.379865+0.004115 
[211]	train-rmse:0.379709+0.001099	test-rmse:0.379856+0.004115 
[212]	train-rmse:0.379704+0.001097	test-rmse:0.379851+0.004116 
[213]	train-rmse:0.379691+0.001101	test-rmse:0.379839+0.004112 
[214]	train-rmse:0.379687+0.001109	test-rmse:0.379834+0.004104 
[215]	train-rmse:0.379669+0.001108	test-rmse:0.379818+0.004104 
[216]	train-rmse:0.379651+0.001107	test-rmse:0.379801+0.004104 
[217]	train-rmse:0.379638+0.001108	test-rmse:0.379788+0.004101 
[218]	train-rmse:0.379629+0.001102	test-rmse:0.379780+0.004106 
[219]	train-rmse:0.379620+0.001106	test-rmse:0.379771+0.004102 
[220]	train-rmse:0.379602+0.001108	test-rmse:0.379755+0.004099 
[221]	train-rmse:0.379598+0.001105	test-rmse:0.379750+0.004102 
[222]	train-rmse:0.379584+0.001100	test-rmse:0.379738+0.004109 
[223]	train-rmse:0.379575+0.001098	test-rmse:0.379730+0.004111 
[224]	train-rmse:0.379566+0.001091	test-rmse:0.379721+0.004118 
[225]	train-rmse:0.379566+0.001091	test-rmse:0.379721+0.004118 
[226]	train-rmse:0.379544+0.001091	test-rmse:0.379700+0.004118 
[227]	train-rmse:0.379530+0.001097	test-rmse:0.379688+0.004113 
[228]	train-rmse:0.379521+0.001103	test-rmse:0.379679+0.004108 
[229]	train-rmse:0.379504+0.001095	test-rmse:0.379663+0.004116 
[230]	train-rmse:0.379495+0.001104	test-rmse:0.379654+0.004108 
[231]	train-rmse:0.379486+0.001097	test-rmse:0.379646+0.004115 
[232]	train-rmse:0.379468+0.001099	test-rmse:0.379629+0.004114 
[233]	train-rmse:0.379455+0.001091	test-rmse:0.379617+0.004121 
[234]	train-rmse:0.379441+0.001085	test-rmse:0.379604+0.004126 
[235]	train-rmse:0.379424+0.001077	test-rmse:0.379588+0.004133 
[236]	train-rmse:0.379406+0.001081	test-rmse:0.379571+0.004129 
[237]	train-rmse:0.379389+0.001080	test-rmse:0.379555+0.004130 
[238]	train-rmse:0.379384+0.001080	test-rmse:0.379551+0.004129 
[239]	train-rmse:0.379371+0.001085	test-rmse:0.379538+0.004125 
[240]	train-rmse:0.379358+0.001081	test-rmse:0.379526+0.004128 
[241]	train-rmse:0.379336+0.001081	test-rmse:0.379505+0.004128 
[242]	train-rmse:0.379318+0.001085	test-rmse:0.379488+0.004124 
[243]	train-rmse:0.379305+0.001086	test-rmse:0.379476+0.004121 
[244]	train-rmse:0.379296+0.001080	test-rmse:0.379467+0.004128 
[245]	train-rmse:0.379282+0.001074	test-rmse:0.379455+0.004135 
[246]	train-rmse:0.379274+0.001078	test-rmse:0.379446+0.004131 
[247]	train-rmse:0.379256+0.001081	test-rmse:0.379430+0.004130 
[248]	train-rmse:0.379247+0.001076	test-rmse:0.379421+0.004134 
[249]	train-rmse:0.379225+0.001076	test-rmse:0.379401+0.004134 
[250]	train-rmse:0.379212+0.001082	test-rmse:0.379388+0.004127 
[251]	train-rmse:0.379199+0.001073	test-rmse:0.379376+0.004135 
[252]	train-rmse:0.379181+0.001065	test-rmse:0.379359+0.004142 
[253]	train-rmse:0.379163+0.001056	test-rmse:0.379343+0.004150 
[254]	train-rmse:0.379146+0.001058	test-rmse:0.379326+0.004147 
[255]	train-rmse:0.379128+0.001057	test-rmse:0.379309+0.004147 
[256]	train-rmse:0.379111+0.001061	test-rmse:0.379293+0.004143 
[257]	train-rmse:0.379102+0.001060	test-rmse:0.379284+0.004143 
[258]	train-rmse:0.379089+0.001061	test-rmse:0.379272+0.004140 
[259]	train-rmse:0.379076+0.001063	test-rmse:0.379259+0.004140 
[260]	train-rmse:0.379062+0.001064	test-rmse:0.379246+0.004139 
[261]	train-rmse:0.379049+0.001060	test-rmse:0.379234+0.004142 
[262]	train-rmse:0.379035+0.001055	test-rmse:0.379222+0.004149 
[263]	train-rmse:0.379018+0.001054	test-rmse:0.379205+0.004149 
[264]	train-rmse:0.379000+0.001055	test-rmse:0.379189+0.004146 
[265]	train-rmse:0.378996+0.001056	test-rmse:0.379184+0.004146 
[266]	train-rmse:0.378987+0.001052	test-rmse:0.379176+0.004150 
[267]	train-rmse:0.378973+0.001053	test-rmse:0.379164+0.004149 
[268]	train-rmse:0.378960+0.001048	test-rmse:0.379151+0.004156 
[269]	train-rmse:0.378947+0.001051	test-rmse:0.379139+0.004152 
[270]	train-rmse:0.378929+0.001043	test-rmse:0.379122+0.004159 
[271]	train-rmse:0.378916+0.001039	test-rmse:0.379109+0.004163 
[272]	train-rmse:0.378903+0.001044	test-rmse:0.379097+0.004158 
[273]	train-rmse:0.378889+0.001035	test-rmse:0.379085+0.004166 
[274]	train-rmse:0.378885+0.001033	test-rmse:0.379080+0.004169 
[275]	train-rmse:0.378867+0.001037	test-rmse:0.379064+0.004165 
[276]	train-rmse:0.378858+0.001036	test-rmse:0.379056+0.004168 
[277]	train-rmse:0.378845+0.001041	test-rmse:0.379043+0.004164 
[278]	train-rmse:0.378836+0.001037	test-rmse:0.379035+0.004168 
[279]	train-rmse:0.378819+0.001039	test-rmse:0.379018+0.004164 
[280]	train-rmse:0.378814+0.001037	test-rmse:0.379014+0.004167 
[281]	train-rmse:0.378797+0.001040	test-rmse:0.378998+0.004166 
[282]	train-rmse:0.378779+0.001042	test-rmse:0.378981+0.004165 
[283]	train-rmse:0.378766+0.001047	test-rmse:0.378968+0.004161 
[284]	train-rmse:0.378753+0.001050	test-rmse:0.378956+0.004157 
[285]	train-rmse:0.378735+0.001042	test-rmse:0.378940+0.004164 
[286]	train-rmse:0.378714+0.001042	test-rmse:0.378919+0.004164 
[287]	train-rmse:0.378696+0.001034	test-rmse:0.378903+0.004172 
[288]	train-rmse:0.378683+0.001038	test-rmse:0.378890+0.004168 
[289]	train-rmse:0.378670+0.001029	test-rmse:0.378878+0.004176 
[290]	train-rmse:0.378661+0.001022	test-rmse:0.378870+0.004180 
[291]	train-rmse:0.378643+0.001024	test-rmse:0.378853+0.004179 
[292]	train-rmse:0.378630+0.001026	test-rmse:0.378841+0.004179 
[293]	train-rmse:0.378621+0.001035	test-rmse:0.378832+0.004171 
[294]	train-rmse:0.378608+0.001041	test-rmse:0.378820+0.004163 
[295]	train-rmse:0.378590+0.001045	test-rmse:0.378803+0.004159 
[296]	train-rmse:0.378577+0.001048	test-rmse:0.378790+0.004155 
[297]	train-rmse:0.378564+0.001045	test-rmse:0.378778+0.004158 
[298]	train-rmse:0.378551+0.001052	test-rmse:0.378766+0.004153 
[299]	train-rmse:0.378537+0.001055	test-rmse:0.378753+0.004149 
[300]	train-rmse:0.378520+0.001047	test-rmse:0.378737+0.004157 
[301]	train-rmse:0.378502+0.001046	test-rmse:0.378720+0.004157 
[302]	train-rmse:0.378497+0.001047	test-rmse:0.378715+0.004156 
[303]	train-rmse:0.378480+0.001051	test-rmse:0.378699+0.004152 
[304]	train-rmse:0.378475+0.001047	test-rmse:0.378694+0.004156 
[305]	train-rmse:0.378466+0.001052	test-rmse:0.378686+0.004150 
[306]	train-rmse:0.378457+0.001048	test-rmse:0.378677+0.004153 
[307]	train-rmse:0.378444+0.001042	test-rmse:0.378665+0.004158 
[308]	train-rmse:0.378431+0.001037	test-rmse:0.378652+0.004164 
[309]	train-rmse:0.378413+0.001029	test-rmse:0.378636+0.004172 
[310]	train-rmse:0.378404+0.001034	test-rmse:0.378627+0.004165 
[311]	train-rmse:0.378387+0.001039	test-rmse:0.378611+0.004161 
[312]	train-rmse:0.378369+0.001041	test-rmse:0.378594+0.004160 
[313]	train-rmse:0.378347+0.001041	test-rmse:0.378574+0.004160 
[314]	train-rmse:0.378326+0.001041	test-rmse:0.378553+0.004160 
[315]	train-rmse:0.378317+0.001039	test-rmse:0.378545+0.004161 
[316]	train-rmse:0.378308+0.001045	test-rmse:0.378537+0.004156 
[317]	train-rmse:0.378286+0.001045	test-rmse:0.378516+0.004156 
[318]	train-rmse:0.378268+0.001043	test-rmse:0.378499+0.004156 
[319]	train-rmse:0.378255+0.001047	test-rmse:0.378487+0.004152 
[320]	train-rmse:0.378242+0.001043	test-rmse:0.378475+0.004156 
[321]	train-rmse:0.378229+0.001050	test-rmse:0.378463+0.004151 
[322]	train-rmse:0.378216+0.001052	test-rmse:0.378450+0.004150 
[323]	train-rmse:0.378207+0.001046	test-rmse:0.378442+0.004157 
[324]	train-rmse:0.378190+0.001047	test-rmse:0.378426+0.004154 
[325]	train-rmse:0.378172+0.001050	test-rmse:0.378409+0.004153 
[326]	train-rmse:0.378159+0.001050	test-rmse:0.378397+0.004150 
[327]	train-rmse:0.378146+0.001054	test-rmse:0.378384+0.004146 
[328]	train-rmse:0.378132+0.001056	test-rmse:0.378372+0.004145 
[329]	train-rmse:0.378119+0.001056	test-rmse:0.378359+0.004142 
[330]	train-rmse:0.378097+0.001056	test-rmse:0.378338+0.004142 
[331]	train-rmse:0.378080+0.001058	test-rmse:0.378322+0.004141 
[332]	train-rmse:0.378062+0.001050	test-rmse:0.378305+0.004148 
[333]	train-rmse:0.378054+0.001043	test-rmse:0.378297+0.004153 
[334]	train-rmse:0.378040+0.001045	test-rmse:0.378285+0.004153 
[335]	train-rmse:0.378027+0.001049	test-rmse:0.378272+0.004149 
[336]	train-rmse:0.378010+0.001048	test-rmse:0.378256+0.004150 
[337]	train-rmse:0.377993+0.001052	test-rmse:0.378240+0.004146 
[338]	train-rmse:0.377975+0.001051	test-rmse:0.378223+0.004146 
[339]	train-rmse:0.377971+0.001047	test-rmse:0.378218+0.004150 
[340]	train-rmse:0.377962+0.001041	test-rmse:0.378210+0.004157 
[341]	train-rmse:0.377949+0.001036	test-rmse:0.378198+0.004163 
[342]	train-rmse:0.377927+0.001036	test-rmse:0.378177+0.004163 
[343]	train-rmse:0.377909+0.001028	test-rmse:0.378161+0.004171 
[344]	train-rmse:0.377896+0.001035	test-rmse:0.378149+0.004165 
[345]	train-rmse:0.377883+0.001030	test-rmse:0.378136+0.004172 
[346]	train-rmse:0.377869+0.001037	test-rmse:0.378124+0.004167 
[347]	train-rmse:0.377852+0.001038	test-rmse:0.378107+0.004164 
[348]	train-rmse:0.377835+0.001042	test-rmse:0.378091+0.004160 
[349]	train-rmse:0.377826+0.001040	test-rmse:0.378082+0.004160 
[350]	train-rmse:0.377809+0.001032	test-rmse:0.378066+0.004168 
[351]	train-rmse:0.377787+0.001032	test-rmse:0.378046+0.004168 
[352]	train-rmse:0.377778+0.001038	test-rmse:0.378038+0.004163 
[353]	train-rmse:0.377769+0.001032	test-rmse:0.378029+0.004170 
[354]	train-rmse:0.377751+0.001032	test-rmse:0.378013+0.004171 
[355]	train-rmse:0.377729+0.001031	test-rmse:0.377992+0.004171 
[356]	train-rmse:0.377721+0.001036	test-rmse:0.377983+0.004164 
[357]	train-rmse:0.377712+0.001045	test-rmse:0.377975+0.004156 
[358]	train-rmse:0.377703+0.001050	test-rmse:0.377966+0.004149 
[359]	train-rmse:0.377690+0.001043	test-rmse:0.377954+0.004153 
[360]	train-rmse:0.377672+0.001042	test-rmse:0.377937+0.004153 
[361]	train-rmse:0.377659+0.001034	test-rmse:0.377925+0.004161 
[362]	train-rmse:0.377650+0.001039	test-rmse:0.377916+0.004154 
[363]	train-rmse:0.377646+0.001037	test-rmse:0.377912+0.004155 
[364]	train-rmse:0.377637+0.001042	test-rmse:0.377904+0.004148 
[365]	train-rmse:0.377633+0.001038	test-rmse:0.377899+0.004152 
[366]	train-rmse:0.377611+0.001038	test-rmse:0.377879+0.004152 
[367]	train-rmse:0.377594+0.001030	test-rmse:0.377863+0.004159 
[368]	train-rmse:0.377576+0.001032	test-rmse:0.377847+0.004158 
[369]	train-rmse:0.377559+0.001034	test-rmse:0.377830+0.004158 
[370]	train-rmse:0.377545+0.001038	test-rmse:0.377818+0.004154 
[371]	train-rmse:0.377537+0.001047	test-rmse:0.377809+0.004146 
[372]	train-rmse:0.377519+0.001050	test-rmse:0.377793+0.004145 
[373]	train-rmse:0.377502+0.001054	test-rmse:0.377777+0.004140 
[374]	train-rmse:0.377493+0.001050	test-rmse:0.377768+0.004144 
[375]	train-rmse:0.377479+0.001045	test-rmse:0.377756+0.004150 
[376]	train-rmse:0.377471+0.001050	test-rmse:0.377748+0.004144 
[377]	train-rmse:0.377453+0.001054	test-rmse:0.377731+0.004139 
[378]	train-rmse:0.377449+0.001062	test-rmse:0.377727+0.004132 
[379]	train-rmse:0.377440+0.001068	test-rmse:0.377718+0.004127 
[380]	train-rmse:0.377418+0.001068	test-rmse:0.377698+0.004127 
[381]	train-rmse:0.377418+0.001068	test-rmse:0.377698+0.004127 
[382]	train-rmse:0.377400+0.001067	test-rmse:0.377681+0.004127 
[383]	train-rmse:0.377387+0.001071	test-rmse:0.377668+0.004123 
[384]	train-rmse:0.377374+0.001068	test-rmse:0.377656+0.004126 
[385]	train-rmse:0.377356+0.001072	test-rmse:0.377640+0.004122 
[386]	train-rmse:0.377335+0.001072	test-rmse:0.377619+0.004122 
[387]	train-rmse:0.377321+0.001063	test-rmse:0.377607+0.004130 
[388]	train-rmse:0.377312+0.001068	test-rmse:0.377598+0.004123 
[389]	train-rmse:0.377291+0.001068	test-rmse:0.377578+0.004123 
[390]	train-rmse:0.377273+0.001072	test-rmse:0.377562+0.004119 
[391]	train-rmse:0.377260+0.001064	test-rmse:0.377549+0.004127 
[392]	train-rmse:0.377247+0.001057	test-rmse:0.377537+0.004131 
[393]	train-rmse:0.377229+0.001058	test-rmse:0.377520+0.004128 
[394]	train-rmse:0.377221+0.001054	test-rmse:0.377512+0.004132 
[395]	train-rmse:0.377203+0.001057	test-rmse:0.377495+0.004131 
[396]	train-rmse:0.377181+0.001057	test-rmse:0.377475+0.004131 
[397]	train-rmse:0.377173+0.001065	test-rmse:0.377467+0.004123 
[398]	train-rmse:0.377164+0.001061	test-rmse:0.377458+0.004127 
[399]	train-rmse:0.377146+0.001053	test-rmse:0.377442+0.004134 
[400]	train-rmse:0.377138+0.001051	test-rmse:0.377433+0.004134 
[401]	train-rmse:0.377120+0.001056	test-rmse:0.377417+0.004130 
[402]	train-rmse:0.377103+0.001060	test-rmse:0.377401+0.004126 
[403]	train-rmse:0.377086+0.001064	test-rmse:0.377384+0.004122 
[404]	train-rmse:0.377077+0.001058	test-rmse:0.377376+0.004129 
[405]	train-rmse:0.377059+0.001050	test-rmse:0.377359+0.004137 
[406]	train-rmse:0.377041+0.001050	test-rmse:0.377343+0.004138 
[407]	train-rmse:0.377033+0.001044	test-rmse:0.377335+0.004145 
[408]	train-rmse:0.377015+0.001036	test-rmse:0.377318+0.004152 
[409]	train-rmse:0.377002+0.001036	test-rmse:0.377306+0.004149 
[410]	train-rmse:0.376989+0.001030	test-rmse:0.377294+0.004154 
[411]	train-rmse:0.376972+0.001032	test-rmse:0.377277+0.004152 
[412]	train-rmse:0.376963+0.001041	test-rmse:0.377269+0.004144 
[413]	train-rmse:0.376945+0.001033	test-rmse:0.377253+0.004151 
[414]	train-rmse:0.376941+0.001028	test-rmse:0.377248+0.004155 
[415]	train-rmse:0.376923+0.001030	test-rmse:0.377232+0.004152 
[416]	train-rmse:0.376911+0.001033	test-rmse:0.377220+0.004148 
[417]	train-rmse:0.376902+0.001042	test-rmse:0.377211+0.004140 
[418]	train-rmse:0.376889+0.001035	test-rmse:0.377199+0.004144 
[419]	train-rmse:0.376875+0.001042	test-rmse:0.377187+0.004139 
[420]	train-rmse:0.376862+0.001043	test-rmse:0.377175+0.004136 
[421]	train-rmse:0.376841+0.001043	test-rmse:0.377154+0.004136 
[422]	train-rmse:0.376823+0.001042	test-rmse:0.377138+0.004136 
[423]	train-rmse:0.376810+0.001046	test-rmse:0.377126+0.004133 
[424]	train-rmse:0.376797+0.001050	test-rmse:0.377113+0.004129 
[425]	train-rmse:0.376789+0.001049	test-rmse:0.377105+0.004131 
[426]	train-rmse:0.376771+0.001048	test-rmse:0.377089+0.004132 
[427]	train-rmse:0.376758+0.001039	test-rmse:0.377077+0.004140 
[428]	train-rmse:0.376745+0.001031	test-rmse:0.377064+0.004147 
[429]	train-rmse:0.376732+0.001035	test-rmse:0.377052+0.004144 
[430]	train-rmse:0.376723+0.001043	test-rmse:0.377044+0.004136 
[431]	train-rmse:0.376715+0.001051	test-rmse:0.377036+0.004128 
[432]	train-rmse:0.376710+0.001047	test-rmse:0.377031+0.004132 
[433]	train-rmse:0.376701+0.001041	test-rmse:0.377023+0.004139 
[434]	train-rmse:0.376684+0.001043	test-rmse:0.377007+0.004138 
[435]	train-rmse:0.376671+0.001049	test-rmse:0.376994+0.004131 
[436]	train-rmse:0.376649+0.001049	test-rmse:0.376973+0.004131 
[437]	train-rmse:0.376627+0.001049	test-rmse:0.376953+0.004131 
[438]	train-rmse:0.376614+0.001044	test-rmse:0.376941+0.004137 
[439]	train-rmse:0.376596+0.001048	test-rmse:0.376924+0.004133 
[440]	train-rmse:0.376588+0.001044	test-rmse:0.376916+0.004137 
[441]	train-rmse:0.376579+0.001044	test-rmse:0.376908+0.004139 
[442]	train-rmse:0.376566+0.001045	test-rmse:0.376895+0.004139 
[443]	train-rmse:0.376548+0.001045	test-rmse:0.376879+0.004139 
[444]	train-rmse:0.376535+0.001036	test-rmse:0.376867+0.004147 
[445]	train-rmse:0.376522+0.001037	test-rmse:0.376854+0.004144 
[446]	train-rmse:0.376509+0.001033	test-rmse:0.376842+0.004148 
[447]	train-rmse:0.376500+0.001026	test-rmse:0.376833+0.004153 
[448]	train-rmse:0.376479+0.001026	test-rmse:0.376814+0.004152 
[449]	train-rmse:0.376466+0.001030	test-rmse:0.376801+0.004148 
[450]	train-rmse:0.376453+0.001037	test-rmse:0.376789+0.004143 
[451]	train-rmse:0.376440+0.001038	test-rmse:0.376776+0.004140 
[452]	train-rmse:0.376431+0.001044	test-rmse:0.376768+0.004135 
[453]	train-rmse:0.376418+0.001045	test-rmse:0.376755+0.004133 
[454]	train-rmse:0.376400+0.001049	test-rmse:0.376739+0.004129 
[455]	train-rmse:0.376387+0.001056	test-rmse:0.376726+0.004124 
[456]	train-rmse:0.376374+0.001062	test-rmse:0.376714+0.004116 
[457]	train-rmse:0.376370+0.001057	test-rmse:0.376710+0.004120 
[458]	train-rmse:0.376361+0.001055	test-rmse:0.376701+0.004120 
[459]	train-rmse:0.376344+0.001058	test-rmse:0.376685+0.004120 
[460]	train-rmse:0.376326+0.001062	test-rmse:0.376669+0.004115 
[461]	train-rmse:0.376317+0.001061	test-rmse:0.376661+0.004118 
[462]	train-rmse:0.376304+0.001063	test-rmse:0.376649+0.004118 
[463]	train-rmse:0.376283+0.001063	test-rmse:0.376629+0.004118 
[464]	train-rmse:0.376265+0.001055	test-rmse:0.376612+0.004125 
[465]	train-rmse:0.376248+0.001058	test-rmse:0.376596+0.004124 
[466]	train-rmse:0.376243+0.001054	test-rmse:0.376591+0.004128 
[467]	train-rmse:0.376230+0.001045	test-rmse:0.376579+0.004136 
[468]	train-rmse:0.376217+0.001050	test-rmse:0.376567+0.004129 
[469]	train-rmse:0.376208+0.001056	test-rmse:0.376558+0.004122 
[470]	train-rmse:0.376191+0.001060	test-rmse:0.376542+0.004117 
[471]	train-rmse:0.376178+0.001063	test-rmse:0.376529+0.004114 
[472]	train-rmse:0.376165+0.001065	test-rmse:0.376517+0.004114 
[473]	train-rmse:0.376152+0.001060	test-rmse:0.376505+0.004120 
[474]	train-rmse:0.376139+0.001066	test-rmse:0.376493+0.004113 
[475]	train-rmse:0.376134+0.001065	test-rmse:0.376489+0.004116 
[476]	train-rmse:0.376121+0.001068	test-rmse:0.376476+0.004113 
[477]	train-rmse:0.376100+0.001068	test-rmse:0.376456+0.004113 
[478]	train-rmse:0.376091+0.001062	test-rmse:0.376448+0.004120 
[479]	train-rmse:0.376074+0.001066	test-rmse:0.376432+0.004115 
[480]	train-rmse:0.376061+0.001063	test-rmse:0.376420+0.004119 
[481]	train-rmse:0.376052+0.001066	test-rmse:0.376411+0.004115 
[482]	train-rmse:0.376039+0.001070	test-rmse:0.376399+0.004111 
[483]	train-rmse:0.376026+0.001065	test-rmse:0.376387+0.004118 
[484]	train-rmse:0.376013+0.001070	test-rmse:0.376375+0.004111 
[485]	train-rmse:0.375995+0.001073	test-rmse:0.376358+0.004110 
[486]	train-rmse:0.375987+0.001069	test-rmse:0.376350+0.004113 
[487]	train-rmse:0.375978+0.001074	test-rmse:0.376342+0.004107 
[488]	train-rmse:0.375969+0.001082	test-rmse:0.376334+0.004099 
[489]	train-rmse:0.375956+0.001086	test-rmse:0.376321+0.004095 
[490]	train-rmse:0.375939+0.001086	test-rmse:0.376305+0.004095 
[491]	train-rmse:0.375917+0.001085	test-rmse:0.376285+0.004095 
[492]	train-rmse:0.375913+0.001081	test-rmse:0.376281+0.004098 
[493]	train-rmse:0.375900+0.001073	test-rmse:0.376268+0.004107 
[494]	train-rmse:0.375878+0.001073	test-rmse:0.376248+0.004106 
[495]	train-rmse:0.375869+0.001072	test-rmse:0.376240+0.004109 
[496]	train-rmse:0.375856+0.001074	test-rmse:0.376228+0.004108 
[497]	train-rmse:0.375848+0.001072	test-rmse:0.376220+0.004109 
[498]	train-rmse:0.375826+0.001072	test-rmse:0.376199+0.004108 
[499]	train-rmse:0.375813+0.001065	test-rmse:0.376186+0.004112 
[500]	train-rmse:0.375805+0.001069	test-rmse:0.376178+0.004109 
[501]	train-rmse:0.375792+0.001076	test-rmse:0.376166+0.004104 
[502]	train-rmse:0.375783+0.001070	test-rmse:0.376158+0.004111 
[503]	train-rmse:0.375770+0.001075	test-rmse:0.376146+0.004104 
[504]	train-rmse:0.375761+0.001075	test-rmse:0.376138+0.004107 
[505]	train-rmse:0.375748+0.001066	test-rmse:0.376126+0.004115 
[506]	train-rmse:0.375735+0.001067	test-rmse:0.376113+0.004112 
[507]	train-rmse:0.375718+0.001068	test-rmse:0.376097+0.004109 
[508]	train-rmse:0.375709+0.001062	test-rmse:0.376089+0.004116 
[509]	train-rmse:0.375709+0.001062	test-rmse:0.376089+0.004116 
[510]	train-rmse:0.375687+0.001062	test-rmse:0.376068+0.004116 
[511]	train-rmse:0.375674+0.001057	test-rmse:0.376056+0.004123 
[512]	train-rmse:0.375665+0.001064	test-rmse:0.376048+0.004118 
[513]	train-rmse:0.375652+0.001069	test-rmse:0.376036+0.004111 
[514]	train-rmse:0.375639+0.001061	test-rmse:0.376023+0.004119 
[515]	train-rmse:0.375626+0.001056	test-rmse:0.376011+0.004125 
[516]	train-rmse:0.375613+0.001063	test-rmse:0.375999+0.004120 
[517]	train-rmse:0.375605+0.001067	test-rmse:0.375991+0.004116 
[518]	train-rmse:0.375596+0.001059	test-rmse:0.375982+0.004121 
[519]	train-rmse:0.375583+0.001063	test-rmse:0.375970+0.004117 
[520]	train-rmse:0.375570+0.001059	test-rmse:0.375958+0.004121 
[521]	train-rmse:0.375548+0.001059	test-rmse:0.375938+0.004121 
[522]	train-rmse:0.375536+0.001063	test-rmse:0.375925+0.004117 
[523]	train-rmse:0.375523+0.001059	test-rmse:0.375913+0.004120 
[524]	train-rmse:0.375514+0.001057	test-rmse:0.375905+0.004120 
[525]	train-rmse:0.375505+0.001054	test-rmse:0.375897+0.004121 
[526]	train-rmse:0.375501+0.001050	test-rmse:0.375892+0.004125 
> hgrid <-
+   dplyr::bind_cols(xgboost_params[index, ], dart.cv$evaluation_log[dart.cv$best_iteration, ], best_iter = dart.cv$best_iteration)
> 
> # write result
> fname <- file.path('data-raw', 'tune', year, 'array', paste0('tune_', index, '.tsv'))
> readr::write_tsv(hgrid, file = fname)
> 
