> 
> # parse arguments
> args <- R.utils::commandArgs(trailingOnly = FALSE, asValues = TRUE)
> index <- as.integer(args$index)
> year <- as.character(args$year)
> nreps <- as.integer(args$nreps)
> seed <- as.integer(args$seed)
> 
> # get number of cores
> wkrs <- length(future::availableWorkers())
> 
> # set seed
> set.seed(seed)
> 
> # read and prepare the cluster features
> fp <- file.path('data-raw', 'features', year)
> clf <-
+   read_features(fp, pattern = 'paris.', recursive = FALSE)
> clf <- prepare_features(
+   clf,
+   feature_map = feature_map,
+   category = c('response', 'bio', 'net'),
+   type = 'list',
+   exclusions = c(
+     'mg2_pairs_count',
+     'mg2_not_pairs_count',
+     'mg2_portion_families_recovered',
+     'cluster_origin',
+     'bocc_origin',
+     'cluster_method',
+     'subcluster_method',
+     'year',
+     'IDs',
+     'go_sig_threshold',
+     'num_new_edges_on_any_node',
+     'HPO_ratio'
+   ),
+   verbose = TRUE
+ )
c('HPO_ratio', 'IDs', 'bocc_origin', 'cluster_method', 'cluster_origin', 'go_sig_threshold', 'max_norm_cell_type_comma_sep_string', 'max_norm_disease_comma_sep_string', 'mg2_not_pairs_count', 'mg2_pairs_count', 'mg2_portion_families_recovered', 'num_new_edges_on_any_node', 'sig_go_enrichment_fdr_corrected_p_vals', 'sig_go_enrichment_p_vals', 'sig_go_enrichment_terms', 'subcluster_method', 'year')

> 
> # prepare grid of parameters
> xgboost_params <- dials::parameters(
+   nrounds = dials::trees(),
+   eta = dials::learn_rate(),
+   gamma = dials::loss_reduction(),
+   dials::tree_depth(),
+   subsample = dials::sample_prop(),
+   rate_drop = dials::dropout(),
+   skip_drop = dials::dropout()
+ )
> xgboost_params <-
+   dials::grid_max_entropy(xgboost_params, size = nreps)
> 
> # tune the dart booster
> dart.param <-
+   list(
+     booster = "dart",
+     objective = "reg:logistic",
+     eval_metric = "rmse",
+     nthread = wkrs,
+     max_depth = xgboost_params$tree_depth[index],
+     eta = xgboost_params$eta[index],
+     gamma = xgboost_params$gamma[index],
+     subsample = xgboost_params$subsample[index],
+     rate_drop = xgboost_params$rate_drop[index],
+     skip_drop = xgboost_params$skip_drop[index]
+   )
> dart.cv <- xgboost::xgb.cv(
+   params = dart.param,
+   nrounds = xgboost_params$nrounds[index],
+   data = as.matrix(clf[, -1]),
+   nfold = 5,
+   label = clf$snowballing_pvalue,
+   early_stopping_rounds = 50
+ )
[1]	train-rmse:0.367769+0.001031	test-rmse:0.367843+0.004226 
Multiple eval metrics are present. Will use test_rmse for early stopping.
Will train until test_rmse hasn't improved in 50 rounds.

[2]	train-rmse:0.354511+0.001203	test-rmse:0.354633+0.003928 
[3]	train-rmse:0.342341+0.000900	test-rmse:0.342555+0.004353 
[4]	train-rmse:0.333685+0.003350	test-rmse:0.333912+0.005253 
[5]	train-rmse:0.326903+0.005563	test-rmse:0.327141+0.006544 
[6]	train-rmse:0.320988+0.007454	test-rmse:0.321105+0.009510 
[7]	train-rmse:0.316491+0.007741	test-rmse:0.316697+0.010657 
[8]	train-rmse:0.313375+0.008137	test-rmse:0.313557+0.011545 
[9]	train-rmse:0.309800+0.009484	test-rmse:0.309982+0.013348 
[10]	train-rmse:0.306375+0.010547	test-rmse:0.306689+0.014638 
[11]	train-rmse:0.303228+0.009631	test-rmse:0.303647+0.014007 
[12]	train-rmse:0.300006+0.009797	test-rmse:0.300428+0.013396 
[13]	train-rmse:0.296063+0.010984	test-rmse:0.296499+0.014850 
[14]	train-rmse:0.293596+0.011148	test-rmse:0.294014+0.014217 
[15]	train-rmse:0.290124+0.012952	test-rmse:0.290484+0.016355 
[16]	train-rmse:0.287512+0.009843	test-rmse:0.288082+0.014000 
[17]	train-rmse:0.285463+0.011604	test-rmse:0.285987+0.015839 
[18]	train-rmse:0.284811+0.011356	test-rmse:0.285373+0.015659 
[19]	train-rmse:0.282601+0.009390	test-rmse:0.283369+0.014135 
[20]	train-rmse:0.280418+0.008385	test-rmse:0.281370+0.013304 
[21]	train-rmse:0.279795+0.008380	test-rmse:0.280770+0.013322 
[22]	train-rmse:0.279213+0.008333	test-rmse:0.280199+0.013258 
[23]	train-rmse:0.277526+0.008452	test-rmse:0.278491+0.012546 
[24]	train-rmse:0.275914+0.008047	test-rmse:0.277055+0.011860 
[25]	train-rmse:0.274516+0.008454	test-rmse:0.275665+0.011433 
[26]	train-rmse:0.273993+0.008369	test-rmse:0.275154+0.011428 
[27]	train-rmse:0.273633+0.008354	test-rmse:0.274816+0.011424 
[28]	train-rmse:0.273253+0.008267	test-rmse:0.274451+0.011333 
[29]	train-rmse:0.272895+0.008160	test-rmse:0.274110+0.011237 
[30]	train-rmse:0.270695+0.009972	test-rmse:0.271859+0.012589 
[31]	train-rmse:0.270429+0.009905	test-rmse:0.271596+0.012532 
[32]	train-rmse:0.268518+0.011718	test-rmse:0.269682+0.014092 
[33]	train-rmse:0.266501+0.012173	test-rmse:0.267780+0.013646 
[34]	train-rmse:0.262763+0.012861	test-rmse:0.264184+0.014378 
[35]	train-rmse:0.261722+0.012970	test-rmse:0.263196+0.014083 
[36]	train-rmse:0.261491+0.012870	test-rmse:0.262970+0.013997 
[37]	train-rmse:0.260130+0.010928	test-rmse:0.261625+0.012166 
[38]	train-rmse:0.259113+0.011715	test-rmse:0.260650+0.012351 
[39]	train-rmse:0.256174+0.009608	test-rmse:0.257748+0.011563 
[40]	train-rmse:0.256016+0.009558	test-rmse:0.257596+0.011513 
[41]	train-rmse:0.254373+0.009161	test-rmse:0.255987+0.010575 
[42]	train-rmse:0.253040+0.009054	test-rmse:0.254681+0.010652 
[43]	train-rmse:0.252345+0.009451	test-rmse:0.253962+0.011527 
[44]	train-rmse:0.251297+0.008313	test-rmse:0.252938+0.010566 
[45]	train-rmse:0.251157+0.008256	test-rmse:0.252799+0.010543 
[46]	train-rmse:0.250320+0.007750	test-rmse:0.251899+0.010590 
[47]	train-rmse:0.249461+0.006889	test-rmse:0.251078+0.009942 
[48]	train-rmse:0.248609+0.006307	test-rmse:0.250242+0.009482 
[49]	train-rmse:0.247913+0.005844	test-rmse:0.249580+0.009601 
[50]	train-rmse:0.247829+0.005813	test-rmse:0.249503+0.009582 
[51]	train-rmse:0.246506+0.005726	test-rmse:0.248204+0.009880 
[52]	train-rmse:0.246027+0.006261	test-rmse:0.247763+0.009845 
[53]	train-rmse:0.245944+0.006222	test-rmse:0.247686+0.009811 
[54]	train-rmse:0.244760+0.006866	test-rmse:0.246555+0.009761 
[55]	train-rmse:0.243907+0.007100	test-rmse:0.245769+0.009823 
[56]	train-rmse:0.243349+0.007763	test-rmse:0.245229+0.009913 
[57]	train-rmse:0.243273+0.007722	test-rmse:0.245163+0.009888 
[58]	train-rmse:0.241630+0.008036	test-rmse:0.243443+0.010185 
[59]	train-rmse:0.241172+0.008596	test-rmse:0.242942+0.010345 
[60]	train-rmse:0.241119+0.008578	test-rmse:0.242887+0.010337 
[61]	train-rmse:0.240354+0.008174	test-rmse:0.242056+0.010491 
[62]	train-rmse:0.239162+0.007172	test-rmse:0.240949+0.009857 
[63]	train-rmse:0.238667+0.007256	test-rmse:0.240430+0.010422 
[64]	train-rmse:0.238625+0.007242	test-rmse:0.240394+0.010421 
[65]	train-rmse:0.238367+0.007527	test-rmse:0.240124+0.010469 
[66]	train-rmse:0.238332+0.007511	test-rmse:0.240089+0.010465 
[67]	train-rmse:0.237965+0.008005	test-rmse:0.239774+0.010578 
[68]	train-rmse:0.237914+0.007988	test-rmse:0.239727+0.010574 
[69]	train-rmse:0.237213+0.007147	test-rmse:0.239128+0.009577 
[70]	train-rmse:0.236399+0.006357	test-rmse:0.238407+0.008385 
[71]	train-rmse:0.236042+0.006321	test-rmse:0.238044+0.008325 
[72]	train-rmse:0.235529+0.005867	test-rmse:0.237553+0.008374 
[73]	train-rmse:0.235096+0.005915	test-rmse:0.237144+0.008362 
[74]	train-rmse:0.235055+0.005900	test-rmse:0.237106+0.008356 
[75]	train-rmse:0.235032+0.005881	test-rmse:0.237085+0.008350 
[76]	train-rmse:0.234994+0.005869	test-rmse:0.237046+0.008359 
[77]	train-rmse:0.234963+0.005862	test-rmse:0.237017+0.008352 
[78]	train-rmse:0.234047+0.005574	test-rmse:0.236124+0.007253 
[79]	train-rmse:0.233532+0.005340	test-rmse:0.235734+0.006610 
[80]	train-rmse:0.232989+0.005291	test-rmse:0.235242+0.005828 
[81]	train-rmse:0.232537+0.004752	test-rmse:0.234807+0.005895 
[82]	train-rmse:0.232191+0.004413	test-rmse:0.234479+0.006010 
[83]	train-rmse:0.231642+0.004431	test-rmse:0.233889+0.006601 
[84]	train-rmse:0.230985+0.004814	test-rmse:0.233287+0.006535 
[85]	train-rmse:0.230554+0.004670	test-rmse:0.232771+0.007258 
[86]	train-rmse:0.229957+0.004604	test-rmse:0.232305+0.006565 
[87]	train-rmse:0.229683+0.005052	test-rmse:0.232037+0.006595 
[88]	train-rmse:0.229660+0.005044	test-rmse:0.232014+0.006609 
[89]	train-rmse:0.229317+0.004984	test-rmse:0.231578+0.007285 
[90]	train-rmse:0.229305+0.004977	test-rmse:0.231566+0.007285 
[91]	train-rmse:0.229296+0.004971	test-rmse:0.231555+0.007286 
[92]	train-rmse:0.229289+0.004965	test-rmse:0.231549+0.007286 
[93]	train-rmse:0.228869+0.005032	test-rmse:0.231246+0.006869 
[94]	train-rmse:0.228610+0.005137	test-rmse:0.231039+0.006614 
[95]	train-rmse:0.228129+0.004984	test-rmse:0.230515+0.006446 
[96]	train-rmse:0.228112+0.004980	test-rmse:0.230501+0.006447 
[97]	train-rmse:0.228101+0.004974	test-rmse:0.230490+0.006451 
[98]	train-rmse:0.227698+0.004389	test-rmse:0.230064+0.006456 
[99]	train-rmse:0.227690+0.004386	test-rmse:0.230059+0.006450 
[100]	train-rmse:0.227517+0.004641	test-rmse:0.229837+0.006449 
[101]	train-rmse:0.227258+0.004564	test-rmse:0.229568+0.006863 
[102]	train-rmse:0.227022+0.004538	test-rmse:0.229334+0.007245 
[103]	train-rmse:0.227014+0.004535	test-rmse:0.229327+0.007241 
[104]	train-rmse:0.227002+0.004536	test-rmse:0.229319+0.007245 
[105]	train-rmse:0.226656+0.005085	test-rmse:0.228971+0.007273 
[106]	train-rmse:0.226650+0.005084	test-rmse:0.228966+0.007274 
[107]	train-rmse:0.226639+0.005079	test-rmse:0.228957+0.007272 
[108]	train-rmse:0.226325+0.004986	test-rmse:0.228657+0.007196 
[109]	train-rmse:0.226097+0.005356	test-rmse:0.228427+0.007238 
[110]	train-rmse:0.226090+0.005355	test-rmse:0.228423+0.007241 
[111]	train-rmse:0.225694+0.005438	test-rmse:0.228095+0.006753 
[112]	train-rmse:0.225678+0.005429	test-rmse:0.228081+0.006748 
[113]	train-rmse:0.224987+0.005526	test-rmse:0.227496+0.006328 
[114]	train-rmse:0.224673+0.005717	test-rmse:0.227224+0.005954 
[115]	train-rmse:0.224437+0.005896	test-rmse:0.227105+0.005798 
[116]	train-rmse:0.224436+0.005892	test-rmse:0.227103+0.005797 
[117]	train-rmse:0.223436+0.005444	test-rmse:0.226243+0.005692 
[118]	train-rmse:0.223429+0.005445	test-rmse:0.226236+0.005693 
[119]	train-rmse:0.222930+0.004752	test-rmse:0.225796+0.005713 
[120]	train-rmse:0.222929+0.004750	test-rmse:0.225795+0.005711 
[121]	train-rmse:0.222377+0.004611	test-rmse:0.225358+0.005793 
[122]	train-rmse:0.222042+0.004574	test-rmse:0.225031+0.005754 
[123]	train-rmse:0.221856+0.004855	test-rmse:0.224855+0.005771 
[124]	train-rmse:0.221780+0.004965	test-rmse:0.224758+0.005793 
[125]	train-rmse:0.221500+0.004992	test-rmse:0.224543+0.005793 
[126]	train-rmse:0.221329+0.004808	test-rmse:0.224388+0.005833 
[127]	train-rmse:0.221326+0.004802	test-rmse:0.224384+0.005837 
[128]	train-rmse:0.221183+0.004644	test-rmse:0.224274+0.005981 
[129]	train-rmse:0.220827+0.004453	test-rmse:0.223958+0.006078 
[130]	train-rmse:0.220583+0.004268	test-rmse:0.223701+0.006200 
[131]	train-rmse:0.220584+0.004265	test-rmse:0.223704+0.006202 
[132]	train-rmse:0.220583+0.004258	test-rmse:0.223700+0.006206 
[133]	train-rmse:0.220312+0.004295	test-rmse:0.223511+0.006211 
[134]	train-rmse:0.219922+0.004177	test-rmse:0.223098+0.006188 
[135]	train-rmse:0.219924+0.004175	test-rmse:0.223100+0.006187 
[136]	train-rmse:0.219800+0.004225	test-rmse:0.222990+0.005985 
[137]	train-rmse:0.219799+0.004220	test-rmse:0.222988+0.005983 
[138]	train-rmse:0.219303+0.004410	test-rmse:0.222536+0.005643 
[139]	train-rmse:0.218983+0.004719	test-rmse:0.222250+0.005429 
[140]	train-rmse:0.218584+0.004841	test-rmse:0.221908+0.005076 
[141]	train-rmse:0.218586+0.004840	test-rmse:0.221909+0.005072 
[142]	train-rmse:0.218334+0.005077	test-rmse:0.221691+0.004678 
[143]	train-rmse:0.218172+0.005249	test-rmse:0.221585+0.004493 
[144]	train-rmse:0.217876+0.004821	test-rmse:0.221213+0.004968 
[145]	train-rmse:0.217712+0.005004	test-rmse:0.220968+0.004943 
[146]	train-rmse:0.217715+0.005001	test-rmse:0.220971+0.004947 
[147]	train-rmse:0.217394+0.004684	test-rmse:0.220704+0.005191 
[148]	train-rmse:0.217222+0.004891	test-rmse:0.220538+0.005192 
[149]	train-rmse:0.217119+0.004878	test-rmse:0.220425+0.005171 
[150]	train-rmse:0.216872+0.005130	test-rmse:0.220212+0.004811 
[151]	train-rmse:0.216874+0.005129	test-rmse:0.220214+0.004811 
[152]	train-rmse:0.216719+0.005305	test-rmse:0.220124+0.004669 
[153]	train-rmse:0.216511+0.005296	test-rmse:0.219828+0.004631 
[154]	train-rmse:0.216513+0.005292	test-rmse:0.219827+0.004638 
[155]	train-rmse:0.216449+0.005363	test-rmse:0.219777+0.004551 
[156]	train-rmse:0.216453+0.005362	test-rmse:0.219781+0.004550 
[157]	train-rmse:0.216454+0.005360	test-rmse:0.219783+0.004552 
[158]	train-rmse:0.216458+0.005359	test-rmse:0.219788+0.004553 
[159]	train-rmse:0.216214+0.005187	test-rmse:0.219506+0.004732 
[160]	train-rmse:0.216220+0.005185	test-rmse:0.219511+0.004733 
[161]	train-rmse:0.216217+0.005181	test-rmse:0.219508+0.004739 
[162]	train-rmse:0.215700+0.005409	test-rmse:0.219060+0.004542 
[163]	train-rmse:0.215701+0.005406	test-rmse:0.219062+0.004544 
[164]	train-rmse:0.215520+0.005127	test-rmse:0.218827+0.004852 
[165]	train-rmse:0.215320+0.004838	test-rmse:0.218549+0.005229 
[166]	train-rmse:0.215325+0.004837	test-rmse:0.218555+0.005229 
[167]	train-rmse:0.215327+0.004834	test-rmse:0.218558+0.005229 
[168]	train-rmse:0.215218+0.004992	test-rmse:0.218494+0.005125 
[169]	train-rmse:0.215142+0.004979	test-rmse:0.218392+0.005100 
[170]	train-rmse:0.215020+0.005082	test-rmse:0.218267+0.005061 
[171]	train-rmse:0.215025+0.005081	test-rmse:0.218271+0.005061 
[172]	train-rmse:0.214939+0.005025	test-rmse:0.218196+0.005117 
[173]	train-rmse:0.214416+0.004410	test-rmse:0.217754+0.005664 
[174]	train-rmse:0.214420+0.004410	test-rmse:0.217757+0.005664 
[175]	train-rmse:0.214422+0.004410	test-rmse:0.217759+0.005663 
[176]	train-rmse:0.214361+0.004370	test-rmse:0.217708+0.005701 
[177]	train-rmse:0.214365+0.004368	test-rmse:0.217710+0.005702 
[178]	train-rmse:0.214134+0.004071	test-rmse:0.217432+0.006115 
[179]	train-rmse:0.213968+0.003880	test-rmse:0.217267+0.006368 
[180]	train-rmse:0.213977+0.003875	test-rmse:0.217274+0.006370 
[181]	train-rmse:0.213979+0.003872	test-rmse:0.217276+0.006372 
[182]	train-rmse:0.213773+0.003736	test-rmse:0.217070+0.006500 
[183]	train-rmse:0.213776+0.003736	test-rmse:0.217075+0.006502 
[184]	train-rmse:0.213773+0.003727	test-rmse:0.217051+0.006543 
[185]	train-rmse:0.213784+0.003722	test-rmse:0.217059+0.006544 
[186]	train-rmse:0.213786+0.003723	test-rmse:0.217062+0.006542 
[187]	train-rmse:0.213545+0.003949	test-rmse:0.216815+0.006459 
[188]	train-rmse:0.213549+0.003946	test-rmse:0.216818+0.006461 
[189]	train-rmse:0.213548+0.003945	test-rmse:0.216819+0.006460 
[190]	train-rmse:0.213552+0.003943	test-rmse:0.216824+0.006461 
[191]	train-rmse:0.213394+0.003851	test-rmse:0.216730+0.006528 
[192]	train-rmse:0.213182+0.003986	test-rmse:0.216559+0.006513 
[193]	train-rmse:0.213183+0.003985	test-rmse:0.216562+0.006513 
[194]	train-rmse:0.213008+0.003916	test-rmse:0.216457+0.006588 
[195]	train-rmse:0.213012+0.003916	test-rmse:0.216461+0.006587 
[196]	train-rmse:0.212717+0.003751	test-rmse:0.216282+0.006784 
[197]	train-rmse:0.212721+0.003750	test-rmse:0.216286+0.006784 
[198]	train-rmse:0.212534+0.003844	test-rmse:0.216133+0.006770 
[199]	train-rmse:0.212207+0.003720	test-rmse:0.215871+0.006896 
[200]	train-rmse:0.212208+0.003721	test-rmse:0.215873+0.006895 
[201]	train-rmse:0.212210+0.003721	test-rmse:0.215873+0.006896 
[202]	train-rmse:0.212214+0.003721	test-rmse:0.215878+0.006896 
[203]	train-rmse:0.212080+0.003667	test-rmse:0.215772+0.006968 
[204]	train-rmse:0.212084+0.003667	test-rmse:0.215776+0.006967 
[205]	train-rmse:0.212087+0.003667	test-rmse:0.215777+0.006966 
[206]	train-rmse:0.212019+0.003599	test-rmse:0.215724+0.007046 
[207]	train-rmse:0.212021+0.003598	test-rmse:0.215725+0.007046 
[208]	train-rmse:0.211863+0.003823	test-rmse:0.215555+0.006806 
[209]	train-rmse:0.211735+0.003688	test-rmse:0.215389+0.006719 
[210]	train-rmse:0.211669+0.003621	test-rmse:0.215315+0.006686 
[211]	train-rmse:0.211673+0.003622	test-rmse:0.215318+0.006685 
[212]	train-rmse:0.211616+0.003596	test-rmse:0.215240+0.006740 
[213]	train-rmse:0.211468+0.003764	test-rmse:0.215205+0.006704 
[214]	train-rmse:0.211090+0.003709	test-rmse:0.214869+0.006462 
[215]	train-rmse:0.210910+0.003598	test-rmse:0.214704+0.006417 
[216]	train-rmse:0.210913+0.003598	test-rmse:0.214707+0.006417 
[217]	train-rmse:0.210919+0.003592	test-rmse:0.214716+0.006426 
[218]	train-rmse:0.210922+0.003591	test-rmse:0.214718+0.006426 
[219]	train-rmse:0.210925+0.003591	test-rmse:0.214720+0.006424 
[220]	train-rmse:0.210500+0.003263	test-rmse:0.214328+0.006626 
[221]	train-rmse:0.210345+0.003183	test-rmse:0.214209+0.006710 
[222]	train-rmse:0.210239+0.003268	test-rmse:0.214137+0.006679 
[223]	train-rmse:0.210006+0.003182	test-rmse:0.213943+0.006652 
[224]	train-rmse:0.209809+0.003214	test-rmse:0.213807+0.006637 
[225]	train-rmse:0.209532+0.003152	test-rmse:0.213612+0.006713 
[226]	train-rmse:0.209478+0.003076	test-rmse:0.213580+0.006760 
[227]	train-rmse:0.209484+0.003076	test-rmse:0.213584+0.006760 
[228]	train-rmse:0.209491+0.003081	test-rmse:0.213576+0.006775 
[229]	train-rmse:0.209501+0.003075	test-rmse:0.213585+0.006778 
[230]	train-rmse:0.209505+0.003074	test-rmse:0.213589+0.006778 
[231]	train-rmse:0.209508+0.003076	test-rmse:0.213592+0.006776 
[232]	train-rmse:0.209510+0.003076	test-rmse:0.213597+0.006776 
[233]	train-rmse:0.209379+0.003064	test-rmse:0.213485+0.006776 
[234]	train-rmse:0.209135+0.002911	test-rmse:0.213282+0.006918 
[235]	train-rmse:0.208805+0.003107	test-rmse:0.213094+0.006743 
[236]	train-rmse:0.208809+0.003106	test-rmse:0.213098+0.006743 
[237]	train-rmse:0.208822+0.003096	test-rmse:0.213117+0.006758 
[238]	train-rmse:0.208824+0.003096	test-rmse:0.213119+0.006758 
[239]	train-rmse:0.208832+0.003088	test-rmse:0.213128+0.006770 
[240]	train-rmse:0.208748+0.003225	test-rmse:0.213047+0.006629 
[241]	train-rmse:0.208751+0.003225	test-rmse:0.213050+0.006630 
[242]	train-rmse:0.208626+0.003205	test-rmse:0.212957+0.006630 
[243]	train-rmse:0.208483+0.002998	test-rmse:0.212801+0.006856 
[244]	train-rmse:0.208487+0.002998	test-rmse:0.212804+0.006854 
[245]	train-rmse:0.208490+0.002998	test-rmse:0.212807+0.006855 
[246]	train-rmse:0.208492+0.002998	test-rmse:0.212809+0.006854 
[247]	train-rmse:0.208306+0.003139	test-rmse:0.212649+0.006734 
[248]	train-rmse:0.208310+0.003139	test-rmse:0.212652+0.006734 
[249]	train-rmse:0.208110+0.002876	test-rmse:0.212473+0.006999 
[250]	train-rmse:0.208114+0.002875	test-rmse:0.212476+0.007000 
[251]	train-rmse:0.208116+0.002876	test-rmse:0.212478+0.006999 
[252]	train-rmse:0.208119+0.002876	test-rmse:0.212482+0.007000 
[253]	train-rmse:0.208123+0.002877	test-rmse:0.212485+0.006999 
[254]	train-rmse:0.208127+0.002877	test-rmse:0.212488+0.006998 
[255]	train-rmse:0.208077+0.002960	test-rmse:0.212474+0.006977 
[256]	train-rmse:0.208084+0.002963	test-rmse:0.212482+0.006974 
[257]	train-rmse:0.208087+0.002963	test-rmse:0.212485+0.006975 
[258]	train-rmse:0.208014+0.003015	test-rmse:0.212400+0.006934 
[259]	train-rmse:0.207931+0.002921	test-rmse:0.212364+0.006985 
[260]	train-rmse:0.207730+0.003031	test-rmse:0.212151+0.006979 
[261]	train-rmse:0.207732+0.003032	test-rmse:0.212154+0.006979 
[262]	train-rmse:0.207525+0.002916	test-rmse:0.211870+0.007089 
[263]	train-rmse:0.207534+0.002921	test-rmse:0.211880+0.007085 
[264]	train-rmse:0.207438+0.002921	test-rmse:0.211758+0.007095 
[265]	train-rmse:0.207446+0.002926	test-rmse:0.211760+0.007098 
[266]	train-rmse:0.207406+0.002878	test-rmse:0.211722+0.007155 
[267]	train-rmse:0.207408+0.002878	test-rmse:0.211724+0.007154 
[268]	train-rmse:0.207408+0.002880	test-rmse:0.211723+0.007151 
[269]	train-rmse:0.207418+0.002882	test-rmse:0.211732+0.007153 
[270]	train-rmse:0.207324+0.003042	test-rmse:0.211687+0.007085 
[271]	train-rmse:0.207328+0.003041	test-rmse:0.211691+0.007085 
[272]	train-rmse:0.207331+0.003041	test-rmse:0.211693+0.007084 
[273]	train-rmse:0.207182+0.002908	test-rmse:0.211586+0.007148 
[274]	train-rmse:0.206930+0.003027	test-rmse:0.211390+0.007101 
[275]	train-rmse:0.206936+0.003028	test-rmse:0.211395+0.007099 
[276]	train-rmse:0.206939+0.003028	test-rmse:0.211398+0.007098 
[277]	train-rmse:0.206848+0.002917	test-rmse:0.211239+0.007331 
[278]	train-rmse:0.206816+0.002889	test-rmse:0.211220+0.007342 
[279]	train-rmse:0.206819+0.002889	test-rmse:0.211222+0.007342 
[280]	train-rmse:0.206823+0.002888	test-rmse:0.211228+0.007342 
[281]	train-rmse:0.206825+0.002888	test-rmse:0.211230+0.007341 
[282]	train-rmse:0.206793+0.002890	test-rmse:0.211196+0.007344 
[283]	train-rmse:0.206797+0.002891	test-rmse:0.211199+0.007343 
[284]	train-rmse:0.206804+0.002897	test-rmse:0.211199+0.007344 
[285]	train-rmse:0.206821+0.002882	test-rmse:0.211216+0.007361 
[286]	train-rmse:0.206823+0.002882	test-rmse:0.211219+0.007361 
[287]	train-rmse:0.206826+0.002882	test-rmse:0.211222+0.007360 
[288]	train-rmse:0.206829+0.002883	test-rmse:0.211225+0.007360 
[289]	train-rmse:0.206833+0.002883	test-rmse:0.211227+0.007360 
[290]	train-rmse:0.206835+0.002883	test-rmse:0.211229+0.007361 
[291]	train-rmse:0.206752+0.002896	test-rmse:0.211203+0.007364 
[292]	train-rmse:0.206755+0.002896	test-rmse:0.211206+0.007364 
[293]	train-rmse:0.206767+0.002880	test-rmse:0.211219+0.007380 
[294]	train-rmse:0.206770+0.002880	test-rmse:0.211223+0.007379 
[295]	train-rmse:0.206672+0.002762	test-rmse:0.211077+0.007595 
[296]	train-rmse:0.206675+0.002762	test-rmse:0.211080+0.007595 
[297]	train-rmse:0.206678+0.002762	test-rmse:0.211082+0.007595 
[298]	train-rmse:0.206592+0.002915	test-rmse:0.211024+0.007509 
[299]	train-rmse:0.206597+0.002918	test-rmse:0.211025+0.007510 
[300]	train-rmse:0.206553+0.002923	test-rmse:0.210945+0.007451 
[301]	train-rmse:0.206558+0.002918	test-rmse:0.210952+0.007455 
[302]	train-rmse:0.206562+0.002918	test-rmse:0.210954+0.007455 
[303]	train-rmse:0.206475+0.002947	test-rmse:0.210803+0.007359 
[304]	train-rmse:0.206478+0.002947	test-rmse:0.210805+0.007358 
[305]	train-rmse:0.206489+0.002954	test-rmse:0.210817+0.007353 
[306]	train-rmse:0.206493+0.002954	test-rmse:0.210821+0.007352 
[307]	train-rmse:0.206495+0.002955	test-rmse:0.210823+0.007351 
[308]	train-rmse:0.206497+0.002955	test-rmse:0.210825+0.007351 
[309]	train-rmse:0.206501+0.002954	test-rmse:0.210828+0.007351 
[310]	train-rmse:0.206503+0.002954	test-rmse:0.210830+0.007351 
[311]	train-rmse:0.206506+0.002954	test-rmse:0.210833+0.007350 
[312]	train-rmse:0.206510+0.002954	test-rmse:0.210836+0.007350 
[313]	train-rmse:0.206403+0.002975	test-rmse:0.210735+0.007363 
[314]	train-rmse:0.206405+0.002974	test-rmse:0.210737+0.007362 
[315]	train-rmse:0.206407+0.002975	test-rmse:0.210738+0.007362 
[316]	train-rmse:0.206408+0.002975	test-rmse:0.210739+0.007361 
[317]	train-rmse:0.206411+0.002976	test-rmse:0.210743+0.007361 
[318]	train-rmse:0.206414+0.002976	test-rmse:0.210745+0.007361 
[319]	train-rmse:0.206417+0.002976	test-rmse:0.210748+0.007361 
[320]	train-rmse:0.206420+0.002976	test-rmse:0.210750+0.007360 
[321]	train-rmse:0.206422+0.002976	test-rmse:0.210752+0.007360 
[322]	train-rmse:0.206424+0.002975	test-rmse:0.210754+0.007360 
[323]	train-rmse:0.206427+0.002975	test-rmse:0.210756+0.007360 
[324]	train-rmse:0.206433+0.002976	test-rmse:0.210760+0.007361 
[325]	train-rmse:0.206345+0.003005	test-rmse:0.210691+0.007375 
[326]	train-rmse:0.206345+0.003009	test-rmse:0.210691+0.007370 
[327]	train-rmse:0.206344+0.003003	test-rmse:0.210693+0.007371 
[328]	train-rmse:0.206346+0.003003	test-rmse:0.210694+0.007370 
[329]	train-rmse:0.206348+0.003003	test-rmse:0.210696+0.007370 
[330]	train-rmse:0.206362+0.003000	test-rmse:0.210713+0.007367 
[331]	train-rmse:0.206362+0.002997	test-rmse:0.210710+0.007369 
[332]	train-rmse:0.206365+0.002996	test-rmse:0.210714+0.007369 
[333]	train-rmse:0.206374+0.002993	test-rmse:0.210723+0.007368 
[334]	train-rmse:0.206385+0.003001	test-rmse:0.210736+0.007363 
[335]	train-rmse:0.206387+0.003001	test-rmse:0.210738+0.007364 
[336]	train-rmse:0.206298+0.003024	test-rmse:0.210675+0.007323 
[337]	train-rmse:0.206304+0.003030	test-rmse:0.210676+0.007322 
[338]	train-rmse:0.206124+0.002873	test-rmse:0.210552+0.007381 
[339]	train-rmse:0.206126+0.002873	test-rmse:0.210554+0.007380 
[340]	train-rmse:0.206133+0.002873	test-rmse:0.210562+0.007379 
[341]	train-rmse:0.206133+0.002875	test-rmse:0.210562+0.007377 
[342]	train-rmse:0.206141+0.002887	test-rmse:0.210561+0.007377 
[343]	train-rmse:0.206085+0.002909	test-rmse:0.210499+0.007338 
[344]	train-rmse:0.206087+0.002909	test-rmse:0.210501+0.007338 
[345]	train-rmse:0.206013+0.002941	test-rmse:0.210556+0.007369 
[346]	train-rmse:0.206020+0.002940	test-rmse:0.210561+0.007371 
[347]	train-rmse:0.205917+0.002865	test-rmse:0.210459+0.007426 
[348]	train-rmse:0.205919+0.002865	test-rmse:0.210460+0.007426 
[349]	train-rmse:0.205825+0.002803	test-rmse:0.210323+0.007513 
[350]	train-rmse:0.205827+0.002803	test-rmse:0.210325+0.007512 
[351]	train-rmse:0.205699+0.002614	test-rmse:0.210319+0.007522 
[352]	train-rmse:0.205701+0.002614	test-rmse:0.210322+0.007522 
[353]	train-rmse:0.205703+0.002615	test-rmse:0.210324+0.007521 
[354]	train-rmse:0.205706+0.002615	test-rmse:0.210327+0.007521 
[355]	train-rmse:0.205717+0.002600	test-rmse:0.210339+0.007537 
[356]	train-rmse:0.205720+0.002599	test-rmse:0.210341+0.007538 
[357]	train-rmse:0.205726+0.002597	test-rmse:0.210346+0.007541 
[358]	train-rmse:0.205729+0.002597	test-rmse:0.210349+0.007540 
[359]	train-rmse:0.205730+0.002593	test-rmse:0.210352+0.007544 
[360]	train-rmse:0.205595+0.002597	test-rmse:0.210277+0.007565 
[361]	train-rmse:0.205506+0.002554	test-rmse:0.210193+0.007625 
[362]	train-rmse:0.205392+0.002407	test-rmse:0.210089+0.007744 
[363]	train-rmse:0.205395+0.002407	test-rmse:0.210091+0.007744 
[364]	train-rmse:0.205393+0.002408	test-rmse:0.210089+0.007741 
[365]	train-rmse:0.205395+0.002408	test-rmse:0.210092+0.007741 
[366]	train-rmse:0.205397+0.002406	test-rmse:0.210093+0.007741 
[367]	train-rmse:0.205401+0.002406	test-rmse:0.210097+0.007742 
[368]	train-rmse:0.205331+0.002521	test-rmse:0.210061+0.007686 
[369]	train-rmse:0.205333+0.002522	test-rmse:0.210062+0.007686 
[370]	train-rmse:0.205335+0.002522	test-rmse:0.210064+0.007686 
[371]	train-rmse:0.205345+0.002521	test-rmse:0.210076+0.007686 
[372]	train-rmse:0.205347+0.002520	test-rmse:0.210078+0.007687 
[373]	train-rmse:0.205349+0.002520	test-rmse:0.210079+0.007687 
[374]	train-rmse:0.205352+0.002522	test-rmse:0.210080+0.007688 
[375]	train-rmse:0.205359+0.002522	test-rmse:0.210086+0.007689 
[376]	train-rmse:0.205360+0.002522	test-rmse:0.210087+0.007688 
[377]	train-rmse:0.205363+0.002522	test-rmse:0.210090+0.007688 
[378]	train-rmse:0.205190+0.002818	test-rmse:0.210019+0.007581 
[379]	train-rmse:0.205193+0.002818	test-rmse:0.210022+0.007582 
[380]	train-rmse:0.205200+0.002817	test-rmse:0.210028+0.007584 
[381]	train-rmse:0.205202+0.002817	test-rmse:0.210030+0.007584 
[382]	train-rmse:0.205205+0.002816	test-rmse:0.210032+0.007584 
[383]	train-rmse:0.205122+0.002779	test-rmse:0.209916+0.007669 
[384]	train-rmse:0.205125+0.002780	test-rmse:0.209918+0.007668 
[385]	train-rmse:0.205120+0.002771	test-rmse:0.209919+0.007670 
[386]	train-rmse:0.205118+0.002771	test-rmse:0.209916+0.007667 
[387]	train-rmse:0.205128+0.002755	test-rmse:0.209928+0.007681 
[388]	train-rmse:0.205127+0.002762	test-rmse:0.209926+0.007675 
[389]	train-rmse:0.205129+0.002763	test-rmse:0.209927+0.007675 
[390]	train-rmse:0.205045+0.002912	test-rmse:0.209873+0.007594 
[391]	train-rmse:0.204992+0.002838	test-rmse:0.209845+0.007636 
[392]	train-rmse:0.204995+0.002839	test-rmse:0.209849+0.007635 
[393]	train-rmse:0.204998+0.002839	test-rmse:0.209851+0.007634 
[394]	train-rmse:0.205000+0.002839	test-rmse:0.209853+0.007634 
[395]	train-rmse:0.205011+0.002822	test-rmse:0.209866+0.007650 
[396]	train-rmse:0.204888+0.002847	test-rmse:0.209737+0.007560 
[397]	train-rmse:0.204797+0.002834	test-rmse:0.209624+0.007565 
[398]	train-rmse:0.204789+0.002838	test-rmse:0.209615+0.007562 
[399]	train-rmse:0.204791+0.002839	test-rmse:0.209616+0.007562 
[400]	train-rmse:0.204710+0.002836	test-rmse:0.209553+0.007569 
[401]	train-rmse:0.204715+0.002830	test-rmse:0.209558+0.007575 
[402]	train-rmse:0.204722+0.002836	test-rmse:0.209560+0.007574 
[403]	train-rmse:0.204726+0.002832	test-rmse:0.209565+0.007579 
[404]	train-rmse:0.204636+0.002797	test-rmse:0.209468+0.007643 
[405]	train-rmse:0.204636+0.002800	test-rmse:0.209468+0.007640 
[406]	train-rmse:0.204638+0.002800	test-rmse:0.209470+0.007641 
[407]	train-rmse:0.204574+0.002706	test-rmse:0.209443+0.007677 
[408]	train-rmse:0.204576+0.002707	test-rmse:0.209445+0.007676 
[409]	train-rmse:0.204478+0.002714	test-rmse:0.209397+0.007680 
[410]	train-rmse:0.204390+0.002864	test-rmse:0.209362+0.007625 
[411]	train-rmse:0.204393+0.002865	test-rmse:0.209365+0.007624 
[412]	train-rmse:0.204398+0.002866	test-rmse:0.209370+0.007622 
[413]	train-rmse:0.204353+0.002969	test-rmse:0.209341+0.007574 
[414]	train-rmse:0.204239+0.002922	test-rmse:0.209252+0.007643 
[415]	train-rmse:0.204247+0.002912	test-rmse:0.209261+0.007654 
[416]	train-rmse:0.204138+0.002757	test-rmse:0.209163+0.007784 
[417]	train-rmse:0.204138+0.002761	test-rmse:0.209162+0.007782 
[418]	train-rmse:0.204066+0.002658	test-rmse:0.209153+0.007805 
[419]	train-rmse:0.203997+0.002659	test-rmse:0.209148+0.007805 
[420]	train-rmse:0.204003+0.002663	test-rmse:0.209150+0.007805 
[421]	train-rmse:0.204004+0.002663	test-rmse:0.209150+0.007805 
[422]	train-rmse:0.203968+0.002659	test-rmse:0.209092+0.007772 
[423]	train-rmse:0.203970+0.002660	test-rmse:0.209094+0.007771 
[424]	train-rmse:0.203969+0.002658	test-rmse:0.209093+0.007773 
[425]	train-rmse:0.203971+0.002658	test-rmse:0.209095+0.007773 
[426]	train-rmse:0.203971+0.002658	test-rmse:0.209095+0.007772 
[427]	train-rmse:0.203973+0.002658	test-rmse:0.209096+0.007772 
[428]	train-rmse:0.203986+0.002660	test-rmse:0.209108+0.007771 
[429]	train-rmse:0.203988+0.002659	test-rmse:0.209110+0.007771 
[430]	train-rmse:0.203993+0.002659	test-rmse:0.209116+0.007771 
[431]	train-rmse:0.204003+0.002665	test-rmse:0.209120+0.007772 
[432]	train-rmse:0.204005+0.002665	test-rmse:0.209121+0.007772 
[433]	train-rmse:0.203997+0.002665	test-rmse:0.209114+0.007766 
[434]	train-rmse:0.203999+0.002666	test-rmse:0.209115+0.007766 
[435]	train-rmse:0.203999+0.002665	test-rmse:0.209115+0.007767 
[436]	train-rmse:0.204001+0.002664	test-rmse:0.209117+0.007767 
[437]	train-rmse:0.204003+0.002664	test-rmse:0.209118+0.007767 
[438]	train-rmse:0.204006+0.002664	test-rmse:0.209120+0.007767 
[439]	train-rmse:0.204007+0.002664	test-rmse:0.209120+0.007768 
[440]	train-rmse:0.204009+0.002664	test-rmse:0.209122+0.007767 
[441]	train-rmse:0.204016+0.002671	test-rmse:0.209123+0.007767 
[442]	train-rmse:0.204036+0.002655	test-rmse:0.209146+0.007780 
[443]	train-rmse:0.204032+0.002647	test-rmse:0.209147+0.007782 
[444]	train-rmse:0.204032+0.002649	test-rmse:0.209147+0.007780 
[445]	train-rmse:0.204038+0.002649	test-rmse:0.209152+0.007783 
[446]	train-rmse:0.203961+0.002788	test-rmse:0.209091+0.007690 
[447]	train-rmse:0.203963+0.002788	test-rmse:0.209091+0.007690 
[448]	train-rmse:0.203986+0.002788	test-rmse:0.209118+0.007689 
[449]	train-rmse:0.203992+0.002790	test-rmse:0.209124+0.007685 
[450]	train-rmse:0.203991+0.002789	test-rmse:0.209123+0.007687 
[451]	train-rmse:0.203993+0.002789	test-rmse:0.209124+0.007687 
[452]	train-rmse:0.203999+0.002782	test-rmse:0.209130+0.007694 
[453]	train-rmse:0.203999+0.002781	test-rmse:0.209130+0.007695 
[454]	train-rmse:0.204001+0.002780	test-rmse:0.209132+0.007695 
[455]	train-rmse:0.204006+0.002787	test-rmse:0.209137+0.007687 
[456]	train-rmse:0.204009+0.002789	test-rmse:0.209138+0.007687 
[457]	train-rmse:0.203928+0.002946	test-rmse:0.209108+0.007632 
[458]	train-rmse:0.203929+0.002946	test-rmse:0.209109+0.007632 
[459]	train-rmse:0.203924+0.002958	test-rmse:0.209104+0.007622 
[460]	train-rmse:0.203928+0.002958	test-rmse:0.209107+0.007623 
[461]	train-rmse:0.203941+0.002958	test-rmse:0.209122+0.007622 
[462]	train-rmse:0.203944+0.002958	test-rmse:0.209124+0.007622 
[463]	train-rmse:0.203942+0.002954	test-rmse:0.209125+0.007623 
[464]	train-rmse:0.203945+0.002952	test-rmse:0.209128+0.007626 
[465]	train-rmse:0.203944+0.002952	test-rmse:0.209126+0.007624 
[466]	train-rmse:0.203944+0.002957	test-rmse:0.209125+0.007619 
[467]	train-rmse:0.203942+0.002963	test-rmse:0.209123+0.007613 
[468]	train-rmse:0.203943+0.002965	test-rmse:0.209123+0.007612 
[469]	train-rmse:0.203945+0.002966	test-rmse:0.209125+0.007612 
[470]	train-rmse:0.203947+0.002966	test-rmse:0.209126+0.007611 
[471]	train-rmse:0.203948+0.002966	test-rmse:0.209128+0.007611 
[472]	train-rmse:0.203947+0.002962	test-rmse:0.209128+0.007612 
[473]	train-rmse:0.203842+0.002847	test-rmse:0.209099+0.007640 
[474]	train-rmse:0.203844+0.002847	test-rmse:0.209100+0.007641 
[475]	train-rmse:0.203846+0.002847	test-rmse:0.209102+0.007640 
[476]	train-rmse:0.203847+0.002847	test-rmse:0.209103+0.007641 
[477]	train-rmse:0.203863+0.002846	test-rmse:0.209120+0.007642 
[478]	train-rmse:0.203865+0.002846	test-rmse:0.209122+0.007642 
[479]	train-rmse:0.203876+0.002847	test-rmse:0.209135+0.007642 
[480]	train-rmse:0.203879+0.002847	test-rmse:0.209137+0.007642 
[481]	train-rmse:0.203881+0.002846	test-rmse:0.209139+0.007642 
[482]	train-rmse:0.203883+0.002846	test-rmse:0.209140+0.007643 
[483]	train-rmse:0.203887+0.002836	test-rmse:0.209146+0.007650 
[484]	train-rmse:0.203890+0.002831	test-rmse:0.209150+0.007655 
[485]	train-rmse:0.203902+0.002837	test-rmse:0.209154+0.007656 
[486]	train-rmse:0.203818+0.002832	test-rmse:0.209017+0.007663 
[487]	train-rmse:0.203819+0.002832	test-rmse:0.209019+0.007663 
[488]	train-rmse:0.203821+0.002832	test-rmse:0.209020+0.007663 
[489]	train-rmse:0.203823+0.002832	test-rmse:0.209021+0.007662 
[490]	train-rmse:0.203825+0.002832	test-rmse:0.209023+0.007662 
[491]	train-rmse:0.203837+0.002818	test-rmse:0.209035+0.007676 
[492]	train-rmse:0.203838+0.002819	test-rmse:0.209036+0.007676 
[493]	train-rmse:0.203839+0.002818	test-rmse:0.209037+0.007676 
[494]	train-rmse:0.203840+0.002818	test-rmse:0.209038+0.007675 
[495]	train-rmse:0.203840+0.002818	test-rmse:0.209037+0.007676 
[496]	train-rmse:0.203838+0.002814	test-rmse:0.209038+0.007677 
[497]	train-rmse:0.203840+0.002813	test-rmse:0.209039+0.007677 
[498]	train-rmse:0.203840+0.002816	test-rmse:0.209039+0.007673 
[499]	train-rmse:0.203842+0.002816	test-rmse:0.209040+0.007673 
[500]	train-rmse:0.203837+0.002816	test-rmse:0.209036+0.007668 
[501]	train-rmse:0.203836+0.002816	test-rmse:0.209035+0.007666 
[502]	train-rmse:0.203839+0.002817	test-rmse:0.209037+0.007666 
[503]	train-rmse:0.203841+0.002816	test-rmse:0.209039+0.007666 
[504]	train-rmse:0.203841+0.002816	test-rmse:0.209038+0.007665 
[505]	train-rmse:0.203843+0.002816	test-rmse:0.209040+0.007664 
[506]	train-rmse:0.203754+0.002770	test-rmse:0.208981+0.007710 
[507]	train-rmse:0.203756+0.002770	test-rmse:0.208982+0.007709 
[508]	train-rmse:0.203762+0.002770	test-rmse:0.208989+0.007709 
[509]	train-rmse:0.203770+0.002775	test-rmse:0.208993+0.007706 
[510]	train-rmse:0.203774+0.002775	test-rmse:0.208998+0.007706 
[511]	train-rmse:0.203776+0.002775	test-rmse:0.209000+0.007705 
[512]	train-rmse:0.203777+0.002774	test-rmse:0.209000+0.007706 
[513]	train-rmse:0.203778+0.002774	test-rmse:0.209001+0.007706 
[514]	train-rmse:0.203779+0.002774	test-rmse:0.209002+0.007705 
[515]	train-rmse:0.203781+0.002773	test-rmse:0.209003+0.007706 
[516]	train-rmse:0.203735+0.002718	test-rmse:0.208894+0.007853 
[517]	train-rmse:0.203739+0.002720	test-rmse:0.208896+0.007853 
[518]	train-rmse:0.203741+0.002720	test-rmse:0.208897+0.007853 
[519]	train-rmse:0.203742+0.002719	test-rmse:0.208899+0.007854 
[520]	train-rmse:0.203648+0.002609	test-rmse:0.208845+0.007930 
[521]	train-rmse:0.203651+0.002609	test-rmse:0.208848+0.007929 
[522]	train-rmse:0.203645+0.002606	test-rmse:0.208847+0.007928 
[523]	train-rmse:0.203647+0.002606	test-rmse:0.208848+0.007928 
[524]	train-rmse:0.203640+0.002621	test-rmse:0.208841+0.007916 
[525]	train-rmse:0.203644+0.002622	test-rmse:0.208844+0.007914 
[526]	train-rmse:0.203647+0.002624	test-rmse:0.208845+0.007914 
[527]	train-rmse:0.203648+0.002624	test-rmse:0.208847+0.007914 
[528]	train-rmse:0.203654+0.002628	test-rmse:0.208848+0.007914 
[529]	train-rmse:0.203650+0.002624	test-rmse:0.208845+0.007919 
[530]	train-rmse:0.203652+0.002624	test-rmse:0.208846+0.007919 
[531]	train-rmse:0.203654+0.002624	test-rmse:0.208848+0.007918 
[532]	train-rmse:0.203659+0.002624	test-rmse:0.208852+0.007920 
[533]	train-rmse:0.203539+0.002855	test-rmse:0.208737+0.007753 
[534]	train-rmse:0.203449+0.002765	test-rmse:0.208735+0.007758 
[535]	train-rmse:0.203447+0.002762	test-rmse:0.208736+0.007759 
[536]	train-rmse:0.203455+0.002764	test-rmse:0.208742+0.007763 
[537]	train-rmse:0.203457+0.002764	test-rmse:0.208744+0.007762 
[538]	train-rmse:0.203459+0.002764	test-rmse:0.208746+0.007762 
[539]	train-rmse:0.203463+0.002765	test-rmse:0.208749+0.007760 
[540]	train-rmse:0.203461+0.002765	test-rmse:0.208747+0.007761 
[541]	train-rmse:0.203463+0.002765	test-rmse:0.208748+0.007761 
[542]	train-rmse:0.203468+0.002766	test-rmse:0.208753+0.007761 
[543]	train-rmse:0.203477+0.002768	test-rmse:0.208761+0.007766 
[544]	train-rmse:0.203469+0.002784	test-rmse:0.208753+0.007752 
[545]	train-rmse:0.203360+0.002770	test-rmse:0.208652+0.007762 
[546]	train-rmse:0.203361+0.002770	test-rmse:0.208653+0.007763 
[547]	train-rmse:0.203366+0.002772	test-rmse:0.208657+0.007760 
[548]	train-rmse:0.203367+0.002772	test-rmse:0.208658+0.007760 
[549]	train-rmse:0.203368+0.002772	test-rmse:0.208659+0.007760 
[550]	train-rmse:0.203384+0.002772	test-rmse:0.208677+0.007759 
[551]	train-rmse:0.203385+0.002772	test-rmse:0.208677+0.007758 
[552]	train-rmse:0.203387+0.002772	test-rmse:0.208679+0.007758 
[553]	train-rmse:0.203393+0.002775	test-rmse:0.208685+0.007755 
[554]	train-rmse:0.203399+0.002776	test-rmse:0.208691+0.007758 
[555]	train-rmse:0.203362+0.002770	test-rmse:0.208669+0.007762 
[556]	train-rmse:0.203365+0.002770	test-rmse:0.208672+0.007761 
[557]	train-rmse:0.203367+0.002770	test-rmse:0.208673+0.007761 
[558]	train-rmse:0.203367+0.002769	test-rmse:0.208674+0.007761 
[559]	train-rmse:0.203358+0.002775	test-rmse:0.208670+0.007751 
[560]	train-rmse:0.203350+0.002768	test-rmse:0.208660+0.007759 
[561]	train-rmse:0.203351+0.002769	test-rmse:0.208662+0.007758 
[562]	train-rmse:0.203348+0.002769	test-rmse:0.208658+0.007759 
[563]	train-rmse:0.203349+0.002769	test-rmse:0.208658+0.007758 
[564]	train-rmse:0.203341+0.002760	test-rmse:0.208659+0.007759 
[565]	train-rmse:0.203356+0.002768	test-rmse:0.208673+0.007750 
[566]	train-rmse:0.203357+0.002768	test-rmse:0.208674+0.007750 
[567]	train-rmse:0.203261+0.002712	test-rmse:0.208608+0.007797 
[568]	train-rmse:0.203268+0.002695	test-rmse:0.208617+0.007809 
[569]	train-rmse:0.203270+0.002695	test-rmse:0.208618+0.007809 
[570]	train-rmse:0.203276+0.002695	test-rmse:0.208624+0.007809 
[571]	train-rmse:0.203288+0.002675	test-rmse:0.208638+0.007826 
[572]	train-rmse:0.203290+0.002675	test-rmse:0.208639+0.007826 
[573]	train-rmse:0.203284+0.002668	test-rmse:0.208640+0.007826 
[574]	train-rmse:0.203286+0.002668	test-rmse:0.208640+0.007826 
[575]	train-rmse:0.203287+0.002668	test-rmse:0.208642+0.007826 
[576]	train-rmse:0.203289+0.002668	test-rmse:0.208643+0.007826 
[577]	train-rmse:0.203290+0.002668	test-rmse:0.208644+0.007826 
[578]	train-rmse:0.203291+0.002667	test-rmse:0.208645+0.007825 
[579]	train-rmse:0.203303+0.002668	test-rmse:0.208657+0.007825 
[580]	train-rmse:0.203304+0.002667	test-rmse:0.208658+0.007824 
[581]	train-rmse:0.203308+0.002669	test-rmse:0.208661+0.007825 
[582]	train-rmse:0.203211+0.002578	test-rmse:0.208625+0.007878 
[583]	train-rmse:0.203212+0.002577	test-rmse:0.208627+0.007878 
[584]	train-rmse:0.203221+0.002560	test-rmse:0.208636+0.007892 
[585]	train-rmse:0.203221+0.002559	test-rmse:0.208636+0.007890 
[586]	train-rmse:0.203129+0.002480	test-rmse:0.208608+0.007937 
[587]	train-rmse:0.203130+0.002480	test-rmse:0.208609+0.007937 
[588]	train-rmse:0.203132+0.002480	test-rmse:0.208610+0.007937 
[589]	train-rmse:0.202988+0.002405	test-rmse:0.208453+0.007933 
[590]	train-rmse:0.202990+0.002405	test-rmse:0.208453+0.007933 
[591]	train-rmse:0.203001+0.002413	test-rmse:0.208454+0.007933 
[592]	train-rmse:0.203011+0.002414	test-rmse:0.208466+0.007932 
[593]	train-rmse:0.203017+0.002407	test-rmse:0.208472+0.007939 
[594]	train-rmse:0.203018+0.002407	test-rmse:0.208472+0.007938 
[595]	train-rmse:0.203019+0.002406	test-rmse:0.208474+0.007938 
[596]	train-rmse:0.203031+0.002387	test-rmse:0.208486+0.007954 
[597]	train-rmse:0.203030+0.002386	test-rmse:0.208484+0.007956 
[598]	train-rmse:0.203031+0.002386	test-rmse:0.208486+0.007956 
[599]	train-rmse:0.203031+0.002385	test-rmse:0.208484+0.007956 
[600]	train-rmse:0.203032+0.002386	test-rmse:0.208485+0.007955 
[601]	train-rmse:0.203033+0.002386	test-rmse:0.208486+0.007955 
[602]	train-rmse:0.203032+0.002386	test-rmse:0.208485+0.007955 
[603]	train-rmse:0.203020+0.002384	test-rmse:0.208470+0.007955 
[604]	train-rmse:0.203021+0.002383	test-rmse:0.208471+0.007955 
[605]	train-rmse:0.203025+0.002387	test-rmse:0.208472+0.007954 
[606]	train-rmse:0.203005+0.002390	test-rmse:0.208454+0.007949 
[607]	train-rmse:0.203006+0.002391	test-rmse:0.208454+0.007949 
[608]	train-rmse:0.202960+0.002352	test-rmse:0.208357+0.008084 
[609]	train-rmse:0.202960+0.002354	test-rmse:0.208356+0.008082 
[610]	train-rmse:0.202964+0.002348	test-rmse:0.208361+0.008087 
[611]	train-rmse:0.202966+0.002348	test-rmse:0.208362+0.008087 
[612]	train-rmse:0.202962+0.002359	test-rmse:0.208358+0.008079 
[613]	train-rmse:0.202963+0.002358	test-rmse:0.208359+0.008080 
[614]	train-rmse:0.202964+0.002358	test-rmse:0.208359+0.008080 
[615]	train-rmse:0.202955+0.002355	test-rmse:0.208348+0.008079 
[616]	train-rmse:0.202972+0.002374	test-rmse:0.208363+0.008085 
[617]	train-rmse:0.202975+0.002374	test-rmse:0.208364+0.008085 
[618]	train-rmse:0.202869+0.002332	test-rmse:0.208256+0.008008 
[619]	train-rmse:0.202873+0.002333	test-rmse:0.208260+0.008008 
[620]	train-rmse:0.202875+0.002333	test-rmse:0.208261+0.008008 
[621]	train-rmse:0.202875+0.002333	test-rmse:0.208261+0.008008 
[622]	train-rmse:0.202881+0.002336	test-rmse:0.208262+0.008008 
[623]	train-rmse:0.202880+0.002334	test-rmse:0.208262+0.008009 
[624]	train-rmse:0.202877+0.002331	test-rmse:0.208260+0.008011 
[625]	train-rmse:0.202869+0.002339	test-rmse:0.208251+0.008006 
[626]	train-rmse:0.202872+0.002341	test-rmse:0.208254+0.008004 
[627]	train-rmse:0.202871+0.002340	test-rmse:0.208253+0.008002 
[628]	train-rmse:0.202872+0.002340	test-rmse:0.208254+0.008002 
[629]	train-rmse:0.202777+0.002263	test-rmse:0.208185+0.008111 
[630]	train-rmse:0.202779+0.002263	test-rmse:0.208186+0.008111 
[631]	train-rmse:0.202780+0.002263	test-rmse:0.208187+0.008111 
[632]	train-rmse:0.202726+0.002227	test-rmse:0.208120+0.008213 
[633]	train-rmse:0.202732+0.002230	test-rmse:0.208122+0.008213 
[634]	train-rmse:0.202735+0.002231	test-rmse:0.208122+0.008213 
[635]	train-rmse:0.202738+0.002232	test-rmse:0.208123+0.008213 
[636]	train-rmse:0.202747+0.002216	test-rmse:0.208132+0.008226 
[637]	train-rmse:0.202748+0.002216	test-rmse:0.208133+0.008226 
[638]	train-rmse:0.202750+0.002216	test-rmse:0.208134+0.008226 
[639]	train-rmse:0.202751+0.002216	test-rmse:0.208135+0.008226 
[640]	train-rmse:0.202752+0.002216	test-rmse:0.208136+0.008226 
[641]	train-rmse:0.202758+0.002206	test-rmse:0.208143+0.008234 
[642]	train-rmse:0.202756+0.002206	test-rmse:0.208140+0.008234 
[643]	train-rmse:0.202761+0.002206	test-rmse:0.208145+0.008234 
[644]	train-rmse:0.202762+0.002207	test-rmse:0.208146+0.008234 
[645]	train-rmse:0.202763+0.002207	test-rmse:0.208147+0.008234 
[646]	train-rmse:0.202759+0.002205	test-rmse:0.208143+0.008230 
[647]	train-rmse:0.202773+0.002210	test-rmse:0.208155+0.008238 
[648]	train-rmse:0.202774+0.002210	test-rmse:0.208156+0.008238 
[649]	train-rmse:0.202776+0.002210	test-rmse:0.208157+0.008238 
[650]	train-rmse:0.202772+0.002208	test-rmse:0.208153+0.008241 
[651]	train-rmse:0.202773+0.002208	test-rmse:0.208154+0.008241 
[652]	train-rmse:0.202776+0.002208	test-rmse:0.208157+0.008241 
[653]	train-rmse:0.202688+0.002151	test-rmse:0.208111+0.008276 
[654]	train-rmse:0.202689+0.002151	test-rmse:0.208112+0.008276 
[655]	train-rmse:0.202680+0.002146	test-rmse:0.208103+0.008270 
[656]	train-rmse:0.202679+0.002150	test-rmse:0.208102+0.008267 
[657]	train-rmse:0.202688+0.002155	test-rmse:0.208104+0.008266 
[658]	train-rmse:0.202709+0.002136	test-rmse:0.208126+0.008283 
[659]	train-rmse:0.202710+0.002136	test-rmse:0.208127+0.008283 
[660]	train-rmse:0.202713+0.002137	test-rmse:0.208131+0.008282 
[661]	train-rmse:0.202715+0.002137	test-rmse:0.208132+0.008282 
[662]	train-rmse:0.202716+0.002137	test-rmse:0.208132+0.008281 
[663]	train-rmse:0.202717+0.002137	test-rmse:0.208133+0.008282 
[664]	train-rmse:0.202729+0.002144	test-rmse:0.208136+0.008280 
[665]	train-rmse:0.202734+0.002147	test-rmse:0.208137+0.008279 
[666]	train-rmse:0.202736+0.002147	test-rmse:0.208138+0.008279 
[667]	train-rmse:0.202740+0.002148	test-rmse:0.208140+0.008290 
[668]	train-rmse:0.202741+0.002148	test-rmse:0.208141+0.008289 
[669]	train-rmse:0.202742+0.002148	test-rmse:0.208142+0.008289 
[670]	train-rmse:0.202743+0.002148	test-rmse:0.208143+0.008289 
[671]	train-rmse:0.202745+0.002148	test-rmse:0.208143+0.008289 
[672]	train-rmse:0.202757+0.002156	test-rmse:0.208146+0.008286 
[673]	train-rmse:0.202751+0.002150	test-rmse:0.208145+0.008289 
[674]	train-rmse:0.202754+0.002151	test-rmse:0.208147+0.008289 
[675]	train-rmse:0.202754+0.002151	test-rmse:0.208148+0.008291 
[676]	train-rmse:0.202758+0.002146	test-rmse:0.208151+0.008294 
[677]	train-rmse:0.202759+0.002146	test-rmse:0.208152+0.008294 
[678]	train-rmse:0.202760+0.002146	test-rmse:0.208153+0.008294 
[679]	train-rmse:0.202761+0.002146	test-rmse:0.208154+0.008294 
[680]	train-rmse:0.202644+0.002089	test-rmse:0.208081+0.008374 
[681]	train-rmse:0.202645+0.002090	test-rmse:0.208082+0.008373 
[682]	train-rmse:0.202646+0.002089	test-rmse:0.208083+0.008373 
[683]	train-rmse:0.202647+0.002089	test-rmse:0.208084+0.008374 
[684]	train-rmse:0.202637+0.002085	test-rmse:0.208072+0.008373 
[685]	train-rmse:0.202638+0.002085	test-rmse:0.208073+0.008373 
[686]	train-rmse:0.202656+0.002095	test-rmse:0.208091+0.008361 
[687]	train-rmse:0.202657+0.002095	test-rmse:0.208092+0.008361 
[688]	train-rmse:0.202656+0.002094	test-rmse:0.208090+0.008361 
[689]	train-rmse:0.202653+0.002102	test-rmse:0.208087+0.008355 
[690]	train-rmse:0.202545+0.002072	test-rmse:0.207975+0.008360 
[691]	train-rmse:0.202546+0.002071	test-rmse:0.207977+0.008360 
[692]	train-rmse:0.202548+0.002073	test-rmse:0.207974+0.008359 
[693]	train-rmse:0.202560+0.002081	test-rmse:0.207986+0.008352 
[694]	train-rmse:0.202561+0.002081	test-rmse:0.207987+0.008352 
[695]	train-rmse:0.202554+0.002076	test-rmse:0.207980+0.008347 
[696]	train-rmse:0.202558+0.002078	test-rmse:0.207985+0.008344 
[697]	train-rmse:0.202554+0.002075	test-rmse:0.207981+0.008341 
[698]	train-rmse:0.202555+0.002075	test-rmse:0.207982+0.008340 
[699]	train-rmse:0.202565+0.002081	test-rmse:0.207992+0.008335 
[700]	train-rmse:0.202566+0.002081	test-rmse:0.207992+0.008335 
[701]	train-rmse:0.202567+0.002081	test-rmse:0.207993+0.008335 
[702]	train-rmse:0.202568+0.002081	test-rmse:0.207995+0.008336 
[703]	train-rmse:0.202572+0.002081	test-rmse:0.207998+0.008335 
[704]	train-rmse:0.202570+0.002079	test-rmse:0.207996+0.008335 
[705]	train-rmse:0.202571+0.002079	test-rmse:0.207997+0.008334 
[706]	train-rmse:0.202564+0.002075	test-rmse:0.207996+0.008337 
[707]	train-rmse:0.202565+0.002075	test-rmse:0.207997+0.008337 
[708]	train-rmse:0.202566+0.002075	test-rmse:0.207998+0.008337 
[709]	train-rmse:0.202567+0.002075	test-rmse:0.207999+0.008337 
[710]	train-rmse:0.202573+0.002077	test-rmse:0.208004+0.008339 
[711]	train-rmse:0.202562+0.002107	test-rmse:0.207992+0.008315 
[712]	train-rmse:0.202563+0.002106	test-rmse:0.207993+0.008315 
[713]	train-rmse:0.202565+0.002106	test-rmse:0.207994+0.008315 
[714]	train-rmse:0.202558+0.002105	test-rmse:0.207985+0.008316 
[715]	train-rmse:0.202564+0.002109	test-rmse:0.207986+0.008314 
[716]	train-rmse:0.202565+0.002108	test-rmse:0.207987+0.008314 
[717]	train-rmse:0.202562+0.002105	test-rmse:0.207984+0.008317 
[718]	train-rmse:0.202565+0.002101	test-rmse:0.207987+0.008321 
[719]	train-rmse:0.202546+0.002102	test-rmse:0.207967+0.008322 
[720]	train-rmse:0.202547+0.002101	test-rmse:0.207968+0.008322 
[721]	train-rmse:0.202549+0.002101	test-rmse:0.207969+0.008322 
[722]	train-rmse:0.202554+0.002101	test-rmse:0.207976+0.008322 
[723]	train-rmse:0.202555+0.002101	test-rmse:0.207976+0.008322 
[724]	train-rmse:0.202556+0.002101	test-rmse:0.207977+0.008322 
[725]	train-rmse:0.202558+0.002101	test-rmse:0.207978+0.008323 
[726]	train-rmse:0.202563+0.002103	test-rmse:0.207982+0.008325 
[727]	train-rmse:0.202564+0.002103	test-rmse:0.207983+0.008325 
[728]	train-rmse:0.202573+0.002109	test-rmse:0.207984+0.008319 
[729]	train-rmse:0.202574+0.002109	test-rmse:0.207984+0.008318 
[730]	train-rmse:0.202574+0.002108	test-rmse:0.207984+0.008319 
[731]	train-rmse:0.202592+0.002089	test-rmse:0.208003+0.008334 
[732]	train-rmse:0.202585+0.002085	test-rmse:0.208003+0.008337 
[733]	train-rmse:0.202592+0.002088	test-rmse:0.208009+0.008333 
[734]	train-rmse:0.202586+0.002087	test-rmse:0.208003+0.008333 
[735]	train-rmse:0.202588+0.002088	test-rmse:0.208004+0.008333 
[736]	train-rmse:0.202587+0.002080	test-rmse:0.208003+0.008335 
[737]	train-rmse:0.202588+0.002080	test-rmse:0.208004+0.008335 
[738]	train-rmse:0.202589+0.002080	test-rmse:0.208005+0.008334 
[739]	train-rmse:0.202589+0.002079	test-rmse:0.208006+0.008335 
[740]	train-rmse:0.202574+0.002110	test-rmse:0.207989+0.008310 
[741]	train-rmse:0.202574+0.002110	test-rmse:0.207988+0.008310 
[742]	train-rmse:0.202580+0.002110	test-rmse:0.207995+0.008310 
[743]	train-rmse:0.202581+0.002110	test-rmse:0.207996+0.008309 
[744]	train-rmse:0.202582+0.002110	test-rmse:0.207997+0.008310 
[745]	train-rmse:0.202584+0.002110	test-rmse:0.207998+0.008309 
[746]	train-rmse:0.202585+0.002110	test-rmse:0.207999+0.008310 
[747]	train-rmse:0.202593+0.002111	test-rmse:0.208008+0.008309 
[748]	train-rmse:0.202594+0.002111	test-rmse:0.208009+0.008309 
[749]	train-rmse:0.202595+0.002111	test-rmse:0.208010+0.008309 
[750]	train-rmse:0.202558+0.002086	test-rmse:0.207944+0.008354 
[751]	train-rmse:0.202560+0.002086	test-rmse:0.207945+0.008354 
[752]	train-rmse:0.202498+0.002049	test-rmse:0.207874+0.008405 
[753]	train-rmse:0.202499+0.002049	test-rmse:0.207875+0.008405 
[754]	train-rmse:0.202501+0.002050	test-rmse:0.207876+0.008404 
[755]	train-rmse:0.202512+0.002056	test-rmse:0.207880+0.008401 
[756]	train-rmse:0.202508+0.002053	test-rmse:0.207876+0.008398 
[757]	train-rmse:0.202503+0.002050	test-rmse:0.207871+0.008403 
[758]	train-rmse:0.202504+0.002050	test-rmse:0.207872+0.008403 
[759]	train-rmse:0.202496+0.002044	test-rmse:0.207870+0.008406 
[760]	train-rmse:0.202497+0.002044	test-rmse:0.207871+0.008406 
[761]	train-rmse:0.202498+0.002044	test-rmse:0.207872+0.008406 
[762]	train-rmse:0.202511+0.002047	test-rmse:0.207887+0.008405 
[763]	train-rmse:0.202519+0.002049	test-rmse:0.207895+0.008405 
[764]	train-rmse:0.202519+0.002048	test-rmse:0.207894+0.008406 
[765]	train-rmse:0.202511+0.002042	test-rmse:0.207893+0.008408 
[766]	train-rmse:0.202513+0.002042	test-rmse:0.207894+0.008409 
[767]	train-rmse:0.202514+0.002042	test-rmse:0.207895+0.008408 
[768]	train-rmse:0.202514+0.002041	test-rmse:0.207895+0.008409 
[769]	train-rmse:0.202515+0.002041	test-rmse:0.207896+0.008409 
[770]	train-rmse:0.202527+0.002019	test-rmse:0.207909+0.008427 
[771]	train-rmse:0.202526+0.002019	test-rmse:0.207907+0.008427 
[772]	train-rmse:0.202524+0.002017	test-rmse:0.207904+0.008430 
[773]	train-rmse:0.202444+0.001971	test-rmse:0.207847+0.008511 
[774]	train-rmse:0.202410+0.001950	test-rmse:0.207850+0.008512 
[775]	train-rmse:0.202405+0.001947	test-rmse:0.207850+0.008514 
[776]	train-rmse:0.202406+0.001947	test-rmse:0.207851+0.008514 
[777]	train-rmse:0.202406+0.001947	test-rmse:0.207851+0.008514 
[778]	train-rmse:0.202407+0.001946	test-rmse:0.207852+0.008514 
[779]	train-rmse:0.202408+0.001946	test-rmse:0.207853+0.008514 
[780]	train-rmse:0.202328+0.001911	test-rmse:0.207799+0.008593 
[781]	train-rmse:0.202329+0.001911	test-rmse:0.207799+0.008593 
[782]	train-rmse:0.202330+0.001910	test-rmse:0.207800+0.008593 
[783]	train-rmse:0.202331+0.001911	test-rmse:0.207801+0.008592 
[784]	train-rmse:0.202329+0.001910	test-rmse:0.207801+0.008593 
[785]	train-rmse:0.202330+0.001909	test-rmse:0.207802+0.008593 
[786]	train-rmse:0.202331+0.001909	test-rmse:0.207803+0.008593 
[787]	train-rmse:0.202323+0.001904	test-rmse:0.207798+0.008585 
[788]	train-rmse:0.202324+0.001905	test-rmse:0.207798+0.008585 
[789]	train-rmse:0.202279+0.001877	test-rmse:0.207740+0.008627 
[790]	train-rmse:0.202281+0.001877	test-rmse:0.207741+0.008627 
[791]	train-rmse:0.202288+0.001880	test-rmse:0.207749+0.008627 
[792]	train-rmse:0.202298+0.001885	test-rmse:0.207759+0.008630 
[793]	train-rmse:0.202299+0.001885	test-rmse:0.207760+0.008630 
[794]	train-rmse:0.202296+0.001882	test-rmse:0.207755+0.008633 
[795]	train-rmse:0.202303+0.001885	test-rmse:0.207756+0.008632 
[796]	train-rmse:0.202301+0.001891	test-rmse:0.207753+0.008627 
[797]	train-rmse:0.202291+0.001886	test-rmse:0.207742+0.008627 
[798]	train-rmse:0.202297+0.001889	test-rmse:0.207748+0.008623 
[799]	train-rmse:0.202296+0.001888	test-rmse:0.207746+0.008625 
[800]	train-rmse:0.202290+0.001885	test-rmse:0.207739+0.008625 
[801]	train-rmse:0.202292+0.001885	test-rmse:0.207741+0.008625 
[802]	train-rmse:0.202293+0.001885	test-rmse:0.207741+0.008625 
[803]	train-rmse:0.202240+0.001853	test-rmse:0.207747+0.008624 
[804]	train-rmse:0.202236+0.001851	test-rmse:0.207743+0.008621 
[805]	train-rmse:0.202237+0.001850	test-rmse:0.207745+0.008621 
[806]	train-rmse:0.202196+0.001835	test-rmse:0.207641+0.008768 
[807]	train-rmse:0.202204+0.001837	test-rmse:0.207643+0.008766 
[808]	train-rmse:0.202205+0.001837	test-rmse:0.207644+0.008766 
[809]	train-rmse:0.202206+0.001837	test-rmse:0.207645+0.008766 
[810]	train-rmse:0.202207+0.001837	test-rmse:0.207645+0.008767 
[811]	train-rmse:0.202208+0.001837	test-rmse:0.207646+0.008766 
[812]	train-rmse:0.202209+0.001837	test-rmse:0.207647+0.008767 
[813]	train-rmse:0.202210+0.001837	test-rmse:0.207648+0.008767 
[814]	train-rmse:0.202209+0.001836	test-rmse:0.207647+0.008767 
[815]	train-rmse:0.202211+0.001836	test-rmse:0.207648+0.008767 
[816]	train-rmse:0.202108+0.001792	test-rmse:0.207532+0.008687 
[817]	train-rmse:0.202105+0.001800	test-rmse:0.207529+0.008684 
[818]	train-rmse:0.202106+0.001800	test-rmse:0.207530+0.008684 
[819]	train-rmse:0.202107+0.001800	test-rmse:0.207531+0.008684 
[820]	train-rmse:0.202108+0.001800	test-rmse:0.207532+0.008684 
[821]	train-rmse:0.202109+0.001800	test-rmse:0.207532+0.008683 
[822]	train-rmse:0.202129+0.001807	test-rmse:0.207544+0.008687 
[823]	train-rmse:0.202064+0.001961	test-rmse:0.207494+0.008608 
[824]	train-rmse:0.202065+0.001961	test-rmse:0.207495+0.008608 
[825]	train-rmse:0.201957+0.001926	test-rmse:0.207487+0.008621 
[826]	train-rmse:0.201952+0.001924	test-rmse:0.207482+0.008617 
[827]	train-rmse:0.201962+0.001928	test-rmse:0.207490+0.008621 
[828]	train-rmse:0.201976+0.001931	test-rmse:0.207495+0.008620 
[829]	train-rmse:0.201985+0.001937	test-rmse:0.207505+0.008614 
[830]	train-rmse:0.201981+0.001946	test-rmse:0.207500+0.008606 
[831]	train-rmse:0.201982+0.001946	test-rmse:0.207501+0.008606 
[832]	train-rmse:0.201979+0.001944	test-rmse:0.207498+0.008604 
[833]	train-rmse:0.201981+0.001945	test-rmse:0.207499+0.008604 
[834]	train-rmse:0.201983+0.001945	test-rmse:0.207501+0.008605 
[835]	train-rmse:0.201988+0.001946	test-rmse:0.207503+0.008604 
[836]	train-rmse:0.201981+0.001941	test-rmse:0.207495+0.008603 
[837]	train-rmse:0.201982+0.001941	test-rmse:0.207495+0.008603 
[838]	train-rmse:0.201987+0.001932	test-rmse:0.207501+0.008610 
[839]	train-rmse:0.201993+0.001922	test-rmse:0.207508+0.008618 
[840]	train-rmse:0.202002+0.001927	test-rmse:0.207516+0.008613 
[841]	train-rmse:0.202003+0.001927	test-rmse:0.207517+0.008613 
[842]	train-rmse:0.201999+0.001926	test-rmse:0.207514+0.008610 
[843]	train-rmse:0.202000+0.001925	test-rmse:0.207515+0.008610 
[844]	train-rmse:0.201998+0.001925	test-rmse:0.207515+0.008611 
[845]	train-rmse:0.202004+0.001915	test-rmse:0.207521+0.008619 
[846]	train-rmse:0.201854+0.001904	test-rmse:0.207448+0.008725 
[847]	train-rmse:0.201848+0.001900	test-rmse:0.207443+0.008721 
[848]	train-rmse:0.201859+0.001882	test-rmse:0.207454+0.008736 
[849]	train-rmse:0.201860+0.001882	test-rmse:0.207455+0.008736 
[850]	train-rmse:0.201865+0.001884	test-rmse:0.207459+0.008738 
[851]	train-rmse:0.201860+0.001884	test-rmse:0.207459+0.008740 
[852]	train-rmse:0.201782+0.001899	test-rmse:0.207448+0.008757 
[853]	train-rmse:0.201783+0.001899	test-rmse:0.207449+0.008757 
[854]	train-rmse:0.201784+0.001898	test-rmse:0.207451+0.008758 
[855]	train-rmse:0.201785+0.001897	test-rmse:0.207451+0.008757 
[856]	train-rmse:0.201788+0.001899	test-rmse:0.207453+0.008759 
[857]	train-rmse:0.201789+0.001899	test-rmse:0.207454+0.008759 
[858]	train-rmse:0.201730+0.001860	test-rmse:0.207439+0.008758 
[859]	train-rmse:0.201731+0.001861	test-rmse:0.207439+0.008758 
[860]	train-rmse:0.201735+0.001862	test-rmse:0.207443+0.008759 
[861]	train-rmse:0.201741+0.001861	test-rmse:0.207444+0.008758 
[862]	train-rmse:0.201742+0.001861	test-rmse:0.207445+0.008759 
[863]	train-rmse:0.201743+0.001861	test-rmse:0.207446+0.008759 
[864]	train-rmse:0.201744+0.001860	test-rmse:0.207447+0.008759 
[865]	train-rmse:0.201743+0.001860	test-rmse:0.207446+0.008758 
[866]	train-rmse:0.201744+0.001859	test-rmse:0.207446+0.008759 
[867]	train-rmse:0.201745+0.001859	test-rmse:0.207447+0.008759 
[868]	train-rmse:0.201746+0.001859	test-rmse:0.207447+0.008759 
[869]	train-rmse:0.201746+0.001859	test-rmse:0.207448+0.008758 
[870]	train-rmse:0.201747+0.001859	test-rmse:0.207449+0.008758 
[871]	train-rmse:0.201749+0.001859	test-rmse:0.207450+0.008759 
[872]	train-rmse:0.201753+0.001858	test-rmse:0.207451+0.008758 
[873]	train-rmse:0.201756+0.001861	test-rmse:0.207455+0.008756 
[874]	train-rmse:0.201692+0.001829	test-rmse:0.207366+0.008692 
[875]	train-rmse:0.201677+0.001855	test-rmse:0.207352+0.008672 
[876]	train-rmse:0.201678+0.001855	test-rmse:0.207353+0.008671 
[877]	train-rmse:0.201626+0.001867	test-rmse:0.207334+0.008698 
[878]	train-rmse:0.201627+0.001867	test-rmse:0.207335+0.008698 
[879]	train-rmse:0.201627+0.001867	test-rmse:0.207335+0.008698 
[880]	train-rmse:0.201628+0.001867	test-rmse:0.207336+0.008698 
[881]	train-rmse:0.201629+0.001867	test-rmse:0.207337+0.008698 
[882]	train-rmse:0.201643+0.001865	test-rmse:0.207351+0.008701 
[883]	train-rmse:0.201641+0.001869	test-rmse:0.207350+0.008698 
[884]	train-rmse:0.201642+0.001869	test-rmse:0.207350+0.008698 
[885]	train-rmse:0.201643+0.001869	test-rmse:0.207351+0.008698 
[886]	train-rmse:0.201645+0.001869	test-rmse:0.207352+0.008698 
[887]	train-rmse:0.201645+0.001869	test-rmse:0.207353+0.008698 
[888]	train-rmse:0.201645+0.001869	test-rmse:0.207353+0.008698 
[889]	train-rmse:0.201642+0.001867	test-rmse:0.207350+0.008696 
[890]	train-rmse:0.201645+0.001868	test-rmse:0.207353+0.008696 
[891]	train-rmse:0.201646+0.001868	test-rmse:0.207353+0.008696 
[892]	train-rmse:0.201590+0.001814	test-rmse:0.207274+0.008746 
[893]	train-rmse:0.201591+0.001814	test-rmse:0.207275+0.008746 
[894]	train-rmse:0.201592+0.001814	test-rmse:0.207275+0.008746 
[895]	train-rmse:0.201599+0.001797	test-rmse:0.207286+0.008762 
[896]	train-rmse:0.201600+0.001797	test-rmse:0.207287+0.008762 
[897]	train-rmse:0.201603+0.001797	test-rmse:0.207287+0.008760 
[898]	train-rmse:0.201604+0.001797	test-rmse:0.207288+0.008760 
[899]	train-rmse:0.201604+0.001796	test-rmse:0.207288+0.008760 
[900]	train-rmse:0.201598+0.001791	test-rmse:0.207281+0.008760 
[901]	train-rmse:0.201599+0.001791	test-rmse:0.207281+0.008760 
[902]	train-rmse:0.201602+0.001793	test-rmse:0.207284+0.008760 
[903]	train-rmse:0.201596+0.001805	test-rmse:0.207278+0.008750 
[904]	train-rmse:0.201597+0.001805	test-rmse:0.207279+0.008751 
[905]	train-rmse:0.201589+0.001797	test-rmse:0.207270+0.008757 
[906]	train-rmse:0.201594+0.001799	test-rmse:0.207275+0.008757 
[907]	train-rmse:0.201587+0.001794	test-rmse:0.207267+0.008757 
[908]	train-rmse:0.201588+0.001794	test-rmse:0.207268+0.008757 
[909]	train-rmse:0.201590+0.001794	test-rmse:0.207270+0.008757 
[910]	train-rmse:0.201521+0.001924	test-rmse:0.207255+0.008735 
[911]	train-rmse:0.201522+0.001923	test-rmse:0.207256+0.008735 
[912]	train-rmse:0.201531+0.001928	test-rmse:0.207264+0.008740 
[913]	train-rmse:0.201532+0.001928	test-rmse:0.207265+0.008740 
[914]	train-rmse:0.201558+0.001935	test-rmse:0.207293+0.008735 
[915]	train-rmse:0.201564+0.001927	test-rmse:0.207299+0.008742 
[916]	train-rmse:0.201550+0.001918	test-rmse:0.207283+0.008741 
[917]	train-rmse:0.201561+0.001900	test-rmse:0.207295+0.008756 
[918]	train-rmse:0.201552+0.001918	test-rmse:0.207285+0.008741 
[919]	train-rmse:0.201553+0.001918	test-rmse:0.207286+0.008741 
[920]	train-rmse:0.201554+0.001918	test-rmse:0.207286+0.008741 
[921]	train-rmse:0.201553+0.001918	test-rmse:0.207287+0.008742 
[922]	train-rmse:0.201554+0.001919	test-rmse:0.207288+0.008741 
[923]	train-rmse:0.201551+0.001920	test-rmse:0.207288+0.008742 
[924]	train-rmse:0.201543+0.001922	test-rmse:0.207288+0.008743 
[925]	train-rmse:0.201544+0.001922	test-rmse:0.207289+0.008743 
[926]	train-rmse:0.201545+0.001922	test-rmse:0.207289+0.008742 
[927]	train-rmse:0.201546+0.001922	test-rmse:0.207290+0.008742 
[928]	train-rmse:0.201552+0.001914	test-rmse:0.207297+0.008750 
[929]	train-rmse:0.201546+0.001907	test-rmse:0.207290+0.008755 
[930]	train-rmse:0.201556+0.001889	test-rmse:0.207301+0.008770 
[931]	train-rmse:0.201547+0.001899	test-rmse:0.207290+0.008760 
[932]	train-rmse:0.201557+0.001885	test-rmse:0.207299+0.008772 
[933]	train-rmse:0.201563+0.001887	test-rmse:0.207304+0.008774 
[934]	train-rmse:0.201563+0.001887	test-rmse:0.207305+0.008774 
[935]	train-rmse:0.201564+0.001887	test-rmse:0.207305+0.008774 
[936]	train-rmse:0.201565+0.001887	test-rmse:0.207306+0.008774 
[937]	train-rmse:0.201569+0.001886	test-rmse:0.207306+0.008774 
[938]	train-rmse:0.201570+0.001886	test-rmse:0.207307+0.008774 
[939]	train-rmse:0.201576+0.001889	test-rmse:0.207314+0.008776 
[940]	train-rmse:0.201565+0.001907	test-rmse:0.207299+0.008758 
[941]	train-rmse:0.201567+0.001906	test-rmse:0.207299+0.008758 
[942]	train-rmse:0.201573+0.001911	test-rmse:0.207306+0.008753 
[943]	train-rmse:0.201574+0.001911	test-rmse:0.207306+0.008753 
[944]	train-rmse:0.201571+0.001912	test-rmse:0.207306+0.008754 
[945]	train-rmse:0.201572+0.001912	test-rmse:0.207307+0.008754 
[946]	train-rmse:0.201559+0.001936	test-rmse:0.207293+0.008734 
[947]	train-rmse:0.201559+0.001935	test-rmse:0.207292+0.008734 
[948]	train-rmse:0.201559+0.001935	test-rmse:0.207293+0.008734 
[949]	train-rmse:0.201563+0.001937	test-rmse:0.207297+0.008736 
[950]	train-rmse:0.201568+0.001936	test-rmse:0.207297+0.008736 
[951]	train-rmse:0.201569+0.001936	test-rmse:0.207298+0.008736 
[952]	train-rmse:0.201570+0.001936	test-rmse:0.207299+0.008736 
[953]	train-rmse:0.201515+0.001878	test-rmse:0.207223+0.008798 
[954]	train-rmse:0.201516+0.001877	test-rmse:0.207224+0.008799 
[955]	train-rmse:0.201521+0.001878	test-rmse:0.207228+0.008806 
[956]	train-rmse:0.201527+0.001877	test-rmse:0.207229+0.008806 
[957]	train-rmse:0.201520+0.001871	test-rmse:0.207222+0.008807 
[958]	train-rmse:0.201517+0.001879	test-rmse:0.207218+0.008801 
[959]	train-rmse:0.201528+0.001859	test-rmse:0.207230+0.008817 
[960]	train-rmse:0.201527+0.001860	test-rmse:0.207230+0.008817 
[961]	train-rmse:0.201531+0.001859	test-rmse:0.207231+0.008817 
[962]	train-rmse:0.201529+0.001856	test-rmse:0.207228+0.008819 
[963]	train-rmse:0.201534+0.001856	test-rmse:0.207230+0.008821 
[964]	train-rmse:0.201533+0.001855	test-rmse:0.207229+0.008821 
[965]	train-rmse:0.201520+0.001844	test-rmse:0.207215+0.008826 
[966]	train-rmse:0.201522+0.001845	test-rmse:0.207217+0.008825 
[967]	train-rmse:0.201523+0.001845	test-rmse:0.207218+0.008825 
[968]	train-rmse:0.201467+0.001816	test-rmse:0.207163+0.008784 
[969]	train-rmse:0.201470+0.001816	test-rmse:0.207164+0.008784 
[970]	train-rmse:0.201471+0.001816	test-rmse:0.207164+0.008783 
[971]	train-rmse:0.201472+0.001816	test-rmse:0.207165+0.008783 
[972]	train-rmse:0.201473+0.001815	test-rmse:0.207166+0.008783 
[973]	train-rmse:0.201475+0.001815	test-rmse:0.207167+0.008783 
[974]	train-rmse:0.201475+0.001816	test-rmse:0.207167+0.008783 
[975]	train-rmse:0.201476+0.001816	test-rmse:0.207168+0.008783 
[976]	train-rmse:0.201477+0.001815	test-rmse:0.207168+0.008782 
[977]	train-rmse:0.201479+0.001815	test-rmse:0.207169+0.008782 
[978]	train-rmse:0.201480+0.001815	test-rmse:0.207170+0.008782 
[979]	train-rmse:0.201476+0.001816	test-rmse:0.207170+0.008783 
[980]	train-rmse:0.201477+0.001816	test-rmse:0.207170+0.008784 
[981]	train-rmse:0.201488+0.001824	test-rmse:0.207182+0.008776 
[982]	train-rmse:0.201489+0.001824	test-rmse:0.207183+0.008776 
[983]	train-rmse:0.201490+0.001823	test-rmse:0.207183+0.008776 
[984]	train-rmse:0.201486+0.001832	test-rmse:0.207179+0.008768 
[985]	train-rmse:0.201492+0.001821	test-rmse:0.207186+0.008778 
[986]	train-rmse:0.201492+0.001819	test-rmse:0.207185+0.008780 
[987]	train-rmse:0.201493+0.001819	test-rmse:0.207186+0.008779 
[988]	train-rmse:0.201494+0.001819	test-rmse:0.207186+0.008780 
[989]	train-rmse:0.201495+0.001819	test-rmse:0.207188+0.008779 
[990]	train-rmse:0.201496+0.001819	test-rmse:0.207188+0.008779 
[991]	train-rmse:0.201494+0.001817	test-rmse:0.207185+0.008779 
[992]	train-rmse:0.201493+0.001816	test-rmse:0.207184+0.008781 
[993]	train-rmse:0.201494+0.001816	test-rmse:0.207185+0.008781 
[994]	train-rmse:0.201411+0.001785	test-rmse:0.207098+0.008727 
[995]	train-rmse:0.201418+0.001784	test-rmse:0.207099+0.008726 
[996]	train-rmse:0.201418+0.001784	test-rmse:0.207100+0.008726 
[997]	train-rmse:0.201427+0.001784	test-rmse:0.207102+0.008725 
[998]	train-rmse:0.201425+0.001784	test-rmse:0.207102+0.008725 
[999]	train-rmse:0.201426+0.001784	test-rmse:0.207103+0.008725 
[1000]	train-rmse:0.201427+0.001784	test-rmse:0.207103+0.008725 
[1001]	train-rmse:0.201427+0.001784	test-rmse:0.207104+0.008725 
[1002]	train-rmse:0.201436+0.001790	test-rmse:0.207113+0.008725 
[1003]	train-rmse:0.201428+0.001783	test-rmse:0.207104+0.008732 
[1004]	train-rmse:0.201429+0.001782	test-rmse:0.207105+0.008732 
[1005]	train-rmse:0.201430+0.001782	test-rmse:0.207106+0.008732 
[1006]	train-rmse:0.201430+0.001790	test-rmse:0.207106+0.008727 
[1007]	train-rmse:0.201431+0.001789	test-rmse:0.207106+0.008728 
[1008]	train-rmse:0.201432+0.001789	test-rmse:0.207107+0.008728 
[1009]	train-rmse:0.201419+0.001787	test-rmse:0.207102+0.008729 
[1010]	train-rmse:0.201322+0.001712	test-rmse:0.207038+0.008775 
[1011]	train-rmse:0.201309+0.001700	test-rmse:0.207024+0.008774 
[1012]	train-rmse:0.201310+0.001700	test-rmse:0.207024+0.008774 
[1013]	train-rmse:0.201292+0.001714	test-rmse:0.207004+0.008765 
[1014]	train-rmse:0.201293+0.001714	test-rmse:0.207005+0.008764 
[1015]	train-rmse:0.201294+0.001714	test-rmse:0.207006+0.008764 
[1016]	train-rmse:0.201295+0.001714	test-rmse:0.207007+0.008764 
[1017]	train-rmse:0.201295+0.001714	test-rmse:0.207007+0.008764 
[1018]	train-rmse:0.201296+0.001714	test-rmse:0.207008+0.008764 
[1019]	train-rmse:0.201292+0.001709	test-rmse:0.207003+0.008764 
[1020]	train-rmse:0.201293+0.001709	test-rmse:0.207004+0.008764 
[1021]	train-rmse:0.201294+0.001709	test-rmse:0.207005+0.008764 
[1022]	train-rmse:0.201296+0.001710	test-rmse:0.207007+0.008763 
[1023]	train-rmse:0.201297+0.001710	test-rmse:0.207008+0.008763 
[1024]	train-rmse:0.201290+0.001711	test-rmse:0.207008+0.008764 
[1025]	train-rmse:0.201291+0.001710	test-rmse:0.207009+0.008764 
[1026]	train-rmse:0.201289+0.001708	test-rmse:0.207006+0.008767 
[1027]	train-rmse:0.201288+0.001713	test-rmse:0.207004+0.008764 
[1028]	train-rmse:0.201288+0.001713	test-rmse:0.207005+0.008764 
[1029]	train-rmse:0.201227+0.001823	test-rmse:0.206964+0.008710 
[1030]	train-rmse:0.201228+0.001823	test-rmse:0.206965+0.008710 
[1031]	train-rmse:0.201229+0.001823	test-rmse:0.206965+0.008710 
[1032]	train-rmse:0.201232+0.001824	test-rmse:0.206967+0.008711 
[1033]	train-rmse:0.201232+0.001824	test-rmse:0.206968+0.008711 
[1034]	train-rmse:0.201233+0.001824	test-rmse:0.206969+0.008711 
[1035]	train-rmse:0.201234+0.001824	test-rmse:0.206969+0.008711 
[1036]	train-rmse:0.201240+0.001827	test-rmse:0.206975+0.008707 
[1037]	train-rmse:0.201170+0.001770	test-rmse:0.206940+0.008704 
[1038]	train-rmse:0.201171+0.001770	test-rmse:0.206941+0.008704 
[1039]	train-rmse:0.201190+0.001784	test-rmse:0.206961+0.008696 
[1040]	train-rmse:0.201186+0.001778	test-rmse:0.206954+0.008696 
[1041]	train-rmse:0.201186+0.001778	test-rmse:0.206954+0.008696 
[1042]	train-rmse:0.201187+0.001778	test-rmse:0.206955+0.008696 
[1043]	train-rmse:0.201189+0.001779	test-rmse:0.206957+0.008696 
[1044]	train-rmse:0.201192+0.001780	test-rmse:0.206960+0.008698 
[1045]	train-rmse:0.201196+0.001781	test-rmse:0.206963+0.008699 
[1046]	train-rmse:0.201197+0.001781	test-rmse:0.206964+0.008700 
[1047]	train-rmse:0.201198+0.001780	test-rmse:0.206965+0.008700 
[1048]	train-rmse:0.201198+0.001780	test-rmse:0.206965+0.008700 
[1049]	train-rmse:0.201199+0.001780	test-rmse:0.206966+0.008700 
[1050]	train-rmse:0.201200+0.001780	test-rmse:0.206966+0.008700 
[1051]	train-rmse:0.201199+0.001780	test-rmse:0.206965+0.008699 
[1052]	train-rmse:0.201200+0.001780	test-rmse:0.206966+0.008699 
[1053]	train-rmse:0.201201+0.001780	test-rmse:0.206967+0.008699 
[1054]	train-rmse:0.201148+0.001743	test-rmse:0.206929+0.008727 
[1055]	train-rmse:0.201149+0.001743	test-rmse:0.206930+0.008727 
[1056]	train-rmse:0.201087+0.001703	test-rmse:0.206864+0.008721 
[1057]	train-rmse:0.201081+0.001717	test-rmse:0.206857+0.008710 
[1058]	train-rmse:0.201082+0.001717	test-rmse:0.206857+0.008710 
[1059]	train-rmse:0.201085+0.001719	test-rmse:0.206861+0.008710 
[1060]	train-rmse:0.201080+0.001730	test-rmse:0.206855+0.008701 
[1061]	train-rmse:0.201081+0.001730	test-rmse:0.206856+0.008701 
[1062]	train-rmse:0.201085+0.001732	test-rmse:0.206860+0.008698 
[1063]	train-rmse:0.201086+0.001732	test-rmse:0.206861+0.008698 
[1064]	train-rmse:0.201087+0.001732	test-rmse:0.206861+0.008698 
[1065]	train-rmse:0.201088+0.001733	test-rmse:0.206863+0.008698 
[1066]	train-rmse:0.201089+0.001733	test-rmse:0.206863+0.008698 
[1067]	train-rmse:0.201079+0.001739	test-rmse:0.206853+0.008687 
[1068]	train-rmse:0.201085+0.001743	test-rmse:0.206860+0.008688 
[1069]	train-rmse:0.201090+0.001741	test-rmse:0.206856+0.008686 
[1070]	train-rmse:0.201011+0.001897	test-rmse:0.206780+0.008574 
[1071]	train-rmse:0.201012+0.001897	test-rmse:0.206780+0.008574 
[1072]	train-rmse:0.201015+0.001897	test-rmse:0.206781+0.008574 
[1073]	train-rmse:0.201020+0.001892	test-rmse:0.206787+0.008579 
[1074]	train-rmse:0.201024+0.001893	test-rmse:0.206788+0.008579 
[1075]	train-rmse:0.201029+0.001893	test-rmse:0.206789+0.008578 
[1076]	train-rmse:0.201030+0.001893	test-rmse:0.206790+0.008578 
[1077]	train-rmse:0.201045+0.001895	test-rmse:0.206793+0.008574 
[1078]	train-rmse:0.201045+0.001895	test-rmse:0.206794+0.008574 
[1079]	train-rmse:0.201047+0.001909	test-rmse:0.206793+0.008567 
[1080]	train-rmse:0.201048+0.001910	test-rmse:0.206793+0.008567 
[1081]	train-rmse:0.201047+0.001909	test-rmse:0.206792+0.008568 
[1082]	train-rmse:0.201054+0.001913	test-rmse:0.206799+0.008569 
[1083]	train-rmse:0.201072+0.001924	test-rmse:0.206818+0.008563 
[1084]	train-rmse:0.201073+0.001924	test-rmse:0.206819+0.008564 
[1085]	train-rmse:0.201074+0.001924	test-rmse:0.206819+0.008564 
[1086]	train-rmse:0.201070+0.001923	test-rmse:0.206819+0.008565 
[1087]	train-rmse:0.201075+0.001925	test-rmse:0.206824+0.008564 
[1088]	train-rmse:0.201075+0.001926	test-rmse:0.206824+0.008563 
[1089]	train-rmse:0.201074+0.001924	test-rmse:0.206820+0.008558 
[1090]	train-rmse:0.201076+0.001924	test-rmse:0.206821+0.008558 
[1091]	train-rmse:0.201067+0.001943	test-rmse:0.206811+0.008543 
[1092]	train-rmse:0.201068+0.001943	test-rmse:0.206811+0.008543 
[1093]	train-rmse:0.201069+0.001943	test-rmse:0.206812+0.008542 
[1094]	train-rmse:0.201069+0.001943	test-rmse:0.206813+0.008543 
[1095]	train-rmse:0.201070+0.001943	test-rmse:0.206813+0.008542 
[1096]	train-rmse:0.201070+0.001943	test-rmse:0.206814+0.008543 
[1097]	train-rmse:0.201071+0.001943	test-rmse:0.206815+0.008543 
[1098]	train-rmse:0.201072+0.001943	test-rmse:0.206815+0.008542 
[1099]	train-rmse:0.200962+0.001902	test-rmse:0.206742+0.008496 
[1100]	train-rmse:0.200953+0.001899	test-rmse:0.206741+0.008500 
[1101]	train-rmse:0.200951+0.001898	test-rmse:0.206739+0.008499 
[1102]	train-rmse:0.200952+0.001898	test-rmse:0.206739+0.008499 
[1103]	train-rmse:0.200950+0.001897	test-rmse:0.206737+0.008500 
[1104]	train-rmse:0.200951+0.001897	test-rmse:0.206738+0.008500 
[1105]	train-rmse:0.200956+0.001898	test-rmse:0.206740+0.008499 
[1106]	train-rmse:0.200962+0.001901	test-rmse:0.206745+0.008496 
[1107]	train-rmse:0.200962+0.001901	test-rmse:0.206745+0.008496 
[1108]	train-rmse:0.200962+0.001900	test-rmse:0.206745+0.008495 
[1109]	train-rmse:0.200963+0.001900	test-rmse:0.206745+0.008495 
[1110]	train-rmse:0.200964+0.001900	test-rmse:0.206746+0.008495 
[1111]	train-rmse:0.200964+0.001900	test-rmse:0.206746+0.008495 
[1112]	train-rmse:0.200979+0.001875	test-rmse:0.206762+0.008515 
[1113]	train-rmse:0.200980+0.001875	test-rmse:0.206762+0.008515 
[1114]	train-rmse:0.200980+0.001875	test-rmse:0.206762+0.008515 
[1115]	train-rmse:0.200973+0.001869	test-rmse:0.206754+0.008515 
[1116]	train-rmse:0.200974+0.001869	test-rmse:0.206755+0.008515 
[1117]	train-rmse:0.200975+0.001869	test-rmse:0.206755+0.008515 
[1118]	train-rmse:0.200977+0.001867	test-rmse:0.206757+0.008517 
[1119]	train-rmse:0.200978+0.001868	test-rmse:0.206761+0.008520 
[1120]	train-rmse:0.200983+0.001871	test-rmse:0.206766+0.008517 
[1121]	train-rmse:0.200974+0.001868	test-rmse:0.206758+0.008512 
[1122]	train-rmse:0.200975+0.001868	test-rmse:0.206759+0.008512 
[1123]	train-rmse:0.200984+0.001874	test-rmse:0.206768+0.008506 
[1124]	train-rmse:0.200894+0.001856	test-rmse:0.206638+0.008433 
[1125]	train-rmse:0.200901+0.001857	test-rmse:0.206640+0.008431 
[1126]	train-rmse:0.200902+0.001857	test-rmse:0.206641+0.008431 
[1127]	train-rmse:0.200903+0.001857	test-rmse:0.206642+0.008431 
[1128]	train-rmse:0.200903+0.001857	test-rmse:0.206643+0.008431 
[1129]	train-rmse:0.200900+0.001854	test-rmse:0.206639+0.008434 
[1130]	train-rmse:0.200901+0.001854	test-rmse:0.206640+0.008434 
[1131]	train-rmse:0.200909+0.001856	test-rmse:0.206642+0.008432 
[1132]	train-rmse:0.200910+0.001856	test-rmse:0.206643+0.008432 
[1133]	train-rmse:0.200910+0.001854	test-rmse:0.206644+0.008432 
[1134]	train-rmse:0.200876+0.001923	test-rmse:0.206564+0.008311 
[1135]	train-rmse:0.200876+0.001923	test-rmse:0.206564+0.008312 
[1136]	train-rmse:0.200877+0.001923	test-rmse:0.206565+0.008312 
[1137]	train-rmse:0.200885+0.001905	test-rmse:0.206573+0.008327 
[1138]	train-rmse:0.200888+0.001906	test-rmse:0.206577+0.008327 
[1139]	train-rmse:0.200895+0.001911	test-rmse:0.206584+0.008328 
[1140]	train-rmse:0.200891+0.001908	test-rmse:0.206580+0.008327 
[1141]	train-rmse:0.200892+0.001908	test-rmse:0.206580+0.008327 
[1142]	train-rmse:0.200893+0.001909	test-rmse:0.206582+0.008326 
[1143]	train-rmse:0.200899+0.001899	test-rmse:0.206588+0.008334 
[1144]	train-rmse:0.200904+0.001903	test-rmse:0.206593+0.008331 
[1145]	train-rmse:0.200901+0.001906	test-rmse:0.206589+0.008327 
[1146]	train-rmse:0.200887+0.001905	test-rmse:0.206577+0.008320 
[1147]	train-rmse:0.200892+0.001909	test-rmse:0.206582+0.008317 
[1148]	train-rmse:0.200890+0.001905	test-rmse:0.206581+0.008322 
[1149]	train-rmse:0.200898+0.001911	test-rmse:0.206589+0.008316 
[1150]	train-rmse:0.200899+0.001911	test-rmse:0.206590+0.008316 
[1151]	train-rmse:0.200881+0.001900	test-rmse:0.206576+0.008326 
[1152]	train-rmse:0.200883+0.001889	test-rmse:0.206578+0.008335 
[1153]	train-rmse:0.200884+0.001889	test-rmse:0.206578+0.008335 
[1154]	train-rmse:0.200887+0.001891	test-rmse:0.206578+0.008333 
[1155]	train-rmse:0.200887+0.001890	test-rmse:0.206578+0.008333 
[1156]	train-rmse:0.200899+0.001897	test-rmse:0.206591+0.008335 
[1157]	train-rmse:0.200895+0.001900	test-rmse:0.206587+0.008331 
[1158]	train-rmse:0.200896+0.001900	test-rmse:0.206588+0.008331 
[1159]	train-rmse:0.200897+0.001900	test-rmse:0.206588+0.008331 
[1160]	train-rmse:0.200898+0.001900	test-rmse:0.206589+0.008331 
[1161]	train-rmse:0.200896+0.001898	test-rmse:0.206587+0.008333 
[1162]	train-rmse:0.200886+0.001917	test-rmse:0.206577+0.008317 
[1163]	train-rmse:0.200887+0.001917	test-rmse:0.206577+0.008317 
[1164]	train-rmse:0.200888+0.001917	test-rmse:0.206578+0.008317 
[1165]	train-rmse:0.200878+0.001910	test-rmse:0.206569+0.008317 
[1166]	train-rmse:0.200879+0.001910	test-rmse:0.206570+0.008317 
[1167]	train-rmse:0.200879+0.001910	test-rmse:0.206570+0.008317 
[1168]	train-rmse:0.200880+0.001910	test-rmse:0.206571+0.008317 
[1169]	train-rmse:0.200881+0.001910	test-rmse:0.206572+0.008317 
[1170]	train-rmse:0.200882+0.001910	test-rmse:0.206573+0.008316 
[1171]	train-rmse:0.200883+0.001910	test-rmse:0.206574+0.008316 
[1172]	train-rmse:0.200885+0.001911	test-rmse:0.206576+0.008315 
[1173]	train-rmse:0.200886+0.001911	test-rmse:0.206576+0.008315 
[1174]	train-rmse:0.200891+0.001912	test-rmse:0.206578+0.008314 
[1175]	train-rmse:0.200891+0.001913	test-rmse:0.206577+0.008313 
[1176]	train-rmse:0.200884+0.001914	test-rmse:0.206571+0.008309 
[1177]	train-rmse:0.200884+0.001913	test-rmse:0.206570+0.008308 
[1178]	train-rmse:0.200894+0.001918	test-rmse:0.206581+0.008310 
[1179]	train-rmse:0.200894+0.001918	test-rmse:0.206581+0.008310 
[1180]	train-rmse:0.200889+0.001916	test-rmse:0.206580+0.008312 
[1181]	train-rmse:0.200890+0.001916	test-rmse:0.206581+0.008312 
[1182]	train-rmse:0.200893+0.001919	test-rmse:0.206585+0.008312 
[1183]	train-rmse:0.200894+0.001919	test-rmse:0.206586+0.008312 
[1184]	train-rmse:0.200895+0.001919	test-rmse:0.206586+0.008312 
Stopping. Best iteration:
[1134]	train-rmse:0.200876+0.001923	test-rmse:0.206564+0.008311

> hgrid <-
+   dplyr::bind_cols(xgboost_params[index, ], dart.cv$evaluation_log[dart.cv$best_iteration, ], best_iter = dart.cv$best_iteration)
> 
> # write result
> fname <- file.path('data-raw', 'tune', year, 'array', paste0('tune_', index, '.tsv'))
> readr::write_tsv(hgrid, file = fname)
