> 
> # parse arguments
> args <- R.utils::commandArgs(trailingOnly = FALSE, asValues = TRUE)
> index <- as.integer(args$index)
> year <- as.character(args$year)
> nreps <- as.integer(args$nreps)
> seed <- as.integer(args$seed)
> 
> # get number of cores
> wkrs <- length(future::availableWorkers())
> 
> # set seed
> set.seed(seed)
> 
> # read and prepare the cluster features
> fp <- file.path('data-raw', 'features', year)
> clf <-
+   read_features(fp, pattern = 'paris.', recursive = FALSE)
> clf <- prepare_features(
+   clf,
+   feature_map = feature_map,
+   category = c('response', 'bio', 'net'),
+   type = 'list',
+   exclusions = c(
+     'mg2_pairs_count',
+     'mg2_not_pairs_count',
+     'mg2_portion_families_recovered',
+     'cluster_origin',
+     'bocc_origin',
+     'cluster_method',
+     'subcluster_method',
+     'year',
+     'IDs',
+     'go_sig_threshold',
+     'num_new_edges_on_any_node',
+     'HPO_ratio'
+   ),
+   verbose = TRUE
+ )
c('HPO_ratio', 'IDs', 'bocc_origin', 'cluster_method', 'cluster_origin', 'go_sig_threshold', 'max_norm_cell_type_comma_sep_string', 'max_norm_disease_comma_sep_string', 'mg2_not_pairs_count', 'mg2_pairs_count', 'mg2_portion_families_recovered', 'num_new_edges_on_any_node', 'sig_go_enrichment_fdr_corrected_p_vals', 'sig_go_enrichment_p_vals', 'sig_go_enrichment_terms', 'subcluster_method', 'year')

> 
> # prepare grid of parameters
> xgboost_params <- dials::parameters(
+   nrounds = dials::trees(),
+   eta = dials::learn_rate(),
+   gamma = dials::loss_reduction(),
+   dials::tree_depth(),
+   subsample = dials::sample_prop(),
+   rate_drop = dials::dropout(),
+   skip_drop = dials::dropout()
+ )
> xgboost_params <-
+   dials::grid_max_entropy(xgboost_params, size = nreps)
> 
> # tune the dart booster
> dart.param <-
+   list(
+     booster = "dart",
+     objective = "reg:logistic",
+     eval_metric = "rmse",
+     nthread = wkrs,
+     max_depth = xgboost_params$tree_depth[index],
+     eta = xgboost_params$eta[index],
+     gamma = xgboost_params$gamma[index],
+     subsample = xgboost_params$subsample[index],
+     rate_drop = xgboost_params$rate_drop[index],
+     skip_drop = xgboost_params$skip_drop[index]
+   )
> dart.cv <- xgboost::xgb.cv(
+   params = dart.param,
+   nrounds = xgboost_params$nrounds[index],
+   data = as.matrix(clf[, -1]),
+   nfold = 5,
+   label = clf$snowballing_pvalue,
+   early_stopping_rounds = 50
+ )
[1]	train-rmse:0.382656+0.001055	test-rmse:0.382635+0.004188 
Multiple eval metrics are present. Will use test_rmse for early stopping.
Will train until test_rmse hasn't improved in 50 rounds.

[2]	train-rmse:0.382631+0.001054	test-rmse:0.382612+0.004188 
[3]	train-rmse:0.382606+0.001054	test-rmse:0.382589+0.004187 
[4]	train-rmse:0.382580+0.001054	test-rmse:0.382565+0.004187 
[5]	train-rmse:0.382555+0.001054	test-rmse:0.382542+0.004187 
[6]	train-rmse:0.382530+0.001053	test-rmse:0.382519+0.004186 
[7]	train-rmse:0.382505+0.001053	test-rmse:0.382496+0.004186 
[8]	train-rmse:0.382479+0.001053	test-rmse:0.382474+0.004186 
[9]	train-rmse:0.382454+0.001053	test-rmse:0.382451+0.004186 
[10]	train-rmse:0.382429+0.001052	test-rmse:0.382428+0.004185 
[11]	train-rmse:0.382404+0.001052	test-rmse:0.382405+0.004185 
[12]	train-rmse:0.382379+0.001052	test-rmse:0.382382+0.004185 
[13]	train-rmse:0.382353+0.001052	test-rmse:0.382359+0.004184 
[14]	train-rmse:0.382328+0.001051	test-rmse:0.382336+0.004184 
[15]	train-rmse:0.382303+0.001051	test-rmse:0.382313+0.004184 
[16]	train-rmse:0.382278+0.001051	test-rmse:0.382290+0.004183 
[17]	train-rmse:0.382257+0.001050	test-rmse:0.382271+0.004184 
[18]	train-rmse:0.382237+0.001054	test-rmse:0.382252+0.004179 
[19]	train-rmse:0.382211+0.001054	test-rmse:0.382229+0.004179 
[20]	train-rmse:0.382191+0.001055	test-rmse:0.382211+0.004177 
[21]	train-rmse:0.382166+0.001055	test-rmse:0.382188+0.004177 
[22]	train-rmse:0.382141+0.001055	test-rmse:0.382165+0.004177 
[23]	train-rmse:0.382115+0.001054	test-rmse:0.382142+0.004177 
[24]	train-rmse:0.382090+0.001054	test-rmse:0.382119+0.004176 
[25]	train-rmse:0.382070+0.001055	test-rmse:0.382100+0.004175 
[26]	train-rmse:0.382049+0.001046	test-rmse:0.382082+0.004183 
[27]	train-rmse:0.382029+0.001048	test-rmse:0.382063+0.004182 
[28]	train-rmse:0.382004+0.001047	test-rmse:0.382040+0.004181 
[29]	train-rmse:0.381979+0.001047	test-rmse:0.382017+0.004181 
[30]	train-rmse:0.381954+0.001047	test-rmse:0.381994+0.004181 
[31]	train-rmse:0.381928+0.001047	test-rmse:0.381972+0.004180 
[32]	train-rmse:0.381903+0.001046	test-rmse:0.381949+0.004180 
[33]	train-rmse:0.381878+0.001046	test-rmse:0.381926+0.004180 
[34]	train-rmse:0.381853+0.001046	test-rmse:0.381903+0.004179 
[35]	train-rmse:0.381828+0.001046	test-rmse:0.381880+0.004179 
[36]	train-rmse:0.381803+0.001045	test-rmse:0.381857+0.004178 
[37]	train-rmse:0.381778+0.001045	test-rmse:0.381834+0.004178 
[38]	train-rmse:0.381752+0.001045	test-rmse:0.381811+0.004178 
[39]	train-rmse:0.381732+0.001048	test-rmse:0.381792+0.004174 
[40]	train-rmse:0.381707+0.001048	test-rmse:0.381769+0.004174 
[41]	train-rmse:0.381682+0.001048	test-rmse:0.381747+0.004174 
[42]	train-rmse:0.381657+0.001047	test-rmse:0.381724+0.004173 
[43]	train-rmse:0.381632+0.001047	test-rmse:0.381701+0.004173 
[44]	train-rmse:0.381607+0.001047	test-rmse:0.381678+0.004173 
[45]	train-rmse:0.381582+0.001047	test-rmse:0.381655+0.004172 
[46]	train-rmse:0.381557+0.001046	test-rmse:0.381632+0.004172 
[47]	train-rmse:0.381531+0.001046	test-rmse:0.381609+0.004171 
[48]	train-rmse:0.381506+0.001046	test-rmse:0.381587+0.004171 
[49]	train-rmse:0.381486+0.001050	test-rmse:0.381568+0.004168 
[50]	train-rmse:0.381466+0.001054	test-rmse:0.381550+0.004163 
[51]	train-rmse:0.381441+0.001054	test-rmse:0.381527+0.004163 
[52]	train-rmse:0.381416+0.001053	test-rmse:0.381504+0.004163 
[53]	train-rmse:0.381396+0.001044	test-rmse:0.381486+0.004171 
[54]	train-rmse:0.381370+0.001044	test-rmse:0.381463+0.004170 
[55]	train-rmse:0.381345+0.001044	test-rmse:0.381440+0.004170 
[56]	train-rmse:0.381320+0.001044	test-rmse:0.381417+0.004170 
[57]	train-rmse:0.381300+0.001047	test-rmse:0.381399+0.004166 
[58]	train-rmse:0.381280+0.001038	test-rmse:0.381380+0.004174 
[59]	train-rmse:0.381255+0.001038	test-rmse:0.381357+0.004174 
[60]	train-rmse:0.381230+0.001037	test-rmse:0.381335+0.004174 
[61]	train-rmse:0.381205+0.001037	test-rmse:0.381312+0.004174 
[62]	train-rmse:0.381180+0.001037	test-rmse:0.381289+0.004173 
[63]	train-rmse:0.381155+0.001037	test-rmse:0.381266+0.004173 
[64]	train-rmse:0.381130+0.001036	test-rmse:0.381243+0.004173 
[65]	train-rmse:0.381105+0.001036	test-rmse:0.381220+0.004172 
[66]	train-rmse:0.381079+0.001036	test-rmse:0.381198+0.004172 
[67]	train-rmse:0.381054+0.001036	test-rmse:0.381175+0.004172 
[68]	train-rmse:0.381029+0.001035	test-rmse:0.381152+0.004171 
[69]	train-rmse:0.381004+0.001035	test-rmse:0.381129+0.004171 
[70]	train-rmse:0.380979+0.001035	test-rmse:0.381106+0.004171 
[71]	train-rmse:0.380954+0.001035	test-rmse:0.381083+0.004170 
[72]	train-rmse:0.380929+0.001035	test-rmse:0.381061+0.004170 
[73]	train-rmse:0.380904+0.001034	test-rmse:0.381038+0.004170 
[74]	train-rmse:0.380879+0.001034	test-rmse:0.381015+0.004169 
[75]	train-rmse:0.380854+0.001034	test-rmse:0.380992+0.004169 
[76]	train-rmse:0.380829+0.001034	test-rmse:0.380969+0.004168 
[77]	train-rmse:0.380804+0.001033	test-rmse:0.380947+0.004168 
[78]	train-rmse:0.380779+0.001033	test-rmse:0.380924+0.004168 
[79]	train-rmse:0.380754+0.001033	test-rmse:0.380901+0.004168 
[80]	train-rmse:0.380729+0.001033	test-rmse:0.380878+0.004167 
[81]	train-rmse:0.380704+0.001032	test-rmse:0.380855+0.004167 
[82]	train-rmse:0.380679+0.001032	test-rmse:0.380833+0.004167 
[83]	train-rmse:0.380654+0.001032	test-rmse:0.380810+0.004166 
[84]	train-rmse:0.380629+0.001032	test-rmse:0.380787+0.004166 
[85]	train-rmse:0.380604+0.001031	test-rmse:0.380764+0.004166 
[86]	train-rmse:0.380579+0.001031	test-rmse:0.380741+0.004165 
[87]	train-rmse:0.380559+0.001035	test-rmse:0.380723+0.004162 
[88]	train-rmse:0.380534+0.001035	test-rmse:0.380700+0.004162 
[89]	train-rmse:0.380509+0.001034	test-rmse:0.380677+0.004161 
[90]	train-rmse:0.380484+0.001034	test-rmse:0.380654+0.004161 
[91]	train-rmse:0.380459+0.001034	test-rmse:0.380632+0.004161 
[92]	train-rmse:0.380434+0.001034	test-rmse:0.380609+0.004160 
[93]	train-rmse:0.380409+0.001033	test-rmse:0.380586+0.004160 
[94]	train-rmse:0.380384+0.001033	test-rmse:0.380563+0.004160 
[95]	train-rmse:0.380359+0.001033	test-rmse:0.380541+0.004159 
[96]	train-rmse:0.380334+0.001033	test-rmse:0.380518+0.004159 
[97]	train-rmse:0.380314+0.001037	test-rmse:0.380499+0.004154 
[98]	train-rmse:0.380289+0.001037	test-rmse:0.380477+0.004154 
[99]	train-rmse:0.380264+0.001037	test-rmse:0.380454+0.004154 
[100]	train-rmse:0.380239+0.001036	test-rmse:0.380431+0.004153 
[101]	train-rmse:0.380214+0.001036	test-rmse:0.380408+0.004153 
[102]	train-rmse:0.380194+0.001035	test-rmse:0.380390+0.004153 
[103]	train-rmse:0.380169+0.001035	test-rmse:0.380367+0.004153 
[104]	train-rmse:0.380144+0.001035	test-rmse:0.380345+0.004152 
[105]	train-rmse:0.380124+0.001034	test-rmse:0.380326+0.004153 
[106]	train-rmse:0.380099+0.001034	test-rmse:0.380304+0.004152 
[107]	train-rmse:0.380075+0.001034	test-rmse:0.380281+0.004152 
[108]	train-rmse:0.380050+0.001033	test-rmse:0.380258+0.004151 
[109]	train-rmse:0.380029+0.001024	test-rmse:0.380240+0.004160 
[110]	train-rmse:0.380004+0.001024	test-rmse:0.380217+0.004159 
[111]	train-rmse:0.379980+0.001023	test-rmse:0.380195+0.004159 
[112]	train-rmse:0.379955+0.001023	test-rmse:0.380172+0.004159 
[113]	train-rmse:0.379930+0.001023	test-rmse:0.380149+0.004158 
[114]	train-rmse:0.379905+0.001023	test-rmse:0.380126+0.004158 
[115]	train-rmse:0.379880+0.001023	test-rmse:0.380104+0.004158 
[116]	train-rmse:0.379855+0.001022	test-rmse:0.380081+0.004157 
[117]	train-rmse:0.379830+0.001022	test-rmse:0.380058+0.004157 
[118]	train-rmse:0.379805+0.001022	test-rmse:0.380035+0.004156 
[119]	train-rmse:0.379780+0.001022	test-rmse:0.380013+0.004156 
[120]	train-rmse:0.379755+0.001022	test-rmse:0.379990+0.004156 
[121]	train-rmse:0.379730+0.001021	test-rmse:0.379967+0.004156 
[122]	train-rmse:0.379705+0.001021	test-rmse:0.379945+0.004155 
[123]	train-rmse:0.379680+0.001021	test-rmse:0.379922+0.004155 
[124]	train-rmse:0.379656+0.001021	test-rmse:0.379899+0.004154 
[125]	train-rmse:0.379631+0.001020	test-rmse:0.379876+0.004154 
[126]	train-rmse:0.379606+0.001020	test-rmse:0.379854+0.004154 
[127]	train-rmse:0.379581+0.001020	test-rmse:0.379831+0.004153 
[128]	train-rmse:0.379556+0.001020	test-rmse:0.379808+0.004153 
[129]	train-rmse:0.379531+0.001019	test-rmse:0.379785+0.004153 
[130]	train-rmse:0.379506+0.001019	test-rmse:0.379763+0.004152 
[131]	train-rmse:0.379481+0.001019	test-rmse:0.379740+0.004152 
[132]	train-rmse:0.379456+0.001019	test-rmse:0.379717+0.004151 
[133]	train-rmse:0.379432+0.001018	test-rmse:0.379695+0.004151 
[134]	train-rmse:0.379407+0.001018	test-rmse:0.379672+0.004151 
[135]	train-rmse:0.379382+0.001018	test-rmse:0.379649+0.004150 
[136]	train-rmse:0.379357+0.001018	test-rmse:0.379626+0.004150 
[137]	train-rmse:0.379337+0.001021	test-rmse:0.379608+0.004147 
[138]	train-rmse:0.379312+0.001021	test-rmse:0.379585+0.004146 
[139]	train-rmse:0.379287+0.001021	test-rmse:0.379562+0.004146 
[140]	train-rmse:0.379263+0.001021	test-rmse:0.379540+0.004146 
[141]	train-rmse:0.379243+0.001024	test-rmse:0.379521+0.004142 
[142]	train-rmse:0.379218+0.001024	test-rmse:0.379499+0.004142 
[143]	train-rmse:0.379198+0.001028	test-rmse:0.379480+0.004138 
[144]	train-rmse:0.379173+0.001027	test-rmse:0.379457+0.004138 
[145]	train-rmse:0.379148+0.001027	test-rmse:0.379435+0.004138 
[146]	train-rmse:0.379128+0.001031	test-rmse:0.379416+0.004134 
[147]	train-rmse:0.379109+0.001032	test-rmse:0.379398+0.004133 
[148]	train-rmse:0.379084+0.001032	test-rmse:0.379375+0.004132 
[149]	train-rmse:0.379069+0.001024	test-rmse:0.379362+0.004139 
[150]	train-rmse:0.379049+0.001025	test-rmse:0.379344+0.004138 
[151]	train-rmse:0.379029+0.001015	test-rmse:0.379326+0.004146 
[152]	train-rmse:0.379004+0.001015	test-rmse:0.379303+0.004146 
[153]	train-rmse:0.378979+0.001015	test-rmse:0.379280+0.004146 
[154]	train-rmse:0.378954+0.001015	test-rmse:0.379258+0.004145 
[155]	train-rmse:0.378929+0.001014	test-rmse:0.379235+0.004145 
[156]	train-rmse:0.378904+0.001014	test-rmse:0.379212+0.004145 
[157]	train-rmse:0.378880+0.001014	test-rmse:0.379189+0.004144 
[158]	train-rmse:0.378855+0.001014	test-rmse:0.379167+0.004144 
[159]	train-rmse:0.378830+0.001014	test-rmse:0.379144+0.004143 
[160]	train-rmse:0.378810+0.001004	test-rmse:0.379126+0.004152 
[161]	train-rmse:0.378785+0.001004	test-rmse:0.379104+0.004151 
[162]	train-rmse:0.378760+0.001004	test-rmse:0.379081+0.004151 
[163]	train-rmse:0.378740+0.001008	test-rmse:0.379063+0.004146 
[164]	train-rmse:0.378716+0.001008	test-rmse:0.379040+0.004146 
[165]	train-rmse:0.378691+0.001008	test-rmse:0.379018+0.004145 
[166]	train-rmse:0.378666+0.001007	test-rmse:0.378995+0.004145 
[167]	train-rmse:0.378641+0.001007	test-rmse:0.378972+0.004145 
[168]	train-rmse:0.378621+0.001011	test-rmse:0.378954+0.004140 
[169]	train-rmse:0.378601+0.001016	test-rmse:0.378936+0.004135 
[170]	train-rmse:0.378577+0.001016	test-rmse:0.378914+0.004134 
[171]	train-rmse:0.378552+0.001016	test-rmse:0.378891+0.004134 
[172]	train-rmse:0.378527+0.001015	test-rmse:0.378868+0.004134 
[173]	train-rmse:0.378502+0.001015	test-rmse:0.378846+0.004134 
[174]	train-rmse:0.378482+0.001014	test-rmse:0.378828+0.004134 
[175]	train-rmse:0.378458+0.001014	test-rmse:0.378805+0.004133 
[176]	train-rmse:0.378433+0.001014	test-rmse:0.378782+0.004133 
[177]	train-rmse:0.378408+0.001013	test-rmse:0.378760+0.004133 
[178]	train-rmse:0.378383+0.001013	test-rmse:0.378737+0.004132 
[179]	train-rmse:0.378358+0.001013	test-rmse:0.378714+0.004132 
[180]	train-rmse:0.378334+0.001013	test-rmse:0.378692+0.004132 
[181]	train-rmse:0.378309+0.001012	test-rmse:0.378669+0.004131 
[182]	train-rmse:0.378284+0.001012	test-rmse:0.378647+0.004131 
[183]	train-rmse:0.378264+0.001013	test-rmse:0.378628+0.004130 
[184]	train-rmse:0.378239+0.001013	test-rmse:0.378606+0.004129 
[185]	train-rmse:0.378215+0.001013	test-rmse:0.378583+0.004129 
[186]	train-rmse:0.378195+0.001004	test-rmse:0.378565+0.004137 
[187]	train-rmse:0.378175+0.000994	test-rmse:0.378547+0.004145 
[188]	train-rmse:0.378150+0.000994	test-rmse:0.378525+0.004145 
[189]	train-rmse:0.378125+0.000994	test-rmse:0.378502+0.004145 
[190]	train-rmse:0.378100+0.000994	test-rmse:0.378480+0.004144 
[191]	train-rmse:0.378076+0.000993	test-rmse:0.378457+0.004144 
[192]	train-rmse:0.378051+0.000993	test-rmse:0.378434+0.004144 
[193]	train-rmse:0.378026+0.000993	test-rmse:0.378412+0.004143 
[194]	train-rmse:0.378001+0.000993	test-rmse:0.378389+0.004143 
[195]	train-rmse:0.377977+0.000992	test-rmse:0.378367+0.004143 
[196]	train-rmse:0.377952+0.000992	test-rmse:0.378344+0.004142 
[197]	train-rmse:0.377927+0.000992	test-rmse:0.378322+0.004142 
[198]	train-rmse:0.377902+0.000992	test-rmse:0.378299+0.004142 
[199]	train-rmse:0.377878+0.000992	test-rmse:0.378276+0.004141 
[200]	train-rmse:0.377853+0.000991	test-rmse:0.378254+0.004141 
[201]	train-rmse:0.377828+0.000991	test-rmse:0.378231+0.004141 
[202]	train-rmse:0.377804+0.000991	test-rmse:0.378209+0.004140 
[203]	train-rmse:0.377779+0.000991	test-rmse:0.378186+0.004140 
[204]	train-rmse:0.377754+0.000990	test-rmse:0.378164+0.004140 
[205]	train-rmse:0.377729+0.000990	test-rmse:0.378141+0.004139 
[206]	train-rmse:0.377705+0.000990	test-rmse:0.378119+0.004139 
[207]	train-rmse:0.377680+0.000990	test-rmse:0.378096+0.004139 
[208]	train-rmse:0.377655+0.000989	test-rmse:0.378074+0.004139 
[209]	train-rmse:0.377635+0.000980	test-rmse:0.378056+0.004147 
[210]	train-rmse:0.377615+0.000979	test-rmse:0.378038+0.004147 
[211]	train-rmse:0.377591+0.000979	test-rmse:0.378015+0.004147 
[212]	train-rmse:0.377566+0.000979	test-rmse:0.377992+0.004146 
[213]	train-rmse:0.377541+0.000979	test-rmse:0.377970+0.004146 
[214]	train-rmse:0.377517+0.000978	test-rmse:0.377947+0.004146 
[215]	train-rmse:0.377492+0.000978	test-rmse:0.377925+0.004145 
[216]	train-rmse:0.377467+0.000978	test-rmse:0.377902+0.004145 
[217]	train-rmse:0.377443+0.000978	test-rmse:0.377880+0.004145 
[218]	train-rmse:0.377418+0.000978	test-rmse:0.377857+0.004145 
[219]	train-rmse:0.377398+0.000982	test-rmse:0.377839+0.004140 
[220]	train-rmse:0.377373+0.000982	test-rmse:0.377817+0.004139 
[221]	train-rmse:0.377349+0.000982	test-rmse:0.377794+0.004139 
[222]	train-rmse:0.377324+0.000981	test-rmse:0.377772+0.004139 
[223]	train-rmse:0.377304+0.000986	test-rmse:0.377754+0.004134 
[224]	train-rmse:0.377280+0.000986	test-rmse:0.377731+0.004133 
[225]	train-rmse:0.377255+0.000986	test-rmse:0.377709+0.004133 
[226]	train-rmse:0.377230+0.000985	test-rmse:0.377686+0.004133 
[227]	train-rmse:0.377206+0.000985	test-rmse:0.377664+0.004132 
[228]	train-rmse:0.377181+0.000985	test-rmse:0.377641+0.004132 
[229]	train-rmse:0.377156+0.000985	test-rmse:0.377619+0.004132 
[230]	train-rmse:0.377132+0.000984	test-rmse:0.377597+0.004131 
[231]	train-rmse:0.377107+0.000984	test-rmse:0.377574+0.004131 
[232]	train-rmse:0.377082+0.000984	test-rmse:0.377551+0.004131 
[233]	train-rmse:0.377058+0.000984	test-rmse:0.377529+0.004130 
[234]	train-rmse:0.377033+0.000984	test-rmse:0.377507+0.004130 
[235]	train-rmse:0.377008+0.000983	test-rmse:0.377484+0.004130 
[236]	train-rmse:0.376984+0.000983	test-rmse:0.377462+0.004129 
[237]	train-rmse:0.376959+0.000983	test-rmse:0.377439+0.004129 
[238]	train-rmse:0.376939+0.000984	test-rmse:0.377421+0.004128 
[239]	train-rmse:0.376915+0.000984	test-rmse:0.377399+0.004127 
[240]	train-rmse:0.376890+0.000984	test-rmse:0.377376+0.004127 
[241]	train-rmse:0.376870+0.000988	test-rmse:0.377358+0.004122 
[242]	train-rmse:0.376846+0.000988	test-rmse:0.377336+0.004122 
[243]	train-rmse:0.376826+0.000989	test-rmse:0.377318+0.004120 
[244]	train-rmse:0.376801+0.000989	test-rmse:0.377295+0.004120 
[245]	train-rmse:0.376777+0.000989	test-rmse:0.377273+0.004120 
[246]	train-rmse:0.376752+0.000988	test-rmse:0.377250+0.004119 
[247]	train-rmse:0.376727+0.000988	test-rmse:0.377228+0.004119 
[248]	train-rmse:0.376703+0.000988	test-rmse:0.377205+0.004119 
[249]	train-rmse:0.376683+0.000991	test-rmse:0.377187+0.004116 
[250]	train-rmse:0.376658+0.000991	test-rmse:0.377165+0.004115 
[251]	train-rmse:0.376634+0.000991	test-rmse:0.377142+0.004115 
[252]	train-rmse:0.376609+0.000991	test-rmse:0.377120+0.004115 
[253]	train-rmse:0.376585+0.000990	test-rmse:0.377097+0.004115 
[254]	train-rmse:0.376565+0.000992	test-rmse:0.377079+0.004113 
[255]	train-rmse:0.376540+0.000991	test-rmse:0.377057+0.004113 
[256]	train-rmse:0.376516+0.000991	test-rmse:0.377035+0.004113 
[257]	train-rmse:0.376491+0.000991	test-rmse:0.377012+0.004112 
[258]	train-rmse:0.376466+0.000991	test-rmse:0.376990+0.004112 
[259]	train-rmse:0.376442+0.000991	test-rmse:0.376967+0.004112 
[260]	train-rmse:0.376417+0.000990	test-rmse:0.376945+0.004111 
[261]	train-rmse:0.376393+0.000990	test-rmse:0.376922+0.004111 
[262]	train-rmse:0.376368+0.000990	test-rmse:0.376900+0.004111 
[263]	train-rmse:0.376343+0.000990	test-rmse:0.376877+0.004110 
[264]	train-rmse:0.376319+0.000989	test-rmse:0.376855+0.004110 
[265]	train-rmse:0.376294+0.000989	test-rmse:0.376833+0.004110 
[266]	train-rmse:0.376270+0.000989	test-rmse:0.376810+0.004110 
[267]	train-rmse:0.376245+0.000989	test-rmse:0.376788+0.004109 
[268]	train-rmse:0.376220+0.000988	test-rmse:0.376766+0.004109 
[269]	train-rmse:0.376201+0.000979	test-rmse:0.376748+0.004117 
[270]	train-rmse:0.376176+0.000979	test-rmse:0.376725+0.004117 
[271]	train-rmse:0.376151+0.000979	test-rmse:0.376703+0.004117 
[272]	train-rmse:0.376127+0.000979	test-rmse:0.376681+0.004116 
[273]	train-rmse:0.376107+0.000982	test-rmse:0.376662+0.004113 
[274]	train-rmse:0.376083+0.000982	test-rmse:0.376640+0.004113 
[275]	train-rmse:0.376058+0.000981	test-rmse:0.376618+0.004113 
[276]	train-rmse:0.376034+0.000981	test-rmse:0.376595+0.004112 
[277]	train-rmse:0.376009+0.000981	test-rmse:0.376573+0.004112 
[278]	train-rmse:0.375984+0.000981	test-rmse:0.376550+0.004112 
[279]	train-rmse:0.375965+0.000980	test-rmse:0.376532+0.004112 
[280]	train-rmse:0.375940+0.000980	test-rmse:0.376510+0.004112 
[281]	train-rmse:0.375916+0.000979	test-rmse:0.376488+0.004111 
[282]	train-rmse:0.375891+0.000979	test-rmse:0.376465+0.004111 
[283]	train-rmse:0.375867+0.000979	test-rmse:0.376443+0.004111 
[284]	train-rmse:0.375847+0.000978	test-rmse:0.376425+0.004111 
[285]	train-rmse:0.375822+0.000978	test-rmse:0.376403+0.004111 
[286]	train-rmse:0.375798+0.000978	test-rmse:0.376381+0.004111 
[287]	train-rmse:0.375773+0.000978	test-rmse:0.376358+0.004110 
[288]	train-rmse:0.375753+0.000979	test-rmse:0.376340+0.004109 
[289]	train-rmse:0.375729+0.000979	test-rmse:0.376318+0.004109 
[290]	train-rmse:0.375704+0.000978	test-rmse:0.376295+0.004108 
[291]	train-rmse:0.375680+0.000978	test-rmse:0.376273+0.004108 
[292]	train-rmse:0.375655+0.000978	test-rmse:0.376251+0.004108 
[293]	train-rmse:0.375631+0.000978	test-rmse:0.376229+0.004107 
[294]	train-rmse:0.375606+0.000977	test-rmse:0.376206+0.004107 
[295]	train-rmse:0.375587+0.000968	test-rmse:0.376188+0.004115 
[296]	train-rmse:0.375562+0.000968	test-rmse:0.376166+0.004115 
[297]	train-rmse:0.375543+0.000971	test-rmse:0.376148+0.004112 
[298]	train-rmse:0.375518+0.000971	test-rmse:0.376126+0.004111 
[299]	train-rmse:0.375493+0.000971	test-rmse:0.376103+0.004111 
[300]	train-rmse:0.375469+0.000971	test-rmse:0.376081+0.004111 
[301]	train-rmse:0.375444+0.000970	test-rmse:0.376059+0.004111 
[302]	train-rmse:0.375420+0.000970	test-rmse:0.376036+0.004110 
[303]	train-rmse:0.375395+0.000970	test-rmse:0.376014+0.004110 
[304]	train-rmse:0.375371+0.000970	test-rmse:0.375992+0.004110 
[305]	train-rmse:0.375346+0.000970	test-rmse:0.375969+0.004109 
[306]	train-rmse:0.375327+0.000969	test-rmse:0.375952+0.004109 
[307]	train-rmse:0.375302+0.000969	test-rmse:0.375929+0.004109 
[308]	train-rmse:0.375283+0.000959	test-rmse:0.375911+0.004117 
[309]	train-rmse:0.375258+0.000959	test-rmse:0.375889+0.004117 
[310]	train-rmse:0.375234+0.000959	test-rmse:0.375867+0.004117 
[311]	train-rmse:0.375209+0.000959	test-rmse:0.375845+0.004117 
[312]	train-rmse:0.375185+0.000959	test-rmse:0.375822+0.004117 
[313]	train-rmse:0.375160+0.000958	test-rmse:0.375800+0.004116 
[314]	train-rmse:0.375136+0.000958	test-rmse:0.375778+0.004116 
[315]	train-rmse:0.375116+0.000958	test-rmse:0.375760+0.004116 
[316]	train-rmse:0.375091+0.000957	test-rmse:0.375738+0.004116 
[317]	train-rmse:0.375067+0.000957	test-rmse:0.375715+0.004116 
[318]	train-rmse:0.375042+0.000957	test-rmse:0.375693+0.004116 
[319]	train-rmse:0.375018+0.000957	test-rmse:0.375671+0.004116 
[320]	train-rmse:0.374993+0.000957	test-rmse:0.375649+0.004116 
[321]	train-rmse:0.374969+0.000957	test-rmse:0.375627+0.004115 
[322]	train-rmse:0.374944+0.000956	test-rmse:0.375604+0.004115 
[323]	train-rmse:0.374920+0.000956	test-rmse:0.375582+0.004115 
[324]	train-rmse:0.374895+0.000956	test-rmse:0.375560+0.004115 
[325]	train-rmse:0.374876+0.000960	test-rmse:0.375542+0.004110 
[326]	train-rmse:0.374861+0.000955	test-rmse:0.375529+0.004116 
[327]	train-rmse:0.374837+0.000955	test-rmse:0.375507+0.004115 
[328]	train-rmse:0.374812+0.000954	test-rmse:0.375485+0.004115 
[329]	train-rmse:0.374788+0.000954	test-rmse:0.375462+0.004115 
[330]	train-rmse:0.374763+0.000954	test-rmse:0.375440+0.004115 
[331]	train-rmse:0.374739+0.000954	test-rmse:0.375418+0.004115 
[332]	train-rmse:0.374714+0.000954	test-rmse:0.375396+0.004115 
[333]	train-rmse:0.374690+0.000954	test-rmse:0.375374+0.004114 
[334]	train-rmse:0.374666+0.000953	test-rmse:0.375351+0.004114 
[335]	train-rmse:0.374641+0.000953	test-rmse:0.375329+0.004114 
[336]	train-rmse:0.374617+0.000953	test-rmse:0.375307+0.004114 
[337]	train-rmse:0.374592+0.000953	test-rmse:0.375285+0.004113 
[338]	train-rmse:0.374568+0.000953	test-rmse:0.375263+0.004113 
[339]	train-rmse:0.374543+0.000952	test-rmse:0.375240+0.004113 
[340]	train-rmse:0.374524+0.000952	test-rmse:0.375223+0.004113 
[341]	train-rmse:0.374499+0.000952	test-rmse:0.375200+0.004113 
[342]	train-rmse:0.374475+0.000951	test-rmse:0.375178+0.004113 
[343]	train-rmse:0.374450+0.000951	test-rmse:0.375156+0.004113 
[344]	train-rmse:0.374426+0.000951	test-rmse:0.375134+0.004112 
[345]	train-rmse:0.374411+0.000943	test-rmse:0.375121+0.004119 
[346]	train-rmse:0.374387+0.000943	test-rmse:0.375098+0.004119 
[347]	train-rmse:0.374362+0.000943	test-rmse:0.375076+0.004119 
[348]	train-rmse:0.374338+0.000943	test-rmse:0.375054+0.004119 
[349]	train-rmse:0.374313+0.000942	test-rmse:0.375032+0.004118 
[350]	train-rmse:0.374289+0.000942	test-rmse:0.375010+0.004118 
[351]	train-rmse:0.374265+0.000942	test-rmse:0.374988+0.004118 
[352]	train-rmse:0.374240+0.000942	test-rmse:0.374965+0.004118 
[353]	train-rmse:0.374221+0.000945	test-rmse:0.374947+0.004115 
[354]	train-rmse:0.374196+0.000945	test-rmse:0.374925+0.004115 
[355]	train-rmse:0.374177+0.000936	test-rmse:0.374907+0.004123 
[356]	train-rmse:0.374152+0.000936	test-rmse:0.374885+0.004122 
[357]	train-rmse:0.374128+0.000935	test-rmse:0.374863+0.004122 
[358]	train-rmse:0.374104+0.000935	test-rmse:0.374841+0.004122 
[359]	train-rmse:0.374079+0.000935	test-rmse:0.374819+0.004122 
[360]	train-rmse:0.374055+0.000935	test-rmse:0.374796+0.004122 
[361]	train-rmse:0.374030+0.000935	test-rmse:0.374774+0.004122 
[362]	train-rmse:0.374006+0.000934	test-rmse:0.374752+0.004121 
[363]	train-rmse:0.373982+0.000934	test-rmse:0.374730+0.004121 
[364]	train-rmse:0.373957+0.000934	test-rmse:0.374708+0.004121 
[365]	train-rmse:0.373933+0.000934	test-rmse:0.374686+0.004121 
[366]	train-rmse:0.373908+0.000934	test-rmse:0.374664+0.004121 
[367]	train-rmse:0.373884+0.000934	test-rmse:0.374642+0.004120 
[368]	train-rmse:0.373860+0.000933	test-rmse:0.374620+0.004120 
[369]	train-rmse:0.373835+0.000933	test-rmse:0.374597+0.004120 
[370]	train-rmse:0.373811+0.000933	test-rmse:0.374575+0.004120 
[371]	train-rmse:0.373787+0.000933	test-rmse:0.374553+0.004120 
[372]	train-rmse:0.373762+0.000933	test-rmse:0.374531+0.004119 
[373]	train-rmse:0.373738+0.000932	test-rmse:0.374509+0.004119 
[374]	train-rmse:0.373714+0.000932	test-rmse:0.374487+0.004119 
[375]	train-rmse:0.373689+0.000932	test-rmse:0.374465+0.004119 
[376]	train-rmse:0.373665+0.000932	test-rmse:0.374443+0.004119 
[377]	train-rmse:0.373645+0.000931	test-rmse:0.374425+0.004119 
[378]	train-rmse:0.373621+0.000931	test-rmse:0.374403+0.004119 
[379]	train-rmse:0.373596+0.000931	test-rmse:0.374381+0.004119 
[380]	train-rmse:0.373572+0.000931	test-rmse:0.374359+0.004118 
[381]	train-rmse:0.373548+0.000931	test-rmse:0.374337+0.004118 
[382]	train-rmse:0.373523+0.000931	test-rmse:0.374315+0.004118 
[383]	train-rmse:0.373499+0.000930	test-rmse:0.374293+0.004118 
[384]	train-rmse:0.373484+0.000934	test-rmse:0.374279+0.004116 
[385]	train-rmse:0.373465+0.000937	test-rmse:0.374262+0.004113 
[386]	train-rmse:0.373441+0.000937	test-rmse:0.374239+0.004113 
[387]	train-rmse:0.373416+0.000937	test-rmse:0.374217+0.004113 
[388]	train-rmse:0.373392+0.000936	test-rmse:0.374195+0.004113 
[389]	train-rmse:0.373367+0.000936	test-rmse:0.374173+0.004112 
[390]	train-rmse:0.373343+0.000936	test-rmse:0.374151+0.004112 
[391]	train-rmse:0.373319+0.000936	test-rmse:0.374129+0.004112 
[392]	train-rmse:0.373294+0.000936	test-rmse:0.374107+0.004112 
[393]	train-rmse:0.373280+0.000931	test-rmse:0.374094+0.004115 
[394]	train-rmse:0.373255+0.000931	test-rmse:0.374072+0.004115 
[395]	train-rmse:0.373231+0.000931	test-rmse:0.374050+0.004115 
[396]	train-rmse:0.373207+0.000931	test-rmse:0.374028+0.004115 
[397]	train-rmse:0.373182+0.000930	test-rmse:0.374006+0.004115 
[398]	train-rmse:0.373158+0.000930	test-rmse:0.373984+0.004115 
[399]	train-rmse:0.373134+0.000930	test-rmse:0.373962+0.004115 
[400]	train-rmse:0.373109+0.000930	test-rmse:0.373941+0.004114 
[401]	train-rmse:0.373085+0.000930	test-rmse:0.373919+0.004114 
[402]	train-rmse:0.373061+0.000930	test-rmse:0.373896+0.004114 
[403]	train-rmse:0.373037+0.000929	test-rmse:0.373874+0.004114 
[404]	train-rmse:0.373012+0.000929	test-rmse:0.373852+0.004113 
[405]	train-rmse:0.372988+0.000929	test-rmse:0.373830+0.004113 
[406]	train-rmse:0.372964+0.000929	test-rmse:0.373808+0.004113 
[407]	train-rmse:0.372939+0.000929	test-rmse:0.373787+0.004113 
[408]	train-rmse:0.372915+0.000928	test-rmse:0.373765+0.004113 
[409]	train-rmse:0.372891+0.000928	test-rmse:0.373743+0.004113 
[410]	train-rmse:0.372866+0.000928	test-rmse:0.373721+0.004113 
[411]	train-rmse:0.372842+0.000928	test-rmse:0.373699+0.004112 
[412]	train-rmse:0.372823+0.000927	test-rmse:0.373681+0.004112 
[413]	train-rmse:0.372798+0.000927	test-rmse:0.373659+0.004112 
[414]	train-rmse:0.372784+0.000919	test-rmse:0.373646+0.004119 
[415]	train-rmse:0.372759+0.000919	test-rmse:0.373624+0.004119 
[416]	train-rmse:0.372735+0.000919	test-rmse:0.373602+0.004119 
[417]	train-rmse:0.372711+0.000919	test-rmse:0.373580+0.004118 
[418]	train-rmse:0.372687+0.000919	test-rmse:0.373558+0.004118 
[419]	train-rmse:0.372662+0.000918	test-rmse:0.373536+0.004118 
[420]	train-rmse:0.372638+0.000918	test-rmse:0.373514+0.004118 
[421]	train-rmse:0.372614+0.000918	test-rmse:0.373492+0.004118 
[422]	train-rmse:0.372589+0.000918	test-rmse:0.373470+0.004118 
[423]	train-rmse:0.372565+0.000918	test-rmse:0.373448+0.004118 
[424]	train-rmse:0.372546+0.000909	test-rmse:0.373430+0.004126 
[425]	train-rmse:0.372522+0.000908	test-rmse:0.373409+0.004126 
[426]	train-rmse:0.372502+0.000899	test-rmse:0.373391+0.004134 
[427]	train-rmse:0.372478+0.000899	test-rmse:0.373369+0.004133 
[428]	train-rmse:0.372454+0.000899	test-rmse:0.373348+0.004133 
[429]	train-rmse:0.372429+0.000899	test-rmse:0.373325+0.004133 
[430]	train-rmse:0.372410+0.000889	test-rmse:0.373308+0.004141 
[431]	train-rmse:0.372386+0.000889	test-rmse:0.373286+0.004141 
[432]	train-rmse:0.372361+0.000889	test-rmse:0.373264+0.004141 
[433]	train-rmse:0.372342+0.000889	test-rmse:0.373247+0.004141 
[434]	train-rmse:0.372318+0.000889	test-rmse:0.373225+0.004141 
[435]	train-rmse:0.372303+0.000879	test-rmse:0.373212+0.004150 
[436]	train-rmse:0.372279+0.000879	test-rmse:0.373190+0.004149 
[437]	train-rmse:0.372254+0.000879	test-rmse:0.373168+0.004149 
[438]	train-rmse:0.372230+0.000879	test-rmse:0.373146+0.004149 
[439]	train-rmse:0.372206+0.000879	test-rmse:0.373124+0.004149 
[440]	train-rmse:0.372191+0.000871	test-rmse:0.373111+0.004156 
[441]	train-rmse:0.372167+0.000871	test-rmse:0.373089+0.004156 
[442]	train-rmse:0.372143+0.000870	test-rmse:0.373067+0.004156 
[443]	train-rmse:0.372119+0.000870	test-rmse:0.373046+0.004156 
[444]	train-rmse:0.372094+0.000870	test-rmse:0.373024+0.004155 
[445]	train-rmse:0.372070+0.000870	test-rmse:0.373002+0.004155 
[446]	train-rmse:0.372051+0.000861	test-rmse:0.372985+0.004163 
[447]	train-rmse:0.372026+0.000861	test-rmse:0.372963+0.004163 
[448]	train-rmse:0.372002+0.000860	test-rmse:0.372941+0.004163 
[449]	train-rmse:0.371978+0.000860	test-rmse:0.372919+0.004163 
[450]	train-rmse:0.371954+0.000860	test-rmse:0.372897+0.004163 
[451]	train-rmse:0.371930+0.000860	test-rmse:0.372875+0.004163 
[452]	train-rmse:0.371910+0.000860	test-rmse:0.372858+0.004163 
[453]	train-rmse:0.371891+0.000864	test-rmse:0.372841+0.004158 
[454]	train-rmse:0.371867+0.000864	test-rmse:0.372819+0.004158 
[455]	train-rmse:0.371842+0.000864	test-rmse:0.372797+0.004158 
[456]	train-rmse:0.371823+0.000867	test-rmse:0.372779+0.004155 
[457]	train-rmse:0.371799+0.000867	test-rmse:0.372757+0.004155 
[458]	train-rmse:0.371775+0.000867	test-rmse:0.372735+0.004154 
[459]	train-rmse:0.371751+0.000866	test-rmse:0.372713+0.004154 
[460]	train-rmse:0.371726+0.000866	test-rmse:0.372692+0.004154 
[461]	train-rmse:0.371707+0.000866	test-rmse:0.372674+0.004154 
[462]	train-rmse:0.371688+0.000870	test-rmse:0.372657+0.004149 
[463]	train-rmse:0.371668+0.000861	test-rmse:0.372639+0.004157 
[464]	train-rmse:0.371644+0.000861	test-rmse:0.372617+0.004157 
[465]	train-rmse:0.371625+0.000852	test-rmse:0.372600+0.004165 
[466]	train-rmse:0.371600+0.000852	test-rmse:0.372578+0.004165 
[467]	train-rmse:0.371576+0.000852	test-rmse:0.372557+0.004165 
[468]	train-rmse:0.371552+0.000851	test-rmse:0.372535+0.004164 
[469]	train-rmse:0.371528+0.000851	test-rmse:0.372513+0.004164 
[470]	train-rmse:0.371504+0.000851	test-rmse:0.372491+0.004164 
[471]	train-rmse:0.371480+0.000851	test-rmse:0.372469+0.004164 
[472]	train-rmse:0.371455+0.000851	test-rmse:0.372447+0.004164 
[473]	train-rmse:0.371436+0.000852	test-rmse:0.372430+0.004162 
[474]	train-rmse:0.371412+0.000852	test-rmse:0.372408+0.004162 
[475]	train-rmse:0.371388+0.000852	test-rmse:0.372387+0.004162 
[476]	train-rmse:0.371364+0.000851	test-rmse:0.372365+0.004162 
[477]	train-rmse:0.371344+0.000853	test-rmse:0.372347+0.004161 
[478]	train-rmse:0.371320+0.000852	test-rmse:0.372326+0.004160 
[479]	train-rmse:0.371296+0.000852	test-rmse:0.372304+0.004160 
[480]	train-rmse:0.371272+0.000852	test-rmse:0.372282+0.004160 
[481]	train-rmse:0.371248+0.000852	test-rmse:0.372261+0.004160 
[482]	train-rmse:0.371223+0.000852	test-rmse:0.372239+0.004160 
[483]	train-rmse:0.371199+0.000852	test-rmse:0.372217+0.004160 
[484]	train-rmse:0.371175+0.000851	test-rmse:0.372195+0.004160 
[485]	train-rmse:0.371151+0.000851	test-rmse:0.372173+0.004159 
[486]	train-rmse:0.371127+0.000851	test-rmse:0.372152+0.004159 
[487]	train-rmse:0.371103+0.000851	test-rmse:0.372130+0.004159 
[488]	train-rmse:0.371079+0.000851	test-rmse:0.372108+0.004159 
[489]	train-rmse:0.371059+0.000855	test-rmse:0.372091+0.004154 
[490]	train-rmse:0.371035+0.000855	test-rmse:0.372069+0.004154 
[491]	train-rmse:0.371011+0.000855	test-rmse:0.372047+0.004153 
[492]	train-rmse:0.370987+0.000855	test-rmse:0.372025+0.004153 
[493]	train-rmse:0.370963+0.000855	test-rmse:0.372004+0.004153 
[494]	train-rmse:0.370939+0.000854	test-rmse:0.371982+0.004153 
[495]	train-rmse:0.370914+0.000854	test-rmse:0.371960+0.004153 
[496]	train-rmse:0.370890+0.000854	test-rmse:0.371938+0.004152 
[497]	train-rmse:0.370866+0.000854	test-rmse:0.371916+0.004152 
[498]	train-rmse:0.370847+0.000857	test-rmse:0.371898+0.004149 
[499]	train-rmse:0.370823+0.000857	test-rmse:0.371877+0.004149 
[500]	train-rmse:0.370799+0.000856	test-rmse:0.371855+0.004149 
[501]	train-rmse:0.370775+0.000856	test-rmse:0.371833+0.004148 
[502]	train-rmse:0.370751+0.000856	test-rmse:0.371811+0.004148 
[503]	train-rmse:0.370731+0.000859	test-rmse:0.371794+0.004146 
[504]	train-rmse:0.370707+0.000859	test-rmse:0.371772+0.004145 
[505]	train-rmse:0.370683+0.000859	test-rmse:0.371750+0.004145 
[506]	train-rmse:0.370659+0.000859	test-rmse:0.371728+0.004145 
[507]	train-rmse:0.370640+0.000863	test-rmse:0.371711+0.004140 
[508]	train-rmse:0.370616+0.000863	test-rmse:0.371689+0.004139 
[509]	train-rmse:0.370592+0.000863	test-rmse:0.371667+0.004139 
[510]	train-rmse:0.370568+0.000863	test-rmse:0.371646+0.004139 
[511]	train-rmse:0.370544+0.000862	test-rmse:0.371624+0.004139 
[512]	train-rmse:0.370524+0.000863	test-rmse:0.371606+0.004137 
[513]	train-rmse:0.370500+0.000863	test-rmse:0.371585+0.004137 
[514]	train-rmse:0.370476+0.000863	test-rmse:0.371563+0.004136 
[515]	train-rmse:0.370457+0.000866	test-rmse:0.371545+0.004133 
[516]	train-rmse:0.370433+0.000866	test-rmse:0.371523+0.004133 
[517]	train-rmse:0.370409+0.000866	test-rmse:0.371502+0.004133 
[518]	train-rmse:0.370385+0.000865	test-rmse:0.371480+0.004133 
[519]	train-rmse:0.370370+0.000867	test-rmse:0.371467+0.004132 
[520]	train-rmse:0.370346+0.000866	test-rmse:0.371445+0.004132 
[521]	train-rmse:0.370322+0.000866	test-rmse:0.371423+0.004132 
[522]	train-rmse:0.370298+0.000866	test-rmse:0.371402+0.004131 
[523]	train-rmse:0.370274+0.000866	test-rmse:0.371380+0.004131 
[524]	train-rmse:0.370250+0.000866	test-rmse:0.371358+0.004131 
[525]	train-rmse:0.370231+0.000869	test-rmse:0.371341+0.004129 
[526]	train-rmse:0.370207+0.000869	test-rmse:0.371319+0.004128 
[527]	train-rmse:0.370188+0.000873	test-rmse:0.371302+0.004124 
[528]	train-rmse:0.370164+0.000873	test-rmse:0.371280+0.004123 
[529]	train-rmse:0.370140+0.000873	test-rmse:0.371258+0.004123 
[530]	train-rmse:0.370125+0.000867	test-rmse:0.371245+0.004129 
[531]	train-rmse:0.370101+0.000867	test-rmse:0.371223+0.004128 
[532]	train-rmse:0.370077+0.000867	test-rmse:0.371202+0.004128 
[533]	train-rmse:0.370053+0.000867	test-rmse:0.371180+0.004128 
[534]	train-rmse:0.370029+0.000866	test-rmse:0.371158+0.004128 
[535]	train-rmse:0.370005+0.000866	test-rmse:0.371137+0.004128 
[536]	train-rmse:0.369981+0.000866	test-rmse:0.371115+0.004128 
[537]	train-rmse:0.369957+0.000866	test-rmse:0.371093+0.004128 
[538]	train-rmse:0.369933+0.000866	test-rmse:0.371071+0.004128 
[539]	train-rmse:0.369909+0.000866	test-rmse:0.371050+0.004127 
[540]	train-rmse:0.369885+0.000865	test-rmse:0.371028+0.004127 
[541]	train-rmse:0.369861+0.000865	test-rmse:0.371006+0.004127 
[542]	train-rmse:0.369841+0.000870	test-rmse:0.370989+0.004122 
[543]	train-rmse:0.369817+0.000869	test-rmse:0.370967+0.004122 
[544]	train-rmse:0.369793+0.000869	test-rmse:0.370946+0.004122 
[545]	train-rmse:0.369769+0.000869	test-rmse:0.370924+0.004122 
[546]	train-rmse:0.369750+0.000874	test-rmse:0.370907+0.004117 
[547]	train-rmse:0.369726+0.000873	test-rmse:0.370885+0.004117 
[548]	train-rmse:0.369702+0.000873	test-rmse:0.370864+0.004116 
[549]	train-rmse:0.369678+0.000873	test-rmse:0.370842+0.004116 
[550]	train-rmse:0.369659+0.000878	test-rmse:0.370825+0.004111 
[551]	train-rmse:0.369640+0.000882	test-rmse:0.370807+0.004106 
[552]	train-rmse:0.369616+0.000882	test-rmse:0.370786+0.004106 
[553]	train-rmse:0.369597+0.000882	test-rmse:0.370768+0.004107 
[554]	train-rmse:0.369573+0.000882	test-rmse:0.370747+0.004106 
[555]	train-rmse:0.369549+0.000881	test-rmse:0.370725+0.004106 
[556]	train-rmse:0.369525+0.000881	test-rmse:0.370704+0.004106 
[557]	train-rmse:0.369505+0.000884	test-rmse:0.370686+0.004103 
[558]	train-rmse:0.369481+0.000884	test-rmse:0.370664+0.004103 
[559]	train-rmse:0.369458+0.000884	test-rmse:0.370642+0.004103 
[560]	train-rmse:0.369434+0.000884	test-rmse:0.370621+0.004103 
[561]	train-rmse:0.369410+0.000884	test-rmse:0.370599+0.004103 
[562]	train-rmse:0.369386+0.000884	test-rmse:0.370578+0.004103 
[563]	train-rmse:0.369362+0.000883	test-rmse:0.370556+0.004102 
[564]	train-rmse:0.369338+0.000883	test-rmse:0.370534+0.004102 
[565]	train-rmse:0.369314+0.000883	test-rmse:0.370513+0.004102 
[566]	train-rmse:0.369290+0.000883	test-rmse:0.370491+0.004102 
[567]	train-rmse:0.369266+0.000883	test-rmse:0.370469+0.004101 
[568]	train-rmse:0.369242+0.000882	test-rmse:0.370448+0.004101 
[569]	train-rmse:0.369218+0.000882	test-rmse:0.370426+0.004101 
[570]	train-rmse:0.369199+0.000873	test-rmse:0.370409+0.004109 
[571]	train-rmse:0.369175+0.000873	test-rmse:0.370387+0.004109 
[572]	train-rmse:0.369151+0.000873	test-rmse:0.370366+0.004109 
[573]	train-rmse:0.369127+0.000873	test-rmse:0.370344+0.004108 
[574]	train-rmse:0.369103+0.000873	test-rmse:0.370323+0.004108 
[575]	train-rmse:0.369079+0.000872	test-rmse:0.370301+0.004108 
[576]	train-rmse:0.369055+0.000872	test-rmse:0.370279+0.004108 
[577]	train-rmse:0.369031+0.000872	test-rmse:0.370258+0.004108 
[578]	train-rmse:0.369007+0.000872	test-rmse:0.370236+0.004108 
[579]	train-rmse:0.368988+0.000863	test-rmse:0.370219+0.004115 
[580]	train-rmse:0.368964+0.000863	test-rmse:0.370198+0.004115 
[581]	train-rmse:0.368940+0.000862	test-rmse:0.370176+0.004115 
[582]	train-rmse:0.368916+0.000862	test-rmse:0.370154+0.004115 
[583]	train-rmse:0.368892+0.000862	test-rmse:0.370133+0.004114 
[584]	train-rmse:0.368868+0.000862	test-rmse:0.370111+0.004114 
[585]	train-rmse:0.368844+0.000862	test-rmse:0.370089+0.004114 
[586]	train-rmse:0.368820+0.000862	test-rmse:0.370068+0.004114 
[587]	train-rmse:0.368796+0.000861	test-rmse:0.370046+0.004114 
[588]	train-rmse:0.368773+0.000861	test-rmse:0.370025+0.004114 
[589]	train-rmse:0.368753+0.000861	test-rmse:0.370007+0.004114 
[590]	train-rmse:0.368729+0.000861	test-rmse:0.369986+0.004114 
[591]	train-rmse:0.368706+0.000861	test-rmse:0.369964+0.004114 
[592]	train-rmse:0.368682+0.000861	test-rmse:0.369943+0.004113 
[593]	train-rmse:0.368658+0.000860	test-rmse:0.369921+0.004113 
[594]	train-rmse:0.368634+0.000860	test-rmse:0.369899+0.004113 
[595]	train-rmse:0.368610+0.000860	test-rmse:0.369878+0.004113 
[596]	train-rmse:0.368586+0.000860	test-rmse:0.369856+0.004113 
[597]	train-rmse:0.368562+0.000860	test-rmse:0.369835+0.004113 
[598]	train-rmse:0.368538+0.000859	test-rmse:0.369813+0.004112 
[599]	train-rmse:0.368514+0.000859	test-rmse:0.369792+0.004112 
[600]	train-rmse:0.368490+0.000859	test-rmse:0.369770+0.004112 
[601]	train-rmse:0.368466+0.000859	test-rmse:0.369748+0.004112 
[602]	train-rmse:0.368443+0.000859	test-rmse:0.369727+0.004112 
[603]	train-rmse:0.368419+0.000858	test-rmse:0.369705+0.004111 
[604]	train-rmse:0.368395+0.000858	test-rmse:0.369684+0.004111 
[605]	train-rmse:0.368371+0.000858	test-rmse:0.369662+0.004111 
[606]	train-rmse:0.368347+0.000858	test-rmse:0.369640+0.004111 
[607]	train-rmse:0.368323+0.000858	test-rmse:0.369619+0.004110 
[608]	train-rmse:0.368299+0.000858	test-rmse:0.369597+0.004110 
[609]	train-rmse:0.368276+0.000857	test-rmse:0.369576+0.004110 
[610]	train-rmse:0.368252+0.000857	test-rmse:0.369554+0.004110 
[611]	train-rmse:0.368233+0.000848	test-rmse:0.369537+0.004118 
[612]	train-rmse:0.368209+0.000848	test-rmse:0.369516+0.004118 
[613]	train-rmse:0.368185+0.000848	test-rmse:0.369494+0.004118 
[614]	train-rmse:0.368161+0.000848	test-rmse:0.369473+0.004118 
[615]	train-rmse:0.368137+0.000848	test-rmse:0.369451+0.004117 
[616]	train-rmse:0.368113+0.000847	test-rmse:0.369430+0.004117 
[617]	train-rmse:0.368089+0.000847	test-rmse:0.369408+0.004117 
[618]	train-rmse:0.368066+0.000847	test-rmse:0.369387+0.004117 
[619]	train-rmse:0.368042+0.000847	test-rmse:0.369365+0.004117 
[620]	train-rmse:0.368018+0.000847	test-rmse:0.369344+0.004117 
[621]	train-rmse:0.367994+0.000847	test-rmse:0.369322+0.004116 
[622]	train-rmse:0.367970+0.000846	test-rmse:0.369301+0.004116 
[623]	train-rmse:0.367946+0.000846	test-rmse:0.369279+0.004116 
[624]	train-rmse:0.367922+0.000846	test-rmse:0.369258+0.004116 
[625]	train-rmse:0.367899+0.000846	test-rmse:0.369236+0.004116 
[626]	train-rmse:0.367875+0.000846	test-rmse:0.369215+0.004116 
[627]	train-rmse:0.367851+0.000846	test-rmse:0.369194+0.004115 
[628]	train-rmse:0.367827+0.000845	test-rmse:0.369172+0.004115 
[629]	train-rmse:0.367803+0.000845	test-rmse:0.369151+0.004115 
[630]	train-rmse:0.367784+0.000846	test-rmse:0.369133+0.004114 
[631]	train-rmse:0.367760+0.000846	test-rmse:0.369112+0.004113 
[632]	train-rmse:0.367741+0.000849	test-rmse:0.369095+0.004111 
[633]	train-rmse:0.367718+0.000849	test-rmse:0.369073+0.004111 
[634]	train-rmse:0.367694+0.000849	test-rmse:0.369052+0.004111 
[635]	train-rmse:0.367670+0.000849	test-rmse:0.369030+0.004110 
[636]	train-rmse:0.367646+0.000848	test-rmse:0.369009+0.004110 
[637]	train-rmse:0.367622+0.000848	test-rmse:0.368987+0.004110 
[638]	train-rmse:0.367599+0.000848	test-rmse:0.368966+0.004110 
[639]	train-rmse:0.367575+0.000848	test-rmse:0.368944+0.004110 
[640]	train-rmse:0.367551+0.000848	test-rmse:0.368923+0.004109 
[641]	train-rmse:0.367527+0.000848	test-rmse:0.368902+0.004109 
[642]	train-rmse:0.367503+0.000847	test-rmse:0.368880+0.004109 
[643]	train-rmse:0.367480+0.000847	test-rmse:0.368859+0.004109 
[644]	train-rmse:0.367456+0.000847	test-rmse:0.368837+0.004109 
[645]	train-rmse:0.367432+0.000847	test-rmse:0.368816+0.004109 
[646]	train-rmse:0.367408+0.000847	test-rmse:0.368795+0.004109 
[647]	train-rmse:0.367384+0.000847	test-rmse:0.368773+0.004108 
[648]	train-rmse:0.367361+0.000846	test-rmse:0.368751+0.004108 
[649]	train-rmse:0.367342+0.000837	test-rmse:0.368734+0.004116 
[650]	train-rmse:0.367318+0.000837	test-rmse:0.368713+0.004116 
[651]	train-rmse:0.367294+0.000837	test-rmse:0.368692+0.004116 
[652]	train-rmse:0.367275+0.000842	test-rmse:0.368675+0.004111 
[653]	train-rmse:0.367251+0.000842	test-rmse:0.368653+0.004111 
[654]	train-rmse:0.367228+0.000841	test-rmse:0.368632+0.004110 
[655]	train-rmse:0.367208+0.000842	test-rmse:0.368615+0.004109 
[656]	train-rmse:0.367189+0.000842	test-rmse:0.368597+0.004110 
[657]	train-rmse:0.367166+0.000842	test-rmse:0.368576+0.004109 
[658]	train-rmse:0.367142+0.000842	test-rmse:0.368555+0.004109 
[659]	train-rmse:0.367118+0.000842	test-rmse:0.368533+0.004109 
[660]	train-rmse:0.367094+0.000841	test-rmse:0.368512+0.004109 
[661]	train-rmse:0.367070+0.000841	test-rmse:0.368491+0.004109 
[662]	train-rmse:0.367047+0.000841	test-rmse:0.368469+0.004109 
[663]	train-rmse:0.367023+0.000841	test-rmse:0.368448+0.004109 
[664]	train-rmse:0.366999+0.000841	test-rmse:0.368426+0.004109 
[665]	train-rmse:0.366975+0.000841	test-rmse:0.368405+0.004108 
[666]	train-rmse:0.366952+0.000841	test-rmse:0.368384+0.004108 
[667]	train-rmse:0.366928+0.000840	test-rmse:0.368362+0.004108 
[668]	train-rmse:0.366904+0.000840	test-rmse:0.368341+0.004108 
[669]	train-rmse:0.366880+0.000840	test-rmse:0.368320+0.004108 
[670]	train-rmse:0.366857+0.000840	test-rmse:0.368298+0.004108 
[671]	train-rmse:0.366833+0.000840	test-rmse:0.368277+0.004108 
[672]	train-rmse:0.366809+0.000840	test-rmse:0.368255+0.004108 
[673]	train-rmse:0.366790+0.000831	test-rmse:0.368238+0.004115 
[674]	train-rmse:0.366766+0.000830	test-rmse:0.368217+0.004115 
[675]	train-rmse:0.366743+0.000830	test-rmse:0.368196+0.004115 
[676]	train-rmse:0.366729+0.000838	test-rmse:0.368183+0.004108 
[677]	train-rmse:0.366705+0.000838	test-rmse:0.368161+0.004108 
[678]	train-rmse:0.366681+0.000838	test-rmse:0.368140+0.004107 
[679]	train-rmse:0.366657+0.000838	test-rmse:0.368119+0.004107 
[680]	train-rmse:0.366634+0.000837	test-rmse:0.368097+0.004107 
[681]	train-rmse:0.366610+0.000837	test-rmse:0.368076+0.004107 
[682]	train-rmse:0.366586+0.000837	test-rmse:0.368054+0.004106 
[683]	train-rmse:0.366563+0.000837	test-rmse:0.368033+0.004106 
[684]	train-rmse:0.366539+0.000837	test-rmse:0.368012+0.004106 
[685]	train-rmse:0.366515+0.000836	test-rmse:0.367990+0.004106 
[686]	train-rmse:0.366491+0.000836	test-rmse:0.367969+0.004106 
[687]	train-rmse:0.366468+0.000836	test-rmse:0.367948+0.004106 
[688]	train-rmse:0.366444+0.000836	test-rmse:0.367926+0.004106 
[689]	train-rmse:0.366420+0.000836	test-rmse:0.367905+0.004105 
[690]	train-rmse:0.366397+0.000836	test-rmse:0.367884+0.004105 
[691]	train-rmse:0.366378+0.000840	test-rmse:0.367867+0.004100 
[692]	train-rmse:0.366354+0.000840	test-rmse:0.367846+0.004100 
[693]	train-rmse:0.366330+0.000840	test-rmse:0.367824+0.004100 
[694]	train-rmse:0.366307+0.000840	test-rmse:0.367803+0.004100 
[695]	train-rmse:0.366283+0.000840	test-rmse:0.367782+0.004100 
[696]	train-rmse:0.366259+0.000840	test-rmse:0.367760+0.004100 
[697]	train-rmse:0.366235+0.000839	test-rmse:0.367739+0.004099 
[698]	train-rmse:0.366212+0.000839	test-rmse:0.367718+0.004099 
[699]	train-rmse:0.366193+0.000844	test-rmse:0.367701+0.004094 
[700]	train-rmse:0.366169+0.000844	test-rmse:0.367680+0.004094 
[701]	train-rmse:0.366146+0.000844	test-rmse:0.367658+0.004094 
[702]	train-rmse:0.366122+0.000844	test-rmse:0.367637+0.004094 
[703]	train-rmse:0.366098+0.000843	test-rmse:0.367616+0.004094 
[704]	train-rmse:0.366074+0.000843	test-rmse:0.367594+0.004094 
[705]	train-rmse:0.366051+0.000843	test-rmse:0.367573+0.004094 
[706]	train-rmse:0.366027+0.000843	test-rmse:0.367552+0.004094 
[707]	train-rmse:0.366004+0.000843	test-rmse:0.367531+0.004093 
[708]	train-rmse:0.365980+0.000843	test-rmse:0.367509+0.004093 
[709]	train-rmse:0.365956+0.000842	test-rmse:0.367488+0.004093 
[710]	train-rmse:0.365933+0.000842	test-rmse:0.367467+0.004093 
[711]	train-rmse:0.365909+0.000842	test-rmse:0.367445+0.004093 
[712]	train-rmse:0.365885+0.000842	test-rmse:0.367424+0.004093 
[713]	train-rmse:0.365862+0.000842	test-rmse:0.367403+0.004093 
[714]	train-rmse:0.365838+0.000842	test-rmse:0.367382+0.004092 
[715]	train-rmse:0.365814+0.000841	test-rmse:0.367360+0.004092 
[716]	train-rmse:0.365791+0.000841	test-rmse:0.367339+0.004092 
[717]	train-rmse:0.365767+0.000841	test-rmse:0.367318+0.004092 
[718]	train-rmse:0.365743+0.000841	test-rmse:0.367297+0.004092 
[719]	train-rmse:0.365725+0.000842	test-rmse:0.367280+0.004090 
[720]	train-rmse:0.365701+0.000842	test-rmse:0.367258+0.004090 
[721]	train-rmse:0.365677+0.000841	test-rmse:0.367237+0.004090 
[722]	train-rmse:0.365654+0.000841	test-rmse:0.367216+0.004090 
[723]	train-rmse:0.365635+0.000846	test-rmse:0.367199+0.004085 
[724]	train-rmse:0.365611+0.000846	test-rmse:0.367178+0.004085 
[725]	train-rmse:0.365588+0.000846	test-rmse:0.367157+0.004085 
[726]	train-rmse:0.365564+0.000846	test-rmse:0.367135+0.004084 
[727]	train-rmse:0.365540+0.000845	test-rmse:0.367114+0.004084 
[728]	train-rmse:0.365521+0.000846	test-rmse:0.367097+0.004083 
[729]	train-rmse:0.365502+0.000838	test-rmse:0.367080+0.004091 
[730]	train-rmse:0.365479+0.000837	test-rmse:0.367059+0.004090 
[731]	train-rmse:0.365455+0.000837	test-rmse:0.367038+0.004090 
[732]	train-rmse:0.365432+0.000837	test-rmse:0.367017+0.004090 
[733]	train-rmse:0.365408+0.000837	test-rmse:0.366995+0.004090 
[734]	train-rmse:0.365384+0.000837	test-rmse:0.366974+0.004090 
[735]	train-rmse:0.365361+0.000837	test-rmse:0.366953+0.004090 
[736]	train-rmse:0.365342+0.000828	test-rmse:0.366936+0.004098 
[737]	train-rmse:0.365323+0.000830	test-rmse:0.366919+0.004095 
[738]	train-rmse:0.365299+0.000830	test-rmse:0.366897+0.004095 
[739]	train-rmse:0.365276+0.000830	test-rmse:0.366876+0.004095 
[740]	train-rmse:0.365252+0.000830	test-rmse:0.366855+0.004095 
[741]	train-rmse:0.365229+0.000830	test-rmse:0.366834+0.004095 
[742]	train-rmse:0.365205+0.000830	test-rmse:0.366813+0.004095 
[743]	train-rmse:0.365181+0.000830	test-rmse:0.366791+0.004095 
[744]	train-rmse:0.365158+0.000829	test-rmse:0.366770+0.004094 
[745]	train-rmse:0.365134+0.000829	test-rmse:0.366749+0.004094 
[746]	train-rmse:0.365111+0.000829	test-rmse:0.366728+0.004094 
[747]	train-rmse:0.365087+0.000829	test-rmse:0.366707+0.004094 
[748]	train-rmse:0.365063+0.000829	test-rmse:0.366685+0.004094 
[749]	train-rmse:0.365040+0.000829	test-rmse:0.366664+0.004094 
[750]	train-rmse:0.365016+0.000829	test-rmse:0.366643+0.004094 
[751]	train-rmse:0.364993+0.000828	test-rmse:0.366622+0.004094 
[752]	train-rmse:0.364974+0.000828	test-rmse:0.366605+0.004094 
[753]	train-rmse:0.364950+0.000828	test-rmse:0.366584+0.004094 
[754]	train-rmse:0.364927+0.000828	test-rmse:0.366563+0.004094 
[755]	train-rmse:0.364908+0.000830	test-rmse:0.366545+0.004091 
[756]	train-rmse:0.364889+0.000830	test-rmse:0.366528+0.004092 
[757]	train-rmse:0.364865+0.000830	test-rmse:0.366507+0.004091 
[758]	train-rmse:0.364842+0.000830	test-rmse:0.366486+0.004091 
[759]	train-rmse:0.364818+0.000830	test-rmse:0.366465+0.004091 
[760]	train-rmse:0.364795+0.000830	test-rmse:0.366444+0.004091 
[761]	train-rmse:0.364771+0.000830	test-rmse:0.366423+0.004091 
[762]	train-rmse:0.364748+0.000829	test-rmse:0.366401+0.004091 
[763]	train-rmse:0.364724+0.000829	test-rmse:0.366380+0.004091 
[764]	train-rmse:0.364701+0.000829	test-rmse:0.366359+0.004090 
[765]	train-rmse:0.364682+0.000829	test-rmse:0.366342+0.004091 
[766]	train-rmse:0.364658+0.000829	test-rmse:0.366321+0.004091 
[767]	train-rmse:0.364635+0.000829	test-rmse:0.366300+0.004091 
[768]	train-rmse:0.364611+0.000829	test-rmse:0.366279+0.004091 
[769]	train-rmse:0.364592+0.000829	test-rmse:0.366262+0.004089 
[770]	train-rmse:0.364569+0.000829	test-rmse:0.366241+0.004089 
[771]	train-rmse:0.364545+0.000829	test-rmse:0.366220+0.004089 
[772]	train-rmse:0.364522+0.000829	test-rmse:0.366199+0.004089 
[773]	train-rmse:0.364498+0.000829	test-rmse:0.366177+0.004089 
[774]	train-rmse:0.364475+0.000829	test-rmse:0.366156+0.004089 
[775]	train-rmse:0.364451+0.000829	test-rmse:0.366135+0.004088 
[776]	train-rmse:0.364428+0.000828	test-rmse:0.366114+0.004088 
[777]	train-rmse:0.364404+0.000828	test-rmse:0.366093+0.004088 
[778]	train-rmse:0.364381+0.000828	test-rmse:0.366072+0.004088 
[779]	train-rmse:0.364357+0.000828	test-rmse:0.366051+0.004088 
[780]	train-rmse:0.364333+0.000828	test-rmse:0.366030+0.004088 
[781]	train-rmse:0.364310+0.000828	test-rmse:0.366009+0.004088 
[782]	train-rmse:0.364286+0.000827	test-rmse:0.365987+0.004088 
[783]	train-rmse:0.364263+0.000827	test-rmse:0.365966+0.004088 
[784]	train-rmse:0.364239+0.000827	test-rmse:0.365945+0.004088 
[785]	train-rmse:0.364216+0.000827	test-rmse:0.365924+0.004087 
[786]	train-rmse:0.364192+0.000827	test-rmse:0.365903+0.004087 
[787]	train-rmse:0.364169+0.000827	test-rmse:0.365882+0.004087 
[788]	train-rmse:0.364145+0.000826	test-rmse:0.365861+0.004087 
[789]	train-rmse:0.364127+0.000827	test-rmse:0.365844+0.004086 
[790]	train-rmse:0.364103+0.000827	test-rmse:0.365823+0.004086 
[791]	train-rmse:0.364080+0.000827	test-rmse:0.365802+0.004085 
[792]	train-rmse:0.364061+0.000827	test-rmse:0.365785+0.004086 
[793]	train-rmse:0.364037+0.000827	test-rmse:0.365764+0.004086 
[794]	train-rmse:0.364014+0.000827	test-rmse:0.365743+0.004085 
[795]	train-rmse:0.363990+0.000827	test-rmse:0.365722+0.004085 
[796]	train-rmse:0.363967+0.000826	test-rmse:0.365701+0.004085 
[797]	train-rmse:0.363944+0.000826	test-rmse:0.365680+0.004085 
[798]	train-rmse:0.363920+0.000826	test-rmse:0.365659+0.004084 
[799]	train-rmse:0.363897+0.000826	test-rmse:0.365638+0.004084 
[800]	train-rmse:0.363873+0.000826	test-rmse:0.365616+0.004084 
[801]	train-rmse:0.363854+0.000830	test-rmse:0.365600+0.004079 
[802]	train-rmse:0.363836+0.000831	test-rmse:0.365583+0.004078 
[803]	train-rmse:0.363812+0.000831	test-rmse:0.365562+0.004078 
[804]	train-rmse:0.363789+0.000831	test-rmse:0.365541+0.004078 
[805]	train-rmse:0.363765+0.000831	test-rmse:0.365520+0.004078 
[806]	train-rmse:0.363742+0.000831	test-rmse:0.365499+0.004078 
[807]	train-rmse:0.363718+0.000831	test-rmse:0.365478+0.004078 
[808]	train-rmse:0.363695+0.000831	test-rmse:0.365457+0.004078 
[809]	train-rmse:0.363671+0.000830	test-rmse:0.365436+0.004077 
[810]	train-rmse:0.363648+0.000830	test-rmse:0.365414+0.004077 
[811]	train-rmse:0.363624+0.000830	test-rmse:0.365393+0.004077 
[812]	train-rmse:0.363601+0.000830	test-rmse:0.365372+0.004077 
[813]	train-rmse:0.363578+0.000830	test-rmse:0.365351+0.004077 
[814]	train-rmse:0.363554+0.000830	test-rmse:0.365330+0.004077 
[815]	train-rmse:0.363531+0.000829	test-rmse:0.365309+0.004077 
[816]	train-rmse:0.363507+0.000829	test-rmse:0.365288+0.004077 
[817]	train-rmse:0.363484+0.000829	test-rmse:0.365267+0.004076 
[818]	train-rmse:0.363460+0.000829	test-rmse:0.365246+0.004076 
[819]	train-rmse:0.363442+0.000830	test-rmse:0.365230+0.004075 
[820]	train-rmse:0.363418+0.000830	test-rmse:0.365209+0.004075 
[821]	train-rmse:0.363395+0.000830	test-rmse:0.365188+0.004075 
[822]	train-rmse:0.363371+0.000830	test-rmse:0.365167+0.004074 
[823]	train-rmse:0.363348+0.000830	test-rmse:0.365146+0.004074 
[824]	train-rmse:0.363325+0.000829	test-rmse:0.365124+0.004074 
[825]	train-rmse:0.363301+0.000829	test-rmse:0.365103+0.004074 
[826]	train-rmse:0.363283+0.000830	test-rmse:0.365087+0.004072 
[827]	train-rmse:0.363264+0.000830	test-rmse:0.365070+0.004073 
[828]	train-rmse:0.363245+0.000822	test-rmse:0.365053+0.004080 
[829]	train-rmse:0.363222+0.000821	test-rmse:0.365032+0.004080 
[830]	train-rmse:0.363198+0.000821	test-rmse:0.365011+0.004080 
[831]	train-rmse:0.363179+0.000823	test-rmse:0.364994+0.004079 
[832]	train-rmse:0.363156+0.000823	test-rmse:0.364973+0.004079 
[833]	train-rmse:0.363133+0.000822	test-rmse:0.364952+0.004078 
[834]	train-rmse:0.363109+0.000822	test-rmse:0.364931+0.004078 
[835]	train-rmse:0.363086+0.000822	test-rmse:0.364911+0.004078 
[836]	train-rmse:0.363063+0.000822	test-rmse:0.364890+0.004078 
[837]	train-rmse:0.363039+0.000822	test-rmse:0.364869+0.004078 
[838]	train-rmse:0.363016+0.000822	test-rmse:0.364848+0.004078 
[839]	train-rmse:0.362992+0.000822	test-rmse:0.364827+0.004078 
[840]	train-rmse:0.362969+0.000821	test-rmse:0.364806+0.004078 
[841]	train-rmse:0.362946+0.000821	test-rmse:0.364785+0.004078 
[842]	train-rmse:0.362927+0.000824	test-rmse:0.364768+0.004076 
[843]	train-rmse:0.362904+0.000824	test-rmse:0.364747+0.004075 
[844]	train-rmse:0.362880+0.000823	test-rmse:0.364726+0.004075 
[845]	train-rmse:0.362857+0.000823	test-rmse:0.364705+0.004075 
[846]	train-rmse:0.362833+0.000823	test-rmse:0.364684+0.004075 
[847]	train-rmse:0.362810+0.000823	test-rmse:0.364663+0.004075 
[848]	train-rmse:0.362787+0.000823	test-rmse:0.364642+0.004075 
[849]	train-rmse:0.362763+0.000823	test-rmse:0.364621+0.004074 
[850]	train-rmse:0.362740+0.000822	test-rmse:0.364600+0.004074 
[851]	train-rmse:0.362716+0.000822	test-rmse:0.364579+0.004074 
[852]	train-rmse:0.362693+0.000822	test-rmse:0.364558+0.004074 
[853]	train-rmse:0.362670+0.000822	test-rmse:0.364538+0.004074 
[854]	train-rmse:0.362646+0.000822	test-rmse:0.364517+0.004074 
[855]	train-rmse:0.362623+0.000822	test-rmse:0.364496+0.004074 
[856]	train-rmse:0.362600+0.000822	test-rmse:0.364475+0.004074 
[857]	train-rmse:0.362581+0.000826	test-rmse:0.364458+0.004068 
[858]	train-rmse:0.362558+0.000826	test-rmse:0.364437+0.004068 
[859]	train-rmse:0.362534+0.000826	test-rmse:0.364416+0.004068 
[860]	train-rmse:0.362516+0.000827	test-rmse:0.364399+0.004067 
[861]	train-rmse:0.362492+0.000827	test-rmse:0.364379+0.004067 
[862]	train-rmse:0.362469+0.000827	test-rmse:0.364358+0.004066 
[863]	train-rmse:0.362446+0.000827	test-rmse:0.364337+0.004066 
[864]	train-rmse:0.362422+0.000826	test-rmse:0.364316+0.004066 
[865]	train-rmse:0.362404+0.000829	test-rmse:0.364299+0.004064 
[866]	train-rmse:0.362380+0.000829	test-rmse:0.364278+0.004063 
[867]	train-rmse:0.362357+0.000828	test-rmse:0.364257+0.004063 
[868]	train-rmse:0.362338+0.000830	test-rmse:0.364240+0.004062 
[869]	train-rmse:0.362315+0.000830	test-rmse:0.364219+0.004062 
[870]	train-rmse:0.362292+0.000830	test-rmse:0.364198+0.004061 
[871]	train-rmse:0.362269+0.000829	test-rmse:0.364177+0.004061 
[872]	train-rmse:0.362245+0.000829	test-rmse:0.364157+0.004061 
[873]	train-rmse:0.362227+0.000832	test-rmse:0.364140+0.004059 
[874]	train-rmse:0.362203+0.000832	test-rmse:0.364119+0.004059 
[875]	train-rmse:0.362185+0.000833	test-rmse:0.364102+0.004058 
[876]	train-rmse:0.362161+0.000833	test-rmse:0.364081+0.004057 
[877]	train-rmse:0.362138+0.000833	test-rmse:0.364060+0.004057 
[878]	train-rmse:0.362119+0.000824	test-rmse:0.364044+0.004065 
[879]	train-rmse:0.362096+0.000824	test-rmse:0.364023+0.004065 
[880]	train-rmse:0.362073+0.000824	test-rmse:0.364002+0.004065 
[881]	train-rmse:0.362050+0.000824	test-rmse:0.363981+0.004065 
[882]	train-rmse:0.362026+0.000823	test-rmse:0.363961+0.004064 
[883]	train-rmse:0.362003+0.000823	test-rmse:0.363940+0.004064 
[884]	train-rmse:0.361984+0.000826	test-rmse:0.363923+0.004062 
[885]	train-rmse:0.361961+0.000826	test-rmse:0.363902+0.004062 
[886]	train-rmse:0.361938+0.000825	test-rmse:0.363881+0.004062 
[887]	train-rmse:0.361914+0.000825	test-rmse:0.363860+0.004062 
[888]	train-rmse:0.361891+0.000825	test-rmse:0.363839+0.004061 
[889]	train-rmse:0.361868+0.000825	test-rmse:0.363819+0.004061 
[890]	train-rmse:0.361845+0.000825	test-rmse:0.363798+0.004061 
[891]	train-rmse:0.361821+0.000825	test-rmse:0.363777+0.004061 
[892]	train-rmse:0.361798+0.000825	test-rmse:0.363756+0.004061 
[893]	train-rmse:0.361775+0.000824	test-rmse:0.363735+0.004061 
[894]	train-rmse:0.361756+0.000824	test-rmse:0.363719+0.004061 
[895]	train-rmse:0.361733+0.000824	test-rmse:0.363698+0.004061 
[896]	train-rmse:0.361714+0.000829	test-rmse:0.363681+0.004056 
[897]	train-rmse:0.361691+0.000828	test-rmse:0.363660+0.004056 
[898]	train-rmse:0.361668+0.000828	test-rmse:0.363640+0.004056 
[899]	train-rmse:0.361645+0.000828	test-rmse:0.363619+0.004056 
[900]	train-rmse:0.361621+0.000828	test-rmse:0.363598+0.004055 
[901]	train-rmse:0.361598+0.000828	test-rmse:0.363577+0.004055 
[902]	train-rmse:0.361575+0.000828	test-rmse:0.363556+0.004055 
[903]	train-rmse:0.361552+0.000827	test-rmse:0.363535+0.004055 
[904]	train-rmse:0.361528+0.000827	test-rmse:0.363515+0.004055 
[905]	train-rmse:0.361505+0.000827	test-rmse:0.363494+0.004055 
[906]	train-rmse:0.361482+0.000827	test-rmse:0.363473+0.004055 
[907]	train-rmse:0.361459+0.000827	test-rmse:0.363452+0.004055 
[908]	train-rmse:0.361435+0.000827	test-rmse:0.363432+0.004054 
[909]	train-rmse:0.361412+0.000827	test-rmse:0.363411+0.004054 
[910]	train-rmse:0.361389+0.000826	test-rmse:0.363390+0.004054 
[911]	train-rmse:0.361366+0.000826	test-rmse:0.363369+0.004054 
[912]	train-rmse:0.361342+0.000826	test-rmse:0.363348+0.004054 
[913]	train-rmse:0.361324+0.000830	test-rmse:0.363332+0.004048 
[914]	train-rmse:0.361301+0.000830	test-rmse:0.363311+0.004048 
[915]	train-rmse:0.361277+0.000830	test-rmse:0.363290+0.004048 
[916]	train-rmse:0.361254+0.000830	test-rmse:0.363269+0.004048 
[917]	train-rmse:0.361236+0.000821	test-rmse:0.363253+0.004056 
[918]	train-rmse:0.361212+0.000821	test-rmse:0.363232+0.004055 
[919]	train-rmse:0.361189+0.000821	test-rmse:0.363211+0.004055 
[920]	train-rmse:0.361166+0.000821	test-rmse:0.363190+0.004055 
[921]	train-rmse:0.361143+0.000820	test-rmse:0.363169+0.004055 
[922]	train-rmse:0.361120+0.000820	test-rmse:0.363149+0.004054 
[923]	train-rmse:0.361096+0.000820	test-rmse:0.363128+0.004054 
[924]	train-rmse:0.361073+0.000820	test-rmse:0.363107+0.004054 
[925]	train-rmse:0.361050+0.000820	test-rmse:0.363086+0.004054 
[926]	train-rmse:0.361027+0.000820	test-rmse:0.363066+0.004054 
[927]	train-rmse:0.361004+0.000820	test-rmse:0.363045+0.004053 
[928]	train-rmse:0.360985+0.000822	test-rmse:0.363028+0.004051 
[929]	train-rmse:0.360962+0.000822	test-rmse:0.363007+0.004051 
[930]	train-rmse:0.360939+0.000822	test-rmse:0.362986+0.004051 
[931]	train-rmse:0.360920+0.000824	test-rmse:0.362969+0.004049 
[932]	train-rmse:0.360897+0.000824	test-rmse:0.362948+0.004049 
[933]	train-rmse:0.360874+0.000824	test-rmse:0.362928+0.004049 
[934]	train-rmse:0.360851+0.000824	test-rmse:0.362907+0.004049 
[935]	train-rmse:0.360832+0.000825	test-rmse:0.362890+0.004047 
[936]	train-rmse:0.360809+0.000825	test-rmse:0.362870+0.004047 
[937]	train-rmse:0.360790+0.000828	test-rmse:0.362853+0.004045 
[938]	train-rmse:0.360767+0.000827	test-rmse:0.362832+0.004045 
[939]	train-rmse:0.360744+0.000827	test-rmse:0.362811+0.004045 
[940]	train-rmse:0.360721+0.000827	test-rmse:0.362791+0.004045 
[941]	train-rmse:0.360702+0.000830	test-rmse:0.362774+0.004043 
[942]	train-rmse:0.360679+0.000830	test-rmse:0.362753+0.004042 
[943]	train-rmse:0.360665+0.000832	test-rmse:0.362740+0.004041 
[944]	train-rmse:0.360642+0.000832	test-rmse:0.362719+0.004041 
[945]	train-rmse:0.360619+0.000832	test-rmse:0.362698+0.004040 
[946]	train-rmse:0.360596+0.000832	test-rmse:0.362678+0.004040 
[947]	train-rmse:0.360573+0.000832	test-rmse:0.362657+0.004040 
[948]	train-rmse:0.360550+0.000832	test-rmse:0.362636+0.004040 
[949]	train-rmse:0.360526+0.000831	test-rmse:0.362615+0.004039 
[950]	train-rmse:0.360503+0.000831	test-rmse:0.362595+0.004039 
[951]	train-rmse:0.360480+0.000831	test-rmse:0.362574+0.004039 
[952]	train-rmse:0.360457+0.000831	test-rmse:0.362553+0.004039 
[953]	train-rmse:0.360434+0.000831	test-rmse:0.362533+0.004039 
[954]	train-rmse:0.360411+0.000831	test-rmse:0.362512+0.004039 
[955]	train-rmse:0.360388+0.000830	test-rmse:0.362491+0.004039 
[956]	train-rmse:0.360364+0.000830	test-rmse:0.362471+0.004039 
[957]	train-rmse:0.360341+0.000830	test-rmse:0.362450+0.004039 
[958]	train-rmse:0.360318+0.000830	test-rmse:0.362429+0.004038 
[959]	train-rmse:0.360295+0.000830	test-rmse:0.362409+0.004038 
[960]	train-rmse:0.360272+0.000830	test-rmse:0.362388+0.004038 
[961]	train-rmse:0.360249+0.000830	test-rmse:0.362367+0.004038 
[962]	train-rmse:0.360226+0.000829	test-rmse:0.362347+0.004038 
[963]	train-rmse:0.360203+0.000829	test-rmse:0.362326+0.004038 
[964]	train-rmse:0.360179+0.000829	test-rmse:0.362305+0.004038 
[965]	train-rmse:0.360161+0.000829	test-rmse:0.362289+0.004038 
[966]	train-rmse:0.360138+0.000829	test-rmse:0.362268+0.004038 
[967]	train-rmse:0.360119+0.000820	test-rmse:0.362251+0.004046 
[968]	train-rmse:0.360101+0.000822	test-rmse:0.362235+0.004044 
[969]	train-rmse:0.360082+0.000826	test-rmse:0.362219+0.004039 
[970]	train-rmse:0.360059+0.000826	test-rmse:0.362198+0.004039 
[971]	train-rmse:0.360036+0.000825	test-rmse:0.362177+0.004039 
[972]	train-rmse:0.360013+0.000825	test-rmse:0.362156+0.004039 
[973]	train-rmse:0.359990+0.000825	test-rmse:0.362136+0.004038 
[974]	train-rmse:0.359967+0.000825	test-rmse:0.362115+0.004038 
[975]	train-rmse:0.359944+0.000825	test-rmse:0.362095+0.004038 
[976]	train-rmse:0.359921+0.000825	test-rmse:0.362074+0.004038 
[977]	train-rmse:0.359898+0.000825	test-rmse:0.362053+0.004038 
[978]	train-rmse:0.359874+0.000824	test-rmse:0.362033+0.004038 
[979]	train-rmse:0.359851+0.000824	test-rmse:0.362012+0.004037 
[980]	train-rmse:0.359828+0.000824	test-rmse:0.361991+0.004037 
[981]	train-rmse:0.359805+0.000824	test-rmse:0.361971+0.004037 
[982]	train-rmse:0.359782+0.000824	test-rmse:0.361950+0.004037 
[983]	train-rmse:0.359759+0.000824	test-rmse:0.361929+0.004037 
[984]	train-rmse:0.359736+0.000824	test-rmse:0.361909+0.004036 
[985]	train-rmse:0.359713+0.000823	test-rmse:0.361888+0.004036 
[986]	train-rmse:0.359690+0.000823	test-rmse:0.361867+0.004036 
[987]	train-rmse:0.359672+0.000825	test-rmse:0.361851+0.004035 
[988]	train-rmse:0.359648+0.000825	test-rmse:0.361830+0.004034 
[989]	train-rmse:0.359625+0.000825	test-rmse:0.361810+0.004034 
[990]	train-rmse:0.359602+0.000824	test-rmse:0.361789+0.004034 
[991]	train-rmse:0.359584+0.000826	test-rmse:0.361773+0.004033 
[992]	train-rmse:0.359561+0.000826	test-rmse:0.361752+0.004033 
[993]	train-rmse:0.359538+0.000826	test-rmse:0.361732+0.004032 
[994]	train-rmse:0.359519+0.000828	test-rmse:0.361715+0.004030 
[995]	train-rmse:0.359496+0.000828	test-rmse:0.361694+0.004030 
[996]	train-rmse:0.359473+0.000828	test-rmse:0.361674+0.004030 
[997]	train-rmse:0.359450+0.000828	test-rmse:0.361653+0.004030 
[998]	train-rmse:0.359427+0.000828	test-rmse:0.361632+0.004029 
[999]	train-rmse:0.359404+0.000828	test-rmse:0.361612+0.004029 
[1000]	train-rmse:0.359381+0.000827	test-rmse:0.361591+0.004029 
[1001]	train-rmse:0.359358+0.000827	test-rmse:0.361570+0.004029 
[1002]	train-rmse:0.359335+0.000827	test-rmse:0.361550+0.004028 
[1003]	train-rmse:0.359312+0.000827	test-rmse:0.361529+0.004028 
[1004]	train-rmse:0.359289+0.000827	test-rmse:0.361508+0.004028 
[1005]	train-rmse:0.359266+0.000827	test-rmse:0.361488+0.004028 
[1006]	train-rmse:0.359243+0.000826	test-rmse:0.361467+0.004028 
[1007]	train-rmse:0.359220+0.000826	test-rmse:0.361447+0.004027 
[1008]	train-rmse:0.359197+0.000826	test-rmse:0.361426+0.004027 
[1009]	train-rmse:0.359174+0.000826	test-rmse:0.361405+0.004027 
[1010]	train-rmse:0.359151+0.000826	test-rmse:0.361385+0.004027 
[1011]	train-rmse:0.359128+0.000826	test-rmse:0.361364+0.004027 
[1012]	train-rmse:0.359105+0.000825	test-rmse:0.361344+0.004026 
[1013]	train-rmse:0.359087+0.000828	test-rmse:0.361327+0.004024 
[1014]	train-rmse:0.359064+0.000828	test-rmse:0.361306+0.004024 
[1015]	train-rmse:0.359041+0.000828	test-rmse:0.361286+0.004024 
[1016]	train-rmse:0.359018+0.000828	test-rmse:0.361265+0.004024 
[1017]	train-rmse:0.358995+0.000828	test-rmse:0.361245+0.004024 
[1018]	train-rmse:0.358972+0.000827	test-rmse:0.361224+0.004023 
[1019]	train-rmse:0.358949+0.000827	test-rmse:0.361204+0.004023 
[1020]	train-rmse:0.358926+0.000827	test-rmse:0.361183+0.004023 
[1021]	train-rmse:0.358903+0.000827	test-rmse:0.361163+0.004023 
[1022]	train-rmse:0.358884+0.000830	test-rmse:0.361146+0.004021 
[1023]	train-rmse:0.358861+0.000829	test-rmse:0.361125+0.004020 
[1024]	train-rmse:0.358838+0.000829	test-rmse:0.361105+0.004020 
[1025]	train-rmse:0.358815+0.000829	test-rmse:0.361084+0.004020 
[1026]	train-rmse:0.358792+0.000829	test-rmse:0.361064+0.004020 
[1027]	train-rmse:0.358769+0.000829	test-rmse:0.361043+0.004020 
[1028]	train-rmse:0.358751+0.000832	test-rmse:0.361027+0.004018 
[1029]	train-rmse:0.358728+0.000832	test-rmse:0.361006+0.004018 
[1030]	train-rmse:0.358710+0.000835	test-rmse:0.360989+0.004016 
[1031]	train-rmse:0.358687+0.000834	test-rmse:0.360969+0.004016 
[1032]	train-rmse:0.358664+0.000834	test-rmse:0.360949+0.004016 
[1033]	train-rmse:0.358650+0.000829	test-rmse:0.360936+0.004021 
[1034]	train-rmse:0.358627+0.000829	test-rmse:0.360916+0.004021 
[1035]	train-rmse:0.358604+0.000828	test-rmse:0.360895+0.004021 
[1036]	train-rmse:0.358581+0.000828	test-rmse:0.360875+0.004021 
[1037]	train-rmse:0.358563+0.000832	test-rmse:0.360858+0.004015 
[1038]	train-rmse:0.358545+0.000824	test-rmse:0.360842+0.004023 
[1039]	train-rmse:0.358522+0.000823	test-rmse:0.360822+0.004023 
[1040]	train-rmse:0.358499+0.000823	test-rmse:0.360801+0.004023 
[1041]	train-rmse:0.358481+0.000823	test-rmse:0.360785+0.004023 
[1042]	train-rmse:0.358458+0.000823	test-rmse:0.360764+0.004023 
[1043]	train-rmse:0.358435+0.000823	test-rmse:0.360744+0.004023 
[1044]	train-rmse:0.358412+0.000823	test-rmse:0.360723+0.004022 
[1045]	train-rmse:0.358389+0.000823	test-rmse:0.360703+0.004022 
[1046]	train-rmse:0.358366+0.000823	test-rmse:0.360682+0.004022 
[1047]	train-rmse:0.358348+0.000814	test-rmse:0.360666+0.004030 
[1048]	train-rmse:0.358325+0.000814	test-rmse:0.360645+0.004029 
[1049]	train-rmse:0.358302+0.000814	test-rmse:0.360625+0.004029 
[1050]	train-rmse:0.358279+0.000813	test-rmse:0.360605+0.004029 
[1051]	train-rmse:0.358256+0.000813	test-rmse:0.360584+0.004029 
[1052]	train-rmse:0.358233+0.000813	test-rmse:0.360564+0.004029 
[1053]	train-rmse:0.358210+0.000813	test-rmse:0.360543+0.004029 
[1054]	train-rmse:0.358187+0.000813	test-rmse:0.360523+0.004029 
[1055]	train-rmse:0.358169+0.000817	test-rmse:0.360507+0.004023 
[1056]	train-rmse:0.358146+0.000817	test-rmse:0.360486+0.004023 
[1057]	train-rmse:0.358123+0.000817	test-rmse:0.360466+0.004023 
[1058]	train-rmse:0.358100+0.000817	test-rmse:0.360445+0.004023 
[1059]	train-rmse:0.358082+0.000808	test-rmse:0.360429+0.004030 
[1060]	train-rmse:0.358059+0.000808	test-rmse:0.360409+0.004030 
[1061]	train-rmse:0.358036+0.000808	test-rmse:0.360388+0.004030 
[1062]	train-rmse:0.358018+0.000799	test-rmse:0.360372+0.004037 
[1063]	train-rmse:0.357995+0.000799	test-rmse:0.360351+0.004037 
[1064]	train-rmse:0.357972+0.000799	test-rmse:0.360331+0.004037 
[1065]	train-rmse:0.357949+0.000799	test-rmse:0.360311+0.004037 
[1066]	train-rmse:0.357926+0.000799	test-rmse:0.360290+0.004037 
[1067]	train-rmse:0.357903+0.000799	test-rmse:0.360270+0.004037 
[1068]	train-rmse:0.357881+0.000799	test-rmse:0.360249+0.004036 
[1069]	train-rmse:0.357858+0.000798	test-rmse:0.360229+0.004036 
[1070]	train-rmse:0.357835+0.000798	test-rmse:0.360208+0.004036 
[1071]	train-rmse:0.357812+0.000798	test-rmse:0.360188+0.004036 
[1072]	train-rmse:0.357794+0.000800	test-rmse:0.360172+0.004035 
[1073]	train-rmse:0.357771+0.000799	test-rmse:0.360151+0.004035 
[1074]	train-rmse:0.357748+0.000799	test-rmse:0.360131+0.004034 
[1075]	train-rmse:0.357725+0.000799	test-rmse:0.360110+0.004034 
[1076]	train-rmse:0.357702+0.000799	test-rmse:0.360090+0.004034 
[1077]	train-rmse:0.357679+0.000799	test-rmse:0.360069+0.004034 
[1078]	train-rmse:0.357657+0.000799	test-rmse:0.360049+0.004033 
[1079]	train-rmse:0.357638+0.000802	test-rmse:0.360032+0.004031 
[1080]	train-rmse:0.357620+0.000802	test-rmse:0.360016+0.004032 
[1081]	train-rmse:0.357597+0.000801	test-rmse:0.359996+0.004032 
[1082]	train-rmse:0.357574+0.000801	test-rmse:0.359975+0.004032 
[1083]	train-rmse:0.357552+0.000801	test-rmse:0.359955+0.004032 
[1084]	train-rmse:0.357529+0.000801	test-rmse:0.359934+0.004031 
[1085]	train-rmse:0.357510+0.000792	test-rmse:0.359918+0.004039 
[1086]	train-rmse:0.357488+0.000792	test-rmse:0.359898+0.004039 
[1087]	train-rmse:0.357465+0.000792	test-rmse:0.359877+0.004038 
[1088]	train-rmse:0.357451+0.000799	test-rmse:0.359865+0.004031 
[1089]	train-rmse:0.357428+0.000799	test-rmse:0.359845+0.004031 
[1090]	train-rmse:0.357405+0.000799	test-rmse:0.359824+0.004031 
[1091]	train-rmse:0.357383+0.000799	test-rmse:0.359804+0.004031 
[1092]	train-rmse:0.357360+0.000799	test-rmse:0.359783+0.004031 
[1093]	train-rmse:0.357337+0.000799	test-rmse:0.359763+0.004031 
[1094]	train-rmse:0.357314+0.000799	test-rmse:0.359743+0.004031 
[1095]	train-rmse:0.357296+0.000800	test-rmse:0.359726+0.004029 
[1096]	train-rmse:0.357273+0.000800	test-rmse:0.359706+0.004029 
[1097]	train-rmse:0.357250+0.000800	test-rmse:0.359686+0.004029 
[1098]	train-rmse:0.357228+0.000800	test-rmse:0.359665+0.004028 
[1099]	train-rmse:0.357205+0.000800	test-rmse:0.359645+0.004028 
[1100]	train-rmse:0.357182+0.000799	test-rmse:0.359624+0.004028 
[1101]	train-rmse:0.357159+0.000799	test-rmse:0.359604+0.004028 
[1102]	train-rmse:0.357136+0.000799	test-rmse:0.359584+0.004028 
[1103]	train-rmse:0.357113+0.000799	test-rmse:0.359563+0.004028 
[1104]	train-rmse:0.357091+0.000799	test-rmse:0.359543+0.004028 
[1105]	train-rmse:0.357068+0.000799	test-rmse:0.359523+0.004027 
[1106]	train-rmse:0.357050+0.000803	test-rmse:0.359507+0.004022 
[1107]	train-rmse:0.357027+0.000803	test-rmse:0.359486+0.004022 
[1108]	train-rmse:0.357004+0.000803	test-rmse:0.359466+0.004022 
[1109]	train-rmse:0.356986+0.000807	test-rmse:0.359450+0.004017 
[1110]	train-rmse:0.356963+0.000807	test-rmse:0.359430+0.004017 
[1111]	train-rmse:0.356940+0.000807	test-rmse:0.359409+0.004017 
[1112]	train-rmse:0.356917+0.000807	test-rmse:0.359389+0.004016 
[1113]	train-rmse:0.356895+0.000807	test-rmse:0.359368+0.004016 
[1114]	train-rmse:0.356872+0.000807	test-rmse:0.359348+0.004016 
[1115]	train-rmse:0.356849+0.000806	test-rmse:0.359328+0.004016 
[1116]	train-rmse:0.356826+0.000806	test-rmse:0.359307+0.004016 
[1117]	train-rmse:0.356808+0.000806	test-rmse:0.359291+0.004016 
[1118]	train-rmse:0.356785+0.000806	test-rmse:0.359271+0.004016 
[1119]	train-rmse:0.356762+0.000806	test-rmse:0.359250+0.004016 
[1120]	train-rmse:0.356740+0.000806	test-rmse:0.359230+0.004016 
[1121]	train-rmse:0.356721+0.000807	test-rmse:0.359214+0.004014 
[1122]	train-rmse:0.356699+0.000807	test-rmse:0.359193+0.004014 
[1123]	train-rmse:0.356680+0.000798	test-rmse:0.359177+0.004021 
[1124]	train-rmse:0.356658+0.000798	test-rmse:0.359157+0.004021 
[1125]	train-rmse:0.356640+0.000800	test-rmse:0.359141+0.004020 
[1126]	train-rmse:0.356617+0.000800	test-rmse:0.359120+0.004019 
[1127]	train-rmse:0.356599+0.000802	test-rmse:0.359104+0.004017 
[1128]	train-rmse:0.356576+0.000802	test-rmse:0.359083+0.004017 
[1129]	train-rmse:0.356553+0.000802	test-rmse:0.359063+0.004017 
[1130]	train-rmse:0.356530+0.000802	test-rmse:0.359043+0.004017 
[1131]	train-rmse:0.356508+0.000802	test-rmse:0.359023+0.004016 
[1132]	train-rmse:0.356485+0.000802	test-rmse:0.359002+0.004016 
[1133]	train-rmse:0.356462+0.000802	test-rmse:0.358982+0.004016 
[1134]	train-rmse:0.356440+0.000802	test-rmse:0.358962+0.004016 
[1135]	train-rmse:0.356417+0.000801	test-rmse:0.358941+0.004016 
[1136]	train-rmse:0.356394+0.000801	test-rmse:0.358921+0.004016 
[1137]	train-rmse:0.356371+0.000801	test-rmse:0.358901+0.004016 
[1138]	train-rmse:0.356349+0.000801	test-rmse:0.358881+0.004016 
[1139]	train-rmse:0.356326+0.000801	test-rmse:0.358860+0.004016 
[1140]	train-rmse:0.356308+0.000792	test-rmse:0.358844+0.004023 
[1141]	train-rmse:0.356290+0.000795	test-rmse:0.358828+0.004021 
[1142]	train-rmse:0.356271+0.000787	test-rmse:0.358812+0.004028 
[1143]	train-rmse:0.356249+0.000787	test-rmse:0.358791+0.004028 
[1144]	train-rmse:0.356226+0.000786	test-rmse:0.358771+0.004028 
[1145]	train-rmse:0.356203+0.000786	test-rmse:0.358751+0.004028 
[1146]	train-rmse:0.356181+0.000786	test-rmse:0.358731+0.004028 
[1147]	train-rmse:0.356158+0.000786	test-rmse:0.358710+0.004027 
[1148]	train-rmse:0.356135+0.000786	test-rmse:0.358690+0.004027 
[1149]	train-rmse:0.356112+0.000786	test-rmse:0.358670+0.004027 
[1150]	train-rmse:0.356090+0.000786	test-rmse:0.358649+0.004027 
[1151]	train-rmse:0.356067+0.000786	test-rmse:0.358629+0.004026 
[1152]	train-rmse:0.356044+0.000786	test-rmse:0.358609+0.004026 
[1153]	train-rmse:0.356022+0.000785	test-rmse:0.358588+0.004026 
[1154]	train-rmse:0.355999+0.000785	test-rmse:0.358568+0.004026 
[1155]	train-rmse:0.355976+0.000785	test-rmse:0.358548+0.004026 
[1156]	train-rmse:0.355954+0.000785	test-rmse:0.358528+0.004026 
[1157]	train-rmse:0.355931+0.000785	test-rmse:0.358508+0.004026 
[1158]	train-rmse:0.355908+0.000785	test-rmse:0.358487+0.004025 
[1159]	train-rmse:0.355886+0.000785	test-rmse:0.358467+0.004025 
[1160]	train-rmse:0.355863+0.000785	test-rmse:0.358447+0.004025 
[1161]	train-rmse:0.355840+0.000785	test-rmse:0.358426+0.004025 
[1162]	train-rmse:0.355822+0.000787	test-rmse:0.358410+0.004023 
[1163]	train-rmse:0.355804+0.000790	test-rmse:0.358394+0.004021 
[1164]	train-rmse:0.355781+0.000790	test-rmse:0.358373+0.004021 
[1165]	train-rmse:0.355759+0.000790	test-rmse:0.358353+0.004021 
[1166]	train-rmse:0.355736+0.000790	test-rmse:0.358333+0.004021 
[1167]	train-rmse:0.355718+0.000791	test-rmse:0.358317+0.004020 
[1168]	train-rmse:0.355695+0.000791	test-rmse:0.358297+0.004019 
[1169]	train-rmse:0.355673+0.000791	test-rmse:0.358276+0.004019 
[1170]	train-rmse:0.355650+0.000791	test-rmse:0.358256+0.004019 
[1171]	train-rmse:0.355627+0.000791	test-rmse:0.358236+0.004019 
[1172]	train-rmse:0.355605+0.000791	test-rmse:0.358216+0.004019 
[1173]	train-rmse:0.355582+0.000791	test-rmse:0.358196+0.004018 
[1174]	train-rmse:0.355559+0.000791	test-rmse:0.358176+0.004018 
[1175]	train-rmse:0.355541+0.000792	test-rmse:0.358159+0.004017 
[1176]	train-rmse:0.355518+0.000792	test-rmse:0.358139+0.004017 
[1177]	train-rmse:0.355496+0.000792	test-rmse:0.358119+0.004016 
[1178]	train-rmse:0.355473+0.000792	test-rmse:0.358099+0.004016 
[1179]	train-rmse:0.355451+0.000792	test-rmse:0.358078+0.004016 
[1180]	train-rmse:0.355428+0.000792	test-rmse:0.358058+0.004016 
[1181]	train-rmse:0.355405+0.000791	test-rmse:0.358038+0.004015 
[1182]	train-rmse:0.355383+0.000791	test-rmse:0.358018+0.004015 
[1183]	train-rmse:0.355365+0.000795	test-rmse:0.358002+0.004010 
[1184]	train-rmse:0.355346+0.000800	test-rmse:0.357986+0.004005 
[1185]	train-rmse:0.355324+0.000799	test-rmse:0.357965+0.004005 
[1186]	train-rmse:0.355301+0.000799	test-rmse:0.357945+0.004004 
[1187]	train-rmse:0.355279+0.000799	test-rmse:0.357925+0.004004 
[1188]	train-rmse:0.355256+0.000799	test-rmse:0.357905+0.004004 
[1189]	train-rmse:0.355233+0.000799	test-rmse:0.357885+0.004004 
[1190]	train-rmse:0.355211+0.000799	test-rmse:0.357864+0.004004 
[1191]	train-rmse:0.355188+0.000799	test-rmse:0.357844+0.004004 
[1192]	train-rmse:0.355165+0.000799	test-rmse:0.357824+0.004003 
[1193]	train-rmse:0.355143+0.000799	test-rmse:0.357804+0.004003 
[1194]	train-rmse:0.355120+0.000798	test-rmse:0.357783+0.004003 
[1195]	train-rmse:0.355102+0.000800	test-rmse:0.357767+0.004001 
[1196]	train-rmse:0.355079+0.000800	test-rmse:0.357747+0.004001 
[1197]	train-rmse:0.355057+0.000800	test-rmse:0.357727+0.004001 
[1198]	train-rmse:0.355034+0.000800	test-rmse:0.357707+0.004001 
[1199]	train-rmse:0.355012+0.000799	test-rmse:0.357687+0.004000 
[1200]	train-rmse:0.354989+0.000799	test-rmse:0.357666+0.004000 
[1201]	train-rmse:0.354966+0.000799	test-rmse:0.357646+0.004000 
[1202]	train-rmse:0.354944+0.000799	test-rmse:0.357626+0.004000 
> hgrid <-
+   dplyr::bind_cols(xgboost_params[index, ], dart.cv$evaluation_log[dart.cv$best_iteration, ], best_iter = dart.cv$best_iteration)
> 
> # write result
> fname <- file.path('data-raw', 'tune', year, 'array', paste0('tune_', index, '.tsv'))
> readr::write_tsv(hgrid, file = fname)
> 
