> 
> # parse arguments
> args <- R.utils::commandArgs(trailingOnly = FALSE, asValues = TRUE)
> index <- as.integer(args$index)
> year <- as.character(args$year)
> nreps <- as.integer(args$nreps)
> seed <- as.integer(args$seed)
> 
> # get number of cores
> wkrs <- length(future::availableWorkers())
> 
> # set seed
> set.seed(seed)
> 
> # read and prepare the cluster features
> fp <- file.path('data-raw', 'features', year)
> clf <-
+   read_features(fp, pattern = 'paris.', recursive = FALSE)
> clf <- prepare_features(
+   clf,
+   feature_map = feature_map,
+   category = c('response', 'bio', 'net'),
+   type = 'list',
+   exclusions = c(
+     'mg2_pairs_count',
+     'mg2_not_pairs_count',
+     'mg2_portion_families_recovered',
+     'cluster_origin',
+     'bocc_origin',
+     'cluster_method',
+     'subcluster_method',
+     'year',
+     'IDs',
+     'go_sig_threshold',
+     'num_new_edges_on_any_node',
+     'HPO_ratio'
+   ),
+   verbose = TRUE
+ )
c('HPO_ratio', 'IDs', 'bocc_origin', 'cluster_method', 'cluster_origin', 'go_sig_threshold', 'max_norm_cell_type_comma_sep_string', 'max_norm_disease_comma_sep_string', 'mg2_not_pairs_count', 'mg2_pairs_count', 'mg2_portion_families_recovered', 'num_new_edges_on_any_node', 'sig_go_enrichment_fdr_corrected_p_vals', 'sig_go_enrichment_p_vals', 'sig_go_enrichment_terms', 'subcluster_method', 'year')

> 
> # prepare grid of parameters
> xgboost_params <- dials::parameters(
+   nrounds = dials::trees(),
+   eta = dials::learn_rate(),
+   gamma = dials::loss_reduction(),
+   dials::tree_depth(),
+   subsample = dials::sample_prop(),
+   rate_drop = dials::dropout(),
+   skip_drop = dials::dropout()
+ )
> xgboost_params <-
+   dials::grid_max_entropy(xgboost_params, size = nreps)
> 
> # tune the dart booster
> dart.param <-
+   list(
+     booster = "dart",
+     objective = "reg:logistic",
+     eval_metric = "rmse",
+     nthread = wkrs,
+     max_depth = xgboost_params$tree_depth[index],
+     eta = xgboost_params$eta[index],
+     gamma = xgboost_params$gamma[index],
+     subsample = xgboost_params$subsample[index],
+     rate_drop = xgboost_params$rate_drop[index],
+     skip_drop = xgboost_params$skip_drop[index]
+   )
> dart.cv <- xgboost::xgb.cv(
+   params = dart.param,
+   nrounds = xgboost_params$nrounds[index],
+   data = as.matrix(clf[, -1]),
+   nfold = 5,
+   label = clf$snowballing_pvalue,
+   early_stopping_rounds = 50
+ )
[1]	train-rmse:0.382681+0.001055	test-rmse:0.382657+0.004188 
Multiple eval metrics are present. Will use test_rmse for early stopping.
Will train until test_rmse hasn't improved in 50 rounds.

[2]	train-rmse:0.382681+0.001055	test-rmse:0.382657+0.004188 
[3]	train-rmse:0.382680+0.001055	test-rmse:0.382657+0.004188 
[4]	train-rmse:0.382680+0.001055	test-rmse:0.382656+0.004188 
[5]	train-rmse:0.382680+0.001055	test-rmse:0.382656+0.004188 
[6]	train-rmse:0.382680+0.001055	test-rmse:0.382656+0.004188 
[7]	train-rmse:0.382679+0.001055	test-rmse:0.382656+0.004188 
[8]	train-rmse:0.382679+0.001055	test-rmse:0.382655+0.004188 
[9]	train-rmse:0.382679+0.001055	test-rmse:0.382655+0.004188 
[10]	train-rmse:0.382678+0.001055	test-rmse:0.382655+0.004188 
[11]	train-rmse:0.382678+0.001055	test-rmse:0.382654+0.004188 
[12]	train-rmse:0.382678+0.001055	test-rmse:0.382654+0.004188 
[13]	train-rmse:0.382678+0.001055	test-rmse:0.382654+0.004188 
[14]	train-rmse:0.382677+0.001055	test-rmse:0.382654+0.004188 
[15]	train-rmse:0.382677+0.001055	test-rmse:0.382653+0.004188 
[16]	train-rmse:0.382677+0.001055	test-rmse:0.382653+0.004188 
[17]	train-rmse:0.382677+0.001055	test-rmse:0.382653+0.004188 
[18]	train-rmse:0.382676+0.001055	test-rmse:0.382653+0.004188 
[19]	train-rmse:0.382676+0.001055	test-rmse:0.382652+0.004188 
[20]	train-rmse:0.382676+0.001055	test-rmse:0.382652+0.004189 
[21]	train-rmse:0.382676+0.001055	test-rmse:0.382652+0.004189 
[22]	train-rmse:0.382675+0.001055	test-rmse:0.382652+0.004188 
[23]	train-rmse:0.382675+0.001055	test-rmse:0.382651+0.004188 
[24]	train-rmse:0.382675+0.001055	test-rmse:0.382651+0.004188 
[25]	train-rmse:0.382675+0.001055	test-rmse:0.382651+0.004188 
[26]	train-rmse:0.382674+0.001055	test-rmse:0.382651+0.004188 
[27]	train-rmse:0.382674+0.001055	test-rmse:0.382650+0.004188 
[28]	train-rmse:0.382674+0.001055	test-rmse:0.382650+0.004188 
[29]	train-rmse:0.382674+0.001055	test-rmse:0.382650+0.004188 
[30]	train-rmse:0.382673+0.001055	test-rmse:0.382650+0.004188 
[31]	train-rmse:0.382673+0.001055	test-rmse:0.382649+0.004188 
[32]	train-rmse:0.382673+0.001055	test-rmse:0.382649+0.004188 
[33]	train-rmse:0.382673+0.001055	test-rmse:0.382649+0.004188 
[34]	train-rmse:0.382672+0.001055	test-rmse:0.382649+0.004188 
[35]	train-rmse:0.382672+0.001055	test-rmse:0.382648+0.004188 
[36]	train-rmse:0.382672+0.001055	test-rmse:0.382648+0.004188 
[37]	train-rmse:0.382671+0.001055	test-rmse:0.382648+0.004188 
[38]	train-rmse:0.382671+0.001055	test-rmse:0.382648+0.004188 
[39]	train-rmse:0.382671+0.001055	test-rmse:0.382647+0.004188 
[40]	train-rmse:0.382671+0.001055	test-rmse:0.382647+0.004188 
[41]	train-rmse:0.382670+0.001055	test-rmse:0.382647+0.004188 
[42]	train-rmse:0.382670+0.001055	test-rmse:0.382646+0.004188 
[43]	train-rmse:0.382670+0.001055	test-rmse:0.382646+0.004188 
[44]	train-rmse:0.382670+0.001055	test-rmse:0.382646+0.004188 
[45]	train-rmse:0.382670+0.001055	test-rmse:0.382646+0.004188 
[46]	train-rmse:0.382669+0.001055	test-rmse:0.382646+0.004188 
[47]	train-rmse:0.382669+0.001055	test-rmse:0.382645+0.004188 
[48]	train-rmse:0.382669+0.001055	test-rmse:0.382645+0.004188 
[49]	train-rmse:0.382668+0.001055	test-rmse:0.382645+0.004188 
[50]	train-rmse:0.382668+0.001055	test-rmse:0.382645+0.004188 
[51]	train-rmse:0.382668+0.001055	test-rmse:0.382644+0.004188 
[52]	train-rmse:0.382668+0.001055	test-rmse:0.382644+0.004188 
[53]	train-rmse:0.382668+0.001055	test-rmse:0.382644+0.004188 
[54]	train-rmse:0.382667+0.001055	test-rmse:0.382644+0.004188 
[55]	train-rmse:0.382667+0.001055	test-rmse:0.382643+0.004188 
[56]	train-rmse:0.382667+0.001055	test-rmse:0.382643+0.004188 
[57]	train-rmse:0.382667+0.001055	test-rmse:0.382643+0.004188 
[58]	train-rmse:0.382666+0.001055	test-rmse:0.382643+0.004188 
[59]	train-rmse:0.382666+0.001055	test-rmse:0.382642+0.004188 
[60]	train-rmse:0.382666+0.001055	test-rmse:0.382642+0.004188 
[61]	train-rmse:0.382665+0.001055	test-rmse:0.382642+0.004188 
[62]	train-rmse:0.382665+0.001055	test-rmse:0.382641+0.004188 
[63]	train-rmse:0.382665+0.001055	test-rmse:0.382641+0.004188 
[64]	train-rmse:0.382665+0.001055	test-rmse:0.382641+0.004189 
[65]	train-rmse:0.382664+0.001054	test-rmse:0.382641+0.004189 
[66]	train-rmse:0.382664+0.001054	test-rmse:0.382640+0.004189 
[67]	train-rmse:0.382664+0.001054	test-rmse:0.382640+0.004189 
[68]	train-rmse:0.382664+0.001054	test-rmse:0.382640+0.004189 
[69]	train-rmse:0.382663+0.001054	test-rmse:0.382640+0.004189 
[70]	train-rmse:0.382663+0.001054	test-rmse:0.382639+0.004189 
[71]	train-rmse:0.382663+0.001054	test-rmse:0.382639+0.004189 
[72]	train-rmse:0.382663+0.001054	test-rmse:0.382639+0.004189 
[73]	train-rmse:0.382662+0.001054	test-rmse:0.382639+0.004189 
[74]	train-rmse:0.382662+0.001054	test-rmse:0.382638+0.004189 
[75]	train-rmse:0.382662+0.001054	test-rmse:0.382638+0.004189 
[76]	train-rmse:0.382662+0.001054	test-rmse:0.382638+0.004189 
[77]	train-rmse:0.382661+0.001054	test-rmse:0.382638+0.004189 
[78]	train-rmse:0.382661+0.001054	test-rmse:0.382637+0.004189 
[79]	train-rmse:0.382661+0.001054	test-rmse:0.382637+0.004189 
[80]	train-rmse:0.382661+0.001054	test-rmse:0.382637+0.004189 
[81]	train-rmse:0.382660+0.001055	test-rmse:0.382637+0.004189 
[82]	train-rmse:0.382660+0.001055	test-rmse:0.382636+0.004189 
[83]	train-rmse:0.382660+0.001055	test-rmse:0.382636+0.004189 
[84]	train-rmse:0.382659+0.001055	test-rmse:0.382636+0.004189 
[85]	train-rmse:0.382659+0.001055	test-rmse:0.382636+0.004189 
[86]	train-rmse:0.382659+0.001055	test-rmse:0.382635+0.004189 
[87]	train-rmse:0.382659+0.001055	test-rmse:0.382635+0.004189 
[88]	train-rmse:0.382659+0.001055	test-rmse:0.382635+0.004189 
[89]	train-rmse:0.382658+0.001055	test-rmse:0.382635+0.004189 
[90]	train-rmse:0.382658+0.001055	test-rmse:0.382634+0.004189 
[91]	train-rmse:0.382658+0.001055	test-rmse:0.382634+0.004189 
[92]	train-rmse:0.382658+0.001055	test-rmse:0.382634+0.004188 
[93]	train-rmse:0.382657+0.001055	test-rmse:0.382634+0.004188 
[94]	train-rmse:0.382657+0.001055	test-rmse:0.382634+0.004188 
[95]	train-rmse:0.382657+0.001055	test-rmse:0.382633+0.004188 
[96]	train-rmse:0.382657+0.001055	test-rmse:0.382633+0.004188 
[97]	train-rmse:0.382657+0.001055	test-rmse:0.382633+0.004189 
[98]	train-rmse:0.382656+0.001055	test-rmse:0.382633+0.004188 
[99]	train-rmse:0.382656+0.001055	test-rmse:0.382633+0.004188 
[100]	train-rmse:0.382656+0.001055	test-rmse:0.382632+0.004188 
[101]	train-rmse:0.382656+0.001055	test-rmse:0.382632+0.004188 
[102]	train-rmse:0.382655+0.001055	test-rmse:0.382632+0.004188 
[103]	train-rmse:0.382655+0.001055	test-rmse:0.382631+0.004188 
[104]	train-rmse:0.382655+0.001055	test-rmse:0.382631+0.004188 
[105]	train-rmse:0.382654+0.001055	test-rmse:0.382631+0.004188 
[106]	train-rmse:0.382654+0.001055	test-rmse:0.382631+0.004188 
[107]	train-rmse:0.382654+0.001055	test-rmse:0.382630+0.004188 
[108]	train-rmse:0.382654+0.001055	test-rmse:0.382630+0.004188 
[109]	train-rmse:0.382653+0.001055	test-rmse:0.382630+0.004188 
[110]	train-rmse:0.382653+0.001055	test-rmse:0.382630+0.004189 
[111]	train-rmse:0.382653+0.001055	test-rmse:0.382629+0.004189 
[112]	train-rmse:0.382653+0.001055	test-rmse:0.382629+0.004189 
[113]	train-rmse:0.382652+0.001055	test-rmse:0.382629+0.004189 
[114]	train-rmse:0.382652+0.001055	test-rmse:0.382628+0.004188 
[115]	train-rmse:0.382652+0.001055	test-rmse:0.382628+0.004188 
[116]	train-rmse:0.382652+0.001055	test-rmse:0.382628+0.004188 
[117]	train-rmse:0.382651+0.001055	test-rmse:0.382628+0.004188 
[118]	train-rmse:0.382651+0.001055	test-rmse:0.382628+0.004188 
[119]	train-rmse:0.382651+0.001055	test-rmse:0.382627+0.004188 
[120]	train-rmse:0.382651+0.001055	test-rmse:0.382627+0.004188 
[121]	train-rmse:0.382650+0.001055	test-rmse:0.382627+0.004188 
[122]	train-rmse:0.382650+0.001055	test-rmse:0.382627+0.004188 
[123]	train-rmse:0.382650+0.001055	test-rmse:0.382626+0.004188 
[124]	train-rmse:0.382650+0.001055	test-rmse:0.382626+0.004188 
[125]	train-rmse:0.382649+0.001055	test-rmse:0.382626+0.004188 
[126]	train-rmse:0.382649+0.001055	test-rmse:0.382626+0.004188 
[127]	train-rmse:0.382649+0.001055	test-rmse:0.382625+0.004188 
[128]	train-rmse:0.382649+0.001055	test-rmse:0.382625+0.004188 
[129]	train-rmse:0.382648+0.001055	test-rmse:0.382625+0.004188 
[130]	train-rmse:0.382648+0.001055	test-rmse:0.382625+0.004188 
[131]	train-rmse:0.382648+0.001055	test-rmse:0.382624+0.004188 
[132]	train-rmse:0.382648+0.001055	test-rmse:0.382624+0.004188 
[133]	train-rmse:0.382647+0.001055	test-rmse:0.382624+0.004188 
[134]	train-rmse:0.382647+0.001055	test-rmse:0.382623+0.004188 
[135]	train-rmse:0.382647+0.001055	test-rmse:0.382623+0.004188 
[136]	train-rmse:0.382646+0.001055	test-rmse:0.382623+0.004188 
[137]	train-rmse:0.382646+0.001055	test-rmse:0.382623+0.004188 
[138]	train-rmse:0.382646+0.001055	test-rmse:0.382622+0.004188 
[139]	train-rmse:0.382646+0.001055	test-rmse:0.382622+0.004188 
[140]	train-rmse:0.382645+0.001055	test-rmse:0.382622+0.004188 
[141]	train-rmse:0.382645+0.001055	test-rmse:0.382621+0.004188 
[142]	train-rmse:0.382645+0.001055	test-rmse:0.382621+0.004188 
[143]	train-rmse:0.382645+0.001055	test-rmse:0.382621+0.004188 
[144]	train-rmse:0.382644+0.001055	test-rmse:0.382621+0.004188 
[145]	train-rmse:0.382644+0.001055	test-rmse:0.382621+0.004188 
[146]	train-rmse:0.382644+0.001055	test-rmse:0.382620+0.004188 
[147]	train-rmse:0.382644+0.001055	test-rmse:0.382620+0.004188 
[148]	train-rmse:0.382643+0.001055	test-rmse:0.382620+0.004188 
[149]	train-rmse:0.382643+0.001055	test-rmse:0.382620+0.004188 
[150]	train-rmse:0.382643+0.001055	test-rmse:0.382619+0.004188 
[151]	train-rmse:0.382643+0.001055	test-rmse:0.382619+0.004188 
[152]	train-rmse:0.382642+0.001055	test-rmse:0.382619+0.004188 
[153]	train-rmse:0.382642+0.001055	test-rmse:0.382619+0.004188 
[154]	train-rmse:0.382642+0.001055	test-rmse:0.382618+0.004188 
[155]	train-rmse:0.382642+0.001055	test-rmse:0.382618+0.004188 
[156]	train-rmse:0.382641+0.001055	test-rmse:0.382618+0.004188 
[157]	train-rmse:0.382641+0.001055	test-rmse:0.382618+0.004188 
[158]	train-rmse:0.382641+0.001055	test-rmse:0.382617+0.004188 
[159]	train-rmse:0.382641+0.001055	test-rmse:0.382617+0.004188 
[160]	train-rmse:0.382640+0.001055	test-rmse:0.382617+0.004188 
[161]	train-rmse:0.382640+0.001055	test-rmse:0.382616+0.004188 
[162]	train-rmse:0.382640+0.001055	test-rmse:0.382616+0.004188 
[163]	train-rmse:0.382640+0.001055	test-rmse:0.382616+0.004188 
[164]	train-rmse:0.382639+0.001055	test-rmse:0.382616+0.004188 
[165]	train-rmse:0.382639+0.001055	test-rmse:0.382615+0.004188 
[166]	train-rmse:0.382639+0.001055	test-rmse:0.382615+0.004188 
[167]	train-rmse:0.382638+0.001055	test-rmse:0.382615+0.004188 
[168]	train-rmse:0.382638+0.001055	test-rmse:0.382615+0.004188 
[169]	train-rmse:0.382638+0.001055	test-rmse:0.382614+0.004188 
[170]	train-rmse:0.382638+0.001055	test-rmse:0.382614+0.004188 
[171]	train-rmse:0.382638+0.001055	test-rmse:0.382614+0.004188 
[172]	train-rmse:0.382637+0.001055	test-rmse:0.382614+0.004188 
[173]	train-rmse:0.382637+0.001055	test-rmse:0.382614+0.004188 
[174]	train-rmse:0.382637+0.001055	test-rmse:0.382613+0.004188 
[175]	train-rmse:0.382637+0.001055	test-rmse:0.382613+0.004188 
[176]	train-rmse:0.382637+0.001055	test-rmse:0.382613+0.004188 
[177]	train-rmse:0.382636+0.001055	test-rmse:0.382613+0.004188 
[178]	train-rmse:0.382636+0.001055	test-rmse:0.382612+0.004188 
[179]	train-rmse:0.382636+0.001055	test-rmse:0.382612+0.004188 
[180]	train-rmse:0.382636+0.001055	test-rmse:0.382612+0.004188 
[181]	train-rmse:0.382635+0.001055	test-rmse:0.382612+0.004188 
[182]	train-rmse:0.382635+0.001055	test-rmse:0.382611+0.004188 
[183]	train-rmse:0.382635+0.001055	test-rmse:0.382611+0.004188 
[184]	train-rmse:0.382635+0.001055	test-rmse:0.382611+0.004188 
[185]	train-rmse:0.382634+0.001055	test-rmse:0.382611+0.004188 
[186]	train-rmse:0.382634+0.001055	test-rmse:0.382611+0.004188 
[187]	train-rmse:0.382634+0.001055	test-rmse:0.382611+0.004188 
[188]	train-rmse:0.382634+0.001055	test-rmse:0.382610+0.004188 
[189]	train-rmse:0.382634+0.001055	test-rmse:0.382610+0.004188 
[190]	train-rmse:0.382634+0.001055	test-rmse:0.382610+0.004188 
[191]	train-rmse:0.382633+0.001055	test-rmse:0.382610+0.004188 
[192]	train-rmse:0.382633+0.001055	test-rmse:0.382610+0.004188 
[193]	train-rmse:0.382633+0.001055	test-rmse:0.382609+0.004188 
[194]	train-rmse:0.382633+0.001055	test-rmse:0.382609+0.004188 
[195]	train-rmse:0.382632+0.001055	test-rmse:0.382609+0.004188 
[196]	train-rmse:0.382632+0.001055	test-rmse:0.382609+0.004188 
[197]	train-rmse:0.382632+0.001055	test-rmse:0.382608+0.004188 
[198]	train-rmse:0.382632+0.001055	test-rmse:0.382608+0.004188 
[199]	train-rmse:0.382631+0.001055	test-rmse:0.382608+0.004188 
[200]	train-rmse:0.382631+0.001055	test-rmse:0.382608+0.004188 
[201]	train-rmse:0.382631+0.001055	test-rmse:0.382607+0.004188 
[202]	train-rmse:0.382631+0.001055	test-rmse:0.382607+0.004188 
[203]	train-rmse:0.382630+0.001055	test-rmse:0.382607+0.004188 
[204]	train-rmse:0.382630+0.001055	test-rmse:0.382607+0.004188 
[205]	train-rmse:0.382630+0.001055	test-rmse:0.382606+0.004188 
[206]	train-rmse:0.382630+0.001055	test-rmse:0.382606+0.004188 
[207]	train-rmse:0.382629+0.001055	test-rmse:0.382606+0.004188 
[208]	train-rmse:0.382629+0.001055	test-rmse:0.382606+0.004188 
[209]	train-rmse:0.382629+0.001055	test-rmse:0.382605+0.004188 
[210]	train-rmse:0.382629+0.001055	test-rmse:0.382605+0.004188 
[211]	train-rmse:0.382628+0.001055	test-rmse:0.382605+0.004188 
[212]	train-rmse:0.382628+0.001055	test-rmse:0.382605+0.004188 
[213]	train-rmse:0.382628+0.001055	test-rmse:0.382604+0.004188 
[214]	train-rmse:0.382628+0.001055	test-rmse:0.382604+0.004188 
[215]	train-rmse:0.382627+0.001055	test-rmse:0.382604+0.004188 
[216]	train-rmse:0.382627+0.001055	test-rmse:0.382604+0.004188 
[217]	train-rmse:0.382627+0.001055	test-rmse:0.382603+0.004188 
[218]	train-rmse:0.382627+0.001055	test-rmse:0.382603+0.004188 
[219]	train-rmse:0.382626+0.001055	test-rmse:0.382603+0.004188 
[220]	train-rmse:0.382626+0.001055	test-rmse:0.382603+0.004188 
[221]	train-rmse:0.382626+0.001054	test-rmse:0.382603+0.004189 
[222]	train-rmse:0.382626+0.001054	test-rmse:0.382602+0.004189 
[223]	train-rmse:0.382626+0.001054	test-rmse:0.382602+0.004189 
[224]	train-rmse:0.382625+0.001054	test-rmse:0.382602+0.004189 
[225]	train-rmse:0.382625+0.001054	test-rmse:0.382602+0.004189 
[226]	train-rmse:0.382625+0.001055	test-rmse:0.382601+0.004189 
[227]	train-rmse:0.382625+0.001054	test-rmse:0.382601+0.004189 
[228]	train-rmse:0.382624+0.001054	test-rmse:0.382601+0.004189 
[229]	train-rmse:0.382624+0.001055	test-rmse:0.382601+0.004189 
[230]	train-rmse:0.382624+0.001054	test-rmse:0.382600+0.004189 
[231]	train-rmse:0.382624+0.001054	test-rmse:0.382600+0.004189 
[232]	train-rmse:0.382624+0.001054	test-rmse:0.382600+0.004189 
[233]	train-rmse:0.382623+0.001054	test-rmse:0.382600+0.004189 
[234]	train-rmse:0.382623+0.001054	test-rmse:0.382600+0.004189 
[235]	train-rmse:0.382623+0.001054	test-rmse:0.382599+0.004189 
[236]	train-rmse:0.382623+0.001055	test-rmse:0.382599+0.004189 
[237]	train-rmse:0.382622+0.001055	test-rmse:0.382599+0.004189 
[238]	train-rmse:0.382622+0.001054	test-rmse:0.382599+0.004189 
[239]	train-rmse:0.382622+0.001054	test-rmse:0.382598+0.004189 
[240]	train-rmse:0.382622+0.001054	test-rmse:0.382598+0.004189 
[241]	train-rmse:0.382621+0.001054	test-rmse:0.382598+0.004189 
[242]	train-rmse:0.382621+0.001055	test-rmse:0.382598+0.004189 
[243]	train-rmse:0.382621+0.001055	test-rmse:0.382597+0.004188 
[244]	train-rmse:0.382621+0.001055	test-rmse:0.382597+0.004189 
[245]	train-rmse:0.382620+0.001055	test-rmse:0.382597+0.004188 
[246]	train-rmse:0.382620+0.001055	test-rmse:0.382597+0.004189 
[247]	train-rmse:0.382620+0.001055	test-rmse:0.382596+0.004189 
[248]	train-rmse:0.382620+0.001055	test-rmse:0.382596+0.004188 
[249]	train-rmse:0.382620+0.001055	test-rmse:0.382596+0.004188 
[250]	train-rmse:0.382620+0.001055	test-rmse:0.382596+0.004188 
[251]	train-rmse:0.382619+0.001055	test-rmse:0.382596+0.004188 
[252]	train-rmse:0.382619+0.001055	test-rmse:0.382596+0.004188 
[253]	train-rmse:0.382619+0.001055	test-rmse:0.382595+0.004188 
[254]	train-rmse:0.382619+0.001055	test-rmse:0.382595+0.004188 
[255]	train-rmse:0.382619+0.001055	test-rmse:0.382595+0.004188 
[256]	train-rmse:0.382618+0.001055	test-rmse:0.382595+0.004188 
[257]	train-rmse:0.382618+0.001055	test-rmse:0.382595+0.004188 
[258]	train-rmse:0.382618+0.001055	test-rmse:0.382594+0.004188 
[259]	train-rmse:0.382618+0.001055	test-rmse:0.382594+0.004188 
[260]	train-rmse:0.382617+0.001055	test-rmse:0.382594+0.004188 
[261]	train-rmse:0.382617+0.001055	test-rmse:0.382594+0.004188 
[262]	train-rmse:0.382617+0.001055	test-rmse:0.382593+0.004188 
[263]	train-rmse:0.382617+0.001055	test-rmse:0.382593+0.004188 
[264]	train-rmse:0.382617+0.001055	test-rmse:0.382593+0.004188 
[265]	train-rmse:0.382616+0.001055	test-rmse:0.382593+0.004188 
[266]	train-rmse:0.382616+0.001055	test-rmse:0.382593+0.004188 
[267]	train-rmse:0.382616+0.001055	test-rmse:0.382592+0.004188 
[268]	train-rmse:0.382615+0.001055	test-rmse:0.382592+0.004188 
[269]	train-rmse:0.382615+0.001055	test-rmse:0.382592+0.004188 
[270]	train-rmse:0.382615+0.001055	test-rmse:0.382591+0.004188 
[271]	train-rmse:0.382615+0.001055	test-rmse:0.382591+0.004188 
[272]	train-rmse:0.382614+0.001055	test-rmse:0.382591+0.004188 
[273]	train-rmse:0.382614+0.001055	test-rmse:0.382591+0.004188 
[274]	train-rmse:0.382614+0.001055	test-rmse:0.382590+0.004188 
[275]	train-rmse:0.382614+0.001055	test-rmse:0.382590+0.004188 
[276]	train-rmse:0.382613+0.001055	test-rmse:0.382590+0.004188 
[277]	train-rmse:0.382613+0.001055	test-rmse:0.382590+0.004188 
[278]	train-rmse:0.382613+0.001055	test-rmse:0.382589+0.004188 
[279]	train-rmse:0.382613+0.001055	test-rmse:0.382589+0.004188 
[280]	train-rmse:0.382613+0.001055	test-rmse:0.382589+0.004188 
[281]	train-rmse:0.382612+0.001055	test-rmse:0.382589+0.004188 
[282]	train-rmse:0.382612+0.001055	test-rmse:0.382589+0.004188 
[283]	train-rmse:0.382612+0.001055	test-rmse:0.382588+0.004188 
[284]	train-rmse:0.382612+0.001055	test-rmse:0.382588+0.004188 
[285]	train-rmse:0.382611+0.001055	test-rmse:0.382588+0.004188 
[286]	train-rmse:0.382611+0.001055	test-rmse:0.382588+0.004188 
[287]	train-rmse:0.382611+0.001055	test-rmse:0.382587+0.004188 
[288]	train-rmse:0.382611+0.001055	test-rmse:0.382587+0.004188 
[289]	train-rmse:0.382610+0.001055	test-rmse:0.382587+0.004188 
[290]	train-rmse:0.382610+0.001055	test-rmse:0.382587+0.004188 
[291]	train-rmse:0.382610+0.001055	test-rmse:0.382587+0.004188 
[292]	train-rmse:0.382610+0.001055	test-rmse:0.382586+0.004188 
[293]	train-rmse:0.382609+0.001055	test-rmse:0.382586+0.004188 
[294]	train-rmse:0.382609+0.001055	test-rmse:0.382586+0.004188 
[295]	train-rmse:0.382609+0.001055	test-rmse:0.382586+0.004188 
[296]	train-rmse:0.382609+0.001055	test-rmse:0.382585+0.004188 
[297]	train-rmse:0.382608+0.001055	test-rmse:0.382585+0.004188 
[298]	train-rmse:0.382608+0.001055	test-rmse:0.382585+0.004188 
[299]	train-rmse:0.382608+0.001055	test-rmse:0.382585+0.004188 
[300]	train-rmse:0.382608+0.001055	test-rmse:0.382584+0.004188 
[301]	train-rmse:0.382608+0.001055	test-rmse:0.382584+0.004188 
[302]	train-rmse:0.382607+0.001055	test-rmse:0.382584+0.004188 
[303]	train-rmse:0.382607+0.001055	test-rmse:0.382583+0.004188 
[304]	train-rmse:0.382607+0.001055	test-rmse:0.382583+0.004188 
[305]	train-rmse:0.382606+0.001055	test-rmse:0.382583+0.004188 
[306]	train-rmse:0.382606+0.001055	test-rmse:0.382583+0.004188 
[307]	train-rmse:0.382606+0.001055	test-rmse:0.382583+0.004188 
[308]	train-rmse:0.382606+0.001055	test-rmse:0.382582+0.004188 
[309]	train-rmse:0.382605+0.001055	test-rmse:0.382582+0.004188 
[310]	train-rmse:0.382605+0.001055	test-rmse:0.382582+0.004188 
[311]	train-rmse:0.382605+0.001055	test-rmse:0.382582+0.004188 
[312]	train-rmse:0.382605+0.001055	test-rmse:0.382581+0.004188 
[313]	train-rmse:0.382604+0.001055	test-rmse:0.382581+0.004188 
[314]	train-rmse:0.382604+0.001055	test-rmse:0.382581+0.004188 
[315]	train-rmse:0.382604+0.001055	test-rmse:0.382581+0.004188 
[316]	train-rmse:0.382604+0.001055	test-rmse:0.382580+0.004188 
[317]	train-rmse:0.382604+0.001055	test-rmse:0.382580+0.004188 
[318]	train-rmse:0.382603+0.001055	test-rmse:0.382580+0.004188 
[319]	train-rmse:0.382603+0.001055	test-rmse:0.382580+0.004188 
[320]	train-rmse:0.382603+0.001055	test-rmse:0.382579+0.004188 
[321]	train-rmse:0.382603+0.001055	test-rmse:0.382579+0.004188 
[322]	train-rmse:0.382602+0.001054	test-rmse:0.382579+0.004189 
[323]	train-rmse:0.382602+0.001054	test-rmse:0.382579+0.004189 
[324]	train-rmse:0.382602+0.001054	test-rmse:0.382579+0.004189 
[325]	train-rmse:0.382602+0.001054	test-rmse:0.382578+0.004189 
[326]	train-rmse:0.382601+0.001054	test-rmse:0.382578+0.004189 
[327]	train-rmse:0.382601+0.001054	test-rmse:0.382578+0.004189 
[328]	train-rmse:0.382601+0.001054	test-rmse:0.382578+0.004189 
[329]	train-rmse:0.382601+0.001054	test-rmse:0.382578+0.004189 
[330]	train-rmse:0.382601+0.001054	test-rmse:0.382577+0.004189 
[331]	train-rmse:0.382600+0.001054	test-rmse:0.382577+0.004189 
[332]	train-rmse:0.382600+0.001054	test-rmse:0.382577+0.004189 
[333]	train-rmse:0.382600+0.001054	test-rmse:0.382576+0.004189 
[334]	train-rmse:0.382600+0.001054	test-rmse:0.382576+0.004189 
[335]	train-rmse:0.382599+0.001054	test-rmse:0.382576+0.004189 
[336]	train-rmse:0.382599+0.001054	test-rmse:0.382576+0.004189 
[337]	train-rmse:0.382599+0.001054	test-rmse:0.382575+0.004189 
[338]	train-rmse:0.382599+0.001054	test-rmse:0.382575+0.004189 
[339]	train-rmse:0.382598+0.001054	test-rmse:0.382575+0.004189 
[340]	train-rmse:0.382598+0.001054	test-rmse:0.382575+0.004189 
[341]	train-rmse:0.382598+0.001054	test-rmse:0.382574+0.004189 
[342]	train-rmse:0.382597+0.001054	test-rmse:0.382574+0.004189 
[343]	train-rmse:0.382597+0.001054	test-rmse:0.382574+0.004189 
[344]	train-rmse:0.382597+0.001054	test-rmse:0.382573+0.004189 
[345]	train-rmse:0.382597+0.001054	test-rmse:0.382573+0.004189 
[346]	train-rmse:0.382596+0.001054	test-rmse:0.382573+0.004189 
[347]	train-rmse:0.382596+0.001054	test-rmse:0.382573+0.004189 
[348]	train-rmse:0.382596+0.001054	test-rmse:0.382573+0.004189 
[349]	train-rmse:0.382596+0.001054	test-rmse:0.382572+0.004189 
[350]	train-rmse:0.382595+0.001054	test-rmse:0.382572+0.004189 
[351]	train-rmse:0.382595+0.001054	test-rmse:0.382572+0.004189 
[352]	train-rmse:0.382595+0.001054	test-rmse:0.382571+0.004189 
[353]	train-rmse:0.382595+0.001054	test-rmse:0.382571+0.004189 
[354]	train-rmse:0.382594+0.001054	test-rmse:0.382571+0.004189 
[355]	train-rmse:0.382594+0.001054	test-rmse:0.382571+0.004189 
[356]	train-rmse:0.382594+0.001054	test-rmse:0.382570+0.004189 
[357]	train-rmse:0.382594+0.001054	test-rmse:0.382570+0.004189 
[358]	train-rmse:0.382593+0.001054	test-rmse:0.382570+0.004189 
[359]	train-rmse:0.382593+0.001054	test-rmse:0.382570+0.004189 
[360]	train-rmse:0.382593+0.001054	test-rmse:0.382569+0.004189 
[361]	train-rmse:0.382593+0.001054	test-rmse:0.382569+0.004189 
[362]	train-rmse:0.382592+0.001054	test-rmse:0.382569+0.004189 
[363]	train-rmse:0.382592+0.001054	test-rmse:0.382568+0.004189 
[364]	train-rmse:0.382592+0.001054	test-rmse:0.382568+0.004189 
[365]	train-rmse:0.382591+0.001054	test-rmse:0.382568+0.004189 
[366]	train-rmse:0.382591+0.001054	test-rmse:0.382568+0.004189 
[367]	train-rmse:0.382591+0.001054	test-rmse:0.382567+0.004189 
[368]	train-rmse:0.382591+0.001054	test-rmse:0.382567+0.004189 
[369]	train-rmse:0.382590+0.001054	test-rmse:0.382567+0.004189 
[370]	train-rmse:0.382590+0.001054	test-rmse:0.382567+0.004189 
[371]	train-rmse:0.382590+0.001054	test-rmse:0.382566+0.004189 
[372]	train-rmse:0.382590+0.001054	test-rmse:0.382566+0.004189 
[373]	train-rmse:0.382589+0.001054	test-rmse:0.382566+0.004189 
[374]	train-rmse:0.382589+0.001054	test-rmse:0.382566+0.004189 
[375]	train-rmse:0.382589+0.001054	test-rmse:0.382565+0.004189 
[376]	train-rmse:0.382589+0.001054	test-rmse:0.382565+0.004189 
[377]	train-rmse:0.382588+0.001053	test-rmse:0.382565+0.004190 
[378]	train-rmse:0.382588+0.001053	test-rmse:0.382565+0.004190 
[379]	train-rmse:0.382588+0.001053	test-rmse:0.382564+0.004190 
[380]	train-rmse:0.382588+0.001053	test-rmse:0.382564+0.004190 
[381]	train-rmse:0.382587+0.001053	test-rmse:0.382564+0.004190 
[382]	train-rmse:0.382587+0.001053	test-rmse:0.382564+0.004190 
[383]	train-rmse:0.382587+0.001053	test-rmse:0.382564+0.004190 
[384]	train-rmse:0.382587+0.001053	test-rmse:0.382563+0.004190 
[385]	train-rmse:0.382586+0.001053	test-rmse:0.382563+0.004190 
[386]	train-rmse:0.382586+0.001053	test-rmse:0.382563+0.004190 
[387]	train-rmse:0.382586+0.001053	test-rmse:0.382563+0.004190 
[388]	train-rmse:0.382586+0.001053	test-rmse:0.382562+0.004190 
[389]	train-rmse:0.382586+0.001053	test-rmse:0.382562+0.004190 
[390]	train-rmse:0.382585+0.001053	test-rmse:0.382562+0.004190 
[391]	train-rmse:0.382585+0.001053	test-rmse:0.382562+0.004190 
[392]	train-rmse:0.382585+0.001053	test-rmse:0.382561+0.004190 
[393]	train-rmse:0.382585+0.001053	test-rmse:0.382561+0.004190 
[394]	train-rmse:0.382584+0.001053	test-rmse:0.382561+0.004190 
[395]	train-rmse:0.382584+0.001053	test-rmse:0.382561+0.004190 
[396]	train-rmse:0.382584+0.001053	test-rmse:0.382560+0.004190 
[397]	train-rmse:0.382584+0.001053	test-rmse:0.382560+0.004190 
[398]	train-rmse:0.382583+0.001053	test-rmse:0.382560+0.004190 
[399]	train-rmse:0.382583+0.001053	test-rmse:0.382560+0.004190 
[400]	train-rmse:0.382583+0.001053	test-rmse:0.382559+0.004190 
[401]	train-rmse:0.382583+0.001053	test-rmse:0.382559+0.004190 
[402]	train-rmse:0.382582+0.001053	test-rmse:0.382559+0.004190 
[403]	train-rmse:0.382582+0.001053	test-rmse:0.382559+0.004190 
[404]	train-rmse:0.382582+0.001053	test-rmse:0.382559+0.004190 
[405]	train-rmse:0.382582+0.001053	test-rmse:0.382558+0.004190 
[406]	train-rmse:0.382581+0.001053	test-rmse:0.382558+0.004190 
[407]	train-rmse:0.382581+0.001053	test-rmse:0.382558+0.004190 
[408]	train-rmse:0.382581+0.001053	test-rmse:0.382558+0.004190 
[409]	train-rmse:0.382581+0.001053	test-rmse:0.382557+0.004190 
[410]	train-rmse:0.382580+0.001053	test-rmse:0.382557+0.004190 
[411]	train-rmse:0.382580+0.001053	test-rmse:0.382557+0.004190 
[412]	train-rmse:0.382580+0.001053	test-rmse:0.382557+0.004190 
[413]	train-rmse:0.382580+0.001053	test-rmse:0.382556+0.004190 
[414]	train-rmse:0.382579+0.001053	test-rmse:0.382556+0.004190 
[415]	train-rmse:0.382579+0.001053	test-rmse:0.382556+0.004190 
[416]	train-rmse:0.382579+0.001053	test-rmse:0.382556+0.004190 
[417]	train-rmse:0.382579+0.001053	test-rmse:0.382555+0.004190 
[418]	train-rmse:0.382579+0.001053	test-rmse:0.382555+0.004190 
[419]	train-rmse:0.382578+0.001053	test-rmse:0.382555+0.004190 
[420]	train-rmse:0.382578+0.001053	test-rmse:0.382555+0.004190 
[421]	train-rmse:0.382578+0.001053	test-rmse:0.382554+0.004190 
[422]	train-rmse:0.382578+0.001053	test-rmse:0.382554+0.004190 
[423]	train-rmse:0.382577+0.001053	test-rmse:0.382554+0.004190 
[424]	train-rmse:0.382577+0.001053	test-rmse:0.382554+0.004190 
[425]	train-rmse:0.382577+0.001053	test-rmse:0.382553+0.004190 
[426]	train-rmse:0.382576+0.001053	test-rmse:0.382553+0.004190 
[427]	train-rmse:0.382576+0.001053	test-rmse:0.382553+0.004190 
[428]	train-rmse:0.382576+0.001053	test-rmse:0.382553+0.004190 
[429]	train-rmse:0.382576+0.001053	test-rmse:0.382552+0.004190 
[430]	train-rmse:0.382575+0.001053	test-rmse:0.382552+0.004190 
[431]	train-rmse:0.382575+0.001053	test-rmse:0.382552+0.004190 
[432]	train-rmse:0.382575+0.001053	test-rmse:0.382551+0.004190 
[433]	train-rmse:0.382575+0.001053	test-rmse:0.382551+0.004190 
[434]	train-rmse:0.382574+0.001053	test-rmse:0.382551+0.004190 
[435]	train-rmse:0.382574+0.001053	test-rmse:0.382551+0.004190 
[436]	train-rmse:0.382574+0.001053	test-rmse:0.382550+0.004190 
[437]	train-rmse:0.382574+0.001053	test-rmse:0.382550+0.004190 
[438]	train-rmse:0.382573+0.001053	test-rmse:0.382550+0.004190 
[439]	train-rmse:0.382573+0.001053	test-rmse:0.382550+0.004190 
[440]	train-rmse:0.382573+0.001053	test-rmse:0.382549+0.004190 
[441]	train-rmse:0.382573+0.001053	test-rmse:0.382549+0.004190 
[442]	train-rmse:0.382572+0.001053	test-rmse:0.382549+0.004190 
[443]	train-rmse:0.382572+0.001053	test-rmse:0.382549+0.004190 
[444]	train-rmse:0.382572+0.001053	test-rmse:0.382548+0.004190 
[445]	train-rmse:0.382572+0.001053	test-rmse:0.382548+0.004190 
[446]	train-rmse:0.382571+0.001053	test-rmse:0.382548+0.004190 
[447]	train-rmse:0.382571+0.001053	test-rmse:0.382548+0.004190 
[448]	train-rmse:0.382571+0.001052	test-rmse:0.382548+0.004190 
[449]	train-rmse:0.382571+0.001052	test-rmse:0.382547+0.004190 
[450]	train-rmse:0.382570+0.001052	test-rmse:0.382547+0.004190 
[451]	train-rmse:0.382570+0.001052	test-rmse:0.382547+0.004190 
[452]	train-rmse:0.382570+0.001052	test-rmse:0.382547+0.004190 
[453]	train-rmse:0.382570+0.001052	test-rmse:0.382546+0.004190 
[454]	train-rmse:0.382569+0.001052	test-rmse:0.382546+0.004190 
[455]	train-rmse:0.382569+0.001052	test-rmse:0.382546+0.004190 
[456]	train-rmse:0.382569+0.001052	test-rmse:0.382545+0.004191 
[457]	train-rmse:0.382568+0.001052	test-rmse:0.382545+0.004191 
[458]	train-rmse:0.382568+0.001052	test-rmse:0.382545+0.004191 
[459]	train-rmse:0.382568+0.001052	test-rmse:0.382545+0.004190 
[460]	train-rmse:0.382568+0.001052	test-rmse:0.382544+0.004190 
[461]	train-rmse:0.382567+0.001052	test-rmse:0.382544+0.004190 
[462]	train-rmse:0.382567+0.001052	test-rmse:0.382544+0.004190 
[463]	train-rmse:0.382567+0.001052	test-rmse:0.382544+0.004190 
[464]	train-rmse:0.382567+0.001052	test-rmse:0.382543+0.004190 
[465]	train-rmse:0.382566+0.001052	test-rmse:0.382543+0.004190 
[466]	train-rmse:0.382566+0.001052	test-rmse:0.382543+0.004190 
[467]	train-rmse:0.382566+0.001052	test-rmse:0.382543+0.004190 
[468]	train-rmse:0.382566+0.001052	test-rmse:0.382542+0.004190 
[469]	train-rmse:0.382565+0.001052	test-rmse:0.382542+0.004190 
[470]	train-rmse:0.382565+0.001052	test-rmse:0.382542+0.004190 
[471]	train-rmse:0.382565+0.001053	test-rmse:0.382542+0.004190 
[472]	train-rmse:0.382565+0.001052	test-rmse:0.382542+0.004190 
[473]	train-rmse:0.382565+0.001053	test-rmse:0.382541+0.004190 
[474]	train-rmse:0.382564+0.001053	test-rmse:0.382541+0.004190 
[475]	train-rmse:0.382564+0.001052	test-rmse:0.382541+0.004190 
[476]	train-rmse:0.382564+0.001052	test-rmse:0.382541+0.004191 
[477]	train-rmse:0.382564+0.001052	test-rmse:0.382540+0.004190 
[478]	train-rmse:0.382564+0.001052	test-rmse:0.382540+0.004190 
[479]	train-rmse:0.382563+0.001052	test-rmse:0.382540+0.004190 
[480]	train-rmse:0.382563+0.001052	test-rmse:0.382540+0.004190 
[481]	train-rmse:0.382563+0.001052	test-rmse:0.382540+0.004190 
[482]	train-rmse:0.382563+0.001052	test-rmse:0.382539+0.004190 
[483]	train-rmse:0.382562+0.001052	test-rmse:0.382539+0.004191 
[484]	train-rmse:0.382562+0.001052	test-rmse:0.382539+0.004191 
[485]	train-rmse:0.382562+0.001052	test-rmse:0.382539+0.004191 
[486]	train-rmse:0.382562+0.001052	test-rmse:0.382538+0.004191 
[487]	train-rmse:0.382562+0.001052	test-rmse:0.382538+0.004190 
[488]	train-rmse:0.382561+0.001052	test-rmse:0.382538+0.004190 
[489]	train-rmse:0.382561+0.001052	test-rmse:0.382538+0.004190 
[490]	train-rmse:0.382561+0.001052	test-rmse:0.382538+0.004190 
[491]	train-rmse:0.382561+0.001052	test-rmse:0.382537+0.004190 
[492]	train-rmse:0.382560+0.001052	test-rmse:0.382537+0.004190 
[493]	train-rmse:0.382560+0.001052	test-rmse:0.382537+0.004190 
[494]	train-rmse:0.382560+0.001052	test-rmse:0.382537+0.004190 
[495]	train-rmse:0.382560+0.001053	test-rmse:0.382536+0.004190 
[496]	train-rmse:0.382560+0.001053	test-rmse:0.382536+0.004190 
[497]	train-rmse:0.382559+0.001053	test-rmse:0.382536+0.004190 
[498]	train-rmse:0.382559+0.001053	test-rmse:0.382536+0.004190 
[499]	train-rmse:0.382559+0.001053	test-rmse:0.382536+0.004190 
[500]	train-rmse:0.382559+0.001053	test-rmse:0.382536+0.004190 
[501]	train-rmse:0.382559+0.001053	test-rmse:0.382535+0.004190 
[502]	train-rmse:0.382558+0.001053	test-rmse:0.382535+0.004190 
[503]	train-rmse:0.382558+0.001053	test-rmse:0.382535+0.004190 
[504]	train-rmse:0.382558+0.001053	test-rmse:0.382534+0.004190 
[505]	train-rmse:0.382557+0.001053	test-rmse:0.382534+0.004190 
[506]	train-rmse:0.382557+0.001053	test-rmse:0.382534+0.004190 
[507]	train-rmse:0.382557+0.001053	test-rmse:0.382534+0.004190 
[508]	train-rmse:0.382557+0.001053	test-rmse:0.382533+0.004190 
[509]	train-rmse:0.382556+0.001053	test-rmse:0.382533+0.004190 
[510]	train-rmse:0.382556+0.001053	test-rmse:0.382533+0.004190 
[511]	train-rmse:0.382556+0.001053	test-rmse:0.382533+0.004190 
[512]	train-rmse:0.382556+0.001053	test-rmse:0.382533+0.004190 
[513]	train-rmse:0.382555+0.001053	test-rmse:0.382532+0.004190 
[514]	train-rmse:0.382555+0.001053	test-rmse:0.382532+0.004190 
[515]	train-rmse:0.382555+0.001053	test-rmse:0.382532+0.004190 
[516]	train-rmse:0.382555+0.001053	test-rmse:0.382531+0.004190 
[517]	train-rmse:0.382554+0.001053	test-rmse:0.382531+0.004190 
[518]	train-rmse:0.382554+0.001053	test-rmse:0.382531+0.004190 
[519]	train-rmse:0.382554+0.001053	test-rmse:0.382531+0.004190 
[520]	train-rmse:0.382554+0.001053	test-rmse:0.382531+0.004190 
[521]	train-rmse:0.382553+0.001053	test-rmse:0.382530+0.004190 
[522]	train-rmse:0.382553+0.001053	test-rmse:0.382530+0.004190 
[523]	train-rmse:0.382553+0.001053	test-rmse:0.382530+0.004190 
[524]	train-rmse:0.382553+0.001053	test-rmse:0.382530+0.004190 
[525]	train-rmse:0.382553+0.001053	test-rmse:0.382529+0.004190 
[526]	train-rmse:0.382552+0.001053	test-rmse:0.382529+0.004190 
[527]	train-rmse:0.382552+0.001053	test-rmse:0.382529+0.004190 
[528]	train-rmse:0.382552+0.001053	test-rmse:0.382529+0.004190 
[529]	train-rmse:0.382552+0.001053	test-rmse:0.382528+0.004190 
[530]	train-rmse:0.382551+0.001053	test-rmse:0.382528+0.004190 
[531]	train-rmse:0.382551+0.001053	test-rmse:0.382528+0.004190 
[532]	train-rmse:0.382551+0.001053	test-rmse:0.382528+0.004190 
[533]	train-rmse:0.382551+0.001053	test-rmse:0.382527+0.004190 
[534]	train-rmse:0.382550+0.001053	test-rmse:0.382527+0.004190 
[535]	train-rmse:0.382550+0.001053	test-rmse:0.382527+0.004190 
[536]	train-rmse:0.382550+0.001053	test-rmse:0.382527+0.004190 
[537]	train-rmse:0.382550+0.001053	test-rmse:0.382527+0.004190 
[538]	train-rmse:0.382550+0.001053	test-rmse:0.382526+0.004190 
[539]	train-rmse:0.382549+0.001053	test-rmse:0.382526+0.004190 
[540]	train-rmse:0.382549+0.001053	test-rmse:0.382526+0.004190 
[541]	train-rmse:0.382549+0.001053	test-rmse:0.382526+0.004190 
[542]	train-rmse:0.382549+0.001053	test-rmse:0.382526+0.004190 
[543]	train-rmse:0.382549+0.001053	test-rmse:0.382525+0.004190 
[544]	train-rmse:0.382548+0.001053	test-rmse:0.382525+0.004190 
[545]	train-rmse:0.382548+0.001053	test-rmse:0.382525+0.004190 
[546]	train-rmse:0.382548+0.001053	test-rmse:0.382525+0.004190 
[547]	train-rmse:0.382548+0.001053	test-rmse:0.382524+0.004190 
[548]	train-rmse:0.382547+0.001053	test-rmse:0.382524+0.004190 
[549]	train-rmse:0.382547+0.001053	test-rmse:0.382524+0.004190 
[550]	train-rmse:0.382547+0.001053	test-rmse:0.382524+0.004190 
[551]	train-rmse:0.382547+0.001053	test-rmse:0.382524+0.004190 
[552]	train-rmse:0.382547+0.001053	test-rmse:0.382524+0.004190 
[553]	train-rmse:0.382547+0.001053	test-rmse:0.382523+0.004190 
[554]	train-rmse:0.382546+0.001053	test-rmse:0.382523+0.004190 
[555]	train-rmse:0.382546+0.001053	test-rmse:0.382523+0.004190 
[556]	train-rmse:0.382546+0.001053	test-rmse:0.382523+0.004190 
[557]	train-rmse:0.382546+0.001053	test-rmse:0.382522+0.004190 
[558]	train-rmse:0.382546+0.001053	test-rmse:0.382522+0.004190 
[559]	train-rmse:0.382545+0.001053	test-rmse:0.382522+0.004190 
[560]	train-rmse:0.382545+0.001053	test-rmse:0.382522+0.004189 
[561]	train-rmse:0.382545+0.001053	test-rmse:0.382522+0.004189 
[562]	train-rmse:0.382545+0.001053	test-rmse:0.382521+0.004189 
[563]	train-rmse:0.382544+0.001053	test-rmse:0.382521+0.004189 
[564]	train-rmse:0.382544+0.001053	test-rmse:0.382521+0.004189 
[565]	train-rmse:0.382544+0.001053	test-rmse:0.382521+0.004189 
[566]	train-rmse:0.382544+0.001053	test-rmse:0.382520+0.004189 
[567]	train-rmse:0.382543+0.001053	test-rmse:0.382520+0.004189 
[568]	train-rmse:0.382543+0.001053	test-rmse:0.382520+0.004189 
[569]	train-rmse:0.382543+0.001053	test-rmse:0.382520+0.004189 
[570]	train-rmse:0.382543+0.001054	test-rmse:0.382519+0.004189 
[571]	train-rmse:0.382542+0.001054	test-rmse:0.382519+0.004189 
[572]	train-rmse:0.382542+0.001054	test-rmse:0.382519+0.004189 
[573]	train-rmse:0.382542+0.001054	test-rmse:0.382519+0.004189 
[574]	train-rmse:0.382542+0.001054	test-rmse:0.382519+0.004189 
[575]	train-rmse:0.382541+0.001054	test-rmse:0.382518+0.004189 
[576]	train-rmse:0.382541+0.001053	test-rmse:0.382518+0.004189 
[577]	train-rmse:0.382541+0.001053	test-rmse:0.382518+0.004189 
[578]	train-rmse:0.382541+0.001053	test-rmse:0.382517+0.004189 
[579]	train-rmse:0.382540+0.001053	test-rmse:0.382517+0.004189 
[580]	train-rmse:0.382540+0.001054	test-rmse:0.382517+0.004189 
[581]	train-rmse:0.382540+0.001054	test-rmse:0.382517+0.004189 
[582]	train-rmse:0.382540+0.001054	test-rmse:0.382517+0.004189 
[583]	train-rmse:0.382540+0.001054	test-rmse:0.382516+0.004189 
[584]	train-rmse:0.382539+0.001054	test-rmse:0.382516+0.004189 
[585]	train-rmse:0.382539+0.001054	test-rmse:0.382516+0.004189 
[586]	train-rmse:0.382539+0.001053	test-rmse:0.382516+0.004189 
[587]	train-rmse:0.382539+0.001054	test-rmse:0.382516+0.004189 
[588]	train-rmse:0.382538+0.001054	test-rmse:0.382515+0.004189 
[589]	train-rmse:0.382538+0.001054	test-rmse:0.382515+0.004189 
[590]	train-rmse:0.382538+0.001053	test-rmse:0.382515+0.004189 
[591]	train-rmse:0.382538+0.001053	test-rmse:0.382515+0.004189 
[592]	train-rmse:0.382538+0.001053	test-rmse:0.382514+0.004189 
[593]	train-rmse:0.382537+0.001053	test-rmse:0.382514+0.004189 
[594]	train-rmse:0.382537+0.001053	test-rmse:0.382514+0.004189 
[595]	train-rmse:0.382537+0.001053	test-rmse:0.382514+0.004189 
[596]	train-rmse:0.382537+0.001053	test-rmse:0.382513+0.004189 
[597]	train-rmse:0.382536+0.001053	test-rmse:0.382513+0.004189 
[598]	train-rmse:0.382536+0.001053	test-rmse:0.382513+0.004189 
[599]	train-rmse:0.382536+0.001053	test-rmse:0.382513+0.004189 
[600]	train-rmse:0.382536+0.001053	test-rmse:0.382513+0.004189 
[601]	train-rmse:0.382535+0.001053	test-rmse:0.382512+0.004189 
[602]	train-rmse:0.382535+0.001053	test-rmse:0.382512+0.004189 
[603]	train-rmse:0.382535+0.001053	test-rmse:0.382512+0.004189 
[604]	train-rmse:0.382535+0.001053	test-rmse:0.382512+0.004189 
[605]	train-rmse:0.382534+0.001053	test-rmse:0.382511+0.004189 
[606]	train-rmse:0.382534+0.001053	test-rmse:0.382511+0.004190 
[607]	train-rmse:0.382534+0.001053	test-rmse:0.382511+0.004190 
[608]	train-rmse:0.382534+0.001053	test-rmse:0.382510+0.004190 
[609]	train-rmse:0.382533+0.001053	test-rmse:0.382510+0.004190 
[610]	train-rmse:0.382533+0.001053	test-rmse:0.382510+0.004190 
[611]	train-rmse:0.382533+0.001053	test-rmse:0.382510+0.004190 
[612]	train-rmse:0.382533+0.001053	test-rmse:0.382510+0.004189 
[613]	train-rmse:0.382533+0.001053	test-rmse:0.382509+0.004189 
[614]	train-rmse:0.382532+0.001053	test-rmse:0.382509+0.004189 
[615]	train-rmse:0.382532+0.001053	test-rmse:0.382509+0.004189 
[616]	train-rmse:0.382532+0.001053	test-rmse:0.382509+0.004189 
[617]	train-rmse:0.382532+0.001054	test-rmse:0.382508+0.004189 
[618]	train-rmse:0.382531+0.001054	test-rmse:0.382508+0.004189 
[619]	train-rmse:0.382531+0.001054	test-rmse:0.382508+0.004189 
[620]	train-rmse:0.382531+0.001054	test-rmse:0.382508+0.004189 
[621]	train-rmse:0.382531+0.001054	test-rmse:0.382508+0.004189 
[622]	train-rmse:0.382531+0.001054	test-rmse:0.382508+0.004189 
[623]	train-rmse:0.382530+0.001054	test-rmse:0.382507+0.004189 
[624]	train-rmse:0.382530+0.001053	test-rmse:0.382507+0.004189 
[625]	train-rmse:0.382530+0.001053	test-rmse:0.382507+0.004189 
[626]	train-rmse:0.382530+0.001054	test-rmse:0.382507+0.004189 
[627]	train-rmse:0.382529+0.001054	test-rmse:0.382506+0.004189 
[628]	train-rmse:0.382529+0.001054	test-rmse:0.382506+0.004189 
[629]	train-rmse:0.382529+0.001054	test-rmse:0.382506+0.004189 
[630]	train-rmse:0.382529+0.001054	test-rmse:0.382505+0.004189 
[631]	train-rmse:0.382528+0.001054	test-rmse:0.382505+0.004189 
[632]	train-rmse:0.382528+0.001054	test-rmse:0.382505+0.004189 
[633]	train-rmse:0.382528+0.001054	test-rmse:0.382505+0.004189 
[634]	train-rmse:0.382527+0.001054	test-rmse:0.382504+0.004189 
[635]	train-rmse:0.382527+0.001054	test-rmse:0.382504+0.004189 
[636]	train-rmse:0.382527+0.001054	test-rmse:0.382504+0.004189 
[637]	train-rmse:0.382527+0.001054	test-rmse:0.382504+0.004189 
[638]	train-rmse:0.382526+0.001054	test-rmse:0.382503+0.004189 
[639]	train-rmse:0.382526+0.001054	test-rmse:0.382503+0.004189 
[640]	train-rmse:0.382526+0.001054	test-rmse:0.382503+0.004189 
[641]	train-rmse:0.382526+0.001054	test-rmse:0.382503+0.004189 
[642]	train-rmse:0.382525+0.001054	test-rmse:0.382502+0.004189 
[643]	train-rmse:0.382525+0.001054	test-rmse:0.382502+0.004189 
[644]	train-rmse:0.382525+0.001054	test-rmse:0.382502+0.004189 
[645]	train-rmse:0.382525+0.001054	test-rmse:0.382502+0.004189 
[646]	train-rmse:0.382525+0.001054	test-rmse:0.382501+0.004189 
[647]	train-rmse:0.382524+0.001054	test-rmse:0.382501+0.004189 
[648]	train-rmse:0.382524+0.001054	test-rmse:0.382501+0.004189 
[649]	train-rmse:0.382524+0.001054	test-rmse:0.382501+0.004189 
[650]	train-rmse:0.382524+0.001054	test-rmse:0.382501+0.004189 
[651]	train-rmse:0.382523+0.001054	test-rmse:0.382500+0.004189 
[652]	train-rmse:0.382523+0.001054	test-rmse:0.382500+0.004189 
[653]	train-rmse:0.382523+0.001054	test-rmse:0.382500+0.004189 
[654]	train-rmse:0.382523+0.001054	test-rmse:0.382500+0.004189 
[655]	train-rmse:0.382522+0.001054	test-rmse:0.382499+0.004189 
[656]	train-rmse:0.382522+0.001054	test-rmse:0.382499+0.004189 
[657]	train-rmse:0.382522+0.001054	test-rmse:0.382499+0.004189 
[658]	train-rmse:0.382522+0.001054	test-rmse:0.382499+0.004189 
[659]	train-rmse:0.382522+0.001054	test-rmse:0.382499+0.004189 
[660]	train-rmse:0.382521+0.001054	test-rmse:0.382498+0.004189 
[661]	train-rmse:0.382521+0.001054	test-rmse:0.382498+0.004189 
[662]	train-rmse:0.382521+0.001054	test-rmse:0.382498+0.004189 
[663]	train-rmse:0.382521+0.001054	test-rmse:0.382498+0.004189 
[664]	train-rmse:0.382520+0.001054	test-rmse:0.382497+0.004189 
[665]	train-rmse:0.382520+0.001054	test-rmse:0.382497+0.004189 
[666]	train-rmse:0.382520+0.001054	test-rmse:0.382497+0.004189 
[667]	train-rmse:0.382520+0.001054	test-rmse:0.382497+0.004189 
[668]	train-rmse:0.382520+0.001054	test-rmse:0.382497+0.004189 
[669]	train-rmse:0.382519+0.001054	test-rmse:0.382496+0.004189 
[670]	train-rmse:0.382519+0.001054	test-rmse:0.382496+0.004189 
[671]	train-rmse:0.382519+0.001054	test-rmse:0.382496+0.004189 
[672]	train-rmse:0.382519+0.001054	test-rmse:0.382496+0.004189 
[673]	train-rmse:0.382518+0.001054	test-rmse:0.382495+0.004189 
[674]	train-rmse:0.382518+0.001054	test-rmse:0.382495+0.004189 
[675]	train-rmse:0.382518+0.001054	test-rmse:0.382495+0.004189 
[676]	train-rmse:0.382518+0.001054	test-rmse:0.382495+0.004189 
[677]	train-rmse:0.382518+0.001054	test-rmse:0.382495+0.004189 
[678]	train-rmse:0.382517+0.001054	test-rmse:0.382494+0.004189 
[679]	train-rmse:0.382517+0.001054	test-rmse:0.382494+0.004189 
[680]	train-rmse:0.382517+0.001054	test-rmse:0.382494+0.004189 
[681]	train-rmse:0.382517+0.001054	test-rmse:0.382494+0.004189 
[682]	train-rmse:0.382516+0.001054	test-rmse:0.382493+0.004189 
[683]	train-rmse:0.382516+0.001054	test-rmse:0.382493+0.004189 
[684]	train-rmse:0.382516+0.001054	test-rmse:0.382493+0.004189 
[685]	train-rmse:0.382516+0.001054	test-rmse:0.382493+0.004189 
[686]	train-rmse:0.382516+0.001054	test-rmse:0.382492+0.004189 
[687]	train-rmse:0.382515+0.001054	test-rmse:0.382492+0.004189 
[688]	train-rmse:0.382515+0.001054	test-rmse:0.382492+0.004189 
[689]	train-rmse:0.382515+0.001054	test-rmse:0.382492+0.004189 
[690]	train-rmse:0.382515+0.001054	test-rmse:0.382491+0.004189 
[691]	train-rmse:0.382514+0.001054	test-rmse:0.382491+0.004189 
[692]	train-rmse:0.382514+0.001054	test-rmse:0.382491+0.004189 
[693]	train-rmse:0.382514+0.001054	test-rmse:0.382490+0.004189 
[694]	train-rmse:0.382513+0.001054	test-rmse:0.382490+0.004189 
[695]	train-rmse:0.382513+0.001054	test-rmse:0.382490+0.004189 
[696]	train-rmse:0.382513+0.001054	test-rmse:0.382490+0.004189 
[697]	train-rmse:0.382512+0.001054	test-rmse:0.382489+0.004189 
[698]	train-rmse:0.382512+0.001054	test-rmse:0.382489+0.004189 
[699]	train-rmse:0.382512+0.001054	test-rmse:0.382489+0.004189 
[700]	train-rmse:0.382512+0.001054	test-rmse:0.382489+0.004189 
[701]	train-rmse:0.382511+0.001054	test-rmse:0.382488+0.004189 
[702]	train-rmse:0.382511+0.001054	test-rmse:0.382488+0.004189 
[703]	train-rmse:0.382511+0.001054	test-rmse:0.382488+0.004189 
[704]	train-rmse:0.382511+0.001054	test-rmse:0.382488+0.004189 
[705]	train-rmse:0.382510+0.001054	test-rmse:0.382487+0.004188 
[706]	train-rmse:0.382510+0.001054	test-rmse:0.382487+0.004188 
[707]	train-rmse:0.382510+0.001054	test-rmse:0.382487+0.004189 
[708]	train-rmse:0.382510+0.001054	test-rmse:0.382487+0.004188 
[709]	train-rmse:0.382510+0.001054	test-rmse:0.382487+0.004188 
[710]	train-rmse:0.382509+0.001054	test-rmse:0.382486+0.004188 
[711]	train-rmse:0.382509+0.001054	test-rmse:0.382486+0.004188 
[712]	train-rmse:0.382509+0.001054	test-rmse:0.382486+0.004188 
[713]	train-rmse:0.382509+0.001054	test-rmse:0.382486+0.004188 
[714]	train-rmse:0.382508+0.001054	test-rmse:0.382485+0.004188 
[715]	train-rmse:0.382508+0.001054	test-rmse:0.382485+0.004188 
[716]	train-rmse:0.382508+0.001054	test-rmse:0.382485+0.004188 
[717]	train-rmse:0.382508+0.001054	test-rmse:0.382485+0.004188 
[718]	train-rmse:0.382508+0.001054	test-rmse:0.382485+0.004188 
[719]	train-rmse:0.382508+0.001054	test-rmse:0.382484+0.004188 
[720]	train-rmse:0.382507+0.001054	test-rmse:0.382484+0.004188 
[721]	train-rmse:0.382507+0.001054	test-rmse:0.382484+0.004188 
[722]	train-rmse:0.382507+0.001054	test-rmse:0.382484+0.004188 
[723]	train-rmse:0.382506+0.001054	test-rmse:0.382483+0.004189 
[724]	train-rmse:0.382506+0.001054	test-rmse:0.382483+0.004188 
[725]	train-rmse:0.382506+0.001054	test-rmse:0.382483+0.004188 
[726]	train-rmse:0.382506+0.001054	test-rmse:0.382483+0.004188 
[727]	train-rmse:0.382505+0.001054	test-rmse:0.382482+0.004189 
[728]	train-rmse:0.382505+0.001054	test-rmse:0.382482+0.004189 
[729]	train-rmse:0.382505+0.001054	test-rmse:0.382482+0.004188 
[730]	train-rmse:0.382505+0.001054	test-rmse:0.382482+0.004188 
[731]	train-rmse:0.382504+0.001054	test-rmse:0.382481+0.004188 
[732]	train-rmse:0.382504+0.001054	test-rmse:0.382481+0.004188 
[733]	train-rmse:0.382504+0.001054	test-rmse:0.382481+0.004188 
[734]	train-rmse:0.382503+0.001054	test-rmse:0.382480+0.004188 
[735]	train-rmse:0.382503+0.001054	test-rmse:0.382480+0.004188 
[736]	train-rmse:0.382503+0.001054	test-rmse:0.382480+0.004188 
[737]	train-rmse:0.382503+0.001054	test-rmse:0.382480+0.004188 
[738]	train-rmse:0.382502+0.001054	test-rmse:0.382479+0.004188 
[739]	train-rmse:0.382502+0.001054	test-rmse:0.382479+0.004188 
[740]	train-rmse:0.382502+0.001054	test-rmse:0.382479+0.004188 
[741]	train-rmse:0.382501+0.001054	test-rmse:0.382478+0.004188 
[742]	train-rmse:0.382501+0.001054	test-rmse:0.382478+0.004188 
[743]	train-rmse:0.382501+0.001054	test-rmse:0.382478+0.004188 
[744]	train-rmse:0.382500+0.001054	test-rmse:0.382478+0.004188 
[745]	train-rmse:0.382500+0.001054	test-rmse:0.382477+0.004188 
[746]	train-rmse:0.382500+0.001054	test-rmse:0.382477+0.004188 
[747]	train-rmse:0.382500+0.001055	test-rmse:0.382477+0.004188 
[748]	train-rmse:0.382500+0.001054	test-rmse:0.382477+0.004188 
[749]	train-rmse:0.382500+0.001054	test-rmse:0.382477+0.004188 
[750]	train-rmse:0.382499+0.001054	test-rmse:0.382476+0.004188 
[751]	train-rmse:0.382499+0.001054	test-rmse:0.382476+0.004188 
[752]	train-rmse:0.382499+0.001054	test-rmse:0.382476+0.004188 
[753]	train-rmse:0.382498+0.001054	test-rmse:0.382475+0.004188 
[754]	train-rmse:0.382498+0.001054	test-rmse:0.382475+0.004188 
[755]	train-rmse:0.382498+0.001054	test-rmse:0.382475+0.004188 
[756]	train-rmse:0.382497+0.001054	test-rmse:0.382474+0.004188 
[757]	train-rmse:0.382497+0.001054	test-rmse:0.382474+0.004188 
[758]	train-rmse:0.382497+0.001054	test-rmse:0.382474+0.004188 
[759]	train-rmse:0.382497+0.001054	test-rmse:0.382474+0.004188 
[760]	train-rmse:0.382496+0.001054	test-rmse:0.382473+0.004188 
[761]	train-rmse:0.382496+0.001054	test-rmse:0.382473+0.004188 
[762]	train-rmse:0.382496+0.001054	test-rmse:0.382473+0.004188 
[763]	train-rmse:0.382496+0.001054	test-rmse:0.382473+0.004188 
[764]	train-rmse:0.382495+0.001054	test-rmse:0.382473+0.004188 
[765]	train-rmse:0.382495+0.001054	test-rmse:0.382472+0.004189 
[766]	train-rmse:0.382495+0.001054	test-rmse:0.382472+0.004189 
[767]	train-rmse:0.382495+0.001054	test-rmse:0.382472+0.004188 
[768]	train-rmse:0.382495+0.001054	test-rmse:0.382472+0.004188 
[769]	train-rmse:0.382494+0.001054	test-rmse:0.382472+0.004189 
[770]	train-rmse:0.382494+0.001054	test-rmse:0.382471+0.004189 
[771]	train-rmse:0.382494+0.001054	test-rmse:0.382471+0.004189 
[772]	train-rmse:0.382494+0.001054	test-rmse:0.382471+0.004189 
[773]	train-rmse:0.382494+0.001054	test-rmse:0.382471+0.004189 
[774]	train-rmse:0.382493+0.001054	test-rmse:0.382470+0.004189 
[775]	train-rmse:0.382493+0.001054	test-rmse:0.382470+0.004189 
[776]	train-rmse:0.382493+0.001054	test-rmse:0.382470+0.004189 
[777]	train-rmse:0.382493+0.001054	test-rmse:0.382470+0.004188 
[778]	train-rmse:0.382492+0.001054	test-rmse:0.382470+0.004188 
[779]	train-rmse:0.382492+0.001054	test-rmse:0.382469+0.004188 
[780]	train-rmse:0.382492+0.001054	test-rmse:0.382469+0.004189 
[781]	train-rmse:0.382492+0.001054	test-rmse:0.382469+0.004189 
[782]	train-rmse:0.382491+0.001054	test-rmse:0.382468+0.004188 
[783]	train-rmse:0.382491+0.001054	test-rmse:0.382468+0.004188 
[784]	train-rmse:0.382491+0.001054	test-rmse:0.382468+0.004188 
[785]	train-rmse:0.382491+0.001054	test-rmse:0.382468+0.004188 
[786]	train-rmse:0.382490+0.001054	test-rmse:0.382467+0.004188 
[787]	train-rmse:0.382490+0.001054	test-rmse:0.382467+0.004188 
[788]	train-rmse:0.382490+0.001054	test-rmse:0.382467+0.004189 
[789]	train-rmse:0.382489+0.001054	test-rmse:0.382467+0.004189 
[790]	train-rmse:0.382489+0.001054	test-rmse:0.382466+0.004189 
[791]	train-rmse:0.382489+0.001054	test-rmse:0.382466+0.004189 
[792]	train-rmse:0.382489+0.001054	test-rmse:0.382466+0.004189 
[793]	train-rmse:0.382488+0.001054	test-rmse:0.382465+0.004189 
[794]	train-rmse:0.382488+0.001054	test-rmse:0.382465+0.004189 
[795]	train-rmse:0.382488+0.001054	test-rmse:0.382465+0.004189 
[796]	train-rmse:0.382487+0.001054	test-rmse:0.382465+0.004189 
[797]	train-rmse:0.382487+0.001054	test-rmse:0.382464+0.004189 
[798]	train-rmse:0.382487+0.001054	test-rmse:0.382464+0.004189 
[799]	train-rmse:0.382487+0.001054	test-rmse:0.382464+0.004189 
[800]	train-rmse:0.382487+0.001054	test-rmse:0.382464+0.004189 
[801]	train-rmse:0.382486+0.001054	test-rmse:0.382463+0.004188 
[802]	train-rmse:0.382486+0.001054	test-rmse:0.382463+0.004189 
[803]	train-rmse:0.382486+0.001054	test-rmse:0.382463+0.004189 
[804]	train-rmse:0.382486+0.001054	test-rmse:0.382463+0.004188 
[805]	train-rmse:0.382486+0.001054	test-rmse:0.382463+0.004188 
[806]	train-rmse:0.382485+0.001054	test-rmse:0.382462+0.004188 
[807]	train-rmse:0.382485+0.001054	test-rmse:0.382462+0.004188 
[808]	train-rmse:0.382485+0.001054	test-rmse:0.382462+0.004188 
[809]	train-rmse:0.382485+0.001054	test-rmse:0.382462+0.004188 
[810]	train-rmse:0.382484+0.001054	test-rmse:0.382461+0.004188 
[811]	train-rmse:0.382484+0.001054	test-rmse:0.382461+0.004188 
[812]	train-rmse:0.382484+0.001054	test-rmse:0.382461+0.004188 
[813]	train-rmse:0.382484+0.001054	test-rmse:0.382461+0.004188 
[814]	train-rmse:0.382483+0.001054	test-rmse:0.382460+0.004188 
[815]	train-rmse:0.382483+0.001054	test-rmse:0.382460+0.004188 
[816]	train-rmse:0.382483+0.001054	test-rmse:0.382460+0.004188 
[817]	train-rmse:0.382483+0.001054	test-rmse:0.382460+0.004188 
[818]	train-rmse:0.382482+0.001054	test-rmse:0.382459+0.004188 
[819]	train-rmse:0.382482+0.001054	test-rmse:0.382459+0.004188 
[820]	train-rmse:0.382482+0.001054	test-rmse:0.382459+0.004188 
[821]	train-rmse:0.382481+0.001054	test-rmse:0.382459+0.004188 
[822]	train-rmse:0.382481+0.001054	test-rmse:0.382458+0.004188 
[823]	train-rmse:0.382481+0.001054	test-rmse:0.382458+0.004188 
[824]	train-rmse:0.382481+0.001054	test-rmse:0.382458+0.004188 
[825]	train-rmse:0.382481+0.001054	test-rmse:0.382458+0.004188 
[826]	train-rmse:0.382480+0.001054	test-rmse:0.382458+0.004188 
[827]	train-rmse:0.382480+0.001054	test-rmse:0.382457+0.004188 
[828]	train-rmse:0.382480+0.001054	test-rmse:0.382457+0.004188 
[829]	train-rmse:0.382480+0.001054	test-rmse:0.382457+0.004188 
[830]	train-rmse:0.382479+0.001054	test-rmse:0.382456+0.004188 
[831]	train-rmse:0.382479+0.001054	test-rmse:0.382456+0.004188 
[832]	train-rmse:0.382479+0.001054	test-rmse:0.382456+0.004188 
[833]	train-rmse:0.382478+0.001054	test-rmse:0.382456+0.004188 
[834]	train-rmse:0.382478+0.001054	test-rmse:0.382455+0.004188 
[835]	train-rmse:0.382478+0.001054	test-rmse:0.382455+0.004188 
[836]	train-rmse:0.382478+0.001054	test-rmse:0.382455+0.004188 
[837]	train-rmse:0.382477+0.001054	test-rmse:0.382454+0.004188 
[838]	train-rmse:0.382477+0.001054	test-rmse:0.382454+0.004188 
[839]	train-rmse:0.382477+0.001054	test-rmse:0.382454+0.004188 
[840]	train-rmse:0.382477+0.001054	test-rmse:0.382454+0.004188 
[841]	train-rmse:0.382476+0.001054	test-rmse:0.382453+0.004188 
[842]	train-rmse:0.382476+0.001054	test-rmse:0.382453+0.004189 
[843]	train-rmse:0.382476+0.001054	test-rmse:0.382453+0.004189 
[844]	train-rmse:0.382476+0.001054	test-rmse:0.382453+0.004189 
[845]	train-rmse:0.382475+0.001054	test-rmse:0.382452+0.004189 
[846]	train-rmse:0.382475+0.001054	test-rmse:0.382452+0.004189 
[847]	train-rmse:0.382475+0.001054	test-rmse:0.382452+0.004189 
[848]	train-rmse:0.382475+0.001054	test-rmse:0.382452+0.004189 
[849]	train-rmse:0.382474+0.001054	test-rmse:0.382451+0.004189 
[850]	train-rmse:0.382474+0.001054	test-rmse:0.382451+0.004189 
[851]	train-rmse:0.382474+0.001054	test-rmse:0.382451+0.004189 
[852]	train-rmse:0.382473+0.001054	test-rmse:0.382451+0.004189 
[853]	train-rmse:0.382473+0.001054	test-rmse:0.382450+0.004189 
[854]	train-rmse:0.382473+0.001054	test-rmse:0.382450+0.004189 
[855]	train-rmse:0.382473+0.001054	test-rmse:0.382450+0.004189 
[856]	train-rmse:0.382472+0.001054	test-rmse:0.382449+0.004189 
[857]	train-rmse:0.382472+0.001054	test-rmse:0.382449+0.004189 
[858]	train-rmse:0.382472+0.001054	test-rmse:0.382449+0.004189 
[859]	train-rmse:0.382472+0.001054	test-rmse:0.382449+0.004189 
[860]	train-rmse:0.382471+0.001054	test-rmse:0.382449+0.004189 
[861]	train-rmse:0.382471+0.001054	test-rmse:0.382448+0.004189 
[862]	train-rmse:0.382471+0.001054	test-rmse:0.382448+0.004189 
[863]	train-rmse:0.382471+0.001054	test-rmse:0.382448+0.004188 
[864]	train-rmse:0.382471+0.001054	test-rmse:0.382448+0.004188 
[865]	train-rmse:0.382470+0.001054	test-rmse:0.382447+0.004188 
[866]	train-rmse:0.382470+0.001054	test-rmse:0.382447+0.004188 
[867]	train-rmse:0.382470+0.001054	test-rmse:0.382447+0.004188 
[868]	train-rmse:0.382470+0.001054	test-rmse:0.382447+0.004188 
[869]	train-rmse:0.382469+0.001054	test-rmse:0.382446+0.004188 
[870]	train-rmse:0.382469+0.001054	test-rmse:0.382446+0.004188 
[871]	train-rmse:0.382469+0.001054	test-rmse:0.382446+0.004188 
[872]	train-rmse:0.382469+0.001054	test-rmse:0.382446+0.004188 
[873]	train-rmse:0.382468+0.001054	test-rmse:0.382446+0.004188 
[874]	train-rmse:0.382468+0.001054	test-rmse:0.382445+0.004188 
[875]	train-rmse:0.382468+0.001054	test-rmse:0.382445+0.004188 
[876]	train-rmse:0.382468+0.001054	test-rmse:0.382445+0.004188 
[877]	train-rmse:0.382467+0.001054	test-rmse:0.382445+0.004188 
[878]	train-rmse:0.382467+0.001054	test-rmse:0.382444+0.004189 
[879]	train-rmse:0.382467+0.001054	test-rmse:0.382444+0.004189 
[880]	train-rmse:0.382467+0.001054	test-rmse:0.382444+0.004189 
[881]	train-rmse:0.382466+0.001054	test-rmse:0.382444+0.004189 
[882]	train-rmse:0.382466+0.001054	test-rmse:0.382443+0.004189 
[883]	train-rmse:0.382466+0.001054	test-rmse:0.382443+0.004189 
[884]	train-rmse:0.382466+0.001054	test-rmse:0.382443+0.004188 
[885]	train-rmse:0.382466+0.001054	test-rmse:0.382443+0.004189 
[886]	train-rmse:0.382465+0.001054	test-rmse:0.382442+0.004189 
[887]	train-rmse:0.382465+0.001054	test-rmse:0.382442+0.004188 
[888]	train-rmse:0.382465+0.001054	test-rmse:0.382442+0.004188 
[889]	train-rmse:0.382464+0.001054	test-rmse:0.382442+0.004188 
[890]	train-rmse:0.382464+0.001054	test-rmse:0.382441+0.004189 
[891]	train-rmse:0.382464+0.001054	test-rmse:0.382441+0.004188 
[892]	train-rmse:0.382464+0.001054	test-rmse:0.382441+0.004189 
[893]	train-rmse:0.382464+0.001054	test-rmse:0.382441+0.004189 
[894]	train-rmse:0.382463+0.001054	test-rmse:0.382441+0.004189 
[895]	train-rmse:0.382463+0.001054	test-rmse:0.382440+0.004189 
[896]	train-rmse:0.382463+0.001054	test-rmse:0.382440+0.004189 
[897]	train-rmse:0.382463+0.001054	test-rmse:0.382440+0.004189 
[898]	train-rmse:0.382462+0.001054	test-rmse:0.382440+0.004188 
[899]	train-rmse:0.382462+0.001054	test-rmse:0.382439+0.004188 
[900]	train-rmse:0.382462+0.001054	test-rmse:0.382439+0.004188 
[901]	train-rmse:0.382462+0.001054	test-rmse:0.382439+0.004188 
[902]	train-rmse:0.382461+0.001054	test-rmse:0.382439+0.004188 
[903]	train-rmse:0.382461+0.001054	test-rmse:0.382438+0.004188 
[904]	train-rmse:0.382461+0.001054	test-rmse:0.382438+0.004188 
[905]	train-rmse:0.382461+0.001054	test-rmse:0.382438+0.004188 
[906]	train-rmse:0.382460+0.001054	test-rmse:0.382437+0.004188 
[907]	train-rmse:0.382460+0.001054	test-rmse:0.382437+0.004188 
[908]	train-rmse:0.382460+0.001054	test-rmse:0.382437+0.004188 
[909]	train-rmse:0.382460+0.001054	test-rmse:0.382437+0.004188 
[910]	train-rmse:0.382459+0.001054	test-rmse:0.382436+0.004188 
[911]	train-rmse:0.382459+0.001054	test-rmse:0.382436+0.004188 
[912]	train-rmse:0.382459+0.001054	test-rmse:0.382436+0.004188 
[913]	train-rmse:0.382459+0.001054	test-rmse:0.382436+0.004188 
[914]	train-rmse:0.382459+0.001054	test-rmse:0.382436+0.004188 
[915]	train-rmse:0.382458+0.001054	test-rmse:0.382435+0.004188 
[916]	train-rmse:0.382458+0.001054	test-rmse:0.382435+0.004188 
[917]	train-rmse:0.382458+0.001054	test-rmse:0.382435+0.004188 
[918]	train-rmse:0.382458+0.001054	test-rmse:0.382435+0.004188 
[919]	train-rmse:0.382457+0.001054	test-rmse:0.382435+0.004188 
[920]	train-rmse:0.382457+0.001054	test-rmse:0.382435+0.004188 
[921]	train-rmse:0.382457+0.001054	test-rmse:0.382434+0.004188 
[922]	train-rmse:0.382457+0.001054	test-rmse:0.382434+0.004188 
[923]	train-rmse:0.382457+0.001054	test-rmse:0.382434+0.004188 
[924]	train-rmse:0.382456+0.001054	test-rmse:0.382434+0.004188 
[925]	train-rmse:0.382456+0.001054	test-rmse:0.382433+0.004188 
[926]	train-rmse:0.382456+0.001054	test-rmse:0.382433+0.004188 
[927]	train-rmse:0.382456+0.001054	test-rmse:0.382433+0.004188 
[928]	train-rmse:0.382455+0.001054	test-rmse:0.382433+0.004188 
[929]	train-rmse:0.382455+0.001054	test-rmse:0.382432+0.004188 
[930]	train-rmse:0.382455+0.001054	test-rmse:0.382432+0.004188 
[931]	train-rmse:0.382455+0.001054	test-rmse:0.382432+0.004188 
[932]	train-rmse:0.382454+0.001054	test-rmse:0.382431+0.004188 
[933]	train-rmse:0.382454+0.001054	test-rmse:0.382431+0.004188 
[934]	train-rmse:0.382454+0.001054	test-rmse:0.382431+0.004188 
[935]	train-rmse:0.382453+0.001054	test-rmse:0.382431+0.004188 
[936]	train-rmse:0.382453+0.001054	test-rmse:0.382430+0.004188 
[937]	train-rmse:0.382453+0.001054	test-rmse:0.382430+0.004188 
[938]	train-rmse:0.382453+0.001054	test-rmse:0.382430+0.004188 
[939]	train-rmse:0.382453+0.001054	test-rmse:0.382430+0.004188 
[940]	train-rmse:0.382452+0.001054	test-rmse:0.382430+0.004188 
[941]	train-rmse:0.382452+0.001054	test-rmse:0.382429+0.004188 
[942]	train-rmse:0.382452+0.001054	test-rmse:0.382429+0.004188 
[943]	train-rmse:0.382452+0.001054	test-rmse:0.382429+0.004188 
[944]	train-rmse:0.382452+0.001054	test-rmse:0.382429+0.004188 
[945]	train-rmse:0.382451+0.001054	test-rmse:0.382429+0.004188 
[946]	train-rmse:0.382451+0.001054	test-rmse:0.382428+0.004188 
[947]	train-rmse:0.382451+0.001054	test-rmse:0.382428+0.004188 
[948]	train-rmse:0.382451+0.001054	test-rmse:0.382428+0.004188 
[949]	train-rmse:0.382450+0.001054	test-rmse:0.382428+0.004188 
[950]	train-rmse:0.382450+0.001054	test-rmse:0.382427+0.004188 
[951]	train-rmse:0.382450+0.001055	test-rmse:0.382427+0.004188 
[952]	train-rmse:0.382450+0.001055	test-rmse:0.382427+0.004188 
[953]	train-rmse:0.382449+0.001055	test-rmse:0.382427+0.004188 
[954]	train-rmse:0.382449+0.001054	test-rmse:0.382426+0.004188 
[955]	train-rmse:0.382449+0.001054	test-rmse:0.382426+0.004188 
[956]	train-rmse:0.382449+0.001054	test-rmse:0.382426+0.004188 
[957]	train-rmse:0.382448+0.001055	test-rmse:0.382426+0.004188 
[958]	train-rmse:0.382448+0.001055	test-rmse:0.382425+0.004188 
[959]	train-rmse:0.382448+0.001054	test-rmse:0.382425+0.004188 
[960]	train-rmse:0.382448+0.001054	test-rmse:0.382425+0.004188 
[961]	train-rmse:0.382447+0.001054	test-rmse:0.382425+0.004188 
[962]	train-rmse:0.382447+0.001054	test-rmse:0.382424+0.004188 
[963]	train-rmse:0.382447+0.001054	test-rmse:0.382424+0.004188 
[964]	train-rmse:0.382446+0.001054	test-rmse:0.382424+0.004188 
[965]	train-rmse:0.382446+0.001054	test-rmse:0.382423+0.004188 
[966]	train-rmse:0.382446+0.001054	test-rmse:0.382423+0.004188 
[967]	train-rmse:0.382446+0.001054	test-rmse:0.382423+0.004188 
[968]	train-rmse:0.382445+0.001054	test-rmse:0.382423+0.004188 
[969]	train-rmse:0.382445+0.001054	test-rmse:0.382422+0.004188 
[970]	train-rmse:0.382445+0.001054	test-rmse:0.382422+0.004188 
[971]	train-rmse:0.382445+0.001054	test-rmse:0.382422+0.004188 
[972]	train-rmse:0.382444+0.001054	test-rmse:0.382421+0.004188 
[973]	train-rmse:0.382444+0.001054	test-rmse:0.382421+0.004188 
[974]	train-rmse:0.382444+0.001054	test-rmse:0.382421+0.004188 
[975]	train-rmse:0.382443+0.001054	test-rmse:0.382421+0.004188 
[976]	train-rmse:0.382443+0.001054	test-rmse:0.382420+0.004188 
[977]	train-rmse:0.382443+0.001054	test-rmse:0.382420+0.004188 
[978]	train-rmse:0.382443+0.001054	test-rmse:0.382420+0.004188 
[979]	train-rmse:0.382442+0.001054	test-rmse:0.382420+0.004188 
[980]	train-rmse:0.382442+0.001054	test-rmse:0.382419+0.004188 
[981]	train-rmse:0.382442+0.001054	test-rmse:0.382419+0.004188 
[982]	train-rmse:0.382442+0.001054	test-rmse:0.382419+0.004188 
[983]	train-rmse:0.382441+0.001054	test-rmse:0.382419+0.004188 
[984]	train-rmse:0.382441+0.001054	test-rmse:0.382419+0.004188 
[985]	train-rmse:0.382441+0.001054	test-rmse:0.382418+0.004188 
[986]	train-rmse:0.382441+0.001054	test-rmse:0.382418+0.004188 
[987]	train-rmse:0.382440+0.001054	test-rmse:0.382418+0.004188 
[988]	train-rmse:0.382440+0.001054	test-rmse:0.382418+0.004188 
[989]	train-rmse:0.382440+0.001054	test-rmse:0.382417+0.004188 
[990]	train-rmse:0.382440+0.001054	test-rmse:0.382417+0.004188 
[991]	train-rmse:0.382439+0.001054	test-rmse:0.382417+0.004188 
[992]	train-rmse:0.382439+0.001054	test-rmse:0.382416+0.004188 
[993]	train-rmse:0.382439+0.001054	test-rmse:0.382416+0.004188 
[994]	train-rmse:0.382439+0.001054	test-rmse:0.382416+0.004188 
[995]	train-rmse:0.382438+0.001054	test-rmse:0.382416+0.004188 
[996]	train-rmse:0.382438+0.001054	test-rmse:0.382415+0.004188 
[997]	train-rmse:0.382438+0.001054	test-rmse:0.382415+0.004188 
[998]	train-rmse:0.382437+0.001054	test-rmse:0.382415+0.004188 
[999]	train-rmse:0.382437+0.001054	test-rmse:0.382414+0.004188 
[1000]	train-rmse:0.382437+0.001054	test-rmse:0.382414+0.004188 
[1001]	train-rmse:0.382437+0.001054	test-rmse:0.382414+0.004188 
[1002]	train-rmse:0.382436+0.001054	test-rmse:0.382414+0.004188 
[1003]	train-rmse:0.382436+0.001054	test-rmse:0.382413+0.004188 
[1004]	train-rmse:0.382436+0.001054	test-rmse:0.382413+0.004188 
[1005]	train-rmse:0.382436+0.001054	test-rmse:0.382413+0.004188 
[1006]	train-rmse:0.382435+0.001054	test-rmse:0.382413+0.004188 
[1007]	train-rmse:0.382435+0.001054	test-rmse:0.382412+0.004188 
[1008]	train-rmse:0.382435+0.001054	test-rmse:0.382412+0.004188 
[1009]	train-rmse:0.382435+0.001054	test-rmse:0.382412+0.004188 
[1010]	train-rmse:0.382434+0.001054	test-rmse:0.382412+0.004188 
[1011]	train-rmse:0.382434+0.001054	test-rmse:0.382412+0.004188 
[1012]	train-rmse:0.382434+0.001054	test-rmse:0.382411+0.004188 
[1013]	train-rmse:0.382434+0.001054	test-rmse:0.382411+0.004188 
[1014]	train-rmse:0.382433+0.001054	test-rmse:0.382411+0.004188 
[1015]	train-rmse:0.382433+0.001054	test-rmse:0.382410+0.004188 
[1016]	train-rmse:0.382433+0.001054	test-rmse:0.382410+0.004188 
[1017]	train-rmse:0.382433+0.001054	test-rmse:0.382410+0.004188 
[1018]	train-rmse:0.382432+0.001054	test-rmse:0.382410+0.004188 
[1019]	train-rmse:0.382432+0.001054	test-rmse:0.382409+0.004188 
[1020]	train-rmse:0.382432+0.001054	test-rmse:0.382409+0.004188 
[1021]	train-rmse:0.382431+0.001054	test-rmse:0.382409+0.004188 
[1022]	train-rmse:0.382431+0.001054	test-rmse:0.382409+0.004188 
[1023]	train-rmse:0.382431+0.001054	test-rmse:0.382408+0.004188 
[1024]	train-rmse:0.382431+0.001054	test-rmse:0.382408+0.004188 
[1025]	train-rmse:0.382431+0.001054	test-rmse:0.382408+0.004188 
[1026]	train-rmse:0.382430+0.001054	test-rmse:0.382408+0.004188 
[1027]	train-rmse:0.382430+0.001054	test-rmse:0.382407+0.004188 
[1028]	train-rmse:0.382430+0.001054	test-rmse:0.382407+0.004188 
[1029]	train-rmse:0.382429+0.001054	test-rmse:0.382407+0.004188 
[1030]	train-rmse:0.382429+0.001054	test-rmse:0.382407+0.004188 
[1031]	train-rmse:0.382429+0.001054	test-rmse:0.382406+0.004188 
[1032]	train-rmse:0.382429+0.001054	test-rmse:0.382406+0.004188 
[1033]	train-rmse:0.382429+0.001054	test-rmse:0.382406+0.004188 
[1034]	train-rmse:0.382428+0.001054	test-rmse:0.382406+0.004188 
[1035]	train-rmse:0.382428+0.001054	test-rmse:0.382406+0.004188 
[1036]	train-rmse:0.382428+0.001054	test-rmse:0.382405+0.004188 
[1037]	train-rmse:0.382428+0.001054	test-rmse:0.382405+0.004188 
[1038]	train-rmse:0.382427+0.001054	test-rmse:0.382405+0.004188 
[1039]	train-rmse:0.382427+0.001054	test-rmse:0.382405+0.004188 
[1040]	train-rmse:0.382427+0.001054	test-rmse:0.382404+0.004188 
[1041]	train-rmse:0.382427+0.001054	test-rmse:0.382404+0.004188 
[1042]	train-rmse:0.382426+0.001054	test-rmse:0.382404+0.004188 
[1043]	train-rmse:0.382426+0.001054	test-rmse:0.382404+0.004188 
[1044]	train-rmse:0.382426+0.001054	test-rmse:0.382403+0.004188 
[1045]	train-rmse:0.382426+0.001054	test-rmse:0.382403+0.004188 
[1046]	train-rmse:0.382426+0.001054	test-rmse:0.382403+0.004188 
[1047]	train-rmse:0.382425+0.001054	test-rmse:0.382403+0.004188 
[1048]	train-rmse:0.382425+0.001054	test-rmse:0.382402+0.004188 
[1049]	train-rmse:0.382425+0.001054	test-rmse:0.382402+0.004188 
[1050]	train-rmse:0.382424+0.001054	test-rmse:0.382402+0.004188 
[1051]	train-rmse:0.382424+0.001054	test-rmse:0.382402+0.004188 
[1052]	train-rmse:0.382424+0.001054	test-rmse:0.382401+0.004188 
[1053]	train-rmse:0.382424+0.001054	test-rmse:0.382401+0.004188 
[1054]	train-rmse:0.382423+0.001054	test-rmse:0.382401+0.004188 
[1055]	train-rmse:0.382423+0.001054	test-rmse:0.382401+0.004188 
[1056]	train-rmse:0.382423+0.001054	test-rmse:0.382400+0.004188 
[1057]	train-rmse:0.382423+0.001054	test-rmse:0.382400+0.004188 
[1058]	train-rmse:0.382422+0.001054	test-rmse:0.382400+0.004188 
[1059]	train-rmse:0.382422+0.001054	test-rmse:0.382399+0.004188 
[1060]	train-rmse:0.382422+0.001054	test-rmse:0.382399+0.004188 
[1061]	train-rmse:0.382422+0.001054	test-rmse:0.382399+0.004188 
[1062]	train-rmse:0.382422+0.001055	test-rmse:0.382399+0.004188 
[1063]	train-rmse:0.382421+0.001055	test-rmse:0.382399+0.004188 
[1064]	train-rmse:0.382421+0.001055	test-rmse:0.382398+0.004188 
[1065]	train-rmse:0.382421+0.001055	test-rmse:0.382398+0.004188 
[1066]	train-rmse:0.382420+0.001055	test-rmse:0.382398+0.004188 
[1067]	train-rmse:0.382420+0.001055	test-rmse:0.382398+0.004188 
[1068]	train-rmse:0.382420+0.001055	test-rmse:0.382397+0.004188 
[1069]	train-rmse:0.382420+0.001055	test-rmse:0.382397+0.004188 
[1070]	train-rmse:0.382420+0.001055	test-rmse:0.382397+0.004188 
[1071]	train-rmse:0.382419+0.001055	test-rmse:0.382397+0.004188 
[1072]	train-rmse:0.382419+0.001055	test-rmse:0.382396+0.004188 
[1073]	train-rmse:0.382419+0.001055	test-rmse:0.382396+0.004188 
[1074]	train-rmse:0.382419+0.001055	test-rmse:0.382396+0.004188 
[1075]	train-rmse:0.382418+0.001055	test-rmse:0.382396+0.004188 
[1076]	train-rmse:0.382418+0.001055	test-rmse:0.382396+0.004188 
[1077]	train-rmse:0.382418+0.001055	test-rmse:0.382395+0.004188 
[1078]	train-rmse:0.382418+0.001055	test-rmse:0.382395+0.004188 
[1079]	train-rmse:0.382417+0.001055	test-rmse:0.382395+0.004188 
[1080]	train-rmse:0.382417+0.001055	test-rmse:0.382394+0.004188 
[1081]	train-rmse:0.382417+0.001055	test-rmse:0.382394+0.004188 
[1082]	train-rmse:0.382417+0.001055	test-rmse:0.382394+0.004188 
[1083]	train-rmse:0.382416+0.001055	test-rmse:0.382394+0.004188 
[1084]	train-rmse:0.382416+0.001055	test-rmse:0.382394+0.004188 
[1085]	train-rmse:0.382416+0.001055	test-rmse:0.382393+0.004188 
[1086]	train-rmse:0.382416+0.001055	test-rmse:0.382393+0.004187 
[1087]	train-rmse:0.382415+0.001055	test-rmse:0.382393+0.004187 
[1088]	train-rmse:0.382415+0.001055	test-rmse:0.382393+0.004188 
[1089]	train-rmse:0.382415+0.001055	test-rmse:0.382392+0.004188 
[1090]	train-rmse:0.382415+0.001055	test-rmse:0.382392+0.004188 
[1091]	train-rmse:0.382414+0.001055	test-rmse:0.382392+0.004188 
[1092]	train-rmse:0.382414+0.001055	test-rmse:0.382392+0.004188 
[1093]	train-rmse:0.382414+0.001055	test-rmse:0.382391+0.004188 
[1094]	train-rmse:0.382414+0.001055	test-rmse:0.382391+0.004188 
[1095]	train-rmse:0.382413+0.001055	test-rmse:0.382391+0.004188 
[1096]	train-rmse:0.382413+0.001055	test-rmse:0.382391+0.004188 
[1097]	train-rmse:0.382413+0.001055	test-rmse:0.382390+0.004188 
[1098]	train-rmse:0.382413+0.001055	test-rmse:0.382390+0.004188 
[1099]	train-rmse:0.382413+0.001055	test-rmse:0.382390+0.004188 
[1100]	train-rmse:0.382412+0.001055	test-rmse:0.382390+0.004188 
[1101]	train-rmse:0.382412+0.001055	test-rmse:0.382389+0.004187 
[1102]	train-rmse:0.382412+0.001055	test-rmse:0.382389+0.004187 
[1103]	train-rmse:0.382411+0.001055	test-rmse:0.382389+0.004187 
[1104]	train-rmse:0.382411+0.001055	test-rmse:0.382388+0.004188 
[1105]	train-rmse:0.382411+0.001055	test-rmse:0.382388+0.004187 
[1106]	train-rmse:0.382411+0.001055	test-rmse:0.382388+0.004187 
[1107]	train-rmse:0.382410+0.001055	test-rmse:0.382388+0.004188 
[1108]	train-rmse:0.382410+0.001055	test-rmse:0.382388+0.004188 
[1109]	train-rmse:0.382410+0.001055	test-rmse:0.382387+0.004188 
[1110]	train-rmse:0.382410+0.001055	test-rmse:0.382387+0.004188 
[1111]	train-rmse:0.382410+0.001055	test-rmse:0.382387+0.004188 
[1112]	train-rmse:0.382409+0.001055	test-rmse:0.382387+0.004188 
[1113]	train-rmse:0.382409+0.001055	test-rmse:0.382387+0.004188 
[1114]	train-rmse:0.382409+0.001055	test-rmse:0.382386+0.004188 
[1115]	train-rmse:0.382409+0.001055	test-rmse:0.382386+0.004188 
[1116]	train-rmse:0.382408+0.001055	test-rmse:0.382386+0.004188 
[1117]	train-rmse:0.382408+0.001055	test-rmse:0.382386+0.004188 
[1118]	train-rmse:0.382408+0.001055	test-rmse:0.382385+0.004188 
[1119]	train-rmse:0.382408+0.001055	test-rmse:0.382385+0.004188 
[1120]	train-rmse:0.382407+0.001055	test-rmse:0.382385+0.004188 
[1121]	train-rmse:0.382407+0.001054	test-rmse:0.382385+0.004188 
[1122]	train-rmse:0.382407+0.001055	test-rmse:0.382385+0.004188 
[1123]	train-rmse:0.382407+0.001054	test-rmse:0.382384+0.004188 
[1124]	train-rmse:0.382407+0.001054	test-rmse:0.382384+0.004188 
[1125]	train-rmse:0.382406+0.001054	test-rmse:0.382384+0.004188 
[1126]	train-rmse:0.382406+0.001054	test-rmse:0.382384+0.004188 
[1127]	train-rmse:0.382406+0.001054	test-rmse:0.382383+0.004188 
[1128]	train-rmse:0.382406+0.001055	test-rmse:0.382383+0.004188 
[1129]	train-rmse:0.382405+0.001055	test-rmse:0.382383+0.004188 
[1130]	train-rmse:0.382405+0.001055	test-rmse:0.382383+0.004188 
[1131]	train-rmse:0.382405+0.001055	test-rmse:0.382382+0.004188 
[1132]	train-rmse:0.382405+0.001055	test-rmse:0.382382+0.004188 
[1133]	train-rmse:0.382404+0.001055	test-rmse:0.382382+0.004188 
[1134]	train-rmse:0.382404+0.001055	test-rmse:0.382382+0.004188 
[1135]	train-rmse:0.382404+0.001055	test-rmse:0.382381+0.004188 
[1136]	train-rmse:0.382404+0.001055	test-rmse:0.382381+0.004188 
[1137]	train-rmse:0.382403+0.001055	test-rmse:0.382381+0.004187 
[1138]	train-rmse:0.382403+0.001055	test-rmse:0.382381+0.004187 
[1139]	train-rmse:0.382403+0.001055	test-rmse:0.382380+0.004188 
[1140]	train-rmse:0.382403+0.001055	test-rmse:0.382380+0.004188 
[1141]	train-rmse:0.382402+0.001055	test-rmse:0.382380+0.004188 
[1142]	train-rmse:0.382402+0.001055	test-rmse:0.382380+0.004188 
[1143]	train-rmse:0.382402+0.001055	test-rmse:0.382379+0.004188 
[1144]	train-rmse:0.382401+0.001055	test-rmse:0.382379+0.004188 
[1145]	train-rmse:0.382401+0.001055	test-rmse:0.382379+0.004188 
[1146]	train-rmse:0.382401+0.001055	test-rmse:0.382378+0.004188 
[1147]	train-rmse:0.382401+0.001054	test-rmse:0.382378+0.004188 
[1148]	train-rmse:0.382401+0.001054	test-rmse:0.382378+0.004188 
[1149]	train-rmse:0.382401+0.001054	test-rmse:0.382378+0.004188 
[1150]	train-rmse:0.382400+0.001054	test-rmse:0.382378+0.004188 
[1151]	train-rmse:0.382400+0.001054	test-rmse:0.382378+0.004188 
[1152]	train-rmse:0.382400+0.001054	test-rmse:0.382377+0.004188 
[1153]	train-rmse:0.382400+0.001054	test-rmse:0.382377+0.004188 
[1154]	train-rmse:0.382399+0.001054	test-rmse:0.382377+0.004188 
[1155]	train-rmse:0.382399+0.001054	test-rmse:0.382377+0.004188 
[1156]	train-rmse:0.382399+0.001054	test-rmse:0.382376+0.004188 
[1157]	train-rmse:0.382399+0.001054	test-rmse:0.382376+0.004188 
[1158]	train-rmse:0.382398+0.001054	test-rmse:0.382376+0.004188 
[1159]	train-rmse:0.382398+0.001054	test-rmse:0.382375+0.004188 
[1160]	train-rmse:0.382398+0.001054	test-rmse:0.382375+0.004188 
[1161]	train-rmse:0.382397+0.001054	test-rmse:0.382375+0.004188 
[1162]	train-rmse:0.382397+0.001054	test-rmse:0.382375+0.004188 
[1163]	train-rmse:0.382397+0.001054	test-rmse:0.382375+0.004188 
[1164]	train-rmse:0.382397+0.001054	test-rmse:0.382374+0.004188 
[1165]	train-rmse:0.382397+0.001054	test-rmse:0.382374+0.004188 
[1166]	train-rmse:0.382397+0.001054	test-rmse:0.382374+0.004188 
[1167]	train-rmse:0.382396+0.001054	test-rmse:0.382374+0.004188 
[1168]	train-rmse:0.382396+0.001054	test-rmse:0.382374+0.004188 
[1169]	train-rmse:0.382396+0.001054	test-rmse:0.382373+0.004188 
[1170]	train-rmse:0.382396+0.001054	test-rmse:0.382373+0.004188 
[1171]	train-rmse:0.382395+0.001054	test-rmse:0.382373+0.004188 
[1172]	train-rmse:0.382395+0.001054	test-rmse:0.382373+0.004188 
[1173]	train-rmse:0.382395+0.001054	test-rmse:0.382372+0.004188 
[1174]	train-rmse:0.382395+0.001054	test-rmse:0.382372+0.004188 
[1175]	train-rmse:0.382394+0.001054	test-rmse:0.382372+0.004188 
[1176]	train-rmse:0.382394+0.001054	test-rmse:0.382372+0.004188 
[1177]	train-rmse:0.382394+0.001054	test-rmse:0.382371+0.004188 
[1178]	train-rmse:0.382394+0.001054	test-rmse:0.382371+0.004188 
[1179]	train-rmse:0.382393+0.001054	test-rmse:0.382371+0.004188 
[1180]	train-rmse:0.382393+0.001054	test-rmse:0.382371+0.004188 
[1181]	train-rmse:0.382393+0.001054	test-rmse:0.382370+0.004188 
[1182]	train-rmse:0.382393+0.001054	test-rmse:0.382370+0.004188 
[1183]	train-rmse:0.382392+0.001054	test-rmse:0.382370+0.004188 
[1184]	train-rmse:0.382392+0.001054	test-rmse:0.382370+0.004188 
[1185]	train-rmse:0.382392+0.001054	test-rmse:0.382369+0.004188 
[1186]	train-rmse:0.382392+0.001054	test-rmse:0.382369+0.004188 
[1187]	train-rmse:0.382391+0.001054	test-rmse:0.382369+0.004188 
[1188]	train-rmse:0.382391+0.001054	test-rmse:0.382369+0.004188 
[1189]	train-rmse:0.382391+0.001054	test-rmse:0.382368+0.004188 
[1190]	train-rmse:0.382391+0.001054	test-rmse:0.382368+0.004188 
[1191]	train-rmse:0.382390+0.001054	test-rmse:0.382368+0.004188 
[1192]	train-rmse:0.382390+0.001054	test-rmse:0.382368+0.004188 
[1193]	train-rmse:0.382390+0.001054	test-rmse:0.382367+0.004188 
[1194]	train-rmse:0.382390+0.001054	test-rmse:0.382367+0.004188 
[1195]	train-rmse:0.382389+0.001054	test-rmse:0.382367+0.004188 
[1196]	train-rmse:0.382389+0.001054	test-rmse:0.382367+0.004188 
[1197]	train-rmse:0.382389+0.001054	test-rmse:0.382366+0.004188 
[1198]	train-rmse:0.382389+0.001054	test-rmse:0.382366+0.004188 
[1199]	train-rmse:0.382388+0.001054	test-rmse:0.382366+0.004188 
[1200]	train-rmse:0.382388+0.001054	test-rmse:0.382366+0.004188 
[1201]	train-rmse:0.382388+0.001054	test-rmse:0.382365+0.004188 
[1202]	train-rmse:0.382388+0.001054	test-rmse:0.382365+0.004188 
[1203]	train-rmse:0.382387+0.001054	test-rmse:0.382365+0.004188 
[1204]	train-rmse:0.382387+0.001054	test-rmse:0.382364+0.004188 
[1205]	train-rmse:0.382387+0.001054	test-rmse:0.382364+0.004188 
[1206]	train-rmse:0.382387+0.001054	test-rmse:0.382364+0.004188 
[1207]	train-rmse:0.382386+0.001054	test-rmse:0.382364+0.004188 
[1208]	train-rmse:0.382386+0.001054	test-rmse:0.382364+0.004188 
[1209]	train-rmse:0.382386+0.001054	test-rmse:0.382363+0.004188 
[1210]	train-rmse:0.382386+0.001054	test-rmse:0.382363+0.004188 
[1211]	train-rmse:0.382385+0.001054	test-rmse:0.382363+0.004188 
[1212]	train-rmse:0.382385+0.001054	test-rmse:0.382363+0.004188 
[1213]	train-rmse:0.382385+0.001054	test-rmse:0.382363+0.004188 
[1214]	train-rmse:0.382385+0.001054	test-rmse:0.382362+0.004188 
[1215]	train-rmse:0.382385+0.001054	test-rmse:0.382362+0.004188 
[1216]	train-rmse:0.382384+0.001054	test-rmse:0.382362+0.004188 
[1217]	train-rmse:0.382384+0.001054	test-rmse:0.382362+0.004188 
[1218]	train-rmse:0.382384+0.001054	test-rmse:0.382361+0.004188 
[1219]	train-rmse:0.382384+0.001054	test-rmse:0.382361+0.004188 
[1220]	train-rmse:0.382383+0.001054	test-rmse:0.382361+0.004188 
[1221]	train-rmse:0.382383+0.001054	test-rmse:0.382361+0.004188 
[1222]	train-rmse:0.382383+0.001054	test-rmse:0.382360+0.004188 
[1223]	train-rmse:0.382383+0.001054	test-rmse:0.382360+0.004188 
[1224]	train-rmse:0.382382+0.001054	test-rmse:0.382360+0.004188 
[1225]	train-rmse:0.382382+0.001054	test-rmse:0.382360+0.004188 
[1226]	train-rmse:0.382382+0.001054	test-rmse:0.382359+0.004188 
[1227]	train-rmse:0.382382+0.001054	test-rmse:0.382359+0.004188 
[1228]	train-rmse:0.382381+0.001054	test-rmse:0.382359+0.004188 
[1229]	train-rmse:0.382381+0.001054	test-rmse:0.382359+0.004188 
[1230]	train-rmse:0.382381+0.001054	test-rmse:0.382358+0.004188 
[1231]	train-rmse:0.382381+0.001054	test-rmse:0.382358+0.004188 
[1232]	train-rmse:0.382380+0.001054	test-rmse:0.382358+0.004188 
[1233]	train-rmse:0.382380+0.001054	test-rmse:0.382358+0.004188 
[1234]	train-rmse:0.382380+0.001054	test-rmse:0.382357+0.004188 
[1235]	train-rmse:0.382380+0.001054	test-rmse:0.382357+0.004188 
[1236]	train-rmse:0.382379+0.001054	test-rmse:0.382357+0.004188 
[1237]	train-rmse:0.382379+0.001054	test-rmse:0.382357+0.004188 
[1238]	train-rmse:0.382379+0.001054	test-rmse:0.382356+0.004188 
[1239]	train-rmse:0.382379+0.001054	test-rmse:0.382356+0.004188 
[1240]	train-rmse:0.382378+0.001054	test-rmse:0.382356+0.004188 
[1241]	train-rmse:0.382378+0.001054	test-rmse:0.382356+0.004189 
[1242]	train-rmse:0.382378+0.001054	test-rmse:0.382355+0.004189 
[1243]	train-rmse:0.382378+0.001054	test-rmse:0.382355+0.004188 
[1244]	train-rmse:0.382377+0.001054	test-rmse:0.382355+0.004188 
[1245]	train-rmse:0.382377+0.001054	test-rmse:0.382355+0.004188 
[1246]	train-rmse:0.382377+0.001054	test-rmse:0.382355+0.004188 
[1247]	train-rmse:0.382377+0.001054	test-rmse:0.382354+0.004189 
[1248]	train-rmse:0.382376+0.001054	test-rmse:0.382354+0.004189 
[1249]	train-rmse:0.382376+0.001054	test-rmse:0.382354+0.004189 
[1250]	train-rmse:0.382376+0.001054	test-rmse:0.382354+0.004189 
[1251]	train-rmse:0.382376+0.001054	test-rmse:0.382353+0.004189 
[1252]	train-rmse:0.382376+0.001054	test-rmse:0.382353+0.004189 
[1253]	train-rmse:0.382375+0.001054	test-rmse:0.382353+0.004189 
[1254]	train-rmse:0.382375+0.001054	test-rmse:0.382353+0.004189 
[1255]	train-rmse:0.382375+0.001054	test-rmse:0.382352+0.004189 
[1256]	train-rmse:0.382375+0.001054	test-rmse:0.382352+0.004189 
[1257]	train-rmse:0.382374+0.001054	test-rmse:0.382352+0.004189 
[1258]	train-rmse:0.382374+0.001054	test-rmse:0.382352+0.004189 
[1259]	train-rmse:0.382374+0.001054	test-rmse:0.382351+0.004189 
[1260]	train-rmse:0.382374+0.001054	test-rmse:0.382351+0.004189 
[1261]	train-rmse:0.382373+0.001054	test-rmse:0.382351+0.004189 
[1262]	train-rmse:0.382373+0.001054	test-rmse:0.382351+0.004189 
[1263]	train-rmse:0.382373+0.001054	test-rmse:0.382350+0.004189 
[1264]	train-rmse:0.382373+0.001054	test-rmse:0.382350+0.004189 
[1265]	train-rmse:0.382373+0.001054	test-rmse:0.382350+0.004189 
[1266]	train-rmse:0.382372+0.001054	test-rmse:0.382350+0.004188 
[1267]	train-rmse:0.382372+0.001054	test-rmse:0.382350+0.004188 
[1268]	train-rmse:0.382372+0.001054	test-rmse:0.382349+0.004188 
[1269]	train-rmse:0.382372+0.001054	test-rmse:0.382349+0.004188 
[1270]	train-rmse:0.382371+0.001054	test-rmse:0.382349+0.004188 
[1271]	train-rmse:0.382371+0.001054	test-rmse:0.382349+0.004188 
[1272]	train-rmse:0.382371+0.001054	test-rmse:0.382348+0.004188 
[1273]	train-rmse:0.382370+0.001054	test-rmse:0.382348+0.004188 
[1274]	train-rmse:0.382370+0.001054	test-rmse:0.382348+0.004188 
[1275]	train-rmse:0.382370+0.001054	test-rmse:0.382348+0.004188 
[1276]	train-rmse:0.382370+0.001054	test-rmse:0.382347+0.004188 
[1277]	train-rmse:0.382369+0.001054	test-rmse:0.382347+0.004188 
[1278]	train-rmse:0.382369+0.001054	test-rmse:0.382347+0.004188 
[1279]	train-rmse:0.382369+0.001054	test-rmse:0.382346+0.004188 
[1280]	train-rmse:0.382369+0.001054	test-rmse:0.382346+0.004188 
[1281]	train-rmse:0.382368+0.001054	test-rmse:0.382346+0.004188 
[1282]	train-rmse:0.382368+0.001054	test-rmse:0.382346+0.004188 
[1283]	train-rmse:0.382368+0.001054	test-rmse:0.382345+0.004188 
[1284]	train-rmse:0.382368+0.001054	test-rmse:0.382345+0.004188 
[1285]	train-rmse:0.382367+0.001054	test-rmse:0.382345+0.004188 
[1286]	train-rmse:0.382367+0.001054	test-rmse:0.382345+0.004188 
[1287]	train-rmse:0.382367+0.001054	test-rmse:0.382344+0.004188 
[1288]	train-rmse:0.382367+0.001054	test-rmse:0.382344+0.004189 
[1289]	train-rmse:0.382367+0.001054	test-rmse:0.382344+0.004189 
[1290]	train-rmse:0.382366+0.001054	test-rmse:0.382344+0.004189 
[1291]	train-rmse:0.382366+0.001054	test-rmse:0.382344+0.004189 
[1292]	train-rmse:0.382366+0.001054	test-rmse:0.382344+0.004189 
[1293]	train-rmse:0.382366+0.001054	test-rmse:0.382343+0.004189 
[1294]	train-rmse:0.382365+0.001054	test-rmse:0.382343+0.004189 
[1295]	train-rmse:0.382365+0.001053	test-rmse:0.382343+0.004189 
[1296]	train-rmse:0.382365+0.001054	test-rmse:0.382343+0.004189 
[1297]	train-rmse:0.382365+0.001054	test-rmse:0.382342+0.004189 
[1298]	train-rmse:0.382364+0.001054	test-rmse:0.382342+0.004189 
[1299]	train-rmse:0.382364+0.001054	test-rmse:0.382342+0.004189 
[1300]	train-rmse:0.382364+0.001054	test-rmse:0.382341+0.004189 
[1301]	train-rmse:0.382363+0.001054	test-rmse:0.382341+0.004189 
[1302]	train-rmse:0.382363+0.001054	test-rmse:0.382341+0.004189 
[1303]	train-rmse:0.382363+0.001054	test-rmse:0.382341+0.004189 
> hgrid <-
+   dplyr::bind_cols(xgboost_params[index, ], dart.cv$evaluation_log[dart.cv$best_iteration, ], best_iter = dart.cv$best_iteration)
> 
> # write result
> fname <- file.path('data-raw', 'tune', year, 'array', paste0('tune_', index, '.tsv'))
> readr::write_tsv(hgrid, file = fname)
