> 
> # parse arguments
> args <- R.utils::commandArgs(trailingOnly = FALSE, asValues = TRUE)
> index <- as.integer(args$index)
> year <- as.character(args$year)
> nreps <- as.integer(args$nreps)
> seed <- as.integer(args$seed)
> 
> # get number of cores
> wkrs <- length(future::availableWorkers())
> 
> # set seed
> set.seed(seed)
> 
> # read and prepare the cluster features
> fp <- file.path('data-raw', 'features', year)
> clf <-
+   read_features(fp, pattern = 'paris.', recursive = FALSE)
> clf <- prepare_features(
+   clf,
+   feature_map = feature_map,
+   category = c('response', 'bio', 'net'),
+   type = 'list',
+   exclusions = c(
+     'mg2_pairs_count',
+     'mg2_not_pairs_count',
+     'mg2_portion_families_recovered',
+     'cluster_origin',
+     'bocc_origin',
+     'cluster_method',
+     'subcluster_method',
+     'year',
+     'IDs',
+     'go_sig_threshold',
+     'num_new_edges_on_any_node',
+     'HPO_ratio'
+   ),
+   verbose = TRUE
+ )
c('HPO_ratio', 'IDs', 'bocc_origin', 'cluster_method', 'cluster_origin', 'go_sig_threshold', 'max_norm_cell_type_comma_sep_string', 'max_norm_disease_comma_sep_string', 'mg2_not_pairs_count', 'mg2_pairs_count', 'mg2_portion_families_recovered', 'num_new_edges_on_any_node', 'sig_go_enrichment_fdr_corrected_p_vals', 'sig_go_enrichment_p_vals', 'sig_go_enrichment_terms', 'subcluster_method', 'year')

> 
> # prepare grid of parameters
> xgboost_params <- dials::parameters(
+   nrounds = dials::trees(),
+   eta = dials::learn_rate(),
+   gamma = dials::loss_reduction(),
+   dials::tree_depth(),
+   subsample = dials::sample_prop(),
+   rate_drop = dials::dropout(),
+   skip_drop = dials::dropout()
+ )
> xgboost_params <-
+   dials::grid_max_entropy(xgboost_params, size = nreps)
> 
> # tune the dart booster
> dart.param <-
+   list(
+     booster = "dart",
+     objective = "reg:logistic",
+     eval_metric = "rmse",
+     nthread = wkrs,
+     max_depth = xgboost_params$tree_depth[index],
+     eta = xgboost_params$eta[index],
+     gamma = xgboost_params$gamma[index],
+     subsample = xgboost_params$subsample[index],
+     rate_drop = xgboost_params$rate_drop[index],
+     skip_drop = xgboost_params$skip_drop[index]
+   )
> dart.cv <- xgboost::xgb.cv(
+   params = dart.param,
+   nrounds = xgboost_params$nrounds[index],
+   data = as.matrix(clf[, -1]),
+   nfold = 5,
+   label = clf$snowballing_pvalue,
+   early_stopping_rounds = 50
+ )
[1]	train-rmse:0.382511+0.001054	test-rmse:0.382496+0.004187 
Multiple eval metrics are present. Will use test_rmse for early stopping.
Will train until test_rmse hasn't improved in 50 rounds.

[2]	train-rmse:0.382342+0.001052	test-rmse:0.382334+0.004185 
[3]	train-rmse:0.382206+0.001068	test-rmse:0.382202+0.004166 
[4]	train-rmse:0.382037+0.001066	test-rmse:0.382039+0.004162 
[5]	train-rmse:0.381943+0.001036	test-rmse:0.381948+0.004193 
[6]	train-rmse:0.381826+0.000987	test-rmse:0.381836+0.004240 
[7]	train-rmse:0.381711+0.001011	test-rmse:0.381724+0.004221 
[8]	train-rmse:0.381599+0.001042	test-rmse:0.381617+0.004193 
[9]	train-rmse:0.381460+0.001071	test-rmse:0.381482+0.004170 
[10]	train-rmse:0.381291+0.001067	test-rmse:0.381321+0.004168 
[11]	train-rmse:0.381152+0.001010	test-rmse:0.381188+0.004222 
[12]	train-rmse:0.381043+0.000959	test-rmse:0.381086+0.004268 
[13]	train-rmse:0.380905+0.000967	test-rmse:0.380954+0.004258 
[14]	train-rmse:0.380736+0.000965	test-rmse:0.380792+0.004255 
[15]	train-rmse:0.380630+0.000996	test-rmse:0.380692+0.004217 
[16]	train-rmse:0.380492+0.001018	test-rmse:0.380560+0.004182 
[17]	train-rmse:0.380355+0.001034	test-rmse:0.380430+0.004171 
[18]	train-rmse:0.380187+0.001032	test-rmse:0.380269+0.004169 
[19]	train-rmse:0.380082+0.001049	test-rmse:0.380169+0.004137 
[20]	train-rmse:0.379946+0.000989	test-rmse:0.380040+0.004192 
[21]	train-rmse:0.379778+0.000987	test-rmse:0.379879+0.004189 
[22]	train-rmse:0.379641+0.000927	test-rmse:0.379749+0.004245 
[23]	train-rmse:0.379506+0.000953	test-rmse:0.379618+0.004220 
[24]	train-rmse:0.379370+0.000978	test-rmse:0.379488+0.004188 
[25]	train-rmse:0.379233+0.000969	test-rmse:0.379356+0.004188 
[26]	train-rmse:0.379098+0.000995	test-rmse:0.379227+0.004156 
[27]	train-rmse:0.378995+0.001001	test-rmse:0.379129+0.004152 
[28]	train-rmse:0.378860+0.000997	test-rmse:0.379000+0.004154 
[29]	train-rmse:0.378724+0.000935	test-rmse:0.378872+0.004210 
[30]	train-rmse:0.378588+0.000873	test-rmse:0.378743+0.004266 
[31]	train-rmse:0.378485+0.000810	test-rmse:0.378646+0.004326 
[32]	train-rmse:0.378413+0.000763	test-rmse:0.378579+0.004380 
[33]	train-rmse:0.378278+0.000700	test-rmse:0.378450+0.004437 
[34]	train-rmse:0.378144+0.000716	test-rmse:0.378323+0.004428 
[35]	train-rmse:0.378043+0.000751	test-rmse:0.378225+0.004397 
[36]	train-rmse:0.377941+0.000709	test-rmse:0.378127+0.004431 
[37]	train-rmse:0.377839+0.000674	test-rmse:0.378029+0.004466 
[38]	train-rmse:0.377738+0.000725	test-rmse:0.377930+0.004435 
[39]	train-rmse:0.377571+0.000724	test-rmse:0.377770+0.004432 
[40]	train-rmse:0.377435+0.000748	test-rmse:0.377641+0.004423 
[41]	train-rmse:0.377301+0.000738	test-rmse:0.377513+0.004424 
[42]	train-rmse:0.377200+0.000761	test-rmse:0.377417+0.004422 
[43]	train-rmse:0.377098+0.000701	test-rmse:0.377321+0.004481 
[44]	train-rmse:0.376931+0.000701	test-rmse:0.377162+0.004478 
[45]	train-rmse:0.376830+0.000665	test-rmse:0.377064+0.004514 
[46]	train-rmse:0.376696+0.000668	test-rmse:0.376935+0.004514 
[47]	train-rmse:0.376530+0.000666	test-rmse:0.376776+0.004513 
[48]	train-rmse:0.376396+0.000693	test-rmse:0.376648+0.004506 
[49]	train-rmse:0.376263+0.000701	test-rmse:0.376520+0.004509 
[50]	train-rmse:0.376130+0.000713	test-rmse:0.376392+0.004513 
[51]	train-rmse:0.376029+0.000762	test-rmse:0.376295+0.004486 
[52]	train-rmse:0.375927+0.000790	test-rmse:0.376199+0.004443 
[53]	train-rmse:0.375860+0.000853	test-rmse:0.376133+0.004421 
[54]	train-rmse:0.375759+0.000871	test-rmse:0.376035+0.004361 
[55]	train-rmse:0.375660+0.000901	test-rmse:0.375940+0.004319 
[56]	train-rmse:0.375559+0.000843	test-rmse:0.375844+0.004339 
[57]	train-rmse:0.375426+0.000864	test-rmse:0.375715+0.004315 
[58]	train-rmse:0.375326+0.000899	test-rmse:0.375618+0.004312 
[59]	train-rmse:0.375225+0.000910	test-rmse:0.375521+0.004279 
[60]	train-rmse:0.375093+0.000916	test-rmse:0.375394+0.004242 
[61]	train-rmse:0.374961+0.000934	test-rmse:0.375265+0.004218 
[62]	train-rmse:0.374828+0.000963	test-rmse:0.375138+0.004208 
[63]	train-rmse:0.374729+0.000988	test-rmse:0.375040+0.004192 
[64]	train-rmse:0.374596+0.000998	test-rmse:0.374913+0.004195 
[65]	train-rmse:0.374464+0.000935	test-rmse:0.374788+0.004249 
[66]	train-rmse:0.374299+0.000933	test-rmse:0.374630+0.004248 
[67]	train-rmse:0.374136+0.000932	test-rmse:0.374473+0.004246 
[68]	train-rmse:0.374068+0.000913	test-rmse:0.374410+0.004301 
[69]	train-rmse:0.373969+0.000853	test-rmse:0.374318+0.004319 
[70]	train-rmse:0.373966+0.000853	test-rmse:0.374315+0.004319 
[71]	train-rmse:0.373836+0.000869	test-rmse:0.374188+0.004296 
[72]	train-rmse:0.373703+0.000897	test-rmse:0.374062+0.004288 
[73]	train-rmse:0.373603+0.000849	test-rmse:0.373967+0.004350 
[74]	train-rmse:0.373472+0.000865	test-rmse:0.373841+0.004355 
[75]	train-rmse:0.373374+0.000909	test-rmse:0.373747+0.004329 
[76]	train-rmse:0.373242+0.000849	test-rmse:0.373623+0.004382 
[77]	train-rmse:0.373144+0.000861	test-rmse:0.373529+0.004352 
[78]	train-rmse:0.373014+0.000892	test-rmse:0.373405+0.004344 
[79]	train-rmse:0.372850+0.000890	test-rmse:0.373249+0.004342 
[80]	train-rmse:0.372751+0.000923	test-rmse:0.373154+0.004299 
[81]	train-rmse:0.372686+0.000948	test-rmse:0.373090+0.004248 
[82]	train-rmse:0.372589+0.000962	test-rmse:0.372995+0.004190 
[83]	train-rmse:0.372491+0.001006	test-rmse:0.372900+0.004164 
[84]	train-rmse:0.372393+0.001020	test-rmse:0.372806+0.004135 
[85]	train-rmse:0.372294+0.001055	test-rmse:0.372713+0.004092 
[86]	train-rmse:0.372197+0.001098	test-rmse:0.372620+0.004093 
[87]	train-rmse:0.372100+0.001115	test-rmse:0.372525+0.004033 
[88]	train-rmse:0.371969+0.001124	test-rmse:0.372401+0.003996 
[89]	train-rmse:0.371903+0.001176	test-rmse:0.372338+0.003961 
[90]	train-rmse:0.371806+0.001213	test-rmse:0.372244+0.003935 
[91]	train-rmse:0.371706+0.001184	test-rmse:0.372150+0.003985 
[92]	train-rmse:0.371608+0.001132	test-rmse:0.372056+0.004016 
[93]	train-rmse:0.371511+0.001085	test-rmse:0.371963+0.004049 
[94]	train-rmse:0.371413+0.001032	test-rmse:0.371871+0.004067 
[95]	train-rmse:0.371315+0.001059	test-rmse:0.371776+0.004008 
[96]	train-rmse:0.371153+0.001058	test-rmse:0.371622+0.004004 
[97]	train-rmse:0.371022+0.000997	test-rmse:0.371498+0.004058 
[98]	train-rmse:0.370893+0.001011	test-rmse:0.371376+0.004023 
[99]	train-rmse:0.370764+0.001026	test-rmse:0.371249+0.003999 
[100]	train-rmse:0.370697+0.001012	test-rmse:0.371188+0.004015 
[101]	train-rmse:0.370569+0.001029	test-rmse:0.371064+0.003991 
[102]	train-rmse:0.370504+0.001061	test-rmse:0.370999+0.003938 
[103]	train-rmse:0.370375+0.001000	test-rmse:0.370878+0.003992 
[104]	train-rmse:0.370213+0.000999	test-rmse:0.370723+0.003989 
[105]	train-rmse:0.370115+0.001044	test-rmse:0.370629+0.003947 
[106]	train-rmse:0.370017+0.001093	test-rmse:0.370536+0.003905 
[107]	train-rmse:0.369952+0.001073	test-rmse:0.370474+0.003907 
[108]	train-rmse:0.369856+0.001081	test-rmse:0.370380+0.003890 
[109]	train-rmse:0.369758+0.001015	test-rmse:0.370288+0.003949 
[110]	train-rmse:0.369597+0.001013	test-rmse:0.370134+0.003946 
[111]	train-rmse:0.369532+0.001053	test-rmse:0.370070+0.003922 
[112]	train-rmse:0.369404+0.001050	test-rmse:0.369948+0.003926 
[113]	train-rmse:0.369306+0.001015	test-rmse:0.369857+0.003974 
[114]	train-rmse:0.369178+0.001014	test-rmse:0.369734+0.003978 
[115]	train-rmse:0.369048+0.000952	test-rmse:0.369610+0.004033 
[116]	train-rmse:0.368952+0.000984	test-rmse:0.369517+0.003979 
[117]	train-rmse:0.368855+0.001026	test-rmse:0.369427+0.003937 
[118]	train-rmse:0.368726+0.001047	test-rmse:0.369303+0.003900 
[119]	train-rmse:0.368661+0.001029	test-rmse:0.369240+0.003930 
[120]	train-rmse:0.368565+0.001042	test-rmse:0.369146+0.003912 
[121]	train-rmse:0.368438+0.001061	test-rmse:0.369024+0.003893 
[122]	train-rmse:0.368311+0.001085	test-rmse:0.368901+0.003874 
[123]	train-rmse:0.368184+0.001111	test-rmse:0.368778+0.003857 
[124]	train-rmse:0.368150+0.001099	test-rmse:0.368746+0.003892 
[125]	train-rmse:0.368087+0.001136	test-rmse:0.368683+0.003843 
[126]	train-rmse:0.367959+0.001148	test-rmse:0.368563+0.003805 
[127]	train-rmse:0.367926+0.001131	test-rmse:0.368531+0.003814 
[128]	train-rmse:0.367830+0.001089	test-rmse:0.368440+0.003834 
[129]	train-rmse:0.367670+0.001087	test-rmse:0.368289+0.003833 
[130]	train-rmse:0.367542+0.001107	test-rmse:0.368167+0.003797 
[131]	train-rmse:0.367477+0.001091	test-rmse:0.368106+0.003827 
[132]	train-rmse:0.367319+0.001089	test-rmse:0.367955+0.003827 
[133]	train-rmse:0.367160+0.001089	test-rmse:0.367805+0.003825 
[134]	train-rmse:0.367095+0.001068	test-rmse:0.367746+0.003837 
[135]	train-rmse:0.367030+0.001024	test-rmse:0.367686+0.003862 
[136]	train-rmse:0.366935+0.001077	test-rmse:0.367592+0.003810 
[137]	train-rmse:0.366809+0.001104	test-rmse:0.367472+0.003777 
[138]	train-rmse:0.366681+0.001048	test-rmse:0.367353+0.003833 
[139]	train-rmse:0.366585+0.001047	test-rmse:0.367261+0.003822 
[140]	train-rmse:0.366553+0.001036	test-rmse:0.367229+0.003833 
[141]	train-rmse:0.366487+0.000980	test-rmse:0.367168+0.003882 
[142]	train-rmse:0.366329+0.000979	test-rmse:0.367016+0.003879 
[143]	train-rmse:0.366233+0.000947	test-rmse:0.366925+0.003918 
[144]	train-rmse:0.366138+0.000903	test-rmse:0.366835+0.003963 
[145]	train-rmse:0.366043+0.000958	test-rmse:0.366742+0.003911 
[146]	train-rmse:0.365979+0.000987	test-rmse:0.366680+0.003885 
[147]	train-rmse:0.365916+0.001030	test-rmse:0.366618+0.003839 
[148]	train-rmse:0.365821+0.001066	test-rmse:0.366526+0.003794 
[149]	train-rmse:0.365725+0.001039	test-rmse:0.366437+0.003817 
[150]	train-rmse:0.365631+0.001054	test-rmse:0.366344+0.003801 
[151]	train-rmse:0.365504+0.001064	test-rmse:0.366224+0.003787 
[152]	train-rmse:0.365409+0.001083	test-rmse:0.366130+0.003773 
[153]	train-rmse:0.365313+0.001100	test-rmse:0.366040+0.003744 
[154]	train-rmse:0.365219+0.001136	test-rmse:0.365950+0.003698 
[155]	train-rmse:0.365061+0.001134	test-rmse:0.365801+0.003697 
[156]	train-rmse:0.364967+0.001175	test-rmse:0.365712+0.003653 
[157]	train-rmse:0.364904+0.001202	test-rmse:0.365651+0.003629 
[158]	train-rmse:0.364747+0.001202	test-rmse:0.365500+0.003625 
[159]	train-rmse:0.364652+0.001138	test-rmse:0.365411+0.003684 
[160]	train-rmse:0.364588+0.001131	test-rmse:0.365351+0.003690 
[161]	train-rmse:0.364524+0.001079	test-rmse:0.365291+0.003738 
[162]	train-rmse:0.364401+0.001101	test-rmse:0.365173+0.003721 
[163]	train-rmse:0.364337+0.001083	test-rmse:0.365112+0.003751 
[164]	train-rmse:0.364181+0.001081	test-rmse:0.364964+0.003749 
[165]	train-rmse:0.364055+0.001072	test-rmse:0.364844+0.003752 
[166]	train-rmse:0.363991+0.001053	test-rmse:0.364785+0.003763 
[167]	train-rmse:0.363835+0.001051	test-rmse:0.364636+0.003760 
[168]	train-rmse:0.363709+0.000993	test-rmse:0.364517+0.003814 
[169]	train-rmse:0.363615+0.001010	test-rmse:0.364427+0.003801 
[170]	train-rmse:0.363521+0.000978	test-rmse:0.364339+0.003822 
[171]	train-rmse:0.363396+0.001007	test-rmse:0.364220+0.003787 
[172]	train-rmse:0.363301+0.001048	test-rmse:0.364129+0.003742 
[173]	train-rmse:0.363144+0.001047	test-rmse:0.363980+0.003740 
[174]	train-rmse:0.362989+0.001045	test-rmse:0.363831+0.003737 
[175]	train-rmse:0.362865+0.001066	test-rmse:0.363712+0.003722 
[176]	train-rmse:0.362709+0.001065	test-rmse:0.363564+0.003719 
[177]	train-rmse:0.362583+0.001009	test-rmse:0.363445+0.003774 
[178]	train-rmse:0.362489+0.000988	test-rmse:0.363357+0.003798 
[179]	train-rmse:0.362394+0.001033	test-rmse:0.363268+0.003754 
[180]	train-rmse:0.362300+0.001020	test-rmse:0.363180+0.003779 
[181]	train-rmse:0.362145+0.001018	test-rmse:0.363032+0.003777 
[182]	train-rmse:0.361991+0.001016	test-rmse:0.362886+0.003775 
[183]	train-rmse:0.361836+0.001014	test-rmse:0.362738+0.003773 
[184]	train-rmse:0.361711+0.000997	test-rmse:0.362619+0.003771 
[185]	train-rmse:0.361587+0.000984	test-rmse:0.362500+0.003772 
[186]	train-rmse:0.361464+0.000932	test-rmse:0.362384+0.003826 
[187]	train-rmse:0.361370+0.000890	test-rmse:0.362296+0.003869 
[188]	train-rmse:0.361277+0.000856	test-rmse:0.362207+0.003908 
[189]	train-rmse:0.361152+0.000895	test-rmse:0.362088+0.003875 
[190]	train-rmse:0.361060+0.000894	test-rmse:0.361997+0.003860 
[191]	train-rmse:0.360997+0.000927	test-rmse:0.361938+0.003819 
[192]	train-rmse:0.360904+0.000933	test-rmse:0.361847+0.003804 
[193]	train-rmse:0.360749+0.000931	test-rmse:0.361700+0.003803 
[194]	train-rmse:0.360657+0.000918	test-rmse:0.361613+0.003827 
[195]	train-rmse:0.360595+0.000964	test-rmse:0.361553+0.003784 
[196]	train-rmse:0.360503+0.001023	test-rmse:0.361463+0.003737 
[197]	train-rmse:0.360441+0.001006	test-rmse:0.361404+0.003766 
[198]	train-rmse:0.360380+0.001063	test-rmse:0.361345+0.003707 
[199]	train-rmse:0.360225+0.001062	test-rmse:0.361198+0.003704 
[200]	train-rmse:0.360072+0.001060	test-rmse:0.361051+0.003703 
[201]	train-rmse:0.359980+0.001120	test-rmse:0.360963+0.003659 
[202]	train-rmse:0.359888+0.001162	test-rmse:0.360876+0.003616 
[203]	train-rmse:0.359795+0.001160	test-rmse:0.360788+0.003643 
[204]	train-rmse:0.359671+0.001114	test-rmse:0.360672+0.003699 
[205]	train-rmse:0.359548+0.001161	test-rmse:0.360554+0.003671 
[206]	train-rmse:0.359456+0.001173	test-rmse:0.360464+0.003637 
[207]	train-rmse:0.359364+0.001220	test-rmse:0.360378+0.003596 
[208]	train-rmse:0.359212+0.001217	test-rmse:0.360233+0.003595 
[209]	train-rmse:0.359121+0.001277	test-rmse:0.360143+0.003552 
[210]	train-rmse:0.359029+0.001324	test-rmse:0.360056+0.003512 
[211]	train-rmse:0.358937+0.001294	test-rmse:0.359968+0.003552 
[212]	train-rmse:0.358815+0.001309	test-rmse:0.359850+0.003537 
[213]	train-rmse:0.358693+0.001286	test-rmse:0.359734+0.003536 
[214]	train-rmse:0.358569+0.001266	test-rmse:0.359617+0.003534 
[215]	train-rmse:0.358478+0.001296	test-rmse:0.359530+0.003507 
[216]	train-rmse:0.358356+0.001293	test-rmse:0.359413+0.003490 
[217]	train-rmse:0.358264+0.001296	test-rmse:0.359328+0.003519 
[218]	train-rmse:0.358202+0.001328	test-rmse:0.359269+0.003478 
[219]	train-rmse:0.358079+0.001283	test-rmse:0.359152+0.003533 
[220]	train-rmse:0.357927+0.001282	test-rmse:0.359007+0.003533 
[221]	train-rmse:0.357806+0.001330	test-rmse:0.358893+0.003505 
[222]	train-rmse:0.357685+0.001338	test-rmse:0.358776+0.003487 
[223]	train-rmse:0.357623+0.001346	test-rmse:0.358719+0.003502 
[224]	train-rmse:0.357501+0.001396	test-rmse:0.358602+0.003476 
[225]	train-rmse:0.357440+0.001364	test-rmse:0.358544+0.003500 
[226]	train-rmse:0.357377+0.001306	test-rmse:0.358487+0.003540 
[227]	train-rmse:0.357286+0.001275	test-rmse:0.358400+0.003579 
[228]	train-rmse:0.357195+0.001288	test-rmse:0.358315+0.003611 
[229]	train-rmse:0.357164+0.001312	test-rmse:0.358286+0.003613 
[230]	train-rmse:0.357102+0.001253	test-rmse:0.358229+0.003652 
[231]	train-rmse:0.357012+0.001225	test-rmse:0.358141+0.003693 
[232]	train-rmse:0.356950+0.001165	test-rmse:0.358085+0.003731 
[233]	train-rmse:0.356858+0.001135	test-rmse:0.357999+0.003773 
[234]	train-rmse:0.356739+0.001140	test-rmse:0.357883+0.003757 
[235]	train-rmse:0.356647+0.001118	test-rmse:0.357797+0.003798 
[236]	train-rmse:0.356527+0.001085	test-rmse:0.357682+0.003794 
[237]	train-rmse:0.356435+0.001055	test-rmse:0.357597+0.003836 
[238]	train-rmse:0.356344+0.001070	test-rmse:0.357509+0.003806 
[239]	train-rmse:0.356254+0.001051	test-rmse:0.357422+0.003848 
[240]	train-rmse:0.356133+0.001016	test-rmse:0.357307+0.003841 
[241]	train-rmse:0.355982+0.001016	test-rmse:0.357164+0.003839 
[242]	train-rmse:0.355922+0.001037	test-rmse:0.357108+0.003855 
[243]	train-rmse:0.355772+0.001035	test-rmse:0.356966+0.003853 
[244]	train-rmse:0.355653+0.001083	test-rmse:0.356853+0.003823 
[245]	train-rmse:0.355591+0.001111	test-rmse:0.356796+0.003841 
[246]	train-rmse:0.355502+0.001166	test-rmse:0.356713+0.003803 
[247]	train-rmse:0.355412+0.001136	test-rmse:0.356626+0.003783 
[248]	train-rmse:0.355292+0.001142	test-rmse:0.356510+0.003770 
[249]	train-rmse:0.355232+0.001089	test-rmse:0.356452+0.003807 
[250]	train-rmse:0.355141+0.001025	test-rmse:0.356366+0.003859 
[251]	train-rmse:0.354990+0.001024	test-rmse:0.356222+0.003857 
[252]	train-rmse:0.354900+0.001039	test-rmse:0.356135+0.003829 
[253]	train-rmse:0.354751+0.001037	test-rmse:0.355993+0.003830 
[254]	train-rmse:0.354661+0.001016	test-rmse:0.355905+0.003812 
[255]	train-rmse:0.354601+0.001002	test-rmse:0.355845+0.003784 
[256]	train-rmse:0.354541+0.001033	test-rmse:0.355786+0.003740 
[257]	train-rmse:0.354421+0.001003	test-rmse:0.355672+0.003736 
[258]	train-rmse:0.354271+0.001002	test-rmse:0.355528+0.003734 
[259]	train-rmse:0.354151+0.000976	test-rmse:0.355415+0.003732 
[260]	train-rmse:0.354062+0.000956	test-rmse:0.355330+0.003774 
[261]	train-rmse:0.354001+0.000942	test-rmse:0.355273+0.003803 
[262]	train-rmse:0.353882+0.000912	test-rmse:0.355160+0.003802 
[263]	train-rmse:0.353794+0.000977	test-rmse:0.355073+0.003760 
[264]	train-rmse:0.353705+0.000965	test-rmse:0.354988+0.003804 
[265]	train-rmse:0.353556+0.000963	test-rmse:0.354847+0.003804 
[266]	train-rmse:0.353465+0.000899	test-rmse:0.354763+0.003857 
[267]	train-rmse:0.353348+0.000925	test-rmse:0.354649+0.003847 
[268]	train-rmse:0.353228+0.000891	test-rmse:0.354537+0.003901 
[269]	train-rmse:0.353080+0.000890	test-rmse:0.354396+0.003897 
[270]	train-rmse:0.352961+0.000859	test-rmse:0.354286+0.003950 
[271]	train-rmse:0.352930+0.000831	test-rmse:0.354259+0.003959 
[272]	train-rmse:0.352782+0.000830	test-rmse:0.354119+0.003958 
[273]	train-rmse:0.352665+0.000856	test-rmse:0.354006+0.003948 
[274]	train-rmse:0.352516+0.000855	test-rmse:0.353865+0.003945 
[275]	train-rmse:0.352486+0.000888	test-rmse:0.353837+0.003947 
[276]	train-rmse:0.352368+0.000927	test-rmse:0.353724+0.003917 
[277]	train-rmse:0.352279+0.000944	test-rmse:0.353640+0.003944 
[278]	train-rmse:0.352130+0.000942	test-rmse:0.353498+0.003941 
[279]	train-rmse:0.352010+0.000919	test-rmse:0.353385+0.003995 
[280]	train-rmse:0.351891+0.000910	test-rmse:0.353272+0.003978 
[281]	train-rmse:0.351802+0.000933	test-rmse:0.353189+0.004005 
[282]	train-rmse:0.351684+0.000978	test-rmse:0.353076+0.003976 
[283]	train-rmse:0.351566+0.001024	test-rmse:0.352965+0.003948 
[284]	train-rmse:0.351477+0.000978	test-rmse:0.352881+0.003928 
[285]	train-rmse:0.351418+0.000969	test-rmse:0.352824+0.003957 
[286]	train-rmse:0.351270+0.000967	test-rmse:0.352686+0.003955 
[287]	train-rmse:0.351212+0.000962	test-rmse:0.352629+0.003985 
[288]	train-rmse:0.351094+0.000983	test-rmse:0.352515+0.003974 
[289]	train-rmse:0.350975+0.000979	test-rmse:0.352402+0.003956 
[290]	train-rmse:0.350858+0.001020	test-rmse:0.352290+0.003929 
[291]	train-rmse:0.350800+0.000980	test-rmse:0.352234+0.003970 
[292]	train-rmse:0.350712+0.001000	test-rmse:0.352149+0.003944 
[293]	train-rmse:0.350593+0.000999	test-rmse:0.352037+0.003927 
[294]	train-rmse:0.350476+0.001001	test-rmse:0.351926+0.003914 
[295]	train-rmse:0.350358+0.001038	test-rmse:0.351814+0.003884 
[296]	train-rmse:0.350270+0.001064	test-rmse:0.351728+0.003861 
[297]	train-rmse:0.350123+0.001063	test-rmse:0.351589+0.003859 
[298]	train-rmse:0.350005+0.001041	test-rmse:0.351479+0.003912 
[299]	train-rmse:0.349887+0.001023	test-rmse:0.351369+0.003966 
[300]	train-rmse:0.349829+0.001036	test-rmse:0.351313+0.003998 
[301]	train-rmse:0.349741+0.001056	test-rmse:0.351231+0.004025 
[302]	train-rmse:0.349652+0.000996	test-rmse:0.351147+0.004073 
[303]	train-rmse:0.349535+0.000986	test-rmse:0.351037+0.004126 
[304]	train-rmse:0.349388+0.000985	test-rmse:0.350898+0.004124 
[305]	train-rmse:0.349272+0.000989	test-rmse:0.350788+0.004110 
[306]	train-rmse:0.349185+0.001002	test-rmse:0.350705+0.004156 
[307]	train-rmse:0.349039+0.001001	test-rmse:0.350566+0.004154 
[308]	train-rmse:0.348952+0.000970	test-rmse:0.350480+0.004139 
[309]	train-rmse:0.348806+0.000969	test-rmse:0.350340+0.004137 
[310]	train-rmse:0.348691+0.000974	test-rmse:0.350232+0.004123 
[311]	train-rmse:0.348633+0.000976	test-rmse:0.350175+0.004080 
[312]	train-rmse:0.348574+0.000921	test-rmse:0.350120+0.004115 
[313]	train-rmse:0.348457+0.000929	test-rmse:0.350009+0.004099 
[314]	train-rmse:0.348340+0.000958	test-rmse:0.349899+0.004070 
[315]	train-rmse:0.348253+0.000960	test-rmse:0.349818+0.004112 
[316]	train-rmse:0.348108+0.000959	test-rmse:0.349681+0.004110 
[317]	train-rmse:0.347992+0.000955	test-rmse:0.349574+0.004162 
[318]	train-rmse:0.347933+0.000943	test-rmse:0.349519+0.004118 
[319]	train-rmse:0.347817+0.000939	test-rmse:0.349411+0.004170 
[320]	train-rmse:0.347729+0.000951	test-rmse:0.349329+0.004212 
[321]	train-rmse:0.347671+0.001006	test-rmse:0.349272+0.004161 
[322]	train-rmse:0.347583+0.000982	test-rmse:0.349188+0.004124 
[323]	train-rmse:0.347497+0.001029	test-rmse:0.349106+0.004084 
[324]	train-rmse:0.347382+0.001046	test-rmse:0.348998+0.004073 
[325]	train-rmse:0.347266+0.001077	test-rmse:0.348889+0.004045 
[326]	train-rmse:0.347151+0.001094	test-rmse:0.348782+0.004035 
[327]	train-rmse:0.347093+0.001140	test-rmse:0.348729+0.004052 
[328]	train-rmse:0.347035+0.001188	test-rmse:0.348677+0.004071 
[329]	train-rmse:0.346977+0.001239	test-rmse:0.348624+0.004090 
[330]	train-rmse:0.346890+0.001293	test-rmse:0.348542+0.004054 
[331]	train-rmse:0.346890+0.001293	test-rmse:0.348542+0.004054 
[332]	train-rmse:0.346804+0.001349	test-rmse:0.348461+0.004022 
[333]	train-rmse:0.346717+0.001407	test-rmse:0.348379+0.003988 
[334]	train-rmse:0.346632+0.001354	test-rmse:0.348296+0.003965 
[335]	train-rmse:0.346488+0.001353	test-rmse:0.348159+0.003963 
[336]	train-rmse:0.346429+0.001365	test-rmse:0.348104+0.003918 
[337]	train-rmse:0.346315+0.001360	test-rmse:0.347994+0.003905 
[338]	train-rmse:0.346201+0.001394	test-rmse:0.347885+0.003877 
[339]	train-rmse:0.346086+0.001391	test-rmse:0.347774+0.003861 
[340]	train-rmse:0.346029+0.001403	test-rmse:0.347719+0.003897 
[341]	train-rmse:0.345914+0.001427	test-rmse:0.347610+0.003887 
[342]	train-rmse:0.345800+0.001452	test-rmse:0.347502+0.003877 
[343]	train-rmse:0.345684+0.001444	test-rmse:0.347393+0.003929 
[344]	train-rmse:0.345541+0.001442	test-rmse:0.347257+0.003928 
[345]	train-rmse:0.345455+0.001499	test-rmse:0.347177+0.003897 
[346]	train-rmse:0.345341+0.001531	test-rmse:0.347067+0.003869 
[347]	train-rmse:0.345227+0.001564	test-rmse:0.346959+0.003844 
[348]	train-rmse:0.345140+0.001590	test-rmse:0.346877+0.003873 
[349]	train-rmse:0.345056+0.001619	test-rmse:0.346797+0.003839 
[350]	train-rmse:0.345000+0.001592	test-rmse:0.346742+0.003806 
[351]	train-rmse:0.344915+0.001624	test-rmse:0.346661+0.003773 
[352]	train-rmse:0.344830+0.001614	test-rmse:0.346581+0.003737 
[353]	train-rmse:0.344716+0.001602	test-rmse:0.346474+0.003789 
[354]	train-rmse:0.344602+0.001555	test-rmse:0.346366+0.003777 
[355]	train-rmse:0.344516+0.001532	test-rmse:0.346286+0.003757 
[356]	train-rmse:0.344459+0.001541	test-rmse:0.346232+0.003791 
[357]	train-rmse:0.344374+0.001573	test-rmse:0.346150+0.003753 
[358]	train-rmse:0.344318+0.001562	test-rmse:0.346095+0.003706 
[359]	train-rmse:0.344232+0.001539	test-rmse:0.346013+0.003684 
[360]	train-rmse:0.344147+0.001524	test-rmse:0.345931+0.003726 
[361]	train-rmse:0.344033+0.001548	test-rmse:0.345824+0.003716 
[362]	train-rmse:0.343919+0.001571	test-rmse:0.345716+0.003708 
[363]	train-rmse:0.343834+0.001593	test-rmse:0.345636+0.003736 
[364]	train-rmse:0.343720+0.001584	test-rmse:0.345530+0.003788 
[365]	train-rmse:0.343606+0.001608	test-rmse:0.345423+0.003778 
[366]	train-rmse:0.343493+0.001562	test-rmse:0.345315+0.003765 
[367]	train-rmse:0.343436+0.001547	test-rmse:0.345260+0.003716 
[368]	train-rmse:0.343324+0.001544	test-rmse:0.345152+0.003705 
[369]	train-rmse:0.343211+0.001532	test-rmse:0.345047+0.003756 
[370]	train-rmse:0.343097+0.001485	test-rmse:0.344939+0.003745 
[371]	train-rmse:0.342984+0.001483	test-rmse:0.344830+0.003733 
[372]	train-rmse:0.342929+0.001540	test-rmse:0.344776+0.003691 
[373]	train-rmse:0.342872+0.001553	test-rmse:0.344722+0.003728 
[374]	train-rmse:0.342760+0.001506	test-rmse:0.344615+0.003716 
[375]	train-rmse:0.342675+0.001495	test-rmse:0.344534+0.003758 
[376]	train-rmse:0.342589+0.001438	test-rmse:0.344454+0.003799 
[377]	train-rmse:0.342476+0.001429	test-rmse:0.344348+0.003850 
[378]	train-rmse:0.342335+0.001429	test-rmse:0.344214+0.003847 
[379]	train-rmse:0.342250+0.001405	test-rmse:0.344135+0.003827 
[380]	train-rmse:0.342137+0.001358	test-rmse:0.344026+0.003814 
[381]	train-rmse:0.341996+0.001357	test-rmse:0.343894+0.003815 
[382]	train-rmse:0.341883+0.001310	test-rmse:0.343787+0.003802 
[383]	train-rmse:0.341799+0.001335	test-rmse:0.343706+0.003784 
[384]	train-rmse:0.341686+0.001325	test-rmse:0.343600+0.003835 
[385]	train-rmse:0.341629+0.001373	test-rmse:0.343548+0.003853 
[386]	train-rmse:0.341572+0.001348	test-rmse:0.343496+0.003888 
[387]	train-rmse:0.341488+0.001371	test-rmse:0.343418+0.003913 
[388]	train-rmse:0.341404+0.001395	test-rmse:0.343338+0.003898 
[389]	train-rmse:0.341292+0.001424	test-rmse:0.343232+0.003890 
[390]	train-rmse:0.341237+0.001443	test-rmse:0.343180+0.003927 
[391]	train-rmse:0.341152+0.001392	test-rmse:0.343100+0.003967 
[392]	train-rmse:0.341069+0.001370	test-rmse:0.343021+0.003930 
[393]	train-rmse:0.341040+0.001344	test-rmse:0.342995+0.003957 
[394]	train-rmse:0.340984+0.001397	test-rmse:0.342943+0.003976 
[395]	train-rmse:0.340900+0.001427	test-rmse:0.342866+0.004021 
[396]	train-rmse:0.340788+0.001427	test-rmse:0.342762+0.004071 
[397]	train-rmse:0.340677+0.001450	test-rmse:0.342656+0.004043 
[398]	train-rmse:0.340566+0.001480	test-rmse:0.342551+0.004038 
[399]	train-rmse:0.340510+0.001425	test-rmse:0.342498+0.004067 
[400]	train-rmse:0.340370+0.001425	test-rmse:0.342366+0.004066 
[401]	train-rmse:0.340286+0.001403	test-rmse:0.342286+0.004027 
[402]	train-rmse:0.340203+0.001425	test-rmse:0.342206+0.004012 
[403]	train-rmse:0.340147+0.001473	test-rmse:0.342152+0.003969 
[404]	train-rmse:0.340035+0.001427	test-rmse:0.342045+0.003957 
[405]	train-rmse:0.339924+0.001420	test-rmse:0.341937+0.003944 
[406]	train-rmse:0.339812+0.001374	test-rmse:0.341831+0.003931 
[407]	train-rmse:0.339757+0.001355	test-rmse:0.341777+0.003908 
[408]	train-rmse:0.339673+0.001384	test-rmse:0.341700+0.003954 
[409]	train-rmse:0.339563+0.001379	test-rmse:0.341594+0.003945 
[410]	train-rmse:0.339507+0.001324	test-rmse:0.341540+0.003977 
[411]	train-rmse:0.339396+0.001359	test-rmse:0.341435+0.003970 
[412]	train-rmse:0.339367+0.001364	test-rmse:0.341410+0.003978 
[413]	train-rmse:0.339257+0.001383	test-rmse:0.341306+0.003949 
[414]	train-rmse:0.339146+0.001380	test-rmse:0.341201+0.003999 
[415]	train-rmse:0.339007+0.001379	test-rmse:0.341071+0.003997 
[416]	train-rmse:0.338870+0.001379	test-rmse:0.340942+0.003996 
[417]	train-rmse:0.338731+0.001378	test-rmse:0.340810+0.003995 
[418]	train-rmse:0.338593+0.001379	test-rmse:0.340679+0.003993 
[419]	train-rmse:0.338538+0.001361	test-rmse:0.340627+0.003972 
[420]	train-rmse:0.338483+0.001307	test-rmse:0.340573+0.004004 
[421]	train-rmse:0.338427+0.001359	test-rmse:0.340522+0.004022 
[422]	train-rmse:0.338315+0.001395	test-rmse:0.340416+0.004016 
[423]	train-rmse:0.338206+0.001389	test-rmse:0.340311+0.004005 
[424]	train-rmse:0.338151+0.001336	test-rmse:0.340258+0.004037 
[425]	train-rmse:0.338041+0.001336	test-rmse:0.340156+0.004086 
[426]	train-rmse:0.337929+0.001288	test-rmse:0.340050+0.004073 
[427]	train-rmse:0.337819+0.001304	test-rmse:0.339944+0.004041 
[428]	train-rmse:0.337735+0.001259	test-rmse:0.339866+0.004083 
[429]	train-rmse:0.337625+0.001295	test-rmse:0.339763+0.004078 
[430]	train-rmse:0.337598+0.001281	test-rmse:0.339737+0.004106 
[431]	train-rmse:0.337543+0.001252	test-rmse:0.339687+0.004118 
[432]	train-rmse:0.337460+0.001212	test-rmse:0.339609+0.004160 
[433]	train-rmse:0.337350+0.001168	test-rmse:0.339505+0.004149 
[434]	train-rmse:0.337267+0.001212	test-rmse:0.339429+0.004193 
[435]	train-rmse:0.337158+0.001199	test-rmse:0.339323+0.004181 
[436]	train-rmse:0.337076+0.001250	test-rmse:0.339246+0.004147 
[437]	train-rmse:0.336939+0.001249	test-rmse:0.339118+0.004144 
[438]	train-rmse:0.336830+0.001263	test-rmse:0.339015+0.004115 
[439]	train-rmse:0.336748+0.001258	test-rmse:0.338938+0.004100 
[440]	train-rmse:0.336666+0.001232	test-rmse:0.338861+0.004063 
[441]	train-rmse:0.336530+0.001232	test-rmse:0.338731+0.004061 
[442]	train-rmse:0.336421+0.001271	test-rmse:0.338629+0.004057 
[443]	train-rmse:0.336338+0.001326	test-rmse:0.338552+0.004024 
[444]	train-rmse:0.336230+0.001328	test-rmse:0.338451+0.004072 
[445]	train-rmse:0.336148+0.001315	test-rmse:0.338372+0.004111 
[446]	train-rmse:0.336039+0.001300	test-rmse:0.338266+0.004102 
[447]	train-rmse:0.335903+0.001299	test-rmse:0.338139+0.004099 
[448]	train-rmse:0.335821+0.001244	test-rmse:0.338059+0.004081 
[449]	train-rmse:0.335713+0.001201	test-rmse:0.337958+0.004074 
[450]	train-rmse:0.335686+0.001244	test-rmse:0.337932+0.004081 
[451]	train-rmse:0.335577+0.001202	test-rmse:0.337830+0.004072 
[452]	train-rmse:0.335523+0.001161	test-rmse:0.337777+0.004028 
[453]	train-rmse:0.335469+0.001175	test-rmse:0.337727+0.003989 
[454]	train-rmse:0.335388+0.001231	test-rmse:0.337652+0.003955 
[455]	train-rmse:0.335334+0.001233	test-rmse:0.337601+0.003966 
[456]	train-rmse:0.335252+0.001251	test-rmse:0.337527+0.003985 
[457]	train-rmse:0.335198+0.001274	test-rmse:0.337475+0.004021 
[458]	train-rmse:0.335116+0.001314	test-rmse:0.337399+0.004065 
[459]	train-rmse:0.335009+0.001331	test-rmse:0.337297+0.004036 
[460]	train-rmse:0.334982+0.001296	test-rmse:0.337271+0.004040 
[461]	train-rmse:0.334874+0.001315	test-rmse:0.337171+0.004011 
[462]	train-rmse:0.334765+0.001273	test-rmse:0.337068+0.003999 
[463]	train-rmse:0.334684+0.001254	test-rmse:0.336991+0.003963 
[464]	train-rmse:0.334575+0.001237	test-rmse:0.336885+0.003951 
[465]	train-rmse:0.334467+0.001196	test-rmse:0.336782+0.003941 
[466]	train-rmse:0.334385+0.001179	test-rmse:0.336705+0.003905 
[467]	train-rmse:0.334251+0.001180	test-rmse:0.336578+0.003904 
[468]	train-rmse:0.334170+0.001196	test-rmse:0.336499+0.003887 
[469]	train-rmse:0.334117+0.001239	test-rmse:0.336448+0.003843 
[470]	train-rmse:0.334036+0.001185	test-rmse:0.336368+0.003825 
[471]	train-rmse:0.333902+0.001185	test-rmse:0.336240+0.003823 
[472]	train-rmse:0.333848+0.001203	test-rmse:0.336189+0.003858 
[473]	train-rmse:0.333767+0.001151	test-rmse:0.336111+0.003843 
[474]	train-rmse:0.333713+0.001168	test-rmse:0.336060+0.003802 
[475]	train-rmse:0.333606+0.001157	test-rmse:0.335957+0.003791 
[476]	train-rmse:0.333552+0.001145	test-rmse:0.335905+0.003770 
[477]	train-rmse:0.333498+0.001136	test-rmse:0.335852+0.003750 
[478]	train-rmse:0.333390+0.001098	test-rmse:0.335750+0.003741 
[479]	train-rmse:0.333363+0.001107	test-rmse:0.335726+0.003748 
[480]	train-rmse:0.333283+0.001061	test-rmse:0.335647+0.003734 
[481]	train-rmse:0.333149+0.001061	test-rmse:0.335520+0.003732 
[482]	train-rmse:0.333043+0.001101	test-rmse:0.335422+0.003725 
[483]	train-rmse:0.332963+0.001105	test-rmse:0.335348+0.003741 
[484]	train-rmse:0.332829+0.001105	test-rmse:0.335222+0.003740 
[485]	train-rmse:0.332748+0.001164	test-rmse:0.335146+0.003701 
[486]	train-rmse:0.332642+0.001129	test-rmse:0.335046+0.003695 
[487]	train-rmse:0.332561+0.001138	test-rmse:0.334970+0.003685 
[488]	train-rmse:0.332481+0.001167	test-rmse:0.334893+0.003672 
[489]	train-rmse:0.332401+0.001173	test-rmse:0.334816+0.003634 
[490]	train-rmse:0.332296+0.001213	test-rmse:0.334717+0.003630 
[491]	train-rmse:0.332215+0.001217	test-rmse:0.334642+0.003645 
[492]	train-rmse:0.332108+0.001204	test-rmse:0.334542+0.003692 
[493]	train-rmse:0.332055+0.001177	test-rmse:0.334493+0.003703 
[494]	train-rmse:0.331975+0.001153	test-rmse:0.334419+0.003742 
[495]	train-rmse:0.331869+0.001193	test-rmse:0.334320+0.003735 
[496]	train-rmse:0.331816+0.001213	test-rmse:0.334269+0.003770 
[497]	train-rmse:0.331711+0.001202	test-rmse:0.334167+0.003762 
[498]	train-rmse:0.331604+0.001165	test-rmse:0.334066+0.003754 
[499]	train-rmse:0.331498+0.001154	test-rmse:0.333965+0.003745 
[500]	train-rmse:0.331392+0.001196	test-rmse:0.333864+0.003740 
[501]	train-rmse:0.331287+0.001239	test-rmse:0.333766+0.003736 
[502]	train-rmse:0.331208+0.001217	test-rmse:0.333689+0.003697 
[503]	train-rmse:0.331076+0.001217	test-rmse:0.333564+0.003694 
[504]	train-rmse:0.330996+0.001274	test-rmse:0.333490+0.003658 
[505]	train-rmse:0.330891+0.001264	test-rmse:0.333388+0.003650 
[506]	train-rmse:0.330811+0.001321	test-rmse:0.333314+0.003614 
[507]	train-rmse:0.330705+0.001363	test-rmse:0.333215+0.003608 
[508]	train-rmse:0.330599+0.001406	test-rmse:0.333116+0.003605 
[509]	train-rmse:0.330519+0.001437	test-rmse:0.333041+0.003650 
[510]	train-rmse:0.330414+0.001425	test-rmse:0.332941+0.003642 
[511]	train-rmse:0.330361+0.001424	test-rmse:0.332892+0.003680 
[512]	train-rmse:0.330229+0.001424	test-rmse:0.332768+0.003678 
[513]	train-rmse:0.330151+0.001425	test-rmse:0.332692+0.003638 
[514]	train-rmse:0.330098+0.001370	test-rmse:0.332642+0.003670 
[515]	train-rmse:0.330018+0.001425	test-rmse:0.332568+0.003635 
[516]	train-rmse:0.329914+0.001392	test-rmse:0.332471+0.003626 
[517]	train-rmse:0.329835+0.001447	test-rmse:0.332399+0.003593 
[518]	train-rmse:0.329783+0.001418	test-rmse:0.332347+0.003545 
[519]	train-rmse:0.329651+0.001419	test-rmse:0.332223+0.003542 
[520]	train-rmse:0.329547+0.001462	test-rmse:0.332125+0.003541 
[521]	train-rmse:0.329469+0.001466	test-rmse:0.332050+0.003502 
[522]	train-rmse:0.329338+0.001465	test-rmse:0.331927+0.003502 
[523]	train-rmse:0.329233+0.001480	test-rmse:0.331828+0.003469 
[524]	train-rmse:0.329155+0.001488	test-rmse:0.331752+0.003431 
[525]	train-rmse:0.329050+0.001528	test-rmse:0.331653+0.003428 
[526]	train-rmse:0.328971+0.001553	test-rmse:0.331580+0.003473 
[527]	train-rmse:0.328919+0.001545	test-rmse:0.331530+0.003481 
[528]	train-rmse:0.328814+0.001512	test-rmse:0.331431+0.003470 
[529]	train-rmse:0.328736+0.001488	test-rmse:0.331357+0.003509 
[530]	train-rmse:0.328605+0.001487	test-rmse:0.331234+0.003508 
[531]	train-rmse:0.328527+0.001495	test-rmse:0.331161+0.003498 
[532]	train-rmse:0.328421+0.001463	test-rmse:0.331063+0.003490 
[533]	train-rmse:0.328290+0.001463	test-rmse:0.330939+0.003487 
[534]	train-rmse:0.328186+0.001505	test-rmse:0.330841+0.003484 
[535]	train-rmse:0.328186+0.001505	test-rmse:0.330841+0.003484 
[536]	train-rmse:0.328107+0.001518	test-rmse:0.330768+0.003475 
[537]	train-rmse:0.328003+0.001488	test-rmse:0.330669+0.003468 
[538]	train-rmse:0.327925+0.001517	test-rmse:0.330597+0.003511 
[539]	train-rmse:0.327847+0.001550	test-rmse:0.330523+0.003505 
[540]	train-rmse:0.327769+0.001545	test-rmse:0.330451+0.003516 
[541]	train-rmse:0.327718+0.001590	test-rmse:0.330402+0.003478 
[542]	train-rmse:0.327613+0.001575	test-rmse:0.330305+0.003522 
[543]	train-rmse:0.327561+0.001545	test-rmse:0.330255+0.003477 
[544]	train-rmse:0.327432+0.001545	test-rmse:0.330133+0.003475 
[545]	train-rmse:0.327355+0.001573	test-rmse:0.330063+0.003518 
[546]	train-rmse:0.327225+0.001571	test-rmse:0.329941+0.003518 
[547]	train-rmse:0.327148+0.001530	test-rmse:0.329866+0.003505 
[548]	train-rmse:0.327045+0.001542	test-rmse:0.329771+0.003473 
[549]	train-rmse:0.326941+0.001512	test-rmse:0.329673+0.003466 
[550]	train-rmse:0.326863+0.001467	test-rmse:0.329601+0.003503 
[551]	train-rmse:0.326811+0.001452	test-rmse:0.329551+0.003510 
[552]	train-rmse:0.326760+0.001455	test-rmse:0.329501+0.003497 
[553]	train-rmse:0.326708+0.001422	test-rmse:0.329453+0.003503 
[554]	train-rmse:0.326603+0.001392	test-rmse:0.329355+0.003495 
[555]	train-rmse:0.326525+0.001422	test-rmse:0.329284+0.003537 
[556]	train-rmse:0.326473+0.001426	test-rmse:0.329234+0.003524 
[557]	train-rmse:0.326396+0.001425	test-rmse:0.329161+0.003484 
[558]	train-rmse:0.326319+0.001420	test-rmse:0.329090+0.003495 
[559]	train-rmse:0.326216+0.001409	test-rmse:0.328990+0.003488 
[560]	train-rmse:0.326112+0.001423	test-rmse:0.328892+0.003454 
[561]	train-rmse:0.326034+0.001408	test-rmse:0.328819+0.003415 
[562]	train-rmse:0.325931+0.001380	test-rmse:0.328720+0.003407 
[563]	train-rmse:0.325906+0.001408	test-rmse:0.328696+0.003412 
[564]	train-rmse:0.325828+0.001408	test-rmse:0.328625+0.003425 
[565]	train-rmse:0.325725+0.001449	test-rmse:0.328529+0.003421 
[566]	train-rmse:0.325647+0.001405	test-rmse:0.328456+0.003458 
[567]	train-rmse:0.325570+0.001463	test-rmse:0.328385+0.003425 
[568]	train-rmse:0.325493+0.001521	test-rmse:0.328313+0.003392 
[569]	train-rmse:0.325389+0.001494	test-rmse:0.328216+0.003385 
[570]	train-rmse:0.325287+0.001468	test-rmse:0.328120+0.003378 
[571]	train-rmse:0.325260+0.001486	test-rmse:0.328098+0.003384 
[572]	train-rmse:0.325184+0.001545	test-rmse:0.328027+0.003350 
[573]	train-rmse:0.325081+0.001520	test-rmse:0.327931+0.003345 
[574]	train-rmse:0.325006+0.001477	test-rmse:0.327859+0.003333 
[575]	train-rmse:0.324929+0.001502	test-rmse:0.327784+0.003323 
[576]	train-rmse:0.324826+0.001545	test-rmse:0.327687+0.003322 
[577]	train-rmse:0.324749+0.001571	test-rmse:0.327617+0.003364 
[578]	train-rmse:0.324646+0.001548	test-rmse:0.327520+0.003355 
[579]	train-rmse:0.324594+0.001524	test-rmse:0.327472+0.003362 
[580]	train-rmse:0.324543+0.001532	test-rmse:0.327424+0.003398 
[581]	train-rmse:0.324443+0.001575	test-rmse:0.327329+0.003395 
[582]	train-rmse:0.324316+0.001574	test-rmse:0.327211+0.003393 
[583]	train-rmse:0.324214+0.001560	test-rmse:0.327116+0.003435 
[584]	train-rmse:0.324163+0.001538	test-rmse:0.327069+0.003440 
[585]	train-rmse:0.324086+0.001495	test-rmse:0.326995+0.003426 
[586]	train-rmse:0.324036+0.001475	test-rmse:0.326946+0.003431 
[587]	train-rmse:0.323934+0.001490	test-rmse:0.326850+0.003398 
[588]	train-rmse:0.323857+0.001451	test-rmse:0.326779+0.003436 
[589]	train-rmse:0.323731+0.001451	test-rmse:0.326661+0.003434 
[590]	train-rmse:0.323680+0.001393	test-rmse:0.326612+0.003467 
[591]	train-rmse:0.323579+0.001374	test-rmse:0.326515+0.003461 
[592]	train-rmse:0.323503+0.001372	test-rmse:0.326444+0.003426 
[593]	train-rmse:0.323402+0.001358	test-rmse:0.326349+0.003469 
[594]	train-rmse:0.323326+0.001374	test-rmse:0.326277+0.003459 
[595]	train-rmse:0.323225+0.001361	test-rmse:0.326182+0.003503 
[596]	train-rmse:0.323123+0.001405	test-rmse:0.326086+0.003501 
[597]	train-rmse:0.323048+0.001376	test-rmse:0.326015+0.003538 
[598]	train-rmse:0.322922+0.001377	test-rmse:0.325895+0.003535 
[599]	train-rmse:0.322846+0.001332	test-rmse:0.325823+0.003525 
[600]	train-rmse:0.322772+0.001329	test-rmse:0.325750+0.003488 
[601]	train-rmse:0.322721+0.001274	test-rmse:0.325702+0.003522 
[602]	train-rmse:0.322646+0.001303	test-rmse:0.325631+0.003516 
[603]	train-rmse:0.322545+0.001290	test-rmse:0.325535+0.003513 
[604]	train-rmse:0.322446+0.001279	test-rmse:0.325441+0.003512 
[605]	train-rmse:0.322345+0.001250	test-rmse:0.325347+0.003505 
[606]	train-rmse:0.322243+0.001236	test-rmse:0.325251+0.003548 
[607]	train-rmse:0.322142+0.001208	test-rmse:0.325156+0.003543 
[608]	train-rmse:0.322067+0.001191	test-rmse:0.325085+0.003506 
[609]	train-rmse:0.321991+0.001246	test-rmse:0.325014+0.003467 
[610]	train-rmse:0.321964+0.001261	test-rmse:0.324992+0.003470 
[611]	train-rmse:0.321865+0.001274	test-rmse:0.324898+0.003436 
[612]	train-rmse:0.321764+0.001249	test-rmse:0.324803+0.003433 
[613]	train-rmse:0.321663+0.001234	test-rmse:0.324710+0.003475 
[614]	train-rmse:0.321639+0.001249	test-rmse:0.324687+0.003433 
[615]	train-rmse:0.321589+0.001260	test-rmse:0.324639+0.003468 
[616]	train-rmse:0.321540+0.001300	test-rmse:0.324592+0.003429 
[617]	train-rmse:0.321415+0.001300	test-rmse:0.324476+0.003426 
[618]	train-rmse:0.321315+0.001275	test-rmse:0.324382+0.003423 
[619]	train-rmse:0.321191+0.001274	test-rmse:0.324265+0.003422 
[620]	train-rmse:0.321092+0.001258	test-rmse:0.324170+0.003464 
[621]	train-rmse:0.320992+0.001302	test-rmse:0.324078+0.003461 
[622]	train-rmse:0.320918+0.001262	test-rmse:0.324006+0.003453 
[623]	train-rmse:0.320794+0.001262	test-rmse:0.323888+0.003451 
[624]	train-rmse:0.320694+0.001274	test-rmse:0.323794+0.003416 
[625]	train-rmse:0.320594+0.001259	test-rmse:0.323700+0.003458 
[626]	train-rmse:0.320521+0.001256	test-rmse:0.323629+0.003422 
[627]	train-rmse:0.320421+0.001299	test-rmse:0.323536+0.003417 
[628]	train-rmse:0.320296+0.001299	test-rmse:0.323419+0.003414 
[629]	train-rmse:0.320247+0.001284	test-rmse:0.323372+0.003422 
[630]	train-rmse:0.320123+0.001283	test-rmse:0.323255+0.003420 
[631]	train-rmse:0.320073+0.001313	test-rmse:0.323209+0.003381 
[632]	train-rmse:0.319950+0.001312	test-rmse:0.323093+0.003381 
[633]	train-rmse:0.319876+0.001338	test-rmse:0.323025+0.003419 
[634]	train-rmse:0.319751+0.001339	test-rmse:0.322909+0.003417 
[635]	train-rmse:0.319677+0.001395	test-rmse:0.322840+0.003381 
[636]	train-rmse:0.319578+0.001370	test-rmse:0.322746+0.003375 
[637]	train-rmse:0.319478+0.001412	test-rmse:0.322653+0.003370 
[638]	train-rmse:0.319379+0.001455	test-rmse:0.322562+0.003367 
[639]	train-rmse:0.319256+0.001455	test-rmse:0.322446+0.003365 
[640]	train-rmse:0.319156+0.001433	test-rmse:0.322353+0.003359 
[641]	train-rmse:0.319107+0.001413	test-rmse:0.322306+0.003364 
[642]	train-rmse:0.319008+0.001398	test-rmse:0.322214+0.003406 
[643]	train-rmse:0.318934+0.001362	test-rmse:0.322146+0.003442 
[644]	train-rmse:0.318809+0.001362	test-rmse:0.322030+0.003440 
[645]	train-rmse:0.318735+0.001352	test-rmse:0.321960+0.003404 
[646]	train-rmse:0.318661+0.001374	test-rmse:0.321891+0.003397 
[647]	train-rmse:0.318587+0.001339	test-rmse:0.321821+0.003434 
[648]	train-rmse:0.318489+0.001351	test-rmse:0.321730+0.003401 
[649]	train-rmse:0.318391+0.001330	test-rmse:0.321638+0.003398 
[650]	train-rmse:0.318341+0.001340	test-rmse:0.321593+0.003433 
[651]	train-rmse:0.318268+0.001331	test-rmse:0.321521+0.003396 
[652]	train-rmse:0.318219+0.001310	test-rmse:0.321474+0.003402 
[653]	train-rmse:0.318145+0.001340	test-rmse:0.321406+0.003439 
[654]	train-rmse:0.318071+0.001307	test-rmse:0.321339+0.003477 
[655]	train-rmse:0.317973+0.001286	test-rmse:0.321249+0.003474 
[656]	train-rmse:0.317900+0.001241	test-rmse:0.321179+0.003468 
[657]	train-rmse:0.317827+0.001263	test-rmse:0.321109+0.003460 
[658]	train-rmse:0.317754+0.001287	test-rmse:0.321038+0.003453 
[659]	train-rmse:0.317705+0.001327	test-rmse:0.320994+0.003458 
[660]	train-rmse:0.317607+0.001315	test-rmse:0.320904+0.003498 
[661]	train-rmse:0.317533+0.001316	test-rmse:0.320836+0.003507 
[662]	train-rmse:0.317485+0.001348	test-rmse:0.320790+0.003468 
[663]	train-rmse:0.317411+0.001402	test-rmse:0.320722+0.003433 
[664]	train-rmse:0.317337+0.001395	test-rmse:0.320653+0.003399 
[665]	train-rmse:0.317263+0.001386	test-rmse:0.320583+0.003363 
[666]	train-rmse:0.317215+0.001369	test-rmse:0.320536+0.003371 
[667]	train-rmse:0.317142+0.001366	test-rmse:0.320466+0.003338 
[668]	train-rmse:0.317094+0.001310	test-rmse:0.320419+0.003373 
[669]	train-rmse:0.316997+0.001327	test-rmse:0.320330+0.003341 
[670]	train-rmse:0.316900+0.001365	test-rmse:0.320240+0.003335 
[671]	train-rmse:0.316803+0.001383	test-rmse:0.320149+0.003304 
[672]	train-rmse:0.316730+0.001339	test-rmse:0.320078+0.003295 
[673]	train-rmse:0.316632+0.001378	test-rmse:0.319988+0.003289 
[674]	train-rmse:0.316536+0.001360	test-rmse:0.319897+0.003288 
[675]	train-rmse:0.316463+0.001330	test-rmse:0.319828+0.003328 
[676]	train-rmse:0.316340+0.001330	test-rmse:0.319713+0.003328 
[677]	train-rmse:0.316292+0.001275	test-rmse:0.319667+0.003363 
[678]	train-rmse:0.316245+0.001315	test-rmse:0.319621+0.003326 
[679]	train-rmse:0.316219+0.001330	test-rmse:0.319599+0.003326 
[680]	train-rmse:0.316122+0.001369	test-rmse:0.319509+0.003321 
[681]	train-rmse:0.316050+0.001328	test-rmse:0.319440+0.003317 
[682]	train-rmse:0.316025+0.001288	test-rmse:0.319416+0.003321 
[683]	train-rmse:0.315929+0.001306	test-rmse:0.319327+0.003290 
[684]	train-rmse:0.315855+0.001362	test-rmse:0.319259+0.003252 
[685]	train-rmse:0.315758+0.001337	test-rmse:0.319167+0.003247 
[686]	train-rmse:0.315660+0.001376	test-rmse:0.319077+0.003239 
[687]	train-rmse:0.315564+0.001361	test-rmse:0.318986+0.003238 
[688]	train-rmse:0.315491+0.001384	test-rmse:0.318919+0.003275 
[689]	train-rmse:0.315419+0.001439	test-rmse:0.318851+0.003238 
[690]	train-rmse:0.315347+0.001463	test-rmse:0.318783+0.003235 
[691]	train-rmse:0.315251+0.001438	test-rmse:0.318695+0.003229 
[692]	train-rmse:0.315180+0.001439	test-rmse:0.318627+0.003198 
[693]	train-rmse:0.315082+0.001423	test-rmse:0.318537+0.003238 
[694]	train-rmse:0.315010+0.001449	test-rmse:0.318469+0.003234 
[695]	train-rmse:0.314915+0.001488	test-rmse:0.318381+0.003228 
[696]	train-rmse:0.314842+0.001513	test-rmse:0.318315+0.003264 
[697]	train-rmse:0.314745+0.001527	test-rmse:0.318225+0.003232 
[698]	train-rmse:0.314673+0.001498	test-rmse:0.318157+0.003271 
[699]	train-rmse:0.314625+0.001512	test-rmse:0.318112+0.003309 
[700]	train-rmse:0.314578+0.001554	test-rmse:0.318066+0.003276 
[701]	train-rmse:0.314483+0.001543	test-rmse:0.317975+0.003276 
[702]	train-rmse:0.314412+0.001547	test-rmse:0.317907+0.003244 
[703]	train-rmse:0.314316+0.001518	test-rmse:0.317816+0.003236 
[704]	train-rmse:0.314244+0.001504	test-rmse:0.317750+0.003197 
[705]	train-rmse:0.314172+0.001516	test-rmse:0.317683+0.003188 
[706]	train-rmse:0.314124+0.001513	test-rmse:0.317638+0.003218 
[707]	train-rmse:0.314029+0.001496	test-rmse:0.317551+0.003257 
[708]	train-rmse:0.313908+0.001496	test-rmse:0.317439+0.003257 
[709]	train-rmse:0.313812+0.001482	test-rmse:0.317349+0.003297 
[710]	train-rmse:0.313742+0.001483	test-rmse:0.317280+0.003265 
[711]	train-rmse:0.313694+0.001458	test-rmse:0.317233+0.003228 
[712]	train-rmse:0.313598+0.001474	test-rmse:0.317144+0.003194 
[713]	train-rmse:0.313549+0.001514	test-rmse:0.317100+0.003200 
[714]	train-rmse:0.313453+0.001552	test-rmse:0.317012+0.003196 
[715]	train-rmse:0.313334+0.001552	test-rmse:0.316900+0.003194 
[716]	train-rmse:0.313214+0.001552	test-rmse:0.316785+0.003193 
[717]	train-rmse:0.313144+0.001555	test-rmse:0.316717+0.003163 
[718]	train-rmse:0.313095+0.001530	test-rmse:0.316674+0.003165 
[719]	train-rmse:0.313024+0.001521	test-rmse:0.316607+0.003127 
[720]	train-rmse:0.313000+0.001548	test-rmse:0.316585+0.003134 
[721]	train-rmse:0.312930+0.001554	test-rmse:0.316521+0.003144 
[722]	train-rmse:0.312859+0.001513	test-rmse:0.316452+0.003134 
[723]	train-rmse:0.312789+0.001521	test-rmse:0.316385+0.003104 
[724]	train-rmse:0.312742+0.001466	test-rmse:0.316340+0.003138 
[725]	train-rmse:0.312671+0.001473	test-rmse:0.316275+0.003125 
[726]	train-rmse:0.312554+0.001471	test-rmse:0.316165+0.003126 
[727]	train-rmse:0.312507+0.001514	test-rmse:0.316119+0.003091 
[728]	train-rmse:0.312483+0.001479	test-rmse:0.316096+0.003096 
[729]	train-rmse:0.312365+0.001479	test-rmse:0.315984+0.003095 
[730]	train-rmse:0.312341+0.001491	test-rmse:0.315963+0.003092 
[731]	train-rmse:0.312245+0.001464	test-rmse:0.315874+0.003084 
[732]	train-rmse:0.312222+0.001491	test-rmse:0.315852+0.003091 
[733]	train-rmse:0.312127+0.001464	test-rmse:0.315763+0.003083 
[734]	train-rmse:0.312033+0.001485	test-rmse:0.315676+0.003051 
[735]	train-rmse:0.311916+0.001485	test-rmse:0.315568+0.003050 
[736]	train-rmse:0.311819+0.001459	test-rmse:0.315479+0.003043 
[737]	train-rmse:0.311749+0.001457	test-rmse:0.315413+0.003007 
[738]	train-rmse:0.311702+0.001453	test-rmse:0.315367+0.002995 
[739]	train-rmse:0.311632+0.001416	test-rmse:0.315299+0.002992 
[740]	train-rmse:0.311538+0.001403	test-rmse:0.315208+0.002993 
[741]	train-rmse:0.311444+0.001424	test-rmse:0.315120+0.002963 
[742]	train-rmse:0.311350+0.001401	test-rmse:0.315033+0.002958 
[743]	train-rmse:0.311256+0.001380	test-rmse:0.314945+0.002954 
[744]	train-rmse:0.311233+0.001358	test-rmse:0.314923+0.002983 
[745]	train-rmse:0.311139+0.001337	test-rmse:0.314838+0.003022 
[746]	train-rmse:0.311021+0.001335	test-rmse:0.314729+0.003022 
[747]	train-rmse:0.310951+0.001294	test-rmse:0.314664+0.003058 
[748]	train-rmse:0.310857+0.001278	test-rmse:0.314576+0.003060 
[749]	train-rmse:0.310811+0.001279	test-rmse:0.314531+0.003054 
[750]	train-rmse:0.310716+0.001257	test-rmse:0.314444+0.003091 
[751]	train-rmse:0.310646+0.001264	test-rmse:0.314377+0.003064 
[752]	train-rmse:0.310599+0.001243	test-rmse:0.314334+0.003069 
[753]	train-rmse:0.310482+0.001244	test-rmse:0.314223+0.003068 
[754]	train-rmse:0.310459+0.001265	test-rmse:0.314201+0.003030 
[755]	train-rmse:0.310388+0.001266	test-rmse:0.314136+0.003037 
[756]	train-rmse:0.310296+0.001252	test-rmse:0.314048+0.003039 
[757]	train-rmse:0.310227+0.001218	test-rmse:0.313982+0.003040 
[758]	train-rmse:0.310156+0.001221	test-rmse:0.313917+0.003006 
[759]	train-rmse:0.310064+0.001208	test-rmse:0.313830+0.003011 
[760]	train-rmse:0.310017+0.001240	test-rmse:0.313788+0.003009 
[761]	train-rmse:0.309924+0.001219	test-rmse:0.313704+0.003045 
[762]	train-rmse:0.309854+0.001222	test-rmse:0.313639+0.003012 
[763]	train-rmse:0.309783+0.001227	test-rmse:0.313574+0.003021 
[764]	train-rmse:0.309667+0.001227	test-rmse:0.313465+0.003020 
[765]	train-rmse:0.309598+0.001233	test-rmse:0.313401+0.002988 
[766]	train-rmse:0.309505+0.001218	test-rmse:0.313311+0.002990 
[767]	train-rmse:0.309482+0.001240	test-rmse:0.313289+0.002993 
[768]	train-rmse:0.309389+0.001269	test-rmse:0.313202+0.002983 
[769]	train-rmse:0.309296+0.001249	test-rmse:0.313118+0.003021 
[770]	train-rmse:0.309180+0.001247	test-rmse:0.313010+0.003022 
[771]	train-rmse:0.309110+0.001252	test-rmse:0.312945+0.002988 
[772]	train-rmse:0.309039+0.001310	test-rmse:0.312881+0.002949 
[773]	train-rmse:0.308970+0.001323	test-rmse:0.312815+0.002925 
[774]	train-rmse:0.308902+0.001337	test-rmse:0.312749+0.002918 
[775]	train-rmse:0.308809+0.001315	test-rmse:0.312664+0.002957 
[776]	train-rmse:0.308717+0.001294	test-rmse:0.312579+0.002996 
[777]	train-rmse:0.308626+0.001322	test-rmse:0.312494+0.002984 
[778]	train-rmse:0.308534+0.001348	test-rmse:0.312409+0.002956 
[779]	train-rmse:0.308464+0.001355	test-rmse:0.312345+0.002943 
[780]	train-rmse:0.308441+0.001326	test-rmse:0.312322+0.002953 
[781]	train-rmse:0.308348+0.001304	test-rmse:0.312237+0.002950 
[782]	train-rmse:0.308255+0.001283	test-rmse:0.312150+0.002946 
[783]	train-rmse:0.308233+0.001303	test-rmse:0.312129+0.002948 
[784]	train-rmse:0.308118+0.001302	test-rmse:0.312023+0.002948 
[785]	train-rmse:0.308004+0.001302	test-rmse:0.311916+0.002946 
[786]	train-rmse:0.307912+0.001331	test-rmse:0.311833+0.002935 
[787]	train-rmse:0.307842+0.001341	test-rmse:0.311769+0.002925 
[788]	train-rmse:0.307772+0.001353	test-rmse:0.311705+0.002913 
[789]	train-rmse:0.307772+0.001353	test-rmse:0.311705+0.002913 
[790]	train-rmse:0.307702+0.001316	test-rmse:0.311641+0.002948 
[791]	train-rmse:0.307609+0.001296	test-rmse:0.311557+0.002985 
[792]	train-rmse:0.307540+0.001311	test-rmse:0.311493+0.002976 
[793]	train-rmse:0.307493+0.001310	test-rmse:0.311452+0.003003 
[794]	train-rmse:0.307400+0.001344	test-rmse:0.311366+0.002995 
[795]	train-rmse:0.307309+0.001329	test-rmse:0.311280+0.002993 
[796]	train-rmse:0.307241+0.001329	test-rmse:0.311216+0.002966 
[797]	train-rmse:0.307218+0.001308	test-rmse:0.311195+0.002996 
[798]	train-rmse:0.307128+0.001342	test-rmse:0.311111+0.002990 
[799]	train-rmse:0.307036+0.001329	test-rmse:0.311026+0.002988 
[800]	train-rmse:0.306945+0.001311	test-rmse:0.310942+0.003024 
[801]	train-rmse:0.306900+0.001306	test-rmse:0.310899+0.003056 
[802]	train-rmse:0.306785+0.001307	test-rmse:0.310792+0.003056 
[803]	train-rmse:0.306739+0.001291	test-rmse:0.310749+0.003027 
[804]	train-rmse:0.306648+0.001325	test-rmse:0.310663+0.003018 
[805]	train-rmse:0.306579+0.001348	test-rmse:0.310600+0.003011 
[806]	train-rmse:0.306489+0.001329	test-rmse:0.310516+0.003047 
[807]	train-rmse:0.306374+0.001329	test-rmse:0.310411+0.003044 
[808]	train-rmse:0.306283+0.001308	test-rmse:0.310325+0.003046 
[809]	train-rmse:0.306192+0.001296	test-rmse:0.310241+0.003045 
[810]	train-rmse:0.306101+0.001285	test-rmse:0.310156+0.003044 
[811]	train-rmse:0.306032+0.001243	test-rmse:0.310091+0.003083 
[812]	train-rmse:0.305987+0.001191	test-rmse:0.310049+0.003121 
[813]	train-rmse:0.305920+0.001187	test-rmse:0.309985+0.003093 
[814]	train-rmse:0.305875+0.001227	test-rmse:0.309944+0.003054 
[815]	train-rmse:0.305785+0.001206	test-rmse:0.309858+0.003058 
[816]	train-rmse:0.305694+0.001186	test-rmse:0.309775+0.003093 
[817]	train-rmse:0.305625+0.001154	test-rmse:0.309712+0.003129 
[818]	train-rmse:0.305512+0.001153	test-rmse:0.309607+0.003129 
[819]	train-rmse:0.305399+0.001154	test-rmse:0.309501+0.003128 
[820]	train-rmse:0.305399+0.001154	test-rmse:0.309501+0.003128 
[821]	train-rmse:0.305331+0.001170	test-rmse:0.309437+0.003123 
[822]	train-rmse:0.305242+0.001151	test-rmse:0.309351+0.003127 
[823]	train-rmse:0.305174+0.001112	test-rmse:0.309288+0.003167 
[824]	train-rmse:0.305107+0.001110	test-rmse:0.309225+0.003141 
[825]	train-rmse:0.304994+0.001110	test-rmse:0.309118+0.003140 
[826]	train-rmse:0.304904+0.001126	test-rmse:0.309035+0.003110 
[827]	train-rmse:0.304792+0.001125	test-rmse:0.308931+0.003110 
[828]	train-rmse:0.304679+0.001126	test-rmse:0.308827+0.003109 
[829]	train-rmse:0.304635+0.001130	test-rmse:0.308785+0.003106 
[830]	train-rmse:0.304590+0.001130	test-rmse:0.308743+0.003138 
[831]	train-rmse:0.304478+0.001129	test-rmse:0.308638+0.003137 
[832]	train-rmse:0.304367+0.001128	test-rmse:0.308535+0.003136 
[833]	train-rmse:0.304322+0.001165	test-rmse:0.308494+0.003096 
[834]	train-rmse:0.304276+0.001203	test-rmse:0.308452+0.003056 
[835]	train-rmse:0.304164+0.001203	test-rmse:0.308347+0.003055 
[836]	train-rmse:0.304075+0.001187	test-rmse:0.308262+0.003058 
[837]	train-rmse:0.303962+0.001187	test-rmse:0.308158+0.003057 
[838]	train-rmse:0.303895+0.001188	test-rmse:0.308096+0.003032 
[839]	train-rmse:0.303805+0.001205	test-rmse:0.308012+0.003000 
[840]	train-rmse:0.303738+0.001177	test-rmse:0.307949+0.003006 
[841]	train-rmse:0.303649+0.001153	test-rmse:0.307868+0.003040 
[842]	train-rmse:0.303581+0.001175	test-rmse:0.307807+0.003032 
[843]	train-rmse:0.303515+0.001177	test-rmse:0.307743+0.003006 
[844]	train-rmse:0.303447+0.001199	test-rmse:0.307681+0.002997 
[845]	train-rmse:0.303358+0.001189	test-rmse:0.307598+0.002997 
[846]	train-rmse:0.303268+0.001224	test-rmse:0.307514+0.002988 
[847]	train-rmse:0.303157+0.001223	test-rmse:0.307411+0.002987 
[848]	train-rmse:0.303113+0.001173	test-rmse:0.307370+0.003026 
[849]	train-rmse:0.303046+0.001185	test-rmse:0.307309+0.003051 
[850]	train-rmse:0.302979+0.001235	test-rmse:0.307248+0.003012 
[851]	train-rmse:0.302912+0.001262	test-rmse:0.307187+0.003004 
[852]	train-rmse:0.302823+0.001246	test-rmse:0.307104+0.003011 
[853]	train-rmse:0.302735+0.001232	test-rmse:0.307021+0.003018 
[854]	train-rmse:0.302670+0.001256	test-rmse:0.306959+0.003018 
[855]	train-rmse:0.302581+0.001245	test-rmse:0.306876+0.003025 
[856]	train-rmse:0.302470+0.001244	test-rmse:0.306773+0.003025 
[857]	train-rmse:0.302359+0.001243	test-rmse:0.306670+0.003025 
[858]	train-rmse:0.302315+0.001195	test-rmse:0.306628+0.003065 
[859]	train-rmse:0.302226+0.001185	test-rmse:0.306545+0.003065 
[860]	train-rmse:0.302182+0.001186	test-rmse:0.306504+0.003098 
[861]	train-rmse:0.302070+0.001185	test-rmse:0.306402+0.003097 
[862]	train-rmse:0.301983+0.001194	test-rmse:0.306321+0.003065 
[863]	train-rmse:0.301894+0.001183	test-rmse:0.306238+0.003066 
[864]	train-rmse:0.301806+0.001174	test-rmse:0.306157+0.003065 
[865]	train-rmse:0.301696+0.001175	test-rmse:0.306054+0.003064 
[866]	train-rmse:0.301630+0.001174	test-rmse:0.305992+0.003040 
[867]	train-rmse:0.301542+0.001210	test-rmse:0.305910+0.003034 
[868]	train-rmse:0.301475+0.001174	test-rmse:0.305849+0.003066 
[869]	train-rmse:0.301365+0.001175	test-rmse:0.305747+0.003065 
[870]	train-rmse:0.301277+0.001148	test-rmse:0.305666+0.003095 
[871]	train-rmse:0.301189+0.001122	test-rmse:0.305587+0.003124 
[872]	train-rmse:0.301078+0.001122	test-rmse:0.305485+0.003124 
[873]	train-rmse:0.300991+0.001133	test-rmse:0.305405+0.003092 
[874]	train-rmse:0.300904+0.001123	test-rmse:0.305325+0.003094 
[875]	train-rmse:0.300816+0.001117	test-rmse:0.305244+0.003096 
[876]	train-rmse:0.300751+0.001128	test-rmse:0.305186+0.003117 
[877]	train-rmse:0.300642+0.001129	test-rmse:0.305085+0.003117 
[878]	train-rmse:0.300533+0.001130	test-rmse:0.304984+0.003118 
[879]	train-rmse:0.300447+0.001116	test-rmse:0.304903+0.003125 
[880]	train-rmse:0.300402+0.001138	test-rmse:0.304864+0.003116 
[881]	train-rmse:0.300314+0.001132	test-rmse:0.304782+0.003117 
[882]	train-rmse:0.300248+0.001146	test-rmse:0.304722+0.003140 
[883]	train-rmse:0.300160+0.001125	test-rmse:0.304642+0.003170 
[884]	train-rmse:0.300095+0.001148	test-rmse:0.304579+0.003169 
[885]	train-rmse:0.300029+0.001118	test-rmse:0.304520+0.003202 
[886]	train-rmse:0.299942+0.001098	test-rmse:0.304439+0.003232 
[887]	train-rmse:0.299919+0.001116	test-rmse:0.304421+0.003226 
[888]	train-rmse:0.299833+0.001098	test-rmse:0.304339+0.003232 
[889]	train-rmse:0.299768+0.001086	test-rmse:0.304279+0.003231 
[890]	train-rmse:0.299725+0.001057	test-rmse:0.304237+0.003238 
[891]	train-rmse:0.299638+0.001096	test-rmse:0.304157+0.003232 
[892]	train-rmse:0.299574+0.001060	test-rmse:0.304096+0.003270 
[893]	train-rmse:0.299531+0.001071	test-rmse:0.304055+0.003270 
[894]	train-rmse:0.299445+0.001111	test-rmse:0.303975+0.003261 
[895]	train-rmse:0.299337+0.001112	test-rmse:0.303877+0.003260 
[896]	train-rmse:0.299294+0.001084	test-rmse:0.303836+0.003267 
[897]	train-rmse:0.299228+0.001107	test-rmse:0.303777+0.003292 
[898]	train-rmse:0.299163+0.001101	test-rmse:0.303717+0.003261 
[899]	train-rmse:0.299054+0.001101	test-rmse:0.303617+0.003260 
[900]	train-rmse:0.298968+0.001084	test-rmse:0.303536+0.003268 
[901]	train-rmse:0.298903+0.001056	test-rmse:0.303477+0.003299 
[902]	train-rmse:0.298838+0.001028	test-rmse:0.303415+0.003307 
[903]	train-rmse:0.298730+0.001028	test-rmse:0.303316+0.003309 
[904]	train-rmse:0.298665+0.001001	test-rmse:0.303258+0.003339 
[905]	train-rmse:0.298601+0.001024	test-rmse:0.303198+0.003341 
[906]	train-rmse:0.298536+0.001056	test-rmse:0.303139+0.003334 
[907]	train-rmse:0.298450+0.001038	test-rmse:0.303058+0.003342 
[908]	train-rmse:0.298386+0.001016	test-rmse:0.302997+0.003351 
[909]	train-rmse:0.298300+0.001003	test-rmse:0.302917+0.003361 
[910]	train-rmse:0.298277+0.001017	test-rmse:0.302897+0.003352 
[911]	train-rmse:0.298234+0.000976	test-rmse:0.302856+0.003392 
[912]	train-rmse:0.298148+0.000958	test-rmse:0.302778+0.003422 
[913]	train-rmse:0.298104+0.000975	test-rmse:0.302739+0.003446 
[914]	train-rmse:0.298061+0.000995	test-rmse:0.302701+0.003470 
[915]	train-rmse:0.297976+0.000991	test-rmse:0.302623+0.003471 
[916]	train-rmse:0.297932+0.001014	test-rmse:0.302584+0.003496 
[917]	train-rmse:0.297824+0.001014	test-rmse:0.302483+0.003497 
[918]	train-rmse:0.297760+0.000994	test-rmse:0.302423+0.003507 
[919]	train-rmse:0.297717+0.000953	test-rmse:0.302383+0.003512 
[920]	train-rmse:0.297632+0.000948	test-rmse:0.302305+0.003481 
[921]	train-rmse:0.297525+0.000948	test-rmse:0.302205+0.003482 
[922]	train-rmse:0.297418+0.000948	test-rmse:0.302107+0.003479 
[923]	train-rmse:0.297334+0.000931	test-rmse:0.302026+0.003490 
[924]	train-rmse:0.297248+0.000915	test-rmse:0.301948+0.003520 
[925]	train-rmse:0.297184+0.000941	test-rmse:0.301886+0.003520 
[926]	train-rmse:0.297120+0.000921	test-rmse:0.301825+0.003496 
[927]	train-rmse:0.297015+0.000919	test-rmse:0.301728+0.003497 
[928]	train-rmse:0.296932+0.000907	test-rmse:0.301648+0.003507 
> hgrid <-
+   dplyr::bind_cols(xgboost_params[index, ], dart.cv$evaluation_log[dart.cv$best_iteration, ], best_iter = dart.cv$best_iteration)
> 
> # write result
> fname <- file.path('data-raw', 'tune', year, 'array', paste0('tune_', index, '.tsv'))
> readr::write_tsv(hgrid, file = fname)
> 
