> 
> # parse arguments
> args <- R.utils::commandArgs(trailingOnly = FALSE, asValues = TRUE)
> index <- as.integer(args$index)
> year <- as.character(args$year)
> nreps <- as.integer(args$nreps)
> seed <- as.integer(args$seed)
> 
> # get number of cores
> wkrs <- length(future::availableWorkers())
> 
> # set seed
> set.seed(seed)
> 
> # read and prepare the cluster features
> fp <- file.path('data-raw', 'features', year)
> clf <-
+   read_features(fp, pattern = 'paris.', recursive = FALSE)
> clf <- prepare_features(
+   clf,
+   feature_map = feature_map,
+   category = c('response', 'bio', 'net'),
+   type = 'list',
+   exclusions = c(
+     'mg2_pairs_count',
+     'mg2_not_pairs_count',
+     'mg2_portion_families_recovered',
+     'cluster_origin',
+     'bocc_origin',
+     'cluster_method',
+     'subcluster_method',
+     'year',
+     'IDs',
+     'go_sig_threshold',
+     'num_new_edges_on_any_node',
+     'HPO_ratio'
+   ),
+   verbose = TRUE
+ )
c('HPO_ratio', 'IDs', 'bocc_origin', 'cluster_method', 'cluster_origin', 'go_sig_threshold', 'max_norm_cell_type_comma_sep_string', 'max_norm_disease_comma_sep_string', 'mg2_not_pairs_count', 'mg2_pairs_count', 'mg2_portion_families_recovered', 'num_new_edges_on_any_node', 'sig_go_enrichment_fdr_corrected_p_vals', 'sig_go_enrichment_p_vals', 'sig_go_enrichment_terms', 'subcluster_method', 'year')

> 
> # prepare grid of parameters
> xgboost_params <- dials::parameters(
+   nrounds = dials::trees(),
+   eta = dials::learn_rate(),
+   gamma = dials::loss_reduction(),
+   dials::tree_depth(),
+   subsample = dials::sample_prop(),
+   rate_drop = dials::dropout(),
+   skip_drop = dials::dropout()
+ )
> xgboost_params <-
+   dials::grid_max_entropy(xgboost_params, size = nreps)
> 
> # tune the dart booster
> dart.param <-
+   list(
+     booster = "dart",
+     objective = "reg:logistic",
+     eval_metric = "rmse",
+     nthread = wkrs,
+     max_depth = xgboost_params$tree_depth[index],
+     eta = xgboost_params$eta[index],
+     gamma = xgboost_params$gamma[index],
+     subsample = xgboost_params$subsample[index],
+     rate_drop = xgboost_params$rate_drop[index],
+     skip_drop = xgboost_params$skip_drop[index]
+   )
> dart.cv <- xgboost::xgb.cv(
+   params = dart.param,
+   nrounds = xgboost_params$nrounds[index],
+   data = as.matrix(clf[, -1]),
+   nfold = 5,
+   label = clf$snowballing_pvalue,
+   early_stopping_rounds = 50
+ )
[1]	train-rmse:0.382681+0.001055	test-rmse:0.382658+0.004188 
Multiple eval metrics are present. Will use test_rmse for early stopping.
Will train until test_rmse hasn't improved in 50 rounds.

[2]	train-rmse:0.382681+0.001055	test-rmse:0.382657+0.004188 
[3]	train-rmse:0.382681+0.001055	test-rmse:0.382657+0.004188 
[4]	train-rmse:0.382681+0.001055	test-rmse:0.382657+0.004188 
[5]	train-rmse:0.382681+0.001055	test-rmse:0.382657+0.004188 
[6]	train-rmse:0.382681+0.001055	test-rmse:0.382657+0.004188 
[7]	train-rmse:0.382681+0.001055	test-rmse:0.382657+0.004188 
[8]	train-rmse:0.382680+0.001055	test-rmse:0.382657+0.004188 
[9]	train-rmse:0.382680+0.001055	test-rmse:0.382657+0.004188 
[10]	train-rmse:0.382680+0.001055	test-rmse:0.382656+0.004188 
[11]	train-rmse:0.382680+0.001055	test-rmse:0.382656+0.004188 
[12]	train-rmse:0.382680+0.001055	test-rmse:0.382656+0.004188 
[13]	train-rmse:0.382680+0.001055	test-rmse:0.382656+0.004188 
[14]	train-rmse:0.382680+0.001055	test-rmse:0.382656+0.004188 
[15]	train-rmse:0.382680+0.001055	test-rmse:0.382656+0.004188 
[16]	train-rmse:0.382679+0.001055	test-rmse:0.382656+0.004188 
[17]	train-rmse:0.382679+0.001055	test-rmse:0.382656+0.004188 
[18]	train-rmse:0.382679+0.001055	test-rmse:0.382656+0.004188 
[19]	train-rmse:0.382679+0.001055	test-rmse:0.382655+0.004188 
[20]	train-rmse:0.382679+0.001055	test-rmse:0.382655+0.004188 
[21]	train-rmse:0.382679+0.001055	test-rmse:0.382655+0.004188 
[22]	train-rmse:0.382679+0.001055	test-rmse:0.382655+0.004188 
[23]	train-rmse:0.382679+0.001055	test-rmse:0.382655+0.004188 
[24]	train-rmse:0.382679+0.001055	test-rmse:0.382655+0.004188 
[25]	train-rmse:0.382679+0.001055	test-rmse:0.382655+0.004188 
[26]	train-rmse:0.382678+0.001055	test-rmse:0.382655+0.004188 
[27]	train-rmse:0.382678+0.001055	test-rmse:0.382655+0.004188 
[28]	train-rmse:0.382678+0.001055	test-rmse:0.382655+0.004188 
[29]	train-rmse:0.382678+0.001055	test-rmse:0.382654+0.004188 
[30]	train-rmse:0.382678+0.001055	test-rmse:0.382654+0.004188 
[31]	train-rmse:0.382678+0.001055	test-rmse:0.382654+0.004188 
[32]	train-rmse:0.382678+0.001055	test-rmse:0.382654+0.004188 
[33]	train-rmse:0.382678+0.001055	test-rmse:0.382654+0.004188 
[34]	train-rmse:0.382678+0.001055	test-rmse:0.382654+0.004188 
[35]	train-rmse:0.382678+0.001055	test-rmse:0.382654+0.004188 
[36]	train-rmse:0.382677+0.001055	test-rmse:0.382654+0.004188 
[37]	train-rmse:0.382677+0.001055	test-rmse:0.382654+0.004188 
[38]	train-rmse:0.382677+0.001055	test-rmse:0.382654+0.004188 
[39]	train-rmse:0.382677+0.001055	test-rmse:0.382654+0.004188 
[40]	train-rmse:0.382677+0.001055	test-rmse:0.382653+0.004188 
[41]	train-rmse:0.382677+0.001055	test-rmse:0.382653+0.004188 
[42]	train-rmse:0.382677+0.001055	test-rmse:0.382653+0.004188 
[43]	train-rmse:0.382677+0.001055	test-rmse:0.382653+0.004188 
[44]	train-rmse:0.382677+0.001055	test-rmse:0.382653+0.004188 
[45]	train-rmse:0.382676+0.001055	test-rmse:0.382653+0.004188 
[46]	train-rmse:0.382676+0.001055	test-rmse:0.382653+0.004188 
[47]	train-rmse:0.382676+0.001055	test-rmse:0.382653+0.004188 
[48]	train-rmse:0.382676+0.001055	test-rmse:0.382653+0.004188 
[49]	train-rmse:0.382676+0.001055	test-rmse:0.382652+0.004188 
[50]	train-rmse:0.382676+0.001055	test-rmse:0.382652+0.004188 
[51]	train-rmse:0.382676+0.001055	test-rmse:0.382652+0.004188 
[52]	train-rmse:0.382676+0.001055	test-rmse:0.382652+0.004188 
[53]	train-rmse:0.382676+0.001055	test-rmse:0.382652+0.004188 
[54]	train-rmse:0.382675+0.001055	test-rmse:0.382652+0.004188 
[55]	train-rmse:0.382675+0.001055	test-rmse:0.382652+0.004188 
[56]	train-rmse:0.382675+0.001055	test-rmse:0.382652+0.004188 
[57]	train-rmse:0.382675+0.001055	test-rmse:0.382652+0.004188 
[58]	train-rmse:0.382675+0.001055	test-rmse:0.382651+0.004188 
[59]	train-rmse:0.382675+0.001055	test-rmse:0.382651+0.004188 
[60]	train-rmse:0.382675+0.001055	test-rmse:0.382651+0.004188 
[61]	train-rmse:0.382675+0.001055	test-rmse:0.382651+0.004188 
[62]	train-rmse:0.382675+0.001055	test-rmse:0.382651+0.004188 
[63]	train-rmse:0.382674+0.001055	test-rmse:0.382651+0.004188 
[64]	train-rmse:0.382674+0.001055	test-rmse:0.382651+0.004188 
[65]	train-rmse:0.382674+0.001055	test-rmse:0.382651+0.004188 
[66]	train-rmse:0.382674+0.001055	test-rmse:0.382651+0.004188 
[67]	train-rmse:0.382674+0.001055	test-rmse:0.382651+0.004188 
[68]	train-rmse:0.382674+0.001055	test-rmse:0.382650+0.004188 
[69]	train-rmse:0.382674+0.001055	test-rmse:0.382650+0.004188 
[70]	train-rmse:0.382674+0.001055	test-rmse:0.382650+0.004188 
[71]	train-rmse:0.382674+0.001055	test-rmse:0.382650+0.004188 
[72]	train-rmse:0.382674+0.001055	test-rmse:0.382650+0.004188 
[73]	train-rmse:0.382673+0.001055	test-rmse:0.382650+0.004188 
[74]	train-rmse:0.382673+0.001055	test-rmse:0.382650+0.004188 
[75]	train-rmse:0.382673+0.001055	test-rmse:0.382650+0.004188 
[76]	train-rmse:0.382673+0.001055	test-rmse:0.382650+0.004188 
[77]	train-rmse:0.382673+0.001055	test-rmse:0.382649+0.004188 
[78]	train-rmse:0.382673+0.001055	test-rmse:0.382649+0.004188 
[79]	train-rmse:0.382673+0.001055	test-rmse:0.382649+0.004188 
[80]	train-rmse:0.382673+0.001055	test-rmse:0.382649+0.004188 
[81]	train-rmse:0.382673+0.001055	test-rmse:0.382649+0.004188 
[82]	train-rmse:0.382672+0.001055	test-rmse:0.382649+0.004188 
[83]	train-rmse:0.382672+0.001055	test-rmse:0.382649+0.004188 
[84]	train-rmse:0.382672+0.001055	test-rmse:0.382649+0.004188 
[85]	train-rmse:0.382672+0.001055	test-rmse:0.382649+0.004188 
[86]	train-rmse:0.382672+0.001055	test-rmse:0.382649+0.004188 
[87]	train-rmse:0.382672+0.001055	test-rmse:0.382648+0.004188 
[88]	train-rmse:0.382672+0.001055	test-rmse:0.382648+0.004188 
[89]	train-rmse:0.382672+0.001055	test-rmse:0.382648+0.004188 
[90]	train-rmse:0.382672+0.001055	test-rmse:0.382648+0.004188 
[91]	train-rmse:0.382672+0.001055	test-rmse:0.382648+0.004188 
[92]	train-rmse:0.382671+0.001055	test-rmse:0.382648+0.004188 
[93]	train-rmse:0.382671+0.001055	test-rmse:0.382648+0.004188 
[94]	train-rmse:0.382671+0.001055	test-rmse:0.382648+0.004188 
[95]	train-rmse:0.382671+0.001055	test-rmse:0.382648+0.004188 
[96]	train-rmse:0.382671+0.001055	test-rmse:0.382648+0.004188 
[97]	train-rmse:0.382671+0.001055	test-rmse:0.382647+0.004188 
[98]	train-rmse:0.382671+0.001055	test-rmse:0.382647+0.004188 
[99]	train-rmse:0.382671+0.001055	test-rmse:0.382647+0.004188 
[100]	train-rmse:0.382671+0.001055	test-rmse:0.382647+0.004188 
[101]	train-rmse:0.382670+0.001055	test-rmse:0.382647+0.004188 
[102]	train-rmse:0.382670+0.001055	test-rmse:0.382647+0.004188 
[103]	train-rmse:0.382670+0.001055	test-rmse:0.382647+0.004188 
[104]	train-rmse:0.382670+0.001055	test-rmse:0.382647+0.004188 
[105]	train-rmse:0.382670+0.001055	test-rmse:0.382647+0.004188 
[106]	train-rmse:0.382670+0.001055	test-rmse:0.382646+0.004188 
[107]	train-rmse:0.382670+0.001055	test-rmse:0.382646+0.004188 
[108]	train-rmse:0.382670+0.001055	test-rmse:0.382646+0.004188 
[109]	train-rmse:0.382670+0.001055	test-rmse:0.382646+0.004188 
[110]	train-rmse:0.382669+0.001055	test-rmse:0.382646+0.004188 
[111]	train-rmse:0.382669+0.001055	test-rmse:0.382646+0.004188 
[112]	train-rmse:0.382669+0.001055	test-rmse:0.382646+0.004188 
[113]	train-rmse:0.382669+0.001055	test-rmse:0.382646+0.004188 
[114]	train-rmse:0.382669+0.001055	test-rmse:0.382646+0.004188 
[115]	train-rmse:0.382669+0.001055	test-rmse:0.382646+0.004188 
[116]	train-rmse:0.382669+0.001055	test-rmse:0.382645+0.004188 
[117]	train-rmse:0.382669+0.001055	test-rmse:0.382645+0.004188 
[118]	train-rmse:0.382669+0.001055	test-rmse:0.382645+0.004188 
[119]	train-rmse:0.382669+0.001055	test-rmse:0.382645+0.004188 
[120]	train-rmse:0.382668+0.001055	test-rmse:0.382645+0.004188 
[121]	train-rmse:0.382668+0.001055	test-rmse:0.382645+0.004188 
[122]	train-rmse:0.382668+0.001055	test-rmse:0.382645+0.004188 
[123]	train-rmse:0.382668+0.001055	test-rmse:0.382645+0.004188 
[124]	train-rmse:0.382668+0.001055	test-rmse:0.382644+0.004188 
[125]	train-rmse:0.382668+0.001055	test-rmse:0.382644+0.004188 
[126]	train-rmse:0.382668+0.001055	test-rmse:0.382644+0.004188 
[127]	train-rmse:0.382668+0.001055	test-rmse:0.382644+0.004188 
[128]	train-rmse:0.382667+0.001055	test-rmse:0.382644+0.004188 
[129]	train-rmse:0.382667+0.001055	test-rmse:0.382644+0.004188 
[130]	train-rmse:0.382667+0.001055	test-rmse:0.382644+0.004188 
[131]	train-rmse:0.382667+0.001055	test-rmse:0.382644+0.004188 
[132]	train-rmse:0.382667+0.001055	test-rmse:0.382643+0.004188 
[133]	train-rmse:0.382667+0.001055	test-rmse:0.382643+0.004188 
[134]	train-rmse:0.382667+0.001055	test-rmse:0.382643+0.004188 
[135]	train-rmse:0.382667+0.001055	test-rmse:0.382643+0.004188 
[136]	train-rmse:0.382666+0.001055	test-rmse:0.382643+0.004188 
[137]	train-rmse:0.382666+0.001055	test-rmse:0.382643+0.004188 
[138]	train-rmse:0.382666+0.001055	test-rmse:0.382643+0.004188 
[139]	train-rmse:0.382666+0.001055	test-rmse:0.382643+0.004188 
[140]	train-rmse:0.382666+0.001055	test-rmse:0.382643+0.004188 
[141]	train-rmse:0.382666+0.001055	test-rmse:0.382643+0.004188 
[142]	train-rmse:0.382666+0.001055	test-rmse:0.382642+0.004188 
[143]	train-rmse:0.382666+0.001055	test-rmse:0.382642+0.004188 
[144]	train-rmse:0.382666+0.001055	test-rmse:0.382642+0.004188 
[145]	train-rmse:0.382666+0.001055	test-rmse:0.382642+0.004188 
[146]	train-rmse:0.382665+0.001055	test-rmse:0.382642+0.004188 
[147]	train-rmse:0.382665+0.001055	test-rmse:0.382642+0.004188 
[148]	train-rmse:0.382665+0.001055	test-rmse:0.382642+0.004188 
[149]	train-rmse:0.382665+0.001055	test-rmse:0.382642+0.004188 
[150]	train-rmse:0.382665+0.001055	test-rmse:0.382642+0.004188 
[151]	train-rmse:0.382665+0.001055	test-rmse:0.382641+0.004188 
[152]	train-rmse:0.382665+0.001055	test-rmse:0.382641+0.004188 
[153]	train-rmse:0.382665+0.001055	test-rmse:0.382641+0.004188 
[154]	train-rmse:0.382665+0.001055	test-rmse:0.382641+0.004188 
[155]	train-rmse:0.382664+0.001055	test-rmse:0.382641+0.004188 
[156]	train-rmse:0.382664+0.001055	test-rmse:0.382641+0.004188 
[157]	train-rmse:0.382664+0.001055	test-rmse:0.382641+0.004188 
[158]	train-rmse:0.382664+0.001055	test-rmse:0.382641+0.004188 
[159]	train-rmse:0.382664+0.001055	test-rmse:0.382641+0.004188 
[160]	train-rmse:0.382664+0.001055	test-rmse:0.382641+0.004188 
[161]	train-rmse:0.382664+0.001055	test-rmse:0.382640+0.004188 
[162]	train-rmse:0.382664+0.001055	test-rmse:0.382640+0.004188 
[163]	train-rmse:0.382664+0.001055	test-rmse:0.382640+0.004188 
[164]	train-rmse:0.382663+0.001055	test-rmse:0.382640+0.004188 
[165]	train-rmse:0.382663+0.001055	test-rmse:0.382640+0.004188 
[166]	train-rmse:0.382663+0.001055	test-rmse:0.382640+0.004188 
[167]	train-rmse:0.382663+0.001055	test-rmse:0.382640+0.004188 
[168]	train-rmse:0.382663+0.001055	test-rmse:0.382640+0.004188 
[169]	train-rmse:0.382663+0.001055	test-rmse:0.382640+0.004188 
[170]	train-rmse:0.382663+0.001055	test-rmse:0.382639+0.004188 
[171]	train-rmse:0.382663+0.001055	test-rmse:0.382639+0.004188 
[172]	train-rmse:0.382662+0.001055	test-rmse:0.382639+0.004188 
[173]	train-rmse:0.382662+0.001055	test-rmse:0.382639+0.004188 
[174]	train-rmse:0.382662+0.001055	test-rmse:0.382639+0.004188 
[175]	train-rmse:0.382662+0.001055	test-rmse:0.382639+0.004188 
[176]	train-rmse:0.382662+0.001055	test-rmse:0.382639+0.004188 
[177]	train-rmse:0.382662+0.001055	test-rmse:0.382639+0.004188 
[178]	train-rmse:0.382662+0.001055	test-rmse:0.382639+0.004188 
[179]	train-rmse:0.382662+0.001055	test-rmse:0.382639+0.004188 
[180]	train-rmse:0.382662+0.001055	test-rmse:0.382638+0.004188 
[181]	train-rmse:0.382662+0.001055	test-rmse:0.382638+0.004188 
[182]	train-rmse:0.382662+0.001055	test-rmse:0.382638+0.004188 
[183]	train-rmse:0.382661+0.001055	test-rmse:0.382638+0.004188 
[184]	train-rmse:0.382661+0.001055	test-rmse:0.382638+0.004188 
[185]	train-rmse:0.382661+0.001055	test-rmse:0.382638+0.004188 
[186]	train-rmse:0.382661+0.001055	test-rmse:0.382638+0.004188 
[187]	train-rmse:0.382661+0.001055	test-rmse:0.382638+0.004188 
[188]	train-rmse:0.382661+0.001055	test-rmse:0.382638+0.004188 
[189]	train-rmse:0.382661+0.001055	test-rmse:0.382637+0.004188 
[190]	train-rmse:0.382661+0.001055	test-rmse:0.382637+0.004188 
[191]	train-rmse:0.382661+0.001055	test-rmse:0.382637+0.004188 
[192]	train-rmse:0.382660+0.001055	test-rmse:0.382637+0.004188 
[193]	train-rmse:0.382660+0.001055	test-rmse:0.382637+0.004188 
[194]	train-rmse:0.382660+0.001055	test-rmse:0.382637+0.004188 
[195]	train-rmse:0.382660+0.001055	test-rmse:0.382637+0.004188 
[196]	train-rmse:0.382660+0.001055	test-rmse:0.382637+0.004188 
[197]	train-rmse:0.382660+0.001055	test-rmse:0.382637+0.004188 
[198]	train-rmse:0.382660+0.001055	test-rmse:0.382637+0.004188 
[199]	train-rmse:0.382660+0.001055	test-rmse:0.382636+0.004188 
[200]	train-rmse:0.382660+0.001055	test-rmse:0.382636+0.004188 
[201]	train-rmse:0.382659+0.001055	test-rmse:0.382636+0.004188 
[202]	train-rmse:0.382659+0.001055	test-rmse:0.382636+0.004188 
[203]	train-rmse:0.382659+0.001055	test-rmse:0.382636+0.004188 
[204]	train-rmse:0.382659+0.001055	test-rmse:0.382636+0.004188 
[205]	train-rmse:0.382659+0.001055	test-rmse:0.382636+0.004188 
[206]	train-rmse:0.382659+0.001055	test-rmse:0.382636+0.004188 
[207]	train-rmse:0.382659+0.001055	test-rmse:0.382636+0.004188 
[208]	train-rmse:0.382659+0.001055	test-rmse:0.382636+0.004188 
[209]	train-rmse:0.382659+0.001055	test-rmse:0.382635+0.004188 
[210]	train-rmse:0.382658+0.001055	test-rmse:0.382635+0.004188 
[211]	train-rmse:0.382658+0.001055	test-rmse:0.382635+0.004188 
[212]	train-rmse:0.382658+0.001055	test-rmse:0.382635+0.004188 
[213]	train-rmse:0.382658+0.001055	test-rmse:0.382635+0.004188 
[214]	train-rmse:0.382658+0.001055	test-rmse:0.382635+0.004188 
[215]	train-rmse:0.382658+0.001055	test-rmse:0.382635+0.004188 
[216]	train-rmse:0.382658+0.001055	test-rmse:0.382635+0.004188 
[217]	train-rmse:0.382658+0.001055	test-rmse:0.382634+0.004188 
[218]	train-rmse:0.382657+0.001055	test-rmse:0.382634+0.004188 
[219]	train-rmse:0.382657+0.001055	test-rmse:0.382634+0.004188 
[220]	train-rmse:0.382657+0.001055	test-rmse:0.382634+0.004188 
[221]	train-rmse:0.382657+0.001055	test-rmse:0.382634+0.004188 
[222]	train-rmse:0.382657+0.001055	test-rmse:0.382634+0.004188 
[223]	train-rmse:0.382657+0.001055	test-rmse:0.382634+0.004188 
[224]	train-rmse:0.382657+0.001055	test-rmse:0.382634+0.004188 
[225]	train-rmse:0.382657+0.001055	test-rmse:0.382634+0.004188 
[226]	train-rmse:0.382657+0.001055	test-rmse:0.382633+0.004188 
[227]	train-rmse:0.382656+0.001055	test-rmse:0.382633+0.004188 
[228]	train-rmse:0.382656+0.001055	test-rmse:0.382633+0.004188 
[229]	train-rmse:0.382656+0.001055	test-rmse:0.382633+0.004188 
[230]	train-rmse:0.382656+0.001055	test-rmse:0.382633+0.004188 
[231]	train-rmse:0.382656+0.001055	test-rmse:0.382633+0.004188 
[232]	train-rmse:0.382656+0.001055	test-rmse:0.382633+0.004188 
[233]	train-rmse:0.382656+0.001055	test-rmse:0.382633+0.004188 
[234]	train-rmse:0.382656+0.001055	test-rmse:0.382633+0.004188 
[235]	train-rmse:0.382656+0.001055	test-rmse:0.382633+0.004188 
[236]	train-rmse:0.382656+0.001055	test-rmse:0.382632+0.004188 
[237]	train-rmse:0.382655+0.001055	test-rmse:0.382632+0.004188 
[238]	train-rmse:0.382655+0.001055	test-rmse:0.382632+0.004188 
[239]	train-rmse:0.382655+0.001055	test-rmse:0.382632+0.004188 
[240]	train-rmse:0.382655+0.001055	test-rmse:0.382632+0.004188 
[241]	train-rmse:0.382655+0.001055	test-rmse:0.382632+0.004188 
[242]	train-rmse:0.382655+0.001055	test-rmse:0.382632+0.004188 
[243]	train-rmse:0.382655+0.001055	test-rmse:0.382632+0.004188 
[244]	train-rmse:0.382655+0.001055	test-rmse:0.382632+0.004188 
[245]	train-rmse:0.382654+0.001055	test-rmse:0.382631+0.004188 
[246]	train-rmse:0.382654+0.001055	test-rmse:0.382631+0.004188 
[247]	train-rmse:0.382654+0.001055	test-rmse:0.382631+0.004188 
[248]	train-rmse:0.382654+0.001055	test-rmse:0.382631+0.004188 
[249]	train-rmse:0.382654+0.001055	test-rmse:0.382631+0.004188 
[250]	train-rmse:0.382654+0.001055	test-rmse:0.382631+0.004188 
[251]	train-rmse:0.382654+0.001055	test-rmse:0.382631+0.004188 
[252]	train-rmse:0.382654+0.001055	test-rmse:0.382631+0.004188 
[253]	train-rmse:0.382654+0.001055	test-rmse:0.382631+0.004188 
[254]	train-rmse:0.382653+0.001055	test-rmse:0.382630+0.004188 
[255]	train-rmse:0.382653+0.001055	test-rmse:0.382630+0.004188 
[256]	train-rmse:0.382653+0.001055	test-rmse:0.382630+0.004188 
[257]	train-rmse:0.382653+0.001055	test-rmse:0.382630+0.004188 
[258]	train-rmse:0.382653+0.001055	test-rmse:0.382630+0.004188 
[259]	train-rmse:0.382653+0.001055	test-rmse:0.382630+0.004188 
[260]	train-rmse:0.382653+0.001055	test-rmse:0.382630+0.004188 
[261]	train-rmse:0.382653+0.001055	test-rmse:0.382630+0.004188 
[262]	train-rmse:0.382653+0.001055	test-rmse:0.382630+0.004188 
[263]	train-rmse:0.382653+0.001055	test-rmse:0.382630+0.004188 
[264]	train-rmse:0.382652+0.001055	test-rmse:0.382629+0.004188 
[265]	train-rmse:0.382652+0.001055	test-rmse:0.382629+0.004188 
[266]	train-rmse:0.382652+0.001055	test-rmse:0.382629+0.004188 
[267]	train-rmse:0.382652+0.001055	test-rmse:0.382629+0.004188 
[268]	train-rmse:0.382652+0.001055	test-rmse:0.382629+0.004188 
[269]	train-rmse:0.382652+0.001055	test-rmse:0.382629+0.004188 
[270]	train-rmse:0.382652+0.001055	test-rmse:0.382629+0.004188 
[271]	train-rmse:0.382652+0.001055	test-rmse:0.382629+0.004188 
[272]	train-rmse:0.382652+0.001055	test-rmse:0.382629+0.004188 
[273]	train-rmse:0.382652+0.001055	test-rmse:0.382629+0.004188 
[274]	train-rmse:0.382651+0.001055	test-rmse:0.382628+0.004188 
[275]	train-rmse:0.382651+0.001055	test-rmse:0.382628+0.004188 
[276]	train-rmse:0.382651+0.001055	test-rmse:0.382628+0.004188 
[277]	train-rmse:0.382651+0.001055	test-rmse:0.382628+0.004188 
[278]	train-rmse:0.382651+0.001055	test-rmse:0.382628+0.004188 
[279]	train-rmse:0.382651+0.001055	test-rmse:0.382628+0.004188 
[280]	train-rmse:0.382651+0.001055	test-rmse:0.382628+0.004188 
[281]	train-rmse:0.382651+0.001055	test-rmse:0.382628+0.004188 
[282]	train-rmse:0.382651+0.001055	test-rmse:0.382628+0.004188 
[283]	train-rmse:0.382650+0.001055	test-rmse:0.382627+0.004188 
[284]	train-rmse:0.382650+0.001055	test-rmse:0.382627+0.004188 
[285]	train-rmse:0.382650+0.001055	test-rmse:0.382627+0.004188 
[286]	train-rmse:0.382650+0.001055	test-rmse:0.382627+0.004188 
[287]	train-rmse:0.382650+0.001055	test-rmse:0.382627+0.004188 
[288]	train-rmse:0.382650+0.001055	test-rmse:0.382627+0.004188 
[289]	train-rmse:0.382650+0.001055	test-rmse:0.382627+0.004188 
[290]	train-rmse:0.382650+0.001055	test-rmse:0.382627+0.004188 
[291]	train-rmse:0.382650+0.001055	test-rmse:0.382627+0.004188 
[292]	train-rmse:0.382649+0.001055	test-rmse:0.382627+0.004188 
[293]	train-rmse:0.382649+0.001055	test-rmse:0.382626+0.004188 
[294]	train-rmse:0.382649+0.001055	test-rmse:0.382626+0.004188 
[295]	train-rmse:0.382649+0.001055	test-rmse:0.382626+0.004188 
[296]	train-rmse:0.382649+0.001055	test-rmse:0.382626+0.004188 
[297]	train-rmse:0.382649+0.001055	test-rmse:0.382626+0.004188 
[298]	train-rmse:0.382649+0.001055	test-rmse:0.382626+0.004188 
[299]	train-rmse:0.382649+0.001055	test-rmse:0.382626+0.004188 
[300]	train-rmse:0.382649+0.001055	test-rmse:0.382626+0.004188 
[301]	train-rmse:0.382648+0.001055	test-rmse:0.382626+0.004188 
[302]	train-rmse:0.382648+0.001055	test-rmse:0.382625+0.004188 
[303]	train-rmse:0.382648+0.001055	test-rmse:0.382625+0.004188 
[304]	train-rmse:0.382648+0.001055	test-rmse:0.382625+0.004188 
[305]	train-rmse:0.382648+0.001055	test-rmse:0.382625+0.004188 
[306]	train-rmse:0.382648+0.001055	test-rmse:0.382625+0.004188 
[307]	train-rmse:0.382648+0.001055	test-rmse:0.382625+0.004188 
[308]	train-rmse:0.382648+0.001055	test-rmse:0.382625+0.004188 
[309]	train-rmse:0.382648+0.001055	test-rmse:0.382625+0.004188 
[310]	train-rmse:0.382648+0.001055	test-rmse:0.382625+0.004188 
[311]	train-rmse:0.382648+0.001055	test-rmse:0.382625+0.004188 
[312]	train-rmse:0.382647+0.001055	test-rmse:0.382625+0.004188 
[313]	train-rmse:0.382647+0.001055	test-rmse:0.382624+0.004188 
[314]	train-rmse:0.382647+0.001055	test-rmse:0.382624+0.004188 
[315]	train-rmse:0.382647+0.001055	test-rmse:0.382624+0.004188 
[316]	train-rmse:0.382647+0.001055	test-rmse:0.382624+0.004188 
[317]	train-rmse:0.382647+0.001055	test-rmse:0.382624+0.004188 
[318]	train-rmse:0.382647+0.001055	test-rmse:0.382624+0.004188 
[319]	train-rmse:0.382647+0.001055	test-rmse:0.382624+0.004188 
[320]	train-rmse:0.382647+0.001055	test-rmse:0.382624+0.004188 
[321]	train-rmse:0.382646+0.001055	test-rmse:0.382624+0.004188 
[322]	train-rmse:0.382646+0.001055	test-rmse:0.382623+0.004188 
[323]	train-rmse:0.382646+0.001055	test-rmse:0.382623+0.004188 
[324]	train-rmse:0.382646+0.001055	test-rmse:0.382623+0.004188 
[325]	train-rmse:0.382646+0.001055	test-rmse:0.382623+0.004188 
[326]	train-rmse:0.382646+0.001055	test-rmse:0.382623+0.004188 
[327]	train-rmse:0.382646+0.001055	test-rmse:0.382623+0.004188 
[328]	train-rmse:0.382646+0.001055	test-rmse:0.382623+0.004188 
[329]	train-rmse:0.382646+0.001055	test-rmse:0.382623+0.004188 
[330]	train-rmse:0.382645+0.001055	test-rmse:0.382623+0.004188 
[331]	train-rmse:0.382645+0.001055	test-rmse:0.382622+0.004188 
[332]	train-rmse:0.382645+0.001055	test-rmse:0.382622+0.004188 
[333]	train-rmse:0.382645+0.001055	test-rmse:0.382622+0.004188 
[334]	train-rmse:0.382645+0.001055	test-rmse:0.382622+0.004188 
[335]	train-rmse:0.382645+0.001055	test-rmse:0.382622+0.004188 
[336]	train-rmse:0.382645+0.001055	test-rmse:0.382622+0.004188 
[337]	train-rmse:0.382645+0.001055	test-rmse:0.382622+0.004188 
[338]	train-rmse:0.382645+0.001055	test-rmse:0.382622+0.004188 
[339]	train-rmse:0.382644+0.001055	test-rmse:0.382622+0.004188 
[340]	train-rmse:0.382644+0.001055	test-rmse:0.382621+0.004188 
[341]	train-rmse:0.382644+0.001055	test-rmse:0.382621+0.004188 
[342]	train-rmse:0.382644+0.001055	test-rmse:0.382621+0.004188 
[343]	train-rmse:0.382644+0.001055	test-rmse:0.382621+0.004188 
[344]	train-rmse:0.382644+0.001055	test-rmse:0.382621+0.004188 
[345]	train-rmse:0.382644+0.001055	test-rmse:0.382621+0.004188 
[346]	train-rmse:0.382644+0.001055	test-rmse:0.382621+0.004188 
[347]	train-rmse:0.382644+0.001055	test-rmse:0.382621+0.004188 
[348]	train-rmse:0.382643+0.001055	test-rmse:0.382621+0.004188 
[349]	train-rmse:0.382643+0.001055	test-rmse:0.382621+0.004188 
[350]	train-rmse:0.382643+0.001055	test-rmse:0.382620+0.004188 
[351]	train-rmse:0.382643+0.001055	test-rmse:0.382620+0.004188 
[352]	train-rmse:0.382643+0.001055	test-rmse:0.382620+0.004188 
[353]	train-rmse:0.382643+0.001055	test-rmse:0.382620+0.004188 
[354]	train-rmse:0.382643+0.001055	test-rmse:0.382620+0.004188 
[355]	train-rmse:0.382643+0.001055	test-rmse:0.382620+0.004188 
[356]	train-rmse:0.382642+0.001055	test-rmse:0.382620+0.004188 
[357]	train-rmse:0.382642+0.001055	test-rmse:0.382620+0.004188 
[358]	train-rmse:0.382642+0.001055	test-rmse:0.382619+0.004188 
[359]	train-rmse:0.382642+0.001055	test-rmse:0.382619+0.004188 
[360]	train-rmse:0.382642+0.001055	test-rmse:0.382619+0.004188 
[361]	train-rmse:0.382642+0.001055	test-rmse:0.382619+0.004188 
[362]	train-rmse:0.382642+0.001055	test-rmse:0.382619+0.004188 
[363]	train-rmse:0.382642+0.001055	test-rmse:0.382619+0.004188 
[364]	train-rmse:0.382642+0.001055	test-rmse:0.382619+0.004188 
[365]	train-rmse:0.382641+0.001055	test-rmse:0.382619+0.004188 
[366]	train-rmse:0.382641+0.001055	test-rmse:0.382619+0.004188 
[367]	train-rmse:0.382641+0.001055	test-rmse:0.382619+0.004188 
[368]	train-rmse:0.382641+0.001055	test-rmse:0.382618+0.004188 
[369]	train-rmse:0.382641+0.001055	test-rmse:0.382618+0.004188 
[370]	train-rmse:0.382641+0.001055	test-rmse:0.382618+0.004188 
[371]	train-rmse:0.382641+0.001055	test-rmse:0.382618+0.004188 
[372]	train-rmse:0.382641+0.001055	test-rmse:0.382618+0.004188 
[373]	train-rmse:0.382641+0.001055	test-rmse:0.382618+0.004188 
[374]	train-rmse:0.382641+0.001055	test-rmse:0.382618+0.004188 
[375]	train-rmse:0.382640+0.001055	test-rmse:0.382618+0.004188 
[376]	train-rmse:0.382640+0.001055	test-rmse:0.382618+0.004188 
[377]	train-rmse:0.382640+0.001055	test-rmse:0.382618+0.004188 
[378]	train-rmse:0.382640+0.001055	test-rmse:0.382617+0.004188 
[379]	train-rmse:0.382640+0.001055	test-rmse:0.382617+0.004188 
[380]	train-rmse:0.382640+0.001055	test-rmse:0.382617+0.004188 
[381]	train-rmse:0.382640+0.001055	test-rmse:0.382617+0.004188 
[382]	train-rmse:0.382640+0.001055	test-rmse:0.382617+0.004188 
[383]	train-rmse:0.382640+0.001055	test-rmse:0.382617+0.004188 
[384]	train-rmse:0.382640+0.001055	test-rmse:0.382617+0.004188 
[385]	train-rmse:0.382639+0.001055	test-rmse:0.382617+0.004188 
[386]	train-rmse:0.382639+0.001055	test-rmse:0.382617+0.004188 
[387]	train-rmse:0.382639+0.001055	test-rmse:0.382617+0.004188 
[388]	train-rmse:0.382639+0.001055	test-rmse:0.382616+0.004188 
[389]	train-rmse:0.382639+0.001055	test-rmse:0.382616+0.004188 
[390]	train-rmse:0.382639+0.001055	test-rmse:0.382616+0.004188 
[391]	train-rmse:0.382639+0.001055	test-rmse:0.382616+0.004188 
[392]	train-rmse:0.382639+0.001055	test-rmse:0.382616+0.004188 
[393]	train-rmse:0.382639+0.001055	test-rmse:0.382616+0.004188 
[394]	train-rmse:0.382638+0.001055	test-rmse:0.382616+0.004188 
[395]	train-rmse:0.382638+0.001055	test-rmse:0.382616+0.004188 
[396]	train-rmse:0.382638+0.001055	test-rmse:0.382616+0.004188 
[397]	train-rmse:0.382638+0.001055	test-rmse:0.382615+0.004188 
[398]	train-rmse:0.382638+0.001055	test-rmse:0.382615+0.004188 
[399]	train-rmse:0.382638+0.001055	test-rmse:0.382615+0.004188 
[400]	train-rmse:0.382638+0.001055	test-rmse:0.382615+0.004188 
[401]	train-rmse:0.382638+0.001055	test-rmse:0.382615+0.004188 
[402]	train-rmse:0.382638+0.001055	test-rmse:0.382615+0.004188 
[403]	train-rmse:0.382638+0.001055	test-rmse:0.382615+0.004188 
[404]	train-rmse:0.382637+0.001055	test-rmse:0.382615+0.004188 
[405]	train-rmse:0.382637+0.001055	test-rmse:0.382615+0.004188 
[406]	train-rmse:0.382637+0.001055	test-rmse:0.382615+0.004188 
[407]	train-rmse:0.382637+0.001055	test-rmse:0.382614+0.004188 
[408]	train-rmse:0.382637+0.001055	test-rmse:0.382614+0.004188 
[409]	train-rmse:0.382637+0.001055	test-rmse:0.382614+0.004188 
[410]	train-rmse:0.382637+0.001055	test-rmse:0.382614+0.004188 
[411]	train-rmse:0.382637+0.001055	test-rmse:0.382614+0.004188 
[412]	train-rmse:0.382637+0.001055	test-rmse:0.382614+0.004188 
[413]	train-rmse:0.382636+0.001055	test-rmse:0.382614+0.004188 
[414]	train-rmse:0.382636+0.001055	test-rmse:0.382614+0.004188 
[415]	train-rmse:0.382636+0.001055	test-rmse:0.382614+0.004188 
[416]	train-rmse:0.382636+0.001055	test-rmse:0.382613+0.004188 
[417]	train-rmse:0.382636+0.001055	test-rmse:0.382613+0.004188 
[418]	train-rmse:0.382636+0.001055	test-rmse:0.382613+0.004188 
[419]	train-rmse:0.382636+0.001055	test-rmse:0.382613+0.004188 
[420]	train-rmse:0.382636+0.001055	test-rmse:0.382613+0.004188 
[421]	train-rmse:0.382636+0.001055	test-rmse:0.382613+0.004188 
[422]	train-rmse:0.382635+0.001055	test-rmse:0.382613+0.004188 
[423]	train-rmse:0.382635+0.001055	test-rmse:0.382613+0.004188 
[424]	train-rmse:0.382635+0.001055	test-rmse:0.382613+0.004188 
[425]	train-rmse:0.382635+0.001055	test-rmse:0.382612+0.004188 
[426]	train-rmse:0.382635+0.001055	test-rmse:0.382612+0.004188 
[427]	train-rmse:0.382635+0.001055	test-rmse:0.382612+0.004188 
[428]	train-rmse:0.382635+0.001055	test-rmse:0.382612+0.004188 
[429]	train-rmse:0.382635+0.001055	test-rmse:0.382612+0.004188 
[430]	train-rmse:0.382635+0.001055	test-rmse:0.382612+0.004188 
[431]	train-rmse:0.382634+0.001055	test-rmse:0.382612+0.004188 
[432]	train-rmse:0.382634+0.001055	test-rmse:0.382612+0.004188 
[433]	train-rmse:0.382634+0.001055	test-rmse:0.382612+0.004188 
[434]	train-rmse:0.382634+0.001055	test-rmse:0.382611+0.004188 
[435]	train-rmse:0.382634+0.001055	test-rmse:0.382611+0.004188 
[436]	train-rmse:0.382634+0.001055	test-rmse:0.382611+0.004188 
[437]	train-rmse:0.382634+0.001055	test-rmse:0.382611+0.004188 
[438]	train-rmse:0.382634+0.001055	test-rmse:0.382611+0.004188 
[439]	train-rmse:0.382634+0.001055	test-rmse:0.382611+0.004188 
[440]	train-rmse:0.382633+0.001055	test-rmse:0.382611+0.004188 
[441]	train-rmse:0.382633+0.001055	test-rmse:0.382611+0.004188 
[442]	train-rmse:0.382633+0.001055	test-rmse:0.382611+0.004188 
[443]	train-rmse:0.382633+0.001055	test-rmse:0.382611+0.004188 
[444]	train-rmse:0.382633+0.001055	test-rmse:0.382610+0.004188 
[445]	train-rmse:0.382633+0.001055	test-rmse:0.382610+0.004188 
[446]	train-rmse:0.382633+0.001055	test-rmse:0.382610+0.004188 
[447]	train-rmse:0.382633+0.001054	test-rmse:0.382610+0.004188 
[448]	train-rmse:0.382633+0.001055	test-rmse:0.382610+0.004188 
[449]	train-rmse:0.382633+0.001054	test-rmse:0.382610+0.004188 
[450]	train-rmse:0.382632+0.001054	test-rmse:0.382610+0.004188 
[451]	train-rmse:0.382632+0.001054	test-rmse:0.382610+0.004188 
[452]	train-rmse:0.382632+0.001054	test-rmse:0.382610+0.004188 
[453]	train-rmse:0.382632+0.001054	test-rmse:0.382610+0.004188 
[454]	train-rmse:0.382632+0.001054	test-rmse:0.382609+0.004188 
[455]	train-rmse:0.382632+0.001054	test-rmse:0.382609+0.004188 
[456]	train-rmse:0.382632+0.001054	test-rmse:0.382609+0.004188 
[457]	train-rmse:0.382632+0.001054	test-rmse:0.382609+0.004188 
[458]	train-rmse:0.382631+0.001054	test-rmse:0.382609+0.004188 
[459]	train-rmse:0.382631+0.001054	test-rmse:0.382609+0.004188 
[460]	train-rmse:0.382631+0.001054	test-rmse:0.382609+0.004188 
[461]	train-rmse:0.382631+0.001054	test-rmse:0.382609+0.004188 
[462]	train-rmse:0.382631+0.001054	test-rmse:0.382609+0.004188 
[463]	train-rmse:0.382631+0.001055	test-rmse:0.382608+0.004188 
[464]	train-rmse:0.382631+0.001054	test-rmse:0.382608+0.004188 
[465]	train-rmse:0.382631+0.001055	test-rmse:0.382608+0.004188 
[466]	train-rmse:0.382631+0.001055	test-rmse:0.382608+0.004188 
[467]	train-rmse:0.382630+0.001055	test-rmse:0.382608+0.004188 
[468]	train-rmse:0.382630+0.001055	test-rmse:0.382608+0.004188 
[469]	train-rmse:0.382630+0.001055	test-rmse:0.382608+0.004188 
[470]	train-rmse:0.382630+0.001055	test-rmse:0.382608+0.004188 
[471]	train-rmse:0.382630+0.001055	test-rmse:0.382608+0.004188 
[472]	train-rmse:0.382630+0.001055	test-rmse:0.382607+0.004188 
[473]	train-rmse:0.382630+0.001055	test-rmse:0.382607+0.004188 
[474]	train-rmse:0.382630+0.001055	test-rmse:0.382607+0.004188 
[475]	train-rmse:0.382630+0.001055	test-rmse:0.382607+0.004188 
[476]	train-rmse:0.382629+0.001055	test-rmse:0.382607+0.004188 
[477]	train-rmse:0.382629+0.001055	test-rmse:0.382607+0.004188 
[478]	train-rmse:0.382629+0.001055	test-rmse:0.382607+0.004188 
[479]	train-rmse:0.382629+0.001055	test-rmse:0.382607+0.004188 
[480]	train-rmse:0.382629+0.001055	test-rmse:0.382607+0.004188 
[481]	train-rmse:0.382629+0.001055	test-rmse:0.382606+0.004188 
[482]	train-rmse:0.382629+0.001055	test-rmse:0.382606+0.004188 
[483]	train-rmse:0.382629+0.001055	test-rmse:0.382606+0.004188 
[484]	train-rmse:0.382629+0.001055	test-rmse:0.382606+0.004188 
[485]	train-rmse:0.382628+0.001055	test-rmse:0.382606+0.004188 
[486]	train-rmse:0.382628+0.001055	test-rmse:0.382606+0.004188 
[487]	train-rmse:0.382628+0.001055	test-rmse:0.382606+0.004188 
[488]	train-rmse:0.382628+0.001055	test-rmse:0.382606+0.004188 
[489]	train-rmse:0.382628+0.001055	test-rmse:0.382605+0.004188 
[490]	train-rmse:0.382628+0.001055	test-rmse:0.382605+0.004188 
[491]	train-rmse:0.382628+0.001055	test-rmse:0.382605+0.004188 
[492]	train-rmse:0.382628+0.001055	test-rmse:0.382605+0.004188 
[493]	train-rmse:0.382628+0.001055	test-rmse:0.382605+0.004188 
[494]	train-rmse:0.382627+0.001055	test-rmse:0.382605+0.004188 
[495]	train-rmse:0.382627+0.001055	test-rmse:0.382605+0.004188 
[496]	train-rmse:0.382627+0.001055	test-rmse:0.382605+0.004188 
[497]	train-rmse:0.382627+0.001055	test-rmse:0.382605+0.004188 
[498]	train-rmse:0.382627+0.001055	test-rmse:0.382605+0.004188 
[499]	train-rmse:0.382627+0.001055	test-rmse:0.382604+0.004188 
[500]	train-rmse:0.382627+0.001055	test-rmse:0.382604+0.004188 
[501]	train-rmse:0.382627+0.001055	test-rmse:0.382604+0.004188 
[502]	train-rmse:0.382627+0.001055	test-rmse:0.382604+0.004188 
[503]	train-rmse:0.382626+0.001054	test-rmse:0.382604+0.004188 
[504]	train-rmse:0.382626+0.001054	test-rmse:0.382604+0.004188 
[505]	train-rmse:0.382626+0.001054	test-rmse:0.382604+0.004188 
[506]	train-rmse:0.382626+0.001055	test-rmse:0.382604+0.004188 
[507]	train-rmse:0.382626+0.001054	test-rmse:0.382604+0.004188 
[508]	train-rmse:0.382626+0.001054	test-rmse:0.382603+0.004188 
[509]	train-rmse:0.382626+0.001054	test-rmse:0.382603+0.004188 
[510]	train-rmse:0.382626+0.001054	test-rmse:0.382603+0.004188 
[511]	train-rmse:0.382625+0.001054	test-rmse:0.382603+0.004188 
[512]	train-rmse:0.382625+0.001054	test-rmse:0.382603+0.004188 
[513]	train-rmse:0.382625+0.001054	test-rmse:0.382603+0.004188 
[514]	train-rmse:0.382625+0.001054	test-rmse:0.382603+0.004188 
[515]	train-rmse:0.382625+0.001054	test-rmse:0.382603+0.004188 
[516]	train-rmse:0.382625+0.001054	test-rmse:0.382602+0.004188 
[517]	train-rmse:0.382625+0.001054	test-rmse:0.382602+0.004188 
[518]	train-rmse:0.382625+0.001054	test-rmse:0.382602+0.004188 
[519]	train-rmse:0.382624+0.001054	test-rmse:0.382602+0.004188 
[520]	train-rmse:0.382624+0.001054	test-rmse:0.382602+0.004188 
[521]	train-rmse:0.382624+0.001054	test-rmse:0.382602+0.004188 
[522]	train-rmse:0.382624+0.001054	test-rmse:0.382602+0.004188 
[523]	train-rmse:0.382624+0.001055	test-rmse:0.382602+0.004188 
[524]	train-rmse:0.382624+0.001055	test-rmse:0.382602+0.004188 
[525]	train-rmse:0.382624+0.001055	test-rmse:0.382601+0.004188 
[526]	train-rmse:0.382624+0.001055	test-rmse:0.382601+0.004188 
[527]	train-rmse:0.382624+0.001055	test-rmse:0.382601+0.004188 
[528]	train-rmse:0.382623+0.001055	test-rmse:0.382601+0.004188 
[529]	train-rmse:0.382623+0.001055	test-rmse:0.382601+0.004188 
[530]	train-rmse:0.382623+0.001054	test-rmse:0.382601+0.004188 
[531]	train-rmse:0.382623+0.001054	test-rmse:0.382601+0.004188 
[532]	train-rmse:0.382623+0.001054	test-rmse:0.382601+0.004188 
[533]	train-rmse:0.382623+0.001054	test-rmse:0.382601+0.004188 
[534]	train-rmse:0.382623+0.001054	test-rmse:0.382601+0.004188 
[535]	train-rmse:0.382623+0.001054	test-rmse:0.382600+0.004188 
[536]	train-rmse:0.382623+0.001054	test-rmse:0.382600+0.004188 
[537]	train-rmse:0.382622+0.001054	test-rmse:0.382600+0.004188 
[538]	train-rmse:0.382622+0.001054	test-rmse:0.382600+0.004188 
[539]	train-rmse:0.382622+0.001054	test-rmse:0.382600+0.004188 
[540]	train-rmse:0.382622+0.001054	test-rmse:0.382600+0.004188 
[541]	train-rmse:0.382622+0.001054	test-rmse:0.382600+0.004188 
[542]	train-rmse:0.382622+0.001054	test-rmse:0.382600+0.004188 
[543]	train-rmse:0.382622+0.001054	test-rmse:0.382600+0.004188 
[544]	train-rmse:0.382622+0.001054	test-rmse:0.382599+0.004188 
[545]	train-rmse:0.382622+0.001054	test-rmse:0.382599+0.004188 
[546]	train-rmse:0.382622+0.001054	test-rmse:0.382599+0.004188 
[547]	train-rmse:0.382621+0.001054	test-rmse:0.382599+0.004188 
[548]	train-rmse:0.382621+0.001054	test-rmse:0.382599+0.004188 
[549]	train-rmse:0.382621+0.001054	test-rmse:0.382599+0.004188 
[550]	train-rmse:0.382621+0.001054	test-rmse:0.382599+0.004188 
[551]	train-rmse:0.382621+0.001054	test-rmse:0.382599+0.004188 
[552]	train-rmse:0.382621+0.001054	test-rmse:0.382599+0.004188 
[553]	train-rmse:0.382621+0.001054	test-rmse:0.382599+0.004188 
[554]	train-rmse:0.382621+0.001054	test-rmse:0.382598+0.004188 
[555]	train-rmse:0.382621+0.001054	test-rmse:0.382598+0.004188 
[556]	train-rmse:0.382620+0.001054	test-rmse:0.382598+0.004188 
[557]	train-rmse:0.382620+0.001054	test-rmse:0.382598+0.004188 
[558]	train-rmse:0.382620+0.001054	test-rmse:0.382598+0.004188 
[559]	train-rmse:0.382620+0.001054	test-rmse:0.382598+0.004188 
[560]	train-rmse:0.382620+0.001054	test-rmse:0.382598+0.004188 
[561]	train-rmse:0.382620+0.001054	test-rmse:0.382598+0.004188 
[562]	train-rmse:0.382620+0.001054	test-rmse:0.382598+0.004188 
[563]	train-rmse:0.382620+0.001054	test-rmse:0.382598+0.004188 
[564]	train-rmse:0.382620+0.001054	test-rmse:0.382597+0.004188 
[565]	train-rmse:0.382619+0.001054	test-rmse:0.382597+0.004188 
[566]	train-rmse:0.382619+0.001054	test-rmse:0.382597+0.004188 
[567]	train-rmse:0.382619+0.001054	test-rmse:0.382597+0.004188 
[568]	train-rmse:0.382619+0.001054	test-rmse:0.382597+0.004188 
[569]	train-rmse:0.382619+0.001054	test-rmse:0.382597+0.004188 
[570]	train-rmse:0.382619+0.001054	test-rmse:0.382597+0.004188 
[571]	train-rmse:0.382619+0.001054	test-rmse:0.382597+0.004188 
[572]	train-rmse:0.382619+0.001054	test-rmse:0.382597+0.004188 
[573]	train-rmse:0.382619+0.001054	test-rmse:0.382596+0.004188 
[574]	train-rmse:0.382619+0.001054	test-rmse:0.382596+0.004188 
[575]	train-rmse:0.382618+0.001054	test-rmse:0.382596+0.004188 
[576]	train-rmse:0.382618+0.001054	test-rmse:0.382596+0.004188 
[577]	train-rmse:0.382618+0.001054	test-rmse:0.382596+0.004188 
[578]	train-rmse:0.382618+0.001054	test-rmse:0.382596+0.004188 
[579]	train-rmse:0.382618+0.001054	test-rmse:0.382596+0.004188 
[580]	train-rmse:0.382618+0.001054	test-rmse:0.382596+0.004188 
[581]	train-rmse:0.382618+0.001054	test-rmse:0.382596+0.004188 
[582]	train-rmse:0.382618+0.001054	test-rmse:0.382595+0.004188 
[583]	train-rmse:0.382618+0.001054	test-rmse:0.382595+0.004188 
[584]	train-rmse:0.382617+0.001054	test-rmse:0.382595+0.004188 
[585]	train-rmse:0.382617+0.001054	test-rmse:0.382595+0.004188 
[586]	train-rmse:0.382617+0.001054	test-rmse:0.382595+0.004188 
[587]	train-rmse:0.382617+0.001054	test-rmse:0.382595+0.004188 
[588]	train-rmse:0.382617+0.001054	test-rmse:0.382595+0.004188 
[589]	train-rmse:0.382617+0.001054	test-rmse:0.382595+0.004188 
[590]	train-rmse:0.382617+0.001054	test-rmse:0.382595+0.004188 
[591]	train-rmse:0.382617+0.001054	test-rmse:0.382594+0.004188 
[592]	train-rmse:0.382617+0.001054	test-rmse:0.382594+0.004188 
[593]	train-rmse:0.382616+0.001054	test-rmse:0.382594+0.004188 
[594]	train-rmse:0.382616+0.001054	test-rmse:0.382594+0.004188 
[595]	train-rmse:0.382616+0.001054	test-rmse:0.382594+0.004188 
[596]	train-rmse:0.382616+0.001054	test-rmse:0.382594+0.004188 
[597]	train-rmse:0.382616+0.001054	test-rmse:0.382594+0.004188 
[598]	train-rmse:0.382616+0.001054	test-rmse:0.382594+0.004188 
[599]	train-rmse:0.382616+0.001054	test-rmse:0.382594+0.004188 
[600]	train-rmse:0.382616+0.001054	test-rmse:0.382594+0.004188 
[601]	train-rmse:0.382616+0.001054	test-rmse:0.382593+0.004188 
[602]	train-rmse:0.382615+0.001054	test-rmse:0.382593+0.004188 
[603]	train-rmse:0.382615+0.001054	test-rmse:0.382593+0.004188 
[604]	train-rmse:0.382615+0.001054	test-rmse:0.382593+0.004188 
[605]	train-rmse:0.382615+0.001054	test-rmse:0.382593+0.004188 
[606]	train-rmse:0.382615+0.001054	test-rmse:0.382593+0.004188 
[607]	train-rmse:0.382615+0.001054	test-rmse:0.382593+0.004188 
[608]	train-rmse:0.382615+0.001054	test-rmse:0.382593+0.004188 
[609]	train-rmse:0.382615+0.001054	test-rmse:0.382593+0.004188 
[610]	train-rmse:0.382614+0.001054	test-rmse:0.382592+0.004188 
[611]	train-rmse:0.382614+0.001054	test-rmse:0.382592+0.004188 
[612]	train-rmse:0.382614+0.001054	test-rmse:0.382592+0.004188 
[613]	train-rmse:0.382614+0.001054	test-rmse:0.382592+0.004188 
[614]	train-rmse:0.382614+0.001054	test-rmse:0.382592+0.004188 
[615]	train-rmse:0.382614+0.001054	test-rmse:0.382592+0.004188 
[616]	train-rmse:0.382614+0.001054	test-rmse:0.382592+0.004188 
[617]	train-rmse:0.382614+0.001054	test-rmse:0.382592+0.004188 
[618]	train-rmse:0.382614+0.001054	test-rmse:0.382592+0.004188 
[619]	train-rmse:0.382614+0.001054	test-rmse:0.382591+0.004188 
[620]	train-rmse:0.382613+0.001054	test-rmse:0.382591+0.004188 
[621]	train-rmse:0.382613+0.001054	test-rmse:0.382591+0.004188 
[622]	train-rmse:0.382613+0.001054	test-rmse:0.382591+0.004188 
[623]	train-rmse:0.382613+0.001054	test-rmse:0.382591+0.004188 
[624]	train-rmse:0.382613+0.001054	test-rmse:0.382591+0.004188 
[625]	train-rmse:0.382613+0.001054	test-rmse:0.382591+0.004188 
[626]	train-rmse:0.382613+0.001054	test-rmse:0.382591+0.004188 
[627]	train-rmse:0.382613+0.001054	test-rmse:0.382591+0.004188 
[628]	train-rmse:0.382613+0.001054	test-rmse:0.382591+0.004188 
[629]	train-rmse:0.382613+0.001054	test-rmse:0.382590+0.004188 
[630]	train-rmse:0.382612+0.001054	test-rmse:0.382590+0.004188 
[631]	train-rmse:0.382612+0.001054	test-rmse:0.382590+0.004188 
[632]	train-rmse:0.382612+0.001054	test-rmse:0.382590+0.004188 
[633]	train-rmse:0.382612+0.001054	test-rmse:0.382590+0.004188 
[634]	train-rmse:0.382612+0.001054	test-rmse:0.382590+0.004188 
[635]	train-rmse:0.382612+0.001054	test-rmse:0.382590+0.004188 
[636]	train-rmse:0.382612+0.001054	test-rmse:0.382590+0.004188 
[637]	train-rmse:0.382612+0.001054	test-rmse:0.382590+0.004188 
[638]	train-rmse:0.382611+0.001054	test-rmse:0.382589+0.004188 
[639]	train-rmse:0.382611+0.001054	test-rmse:0.382589+0.004188 
[640]	train-rmse:0.382611+0.001054	test-rmse:0.382589+0.004188 
[641]	train-rmse:0.382611+0.001054	test-rmse:0.382589+0.004188 
[642]	train-rmse:0.382611+0.001054	test-rmse:0.382589+0.004188 
[643]	train-rmse:0.382611+0.001054	test-rmse:0.382589+0.004187 
[644]	train-rmse:0.382611+0.001054	test-rmse:0.382589+0.004187 
[645]	train-rmse:0.382611+0.001054	test-rmse:0.382589+0.004187 
[646]	train-rmse:0.382610+0.001054	test-rmse:0.382588+0.004187 
[647]	train-rmse:0.382610+0.001054	test-rmse:0.382588+0.004187 
[648]	train-rmse:0.382610+0.001054	test-rmse:0.382588+0.004187 
[649]	train-rmse:0.382610+0.001054	test-rmse:0.382588+0.004187 
[650]	train-rmse:0.382610+0.001054	test-rmse:0.382588+0.004187 
[651]	train-rmse:0.382610+0.001054	test-rmse:0.382588+0.004187 
[652]	train-rmse:0.382610+0.001054	test-rmse:0.382588+0.004187 
[653]	train-rmse:0.382610+0.001054	test-rmse:0.382588+0.004187 
[654]	train-rmse:0.382610+0.001054	test-rmse:0.382588+0.004187 
[655]	train-rmse:0.382609+0.001054	test-rmse:0.382587+0.004187 
[656]	train-rmse:0.382609+0.001054	test-rmse:0.382587+0.004187 
[657]	train-rmse:0.382609+0.001054	test-rmse:0.382587+0.004187 
[658]	train-rmse:0.382609+0.001054	test-rmse:0.382587+0.004187 
[659]	train-rmse:0.382609+0.001054	test-rmse:0.382587+0.004187 
[660]	train-rmse:0.382609+0.001054	test-rmse:0.382587+0.004187 
[661]	train-rmse:0.382609+0.001055	test-rmse:0.382587+0.004187 
[662]	train-rmse:0.382609+0.001055	test-rmse:0.382587+0.004187 
[663]	train-rmse:0.382609+0.001055	test-rmse:0.382587+0.004187 
[664]	train-rmse:0.382609+0.001055	test-rmse:0.382587+0.004187 
[665]	train-rmse:0.382608+0.001055	test-rmse:0.382586+0.004187 
[666]	train-rmse:0.382608+0.001055	test-rmse:0.382586+0.004187 
[667]	train-rmse:0.382608+0.001055	test-rmse:0.382586+0.004187 
[668]	train-rmse:0.382608+0.001055	test-rmse:0.382586+0.004187 
[669]	train-rmse:0.382608+0.001055	test-rmse:0.382586+0.004187 
[670]	train-rmse:0.382608+0.001055	test-rmse:0.382586+0.004187 
[671]	train-rmse:0.382608+0.001055	test-rmse:0.382586+0.004187 
[672]	train-rmse:0.382608+0.001055	test-rmse:0.382586+0.004187 
[673]	train-rmse:0.382608+0.001055	test-rmse:0.382586+0.004187 
[674]	train-rmse:0.382608+0.001055	test-rmse:0.382586+0.004187 
[675]	train-rmse:0.382607+0.001055	test-rmse:0.382585+0.004187 
[676]	train-rmse:0.382607+0.001055	test-rmse:0.382585+0.004187 
[677]	train-rmse:0.382607+0.001055	test-rmse:0.382585+0.004187 
[678]	train-rmse:0.382607+0.001054	test-rmse:0.382585+0.004187 
[679]	train-rmse:0.382607+0.001054	test-rmse:0.382585+0.004187 
[680]	train-rmse:0.382607+0.001054	test-rmse:0.382585+0.004187 
[681]	train-rmse:0.382607+0.001054	test-rmse:0.382585+0.004187 
[682]	train-rmse:0.382607+0.001055	test-rmse:0.382585+0.004187 
[683]	train-rmse:0.382607+0.001055	test-rmse:0.382585+0.004187 
[684]	train-rmse:0.382606+0.001055	test-rmse:0.382584+0.004187 
[685]	train-rmse:0.382606+0.001055	test-rmse:0.382584+0.004187 
[686]	train-rmse:0.382606+0.001055	test-rmse:0.382584+0.004187 
[687]	train-rmse:0.382606+0.001055	test-rmse:0.382584+0.004187 
[688]	train-rmse:0.382606+0.001055	test-rmse:0.382584+0.004187 
[689]	train-rmse:0.382606+0.001055	test-rmse:0.382584+0.004187 
[690]	train-rmse:0.382606+0.001055	test-rmse:0.382584+0.004187 
[691]	train-rmse:0.382606+0.001055	test-rmse:0.382584+0.004187 
[692]	train-rmse:0.382606+0.001055	test-rmse:0.382584+0.004187 
[693]	train-rmse:0.382605+0.001055	test-rmse:0.382584+0.004187 
[694]	train-rmse:0.382605+0.001055	test-rmse:0.382583+0.004187 
[695]	train-rmse:0.382605+0.001055	test-rmse:0.382583+0.004187 
[696]	train-rmse:0.382605+0.001055	test-rmse:0.382583+0.004187 
[697]	train-rmse:0.382605+0.001055	test-rmse:0.382583+0.004187 
[698]	train-rmse:0.382605+0.001055	test-rmse:0.382583+0.004187 
[699]	train-rmse:0.382605+0.001055	test-rmse:0.382583+0.004187 
[700]	train-rmse:0.382605+0.001055	test-rmse:0.382583+0.004187 
[701]	train-rmse:0.382605+0.001055	test-rmse:0.382583+0.004187 
[702]	train-rmse:0.382605+0.001055	test-rmse:0.382583+0.004187 
[703]	train-rmse:0.382604+0.001055	test-rmse:0.382583+0.004187 
[704]	train-rmse:0.382604+0.001055	test-rmse:0.382582+0.004187 
[705]	train-rmse:0.382604+0.001055	test-rmse:0.382582+0.004187 
[706]	train-rmse:0.382604+0.001055	test-rmse:0.382582+0.004187 
[707]	train-rmse:0.382604+0.001055	test-rmse:0.382582+0.004187 
[708]	train-rmse:0.382604+0.001055	test-rmse:0.382582+0.004187 
[709]	train-rmse:0.382604+0.001055	test-rmse:0.382582+0.004187 
[710]	train-rmse:0.382604+0.001055	test-rmse:0.382582+0.004187 
[711]	train-rmse:0.382604+0.001055	test-rmse:0.382582+0.004187 
[712]	train-rmse:0.382603+0.001055	test-rmse:0.382582+0.004187 
[713]	train-rmse:0.382603+0.001055	test-rmse:0.382581+0.004187 
[714]	train-rmse:0.382603+0.001055	test-rmse:0.382581+0.004187 
[715]	train-rmse:0.382603+0.001055	test-rmse:0.382581+0.004187 
[716]	train-rmse:0.382603+0.001055	test-rmse:0.382581+0.004187 
[717]	train-rmse:0.382603+0.001055	test-rmse:0.382581+0.004187 
[718]	train-rmse:0.382603+0.001055	test-rmse:0.382581+0.004187 
[719]	train-rmse:0.382603+0.001055	test-rmse:0.382581+0.004187 
[720]	train-rmse:0.382603+0.001055	test-rmse:0.382581+0.004187 
[721]	train-rmse:0.382602+0.001055	test-rmse:0.382581+0.004187 
[722]	train-rmse:0.382602+0.001055	test-rmse:0.382580+0.004187 
[723]	train-rmse:0.382602+0.001055	test-rmse:0.382580+0.004187 
[724]	train-rmse:0.382602+0.001055	test-rmse:0.382580+0.004187 
[725]	train-rmse:0.382602+0.001055	test-rmse:0.382580+0.004187 
[726]	train-rmse:0.382602+0.001055	test-rmse:0.382580+0.004187 
[727]	train-rmse:0.382602+0.001055	test-rmse:0.382580+0.004187 
[728]	train-rmse:0.382602+0.001055	test-rmse:0.382580+0.004187 
[729]	train-rmse:0.382601+0.001055	test-rmse:0.382580+0.004187 
[730]	train-rmse:0.382601+0.001055	test-rmse:0.382580+0.004187 
[731]	train-rmse:0.382601+0.001055	test-rmse:0.382579+0.004187 
[732]	train-rmse:0.382601+0.001055	test-rmse:0.382579+0.004187 
[733]	train-rmse:0.382601+0.001055	test-rmse:0.382579+0.004187 
[734]	train-rmse:0.382601+0.001055	test-rmse:0.382579+0.004187 
[735]	train-rmse:0.382601+0.001055	test-rmse:0.382579+0.004187 
[736]	train-rmse:0.382601+0.001055	test-rmse:0.382579+0.004187 
[737]	train-rmse:0.382601+0.001055	test-rmse:0.382579+0.004187 
[738]	train-rmse:0.382601+0.001055	test-rmse:0.382579+0.004187 
[739]	train-rmse:0.382601+0.001055	test-rmse:0.382579+0.004187 
[740]	train-rmse:0.382600+0.001055	test-rmse:0.382579+0.004187 
[741]	train-rmse:0.382600+0.001055	test-rmse:0.382579+0.004187 
[742]	train-rmse:0.382600+0.001055	test-rmse:0.382578+0.004187 
[743]	train-rmse:0.382600+0.001055	test-rmse:0.382578+0.004187 
[744]	train-rmse:0.382600+0.001055	test-rmse:0.382578+0.004187 
[745]	train-rmse:0.382600+0.001055	test-rmse:0.382578+0.004187 
[746]	train-rmse:0.382600+0.001055	test-rmse:0.382578+0.004187 
[747]	train-rmse:0.382600+0.001055	test-rmse:0.382578+0.004187 
[748]	train-rmse:0.382600+0.001055	test-rmse:0.382578+0.004187 
[749]	train-rmse:0.382599+0.001055	test-rmse:0.382578+0.004187 
[750]	train-rmse:0.382599+0.001055	test-rmse:0.382578+0.004187 
[751]	train-rmse:0.382599+0.001055	test-rmse:0.382577+0.004187 
[752]	train-rmse:0.382599+0.001055	test-rmse:0.382577+0.004187 
[753]	train-rmse:0.382599+0.001055	test-rmse:0.382577+0.004187 
[754]	train-rmse:0.382599+0.001055	test-rmse:0.382577+0.004187 
[755]	train-rmse:0.382599+0.001055	test-rmse:0.382577+0.004187 
[756]	train-rmse:0.382599+0.001055	test-rmse:0.382577+0.004187 
[757]	train-rmse:0.382599+0.001055	test-rmse:0.382577+0.004187 
[758]	train-rmse:0.382599+0.001055	test-rmse:0.382577+0.004187 
[759]	train-rmse:0.382598+0.001055	test-rmse:0.382577+0.004187 
[760]	train-rmse:0.382598+0.001055	test-rmse:0.382577+0.004187 
[761]	train-rmse:0.382598+0.001055	test-rmse:0.382576+0.004187 
[762]	train-rmse:0.382598+0.001055	test-rmse:0.382576+0.004187 
[763]	train-rmse:0.382598+0.001055	test-rmse:0.382576+0.004187 
[764]	train-rmse:0.382598+0.001055	test-rmse:0.382576+0.004187 
[765]	train-rmse:0.382598+0.001055	test-rmse:0.382576+0.004187 
[766]	train-rmse:0.382598+0.001055	test-rmse:0.382576+0.004187 
[767]	train-rmse:0.382597+0.001055	test-rmse:0.382576+0.004187 
[768]	train-rmse:0.382597+0.001055	test-rmse:0.382576+0.004187 
[769]	train-rmse:0.382597+0.001055	test-rmse:0.382575+0.004187 
[770]	train-rmse:0.382597+0.001055	test-rmse:0.382575+0.004187 
[771]	train-rmse:0.382597+0.001055	test-rmse:0.382575+0.004187 
[772]	train-rmse:0.382597+0.001055	test-rmse:0.382575+0.004187 
[773]	train-rmse:0.382597+0.001055	test-rmse:0.382575+0.004187 
[774]	train-rmse:0.382597+0.001055	test-rmse:0.382575+0.004187 
[775]	train-rmse:0.382597+0.001055	test-rmse:0.382575+0.004187 
[776]	train-rmse:0.382596+0.001055	test-rmse:0.382575+0.004187 
[777]	train-rmse:0.382596+0.001055	test-rmse:0.382575+0.004187 
[778]	train-rmse:0.382596+0.001055	test-rmse:0.382575+0.004187 
[779]	train-rmse:0.382596+0.001055	test-rmse:0.382574+0.004187 
[780]	train-rmse:0.382596+0.001055	test-rmse:0.382574+0.004187 
[781]	train-rmse:0.382596+0.001055	test-rmse:0.382574+0.004187 
[782]	train-rmse:0.382596+0.001055	test-rmse:0.382574+0.004187 
[783]	train-rmse:0.382596+0.001055	test-rmse:0.382574+0.004187 
[784]	train-rmse:0.382596+0.001055	test-rmse:0.382574+0.004187 
[785]	train-rmse:0.382595+0.001055	test-rmse:0.382574+0.004187 
[786]	train-rmse:0.382595+0.001055	test-rmse:0.382574+0.004187 
[787]	train-rmse:0.382595+0.001055	test-rmse:0.382574+0.004187 
[788]	train-rmse:0.382595+0.001055	test-rmse:0.382573+0.004187 
[789]	train-rmse:0.382595+0.001055	test-rmse:0.382573+0.004187 
[790]	train-rmse:0.382595+0.001055	test-rmse:0.382573+0.004187 
[791]	train-rmse:0.382595+0.001055	test-rmse:0.382573+0.004187 
[792]	train-rmse:0.382595+0.001055	test-rmse:0.382573+0.004187 
[793]	train-rmse:0.382595+0.001055	test-rmse:0.382573+0.004187 
[794]	train-rmse:0.382594+0.001055	test-rmse:0.382573+0.004187 
[795]	train-rmse:0.382594+0.001055	test-rmse:0.382573+0.004187 
[796]	train-rmse:0.382594+0.001055	test-rmse:0.382573+0.004187 
[797]	train-rmse:0.382594+0.001055	test-rmse:0.382573+0.004187 
[798]	train-rmse:0.382594+0.001055	test-rmse:0.382572+0.004187 
[799]	train-rmse:0.382594+0.001055	test-rmse:0.382572+0.004187 
[800]	train-rmse:0.382594+0.001055	test-rmse:0.382572+0.004187 
[801]	train-rmse:0.382594+0.001055	test-rmse:0.382572+0.004187 
[802]	train-rmse:0.382594+0.001055	test-rmse:0.382572+0.004187 
[803]	train-rmse:0.382594+0.001055	test-rmse:0.382572+0.004187 
[804]	train-rmse:0.382593+0.001055	test-rmse:0.382572+0.004187 
[805]	train-rmse:0.382593+0.001055	test-rmse:0.382572+0.004187 
[806]	train-rmse:0.382593+0.001055	test-rmse:0.382572+0.004187 
[807]	train-rmse:0.382593+0.001055	test-rmse:0.382572+0.004187 
[808]	train-rmse:0.382593+0.001055	test-rmse:0.382571+0.004187 
[809]	train-rmse:0.382593+0.001055	test-rmse:0.382571+0.004187 
[810]	train-rmse:0.382593+0.001055	test-rmse:0.382571+0.004187 
[811]	train-rmse:0.382593+0.001055	test-rmse:0.382571+0.004187 
[812]	train-rmse:0.382593+0.001055	test-rmse:0.382571+0.004187 
[813]	train-rmse:0.382593+0.001055	test-rmse:0.382571+0.004187 
[814]	train-rmse:0.382592+0.001055	test-rmse:0.382571+0.004187 
[815]	train-rmse:0.382592+0.001055	test-rmse:0.382571+0.004187 
[816]	train-rmse:0.382592+0.001055	test-rmse:0.382571+0.004187 
[817]	train-rmse:0.382592+0.001055	test-rmse:0.382571+0.004187 
[818]	train-rmse:0.382592+0.001055	test-rmse:0.382570+0.004187 
[819]	train-rmse:0.382592+0.001055	test-rmse:0.382570+0.004187 
[820]	train-rmse:0.382592+0.001055	test-rmse:0.382570+0.004187 
[821]	train-rmse:0.382592+0.001055	test-rmse:0.382570+0.004187 
[822]	train-rmse:0.382592+0.001055	test-rmse:0.382570+0.004187 
[823]	train-rmse:0.382591+0.001055	test-rmse:0.382570+0.004187 
[824]	train-rmse:0.382591+0.001055	test-rmse:0.382570+0.004187 
[825]	train-rmse:0.382591+0.001055	test-rmse:0.382570+0.004187 
[826]	train-rmse:0.382591+0.001055	test-rmse:0.382570+0.004187 
[827]	train-rmse:0.382591+0.001055	test-rmse:0.382569+0.004187 
[828]	train-rmse:0.382591+0.001055	test-rmse:0.382569+0.004187 
[829]	train-rmse:0.382591+0.001055	test-rmse:0.382569+0.004187 
[830]	train-rmse:0.382591+0.001055	test-rmse:0.382569+0.004187 
[831]	train-rmse:0.382591+0.001055	test-rmse:0.382569+0.004187 
[832]	train-rmse:0.382590+0.001055	test-rmse:0.382569+0.004187 
[833]	train-rmse:0.382590+0.001055	test-rmse:0.382569+0.004187 
[834]	train-rmse:0.382590+0.001055	test-rmse:0.382569+0.004187 
[835]	train-rmse:0.382590+0.001055	test-rmse:0.382569+0.004187 
[836]	train-rmse:0.382590+0.001055	test-rmse:0.382569+0.004187 
[837]	train-rmse:0.382590+0.001055	test-rmse:0.382568+0.004187 
[838]	train-rmse:0.382590+0.001055	test-rmse:0.382568+0.004187 
[839]	train-rmse:0.382590+0.001055	test-rmse:0.382568+0.004187 
[840]	train-rmse:0.382590+0.001055	test-rmse:0.382568+0.004187 
[841]	train-rmse:0.382590+0.001055	test-rmse:0.382568+0.004187 
[842]	train-rmse:0.382589+0.001055	test-rmse:0.382568+0.004187 
[843]	train-rmse:0.382589+0.001055	test-rmse:0.382568+0.004187 
> hgrid <-
+   dplyr::bind_cols(xgboost_params[index, ], dart.cv$evaluation_log[dart.cv$best_iteration, ], best_iter = dart.cv$best_iteration)
> 
> # write result
> fname <- file.path('data-raw', 'tune', year, 'array', paste0('tune_', index, '.tsv'))
> readr::write_tsv(hgrid, file = fname)
> 
