> 
> # parse arguments
> args <- R.utils::commandArgs(trailingOnly = FALSE, asValues = TRUE)
> index <- as.integer(args$index)
> year <- as.character(args$year)
> nreps <- as.integer(args$nreps)
> seed <- as.integer(args$seed)
> 
> # get number of cores
> wkrs <- length(future::availableWorkers())
> 
> # set seed
> set.seed(seed)
> 
> # read and prepare the cluster features
> fp <- file.path('data-raw', 'features', year)
> clf <-
+   read_features(fp, pattern = 'paris.', recursive = FALSE)
> clf <- prepare_features(
+   clf,
+   feature_map = feature_map,
+   category = c('response', 'bio', 'net'),
+   type = 'list',
+   exclusions = c(
+     'mg2_pairs_count',
+     'mg2_not_pairs_count',
+     'mg2_portion_families_recovered',
+     'cluster_origin',
+     'bocc_origin',
+     'cluster_method',
+     'subcluster_method',
+     'year',
+     'IDs',
+     'go_sig_threshold',
+     'num_new_edges_on_any_node',
+     'HPO_ratio'
+   ),
+   verbose = TRUE
+ )
c('HPO_ratio', 'IDs', 'bocc_origin', 'cluster_method', 'cluster_origin', 'go_sig_threshold', 'max_norm_cell_type_comma_sep_string', 'max_norm_disease_comma_sep_string', 'mg2_not_pairs_count', 'mg2_pairs_count', 'mg2_portion_families_recovered', 'num_new_edges_on_any_node', 'sig_go_enrichment_fdr_corrected_p_vals', 'sig_go_enrichment_p_vals', 'sig_go_enrichment_terms', 'subcluster_method', 'year')

> 
> # prepare grid of parameters
> xgboost_params <- dials::parameters(
+   nrounds = dials::trees(),
+   eta = dials::learn_rate(),
+   gamma = dials::loss_reduction(),
+   dials::tree_depth(),
+   subsample = dials::sample_prop(),
+   rate_drop = dials::dropout(),
+   skip_drop = dials::dropout()
+ )
> xgboost_params <-
+   dials::grid_max_entropy(xgboost_params, size = nreps)
> 
> # tune the dart booster
> dart.param <-
+   list(
+     booster = "dart",
+     objective = "reg:logistic",
+     eval_metric = "rmse",
+     nthread = wkrs,
+     max_depth = xgboost_params$tree_depth[index],
+     eta = xgboost_params$eta[index],
+     gamma = xgboost_params$gamma[index],
+     subsample = xgboost_params$subsample[index],
+     rate_drop = xgboost_params$rate_drop[index],
+     skip_drop = xgboost_params$skip_drop[index]
+   )
> dart.cv <- xgboost::xgb.cv(
+   params = dart.param,
+   nrounds = xgboost_params$nrounds[index],
+   data = as.matrix(clf[, -1]),
+   nfold = 5,
+   label = clf$snowballing_pvalue,
+   early_stopping_rounds = 50
+ )
[1]	train-rmse:0.382458+0.001052	test-rmse:0.382445+0.004189 
Multiple eval metrics are present. Will use test_rmse for early stopping.
Will train until test_rmse hasn't improved in 50 rounds.

[2]	train-rmse:0.382237+0.001050	test-rmse:0.382230+0.004187 
[3]	train-rmse:0.382014+0.001052	test-rmse:0.382010+0.004181 
[4]	train-rmse:0.381820+0.001048	test-rmse:0.381820+0.004186 
[5]	train-rmse:0.381664+0.001064	test-rmse:0.381670+0.004170 
[6]	train-rmse:0.381465+0.001079	test-rmse:0.381474+0.004157 
[7]	train-rmse:0.381311+0.001057	test-rmse:0.381322+0.004175 
[8]	train-rmse:0.381189+0.001043	test-rmse:0.381205+0.004189 
[9]	train-rmse:0.381043+0.000987	test-rmse:0.381064+0.004245 
[10]	train-rmse:0.380930+0.000959	test-rmse:0.380953+0.004272 
[11]	train-rmse:0.380779+0.000959	test-rmse:0.380808+0.004267 
[12]	train-rmse:0.380639+0.001006	test-rmse:0.380667+0.004226 
[13]	train-rmse:0.380500+0.001012	test-rmse:0.380532+0.004226 
[14]	train-rmse:0.380409+0.001075	test-rmse:0.380444+0.004165 
[15]	train-rmse:0.380263+0.001056	test-rmse:0.380301+0.004192 
[16]	train-rmse:0.380161+0.001027	test-rmse:0.380203+0.004219 
[17]	train-rmse:0.380072+0.001031	test-rmse:0.380113+0.004235 
[18]	train-rmse:0.380020+0.001015	test-rmse:0.380064+0.004249 
[19]	train-rmse:0.379939+0.000994	test-rmse:0.379986+0.004270 
[20]	train-rmse:0.379828+0.000971	test-rmse:0.379878+0.004300 
[21]	train-rmse:0.379780+0.000976	test-rmse:0.379831+0.004294 
[22]	train-rmse:0.379713+0.000975	test-rmse:0.379765+0.004296 
[23]	train-rmse:0.379622+0.001036	test-rmse:0.379675+0.004235 
[24]	train-rmse:0.379550+0.001009	test-rmse:0.379608+0.004267 
[25]	train-rmse:0.379484+0.001078	test-rmse:0.379543+0.004202 
[26]	train-rmse:0.379400+0.001082	test-rmse:0.379459+0.004213 
[27]	train-rmse:0.379367+0.001089	test-rmse:0.379426+0.004210 
[28]	train-rmse:0.379329+0.001086	test-rmse:0.379391+0.004214 
[29]	train-rmse:0.379299+0.001083	test-rmse:0.379362+0.004215 
[30]	train-rmse:0.379185+0.001156	test-rmse:0.379249+0.004163 
[31]	train-rmse:0.379153+0.001154	test-rmse:0.379217+0.004158 
[32]	train-rmse:0.379040+0.001234	test-rmse:0.379105+0.004113 
[33]	train-rmse:0.378936+0.001285	test-rmse:0.379006+0.004070 
[34]	train-rmse:0.378794+0.001238	test-rmse:0.378866+0.004153 
[35]	train-rmse:0.378767+0.001234	test-rmse:0.378839+0.004153 
[36]	train-rmse:0.378659+0.001278	test-rmse:0.378736+0.004076 
[37]	train-rmse:0.378632+0.001277	test-rmse:0.378711+0.004076 
[38]	train-rmse:0.378610+0.001275	test-rmse:0.378689+0.004077 
[39]	train-rmse:0.378588+0.001276	test-rmse:0.378667+0.004075 
[40]	train-rmse:0.378519+0.001224	test-rmse:0.378600+0.004112 
[41]	train-rmse:0.378456+0.001240	test-rmse:0.378538+0.004124 
[42]	train-rmse:0.378396+0.001197	test-rmse:0.378479+0.004160 
[43]	train-rmse:0.378373+0.001195	test-rmse:0.378457+0.004162 
[44]	train-rmse:0.378353+0.001196	test-rmse:0.378437+0.004162 
[45]	train-rmse:0.378331+0.001194	test-rmse:0.378415+0.004162 
[46]	train-rmse:0.378272+0.001175	test-rmse:0.378360+0.004190 
[47]	train-rmse:0.378211+0.001163	test-rmse:0.378304+0.004217 
[48]	train-rmse:0.378073+0.001145	test-rmse:0.378169+0.004252 
[49]	train-rmse:0.378056+0.001144	test-rmse:0.378152+0.004251 
[50]	train-rmse:0.378039+0.001144	test-rmse:0.378136+0.004251 
[51]	train-rmse:0.378022+0.001145	test-rmse:0.378119+0.004251 
[52]	train-rmse:0.377964+0.001096	test-rmse:0.378062+0.004286 
[53]	train-rmse:0.377946+0.001097	test-rmse:0.378044+0.004285 
[54]	train-rmse:0.377927+0.001096	test-rmse:0.378025+0.004285 
[55]	train-rmse:0.377867+0.001165	test-rmse:0.377967+0.004216 
[56]	train-rmse:0.377851+0.001162	test-rmse:0.377950+0.004219 
[57]	train-rmse:0.377794+0.001155	test-rmse:0.377896+0.004250 
[58]	train-rmse:0.377780+0.001154	test-rmse:0.377883+0.004251 
[59]	train-rmse:0.377681+0.001079	test-rmse:0.377786+0.004272 
[60]	train-rmse:0.377587+0.001104	test-rmse:0.377694+0.004245 
[61]	train-rmse:0.377575+0.001103	test-rmse:0.377682+0.004246 
[62]	train-rmse:0.377437+0.001038	test-rmse:0.377544+0.004290 
[63]	train-rmse:0.377423+0.001039	test-rmse:0.377530+0.004289 
[64]	train-rmse:0.377408+0.001041	test-rmse:0.377515+0.004287 
[65]	train-rmse:0.377395+0.001042	test-rmse:0.377503+0.004287 
[66]	train-rmse:0.377382+0.001043	test-rmse:0.377490+0.004285 
[67]	train-rmse:0.377325+0.001119	test-rmse:0.377434+0.004211 
[68]	train-rmse:0.377271+0.001131	test-rmse:0.377380+0.004226 
[69]	train-rmse:0.377218+0.001205	test-rmse:0.377326+0.004151 
[70]	train-rmse:0.377166+0.001218	test-rmse:0.377273+0.004170 
[71]	train-rmse:0.377151+0.001216	test-rmse:0.377259+0.004171 
[72]	train-rmse:0.377098+0.001234	test-rmse:0.377206+0.004192 
[73]	train-rmse:0.377083+0.001233	test-rmse:0.377191+0.004193 
[74]	train-rmse:0.377068+0.001232	test-rmse:0.377177+0.004195 
[75]	train-rmse:0.376974+0.001162	test-rmse:0.377085+0.004219 
[76]	train-rmse:0.376961+0.001161	test-rmse:0.377073+0.004220 
[77]	train-rmse:0.376944+0.001161	test-rmse:0.377055+0.004222 
[78]	train-rmse:0.376890+0.001133	test-rmse:0.377005+0.004211 
[79]	train-rmse:0.376879+0.001132	test-rmse:0.376993+0.004211 
[80]	train-rmse:0.376824+0.001205	test-rmse:0.376941+0.004138 
[81]	train-rmse:0.376728+0.001139	test-rmse:0.376848+0.004208 
[82]	train-rmse:0.376716+0.001137	test-rmse:0.376836+0.004210 
[83]	train-rmse:0.376705+0.001137	test-rmse:0.376825+0.004211 
[84]	train-rmse:0.376696+0.001137	test-rmse:0.376816+0.004211 
[85]	train-rmse:0.376599+0.001177	test-rmse:0.376720+0.004179 
[86]	train-rmse:0.376588+0.001177	test-rmse:0.376709+0.004180 
[87]	train-rmse:0.376537+0.001149	test-rmse:0.376660+0.004165 
[88]	train-rmse:0.376485+0.001125	test-rmse:0.376609+0.004194 
[89]	train-rmse:0.376476+0.001125	test-rmse:0.376601+0.004194 
[90]	train-rmse:0.376423+0.001105	test-rmse:0.376552+0.004222 
[91]	train-rmse:0.376412+0.001104	test-rmse:0.376540+0.004223 
[92]	train-rmse:0.376361+0.001180	test-rmse:0.376488+0.004147 
[93]	train-rmse:0.376268+0.001258	test-rmse:0.376396+0.004097 
[94]	train-rmse:0.376219+0.001231	test-rmse:0.376349+0.004082 
[95]	train-rmse:0.376209+0.001230	test-rmse:0.376339+0.004083 
[96]	train-rmse:0.376115+0.001188	test-rmse:0.376255+0.004098 
[97]	train-rmse:0.376106+0.001188	test-rmse:0.376245+0.004098 
[98]	train-rmse:0.376097+0.001188	test-rmse:0.376237+0.004098 
[99]	train-rmse:0.376002+0.001123	test-rmse:0.376141+0.004127 
[100]	train-rmse:0.375992+0.001123	test-rmse:0.376132+0.004128 
[101]	train-rmse:0.375940+0.001128	test-rmse:0.376081+0.004145 
[102]	train-rmse:0.375931+0.001129	test-rmse:0.376072+0.004144 
[103]	train-rmse:0.375881+0.001112	test-rmse:0.376024+0.004132 
[104]	train-rmse:0.375790+0.001102	test-rmse:0.375936+0.004178 
[105]	train-rmse:0.375782+0.001102	test-rmse:0.375928+0.004178 
[106]	train-rmse:0.375774+0.001101	test-rmse:0.375920+0.004179 
[107]	train-rmse:0.375766+0.001101	test-rmse:0.375912+0.004179 
[108]	train-rmse:0.375758+0.001100	test-rmse:0.375905+0.004179 
[109]	train-rmse:0.375707+0.001053	test-rmse:0.375855+0.004218 
[110]	train-rmse:0.375699+0.001053	test-rmse:0.375847+0.004218 
[111]	train-rmse:0.375607+0.000989	test-rmse:0.375760+0.004285 
[112]	train-rmse:0.375599+0.000989	test-rmse:0.375752+0.004284 
[113]	train-rmse:0.375591+0.000989	test-rmse:0.375744+0.004285 
[114]	train-rmse:0.375542+0.001000	test-rmse:0.375693+0.004303 
[115]	train-rmse:0.375533+0.001001	test-rmse:0.375685+0.004303 
[116]	train-rmse:0.375485+0.001073	test-rmse:0.375636+0.004229 
[117]	train-rmse:0.375395+0.001016	test-rmse:0.375549+0.004295 
[118]	train-rmse:0.375307+0.000998	test-rmse:0.375464+0.004301 
[119]	train-rmse:0.375299+0.000998	test-rmse:0.375456+0.004301 
[120]	train-rmse:0.375248+0.000980	test-rmse:0.375409+0.004331 
[121]	train-rmse:0.375199+0.000997	test-rmse:0.375361+0.004351 
[122]	train-rmse:0.375193+0.000997	test-rmse:0.375355+0.004351 
[123]	train-rmse:0.375142+0.000969	test-rmse:0.375306+0.004339 
[124]	train-rmse:0.375094+0.000956	test-rmse:0.375260+0.004368 
[125]	train-rmse:0.375087+0.000957	test-rmse:0.375253+0.004367 
[126]	train-rmse:0.375037+0.000951	test-rmse:0.375208+0.004396 
[127]	train-rmse:0.375029+0.000951	test-rmse:0.375200+0.004395 
[128]	train-rmse:0.374982+0.000899	test-rmse:0.375153+0.004432 
[129]	train-rmse:0.374975+0.000900	test-rmse:0.375146+0.004431 
[130]	train-rmse:0.374925+0.000901	test-rmse:0.375098+0.004462 
[131]	train-rmse:0.374918+0.000901	test-rmse:0.375091+0.004462 
[132]	train-rmse:0.374911+0.000901	test-rmse:0.375085+0.004462 
[133]	train-rmse:0.374905+0.000901	test-rmse:0.375078+0.004462 
[134]	train-rmse:0.374860+0.000966	test-rmse:0.375034+0.004394 
[135]	train-rmse:0.374811+0.000971	test-rmse:0.374989+0.004425 
[136]	train-rmse:0.374804+0.000971	test-rmse:0.374982+0.004425 
[137]	train-rmse:0.374797+0.000972	test-rmse:0.374976+0.004425 
[138]	train-rmse:0.374750+0.000983	test-rmse:0.374928+0.004443 
[139]	train-rmse:0.374744+0.000983	test-rmse:0.374922+0.004443 
[140]	train-rmse:0.374738+0.000983	test-rmse:0.374916+0.004443 
[141]	train-rmse:0.374732+0.000983	test-rmse:0.374910+0.004443 
[142]	train-rmse:0.374726+0.000982	test-rmse:0.374904+0.004443 
[143]	train-rmse:0.374719+0.000983	test-rmse:0.374897+0.004443 
[144]	train-rmse:0.374712+0.000982	test-rmse:0.374890+0.004443 
[145]	train-rmse:0.374706+0.000983	test-rmse:0.374884+0.004444 
[146]	train-rmse:0.374657+0.000932	test-rmse:0.374837+0.004480 
[147]	train-rmse:0.374652+0.000933	test-rmse:0.374832+0.004479 
[148]	train-rmse:0.374559+0.000956	test-rmse:0.374741+0.004447 
[149]	train-rmse:0.374554+0.000956	test-rmse:0.374736+0.004446 
[150]	train-rmse:0.374506+0.000915	test-rmse:0.374689+0.004431 
[151]	train-rmse:0.374500+0.000916	test-rmse:0.374683+0.004430 
[152]	train-rmse:0.374411+0.000885	test-rmse:0.374599+0.004447 
[153]	train-rmse:0.374320+0.000847	test-rmse:0.374513+0.004517 
[154]	train-rmse:0.374274+0.000915	test-rmse:0.374470+0.004450 
[155]	train-rmse:0.374268+0.000915	test-rmse:0.374464+0.004450 
[156]	train-rmse:0.374263+0.000915	test-rmse:0.374459+0.004450 
[157]	train-rmse:0.374257+0.000915	test-rmse:0.374453+0.004449 
[158]	train-rmse:0.374251+0.000915	test-rmse:0.374448+0.004450 
[159]	train-rmse:0.374245+0.000915	test-rmse:0.374442+0.004450 
[160]	train-rmse:0.374239+0.000914	test-rmse:0.374436+0.004451 
[161]	train-rmse:0.374193+0.000880	test-rmse:0.374393+0.004439 
[162]	train-rmse:0.374187+0.000880	test-rmse:0.374387+0.004439 
[163]	train-rmse:0.374104+0.000927	test-rmse:0.374306+0.004358 
[164]	train-rmse:0.374012+0.001009	test-rmse:0.374220+0.004316 
[165]	train-rmse:0.374007+0.001010	test-rmse:0.374215+0.004316 
[166]	train-rmse:0.373960+0.001023	test-rmse:0.374171+0.004349 
[167]	train-rmse:0.373867+0.001033	test-rmse:0.374082+0.004398 
[168]	train-rmse:0.373819+0.000982	test-rmse:0.374036+0.004435 
[169]	train-rmse:0.373773+0.001050	test-rmse:0.373992+0.004364 
[170]	train-rmse:0.373727+0.001071	test-rmse:0.373949+0.004397 
[171]	train-rmse:0.373678+0.001039	test-rmse:0.373901+0.004383 
[172]	train-rmse:0.373672+0.001039	test-rmse:0.373895+0.004383 
[173]	train-rmse:0.373667+0.001038	test-rmse:0.373890+0.004383 
[174]	train-rmse:0.373621+0.000991	test-rmse:0.373846+0.004419 
[175]	train-rmse:0.373532+0.001021	test-rmse:0.373757+0.004381 
[176]	train-rmse:0.373527+0.001021	test-rmse:0.373752+0.004381 
[177]	train-rmse:0.373523+0.001020	test-rmse:0.373748+0.004381 
[178]	train-rmse:0.373518+0.001021	test-rmse:0.373743+0.004381 
[179]	train-rmse:0.373432+0.001010	test-rmse:0.373662+0.004400 
[180]	train-rmse:0.373427+0.001010	test-rmse:0.373657+0.004401 
[181]	train-rmse:0.373338+0.000996	test-rmse:0.373573+0.004473 
[182]	train-rmse:0.373250+0.001045	test-rmse:0.373486+0.004411 
[183]	train-rmse:0.373165+0.001053	test-rmse:0.373403+0.004456 
[184]	train-rmse:0.373119+0.001042	test-rmse:0.373358+0.004468 
[185]	train-rmse:0.373114+0.001042	test-rmse:0.373353+0.004468 
[186]	train-rmse:0.373067+0.001000	test-rmse:0.373307+0.004505 
[187]	train-rmse:0.373018+0.000993	test-rmse:0.373256+0.004522 
[188]	train-rmse:0.373013+0.000993	test-rmse:0.373252+0.004522 
[189]	train-rmse:0.372970+0.000954	test-rmse:0.373209+0.004509 
[190]	train-rmse:0.372922+0.000984	test-rmse:0.373167+0.004542 
[191]	train-rmse:0.372918+0.000984	test-rmse:0.373162+0.004542 
[192]	train-rmse:0.372869+0.001021	test-rmse:0.373117+0.004579 
[193]	train-rmse:0.372822+0.001061	test-rmse:0.373076+0.004613 
[194]	train-rmse:0.372774+0.001021	test-rmse:0.373030+0.004599 
[195]	train-rmse:0.372728+0.000988	test-rmse:0.372986+0.004587 
[196]	train-rmse:0.372603+0.001034	test-rmse:0.372867+0.004583 
[197]	train-rmse:0.372557+0.001003	test-rmse:0.372820+0.004570 
[198]	train-rmse:0.372510+0.000979	test-rmse:0.372775+0.004559 
[199]	train-rmse:0.372506+0.000979	test-rmse:0.372771+0.004558 
[200]	train-rmse:0.372502+0.000979	test-rmse:0.372767+0.004559 
[201]	train-rmse:0.372497+0.000978	test-rmse:0.372762+0.004559 
[202]	train-rmse:0.372493+0.000978	test-rmse:0.372758+0.004559 
[203]	train-rmse:0.372408+0.000979	test-rmse:0.372675+0.004525 
[204]	train-rmse:0.372404+0.000979	test-rmse:0.372671+0.004525 
[205]	train-rmse:0.372359+0.000935	test-rmse:0.372627+0.004561 
[206]	train-rmse:0.372313+0.000996	test-rmse:0.372581+0.004487 
[207]	train-rmse:0.372309+0.000996	test-rmse:0.372577+0.004486 
[208]	train-rmse:0.372304+0.000996	test-rmse:0.372573+0.004486 
[209]	train-rmse:0.372256+0.000971	test-rmse:0.372526+0.004475 
[210]	train-rmse:0.372252+0.000971	test-rmse:0.372522+0.004475 
[211]	train-rmse:0.372122+0.000872	test-rmse:0.372393+0.004514 
[212]	train-rmse:0.372118+0.000872	test-rmse:0.372389+0.004514 
[213]	train-rmse:0.372114+0.000872	test-rmse:0.372385+0.004514 
[214]	train-rmse:0.372069+0.000937	test-rmse:0.372342+0.004442 
[215]	train-rmse:0.372065+0.000936	test-rmse:0.372338+0.004442 
[216]	train-rmse:0.372020+0.000909	test-rmse:0.372292+0.004453 
[217]	train-rmse:0.371974+0.000891	test-rmse:0.372245+0.004443 
[218]	train-rmse:0.371883+0.000828	test-rmse:0.372157+0.004472 
[219]	train-rmse:0.371838+0.000782	test-rmse:0.372112+0.004511 
[220]	train-rmse:0.371834+0.000782	test-rmse:0.372108+0.004511 
[221]	train-rmse:0.371830+0.000782	test-rmse:0.372104+0.004511 
[222]	train-rmse:0.371741+0.000766	test-rmse:0.372016+0.004587 
[223]	train-rmse:0.371737+0.000766	test-rmse:0.372012+0.004586 
[224]	train-rmse:0.371734+0.000766	test-rmse:0.372009+0.004586 
[225]	train-rmse:0.371729+0.000766	test-rmse:0.372005+0.004586 
[226]	train-rmse:0.371682+0.000836	test-rmse:0.371957+0.004508 
[227]	train-rmse:0.371679+0.000836	test-rmse:0.371954+0.004508 
[228]	train-rmse:0.371634+0.000904	test-rmse:0.371909+0.004435 
[229]	train-rmse:0.371631+0.000904	test-rmse:0.371905+0.004435 
[230]	train-rmse:0.371540+0.000830	test-rmse:0.371817+0.004486 
[231]	train-rmse:0.371455+0.000869	test-rmse:0.371730+0.004427 
[232]	train-rmse:0.371368+0.000918	test-rmse:0.371642+0.004365 
[233]	train-rmse:0.371282+0.000968	test-rmse:0.371559+0.004284 
[234]	train-rmse:0.371278+0.000967	test-rmse:0.371555+0.004284 
[235]	train-rmse:0.371234+0.000947	test-rmse:0.371511+0.004297 
[236]	train-rmse:0.371103+0.000913	test-rmse:0.371384+0.004331 
[237]	train-rmse:0.371099+0.000913	test-rmse:0.371380+0.004331 
[238]	train-rmse:0.371095+0.000913	test-rmse:0.371377+0.004330 
[239]	train-rmse:0.370967+0.000984	test-rmse:0.371250+0.004301 
[240]	train-rmse:0.370964+0.000984	test-rmse:0.371246+0.004301 
[241]	train-rmse:0.370960+0.000984	test-rmse:0.371243+0.004301 
[242]	train-rmse:0.370957+0.000984	test-rmse:0.371240+0.004301 
[243]	train-rmse:0.370911+0.000937	test-rmse:0.371193+0.004341 
[244]	train-rmse:0.370866+0.001012	test-rmse:0.371149+0.004268 
[245]	train-rmse:0.370820+0.001001	test-rmse:0.371102+0.004285 
[246]	train-rmse:0.370817+0.001001	test-rmse:0.371098+0.004285 
[247]	train-rmse:0.370727+0.000982	test-rmse:0.371013+0.004304 
[248]	train-rmse:0.370724+0.000982	test-rmse:0.371010+0.004304 
[249]	train-rmse:0.370720+0.000982	test-rmse:0.371007+0.004304 
[250]	train-rmse:0.370717+0.000981	test-rmse:0.371003+0.004304 
[251]	train-rmse:0.370713+0.000981	test-rmse:0.371000+0.004304 
[252]	train-rmse:0.370667+0.001057	test-rmse:0.370955+0.004229 
[253]	train-rmse:0.370620+0.001135	test-rmse:0.370908+0.004151 
[254]	train-rmse:0.370617+0.001136	test-rmse:0.370904+0.004150 
[255]	train-rmse:0.370571+0.001092	test-rmse:0.370860+0.004190 
[256]	train-rmse:0.370528+0.001081	test-rmse:0.370817+0.004205 
[257]	train-rmse:0.370439+0.001125	test-rmse:0.370730+0.004165 
[258]	train-rmse:0.370436+0.001125	test-rmse:0.370727+0.004165 
[259]	train-rmse:0.370391+0.001091	test-rmse:0.370682+0.004208 
[260]	train-rmse:0.370388+0.001092	test-rmse:0.370679+0.004207 
[261]	train-rmse:0.370385+0.001091	test-rmse:0.370676+0.004208 
[262]	train-rmse:0.370382+0.001091	test-rmse:0.370673+0.004208 
[263]	train-rmse:0.370335+0.001062	test-rmse:0.370627+0.004252 
[264]	train-rmse:0.370249+0.001015	test-rmse:0.370541+0.004253 
[265]	train-rmse:0.370165+0.001089	test-rmse:0.370456+0.004193 
[266]	train-rmse:0.370162+0.001090	test-rmse:0.370453+0.004192 
[267]	train-rmse:0.370117+0.001059	test-rmse:0.370409+0.004178 
[268]	train-rmse:0.370075+0.001051	test-rmse:0.370369+0.004203 
[269]	train-rmse:0.370031+0.001045	test-rmse:0.370324+0.004221 
[270]	train-rmse:0.369945+0.001096	test-rmse:0.370239+0.004133 
[271]	train-rmse:0.369942+0.001096	test-rmse:0.370236+0.004133 
[272]	train-rmse:0.369939+0.001096	test-rmse:0.370233+0.004133 
[273]	train-rmse:0.369892+0.001071	test-rmse:0.370187+0.004119 
[274]	train-rmse:0.369889+0.001071	test-rmse:0.370184+0.004120 
[275]	train-rmse:0.369762+0.001105	test-rmse:0.370056+0.004108 
[276]	train-rmse:0.369717+0.001186	test-rmse:0.370011+0.004032 
[277]	train-rmse:0.369714+0.001186	test-rmse:0.370008+0.004032 
[278]	train-rmse:0.369711+0.001186	test-rmse:0.370005+0.004032 
[279]	train-rmse:0.369708+0.001186	test-rmse:0.370002+0.004032 
[280]	train-rmse:0.369580+0.001229	test-rmse:0.369876+0.004021 
[281]	train-rmse:0.369536+0.001204	test-rmse:0.369833+0.004007 
[282]	train-rmse:0.369449+0.001183	test-rmse:0.369748+0.004052 
[283]	train-rmse:0.369405+0.001161	test-rmse:0.369707+0.004040 
[284]	train-rmse:0.369319+0.001204	test-rmse:0.369626+0.004006 
[285]	train-rmse:0.369316+0.001204	test-rmse:0.369623+0.004006 
[286]	train-rmse:0.369272+0.001173	test-rmse:0.369581+0.004047 
[287]	train-rmse:0.369227+0.001171	test-rmse:0.369535+0.004067 
[288]	train-rmse:0.369179+0.001147	test-rmse:0.369490+0.004093 
[289]	train-rmse:0.369176+0.001148	test-rmse:0.369488+0.004093 
[290]	train-rmse:0.369131+0.001132	test-rmse:0.369448+0.004117 
[291]	train-rmse:0.369128+0.001132	test-rmse:0.369445+0.004117 
[292]	train-rmse:0.369084+0.001122	test-rmse:0.369403+0.004144 
[293]	train-rmse:0.369040+0.001088	test-rmse:0.369359+0.004186 
[294]	train-rmse:0.368998+0.001082	test-rmse:0.369321+0.004211 
[295]	train-rmse:0.368911+0.001125	test-rmse:0.369236+0.004123 
[296]	train-rmse:0.368827+0.001064	test-rmse:0.369157+0.004148 
[297]	train-rmse:0.368824+0.001065	test-rmse:0.369154+0.004147 
[298]	train-rmse:0.368738+0.001034	test-rmse:0.369075+0.004163 
[299]	train-rmse:0.368695+0.001113	test-rmse:0.369030+0.004087 
[300]	train-rmse:0.368651+0.001192	test-rmse:0.368989+0.004019 
[301]	train-rmse:0.368648+0.001192	test-rmse:0.368986+0.004019 
[302]	train-rmse:0.368566+0.001258	test-rmse:0.368904+0.003961 
[303]	train-rmse:0.368519+0.001252	test-rmse:0.368859+0.003991 
[304]	train-rmse:0.368432+0.001216	test-rmse:0.368775+0.004064 
[305]	train-rmse:0.368429+0.001216	test-rmse:0.368772+0.004064 
[306]	train-rmse:0.368383+0.001221	test-rmse:0.368730+0.004095 
[307]	train-rmse:0.368339+0.001187	test-rmse:0.368686+0.004137 
[308]	train-rmse:0.368336+0.001187	test-rmse:0.368683+0.004137 
[309]	train-rmse:0.368333+0.001188	test-rmse:0.368681+0.004136 
[310]	train-rmse:0.368330+0.001187	test-rmse:0.368678+0.004137 
[311]	train-rmse:0.368287+0.001196	test-rmse:0.368638+0.004167 
[312]	train-rmse:0.368244+0.001270	test-rmse:0.368598+0.004102 
[313]	train-rmse:0.368160+0.001209	test-rmse:0.368516+0.004129 
[314]	train-rmse:0.368113+0.001220	test-rmse:0.368472+0.004162 
[315]	train-rmse:0.368027+0.001208	test-rmse:0.368391+0.004235 
[316]	train-rmse:0.368024+0.001208	test-rmse:0.368389+0.004235 
[317]	train-rmse:0.367979+0.001230	test-rmse:0.368347+0.004269 
[318]	train-rmse:0.367935+0.001201	test-rmse:0.368304+0.004280 
[319]	train-rmse:0.367850+0.001139	test-rmse:0.368220+0.004276 
[320]	train-rmse:0.367807+0.001209	test-rmse:0.368179+0.004209 
[321]	train-rmse:0.367805+0.001209	test-rmse:0.368177+0.004209 
[322]	train-rmse:0.367802+0.001209	test-rmse:0.368174+0.004209 
[323]	train-rmse:0.367799+0.001209	test-rmse:0.368171+0.004209 
[324]	train-rmse:0.367797+0.001209	test-rmse:0.368169+0.004209 
[325]	train-rmse:0.367755+0.001189	test-rmse:0.368127+0.004222 
[326]	train-rmse:0.367712+0.001156	test-rmse:0.368086+0.004207 
[327]	train-rmse:0.367584+0.001218	test-rmse:0.367965+0.004156 
[328]	train-rmse:0.367581+0.001218	test-rmse:0.367962+0.004156 
[329]	train-rmse:0.367537+0.001180	test-rmse:0.367919+0.004195 
[330]	train-rmse:0.367493+0.001157	test-rmse:0.367876+0.004208 
[331]	train-rmse:0.367491+0.001156	test-rmse:0.367874+0.004209 
[332]	train-rmse:0.367447+0.001121	test-rmse:0.367830+0.004249 
[333]	train-rmse:0.367403+0.001140	test-rmse:0.367788+0.004282 
[334]	train-rmse:0.367357+0.001106	test-rmse:0.367745+0.004267 
[335]	train-rmse:0.367314+0.001073	test-rmse:0.367702+0.004308 
[336]	train-rmse:0.367227+0.001170	test-rmse:0.367619+0.004266 
[337]	train-rmse:0.367181+0.001142	test-rmse:0.367572+0.004280 
[338]	train-rmse:0.367179+0.001142	test-rmse:0.367570+0.004279 
[339]	train-rmse:0.367135+0.001215	test-rmse:0.367527+0.004209 
[340]	train-rmse:0.367133+0.001215	test-rmse:0.367525+0.004209 
[341]	train-rmse:0.367090+0.001195	test-rmse:0.367483+0.004222 
[342]	train-rmse:0.367088+0.001195	test-rmse:0.367480+0.004222 
[343]	train-rmse:0.367045+0.001214	test-rmse:0.367442+0.004253 
[344]	train-rmse:0.367043+0.001214	test-rmse:0.367440+0.004253 
[345]	train-rmse:0.366958+0.001306	test-rmse:0.367359+0.004218 
[346]	train-rmse:0.366912+0.001269	test-rmse:0.367314+0.004200 
[347]	train-rmse:0.366910+0.001269	test-rmse:0.367312+0.004200 
[348]	train-rmse:0.366741+0.001199	test-rmse:0.367147+0.004269 
[349]	train-rmse:0.366698+0.001169	test-rmse:0.367105+0.004254 
[350]	train-rmse:0.366615+0.001262	test-rmse:0.367025+0.004217 
[351]	train-rmse:0.366613+0.001262	test-rmse:0.367023+0.004217 
[352]	train-rmse:0.366528+0.001195	test-rmse:0.366941+0.004243 
[353]	train-rmse:0.366486+0.001261	test-rmse:0.366898+0.004172 
[354]	train-rmse:0.366442+0.001332	test-rmse:0.366855+0.004101 
[355]	train-rmse:0.366440+0.001332	test-rmse:0.366853+0.004101 
[356]	train-rmse:0.366438+0.001332	test-rmse:0.366851+0.004100 
[357]	train-rmse:0.366396+0.001309	test-rmse:0.366811+0.004087 
[358]	train-rmse:0.366393+0.001309	test-rmse:0.366809+0.004087 
[359]	train-rmse:0.366307+0.001359	test-rmse:0.366725+0.004003 
[360]	train-rmse:0.366305+0.001359	test-rmse:0.366722+0.004003 
[361]	train-rmse:0.366302+0.001359	test-rmse:0.366720+0.004003 
[362]	train-rmse:0.366300+0.001359	test-rmse:0.366718+0.004003 
[363]	train-rmse:0.366169+0.001305	test-rmse:0.366594+0.004086 
[364]	train-rmse:0.366166+0.001305	test-rmse:0.366592+0.004086 
[365]	train-rmse:0.366122+0.001267	test-rmse:0.366549+0.004126 
[366]	train-rmse:0.366037+0.001200	test-rmse:0.366466+0.004178 
[367]	train-rmse:0.366035+0.001200	test-rmse:0.366463+0.004178 
[368]	train-rmse:0.365989+0.001222	test-rmse:0.366422+0.004212 
[369]	train-rmse:0.365987+0.001222	test-rmse:0.366420+0.004212 
[370]	train-rmse:0.365985+0.001222	test-rmse:0.366417+0.004212 
[371]	train-rmse:0.365982+0.001222	test-rmse:0.366415+0.004212 
[372]	train-rmse:0.365901+0.001161	test-rmse:0.366331+0.004264 
[373]	train-rmse:0.365898+0.001161	test-rmse:0.366329+0.004264 
[374]	train-rmse:0.365896+0.001161	test-rmse:0.366327+0.004263 
[375]	train-rmse:0.365894+0.001161	test-rmse:0.366325+0.004263 
[376]	train-rmse:0.365849+0.001187	test-rmse:0.366285+0.004296 
[377]	train-rmse:0.365847+0.001187	test-rmse:0.366282+0.004296 
[378]	train-rmse:0.365845+0.001187	test-rmse:0.366280+0.004296 
[379]	train-rmse:0.365842+0.001187	test-rmse:0.366278+0.004296 
[380]	train-rmse:0.365840+0.001187	test-rmse:0.366276+0.004296 
[381]	train-rmse:0.365754+0.001123	test-rmse:0.366194+0.004319 
[382]	train-rmse:0.365752+0.001123	test-rmse:0.366191+0.004319 
[383]	train-rmse:0.365667+0.001061	test-rmse:0.366107+0.004370 
[384]	train-rmse:0.365665+0.001061	test-rmse:0.366105+0.004370 
[385]	train-rmse:0.365663+0.001061	test-rmse:0.366103+0.004370 
[386]	train-rmse:0.365576+0.000994	test-rmse:0.366016+0.004369 
[387]	train-rmse:0.365574+0.000993	test-rmse:0.366014+0.004369 
[388]	train-rmse:0.365571+0.000994	test-rmse:0.366012+0.004369 
[389]	train-rmse:0.365569+0.000994	test-rmse:0.366010+0.004369 
[390]	train-rmse:0.365528+0.000968	test-rmse:0.365968+0.004382 
[391]	train-rmse:0.365526+0.000968	test-rmse:0.365966+0.004382 
[392]	train-rmse:0.365524+0.000968	test-rmse:0.365964+0.004382 
[393]	train-rmse:0.365439+0.001010	test-rmse:0.365880+0.004295 
[394]	train-rmse:0.365437+0.001010	test-rmse:0.365878+0.004296 
[395]	train-rmse:0.365392+0.000983	test-rmse:0.365836+0.004283 
[396]	train-rmse:0.365390+0.000983	test-rmse:0.365834+0.004283 
[397]	train-rmse:0.365345+0.000963	test-rmse:0.365790+0.004272 
[398]	train-rmse:0.365343+0.000963	test-rmse:0.365789+0.004272 
[399]	train-rmse:0.365341+0.000963	test-rmse:0.365786+0.004272 
[400]	train-rmse:0.365339+0.000963	test-rmse:0.365784+0.004272 
[401]	train-rmse:0.365336+0.000963	test-rmse:0.365782+0.004272 
[402]	train-rmse:0.365295+0.000936	test-rmse:0.365742+0.004285 
[403]	train-rmse:0.365252+0.000922	test-rmse:0.365700+0.004275 
[404]	train-rmse:0.365250+0.000922	test-rmse:0.365698+0.004275 
[405]	train-rmse:0.365207+0.000898	test-rmse:0.365654+0.004291 
[406]	train-rmse:0.365205+0.000897	test-rmse:0.365652+0.004291 
[407]	train-rmse:0.365202+0.000897	test-rmse:0.365650+0.004291 
[408]	train-rmse:0.365160+0.000970	test-rmse:0.365608+0.004217 
[409]	train-rmse:0.365158+0.000970	test-rmse:0.365606+0.004217 
[410]	train-rmse:0.365115+0.000960	test-rmse:0.365564+0.004208 
[411]	train-rmse:0.365076+0.000916	test-rmse:0.365525+0.004244 
[412]	train-rmse:0.365034+0.000990	test-rmse:0.365486+0.004177 
[413]	train-rmse:0.365032+0.000990	test-rmse:0.365484+0.004177 
[414]	train-rmse:0.364991+0.000983	test-rmse:0.365445+0.004169 
[415]	train-rmse:0.364989+0.000983	test-rmse:0.365443+0.004169 
[416]	train-rmse:0.364946+0.000940	test-rmse:0.365400+0.004210 
[417]	train-rmse:0.364900+0.000944	test-rmse:0.365358+0.004238 
[418]	train-rmse:0.364898+0.000944	test-rmse:0.365356+0.004238 
[419]	train-rmse:0.364812+0.000871	test-rmse:0.365270+0.004295 
[420]	train-rmse:0.364769+0.000947	test-rmse:0.365226+0.004220 
[421]	train-rmse:0.364767+0.000947	test-rmse:0.365224+0.004220 
[422]	train-rmse:0.364765+0.000947	test-rmse:0.365223+0.004220 
[423]	train-rmse:0.364763+0.000947	test-rmse:0.365221+0.004220 
[424]	train-rmse:0.364761+0.000947	test-rmse:0.365219+0.004220 
[425]	train-rmse:0.364676+0.000998	test-rmse:0.365136+0.004166 
[426]	train-rmse:0.364674+0.000998	test-rmse:0.365134+0.004166 
[427]	train-rmse:0.364634+0.001072	test-rmse:0.365095+0.004099 
[428]	train-rmse:0.364632+0.001072	test-rmse:0.365093+0.004099 
[429]	train-rmse:0.364630+0.001072	test-rmse:0.365091+0.004099 
[430]	train-rmse:0.364628+0.001072	test-rmse:0.365089+0.004099 
[431]	train-rmse:0.364626+0.001072	test-rmse:0.365087+0.004099 
[432]	train-rmse:0.364582+0.001059	test-rmse:0.365046+0.004089 
[433]	train-rmse:0.364540+0.001038	test-rmse:0.365003+0.004104 
[434]	train-rmse:0.364538+0.001038	test-rmse:0.365001+0.004104 
[435]	train-rmse:0.364495+0.001030	test-rmse:0.364959+0.004095 
[436]	train-rmse:0.364451+0.001025	test-rmse:0.364917+0.004122 
[437]	train-rmse:0.364405+0.001028	test-rmse:0.364876+0.004150 
[438]	train-rmse:0.364279+0.001087	test-rmse:0.364754+0.004118 
[439]	train-rmse:0.364199+0.001108	test-rmse:0.364675+0.004087 
[440]	train-rmse:0.364197+0.001108	test-rmse:0.364672+0.004087 
[441]	train-rmse:0.364113+0.001051	test-rmse:0.364592+0.004116 
[442]	train-rmse:0.364112+0.001051	test-rmse:0.364590+0.004116 
[443]	train-rmse:0.364068+0.001028	test-rmse:0.364548+0.004131 
[444]	train-rmse:0.364066+0.001028	test-rmse:0.364546+0.004131 
[445]	train-rmse:0.364023+0.001105	test-rmse:0.364502+0.004054 
[446]	train-rmse:0.364021+0.001105	test-rmse:0.364500+0.004054 
[447]	train-rmse:0.363939+0.001163	test-rmse:0.364420+0.004000 
[448]	train-rmse:0.363937+0.001163	test-rmse:0.364418+0.004000 
[449]	train-rmse:0.363853+0.001148	test-rmse:0.364340+0.004016 
[450]	train-rmse:0.363851+0.001148	test-rmse:0.364338+0.004016 
[451]	train-rmse:0.363769+0.001223	test-rmse:0.364259+0.003971 
[452]	train-rmse:0.363767+0.001223	test-rmse:0.364257+0.003971 
[453]	train-rmse:0.363765+0.001223	test-rmse:0.364256+0.003971 
[454]	train-rmse:0.363763+0.001223	test-rmse:0.364254+0.003971 
[455]	train-rmse:0.363762+0.001223	test-rmse:0.364252+0.003971 
[456]	train-rmse:0.363676+0.001158	test-rmse:0.364166+0.004030 
[457]	train-rmse:0.363674+0.001158	test-rmse:0.364164+0.004030 
[458]	train-rmse:0.363632+0.001145	test-rmse:0.364123+0.004047 
[459]	train-rmse:0.363589+0.001221	test-rmse:0.364081+0.003974 
[460]	train-rmse:0.363545+0.001203	test-rmse:0.364039+0.003962 
[461]	train-rmse:0.363544+0.001203	test-rmse:0.364037+0.003962 
[462]	train-rmse:0.363542+0.001203	test-rmse:0.364035+0.003962 
[463]	train-rmse:0.363459+0.001191	test-rmse:0.363959+0.003976 
[464]	train-rmse:0.363457+0.001191	test-rmse:0.363957+0.003976 
[465]	train-rmse:0.363415+0.001263	test-rmse:0.363915+0.003902 
[466]	train-rmse:0.363372+0.001267	test-rmse:0.363875+0.003931 
[467]	train-rmse:0.363371+0.001267	test-rmse:0.363873+0.003931 
[468]	train-rmse:0.363369+0.001267	test-rmse:0.363872+0.003931 
[469]	train-rmse:0.363367+0.001267	test-rmse:0.363870+0.003931 
[470]	train-rmse:0.363365+0.001267	test-rmse:0.363868+0.003931 
[471]	train-rmse:0.363364+0.001267	test-rmse:0.363866+0.003931 
[472]	train-rmse:0.363320+0.001217	test-rmse:0.363824+0.003969 
[473]	train-rmse:0.363318+0.001217	test-rmse:0.363823+0.003969 
[474]	train-rmse:0.363277+0.001201	test-rmse:0.363781+0.003986 
[475]	train-rmse:0.363275+0.001201	test-rmse:0.363779+0.003986 
[476]	train-rmse:0.363235+0.001157	test-rmse:0.363741+0.004021 
[477]	train-rmse:0.363233+0.001157	test-rmse:0.363739+0.004021 
[478]	train-rmse:0.363191+0.001163	test-rmse:0.363699+0.004049 
[479]	train-rmse:0.363062+0.001230	test-rmse:0.363574+0.004022 
[480]	train-rmse:0.363021+0.001186	test-rmse:0.363533+0.004060 
[481]	train-rmse:0.363019+0.001186	test-rmse:0.363531+0.004059 
[482]	train-rmse:0.363017+0.001186	test-rmse:0.363530+0.004059 
[483]	train-rmse:0.362938+0.001215	test-rmse:0.363450+0.004027 
[484]	train-rmse:0.362897+0.001289	test-rmse:0.363408+0.003955 
[485]	train-rmse:0.362855+0.001266	test-rmse:0.363368+0.003941 
[486]	train-rmse:0.362773+0.001301	test-rmse:0.363286+0.003911 
[487]	train-rmse:0.362772+0.001301	test-rmse:0.363284+0.003911 
[488]	train-rmse:0.362770+0.001301	test-rmse:0.363283+0.003911 
[489]	train-rmse:0.362768+0.001301	test-rmse:0.363281+0.003911 
[490]	train-rmse:0.362727+0.001376	test-rmse:0.363241+0.003843 
[491]	train-rmse:0.362685+0.001344	test-rmse:0.363200+0.003885 
[492]	train-rmse:0.362683+0.001344	test-rmse:0.363198+0.003885 
[493]	train-rmse:0.362682+0.001344	test-rmse:0.363196+0.003885 
[494]	train-rmse:0.362640+0.001316	test-rmse:0.363155+0.003929 
[495]	train-rmse:0.362600+0.001292	test-rmse:0.363116+0.003914 
[496]	train-rmse:0.362598+0.001292	test-rmse:0.363114+0.003914 
[497]	train-rmse:0.362596+0.001292	test-rmse:0.363113+0.003914 
[498]	train-rmse:0.362556+0.001368	test-rmse:0.363072+0.003845 
[499]	train-rmse:0.362515+0.001444	test-rmse:0.363030+0.003775 
[500]	train-rmse:0.362514+0.001444	test-rmse:0.363028+0.003775 
[501]	train-rmse:0.362512+0.001444	test-rmse:0.363027+0.003775 
[502]	train-rmse:0.362428+0.001397	test-rmse:0.362946+0.003805 
[503]	train-rmse:0.362427+0.001397	test-rmse:0.362945+0.003805 
[504]	train-rmse:0.362425+0.001397	test-rmse:0.362943+0.003805 
[505]	train-rmse:0.362423+0.001397	test-rmse:0.362942+0.003805 
[506]	train-rmse:0.362301+0.001344	test-rmse:0.362823+0.003830 
[507]	train-rmse:0.362258+0.001328	test-rmse:0.362781+0.003817 
[508]	train-rmse:0.362256+0.001328	test-rmse:0.362779+0.003817 
[509]	train-rmse:0.362255+0.001328	test-rmse:0.362777+0.003817 
[510]	train-rmse:0.362253+0.001328	test-rmse:0.362776+0.003817 
[511]	train-rmse:0.362251+0.001328	test-rmse:0.362774+0.003817 
[512]	train-rmse:0.362208+0.001410	test-rmse:0.362730+0.003741 
[513]	train-rmse:0.362167+0.001399	test-rmse:0.362689+0.003729 
[514]	train-rmse:0.362125+0.001393	test-rmse:0.362650+0.003754 
[515]	train-rmse:0.362124+0.001393	test-rmse:0.362649+0.003754 
[516]	train-rmse:0.362081+0.001385	test-rmse:0.362607+0.003744 
[517]	train-rmse:0.362079+0.001385	test-rmse:0.362605+0.003744 
[518]	train-rmse:0.362038+0.001355	test-rmse:0.362564+0.003756 
[519]	train-rmse:0.361959+0.001295	test-rmse:0.362487+0.003809 
[520]	train-rmse:0.361917+0.001374	test-rmse:0.362445+0.003737 
[521]	train-rmse:0.361876+0.001450	test-rmse:0.362405+0.003667 
[522]	train-rmse:0.361874+0.001450	test-rmse:0.362403+0.003667 
[523]	train-rmse:0.361873+0.001450	test-rmse:0.362401+0.003667 
[524]	train-rmse:0.361871+0.001450	test-rmse:0.362400+0.003667 
[525]	train-rmse:0.361828+0.001441	test-rmse:0.362358+0.003656 
[526]	train-rmse:0.361746+0.001412	test-rmse:0.362277+0.003660 
[527]	train-rmse:0.361624+0.001430	test-rmse:0.362156+0.003647 
[528]	train-rmse:0.361580+0.001398	test-rmse:0.362113+0.003693 
[529]	train-rmse:0.361579+0.001398	test-rmse:0.362112+0.003693 
[530]	train-rmse:0.361497+0.001358	test-rmse:0.362031+0.003730 
[531]	train-rmse:0.361495+0.001358	test-rmse:0.362030+0.003730 
[532]	train-rmse:0.361452+0.001344	test-rmse:0.361990+0.003754 
[533]	train-rmse:0.361412+0.001325	test-rmse:0.361949+0.003769 
[534]	train-rmse:0.361411+0.001326	test-rmse:0.361948+0.003769 
[535]	train-rmse:0.361409+0.001325	test-rmse:0.361946+0.003769 
[536]	train-rmse:0.361325+0.001278	test-rmse:0.361863+0.003805 
[537]	train-rmse:0.361283+0.001259	test-rmse:0.361822+0.003821 
[538]	train-rmse:0.361282+0.001259	test-rmse:0.361821+0.003821 
[539]	train-rmse:0.361203+0.001321	test-rmse:0.361743+0.003746 
[540]	train-rmse:0.361202+0.001321	test-rmse:0.361742+0.003746 
[541]	train-rmse:0.361159+0.001306	test-rmse:0.361700+0.003764 
[542]	train-rmse:0.361157+0.001305	test-rmse:0.361698+0.003764 
[543]	train-rmse:0.361155+0.001305	test-rmse:0.361697+0.003764 
[544]	train-rmse:0.361154+0.001306	test-rmse:0.361695+0.003764 
[545]	train-rmse:0.361153+0.001306	test-rmse:0.361694+0.003764 
[546]	train-rmse:0.361151+0.001306	test-rmse:0.361692+0.003764 
[547]	train-rmse:0.361069+0.001361	test-rmse:0.361615+0.003720 
[548]	train-rmse:0.361068+0.001361	test-rmse:0.361613+0.003720 
[549]	train-rmse:0.361026+0.001324	test-rmse:0.361572+0.003762 
[550]	train-rmse:0.361024+0.001324	test-rmse:0.361571+0.003762 
[551]	train-rmse:0.361023+0.001324	test-rmse:0.361570+0.003762 
[552]	train-rmse:0.360981+0.001310	test-rmse:0.361527+0.003781 
[553]	train-rmse:0.360940+0.001277	test-rmse:0.361488+0.003821 
[554]	train-rmse:0.360939+0.001277	test-rmse:0.361486+0.003821 
[555]	train-rmse:0.360816+0.001214	test-rmse:0.361367+0.003905 
[556]	train-rmse:0.360773+0.001205	test-rmse:0.361323+0.003926 
[557]	train-rmse:0.360731+0.001284	test-rmse:0.361282+0.003854 
[558]	train-rmse:0.360730+0.001284	test-rmse:0.361280+0.003854 
[559]	train-rmse:0.360646+0.001246	test-rmse:0.361201+0.003862 
[560]	train-rmse:0.360645+0.001246	test-rmse:0.361200+0.003861 
[561]	train-rmse:0.360602+0.001231	test-rmse:0.361158+0.003849 
[562]	train-rmse:0.360562+0.001307	test-rmse:0.361119+0.003781 
[563]	train-rmse:0.360516+0.001291	test-rmse:0.361078+0.003804 
[564]	train-rmse:0.360476+0.001366	test-rmse:0.361039+0.003735 
[565]	train-rmse:0.360475+0.001366	test-rmse:0.361037+0.003735 
[566]	train-rmse:0.360392+0.001318	test-rmse:0.360956+0.003765 
[567]	train-rmse:0.360391+0.001318	test-rmse:0.360955+0.003765 
[568]	train-rmse:0.360308+0.001269	test-rmse:0.360873+0.003828 
[569]	train-rmse:0.360306+0.001269	test-rmse:0.360871+0.003828 
[570]	train-rmse:0.360305+0.001269	test-rmse:0.360870+0.003828 
[571]	train-rmse:0.360264+0.001347	test-rmse:0.360830+0.003760 
[572]	train-rmse:0.360223+0.001424	test-rmse:0.360788+0.003687 
[573]	train-rmse:0.360222+0.001424	test-rmse:0.360787+0.003687 
[574]	train-rmse:0.360140+0.001489	test-rmse:0.360706+0.003604 
[575]	train-rmse:0.360016+0.001433	test-rmse:0.360584+0.003653 
[576]	train-rmse:0.359977+0.001427	test-rmse:0.360546+0.003643 
[577]	train-rmse:0.359933+0.001394	test-rmse:0.360503+0.003690 
[578]	train-rmse:0.359931+0.001394	test-rmse:0.360502+0.003690 
[579]	train-rmse:0.359849+0.001363	test-rmse:0.360426+0.003698 
[580]	train-rmse:0.359768+0.001338	test-rmse:0.360348+0.003709 
[581]	train-rmse:0.359725+0.001305	test-rmse:0.360306+0.003755 
[582]	train-rmse:0.359685+0.001285	test-rmse:0.360269+0.003774 
[583]	train-rmse:0.359642+0.001261	test-rmse:0.360227+0.003790 
[584]	train-rmse:0.359602+0.001261	test-rmse:0.360188+0.003782 
[585]	train-rmse:0.359480+0.001277	test-rmse:0.360067+0.003776 
[586]	train-rmse:0.359479+0.001277	test-rmse:0.360066+0.003776 
[587]	train-rmse:0.359477+0.001277	test-rmse:0.360064+0.003776 
[588]	train-rmse:0.359476+0.001277	test-rmse:0.360063+0.003776 
[589]	train-rmse:0.359434+0.001246	test-rmse:0.360023+0.003820 
[590]	train-rmse:0.359393+0.001324	test-rmse:0.359983+0.003750 
[591]	train-rmse:0.359392+0.001324	test-rmse:0.359982+0.003750 
[592]	train-rmse:0.359352+0.001300	test-rmse:0.359941+0.003796 
[593]	train-rmse:0.359350+0.001300	test-rmse:0.359940+0.003796 
[594]	train-rmse:0.359307+0.001297	test-rmse:0.359896+0.003787 
[595]	train-rmse:0.359224+0.001244	test-rmse:0.359820+0.003849 
[596]	train-rmse:0.359183+0.001226	test-rmse:0.359781+0.003895 
[597]	train-rmse:0.359182+0.001226	test-rmse:0.359780+0.003895 
[598]	train-rmse:0.359143+0.001212	test-rmse:0.359741+0.003940 
[599]	train-rmse:0.359102+0.001185	test-rmse:0.359700+0.003954 
[600]	train-rmse:0.359062+0.001181	test-rmse:0.359660+0.003945 
[601]	train-rmse:0.359061+0.001181	test-rmse:0.359659+0.003945 
[602]	train-rmse:0.359059+0.001181	test-rmse:0.359658+0.003945 
[603]	train-rmse:0.358978+0.001122	test-rmse:0.359578+0.003976 
[604]	train-rmse:0.358936+0.001120	test-rmse:0.359539+0.003969 
[605]	train-rmse:0.358935+0.001120	test-rmse:0.359538+0.003969 
[606]	train-rmse:0.358858+0.001107	test-rmse:0.359466+0.004004 
[607]	train-rmse:0.358779+0.001086	test-rmse:0.359390+0.004014 
[608]	train-rmse:0.358736+0.001070	test-rmse:0.359349+0.004062 
[609]	train-rmse:0.358694+0.001046	test-rmse:0.359305+0.004078 
[610]	train-rmse:0.358693+0.001046	test-rmse:0.359304+0.004078 
[611]	train-rmse:0.358651+0.001055	test-rmse:0.359263+0.004073 
[612]	train-rmse:0.358610+0.001036	test-rmse:0.359221+0.004091 
[613]	train-rmse:0.358609+0.001036	test-rmse:0.359220+0.004091 
[614]	train-rmse:0.358567+0.001020	test-rmse:0.359179+0.004137 
[615]	train-rmse:0.358486+0.000984	test-rmse:0.359103+0.004145 
[616]	train-rmse:0.358406+0.001037	test-rmse:0.359026+0.004126 
[617]	train-rmse:0.358405+0.001037	test-rmse:0.359025+0.004126 
[618]	train-rmse:0.358403+0.001037	test-rmse:0.359024+0.004126 
[619]	train-rmse:0.358364+0.001030	test-rmse:0.358985+0.004171 
[620]	train-rmse:0.358363+0.001030	test-rmse:0.358983+0.004171 
[621]	train-rmse:0.358362+0.001030	test-rmse:0.358982+0.004171 
[622]	train-rmse:0.358360+0.001030	test-rmse:0.358981+0.004171 
[623]	train-rmse:0.358359+0.001030	test-rmse:0.358980+0.004171 
[624]	train-rmse:0.358319+0.001042	test-rmse:0.358942+0.004167 
[625]	train-rmse:0.358318+0.001042	test-rmse:0.358941+0.004167 
[626]	train-rmse:0.358277+0.001039	test-rmse:0.358900+0.004216 
[627]	train-rmse:0.358239+0.001054	test-rmse:0.358863+0.004213 
[628]	train-rmse:0.358238+0.001054	test-rmse:0.358861+0.004213 
[629]	train-rmse:0.358237+0.001054	test-rmse:0.358860+0.004213 
[630]	train-rmse:0.358195+0.001056	test-rmse:0.358821+0.004260 
[631]	train-rmse:0.358115+0.001082	test-rmse:0.358743+0.004309 
[632]	train-rmse:0.358114+0.001082	test-rmse:0.358742+0.004309 
[633]	train-rmse:0.357995+0.001127	test-rmse:0.358625+0.004255 
[634]	train-rmse:0.357953+0.001153	test-rmse:0.358585+0.004254 
[635]	train-rmse:0.357952+0.001153	test-rmse:0.358584+0.004254 
[636]	train-rmse:0.357951+0.001153	test-rmse:0.358583+0.004254 
[637]	train-rmse:0.357868+0.001189	test-rmse:0.358501+0.004304 
[638]	train-rmse:0.357827+0.001199	test-rmse:0.358462+0.004353 
[639]	train-rmse:0.357786+0.001214	test-rmse:0.358422+0.004403 
[640]	train-rmse:0.357785+0.001214	test-rmse:0.358421+0.004403 
[641]	train-rmse:0.357784+0.001214	test-rmse:0.358419+0.004403 
[642]	train-rmse:0.357742+0.001182	test-rmse:0.358375+0.004416 
[643]	train-rmse:0.357741+0.001182	test-rmse:0.358374+0.004416 
[644]	train-rmse:0.357739+0.001182	test-rmse:0.358373+0.004416 
[645]	train-rmse:0.357738+0.001182	test-rmse:0.358372+0.004416 
[646]	train-rmse:0.357737+0.001182	test-rmse:0.358370+0.004416 
[647]	train-rmse:0.357695+0.001156	test-rmse:0.358329+0.004430 
[648]	train-rmse:0.357618+0.001180	test-rmse:0.358248+0.004375 
[649]	train-rmse:0.357617+0.001180	test-rmse:0.358247+0.004375 
[650]	train-rmse:0.357576+0.001205	test-rmse:0.358207+0.004375 
[651]	train-rmse:0.357536+0.001236	test-rmse:0.358167+0.004376 
[652]	train-rmse:0.357535+0.001236	test-rmse:0.358166+0.004376 
[653]	train-rmse:0.357456+0.001250	test-rmse:0.358090+0.004394 
[654]	train-rmse:0.357415+0.001293	test-rmse:0.358048+0.004320 
[655]	train-rmse:0.357376+0.001279	test-rmse:0.358010+0.004336 
[656]	train-rmse:0.357335+0.001314	test-rmse:0.357969+0.004339 
[657]	train-rmse:0.357295+0.001303	test-rmse:0.357930+0.004355 
[658]	train-rmse:0.357294+0.001303	test-rmse:0.357929+0.004355 
[659]	train-rmse:0.357293+0.001302	test-rmse:0.357928+0.004355 
[660]	train-rmse:0.357253+0.001296	test-rmse:0.357889+0.004373 
[661]	train-rmse:0.357211+0.001299	test-rmse:0.357847+0.004421 
[662]	train-rmse:0.357172+0.001231	test-rmse:0.357812+0.004424 
[663]	train-rmse:0.357133+0.001238	test-rmse:0.357773+0.004469 
[664]	train-rmse:0.357132+0.001238	test-rmse:0.357772+0.004469 
[665]	train-rmse:0.357091+0.001232	test-rmse:0.357731+0.004488 
[666]	train-rmse:0.357051+0.001270	test-rmse:0.357692+0.004419 
[667]	train-rmse:0.357049+0.001270	test-rmse:0.357691+0.004419 
[668]	train-rmse:0.357048+0.001270	test-rmse:0.357690+0.004419 
[669]	train-rmse:0.357047+0.001270	test-rmse:0.357689+0.004419 
[670]	train-rmse:0.357046+0.001270	test-rmse:0.357687+0.004419 
[671]	train-rmse:0.357004+0.001196	test-rmse:0.357650+0.004422 
[672]	train-rmse:0.356927+0.001245	test-rmse:0.357571+0.004403 
[673]	train-rmse:0.356848+0.001298	test-rmse:0.357494+0.004391 
[674]	train-rmse:0.356729+0.001263	test-rmse:0.357382+0.004442 
[675]	train-rmse:0.356689+0.001307	test-rmse:0.357341+0.004371 
[676]	train-rmse:0.356688+0.001307	test-rmse:0.357339+0.004371 
[677]	train-rmse:0.356648+0.001323	test-rmse:0.357300+0.004421 
[678]	train-rmse:0.356609+0.001309	test-rmse:0.357261+0.004437 
[679]	train-rmse:0.356608+0.001309	test-rmse:0.357260+0.004437 
[680]	train-rmse:0.356527+0.001229	test-rmse:0.357184+0.004457 
[681]	train-rmse:0.356488+0.001247	test-rmse:0.357142+0.004508 
[682]	train-rmse:0.356446+0.001292	test-rmse:0.357102+0.004440 
[683]	train-rmse:0.356365+0.001236	test-rmse:0.357027+0.004441 
[684]	train-rmse:0.356364+0.001236	test-rmse:0.357026+0.004441 
[685]	train-rmse:0.356321+0.001285	test-rmse:0.356984+0.004370 
[686]	train-rmse:0.356320+0.001285	test-rmse:0.356983+0.004370 
[687]	train-rmse:0.356319+0.001285	test-rmse:0.356982+0.004369 
[688]	train-rmse:0.356279+0.001302	test-rmse:0.356942+0.004420 
[689]	train-rmse:0.356239+0.001321	test-rmse:0.356905+0.004419 
[690]	train-rmse:0.356159+0.001297	test-rmse:0.356831+0.004355 
[691]	train-rmse:0.356118+0.001280	test-rmse:0.356790+0.004371 
[692]	train-rmse:0.356039+0.001286	test-rmse:0.356713+0.004438 
[693]	train-rmse:0.356038+0.001286	test-rmse:0.356712+0.004438 
[694]	train-rmse:0.355997+0.001215	test-rmse:0.356675+0.004441 
[695]	train-rmse:0.355958+0.001205	test-rmse:0.356636+0.004458 
[696]	train-rmse:0.355840+0.001173	test-rmse:0.356521+0.004412 
[697]	train-rmse:0.355800+0.001169	test-rmse:0.356482+0.004431 
[698]	train-rmse:0.355717+0.001105	test-rmse:0.356404+0.004431 
[699]	train-rmse:0.355716+0.001105	test-rmse:0.356403+0.004431 
[700]	train-rmse:0.355715+0.001105	test-rmse:0.356402+0.004431 
[701]	train-rmse:0.355714+0.001105	test-rmse:0.356401+0.004431 
[702]	train-rmse:0.355674+0.001155	test-rmse:0.356363+0.004365 
[703]	train-rmse:0.355673+0.001155	test-rmse:0.356362+0.004365 
[704]	train-rmse:0.355631+0.001084	test-rmse:0.356323+0.004370 
[705]	train-rmse:0.355630+0.001084	test-rmse:0.356322+0.004370 
[706]	train-rmse:0.355629+0.001084	test-rmse:0.356321+0.004370 
[707]	train-rmse:0.355628+0.001084	test-rmse:0.356320+0.004370 
[708]	train-rmse:0.355627+0.001084	test-rmse:0.356319+0.004370 
[709]	train-rmse:0.355546+0.001135	test-rmse:0.356236+0.004317 
[710]	train-rmse:0.355505+0.001136	test-rmse:0.356195+0.004339 
[711]	train-rmse:0.355464+0.001067	test-rmse:0.356157+0.004344 
[712]	train-rmse:0.355422+0.000997	test-rmse:0.356117+0.004350 
[713]	train-rmse:0.355383+0.001005	test-rmse:0.356082+0.004346 
[714]	train-rmse:0.355265+0.001063	test-rmse:0.355963+0.004342 
[715]	train-rmse:0.355224+0.001121	test-rmse:0.355923+0.004272 
[716]	train-rmse:0.355185+0.001124	test-rmse:0.355885+0.004293 
[717]	train-rmse:0.355103+0.001138	test-rmse:0.355806+0.004311 
[718]	train-rmse:0.355102+0.001138	test-rmse:0.355805+0.004311 
[719]	train-rmse:0.355063+0.001192	test-rmse:0.355767+0.004246 
[720]	train-rmse:0.355062+0.001192	test-rmse:0.355766+0.004246 
[721]	train-rmse:0.355021+0.001200	test-rmse:0.355726+0.004241 
[722]	train-rmse:0.355020+0.001200	test-rmse:0.355725+0.004241 
[723]	train-rmse:0.355019+0.001200	test-rmse:0.355724+0.004241 
[724]	train-rmse:0.354978+0.001257	test-rmse:0.355683+0.004170 
[725]	train-rmse:0.354977+0.001257	test-rmse:0.355682+0.004170 
[726]	train-rmse:0.354976+0.001257	test-rmse:0.355681+0.004170 
[727]	train-rmse:0.354974+0.001257	test-rmse:0.355680+0.004170 
[728]	train-rmse:0.354935+0.001268	test-rmse:0.355642+0.004166 
[729]	train-rmse:0.354896+0.001274	test-rmse:0.355603+0.004189 
[730]	train-rmse:0.354895+0.001274	test-rmse:0.355602+0.004189 
[731]	train-rmse:0.354894+0.001274	test-rmse:0.355601+0.004189 
[732]	train-rmse:0.354893+0.001274	test-rmse:0.355600+0.004189 
[733]	train-rmse:0.354854+0.001285	test-rmse:0.355562+0.004213 
[734]	train-rmse:0.354815+0.001300	test-rmse:0.355522+0.004239 
[735]	train-rmse:0.354774+0.001231	test-rmse:0.355485+0.004242 
[736]	train-rmse:0.354773+0.001231	test-rmse:0.355484+0.004242 
[737]	train-rmse:0.354694+0.001294	test-rmse:0.355407+0.004169 
[738]	train-rmse:0.354693+0.001294	test-rmse:0.355406+0.004169 
[739]	train-rmse:0.354692+0.001294	test-rmse:0.355405+0.004169 
[740]	train-rmse:0.354613+0.001361	test-rmse:0.355327+0.004096 
[741]	train-rmse:0.354571+0.001347	test-rmse:0.355285+0.004143 
[742]	train-rmse:0.354533+0.001362	test-rmse:0.355248+0.004141 
[743]	train-rmse:0.354532+0.001362	test-rmse:0.355247+0.004141 
[744]	train-rmse:0.354491+0.001383	test-rmse:0.355209+0.004140 
[745]	train-rmse:0.354452+0.001319	test-rmse:0.355175+0.004141 
[746]	train-rmse:0.354451+0.001319	test-rmse:0.355174+0.004141 
[747]	train-rmse:0.354410+0.001372	test-rmse:0.355132+0.004068 
[748]	train-rmse:0.354409+0.001372	test-rmse:0.355131+0.004068 
[749]	train-rmse:0.354408+0.001372	test-rmse:0.355130+0.004068 
[750]	train-rmse:0.354329+0.001359	test-rmse:0.355055+0.004001 
[751]	train-rmse:0.354286+0.001295	test-rmse:0.355017+0.004005 
[752]	train-rmse:0.354248+0.001314	test-rmse:0.354980+0.004003 
[753]	train-rmse:0.354206+0.001253	test-rmse:0.354941+0.004008 
[754]	train-rmse:0.354168+0.001233	test-rmse:0.354902+0.004051 
[755]	train-rmse:0.354167+0.001233	test-rmse:0.354901+0.004051 
[756]	train-rmse:0.354166+0.001233	test-rmse:0.354900+0.004051 
[757]	train-rmse:0.354165+0.001233	test-rmse:0.354899+0.004051 
[758]	train-rmse:0.354125+0.001217	test-rmse:0.354861+0.004095 
[759]	train-rmse:0.354047+0.001238	test-rmse:0.354785+0.004116 
[760]	train-rmse:0.354046+0.001238	test-rmse:0.354784+0.004116 
[761]	train-rmse:0.354008+0.001290	test-rmse:0.354746+0.004048 
[762]	train-rmse:0.353968+0.001347	test-rmse:0.354706+0.003979 
[763]	train-rmse:0.353967+0.001347	test-rmse:0.354705+0.003979 
[764]	train-rmse:0.353928+0.001289	test-rmse:0.354669+0.003982 
[765]	train-rmse:0.353889+0.001349	test-rmse:0.354629+0.003913 
[766]	train-rmse:0.353847+0.001369	test-rmse:0.354589+0.003911 
[767]	train-rmse:0.353808+0.001367	test-rmse:0.354551+0.003933 
[768]	train-rmse:0.353770+0.001348	test-rmse:0.354514+0.003975 
[769]	train-rmse:0.353733+0.001334	test-rmse:0.354479+0.004015 
[770]	train-rmse:0.353694+0.001354	test-rmse:0.354443+0.004014 
[771]	train-rmse:0.353652+0.001342	test-rmse:0.354401+0.004064 
[772]	train-rmse:0.353651+0.001342	test-rmse:0.354400+0.004064 
[773]	train-rmse:0.353612+0.001335	test-rmse:0.354362+0.004110 
[774]	train-rmse:0.353532+0.001327	test-rmse:0.354285+0.004176 
[775]	train-rmse:0.353531+0.001327	test-rmse:0.354285+0.004176 
[776]	train-rmse:0.353494+0.001346	test-rmse:0.354247+0.004175 
[777]	train-rmse:0.353493+0.001346	test-rmse:0.354246+0.004175 
[778]	train-rmse:0.353492+0.001346	test-rmse:0.354245+0.004175 
[779]	train-rmse:0.353455+0.001394	test-rmse:0.354206+0.004107 
[780]	train-rmse:0.353414+0.001392	test-rmse:0.354166+0.004129 
[781]	train-rmse:0.353413+0.001392	test-rmse:0.354165+0.004129 
[782]	train-rmse:0.353412+0.001392	test-rmse:0.354164+0.004129 
[783]	train-rmse:0.353373+0.001394	test-rmse:0.354125+0.004152 
[784]	train-rmse:0.353330+0.001323	test-rmse:0.354086+0.004152 
[785]	train-rmse:0.353330+0.001322	test-rmse:0.354085+0.004152 
[786]	train-rmse:0.353329+0.001322	test-rmse:0.354084+0.004152 
[787]	train-rmse:0.353288+0.001344	test-rmse:0.354045+0.004151 
[788]	train-rmse:0.353287+0.001344	test-rmse:0.354044+0.004151 
[789]	train-rmse:0.353286+0.001344	test-rmse:0.354043+0.004151 
[790]	train-rmse:0.353247+0.001338	test-rmse:0.354005+0.004196 
[791]	train-rmse:0.353246+0.001338	test-rmse:0.354005+0.004196 
[792]	train-rmse:0.353208+0.001361	test-rmse:0.353967+0.004196 
[793]	train-rmse:0.353170+0.001363	test-rmse:0.353930+0.004217 
[794]	train-rmse:0.353089+0.001364	test-rmse:0.353852+0.004287 
[795]	train-rmse:0.352973+0.001334	test-rmse:0.353743+0.004265 
[796]	train-rmse:0.352972+0.001334	test-rmse:0.353742+0.004265 
[797]	train-rmse:0.352931+0.001261	test-rmse:0.353703+0.004265 
[798]	train-rmse:0.352893+0.001266	test-rmse:0.353665+0.004288 
[799]	train-rmse:0.352892+0.001267	test-rmse:0.353664+0.004288 
[800]	train-rmse:0.352891+0.001266	test-rmse:0.353663+0.004288 
[801]	train-rmse:0.352854+0.001311	test-rmse:0.353624+0.004220 
[802]	train-rmse:0.352814+0.001242	test-rmse:0.353589+0.004220 
[803]	train-rmse:0.352813+0.001242	test-rmse:0.353588+0.004220 
[804]	train-rmse:0.352812+0.001242	test-rmse:0.353587+0.004220 
[805]	train-rmse:0.352772+0.001175	test-rmse:0.353552+0.004222 
[806]	train-rmse:0.352771+0.001175	test-rmse:0.353551+0.004222 
[807]	train-rmse:0.352770+0.001175	test-rmse:0.353550+0.004222 
[808]	train-rmse:0.352655+0.001239	test-rmse:0.353433+0.004196 
[809]	train-rmse:0.352614+0.001172	test-rmse:0.353397+0.004198 
[810]	train-rmse:0.352535+0.001121	test-rmse:0.353324+0.004199 
[811]	train-rmse:0.352458+0.001170	test-rmse:0.353246+0.004173 
[812]	train-rmse:0.352457+0.001170	test-rmse:0.353245+0.004173 
[813]	train-rmse:0.352417+0.001168	test-rmse:0.353206+0.004219 
[814]	train-rmse:0.352379+0.001163	test-rmse:0.353166+0.004240 
[815]	train-rmse:0.352378+0.001163	test-rmse:0.353165+0.004240 
[816]	train-rmse:0.352298+0.001095	test-rmse:0.353090+0.004265 
[817]	train-rmse:0.352221+0.001152	test-rmse:0.353014+0.004220 
[818]	train-rmse:0.352182+0.001087	test-rmse:0.352978+0.004223 
[819]	train-rmse:0.352181+0.001087	test-rmse:0.352977+0.004223 
[820]	train-rmse:0.352180+0.001087	test-rmse:0.352976+0.004223 
[821]	train-rmse:0.352179+0.001087	test-rmse:0.352975+0.004223 
[822]	train-rmse:0.352178+0.001087	test-rmse:0.352975+0.004223 
[823]	train-rmse:0.352063+0.001097	test-rmse:0.352860+0.004287 
[824]	train-rmse:0.352024+0.001107	test-rmse:0.352820+0.004312 
[825]	train-rmse:0.352023+0.001107	test-rmse:0.352820+0.004312 
[826]	train-rmse:0.352022+0.001107	test-rmse:0.352819+0.004312 
[827]	train-rmse:0.352021+0.001107	test-rmse:0.352818+0.004312 
[828]	train-rmse:0.351984+0.001119	test-rmse:0.352782+0.004308 
[829]	train-rmse:0.351983+0.001119	test-rmse:0.352781+0.004308 
[830]	train-rmse:0.351903+0.001069	test-rmse:0.352706+0.004308 
[831]	train-rmse:0.351787+0.001031	test-rmse:0.352593+0.004333 
[832]	train-rmse:0.351708+0.001071	test-rmse:0.352516+0.004358 
[833]	train-rmse:0.351707+0.001071	test-rmse:0.352515+0.004358 
[834]	train-rmse:0.351665+0.001000	test-rmse:0.352477+0.004361 
[835]	train-rmse:0.351664+0.001000	test-rmse:0.352476+0.004361 
[836]	train-rmse:0.351663+0.001000	test-rmse:0.352476+0.004361 
[837]	train-rmse:0.351624+0.000936	test-rmse:0.352440+0.004366 
[838]	train-rmse:0.351623+0.000936	test-rmse:0.352439+0.004366 
[839]	train-rmse:0.351544+0.000893	test-rmse:0.352364+0.004398 
[840]	train-rmse:0.351543+0.000893	test-rmse:0.352363+0.004398 
[841]	train-rmse:0.351503+0.000922	test-rmse:0.352324+0.004396 
[842]	train-rmse:0.351464+0.000963	test-rmse:0.352284+0.004324 
[843]	train-rmse:0.351463+0.000963	test-rmse:0.352284+0.004324 
[844]	train-rmse:0.351462+0.000963	test-rmse:0.352283+0.004324 
[845]	train-rmse:0.351461+0.000963	test-rmse:0.352282+0.004324 
[846]	train-rmse:0.351345+0.000970	test-rmse:0.352168+0.004283 
[847]	train-rmse:0.351264+0.000933	test-rmse:0.352087+0.004320 
[848]	train-rmse:0.351224+0.000981	test-rmse:0.352047+0.004247 
[849]	train-rmse:0.351183+0.001004	test-rmse:0.352008+0.004244 
[850]	train-rmse:0.351146+0.001025	test-rmse:0.351969+0.004271 
[851]	train-rmse:0.351106+0.001050	test-rmse:0.351930+0.004270 
[852]	train-rmse:0.351026+0.001059	test-rmse:0.351851+0.004235 
[853]	train-rmse:0.350986+0.001003	test-rmse:0.351815+0.004241 
[854]	train-rmse:0.350985+0.001003	test-rmse:0.351815+0.004241 
[855]	train-rmse:0.350947+0.001024	test-rmse:0.351777+0.004267 
[856]	train-rmse:0.350867+0.001017	test-rmse:0.351702+0.004203 
[857]	train-rmse:0.350866+0.001017	test-rmse:0.351701+0.004203 
[858]	train-rmse:0.350787+0.000992	test-rmse:0.351625+0.004209 
[859]	train-rmse:0.350786+0.000992	test-rmse:0.351625+0.004209 
[860]	train-rmse:0.350785+0.000992	test-rmse:0.351624+0.004209 
[861]	train-rmse:0.350750+0.001011	test-rmse:0.351588+0.004234 
[862]	train-rmse:0.350708+0.001039	test-rmse:0.351547+0.004265 
[863]	train-rmse:0.350707+0.001039	test-rmse:0.351546+0.004265 
[864]	train-rmse:0.350667+0.000994	test-rmse:0.351509+0.004273 
[865]	train-rmse:0.350628+0.000945	test-rmse:0.351469+0.004310 
[866]	train-rmse:0.350589+0.000990	test-rmse:0.351432+0.004242 
[867]	train-rmse:0.350512+0.000970	test-rmse:0.351356+0.004275 
[868]	train-rmse:0.350512+0.000969	test-rmse:0.351355+0.004275 
[869]	train-rmse:0.350511+0.000969	test-rmse:0.351354+0.004275 
[870]	train-rmse:0.350471+0.000996	test-rmse:0.351313+0.004305 
[871]	train-rmse:0.350470+0.000996	test-rmse:0.351312+0.004305 
[872]	train-rmse:0.350469+0.000996	test-rmse:0.351312+0.004305 
[873]	train-rmse:0.350430+0.000949	test-rmse:0.351275+0.004312 
[874]	train-rmse:0.350391+0.000905	test-rmse:0.351236+0.004350 
[875]	train-rmse:0.350390+0.000905	test-rmse:0.351235+0.004350 
[876]	train-rmse:0.350351+0.000866	test-rmse:0.351201+0.004383 
[877]	train-rmse:0.350312+0.000888	test-rmse:0.351161+0.004380 
[878]	train-rmse:0.350273+0.000853	test-rmse:0.351123+0.004419 
[879]	train-rmse:0.350272+0.000853	test-rmse:0.351122+0.004419 
[880]	train-rmse:0.350271+0.000852	test-rmse:0.351121+0.004419 
[881]	train-rmse:0.350270+0.000852	test-rmse:0.351120+0.004419 
[882]	train-rmse:0.350269+0.000852	test-rmse:0.351119+0.004419 
[883]	train-rmse:0.350231+0.000894	test-rmse:0.351082+0.004351 
[884]	train-rmse:0.350118+0.000905	test-rmse:0.350972+0.004318 
[885]	train-rmse:0.350117+0.000905	test-rmse:0.350971+0.004318 
[886]	train-rmse:0.350080+0.000931	test-rmse:0.350932+0.004347 
[887]	train-rmse:0.350040+0.000881	test-rmse:0.350898+0.004353 
[888]	train-rmse:0.350039+0.000881	test-rmse:0.350898+0.004353 
[889]	train-rmse:0.350039+0.000881	test-rmse:0.350897+0.004353 
[890]	train-rmse:0.350038+0.000881	test-rmse:0.350896+0.004353 
[891]	train-rmse:0.349963+0.000927	test-rmse:0.350821+0.004379 
[892]	train-rmse:0.349885+0.000913	test-rmse:0.350749+0.004415 
[893]	train-rmse:0.349884+0.000913	test-rmse:0.350749+0.004414 
[894]	train-rmse:0.349846+0.000953	test-rmse:0.350710+0.004345 
[895]	train-rmse:0.349808+0.000996	test-rmse:0.350673+0.004277 
[896]	train-rmse:0.349807+0.000996	test-rmse:0.350672+0.004277 
[897]	train-rmse:0.349690+0.000917	test-rmse:0.350562+0.004317 
[898]	train-rmse:0.349689+0.000917	test-rmse:0.350561+0.004317 
[899]	train-rmse:0.349688+0.000917	test-rmse:0.350561+0.004317 
[900]	train-rmse:0.349687+0.000917	test-rmse:0.350560+0.004317 
[901]	train-rmse:0.349652+0.000960	test-rmse:0.350525+0.004254 
[902]	train-rmse:0.349651+0.000960	test-rmse:0.350524+0.004254 
[903]	train-rmse:0.349650+0.000960	test-rmse:0.350523+0.004254 
[904]	train-rmse:0.349649+0.000960	test-rmse:0.350522+0.004254 
[905]	train-rmse:0.349611+0.000989	test-rmse:0.350483+0.004285 
[906]	train-rmse:0.349610+0.000989	test-rmse:0.350482+0.004285 
[907]	train-rmse:0.349571+0.001037	test-rmse:0.350444+0.004216 
[908]	train-rmse:0.349533+0.001088	test-rmse:0.350405+0.004147 
[909]	train-rmse:0.349494+0.001097	test-rmse:0.350368+0.004142 
[910]	train-rmse:0.349493+0.001097	test-rmse:0.350367+0.004142 
[911]	train-rmse:0.349379+0.001131	test-rmse:0.350256+0.004137 
[912]	train-rmse:0.349340+0.001092	test-rmse:0.350218+0.004174 
[913]	train-rmse:0.349300+0.001101	test-rmse:0.350180+0.004169 
[914]	train-rmse:0.349299+0.001101	test-rmse:0.350179+0.004169 
[915]	train-rmse:0.349260+0.001153	test-rmse:0.350141+0.004101 
[916]	train-rmse:0.349259+0.001153	test-rmse:0.350140+0.004101 
[917]	train-rmse:0.349258+0.001153	test-rmse:0.350139+0.004101 
[918]	train-rmse:0.349221+0.001166	test-rmse:0.350102+0.004097 
[919]	train-rmse:0.349180+0.001116	test-rmse:0.350066+0.004102 
[920]	train-rmse:0.349102+0.001028	test-rmse:0.349993+0.004144 
[921]	train-rmse:0.349065+0.000991	test-rmse:0.349957+0.004180 
[922]	train-rmse:0.348987+0.001012	test-rmse:0.349881+0.004152 
[923]	train-rmse:0.348986+0.001012	test-rmse:0.349881+0.004152 
[924]	train-rmse:0.348949+0.001023	test-rmse:0.349844+0.004147 
[925]	train-rmse:0.348912+0.000994	test-rmse:0.349809+0.004184 
[926]	train-rmse:0.348874+0.001050	test-rmse:0.349771+0.004117 
[927]	train-rmse:0.348836+0.001000	test-rmse:0.349738+0.004122 
[928]	train-rmse:0.348835+0.001000	test-rmse:0.349737+0.004122 
[929]	train-rmse:0.348834+0.001000	test-rmse:0.349737+0.004122 
[930]	train-rmse:0.348796+0.001013	test-rmse:0.349698+0.004149 
[931]	train-rmse:0.348795+0.001013	test-rmse:0.349697+0.004149 
[932]	train-rmse:0.348794+0.001013	test-rmse:0.349696+0.004149 
[933]	train-rmse:0.348719+0.001041	test-rmse:0.349621+0.004172 
[934]	train-rmse:0.348678+0.000989	test-rmse:0.349585+0.004178 
[935]	train-rmse:0.348677+0.000989	test-rmse:0.349584+0.004178 
[936]	train-rmse:0.348642+0.001008	test-rmse:0.349549+0.004204 
[937]	train-rmse:0.348603+0.000973	test-rmse:0.349511+0.004242 
[938]	train-rmse:0.348524+0.000977	test-rmse:0.349435+0.004176 
[939]	train-rmse:0.348450+0.000999	test-rmse:0.349360+0.004149 
[940]	train-rmse:0.348449+0.000999	test-rmse:0.349359+0.004149 
[941]	train-rmse:0.348448+0.000999	test-rmse:0.349358+0.004149 
> hgrid <-
+   dplyr::bind_cols(xgboost_params[index, ], dart.cv$evaluation_log[dart.cv$best_iteration, ], best_iter = dart.cv$best_iteration)
> 
> # write result
> fname <- file.path('data-raw', 'tune', year, 'array', paste0('tune_', index, '.tsv'))
> readr::write_tsv(hgrid, file = fname)
> 
