> 
> # parse arguments
> args <- R.utils::commandArgs(trailingOnly = FALSE, asValues = TRUE)
> index <- as.integer(args$index)
> year <- as.character(args$year)
> nreps <- as.integer(args$nreps)
> seed <- as.integer(args$seed)
> 
> # get number of cores
> wkrs <- length(future::availableWorkers())
> 
> # set seed
> set.seed(seed)
> 
> # read and prepare the cluster features
> fp <- file.path('data-raw', 'features', year)
> clf <-
+   read_features(fp, pattern = 'paris.', recursive = FALSE)
> clf <- prepare_features(
+   clf,
+   feature_map = feature_map,
+   category = c('response', 'bio', 'net'),
+   type = 'list',
+   exclusions = c(
+     'mg2_pairs_count',
+     'mg2_not_pairs_count',
+     'mg2_portion_families_recovered',
+     'cluster_origin',
+     'bocc_origin',
+     'cluster_method',
+     'subcluster_method',
+     'year',
+     'IDs',
+     'go_sig_threshold',
+     'num_new_edges_on_any_node',
+     'HPO_ratio'
+   ),
+   verbose = TRUE
+ )
c('HPO_ratio', 'IDs', 'bocc_origin', 'cluster_method', 'cluster_origin', 'go_sig_threshold', 'max_norm_cell_type_comma_sep_string', 'max_norm_disease_comma_sep_string', 'mg2_not_pairs_count', 'mg2_pairs_count', 'mg2_portion_families_recovered', 'num_new_edges_on_any_node', 'sig_go_enrichment_fdr_corrected_p_vals', 'sig_go_enrichment_p_vals', 'sig_go_enrichment_terms', 'subcluster_method', 'year')

> 
> # prepare grid of parameters
> xgboost_params <- dials::parameters(
+   nrounds = dials::trees(),
+   eta = dials::learn_rate(),
+   gamma = dials::loss_reduction(),
+   dials::tree_depth(),
+   subsample = dials::sample_prop(),
+   rate_drop = dials::dropout(),
+   skip_drop = dials::dropout()
+ )
> xgboost_params <-
+   dials::grid_max_entropy(xgboost_params, size = nreps)
> 
> # tune the dart booster
> dart.param <-
+   list(
+     booster = "dart",
+     objective = "reg:logistic",
+     eval_metric = "rmse",
+     nthread = wkrs,
+     max_depth = xgboost_params$tree_depth[index],
+     eta = xgboost_params$eta[index],
+     gamma = xgboost_params$gamma[index],
+     subsample = xgboost_params$subsample[index],
+     rate_drop = xgboost_params$rate_drop[index],
+     skip_drop = xgboost_params$skip_drop[index]
+   )
> dart.cv <- xgboost::xgb.cv(
+   params = dart.param,
+   nrounds = xgboost_params$nrounds[index],
+   data = as.matrix(clf[, -1]),
+   nfold = 5,
+   label = clf$snowballing_pvalue,
+   early_stopping_rounds = 50
+ )
[1]	train-rmse:0.380637+0.001043	test-rmse:0.380628+0.004194 
Multiple eval metrics are present. Will use test_rmse for early stopping.
Will train until test_rmse hasn't improved in 50 rounds.

[2]	train-rmse:0.378605+0.001053	test-rmse:0.378597+0.004176 
[3]	train-rmse:0.376626+0.001038	test-rmse:0.376620+0.004193 
[4]	train-rmse:0.374653+0.001055	test-rmse:0.374655+0.004178 
[5]	train-rmse:0.372720+0.001037	test-rmse:0.372724+0.004189 
[6]	train-rmse:0.370811+0.001003	test-rmse:0.370822+0.004225 
[7]	train-rmse:0.369103+0.001119	test-rmse:0.369127+0.004155 
[8]	train-rmse:0.367373+0.001354	test-rmse:0.367403+0.004122 
[9]	train-rmse:0.365496+0.001335	test-rmse:0.365535+0.004116 
[10]	train-rmse:0.363682+0.001331	test-rmse:0.363712+0.004114 
[11]	train-rmse:0.362051+0.001602	test-rmse:0.362081+0.004114 
[12]	train-rmse:0.360271+0.001603	test-rmse:0.360307+0.004091 
[13]	train-rmse:0.358772+0.002008	test-rmse:0.358820+0.004063 
[14]	train-rmse:0.357207+0.002013	test-rmse:0.357248+0.003958 
[15]	train-rmse:0.355881+0.002217	test-rmse:0.355940+0.004308 
[16]	train-rmse:0.354362+0.002510	test-rmse:0.354453+0.004379 
[17]	train-rmse:0.352706+0.002551	test-rmse:0.352828+0.004367 
[18]	train-rmse:0.351225+0.002850	test-rmse:0.351364+0.004439 
[19]	train-rmse:0.349571+0.002817	test-rmse:0.349716+0.004416 
[20]	train-rmse:0.348425+0.002728	test-rmse:0.348571+0.004018 
[21]	train-rmse:0.346826+0.002700	test-rmse:0.346978+0.003995 
[22]	train-rmse:0.345282+0.002664	test-rmse:0.345464+0.003997 
[23]	train-rmse:0.343928+0.002725	test-rmse:0.344101+0.003923 
[24]	train-rmse:0.342618+0.002466	test-rmse:0.342803+0.004363 
[25]	train-rmse:0.341336+0.002802	test-rmse:0.341542+0.004337 
[26]	train-rmse:0.340019+0.002637	test-rmse:0.340243+0.004668 
[27]	train-rmse:0.339339+0.002686	test-rmse:0.339581+0.004583 
[28]	train-rmse:0.338146+0.002563	test-rmse:0.338372+0.004488 
[29]	train-rmse:0.336936+0.002607	test-rmse:0.337154+0.004480 
[30]	train-rmse:0.335990+0.002605	test-rmse:0.336202+0.004681 
[31]	train-rmse:0.335187+0.002680	test-rmse:0.335395+0.004884 
[32]	train-rmse:0.334602+0.002340	test-rmse:0.334797+0.004710 
[33]	train-rmse:0.333761+0.001921	test-rmse:0.333960+0.004721 
[34]	train-rmse:0.332731+0.001688	test-rmse:0.332926+0.005075 
[35]	train-rmse:0.332008+0.001966	test-rmse:0.332221+0.005369 
[36]	train-rmse:0.331460+0.001555	test-rmse:0.331665+0.005453 
[37]	train-rmse:0.330150+0.001564	test-rmse:0.330369+0.005485 
[38]	train-rmse:0.329013+0.001634	test-rmse:0.329238+0.005883 
[39]	train-rmse:0.327808+0.001734	test-rmse:0.328038+0.006130 
[40]	train-rmse:0.326858+0.001764	test-rmse:0.327104+0.005762 
[41]	train-rmse:0.325993+0.001473	test-rmse:0.326224+0.005453 
[42]	train-rmse:0.325122+0.001830	test-rmse:0.325335+0.005359 
[43]	train-rmse:0.324547+0.001832	test-rmse:0.324779+0.005335 
[44]	train-rmse:0.323850+0.002023	test-rmse:0.324081+0.005228 
[45]	train-rmse:0.323137+0.002176	test-rmse:0.323378+0.005458 
[46]	train-rmse:0.322231+0.002072	test-rmse:0.322452+0.005445 
[47]	train-rmse:0.321145+0.002366	test-rmse:0.321399+0.005388 
[48]	train-rmse:0.320590+0.002404	test-rmse:0.320867+0.005321 
[49]	train-rmse:0.319921+0.002486	test-rmse:0.320198+0.005069 
[50]	train-rmse:0.319228+0.002182	test-rmse:0.319505+0.005153 
[51]	train-rmse:0.318235+0.002040	test-rmse:0.318513+0.005121 
[52]	train-rmse:0.317231+0.002000	test-rmse:0.317506+0.005112 
[53]	train-rmse:0.316377+0.002077	test-rmse:0.316670+0.004832 
[54]	train-rmse:0.315570+0.002413	test-rmse:0.315904+0.004544 
[55]	train-rmse:0.314600+0.002380	test-rmse:0.314961+0.004577 
[56]	train-rmse:0.313654+0.002412	test-rmse:0.314019+0.004687 
[57]	train-rmse:0.313098+0.002253	test-rmse:0.313447+0.004471 
[58]	train-rmse:0.312302+0.002545	test-rmse:0.312641+0.004526 
[59]	train-rmse:0.312002+0.002505	test-rmse:0.312342+0.004660 
[60]	train-rmse:0.311247+0.002875	test-rmse:0.311600+0.004704 
[61]	train-rmse:0.310586+0.002989	test-rmse:0.310962+0.004568 
[62]	train-rmse:0.310197+0.003178	test-rmse:0.310594+0.004585 
[63]	train-rmse:0.309431+0.003327	test-rmse:0.309852+0.004791 
[64]	train-rmse:0.308540+0.003397	test-rmse:0.308963+0.004888 
[65]	train-rmse:0.307867+0.003306	test-rmse:0.308272+0.004953 
[66]	train-rmse:0.307135+0.003039	test-rmse:0.307560+0.004979 
[67]	train-rmse:0.306418+0.002830	test-rmse:0.306839+0.004979 
[68]	train-rmse:0.305717+0.002552	test-rmse:0.306122+0.004729 
[69]	train-rmse:0.304633+0.002560	test-rmse:0.305051+0.004738 
[70]	train-rmse:0.303626+0.002541	test-rmse:0.304046+0.004775 
[71]	train-rmse:0.303280+0.002481	test-rmse:0.303703+0.004649 
[72]	train-rmse:0.302591+0.002323	test-rmse:0.303015+0.004796 
[73]	train-rmse:0.302042+0.002468	test-rmse:0.302474+0.005100 
[74]	train-rmse:0.301566+0.002245	test-rmse:0.301990+0.005398 
[75]	train-rmse:0.301223+0.002323	test-rmse:0.301650+0.005602 
[76]	train-rmse:0.300775+0.002486	test-rmse:0.301222+0.005576 
[77]	train-rmse:0.300135+0.002273	test-rmse:0.300576+0.005794 
[78]	train-rmse:0.299854+0.002537	test-rmse:0.300315+0.005825 
[79]	train-rmse:0.299391+0.002782	test-rmse:0.299865+0.005575 
[80]	train-rmse:0.298629+0.002855	test-rmse:0.299126+0.005616 
[81]	train-rmse:0.298035+0.002536	test-rmse:0.298509+0.005397 
[82]	train-rmse:0.297411+0.002511	test-rmse:0.297893+0.005199 
[83]	train-rmse:0.296744+0.002697	test-rmse:0.297214+0.005215 
[84]	train-rmse:0.296307+0.002820	test-rmse:0.296788+0.005149 
[85]	train-rmse:0.295852+0.003096	test-rmse:0.296357+0.005356 
[86]	train-rmse:0.295349+0.002737	test-rmse:0.295846+0.005259 
[87]	train-rmse:0.294776+0.002595	test-rmse:0.295279+0.005320 
[88]	train-rmse:0.294502+0.002844	test-rmse:0.295025+0.005385 
[89]	train-rmse:0.294061+0.002835	test-rmse:0.294583+0.005053 
[90]	train-rmse:0.293677+0.002818	test-rmse:0.294202+0.005217 
[91]	train-rmse:0.293096+0.002782	test-rmse:0.293604+0.005063 
[92]	train-rmse:0.292526+0.002720	test-rmse:0.293036+0.005166 
[93]	train-rmse:0.291809+0.002684	test-rmse:0.292320+0.005425 
[94]	train-rmse:0.291086+0.002676	test-rmse:0.291601+0.005284 
[95]	train-rmse:0.290559+0.002464	test-rmse:0.291048+0.005277 
[96]	train-rmse:0.289882+0.002201	test-rmse:0.290380+0.005303 
[97]	train-rmse:0.289228+0.002157	test-rmse:0.289709+0.005572 
[98]	train-rmse:0.289008+0.002169	test-rmse:0.289490+0.005732 
[99]	train-rmse:0.288630+0.002131	test-rmse:0.289105+0.005440 
[100]	train-rmse:0.288207+0.001985	test-rmse:0.288676+0.005351 
[101]	train-rmse:0.287820+0.002231	test-rmse:0.288311+0.005515 
[102]	train-rmse:0.287448+0.002468	test-rmse:0.287960+0.005691 
[103]	train-rmse:0.287073+0.002738	test-rmse:0.287603+0.005866 
[104]	train-rmse:0.286835+0.002683	test-rmse:0.287368+0.005812 
[105]	train-rmse:0.286357+0.002921	test-rmse:0.286908+0.005704 
[106]	train-rmse:0.285863+0.002932	test-rmse:0.286424+0.005605 
[107]	train-rmse:0.285531+0.003195	test-rmse:0.286106+0.005785 
[108]	train-rmse:0.285045+0.003230	test-rmse:0.285629+0.005700 
[109]	train-rmse:0.284708+0.003310	test-rmse:0.285302+0.005642 
[110]	train-rmse:0.284234+0.003203	test-rmse:0.284833+0.005711 
[111]	train-rmse:0.283636+0.003160	test-rmse:0.284223+0.005540 
[112]	train-rmse:0.283051+0.003122	test-rmse:0.283641+0.005403 
[113]	train-rmse:0.282718+0.003008	test-rmse:0.283302+0.005312 
[114]	train-rmse:0.282505+0.003067	test-rmse:0.283095+0.005109 
[115]	train-rmse:0.281813+0.003043	test-rmse:0.282432+0.005108 
[116]	train-rmse:0.281496+0.002981	test-rmse:0.282093+0.005053 
[117]	train-rmse:0.281045+0.002922	test-rmse:0.281651+0.004931 
[118]	train-rmse:0.280346+0.002885	test-rmse:0.280946+0.004954 
[119]	train-rmse:0.279785+0.003039	test-rmse:0.280405+0.004803 
[120]	train-rmse:0.279362+0.003203	test-rmse:0.279998+0.004571 
[121]	train-rmse:0.278950+0.003373	test-rmse:0.279610+0.004379 
[122]	train-rmse:0.278662+0.003622	test-rmse:0.279341+0.004213 
[123]	train-rmse:0.278244+0.003515	test-rmse:0.278921+0.004336 
[124]	train-rmse:0.277828+0.003563	test-rmse:0.278530+0.004386 
[125]	train-rmse:0.277420+0.003478	test-rmse:0.278095+0.004478 
[126]	train-rmse:0.277006+0.003475	test-rmse:0.277670+0.004395 
[127]	train-rmse:0.276824+0.003288	test-rmse:0.277477+0.004549 
[128]	train-rmse:0.276412+0.003152	test-rmse:0.277065+0.004464 
[129]	train-rmse:0.276130+0.003106	test-rmse:0.276769+0.004489 
[130]	train-rmse:0.275616+0.003160	test-rmse:0.276274+0.004381 
[131]	train-rmse:0.275357+0.003426	test-rmse:0.276031+0.004203 
[132]	train-rmse:0.274840+0.003305	test-rmse:0.275497+0.004227 
[133]	train-rmse:0.274564+0.003372	test-rmse:0.275239+0.004318 
[134]	train-rmse:0.274169+0.003290	test-rmse:0.274839+0.004256 
[135]	train-rmse:0.273797+0.003305	test-rmse:0.274481+0.004252 
[136]	train-rmse:0.273544+0.003321	test-rmse:0.274229+0.004383 
[137]	train-rmse:0.273502+0.003321	test-rmse:0.274185+0.004383 
[138]	train-rmse:0.273130+0.003307	test-rmse:0.273791+0.004265 
[139]	train-rmse:0.272652+0.003341	test-rmse:0.273326+0.004191 
[140]	train-rmse:0.272206+0.003200	test-rmse:0.272876+0.004352 
[141]	train-rmse:0.271858+0.003290	test-rmse:0.272554+0.004362 
[142]	train-rmse:0.271709+0.003231	test-rmse:0.272408+0.004302 
[143]	train-rmse:0.271546+0.003153	test-rmse:0.272248+0.004405 
[144]	train-rmse:0.271104+0.003005	test-rmse:0.271791+0.004465 
[145]	train-rmse:0.270651+0.003044	test-rmse:0.271352+0.004419 
[146]	train-rmse:0.270305+0.003221	test-rmse:0.271012+0.004307 
[147]	train-rmse:0.270056+0.003225	test-rmse:0.270779+0.004431 
[148]	train-rmse:0.269604+0.003331	test-rmse:0.270345+0.004318 
[149]	train-rmse:0.269354+0.003309	test-rmse:0.270091+0.004382 
[150]	train-rmse:0.269122+0.003138	test-rmse:0.269849+0.004620 
[151]	train-rmse:0.268581+0.003130	test-rmse:0.269328+0.004667 
[152]	train-rmse:0.268058+0.003132	test-rmse:0.268824+0.004709 
[153]	train-rmse:0.267546+0.003102	test-rmse:0.268338+0.004731 
[154]	train-rmse:0.267231+0.003251	test-rmse:0.268024+0.004681 
[155]	train-rmse:0.267092+0.003144	test-rmse:0.267872+0.004848 
[156]	train-rmse:0.266880+0.002985	test-rmse:0.267653+0.004934 
[157]	train-rmse:0.266560+0.003131	test-rmse:0.267339+0.004940 
[158]	train-rmse:0.266171+0.003003	test-rmse:0.266946+0.005002 
[159]	train-rmse:0.265687+0.003007	test-rmse:0.266469+0.004997 
[160]	train-rmse:0.265305+0.003059	test-rmse:0.266092+0.005054 
[161]	train-rmse:0.265016+0.003202	test-rmse:0.265799+0.004853 
[162]	train-rmse:0.264726+0.003171	test-rmse:0.265531+0.005026 
[163]	train-rmse:0.264339+0.003239	test-rmse:0.265159+0.004899 
[164]	train-rmse:0.263956+0.003293	test-rmse:0.264797+0.004846 
[165]	train-rmse:0.263645+0.003251	test-rmse:0.264491+0.005063 
[166]	train-rmse:0.263522+0.003185	test-rmse:0.264358+0.005146 
[167]	train-rmse:0.263224+0.003308	test-rmse:0.264085+0.004955 
[168]	train-rmse:0.262768+0.003280	test-rmse:0.263626+0.004955 
[169]	train-rmse:0.262465+0.003246	test-rmse:0.263347+0.004950 
[170]	train-rmse:0.262347+0.003328	test-rmse:0.263226+0.004839 
[171]	train-rmse:0.261983+0.003391	test-rmse:0.262879+0.004770 
[172]	train-rmse:0.261723+0.003507	test-rmse:0.262644+0.004611 
[173]	train-rmse:0.261542+0.003513	test-rmse:0.262467+0.004646 
[174]	train-rmse:0.261184+0.003399	test-rmse:0.262106+0.004780 
[175]	train-rmse:0.260981+0.003454	test-rmse:0.261916+0.004811 
[176]	train-rmse:0.260629+0.003375	test-rmse:0.261571+0.004927 
[177]	train-rmse:0.260277+0.003317	test-rmse:0.261253+0.005026 
[178]	train-rmse:0.260094+0.003378	test-rmse:0.261084+0.004962 
[179]	train-rmse:0.259997+0.003492	test-rmse:0.261001+0.004943 
[180]	train-rmse:0.259748+0.003559	test-rmse:0.260742+0.004993 
[181]	train-rmse:0.259641+0.003625	test-rmse:0.260645+0.004898 
[182]	train-rmse:0.259370+0.003440	test-rmse:0.260361+0.005047 
[183]	train-rmse:0.259264+0.003382	test-rmse:0.260259+0.005096 
[184]	train-rmse:0.259083+0.003247	test-rmse:0.260067+0.005289 
[185]	train-rmse:0.258835+0.003072	test-rmse:0.259806+0.005423 
[186]	train-rmse:0.258672+0.002957	test-rmse:0.259637+0.005597 
[187]	train-rmse:0.258498+0.002955	test-rmse:0.259472+0.005476 
[188]	train-rmse:0.258331+0.002839	test-rmse:0.259304+0.005549 
[189]	train-rmse:0.258093+0.002835	test-rmse:0.259089+0.005674 
[190]	train-rmse:0.257930+0.002742	test-rmse:0.258933+0.005675 
[191]	train-rmse:0.257617+0.002681	test-rmse:0.258648+0.005781 
[192]	train-rmse:0.257532+0.002791	test-rmse:0.258558+0.005742 
[193]	train-rmse:0.257165+0.002779	test-rmse:0.258183+0.005770 
[194]	train-rmse:0.256827+0.002647	test-rmse:0.257830+0.005808 
[195]	train-rmse:0.256531+0.002603	test-rmse:0.257545+0.005914 
[196]	train-rmse:0.256292+0.002633	test-rmse:0.257324+0.005960 
[197]	train-rmse:0.256139+0.002783	test-rmse:0.257176+0.005830 
[198]	train-rmse:0.255990+0.002820	test-rmse:0.257041+0.005917 
[199]	train-rmse:0.255844+0.002955	test-rmse:0.256904+0.005806 
[200]	train-rmse:0.255544+0.002982	test-rmse:0.256622+0.005876 
[201]	train-rmse:0.255282+0.002938	test-rmse:0.256363+0.005977 
[202]	train-rmse:0.255121+0.002846	test-rmse:0.256217+0.005989 
[203]	train-rmse:0.254894+0.002763	test-rmse:0.255991+0.006013 
[204]	train-rmse:0.254602+0.002648	test-rmse:0.255675+0.006025 
[205]	train-rmse:0.254334+0.002533	test-rmse:0.255407+0.006074 
[206]	train-rmse:0.254133+0.002396	test-rmse:0.255201+0.006209 
[207]	train-rmse:0.253865+0.002269	test-rmse:0.254924+0.006280 
[208]	train-rmse:0.253608+0.002231	test-rmse:0.254665+0.006370 
[209]	train-rmse:0.253402+0.002290	test-rmse:0.254448+0.006382 
[210]	train-rmse:0.253205+0.002386	test-rmse:0.254252+0.006347 
[211]	train-rmse:0.252929+0.002353	test-rmse:0.253969+0.006447 
[212]	train-rmse:0.252845+0.002297	test-rmse:0.253890+0.006489 
[213]	train-rmse:0.252632+0.002227	test-rmse:0.253669+0.006475 
[214]	train-rmse:0.252618+0.002228	test-rmse:0.253655+0.006475 
[215]	train-rmse:0.252420+0.002322	test-rmse:0.253478+0.006361 
[216]	train-rmse:0.252239+0.002417	test-rmse:0.253305+0.006244 
[217]	train-rmse:0.252046+0.002288	test-rmse:0.253104+0.006378 
[218]	train-rmse:0.251865+0.002365	test-rmse:0.252936+0.006293 
[219]	train-rmse:0.251738+0.002394	test-rmse:0.252812+0.006301 
[220]	train-rmse:0.251663+0.002342	test-rmse:0.252731+0.006406 
[221]	train-rmse:0.251398+0.002405	test-rmse:0.252469+0.006351 
[222]	train-rmse:0.251281+0.002345	test-rmse:0.252347+0.006421 
[223]	train-rmse:0.251099+0.002413	test-rmse:0.252169+0.006350 
[224]	train-rmse:0.250863+0.002453	test-rmse:0.251944+0.006268 
[225]	train-rmse:0.250746+0.002385	test-rmse:0.251818+0.006349 
[226]	train-rmse:0.250574+0.002403	test-rmse:0.251659+0.006340 
[227]	train-rmse:0.250450+0.002459	test-rmse:0.251545+0.006410 
[228]	train-rmse:0.250273+0.002520	test-rmse:0.251370+0.006308 
[229]	train-rmse:0.250091+0.002537	test-rmse:0.251194+0.006371 
[230]	train-rmse:0.249865+0.002545	test-rmse:0.250967+0.006385 
[231]	train-rmse:0.249648+0.002453	test-rmse:0.250748+0.006404 
[232]	train-rmse:0.249472+0.002406	test-rmse:0.250577+0.006351 
[233]	train-rmse:0.249297+0.002399	test-rmse:0.250399+0.006472 
[234]	train-rmse:0.249044+0.002424	test-rmse:0.250164+0.006464 
[235]	train-rmse:0.248878+0.002446	test-rmse:0.250011+0.006463 
[236]	train-rmse:0.248724+0.002467	test-rmse:0.249859+0.006453 
[237]	train-rmse:0.248506+0.002514	test-rmse:0.249658+0.006385 
[238]	train-rmse:0.248343+0.002557	test-rmse:0.249508+0.006375 
[239]	train-rmse:0.248233+0.002477	test-rmse:0.249393+0.006494 
[240]	train-rmse:0.248175+0.002428	test-rmse:0.249332+0.006577 
[241]	train-rmse:0.247963+0.002400	test-rmse:0.249115+0.006658 
[242]	train-rmse:0.247750+0.002417	test-rmse:0.248900+0.006708 
[243]	train-rmse:0.247534+0.002446	test-rmse:0.248670+0.006609 
[244]	train-rmse:0.247288+0.002427	test-rmse:0.248447+0.006624 
[245]	train-rmse:0.247130+0.002495	test-rmse:0.248308+0.006571 
[246]	train-rmse:0.247035+0.002581	test-rmse:0.248233+0.006505 
[247]	train-rmse:0.246937+0.002606	test-rmse:0.248152+0.006553 
[248]	train-rmse:0.246751+0.002621	test-rmse:0.247976+0.006584 
[249]	train-rmse:0.246557+0.002538	test-rmse:0.247771+0.006621 
[250]	train-rmse:0.246547+0.002537	test-rmse:0.247762+0.006622 
[251]	train-rmse:0.246392+0.002554	test-rmse:0.247621+0.006660 
[252]	train-rmse:0.246251+0.002561	test-rmse:0.247488+0.006701 
[253]	train-rmse:0.246149+0.002508	test-rmse:0.247392+0.006712 
[254]	train-rmse:0.246054+0.002535	test-rmse:0.247294+0.006788 
[255]	train-rmse:0.245911+0.002552	test-rmse:0.247154+0.006870 
[256]	train-rmse:0.245816+0.002600	test-rmse:0.247064+0.006839 
[257]	train-rmse:0.245716+0.002547	test-rmse:0.246957+0.006906 
[258]	train-rmse:0.245571+0.002494	test-rmse:0.246795+0.006887 
[259]	train-rmse:0.245475+0.002447	test-rmse:0.246700+0.006896 
[260]	train-rmse:0.245315+0.002388	test-rmse:0.246523+0.006846 
[261]	train-rmse:0.245170+0.002446	test-rmse:0.246391+0.006788 
[262]	train-rmse:0.244946+0.002440	test-rmse:0.246182+0.006790 
[263]	train-rmse:0.244841+0.002425	test-rmse:0.246086+0.006732 
[264]	train-rmse:0.244798+0.002391	test-rmse:0.246036+0.006800 
[265]	train-rmse:0.244670+0.002397	test-rmse:0.245906+0.006863 
[266]	train-rmse:0.244521+0.002424	test-rmse:0.245774+0.006860 
[267]	train-rmse:0.244386+0.002479	test-rmse:0.245643+0.006769 
[268]	train-rmse:0.244290+0.002434	test-rmse:0.245546+0.006827 
[269]	train-rmse:0.244156+0.002390	test-rmse:0.245402+0.006814 
[270]	train-rmse:0.244149+0.002391	test-rmse:0.245394+0.006815 
[271]	train-rmse:0.244048+0.002433	test-rmse:0.245299+0.006884 
[272]	train-rmse:0.243917+0.002440	test-rmse:0.245175+0.006948 
[273]	train-rmse:0.243872+0.002412	test-rmse:0.245131+0.006968 
[274]	train-rmse:0.243719+0.002441	test-rmse:0.244989+0.006938 
[275]	train-rmse:0.243636+0.002470	test-rmse:0.244906+0.006937 
[276]	train-rmse:0.243463+0.002393	test-rmse:0.244731+0.006970 
[277]	train-rmse:0.243330+0.002442	test-rmse:0.244604+0.007011 
[278]	train-rmse:0.243156+0.002447	test-rmse:0.244442+0.007083 
[279]	train-rmse:0.242977+0.002364	test-rmse:0.244251+0.007112 
[280]	train-rmse:0.242887+0.002330	test-rmse:0.244162+0.007126 
[281]	train-rmse:0.242734+0.002324	test-rmse:0.244018+0.007160 
[282]	train-rmse:0.242613+0.002283	test-rmse:0.243883+0.007117 
[283]	train-rmse:0.242569+0.002248	test-rmse:0.243835+0.007185 
[284]	train-rmse:0.242436+0.002267	test-rmse:0.243713+0.007266 
[285]	train-rmse:0.242323+0.002321	test-rmse:0.243624+0.007218 
[286]	train-rmse:0.242278+0.002396	test-rmse:0.243594+0.007200 
[287]	train-rmse:0.242199+0.002367	test-rmse:0.243525+0.007198 
[288]	train-rmse:0.242075+0.002327	test-rmse:0.243405+0.007164 
[289]	train-rmse:0.241944+0.002274	test-rmse:0.243255+0.007143 
[290]	train-rmse:0.241782+0.002289	test-rmse:0.243112+0.007199 
[291]	train-rmse:0.241669+0.002240	test-rmse:0.242994+0.007200 
[292]	train-rmse:0.241530+0.002271	test-rmse:0.242883+0.007162 
[293]	train-rmse:0.241417+0.002238	test-rmse:0.242768+0.007123 
[294]	train-rmse:0.241342+0.002198	test-rmse:0.242701+0.007152 
[295]	train-rmse:0.241270+0.002214	test-rmse:0.242630+0.007196 
[296]	train-rmse:0.241187+0.002263	test-rmse:0.242573+0.007210 
[297]	train-rmse:0.241114+0.002238	test-rmse:0.242505+0.007195 
[298]	train-rmse:0.241040+0.002272	test-rmse:0.242437+0.007169 
[299]	train-rmse:0.240932+0.002297	test-rmse:0.242325+0.007147 
[300]	train-rmse:0.240818+0.002326	test-rmse:0.242218+0.007146 
[301]	train-rmse:0.240748+0.002314	test-rmse:0.242161+0.007117 
[302]	train-rmse:0.240667+0.002287	test-rmse:0.242092+0.007111 
[303]	train-rmse:0.240479+0.002280	test-rmse:0.241909+0.007120 
[304]	train-rmse:0.240282+0.002270	test-rmse:0.241714+0.007130 
[305]	train-rmse:0.240170+0.002321	test-rmse:0.241616+0.007067 
[306]	train-rmse:0.240099+0.002375	test-rmse:0.241545+0.007006 
[307]	train-rmse:0.239972+0.002401	test-rmse:0.241399+0.006957 
[308]	train-rmse:0.239866+0.002453	test-rmse:0.241314+0.006902 
[309]	train-rmse:0.239761+0.002488	test-rmse:0.241220+0.006897 
[310]	train-rmse:0.239700+0.002519	test-rmse:0.241158+0.006890 
[311]	train-rmse:0.239587+0.002548	test-rmse:0.241056+0.006887 
[312]	train-rmse:0.239472+0.002600	test-rmse:0.240955+0.006857 
[313]	train-rmse:0.239405+0.002656	test-rmse:0.240898+0.006802 
[314]	train-rmse:0.239316+0.002672	test-rmse:0.240829+0.006841 
[315]	train-rmse:0.239181+0.002706	test-rmse:0.240689+0.006806 
[316]	train-rmse:0.239079+0.002745	test-rmse:0.240590+0.006810 
[317]	train-rmse:0.238920+0.002737	test-rmse:0.240423+0.006786 
[318]	train-rmse:0.238850+0.002730	test-rmse:0.240361+0.006753 
[319]	train-rmse:0.238710+0.002665	test-rmse:0.240241+0.006774 
[320]	train-rmse:0.238654+0.002702	test-rmse:0.240194+0.006775 
[321]	train-rmse:0.238649+0.002701	test-rmse:0.240188+0.006774 
[322]	train-rmse:0.238522+0.002736	test-rmse:0.240053+0.006711 
[323]	train-rmse:0.238429+0.002738	test-rmse:0.239967+0.006720 
[324]	train-rmse:0.238392+0.002733	test-rmse:0.239934+0.006715 
[325]	train-rmse:0.238357+0.002787	test-rmse:0.239906+0.006697 
[326]	train-rmse:0.238224+0.002793	test-rmse:0.239776+0.006716 
[327]	train-rmse:0.238121+0.002741	test-rmse:0.239683+0.006753 
[328]	train-rmse:0.238014+0.002689	test-rmse:0.239580+0.006800 
[329]	train-rmse:0.237918+0.002701	test-rmse:0.239490+0.006783 
[330]	train-rmse:0.237814+0.002655	test-rmse:0.239377+0.006800 
[331]	train-rmse:0.237656+0.002653	test-rmse:0.239204+0.006794 
[332]	train-rmse:0.237566+0.002636	test-rmse:0.239108+0.006771 
[333]	train-rmse:0.237476+0.002665	test-rmse:0.239026+0.006765 
[334]	train-rmse:0.237354+0.002656	test-rmse:0.238911+0.006816 
[335]	train-rmse:0.237223+0.002665	test-rmse:0.238795+0.006833 
[336]	train-rmse:0.237096+0.002665	test-rmse:0.238686+0.006880 
[337]	train-rmse:0.237037+0.002690	test-rmse:0.238619+0.006873 
[338]	train-rmse:0.236915+0.002637	test-rmse:0.238499+0.006882 
[339]	train-rmse:0.236847+0.002626	test-rmse:0.238424+0.006850 
[340]	train-rmse:0.236783+0.002574	test-rmse:0.238357+0.006925 
[341]	train-rmse:0.236668+0.002605	test-rmse:0.238230+0.006870 
[342]	train-rmse:0.236607+0.002591	test-rmse:0.238174+0.006885 
[343]	train-rmse:0.236528+0.002632	test-rmse:0.238099+0.006843 
[344]	train-rmse:0.236438+0.002622	test-rmse:0.238016+0.006812 
[345]	train-rmse:0.236408+0.002666	test-rmse:0.237997+0.006798 
[346]	train-rmse:0.236314+0.002670	test-rmse:0.237906+0.006768 
[347]	train-rmse:0.236176+0.002668	test-rmse:0.237762+0.006763 
[348]	train-rmse:0.236128+0.002632	test-rmse:0.237712+0.006801 
[349]	train-rmse:0.236032+0.002592	test-rmse:0.237604+0.006810 
[350]	train-rmse:0.235912+0.002594	test-rmse:0.237483+0.006787 
[351]	train-rmse:0.235817+0.002619	test-rmse:0.237406+0.006801 
[352]	train-rmse:0.235709+0.002570	test-rmse:0.237300+0.006832 
[353]	train-rmse:0.235616+0.002631	test-rmse:0.237216+0.006771 
[354]	train-rmse:0.235528+0.002641	test-rmse:0.237116+0.006758 
[355]	train-rmse:0.235473+0.002680	test-rmse:0.237063+0.006735 
[356]	train-rmse:0.235365+0.002684	test-rmse:0.236936+0.006723 
[357]	train-rmse:0.235294+0.002719	test-rmse:0.236859+0.006673 
[358]	train-rmse:0.235215+0.002721	test-rmse:0.236774+0.006642 
[359]	train-rmse:0.235106+0.002718	test-rmse:0.236689+0.006677 
[360]	train-rmse:0.235003+0.002677	test-rmse:0.236596+0.006710 
[361]	train-rmse:0.234901+0.002668	test-rmse:0.236490+0.006711 
[362]	train-rmse:0.234850+0.002640	test-rmse:0.236440+0.006743 
[363]	train-rmse:0.234743+0.002642	test-rmse:0.236340+0.006754 
[364]	train-rmse:0.234662+0.002658	test-rmse:0.236283+0.006765 
[365]	train-rmse:0.234611+0.002632	test-rmse:0.236232+0.006803 
[366]	train-rmse:0.234531+0.002654	test-rmse:0.236156+0.006774 
[367]	train-rmse:0.234478+0.002693	test-rmse:0.236116+0.006763 
[368]	train-rmse:0.234375+0.002701	test-rmse:0.236039+0.006771 
[369]	train-rmse:0.234297+0.002724	test-rmse:0.235969+0.006748 
[370]	train-rmse:0.234200+0.002678	test-rmse:0.235883+0.006792 
[371]	train-rmse:0.234085+0.002673	test-rmse:0.235770+0.006788 
[372]	train-rmse:0.234027+0.002724	test-rmse:0.235728+0.006771 
[373]	train-rmse:0.234002+0.002763	test-rmse:0.235710+0.006757 
[374]	train-rmse:0.233930+0.002784	test-rmse:0.235638+0.006720 
[375]	train-rmse:0.233826+0.002778	test-rmse:0.235556+0.006750 
[376]	train-rmse:0.233756+0.002754	test-rmse:0.235473+0.006765 
[377]	train-rmse:0.233685+0.002779	test-rmse:0.235414+0.006760 
[378]	train-rmse:0.233616+0.002742	test-rmse:0.235347+0.006757 
[379]	train-rmse:0.233522+0.002700	test-rmse:0.235249+0.006783 
[380]	train-rmse:0.233477+0.002714	test-rmse:0.235206+0.006775 
[381]	train-rmse:0.233408+0.002727	test-rmse:0.235149+0.006759 
[382]	train-rmse:0.233304+0.002727	test-rmse:0.235039+0.006782 
[383]	train-rmse:0.233231+0.002704	test-rmse:0.234972+0.006773 
[384]	train-rmse:0.233181+0.002705	test-rmse:0.234923+0.006820 
[385]	train-rmse:0.233117+0.002714	test-rmse:0.234854+0.006836 
[386]	train-rmse:0.233058+0.002728	test-rmse:0.234796+0.006823 
[387]	train-rmse:0.232987+0.002740	test-rmse:0.234735+0.006858 
[388]	train-rmse:0.232920+0.002778	test-rmse:0.234676+0.006821 
[389]	train-rmse:0.232875+0.002814	test-rmse:0.234634+0.006783 
[390]	train-rmse:0.232803+0.002808	test-rmse:0.234560+0.006821 
[391]	train-rmse:0.232675+0.002795	test-rmse:0.234443+0.006823 
[392]	train-rmse:0.232628+0.002753	test-rmse:0.234416+0.006849 
[393]	train-rmse:0.232540+0.002764	test-rmse:0.234342+0.006834 
[394]	train-rmse:0.232495+0.002785	test-rmse:0.234294+0.006809 
[395]	train-rmse:0.232398+0.002808	test-rmse:0.234199+0.006786 
[396]	train-rmse:0.232348+0.002796	test-rmse:0.234144+0.006758 
[397]	train-rmse:0.232285+0.002759	test-rmse:0.234087+0.006788 
[398]	train-rmse:0.232242+0.002789	test-rmse:0.234036+0.006741 
[399]	train-rmse:0.232156+0.002767	test-rmse:0.233945+0.006791 
[400]	train-rmse:0.232074+0.002785	test-rmse:0.233874+0.006797 
[401]	train-rmse:0.232047+0.002768	test-rmse:0.233835+0.006816 
[402]	train-rmse:0.231962+0.002784	test-rmse:0.233750+0.006794 
[403]	train-rmse:0.231922+0.002773	test-rmse:0.233713+0.006773 
[404]	train-rmse:0.231837+0.002779	test-rmse:0.233638+0.006770 
[405]	train-rmse:0.231795+0.002808	test-rmse:0.233580+0.006717 
[406]	train-rmse:0.231728+0.002782	test-rmse:0.233507+0.006750 
[407]	train-rmse:0.231681+0.002803	test-rmse:0.233480+0.006750 
[408]	train-rmse:0.231596+0.002822	test-rmse:0.233399+0.006709 
[409]	train-rmse:0.231539+0.002839	test-rmse:0.233353+0.006706 
[410]	train-rmse:0.231487+0.002822	test-rmse:0.233304+0.006714 
[411]	train-rmse:0.231444+0.002797	test-rmse:0.233268+0.006751 
[412]	train-rmse:0.231397+0.002817	test-rmse:0.233237+0.006775 
[413]	train-rmse:0.231342+0.002812	test-rmse:0.233188+0.006801 
[414]	train-rmse:0.231273+0.002800	test-rmse:0.233120+0.006768 
[415]	train-rmse:0.231235+0.002765	test-rmse:0.233091+0.006797 
[416]	train-rmse:0.231157+0.002771	test-rmse:0.232989+0.006775 
[417]	train-rmse:0.231067+0.002732	test-rmse:0.232905+0.006769 
[418]	train-rmse:0.230967+0.002725	test-rmse:0.232805+0.006779 
[419]	train-rmse:0.230882+0.002719	test-rmse:0.232703+0.006791 
[420]	train-rmse:0.230825+0.002749	test-rmse:0.232657+0.006762 
[421]	train-rmse:0.230784+0.002789	test-rmse:0.232628+0.006736 
[422]	train-rmse:0.230743+0.002761	test-rmse:0.232583+0.006779 
[423]	train-rmse:0.230655+0.002767	test-rmse:0.232475+0.006786 
[424]	train-rmse:0.230572+0.002780	test-rmse:0.232380+0.006748 
[425]	train-rmse:0.230536+0.002749	test-rmse:0.232333+0.006801 
[426]	train-rmse:0.230506+0.002728	test-rmse:0.232306+0.006814 
[427]	train-rmse:0.230422+0.002725	test-rmse:0.232215+0.006803 
[428]	train-rmse:0.230378+0.002715	test-rmse:0.232158+0.006791 
[429]	train-rmse:0.230309+0.002703	test-rmse:0.232093+0.006847 
[430]	train-rmse:0.230308+0.002702	test-rmse:0.232091+0.006847 
[431]	train-rmse:0.230250+0.002721	test-rmse:0.232045+0.006845 
[432]	train-rmse:0.230226+0.002707	test-rmse:0.232015+0.006860 
[433]	train-rmse:0.230168+0.002707	test-rmse:0.231959+0.006880 
[434]	train-rmse:0.230080+0.002714	test-rmse:0.231863+0.006863 
[435]	train-rmse:0.230026+0.002725	test-rmse:0.231812+0.006857 
[436]	train-rmse:0.229962+0.002715	test-rmse:0.231764+0.006893 
[437]	train-rmse:0.229862+0.002714	test-rmse:0.231682+0.006919 
[438]	train-rmse:0.229812+0.002687	test-rmse:0.231651+0.006936 
[439]	train-rmse:0.229746+0.002670	test-rmse:0.231584+0.006930 
[440]	train-rmse:0.229661+0.002665	test-rmse:0.231499+0.006935 
[441]	train-rmse:0.229574+0.002622	test-rmse:0.231411+0.006982 
[442]	train-rmse:0.229497+0.002610	test-rmse:0.231334+0.006983 
[443]	train-rmse:0.229495+0.002610	test-rmse:0.231332+0.006983 
[444]	train-rmse:0.229474+0.002589	test-rmse:0.231319+0.007002 
[445]	train-rmse:0.229399+0.002597	test-rmse:0.231239+0.006985 
[446]	train-rmse:0.229365+0.002624	test-rmse:0.231212+0.006974 
[447]	train-rmse:0.229319+0.002594	test-rmse:0.231160+0.007021 
[448]	train-rmse:0.229260+0.002598	test-rmse:0.231114+0.007046 
[449]	train-rmse:0.229186+0.002612	test-rmse:0.231061+0.007035 
[450]	train-rmse:0.229124+0.002632	test-rmse:0.231010+0.007015 
[451]	train-rmse:0.229084+0.002603	test-rmse:0.230963+0.007061 
[452]	train-rmse:0.229006+0.002592	test-rmse:0.230895+0.007078 
[453]	train-rmse:0.228974+0.002575	test-rmse:0.230863+0.007101 
[454]	train-rmse:0.228960+0.002574	test-rmse:0.230852+0.007100 
[455]	train-rmse:0.228895+0.002588	test-rmse:0.230775+0.007074 
[456]	train-rmse:0.228838+0.002600	test-rmse:0.230711+0.007045 
[457]	train-rmse:0.228767+0.002601	test-rmse:0.230657+0.007052 
[458]	train-rmse:0.228735+0.002600	test-rmse:0.230638+0.007049 
[459]	train-rmse:0.228699+0.002606	test-rmse:0.230601+0.007071 
[460]	train-rmse:0.228623+0.002617	test-rmse:0.230537+0.007059 
[461]	train-rmse:0.228590+0.002599	test-rmse:0.230499+0.007069 
[462]	train-rmse:0.228574+0.002598	test-rmse:0.230481+0.007067 
[463]	train-rmse:0.228520+0.002594	test-rmse:0.230447+0.007087 
[464]	train-rmse:0.228467+0.002619	test-rmse:0.230385+0.007050 
[465]	train-rmse:0.228410+0.002622	test-rmse:0.230318+0.007057 
[466]	train-rmse:0.228338+0.002592	test-rmse:0.230252+0.007068 
[467]	train-rmse:0.228308+0.002614	test-rmse:0.230221+0.007050 
[468]	train-rmse:0.228235+0.002581	test-rmse:0.230140+0.007077 
[469]	train-rmse:0.228185+0.002562	test-rmse:0.230089+0.007083 
[470]	train-rmse:0.228144+0.002558	test-rmse:0.230046+0.007095 
[471]	train-rmse:0.228093+0.002574	test-rmse:0.229984+0.007077 
[472]	train-rmse:0.228074+0.002554	test-rmse:0.229965+0.007106 
[473]	train-rmse:0.228019+0.002563	test-rmse:0.229887+0.007087 
[474]	train-rmse:0.227996+0.002539	test-rmse:0.229857+0.007132 
[475]	train-rmse:0.227955+0.002556	test-rmse:0.229828+0.007157 
[476]	train-rmse:0.227900+0.002536	test-rmse:0.229763+0.007169 
[477]	train-rmse:0.227854+0.002519	test-rmse:0.229726+0.007180 
[478]	train-rmse:0.227802+0.002528	test-rmse:0.229667+0.007143 
[479]	train-rmse:0.227725+0.002517	test-rmse:0.229591+0.007162 
[480]	train-rmse:0.227668+0.002480	test-rmse:0.229524+0.007212 
[481]	train-rmse:0.227635+0.002484	test-rmse:0.229482+0.007230 
[482]	train-rmse:0.227579+0.002449	test-rmse:0.229423+0.007272 
[483]	train-rmse:0.227524+0.002442	test-rmse:0.229364+0.007317 
[484]	train-rmse:0.227473+0.002443	test-rmse:0.229325+0.007334 
[485]	train-rmse:0.227437+0.002473	test-rmse:0.229281+0.007292 
[486]	train-rmse:0.227421+0.002462	test-rmse:0.229273+0.007297 
[487]	train-rmse:0.227380+0.002450	test-rmse:0.229221+0.007280 
[488]	train-rmse:0.227351+0.002459	test-rmse:0.229200+0.007302 
[489]	train-rmse:0.227320+0.002448	test-rmse:0.229169+0.007296 
[490]	train-rmse:0.227290+0.002423	test-rmse:0.229156+0.007311 
[491]	train-rmse:0.227236+0.002396	test-rmse:0.229104+0.007305 
[492]	train-rmse:0.227172+0.002361	test-rmse:0.229039+0.007354 
[493]	train-rmse:0.227148+0.002358	test-rmse:0.229014+0.007346 
[494]	train-rmse:0.227102+0.002367	test-rmse:0.228971+0.007362 
[495]	train-rmse:0.227064+0.002394	test-rmse:0.228933+0.007329 
[496]	train-rmse:0.227000+0.002403	test-rmse:0.228864+0.007309 
[497]	train-rmse:0.226955+0.002415	test-rmse:0.228821+0.007294 
[498]	train-rmse:0.226890+0.002426	test-rmse:0.228767+0.007299 
[499]	train-rmse:0.226843+0.002456	test-rmse:0.228705+0.007250 
[500]	train-rmse:0.226797+0.002428	test-rmse:0.228661+0.007273 
[501]	train-rmse:0.226747+0.002466	test-rmse:0.228637+0.007259 
[502]	train-rmse:0.226697+0.002438	test-rmse:0.228580+0.007284 
[503]	train-rmse:0.226666+0.002430	test-rmse:0.228561+0.007287 
[504]	train-rmse:0.226609+0.002433	test-rmse:0.228498+0.007291 
[505]	train-rmse:0.226536+0.002397	test-rmse:0.228411+0.007314 
[506]	train-rmse:0.226484+0.002367	test-rmse:0.228358+0.007343 
[507]	train-rmse:0.226440+0.002372	test-rmse:0.228311+0.007327 
[508]	train-rmse:0.226384+0.002380	test-rmse:0.228263+0.007350 
[509]	train-rmse:0.226336+0.002360	test-rmse:0.228214+0.007365 
[510]	train-rmse:0.226287+0.002362	test-rmse:0.228168+0.007395 
[511]	train-rmse:0.226251+0.002350	test-rmse:0.228124+0.007393 
[512]	train-rmse:0.226187+0.002321	test-rmse:0.228065+0.007399 
[513]	train-rmse:0.226125+0.002321	test-rmse:0.228005+0.007398 
[514]	train-rmse:0.226066+0.002325	test-rmse:0.227944+0.007407 
[515]	train-rmse:0.226028+0.002329	test-rmse:0.227894+0.007420 
[516]	train-rmse:0.225965+0.002330	test-rmse:0.227847+0.007437 
[517]	train-rmse:0.225901+0.002299	test-rmse:0.227787+0.007446 
[518]	train-rmse:0.225868+0.002279	test-rmse:0.227758+0.007466 
[519]	train-rmse:0.225854+0.002276	test-rmse:0.227746+0.007464 
[520]	train-rmse:0.225784+0.002244	test-rmse:0.227669+0.007477 
[521]	train-rmse:0.225734+0.002259	test-rmse:0.227629+0.007478 
[522]	train-rmse:0.225689+0.002232	test-rmse:0.227588+0.007507 
[523]	train-rmse:0.225658+0.002216	test-rmse:0.227568+0.007507 
[524]	train-rmse:0.225628+0.002204	test-rmse:0.227543+0.007512 
[525]	train-rmse:0.225616+0.002202	test-rmse:0.227536+0.007511 
[526]	train-rmse:0.225578+0.002223	test-rmse:0.227509+0.007498 
[527]	train-rmse:0.225558+0.002215	test-rmse:0.227483+0.007517 
[528]	train-rmse:0.225508+0.002202	test-rmse:0.227422+0.007505 
[529]	train-rmse:0.225464+0.002177	test-rmse:0.227385+0.007530 
[530]	train-rmse:0.225395+0.002178	test-rmse:0.227325+0.007548 
[531]	train-rmse:0.225350+0.002180	test-rmse:0.227300+0.007562 
[532]	train-rmse:0.225297+0.002166	test-rmse:0.227239+0.007550 
[533]	train-rmse:0.225241+0.002144	test-rmse:0.227173+0.007562 
[534]	train-rmse:0.225173+0.002141	test-rmse:0.227085+0.007563 
[535]	train-rmse:0.225122+0.002142	test-rmse:0.227052+0.007573 
[536]	train-rmse:0.225068+0.002150	test-rmse:0.227011+0.007595 
[537]	train-rmse:0.225027+0.002167	test-rmse:0.226973+0.007573 
[538]	train-rmse:0.225017+0.002161	test-rmse:0.226964+0.007577 
[539]	train-rmse:0.224963+0.002164	test-rmse:0.226937+0.007588 
[540]	train-rmse:0.224911+0.002177	test-rmse:0.226902+0.007586 
[541]	train-rmse:0.224835+0.002171	test-rmse:0.226814+0.007590 
[542]	train-rmse:0.224763+0.002164	test-rmse:0.226751+0.007613 
[543]	train-rmse:0.224734+0.002189	test-rmse:0.226733+0.007606 
[544]	train-rmse:0.224718+0.002172	test-rmse:0.226718+0.007628 
[545]	train-rmse:0.224679+0.002176	test-rmse:0.226692+0.007632 
[546]	train-rmse:0.224630+0.002186	test-rmse:0.226638+0.007626 
[547]	train-rmse:0.224588+0.002181	test-rmse:0.226592+0.007637 
[548]	train-rmse:0.224545+0.002196	test-rmse:0.226547+0.007615 
[549]	train-rmse:0.224509+0.002175	test-rmse:0.226522+0.007630 
[550]	train-rmse:0.224457+0.002145	test-rmse:0.226469+0.007667 
[551]	train-rmse:0.224428+0.002166	test-rmse:0.226451+0.007662 
[552]	train-rmse:0.224368+0.002178	test-rmse:0.226407+0.007678 
[553]	train-rmse:0.224329+0.002153	test-rmse:0.226378+0.007708 
[554]	train-rmse:0.224283+0.002173	test-rmse:0.226328+0.007663 
[555]	train-rmse:0.224233+0.002171	test-rmse:0.226296+0.007685 
[556]	train-rmse:0.224205+0.002195	test-rmse:0.226275+0.007669 
[557]	train-rmse:0.224179+0.002204	test-rmse:0.226259+0.007650 
[558]	train-rmse:0.224147+0.002211	test-rmse:0.226233+0.007682 
[559]	train-rmse:0.224114+0.002194	test-rmse:0.226191+0.007715 
[560]	train-rmse:0.224075+0.002184	test-rmse:0.226152+0.007705 
[561]	train-rmse:0.224037+0.002175	test-rmse:0.226115+0.007697 
[562]	train-rmse:0.223999+0.002168	test-rmse:0.226074+0.007673 
[563]	train-rmse:0.223970+0.002152	test-rmse:0.226045+0.007693 
[564]	train-rmse:0.223941+0.002128	test-rmse:0.226016+0.007725 
[565]	train-rmse:0.223898+0.002147	test-rmse:0.225964+0.007695 
[566]	train-rmse:0.223856+0.002137	test-rmse:0.225938+0.007698 
[567]	train-rmse:0.223820+0.002118	test-rmse:0.225912+0.007708 
[568]	train-rmse:0.223770+0.002116	test-rmse:0.225869+0.007699 
[569]	train-rmse:0.223740+0.002099	test-rmse:0.225834+0.007696 
[570]	train-rmse:0.223698+0.002076	test-rmse:0.225795+0.007707 
[571]	train-rmse:0.223647+0.002079	test-rmse:0.225754+0.007703 
[572]	train-rmse:0.223621+0.002098	test-rmse:0.225721+0.007683 
[573]	train-rmse:0.223593+0.002090	test-rmse:0.225696+0.007685 
[574]	train-rmse:0.223537+0.002099	test-rmse:0.225638+0.007673 
[575]	train-rmse:0.223482+0.002099	test-rmse:0.225593+0.007681 
[576]	train-rmse:0.223441+0.002073	test-rmse:0.225558+0.007704 
[577]	train-rmse:0.223418+0.002072	test-rmse:0.225528+0.007713 
[578]	train-rmse:0.223374+0.002047	test-rmse:0.225497+0.007726 
[579]	train-rmse:0.223339+0.002062	test-rmse:0.225471+0.007744 
[580]	train-rmse:0.223327+0.002057	test-rmse:0.225457+0.007751 
[581]	train-rmse:0.223308+0.002073	test-rmse:0.225435+0.007733 
[582]	train-rmse:0.223252+0.002050	test-rmse:0.225378+0.007739 
[583]	train-rmse:0.223200+0.002066	test-rmse:0.225337+0.007730 
[584]	train-rmse:0.223171+0.002063	test-rmse:0.225305+0.007715 
[585]	train-rmse:0.223137+0.002041	test-rmse:0.225271+0.007740 
[586]	train-rmse:0.223122+0.002062	test-rmse:0.225262+0.007727 
[587]	train-rmse:0.223107+0.002046	test-rmse:0.225243+0.007757 
[588]	train-rmse:0.223084+0.002038	test-rmse:0.225220+0.007760 
[589]	train-rmse:0.223047+0.002041	test-rmse:0.225189+0.007769 
[590]	train-rmse:0.222992+0.002045	test-rmse:0.225158+0.007775 
[591]	train-rmse:0.222991+0.002045	test-rmse:0.225157+0.007775 
[592]	train-rmse:0.222953+0.002036	test-rmse:0.225110+0.007764 
[593]	train-rmse:0.222911+0.002040	test-rmse:0.225064+0.007769 
[594]	train-rmse:0.222880+0.002024	test-rmse:0.225049+0.007790 
[595]	train-rmse:0.222825+0.002019	test-rmse:0.225014+0.007788 
[596]	train-rmse:0.222812+0.002006	test-rmse:0.225005+0.007801 
[597]	train-rmse:0.222778+0.002010	test-rmse:0.224978+0.007806 
[598]	train-rmse:0.222741+0.002031	test-rmse:0.224941+0.007770 
[599]	train-rmse:0.222710+0.002014	test-rmse:0.224895+0.007796 
[600]	train-rmse:0.222671+0.002015	test-rmse:0.224853+0.007827 
[601]	train-rmse:0.222606+0.002018	test-rmse:0.224783+0.007800 
[602]	train-rmse:0.222565+0.001997	test-rmse:0.224734+0.007809 
[603]	train-rmse:0.222545+0.002012	test-rmse:0.224717+0.007799 
[604]	train-rmse:0.222488+0.002017	test-rmse:0.224656+0.007799 
[605]	train-rmse:0.222433+0.002017	test-rmse:0.224587+0.007806 
[606]	train-rmse:0.222377+0.002017	test-rmse:0.224537+0.007838 
[607]	train-rmse:0.222345+0.002026	test-rmse:0.224505+0.007833 
[608]	train-rmse:0.222340+0.002022	test-rmse:0.224503+0.007835 
[609]	train-rmse:0.222316+0.002037	test-rmse:0.224488+0.007849 
[610]	train-rmse:0.222279+0.002021	test-rmse:0.224455+0.007859 
[611]	train-rmse:0.222269+0.002020	test-rmse:0.224454+0.007859 
[612]	train-rmse:0.222239+0.002003	test-rmse:0.224426+0.007876 
[613]	train-rmse:0.222209+0.001986	test-rmse:0.224403+0.007902 
[614]	train-rmse:0.222173+0.001963	test-rmse:0.224378+0.007933 
[615]	train-rmse:0.222109+0.001961	test-rmse:0.224303+0.007930 
[616]	train-rmse:0.222057+0.001970	test-rmse:0.224239+0.007931 
[617]	train-rmse:0.222025+0.001983	test-rmse:0.224214+0.007928 
[618]	train-rmse:0.221977+0.001979	test-rmse:0.224152+0.007926 
[619]	train-rmse:0.221952+0.001970	test-rmse:0.224125+0.007932 
[620]	train-rmse:0.221929+0.001953	test-rmse:0.224103+0.007952 
[621]	train-rmse:0.221896+0.001935	test-rmse:0.224081+0.007959 
[622]	train-rmse:0.221847+0.001938	test-rmse:0.224041+0.007980 
[623]	train-rmse:0.221802+0.001942	test-rmse:0.224002+0.008009 
[624]	train-rmse:0.221787+0.001936	test-rmse:0.223991+0.008015 
[625]	train-rmse:0.221714+0.001938	test-rmse:0.223923+0.008000 
[626]	train-rmse:0.221676+0.001951	test-rmse:0.223880+0.008005 
[627]	train-rmse:0.221647+0.001966	test-rmse:0.223858+0.007990 
[628]	train-rmse:0.221613+0.001968	test-rmse:0.223830+0.008014 
[629]	train-rmse:0.221591+0.001951	test-rmse:0.223805+0.008042 
[630]	train-rmse:0.221547+0.001959	test-rmse:0.223763+0.008029 
[631]	train-rmse:0.221511+0.001941	test-rmse:0.223730+0.008061 
[632]	train-rmse:0.221491+0.001958	test-rmse:0.223710+0.008085 
[633]	train-rmse:0.221475+0.001987	test-rmse:0.223690+0.008060 
[634]	train-rmse:0.221464+0.001985	test-rmse:0.223677+0.008059 
[635]	train-rmse:0.221426+0.001992	test-rmse:0.223636+0.008052 
[636]	train-rmse:0.221371+0.001999	test-rmse:0.223601+0.008066 
[637]	train-rmse:0.221344+0.002004	test-rmse:0.223577+0.008052 
[638]	train-rmse:0.221318+0.001989	test-rmse:0.223559+0.008063 
[639]	train-rmse:0.221298+0.001983	test-rmse:0.223537+0.008068 
[640]	train-rmse:0.221272+0.001975	test-rmse:0.223513+0.008073 
[641]	train-rmse:0.221249+0.001970	test-rmse:0.223477+0.008056 
[642]	train-rmse:0.221201+0.001980	test-rmse:0.223418+0.008028 
[643]	train-rmse:0.221148+0.001994	test-rmse:0.223363+0.008002 
[644]	train-rmse:0.221117+0.001978	test-rmse:0.223349+0.008017 
[645]	train-rmse:0.221083+0.001984	test-rmse:0.223314+0.008008 
[646]	train-rmse:0.221047+0.002003	test-rmse:0.223282+0.007987 
[647]	train-rmse:0.221038+0.001993	test-rmse:0.223274+0.007998 
[648]	train-rmse:0.221016+0.001982	test-rmse:0.223252+0.008014 
[649]	train-rmse:0.220993+0.001974	test-rmse:0.223235+0.008014 
[650]	train-rmse:0.220982+0.001971	test-rmse:0.223220+0.008002 
[651]	train-rmse:0.220948+0.001951	test-rmse:0.223187+0.007998 
[652]	train-rmse:0.220915+0.001931	test-rmse:0.223136+0.008018 
[653]	train-rmse:0.220882+0.001942	test-rmse:0.223097+0.008002 
[654]	train-rmse:0.220857+0.001952	test-rmse:0.223072+0.007987 
[655]	train-rmse:0.220812+0.001960	test-rmse:0.223034+0.007977 
[656]	train-rmse:0.220764+0.001974	test-rmse:0.222985+0.007955 
[657]	train-rmse:0.220731+0.001981	test-rmse:0.222953+0.007940 
[658]	train-rmse:0.220692+0.001976	test-rmse:0.222928+0.007951 
[659]	train-rmse:0.220674+0.001973	test-rmse:0.222903+0.007941 
[660]	train-rmse:0.220651+0.001962	test-rmse:0.222880+0.007962 
[661]	train-rmse:0.220615+0.001944	test-rmse:0.222833+0.007965 
[662]	train-rmse:0.220598+0.001958	test-rmse:0.222826+0.007963 
[663]	train-rmse:0.220554+0.001960	test-rmse:0.222789+0.007980 
[664]	train-rmse:0.220519+0.001960	test-rmse:0.222757+0.007988 
[665]	train-rmse:0.220508+0.001949	test-rmse:0.222750+0.007999 
[666]	train-rmse:0.220480+0.001953	test-rmse:0.222719+0.007972 
[667]	train-rmse:0.220432+0.001930	test-rmse:0.222667+0.007967 
[668]	train-rmse:0.220404+0.001914	test-rmse:0.222642+0.007991 
[669]	train-rmse:0.220383+0.001932	test-rmse:0.222624+0.007981 
[670]	train-rmse:0.220344+0.001938	test-rmse:0.222574+0.007961 
[671]	train-rmse:0.220333+0.001926	test-rmse:0.222569+0.007968 
[672]	train-rmse:0.220300+0.001910	test-rmse:0.222523+0.007965 
[673]	train-rmse:0.220291+0.001900	test-rmse:0.222516+0.007975 
[674]	train-rmse:0.220266+0.001924	test-rmse:0.222492+0.007952 
[675]	train-rmse:0.220246+0.001921	test-rmse:0.222476+0.007942 
[676]	train-rmse:0.220217+0.001911	test-rmse:0.222440+0.007947 
[677]	train-rmse:0.220190+0.001927	test-rmse:0.222431+0.007949 
[678]	train-rmse:0.220154+0.001933	test-rmse:0.222393+0.007928 
[679]	train-rmse:0.220135+0.001921	test-rmse:0.222376+0.007939 
[680]	train-rmse:0.220114+0.001928	test-rmse:0.222357+0.007941 
[681]	train-rmse:0.220098+0.001921	test-rmse:0.222340+0.007953 
[682]	train-rmse:0.220066+0.001906	test-rmse:0.222313+0.007958 
[683]	train-rmse:0.220044+0.001890	test-rmse:0.222292+0.007982 
[684]	train-rmse:0.220027+0.001877	test-rmse:0.222281+0.007992 
[685]	train-rmse:0.220005+0.001900	test-rmse:0.222271+0.007985 
[686]	train-rmse:0.219963+0.001897	test-rmse:0.222246+0.007973 
[687]	train-rmse:0.219955+0.001912	test-rmse:0.222235+0.007960 
[688]	train-rmse:0.219924+0.001922	test-rmse:0.222203+0.007949 
[689]	train-rmse:0.219892+0.001928	test-rmse:0.222171+0.007938 
[690]	train-rmse:0.219843+0.001938	test-rmse:0.222120+0.007920 
[691]	train-rmse:0.219801+0.001933	test-rmse:0.222072+0.007938 
[692]	train-rmse:0.219784+0.001928	test-rmse:0.222047+0.007933 
[693]	train-rmse:0.219752+0.001927	test-rmse:0.222024+0.007935 
[694]	train-rmse:0.219715+0.001931	test-rmse:0.221979+0.007927 
[695]	train-rmse:0.219660+0.001921	test-rmse:0.221929+0.007919 
[696]	train-rmse:0.219624+0.001918	test-rmse:0.221908+0.007914 
[697]	train-rmse:0.219591+0.001945	test-rmse:0.221899+0.007909 
[698]	train-rmse:0.219546+0.001958	test-rmse:0.221857+0.007897 
[699]	train-rmse:0.219500+0.001960	test-rmse:0.221811+0.007896 
[700]	train-rmse:0.219472+0.001970	test-rmse:0.221798+0.007903 
[701]	train-rmse:0.219449+0.001988	test-rmse:0.221767+0.007874 
[702]	train-rmse:0.219440+0.001987	test-rmse:0.221750+0.007862 
[703]	train-rmse:0.219410+0.001968	test-rmse:0.221732+0.007877 
[704]	train-rmse:0.219376+0.001977	test-rmse:0.221697+0.007865 
[705]	train-rmse:0.219336+0.001984	test-rmse:0.221657+0.007854 
[706]	train-rmse:0.219310+0.001996	test-rmse:0.221635+0.007857 
[707]	train-rmse:0.219276+0.002005	test-rmse:0.221607+0.007853 
[708]	train-rmse:0.219231+0.002005	test-rmse:0.221556+0.007862 
[709]	train-rmse:0.219189+0.002002	test-rmse:0.221515+0.007856 
[710]	train-rmse:0.219177+0.001989	test-rmse:0.221508+0.007865 
[711]	train-rmse:0.219135+0.001998	test-rmse:0.221450+0.007840 
[712]	train-rmse:0.219105+0.002017	test-rmse:0.221437+0.007832 
[713]	train-rmse:0.219091+0.002009	test-rmse:0.221422+0.007840 
[714]	train-rmse:0.219075+0.002002	test-rmse:0.221400+0.007849 
[715]	train-rmse:0.219027+0.002015	test-rmse:0.221348+0.007826 
[716]	train-rmse:0.218996+0.002022	test-rmse:0.221334+0.007836 
[717]	train-rmse:0.218963+0.002032	test-rmse:0.221302+0.007836 
[718]	train-rmse:0.218948+0.002027	test-rmse:0.221286+0.007827 
[719]	train-rmse:0.218925+0.002020	test-rmse:0.221264+0.007828 
[720]	train-rmse:0.218893+0.002034	test-rmse:0.221231+0.007812 
[721]	train-rmse:0.218854+0.002053	test-rmse:0.221196+0.007800 
[722]	train-rmse:0.218834+0.002060	test-rmse:0.221186+0.007804 
[723]	train-rmse:0.218821+0.002055	test-rmse:0.221179+0.007827 
[724]	train-rmse:0.218801+0.002044	test-rmse:0.221151+0.007834 
[725]	train-rmse:0.218785+0.002057	test-rmse:0.221127+0.007813 
[726]	train-rmse:0.218765+0.002044	test-rmse:0.221115+0.007828 
[727]	train-rmse:0.218735+0.002027	test-rmse:0.221106+0.007843 
[728]	train-rmse:0.218695+0.002030	test-rmse:0.221073+0.007851 
[729]	train-rmse:0.218648+0.002007	test-rmse:0.221016+0.007860 
[730]	train-rmse:0.218609+0.001990	test-rmse:0.220991+0.007869 
[731]	train-rmse:0.218593+0.001995	test-rmse:0.220977+0.007866 
[732]	train-rmse:0.218583+0.001986	test-rmse:0.220968+0.007879 
[733]	train-rmse:0.218542+0.001993	test-rmse:0.220939+0.007879 
[734]	train-rmse:0.218522+0.002004	test-rmse:0.220923+0.007882 
[735]	train-rmse:0.218494+0.001991	test-rmse:0.220886+0.007886 
[736]	train-rmse:0.218458+0.002004	test-rmse:0.220854+0.007883 
[737]	train-rmse:0.218409+0.002005	test-rmse:0.220835+0.007904 
[738]	train-rmse:0.218392+0.001996	test-rmse:0.220831+0.007898 
[739]	train-rmse:0.218359+0.002007	test-rmse:0.220815+0.007919 
[740]	train-rmse:0.218312+0.002009	test-rmse:0.220755+0.007917 
[741]	train-rmse:0.218279+0.002017	test-rmse:0.220724+0.007909 
[742]	train-rmse:0.218238+0.001998	test-rmse:0.220680+0.007920 
[743]	train-rmse:0.218206+0.002001	test-rmse:0.220655+0.007915 
[744]	train-rmse:0.218173+0.002002	test-rmse:0.220639+0.007925 
[745]	train-rmse:0.218142+0.002002	test-rmse:0.220613+0.007920 
[746]	train-rmse:0.218123+0.002018	test-rmse:0.220602+0.007916 
> hgrid <-
+   dplyr::bind_cols(xgboost_params[index, ], dart.cv$evaluation_log[dart.cv$best_iteration, ], best_iter = dart.cv$best_iteration)
> 
> # write result
> fname <- file.path('data-raw', 'tune', year, 'array', paste0('tune_', index, '.tsv'))
> readr::write_tsv(hgrid, file = fname)
