> 
> # parse arguments
> args <- R.utils::commandArgs(trailingOnly = FALSE, asValues = TRUE)
> index <- as.integer(args$index)
> year <- as.character(args$year)
> nreps <- as.integer(args$nreps)
> seed <- as.integer(args$seed)
> 
> # get number of cores
> wkrs <- length(future::availableWorkers())
> 
> # set seed
> set.seed(seed)
> 
> # read and prepare the cluster features
> fp <- file.path('data-raw', 'features', year)
> clf <-
+   read_features(fp, pattern = 'paris.', recursive = FALSE)
> clf <- prepare_features(
+   clf,
+   feature_map = feature_map,
+   category = c('response', 'bio', 'net'),
+   type = 'list',
+   exclusions = c(
+     'mg2_pairs_count',
+     'mg2_not_pairs_count',
+     'mg2_portion_families_recovered',
+     'cluster_origin',
+     'bocc_origin',
+     'cluster_method',
+     'subcluster_method',
+     'year',
+     'IDs',
+     'go_sig_threshold',
+     'num_new_edges_on_any_node',
+     'HPO_ratio'
+   ),
+   verbose = TRUE
+ )
c('HPO_ratio', 'IDs', 'bocc_origin', 'cluster_method', 'cluster_origin', 'go_sig_threshold', 'max_norm_cell_type_comma_sep_string', 'max_norm_disease_comma_sep_string', 'mg2_not_pairs_count', 'mg2_pairs_count', 'mg2_portion_families_recovered', 'num_new_edges_on_any_node', 'sig_go_enrichment_fdr_corrected_p_vals', 'sig_go_enrichment_p_vals', 'sig_go_enrichment_terms', 'subcluster_method', 'year')

> 
> # prepare grid of parameters
> xgboost_params <- dials::parameters(
+   nrounds = dials::trees(),
+   eta = dials::learn_rate(),
+   gamma = dials::loss_reduction(),
+   dials::tree_depth(),
+   subsample = dials::sample_prop(),
+   rate_drop = dials::dropout(),
+   skip_drop = dials::dropout()
+ )
> xgboost_params <-
+   dials::grid_max_entropy(xgboost_params, size = nreps)
> 
> # tune the dart booster
> dart.param <-
+   list(
+     booster = "dart",
+     objective = "reg:logistic",
+     eval_metric = "rmse",
+     nthread = wkrs,
+     max_depth = xgboost_params$tree_depth[index],
+     eta = xgboost_params$eta[index],
+     gamma = xgboost_params$gamma[index],
+     subsample = xgboost_params$subsample[index],
+     rate_drop = xgboost_params$rate_drop[index],
+     skip_drop = xgboost_params$skip_drop[index]
+   )
> dart.cv <- xgboost::xgb.cv(
+   params = dart.param,
+   nrounds = xgboost_params$nrounds[index],
+   data = as.matrix(clf[, -1]),
+   nfold = 5,
+   label = clf$snowballing_pvalue,
+   early_stopping_rounds = 50
+ )
[1]	train-rmse:0.374779+0.001056	test-rmse:0.374792+0.004121 
Multiple eval metrics are present. Will use test_rmse for early stopping.
Will train until test_rmse hasn't improved in 50 rounds.

[2]	train-rmse:0.367590+0.001028	test-rmse:0.367620+0.004065 
[3]	train-rmse:0.362701+0.001368	test-rmse:0.362793+0.005277 
[4]	train-rmse:0.360231+0.001640	test-rmse:0.360350+0.005397 
[5]	train-rmse:0.357337+0.001736	test-rmse:0.357454+0.005137 
[6]	train-rmse:0.355974+0.001816	test-rmse:0.356094+0.005128 
[7]	train-rmse:0.351534+0.003595	test-rmse:0.351672+0.005071 
[8]	train-rmse:0.350521+0.003684	test-rmse:0.350664+0.005192 
[9]	train-rmse:0.348570+0.004667	test-rmse:0.348725+0.006758 
[10]	train-rmse:0.346705+0.005195	test-rmse:0.346878+0.005565 
[11]	train-rmse:0.345973+0.005132	test-rmse:0.346151+0.005521 
[12]	train-rmse:0.345319+0.005120	test-rmse:0.345505+0.005585 
[13]	train-rmse:0.344780+0.005102	test-rmse:0.344967+0.005543 
[14]	train-rmse:0.344209+0.005071	test-rmse:0.344397+0.005456 
[15]	train-rmse:0.342604+0.004783	test-rmse:0.342877+0.005483 
[16]	train-rmse:0.342189+0.004780	test-rmse:0.342463+0.005470 
[17]	train-rmse:0.340649+0.002600	test-rmse:0.340856+0.004625 
[18]	train-rmse:0.339264+0.003965	test-rmse:0.339473+0.006389 
[19]	train-rmse:0.337861+0.004275	test-rmse:0.338086+0.006490 
[20]	train-rmse:0.337507+0.004284	test-rmse:0.337732+0.006466 
[21]	train-rmse:0.337192+0.004267	test-rmse:0.337419+0.006437 
[22]	train-rmse:0.336893+0.004258	test-rmse:0.337122+0.006427 
[23]	train-rmse:0.335647+0.005635	test-rmse:0.335872+0.008063 
[24]	train-rmse:0.334479+0.007174	test-rmse:0.334710+0.009686 
[25]	train-rmse:0.334233+0.007146	test-rmse:0.334466+0.009656 
[26]	train-rmse:0.331972+0.007536	test-rmse:0.332212+0.008875 
[27]	train-rmse:0.330666+0.006168	test-rmse:0.330825+0.008266 
[28]	train-rmse:0.330462+0.006151	test-rmse:0.330622+0.008255 
[29]	train-rmse:0.329257+0.005386	test-rmse:0.329353+0.008272 
[30]	train-rmse:0.329046+0.005365	test-rmse:0.329143+0.008257 
[31]	train-rmse:0.328853+0.005350	test-rmse:0.328952+0.008233 
[32]	train-rmse:0.325704+0.004165	test-rmse:0.325848+0.008175 
[33]	train-rmse:0.325530+0.004157	test-rmse:0.325674+0.008171 
[34]	train-rmse:0.323448+0.004345	test-rmse:0.323685+0.008200 
[35]	train-rmse:0.323298+0.004340	test-rmse:0.323536+0.008196 
[36]	train-rmse:0.322158+0.003464	test-rmse:0.322424+0.006513 
[37]	train-rmse:0.322014+0.003450	test-rmse:0.322281+0.006498 
[38]	train-rmse:0.321013+0.004904	test-rmse:0.321293+0.007290 
[39]	train-rmse:0.320878+0.004893	test-rmse:0.321159+0.007283 
[40]	train-rmse:0.320749+0.004884	test-rmse:0.321031+0.007275 
[41]	train-rmse:0.320621+0.004878	test-rmse:0.320904+0.007270 
[42]	train-rmse:0.320499+0.004870	test-rmse:0.320784+0.007260 
[43]	train-rmse:0.320374+0.004855	test-rmse:0.320659+0.007244 
[44]	train-rmse:0.320257+0.004851	test-rmse:0.320543+0.007237 
[45]	train-rmse:0.319190+0.004422	test-rmse:0.319556+0.006910 
[46]	train-rmse:0.319077+0.004415	test-rmse:0.319443+0.006904 
[47]	train-rmse:0.318968+0.004407	test-rmse:0.319335+0.006898 
[48]	train-rmse:0.318856+0.004398	test-rmse:0.319224+0.006891 
[49]	train-rmse:0.318754+0.004395	test-rmse:0.319121+0.006888 
[50]	train-rmse:0.317789+0.004819	test-rmse:0.318126+0.007803 
[51]	train-rmse:0.316893+0.006058	test-rmse:0.317244+0.008546 
[52]	train-rmse:0.316796+0.006046	test-rmse:0.317148+0.008536 
[53]	train-rmse:0.314891+0.004549	test-rmse:0.315164+0.007022 
[54]	train-rmse:0.313901+0.004179	test-rmse:0.314253+0.006677 
[55]	train-rmse:0.312217+0.004835	test-rmse:0.312488+0.007729 
[56]	train-rmse:0.312136+0.004827	test-rmse:0.312409+0.007725 
[57]	train-rmse:0.311264+0.004688	test-rmse:0.311467+0.008298 
[58]	train-rmse:0.311189+0.004681	test-rmse:0.311392+0.008292 
[59]	train-rmse:0.311111+0.004671	test-rmse:0.311315+0.008287 
[60]	train-rmse:0.310197+0.004556	test-rmse:0.310500+0.008079 
[61]	train-rmse:0.308674+0.005874	test-rmse:0.308908+0.009427 
[62]	train-rmse:0.307136+0.006637	test-rmse:0.307391+0.010264 
[63]	train-rmse:0.307069+0.006629	test-rmse:0.307324+0.010258 
[64]	train-rmse:0.305527+0.006828	test-rmse:0.305756+0.009519 
[65]	train-rmse:0.304644+0.006269	test-rmse:0.304896+0.008296 
[66]	train-rmse:0.303179+0.007293	test-rmse:0.303500+0.008198 
[67]	train-rmse:0.303121+0.007286	test-rmse:0.303443+0.008194 
[68]	train-rmse:0.301771+0.008422	test-rmse:0.302106+0.008383 
[69]	train-rmse:0.301013+0.008177	test-rmse:0.301283+0.008754 
[70]	train-rmse:0.300207+0.007607	test-rmse:0.300475+0.008697 
[71]	train-rmse:0.300156+0.007599	test-rmse:0.300426+0.008691 
[72]	train-rmse:0.299425+0.007520	test-rmse:0.299626+0.009230 
[73]	train-rmse:0.299377+0.007512	test-rmse:0.299578+0.009224 
[74]	train-rmse:0.298647+0.007627	test-rmse:0.298843+0.008588 
[75]	train-rmse:0.298601+0.007619	test-rmse:0.298798+0.008582 
[76]	train-rmse:0.298555+0.007610	test-rmse:0.298752+0.008576 
[77]	train-rmse:0.297714+0.006724	test-rmse:0.297982+0.007670 
[78]	train-rmse:0.297671+0.006719	test-rmse:0.297939+0.007667 
[79]	train-rmse:0.297625+0.006711	test-rmse:0.297893+0.007662 
[80]	train-rmse:0.297583+0.006706	test-rmse:0.297851+0.007659 
[81]	train-rmse:0.297540+0.006699	test-rmse:0.297808+0.007656 
[82]	train-rmse:0.296948+0.007672	test-rmse:0.297242+0.008420 
[83]	train-rmse:0.296908+0.007665	test-rmse:0.297202+0.008416 
[84]	train-rmse:0.296868+0.007658	test-rmse:0.297163+0.008413 
[85]	train-rmse:0.296079+0.007111	test-rmse:0.296445+0.007754 
[86]	train-rmse:0.294769+0.007133	test-rmse:0.295058+0.007679 
[87]	train-rmse:0.294731+0.007127	test-rmse:0.295021+0.007675 
[88]	train-rmse:0.294695+0.007120	test-rmse:0.294985+0.007671 
[89]	train-rmse:0.294038+0.007435	test-rmse:0.294346+0.007212 
[90]	train-rmse:0.294002+0.007431	test-rmse:0.294310+0.007210 
[91]	train-rmse:0.293967+0.007424	test-rmse:0.294276+0.007207 
[92]	train-rmse:0.293932+0.007419	test-rmse:0.294242+0.007204 
[93]	train-rmse:0.293897+0.007412	test-rmse:0.294207+0.007200 
[94]	train-rmse:0.293864+0.007407	test-rmse:0.294174+0.007198 
[95]	train-rmse:0.293831+0.007402	test-rmse:0.294141+0.007195 
[96]	train-rmse:0.293798+0.007396	test-rmse:0.294109+0.007191 
[97]	train-rmse:0.293765+0.007392	test-rmse:0.294076+0.007189 
[98]	train-rmse:0.293733+0.007386	test-rmse:0.294044+0.007185 
[99]	train-rmse:0.292992+0.006553	test-rmse:0.293271+0.006892 
[100]	train-rmse:0.292961+0.006548	test-rmse:0.293241+0.006890 
[101]	train-rmse:0.292930+0.006543	test-rmse:0.293210+0.006888 
[102]	train-rmse:0.292901+0.006538	test-rmse:0.293181+0.006886 
[103]	train-rmse:0.292871+0.006534	test-rmse:0.293152+0.006884 
[104]	train-rmse:0.292841+0.006531	test-rmse:0.293122+0.006882 
[105]	train-rmse:0.291515+0.005861	test-rmse:0.291809+0.006822 
[106]	train-rmse:0.291487+0.005857	test-rmse:0.291781+0.006820 
[107]	train-rmse:0.291459+0.005853	test-rmse:0.291753+0.006818 
[108]	train-rmse:0.291432+0.005848	test-rmse:0.291727+0.006815 
[109]	train-rmse:0.291405+0.005845	test-rmse:0.291700+0.006814 
[110]	train-rmse:0.290811+0.005952	test-rmse:0.291042+0.007641 
[111]	train-rmse:0.290258+0.006237	test-rmse:0.290438+0.008493 
[112]	train-rmse:0.290233+0.006234	test-rmse:0.290412+0.008492 
[113]	train-rmse:0.289697+0.006657	test-rmse:0.289820+0.009388 
[114]	train-rmse:0.289672+0.006652	test-rmse:0.289795+0.009385 
[115]	train-rmse:0.289646+0.006647	test-rmse:0.289770+0.009381 
[116]	train-rmse:0.289622+0.006643	test-rmse:0.289747+0.009379 
[117]	train-rmse:0.289597+0.006638	test-rmse:0.289722+0.009376 
[118]	train-rmse:0.288898+0.006183	test-rmse:0.289100+0.008862 
[119]	train-rmse:0.288875+0.006181	test-rmse:0.289077+0.008860 
[120]	train-rmse:0.288852+0.006177	test-rmse:0.289055+0.008858 
[121]	train-rmse:0.288829+0.006173	test-rmse:0.289032+0.008856 
[122]	train-rmse:0.288805+0.006169	test-rmse:0.289009+0.008853 
[123]	train-rmse:0.288280+0.006764	test-rmse:0.288496+0.009205 
[124]	train-rmse:0.288258+0.006759	test-rmse:0.288474+0.009202 
[125]	train-rmse:0.288236+0.006756	test-rmse:0.288453+0.009200 
[126]	train-rmse:0.288214+0.006752	test-rmse:0.288431+0.009197 
[127]	train-rmse:0.288193+0.006749	test-rmse:0.288410+0.009195 
[128]	train-rmse:0.288172+0.006745	test-rmse:0.288389+0.009193 
[129]	train-rmse:0.287590+0.006848	test-rmse:0.287801+0.008670 
[130]	train-rmse:0.287568+0.006844	test-rmse:0.287779+0.008668 
[131]	train-rmse:0.287006+0.007113	test-rmse:0.287232+0.008294 
[132]	train-rmse:0.286986+0.007109	test-rmse:0.287212+0.008292 
[133]	train-rmse:0.286966+0.007105	test-rmse:0.287193+0.008289 
[134]	train-rmse:0.286946+0.007100	test-rmse:0.287173+0.008286 
[135]	train-rmse:0.286303+0.006807	test-rmse:0.286597+0.007795 
[136]	train-rmse:0.286284+0.006803	test-rmse:0.286578+0.007793 
[137]	train-rmse:0.285672+0.006730	test-rmse:0.286040+0.007457 
[138]	train-rmse:0.285653+0.006727	test-rmse:0.286022+0.007455 
[139]	train-rmse:0.285119+0.007053	test-rmse:0.285520+0.007117 
[140]	train-rmse:0.284522+0.007135	test-rmse:0.284992+0.006872 
[141]	train-rmse:0.284021+0.007311	test-rmse:0.284487+0.007672 
[142]	train-rmse:0.283362+0.006042	test-rmse:0.283836+0.007016 
[143]	train-rmse:0.283345+0.006040	test-rmse:0.283819+0.007014 
[144]	train-rmse:0.283328+0.006037	test-rmse:0.283802+0.007013 
[145]	train-rmse:0.283311+0.006034	test-rmse:0.283786+0.007011 
[146]	train-rmse:0.282313+0.006458	test-rmse:0.282796+0.007732 
[147]	train-rmse:0.281657+0.005181	test-rmse:0.282148+0.007223 
[148]	train-rmse:0.281641+0.005178	test-rmse:0.282132+0.007222 
[149]	train-rmse:0.281154+0.005479	test-rmse:0.281658+0.007375 
[150]	train-rmse:0.281139+0.005476	test-rmse:0.281644+0.007375 
[151]	train-rmse:0.280607+0.005722	test-rmse:0.281187+0.007234 
[152]	train-rmse:0.279229+0.006381	test-rmse:0.279769+0.007658 
[153]	train-rmse:0.279215+0.006378	test-rmse:0.279756+0.007656 
[154]	train-rmse:0.279202+0.006375	test-rmse:0.279742+0.007655 
[155]	train-rmse:0.279188+0.006372	test-rmse:0.279729+0.007653 
[156]	train-rmse:0.279175+0.006370	test-rmse:0.279716+0.007652 
[157]	train-rmse:0.279161+0.006367	test-rmse:0.279702+0.007650 
[158]	train-rmse:0.279148+0.006365	test-rmse:0.279689+0.007649 
[159]	train-rmse:0.279135+0.006362	test-rmse:0.279676+0.007647 
[160]	train-rmse:0.278677+0.006570	test-rmse:0.279237+0.007294 
[161]	train-rmse:0.278665+0.006567	test-rmse:0.279225+0.007292 
[162]	train-rmse:0.278064+0.005400	test-rmse:0.278632+0.006777 
[163]	train-rmse:0.278052+0.005398	test-rmse:0.278620+0.006776 
[164]	train-rmse:0.278039+0.005395	test-rmse:0.278608+0.006775 
[165]	train-rmse:0.277478+0.004313	test-rmse:0.278055+0.006448 
[166]	train-rmse:0.277467+0.004311	test-rmse:0.278043+0.006448 
[167]	train-rmse:0.277454+0.004309	test-rmse:0.278031+0.006447 
[168]	train-rmse:0.277443+0.004308	test-rmse:0.278020+0.006446 
[169]	train-rmse:0.276990+0.004670	test-rmse:0.277528+0.006023 
[170]	train-rmse:0.276978+0.004668	test-rmse:0.277517+0.006022 
[171]	train-rmse:0.276967+0.004667	test-rmse:0.277505+0.006022 
[172]	train-rmse:0.276956+0.004665	test-rmse:0.277495+0.006021 
[173]	train-rmse:0.276547+0.004838	test-rmse:0.277050+0.006829 
[174]	train-rmse:0.276116+0.005252	test-rmse:0.276652+0.006587 
[175]	train-rmse:0.276105+0.005250	test-rmse:0.276641+0.006586 
[176]	train-rmse:0.276094+0.005248	test-rmse:0.276631+0.006586 
[177]	train-rmse:0.276084+0.005246	test-rmse:0.276620+0.006585 
[178]	train-rmse:0.276074+0.005244	test-rmse:0.276610+0.006584 
[179]	train-rmse:0.276063+0.005242	test-rmse:0.276599+0.006584 
[180]	train-rmse:0.276052+0.005240	test-rmse:0.276589+0.006583 
[181]	train-rmse:0.276042+0.005238	test-rmse:0.276579+0.006583 
[182]	train-rmse:0.275516+0.004303	test-rmse:0.276054+0.006334 
[183]	train-rmse:0.275506+0.004301	test-rmse:0.276044+0.006334 
[184]	train-rmse:0.275116+0.004807	test-rmse:0.275637+0.006134 
[185]	train-rmse:0.275106+0.004806	test-rmse:0.275627+0.006134 
[186]	train-rmse:0.275097+0.004804	test-rmse:0.275618+0.006133 
[187]	train-rmse:0.275087+0.004802	test-rmse:0.275608+0.006133 
[188]	train-rmse:0.275078+0.004801	test-rmse:0.275599+0.006132 
[189]	train-rmse:0.274695+0.005355	test-rmse:0.275227+0.006035 
[190]	train-rmse:0.274275+0.005460	test-rmse:0.274807+0.006058 
[191]	train-rmse:0.274266+0.005458	test-rmse:0.274798+0.006057 
[192]	train-rmse:0.273397+0.005429	test-rmse:0.273972+0.006414 
[193]	train-rmse:0.273020+0.005599	test-rmse:0.273586+0.007129 
[194]	train-rmse:0.273012+0.005597	test-rmse:0.273578+0.007129 
[195]	train-rmse:0.272653+0.005839	test-rmse:0.273221+0.007794 
[196]	train-rmse:0.272645+0.005837	test-rmse:0.273213+0.007794 
[197]	train-rmse:0.272637+0.005836	test-rmse:0.273205+0.007793 
[198]	train-rmse:0.272629+0.005834	test-rmse:0.273197+0.007792 
[199]	train-rmse:0.272621+0.005832	test-rmse:0.273188+0.007791 
[200]	train-rmse:0.272613+0.005830	test-rmse:0.273181+0.007790 
[201]	train-rmse:0.272605+0.005828	test-rmse:0.273173+0.007789 
[202]	train-rmse:0.272597+0.005826	test-rmse:0.273165+0.007788 
[203]	train-rmse:0.272589+0.005824	test-rmse:0.273157+0.007787 
[204]	train-rmse:0.272240+0.006217	test-rmse:0.272813+0.007691 
[205]	train-rmse:0.271907+0.006471	test-rmse:0.272443+0.008382 
[206]	train-rmse:0.271899+0.006469	test-rmse:0.272435+0.008381 
[207]	train-rmse:0.271891+0.006467	test-rmse:0.272428+0.008380 
[208]	train-rmse:0.271884+0.006465	test-rmse:0.272420+0.008379 
[209]	train-rmse:0.271876+0.006462	test-rmse:0.272413+0.008377 
[210]	train-rmse:0.271869+0.006460	test-rmse:0.272405+0.008376 
[211]	train-rmse:0.271861+0.006458	test-rmse:0.272398+0.008375 
[212]	train-rmse:0.271411+0.006380	test-rmse:0.272018+0.008060 
[213]	train-rmse:0.271404+0.006378	test-rmse:0.272011+0.008059 
[214]	train-rmse:0.271397+0.006376	test-rmse:0.272004+0.008058 
[215]	train-rmse:0.271390+0.006374	test-rmse:0.271997+0.008057 
[216]	train-rmse:0.270560+0.005923	test-rmse:0.271212+0.007681 
[217]	train-rmse:0.270553+0.005922	test-rmse:0.271205+0.007680 
[218]	train-rmse:0.270062+0.005156	test-rmse:0.270724+0.007478 
[219]	train-rmse:0.269744+0.005608	test-rmse:0.270414+0.007419 
[220]	train-rmse:0.269415+0.005843	test-rmse:0.270041+0.008119 
[221]	train-rmse:0.269106+0.006277	test-rmse:0.269699+0.008097 
[222]	train-rmse:0.268818+0.006706	test-rmse:0.269420+0.008119 
[223]	train-rmse:0.268812+0.006704	test-rmse:0.269414+0.008118 
[224]	train-rmse:0.268360+0.006141	test-rmse:0.268973+0.007973 
[225]	train-rmse:0.268063+0.006342	test-rmse:0.268649+0.008554 
[226]	train-rmse:0.267647+0.005892	test-rmse:0.268242+0.008492 
[227]	train-rmse:0.267641+0.005891	test-rmse:0.268237+0.008491 
[228]	train-rmse:0.266969+0.005947	test-rmse:0.267522+0.008515 
[229]	train-rmse:0.266692+0.006143	test-rmse:0.267227+0.009017 
[230]	train-rmse:0.266309+0.005891	test-rmse:0.266817+0.009084 
[231]	train-rmse:0.265950+0.005737	test-rmse:0.266466+0.009196 
[232]	train-rmse:0.265945+0.005736	test-rmse:0.266461+0.009195 
[233]	train-rmse:0.265940+0.005734	test-rmse:0.266456+0.009194 
[234]	train-rmse:0.265935+0.005732	test-rmse:0.266451+0.009193 
[235]	train-rmse:0.265930+0.005731	test-rmse:0.266446+0.009192 
[236]	train-rmse:0.265925+0.005729	test-rmse:0.266442+0.009191 
[237]	train-rmse:0.265920+0.005727	test-rmse:0.266437+0.009190 
[238]	train-rmse:0.265092+0.004950	test-rmse:0.265693+0.008468 
[239]	train-rmse:0.265087+0.004949	test-rmse:0.265688+0.008467 
[240]	train-rmse:0.264760+0.004817	test-rmse:0.265370+0.008599 
[241]	train-rmse:0.264478+0.005019	test-rmse:0.265045+0.009128 
[242]	train-rmse:0.264473+0.005018	test-rmse:0.265040+0.009127 
[243]	train-rmse:0.264202+0.005426	test-rmse:0.264729+0.009089 
[244]	train-rmse:0.263823+0.005089	test-rmse:0.264354+0.008845 
[245]	train-rmse:0.263573+0.005277	test-rmse:0.264078+0.009299 
[246]	train-rmse:0.263233+0.005158	test-rmse:0.263749+0.009422 
[247]	train-rmse:0.262980+0.005377	test-rmse:0.263458+0.009896 
[248]	train-rmse:0.262628+0.005104	test-rmse:0.263105+0.009705 
[249]	train-rmse:0.262334+0.005036	test-rmse:0.262824+0.009822 
[250]	train-rmse:0.262330+0.005034	test-rmse:0.262821+0.009821 
[251]	train-rmse:0.262327+0.005033	test-rmse:0.262817+0.009820 
[252]	train-rmse:0.262323+0.005031	test-rmse:0.262814+0.009819 
[253]	train-rmse:0.262320+0.005030	test-rmse:0.262810+0.009818 
[254]	train-rmse:0.262316+0.005028	test-rmse:0.262807+0.009817 
[255]	train-rmse:0.262313+0.005027	test-rmse:0.262803+0.009816 
[256]	train-rmse:0.261649+0.004505	test-rmse:0.262198+0.009512 
[257]	train-rmse:0.261645+0.004504	test-rmse:0.262194+0.009511 
[258]	train-rmse:0.261642+0.004502	test-rmse:0.262191+0.009510 
[259]	train-rmse:0.261638+0.004501	test-rmse:0.262188+0.009509 
[260]	train-rmse:0.261131+0.004732	test-rmse:0.261682+0.010046 
[261]	train-rmse:0.261128+0.004730	test-rmse:0.261679+0.010045 
[262]	train-rmse:0.261124+0.004729	test-rmse:0.261676+0.010044 
[263]	train-rmse:0.261121+0.004727	test-rmse:0.261673+0.010043 
[264]	train-rmse:0.261118+0.004726	test-rmse:0.261670+0.010042 
[265]	train-rmse:0.261115+0.004725	test-rmse:0.261667+0.010041 
[266]	train-rmse:0.261112+0.004723	test-rmse:0.261664+0.010040 
[267]	train-rmse:0.260887+0.004944	test-rmse:0.261420+0.010426 
[268]	train-rmse:0.260884+0.004943	test-rmse:0.261417+0.010425 
[269]	train-rmse:0.260881+0.004942	test-rmse:0.261414+0.010424 
[270]	train-rmse:0.260878+0.004940	test-rmse:0.261411+0.010423 
[271]	train-rmse:0.260494+0.004488	test-rmse:0.261093+0.010043 
[272]	train-rmse:0.260491+0.004487	test-rmse:0.261090+0.010042 
[273]	train-rmse:0.260488+0.004486	test-rmse:0.261088+0.010041 
[274]	train-rmse:0.260239+0.004771	test-rmse:0.260800+0.009941 
[275]	train-rmse:0.259526+0.003989	test-rmse:0.260175+0.009368 
[276]	train-rmse:0.258987+0.003966	test-rmse:0.259625+0.009109 
[277]	train-rmse:0.258984+0.003965	test-rmse:0.259623+0.009109 
[278]	train-rmse:0.258545+0.004470	test-rmse:0.259161+0.009482 
[279]	train-rmse:0.258542+0.004469	test-rmse:0.259158+0.009481 
[280]	train-rmse:0.258204+0.004138	test-rmse:0.258880+0.009137 
[281]	train-rmse:0.258202+0.004137	test-rmse:0.258878+0.009137 
[282]	train-rmse:0.258200+0.004136	test-rmse:0.258875+0.009136 
[283]	train-rmse:0.258197+0.004135	test-rmse:0.258873+0.009135 
[284]	train-rmse:0.257683+0.004144	test-rmse:0.258345+0.008908 
[285]	train-rmse:0.257681+0.004143	test-rmse:0.258342+0.008907 
[286]	train-rmse:0.257360+0.003870	test-rmse:0.258086+0.008587 
[287]	train-rmse:0.257358+0.003869	test-rmse:0.258084+0.008587 
[288]	train-rmse:0.257356+0.003868	test-rmse:0.258082+0.008586 
[289]	train-rmse:0.257354+0.003867	test-rmse:0.258080+0.008585 
[290]	train-rmse:0.257136+0.004221	test-rmse:0.257822+0.008535 
[291]	train-rmse:0.256849+0.003993	test-rmse:0.257535+0.008378 
[292]	train-rmse:0.256557+0.003790	test-rmse:0.257296+0.008074 
[293]	train-rmse:0.256278+0.003607	test-rmse:0.257029+0.007949 
[294]	train-rmse:0.255829+0.003811	test-rmse:0.256566+0.007814 
[295]	train-rmse:0.255827+0.003811	test-rmse:0.256564+0.007814 
[296]	train-rmse:0.255825+0.003810	test-rmse:0.256562+0.007813 
[297]	train-rmse:0.255824+0.003809	test-rmse:0.256560+0.007813 
[298]	train-rmse:0.255822+0.003809	test-rmse:0.256559+0.007813 
[299]	train-rmse:0.255820+0.003808	test-rmse:0.256557+0.007812 
[300]	train-rmse:0.255818+0.003807	test-rmse:0.256556+0.007812 
[301]	train-rmse:0.255817+0.003806	test-rmse:0.256554+0.007811 
[302]	train-rmse:0.255515+0.003625	test-rmse:0.256312+0.007486 
[303]	train-rmse:0.255513+0.003624	test-rmse:0.256310+0.007486 
[304]	train-rmse:0.254978+0.003226	test-rmse:0.255788+0.007459 
[305]	train-rmse:0.254976+0.003226	test-rmse:0.255786+0.007458 
[306]	train-rmse:0.254975+0.003225	test-rmse:0.255785+0.007458 
[307]	train-rmse:0.254973+0.003225	test-rmse:0.255783+0.007458 
[308]	train-rmse:0.254972+0.003224	test-rmse:0.255782+0.007457 
[309]	train-rmse:0.254970+0.003224	test-rmse:0.255780+0.007457 
[310]	train-rmse:0.254969+0.003223	test-rmse:0.255779+0.007457 
[311]	train-rmse:0.254968+0.003223	test-rmse:0.255778+0.007457 
[312]	train-rmse:0.254966+0.003222	test-rmse:0.255776+0.007456 
[313]	train-rmse:0.254964+0.003221	test-rmse:0.255775+0.007456 
[314]	train-rmse:0.254963+0.003221	test-rmse:0.255773+0.007456 
[315]	train-rmse:0.254961+0.003221	test-rmse:0.255772+0.007455 
[316]	train-rmse:0.254960+0.003220	test-rmse:0.255770+0.007455 
[317]	train-rmse:0.254958+0.003219	test-rmse:0.255769+0.007455 
[318]	train-rmse:0.254957+0.003219	test-rmse:0.255767+0.007455 
[319]	train-rmse:0.254955+0.003218	test-rmse:0.255766+0.007454 
[320]	train-rmse:0.254954+0.003218	test-rmse:0.255765+0.007454 
[321]	train-rmse:0.254769+0.003551	test-rmse:0.255543+0.007403 
[322]	train-rmse:0.254768+0.003550	test-rmse:0.255542+0.007403 
[323]	train-rmse:0.254766+0.003550	test-rmse:0.255540+0.007403 
[324]	train-rmse:0.254765+0.003549	test-rmse:0.255539+0.007402 
[325]	train-rmse:0.254764+0.003549	test-rmse:0.255538+0.007402 
[326]	train-rmse:0.254508+0.003305	test-rmse:0.255303+0.007466 
[327]	train-rmse:0.254297+0.003335	test-rmse:0.255111+0.007779 
[328]	train-rmse:0.254114+0.003403	test-rmse:0.254915+0.008106 
[329]	train-rmse:0.254113+0.003402	test-rmse:0.254913+0.008105 
[330]	train-rmse:0.253882+0.003340	test-rmse:0.254682+0.008040 
[331]	train-rmse:0.253881+0.003339	test-rmse:0.254681+0.008040 
[332]	train-rmse:0.253880+0.003339	test-rmse:0.254680+0.008040 
[333]	train-rmse:0.253878+0.003338	test-rmse:0.254678+0.008039 
[334]	train-rmse:0.253624+0.003111	test-rmse:0.254432+0.008112 
[335]	train-rmse:0.253623+0.003111	test-rmse:0.254430+0.008112 
[336]	train-rmse:0.253622+0.003110	test-rmse:0.254429+0.008111 
[337]	train-rmse:0.253621+0.003110	test-rmse:0.254428+0.008111 
[338]	train-rmse:0.253224+0.003402	test-rmse:0.254051+0.008021 
[339]	train-rmse:0.253223+0.003401	test-rmse:0.254050+0.008021 
[340]	train-rmse:0.253222+0.003400	test-rmse:0.254049+0.008021 
[341]	train-rmse:0.253065+0.003674	test-rmse:0.253885+0.007988 
[342]	train-rmse:0.253064+0.003673	test-rmse:0.253884+0.007987 
[343]	train-rmse:0.252833+0.003515	test-rmse:0.253664+0.008063 
[344]	train-rmse:0.252612+0.003515	test-rmse:0.253462+0.008029 
[345]	train-rmse:0.252611+0.003514	test-rmse:0.253462+0.008029 
[346]	train-rmse:0.252610+0.003514	test-rmse:0.253461+0.008029 
[347]	train-rmse:0.252421+0.003541	test-rmse:0.253240+0.008369 
[348]	train-rmse:0.252139+0.003202	test-rmse:0.253021+0.008040 
[349]	train-rmse:0.252138+0.003201	test-rmse:0.253020+0.008040 
[350]	train-rmse:0.251919+0.003043	test-rmse:0.252778+0.008131 
[351]	train-rmse:0.251919+0.003042	test-rmse:0.252777+0.008131 
[352]	train-rmse:0.251918+0.003042	test-rmse:0.252777+0.008131 
[353]	train-rmse:0.251917+0.003041	test-rmse:0.252776+0.008130 
[354]	train-rmse:0.251916+0.003040	test-rmse:0.252775+0.008130 
[355]	train-rmse:0.251915+0.003040	test-rmse:0.252774+0.008129 
[356]	train-rmse:0.251914+0.003039	test-rmse:0.252773+0.008129 
[357]	train-rmse:0.251914+0.003039	test-rmse:0.252773+0.008129 
[358]	train-rmse:0.251913+0.003038	test-rmse:0.252772+0.008128 
[359]	train-rmse:0.251755+0.003318	test-rmse:0.252632+0.008092 
[360]	train-rmse:0.251754+0.003318	test-rmse:0.252631+0.008091 
[361]	train-rmse:0.251535+0.003214	test-rmse:0.252435+0.008183 
[362]	train-rmse:0.251534+0.003213	test-rmse:0.252434+0.008182 
[363]	train-rmse:0.251347+0.003235	test-rmse:0.252266+0.008437 
[364]	train-rmse:0.251186+0.003287	test-rmse:0.252093+0.008705 
[365]	train-rmse:0.251185+0.003287	test-rmse:0.252092+0.008705 
[366]	train-rmse:0.250812+0.003301	test-rmse:0.251657+0.009140 
[367]	train-rmse:0.250811+0.003300	test-rmse:0.251656+0.009139 
[368]	train-rmse:0.250811+0.003300	test-rmse:0.251656+0.009139 
[369]	train-rmse:0.250810+0.003299	test-rmse:0.251655+0.009138 
[370]	train-rmse:0.250809+0.003299	test-rmse:0.251654+0.009138 
[371]	train-rmse:0.250809+0.003298	test-rmse:0.251654+0.009138 
[372]	train-rmse:0.250808+0.003297	test-rmse:0.251653+0.009137 
[373]	train-rmse:0.250808+0.003297	test-rmse:0.251653+0.009137 
[374]	train-rmse:0.250807+0.003296	test-rmse:0.251652+0.009136 
[375]	train-rmse:0.250806+0.003296	test-rmse:0.251652+0.009136 
[376]	train-rmse:0.250806+0.003295	test-rmse:0.251651+0.009135 
[377]	train-rmse:0.250161+0.002804	test-rmse:0.251065+0.008886 
[378]	train-rmse:0.250161+0.002804	test-rmse:0.251064+0.008886 
[379]	train-rmse:0.250160+0.002803	test-rmse:0.251064+0.008885 
[380]	train-rmse:0.250160+0.002803	test-rmse:0.251063+0.008885 
[381]	train-rmse:0.250159+0.002802	test-rmse:0.251063+0.008885 
[382]	train-rmse:0.250159+0.002801	test-rmse:0.251062+0.008884 
[383]	train-rmse:0.249982+0.002793	test-rmse:0.250894+0.008982 
[384]	train-rmse:0.249742+0.002442	test-rmse:0.250702+0.008707 
[385]	train-rmse:0.249540+0.002357	test-rmse:0.250518+0.008658 
[386]	train-rmse:0.249540+0.002356	test-rmse:0.250517+0.008658 
[387]	train-rmse:0.249540+0.002356	test-rmse:0.250517+0.008657 
[388]	train-rmse:0.249539+0.002355	test-rmse:0.250517+0.008657 
[389]	train-rmse:0.249539+0.002355	test-rmse:0.250516+0.008657 
[390]	train-rmse:0.249364+0.002335	test-rmse:0.250331+0.008623 
[391]	train-rmse:0.249364+0.002335	test-rmse:0.250331+0.008623 
[392]	train-rmse:0.249364+0.002335	test-rmse:0.250330+0.008623 
[393]	train-rmse:0.249363+0.002334	test-rmse:0.250330+0.008622 
[394]	train-rmse:0.249363+0.002334	test-rmse:0.250330+0.008622 
[395]	train-rmse:0.249362+0.002333	test-rmse:0.250329+0.008622 
[396]	train-rmse:0.249201+0.002590	test-rmse:0.250131+0.008535 
[397]	train-rmse:0.248775+0.002259	test-rmse:0.249721+0.008162 
[398]	train-rmse:0.248477+0.002532	test-rmse:0.249395+0.008077 
[399]	train-rmse:0.248477+0.002531	test-rmse:0.249395+0.008077 
[400]	train-rmse:0.248331+0.002776	test-rmse:0.249282+0.008034 
[401]	train-rmse:0.248196+0.003011	test-rmse:0.249165+0.007996 
[402]	train-rmse:0.248196+0.003011	test-rmse:0.249165+0.007996 
[403]	train-rmse:0.248196+0.003010	test-rmse:0.249165+0.007996 
[404]	train-rmse:0.248034+0.002943	test-rmse:0.249012+0.008074 
[405]	train-rmse:0.248033+0.002942	test-rmse:0.249012+0.008074 
[406]	train-rmse:0.248033+0.002942	test-rmse:0.249011+0.008074 
[407]	train-rmse:0.248033+0.002941	test-rmse:0.249011+0.008074 
[408]	train-rmse:0.248033+0.002941	test-rmse:0.249011+0.008073 
[409]	train-rmse:0.247888+0.003196	test-rmse:0.248830+0.008024 
[410]	train-rmse:0.247888+0.003196	test-rmse:0.248830+0.008024 
[411]	train-rmse:0.247663+0.002935	test-rmse:0.248590+0.007643 
[412]	train-rmse:0.247662+0.002935	test-rmse:0.248590+0.007642 
[413]	train-rmse:0.247662+0.002935	test-rmse:0.248590+0.007642 
[414]	train-rmse:0.247662+0.002935	test-rmse:0.248590+0.007642 
[415]	train-rmse:0.247662+0.002934	test-rmse:0.248590+0.007642 
[416]	train-rmse:0.247662+0.002934	test-rmse:0.248590+0.007642 
[417]	train-rmse:0.247534+0.003174	test-rmse:0.248465+0.007612 
[418]	train-rmse:0.247150+0.002898	test-rmse:0.248144+0.007416 
[419]	train-rmse:0.247150+0.002898	test-rmse:0.248144+0.007416 
[420]	train-rmse:0.247150+0.002898	test-rmse:0.248144+0.007415 
[421]	train-rmse:0.247150+0.002897	test-rmse:0.248144+0.007415 
[422]	train-rmse:0.247150+0.002897	test-rmse:0.248144+0.007415 
[423]	train-rmse:0.247150+0.002897	test-rmse:0.248144+0.007415 
[424]	train-rmse:0.247150+0.002896	test-rmse:0.248144+0.007415 
[425]	train-rmse:0.247150+0.002896	test-rmse:0.248144+0.007415 
[426]	train-rmse:0.246985+0.002856	test-rmse:0.248002+0.007502 
[427]	train-rmse:0.246985+0.002856	test-rmse:0.248002+0.007502 
[428]	train-rmse:0.246985+0.002856	test-rmse:0.248002+0.007502 
[429]	train-rmse:0.246821+0.002760	test-rmse:0.247861+0.007704 
[430]	train-rmse:0.246821+0.002760	test-rmse:0.247861+0.007704 
[431]	train-rmse:0.246334+0.002784	test-rmse:0.247451+0.007400 
[432]	train-rmse:0.246334+0.002784	test-rmse:0.247451+0.007400 
[433]	train-rmse:0.246334+0.002783	test-rmse:0.247451+0.007400 
[434]	train-rmse:0.246334+0.002783	test-rmse:0.247451+0.007400 
[435]	train-rmse:0.246230+0.002985	test-rmse:0.247322+0.007368 
[436]	train-rmse:0.246230+0.002985	test-rmse:0.247322+0.007368 
[437]	train-rmse:0.246230+0.002984	test-rmse:0.247322+0.007368 
[438]	train-rmse:0.246230+0.002984	test-rmse:0.247322+0.007368 
[439]	train-rmse:0.246230+0.002984	test-rmse:0.247322+0.007367 
[440]	train-rmse:0.246230+0.002983	test-rmse:0.247322+0.007367 
[441]	train-rmse:0.246230+0.002983	test-rmse:0.247322+0.007367 
[442]	train-rmse:0.246082+0.002903	test-rmse:0.247162+0.007602 
[443]	train-rmse:0.246082+0.002902	test-rmse:0.247162+0.007602 
[444]	train-rmse:0.246082+0.002902	test-rmse:0.247162+0.007602 
[445]	train-rmse:0.245939+0.002851	test-rmse:0.247008+0.007834 
[446]	train-rmse:0.245939+0.002851	test-rmse:0.247008+0.007834 
[447]	train-rmse:0.245816+0.003090	test-rmse:0.246850+0.007803 
[448]	train-rmse:0.245655+0.003026	test-rmse:0.246699+0.007880 
[449]	train-rmse:0.245655+0.003025	test-rmse:0.246699+0.007880 
[450]	train-rmse:0.245655+0.003025	test-rmse:0.246699+0.007879 
[451]	train-rmse:0.245655+0.003025	test-rmse:0.246700+0.007879 
[452]	train-rmse:0.245491+0.002988	test-rmse:0.246551+0.007840 
[453]	train-rmse:0.245491+0.002987	test-rmse:0.246552+0.007840 
[454]	train-rmse:0.245491+0.002987	test-rmse:0.246552+0.007840 
[455]	train-rmse:0.245491+0.002987	test-rmse:0.246552+0.007840 
[456]	train-rmse:0.245379+0.003201	test-rmse:0.246461+0.007824 
[457]	train-rmse:0.245231+0.003160	test-rmse:0.246336+0.007893 
[458]	train-rmse:0.245231+0.003160	test-rmse:0.246336+0.007893 
[459]	train-rmse:0.245082+0.003146	test-rmse:0.246198+0.007977 
[460]	train-rmse:0.245083+0.003146	test-rmse:0.246198+0.007977 
[461]	train-rmse:0.244879+0.002938	test-rmse:0.246046+0.007736 
[462]	train-rmse:0.244624+0.003152	test-rmse:0.245789+0.007787 
[463]	train-rmse:0.244518+0.003354	test-rmse:0.245648+0.007771 
[464]	train-rmse:0.244365+0.003307	test-rmse:0.245511+0.007729 
[465]	train-rmse:0.244365+0.003307	test-rmse:0.245511+0.007729 
[466]	train-rmse:0.244228+0.003318	test-rmse:0.245385+0.007815 
[467]	train-rmse:0.244229+0.003318	test-rmse:0.245385+0.007814 
[468]	train-rmse:0.244229+0.003318	test-rmse:0.245385+0.007814 
[469]	train-rmse:0.244229+0.003318	test-rmse:0.245385+0.007814 
[470]	train-rmse:0.244229+0.003317	test-rmse:0.245386+0.007814 
[471]	train-rmse:0.244230+0.003317	test-rmse:0.245386+0.007813 
[472]	train-rmse:0.244230+0.003317	test-rmse:0.245386+0.007813 
[473]	train-rmse:0.244230+0.003316	test-rmse:0.245386+0.007813 
[474]	train-rmse:0.244099+0.003349	test-rmse:0.245279+0.007892 
[475]	train-rmse:0.244000+0.003526	test-rmse:0.245182+0.007882 
[476]	train-rmse:0.244000+0.003525	test-rmse:0.245182+0.007882 
[477]	train-rmse:0.244000+0.003525	test-rmse:0.245182+0.007882 
[478]	train-rmse:0.244000+0.003525	test-rmse:0.245182+0.007882 
[479]	train-rmse:0.243813+0.003350	test-rmse:0.244995+0.007575 
[480]	train-rmse:0.243632+0.003214	test-rmse:0.244867+0.007371 
[481]	train-rmse:0.243351+0.003039	test-rmse:0.244594+0.007504 
[482]	train-rmse:0.243352+0.003039	test-rmse:0.244595+0.007504 
[483]	train-rmse:0.243214+0.002927	test-rmse:0.244429+0.007733 
[484]	train-rmse:0.243100+0.002851	test-rmse:0.244308+0.007905 
[485]	train-rmse:0.243100+0.002851	test-rmse:0.244308+0.007905 
[486]	train-rmse:0.242808+0.002639	test-rmse:0.244037+0.007944 
[487]	train-rmse:0.242526+0.002726	test-rmse:0.243835+0.007738 
[488]	train-rmse:0.242422+0.002672	test-rmse:0.243728+0.007900 
[489]	train-rmse:0.242423+0.002672	test-rmse:0.243728+0.007900 
[490]	train-rmse:0.242300+0.002628	test-rmse:0.243634+0.008044 
[491]	train-rmse:0.242301+0.002627	test-rmse:0.243634+0.008044 
[492]	train-rmse:0.242190+0.002606	test-rmse:0.243532+0.008102 
[493]	train-rmse:0.242190+0.002606	test-rmse:0.243532+0.008101 
[494]	train-rmse:0.242191+0.002606	test-rmse:0.243533+0.008101 
[495]	train-rmse:0.241999+0.002768	test-rmse:0.243326+0.008136 
[496]	train-rmse:0.241689+0.002888	test-rmse:0.242944+0.008415 
[497]	train-rmse:0.241689+0.002888	test-rmse:0.242944+0.008414 
[498]	train-rmse:0.241551+0.002774	test-rmse:0.242802+0.008351 
[499]	train-rmse:0.241552+0.002774	test-rmse:0.242803+0.008351 
[500]	train-rmse:0.241552+0.002773	test-rmse:0.242803+0.008351 
[501]	train-rmse:0.241553+0.002773	test-rmse:0.242803+0.008351 
[502]	train-rmse:0.241553+0.002773	test-rmse:0.242804+0.008351 
[503]	train-rmse:0.241441+0.002789	test-rmse:0.242743+0.008389 
[504]	train-rmse:0.241442+0.002789	test-rmse:0.242744+0.008389 
[505]	train-rmse:0.241442+0.002788	test-rmse:0.242744+0.008389 
[506]	train-rmse:0.241443+0.002788	test-rmse:0.242745+0.008388 
[507]	train-rmse:0.241443+0.002788	test-rmse:0.242745+0.008388 
[508]	train-rmse:0.241351+0.002958	test-rmse:0.242621+0.008368 
[509]	train-rmse:0.241352+0.002958	test-rmse:0.242622+0.008368 
[510]	train-rmse:0.241352+0.002958	test-rmse:0.242622+0.008368 
[511]	train-rmse:0.241352+0.002957	test-rmse:0.242622+0.008367 
[512]	train-rmse:0.241240+0.002986	test-rmse:0.242510+0.008441 
[513]	train-rmse:0.241150+0.003148	test-rmse:0.242407+0.008429 
[514]	train-rmse:0.241151+0.003148	test-rmse:0.242407+0.008428 
[515]	train-rmse:0.241151+0.003148	test-rmse:0.242408+0.008428 
[516]	train-rmse:0.241045+0.003185	test-rmse:0.242306+0.008498 
[517]	train-rmse:0.241045+0.003185	test-rmse:0.242306+0.008498 
[518]	train-rmse:0.241046+0.003184	test-rmse:0.242307+0.008498 
[519]	train-rmse:0.241046+0.003184	test-rmse:0.242307+0.008498 
[520]	train-rmse:0.240953+0.003350	test-rmse:0.242248+0.008492 
[521]	train-rmse:0.240953+0.003350	test-rmse:0.242249+0.008492 
[522]	train-rmse:0.240954+0.003350	test-rmse:0.242249+0.008492 
[523]	train-rmse:0.240954+0.003350	test-rmse:0.242250+0.008492 
[524]	train-rmse:0.240955+0.003349	test-rmse:0.242250+0.008491 
[525]	train-rmse:0.240868+0.003385	test-rmse:0.242172+0.008548 
[526]	train-rmse:0.240869+0.003385	test-rmse:0.242172+0.008548 
[527]	train-rmse:0.240788+0.003527	test-rmse:0.242060+0.008541 
[528]	train-rmse:0.240788+0.003527	test-rmse:0.242061+0.008541 
[529]	train-rmse:0.240789+0.003527	test-rmse:0.242061+0.008540 
[530]	train-rmse:0.240680+0.003482	test-rmse:0.241929+0.008721 
[531]	train-rmse:0.240474+0.003536	test-rmse:0.241742+0.008660 
[532]	train-rmse:0.240474+0.003535	test-rmse:0.241743+0.008660 
[533]	train-rmse:0.240475+0.003535	test-rmse:0.241743+0.008660 
[534]	train-rmse:0.240475+0.003535	test-rmse:0.241743+0.008659 
[535]	train-rmse:0.240341+0.003447	test-rmse:0.241616+0.008606 
[536]	train-rmse:0.240342+0.003447	test-rmse:0.241617+0.008606 
[537]	train-rmse:0.240342+0.003447	test-rmse:0.241617+0.008606 
[538]	train-rmse:0.240343+0.003446	test-rmse:0.241618+0.008606 
[539]	train-rmse:0.240343+0.003446	test-rmse:0.241618+0.008605 
[540]	train-rmse:0.240344+0.003446	test-rmse:0.241619+0.008605 
[541]	train-rmse:0.240344+0.003446	test-rmse:0.241619+0.008605 
[542]	train-rmse:0.240097+0.003332	test-rmse:0.241426+0.008475 
[543]	train-rmse:0.240018+0.003473	test-rmse:0.241315+0.008470 
[544]	train-rmse:0.240019+0.003473	test-rmse:0.241315+0.008470 
[545]	train-rmse:0.240019+0.003472	test-rmse:0.241316+0.008470 
[546]	train-rmse:0.239953+0.003594	test-rmse:0.241229+0.008469 
[547]	train-rmse:0.239953+0.003594	test-rmse:0.241229+0.008469 
[548]	train-rmse:0.239954+0.003594	test-rmse:0.241229+0.008469 
[549]	train-rmse:0.239840+0.003538	test-rmse:0.241143+0.008587 
[550]	train-rmse:0.239840+0.003538	test-rmse:0.241143+0.008586 
[551]	train-rmse:0.239684+0.003396	test-rmse:0.241036+0.008417 
[552]	train-rmse:0.239613+0.003528	test-rmse:0.240935+0.008419 
[553]	train-rmse:0.239613+0.003528	test-rmse:0.240936+0.008418 
[554]	train-rmse:0.239472+0.003663	test-rmse:0.240783+0.008470 
[555]	train-rmse:0.239473+0.003663	test-rmse:0.240783+0.008470 
[556]	train-rmse:0.239473+0.003662	test-rmse:0.240784+0.008470 
[557]	train-rmse:0.239474+0.003662	test-rmse:0.240784+0.008470 
[558]	train-rmse:0.239376+0.003696	test-rmse:0.240697+0.008529 
[559]	train-rmse:0.239297+0.003838	test-rmse:0.240648+0.008533 
[560]	train-rmse:0.239298+0.003838	test-rmse:0.240648+0.008532 
[561]	train-rmse:0.239167+0.003741	test-rmse:0.240531+0.008476 
[562]	train-rmse:0.239066+0.003687	test-rmse:0.240424+0.008617 
[563]	train-rmse:0.239067+0.003687	test-rmse:0.240425+0.008616 
[564]	train-rmse:0.239067+0.003686	test-rmse:0.240425+0.008616 
[565]	train-rmse:0.239068+0.003686	test-rmse:0.240426+0.008616 
[566]	train-rmse:0.239068+0.003686	test-rmse:0.240427+0.008616 
[567]	train-rmse:0.239069+0.003686	test-rmse:0.240427+0.008616 
[568]	train-rmse:0.239069+0.003685	test-rmse:0.240428+0.008615 
[569]	train-rmse:0.239070+0.003685	test-rmse:0.240428+0.008615 
[570]	train-rmse:0.239070+0.003685	test-rmse:0.240429+0.008615 
[571]	train-rmse:0.239071+0.003685	test-rmse:0.240429+0.008615 
[572]	train-rmse:0.239072+0.003685	test-rmse:0.240430+0.008615 
[573]	train-rmse:0.238949+0.003604	test-rmse:0.240315+0.008565 
[574]	train-rmse:0.238754+0.003575	test-rmse:0.240098+0.008599 
[575]	train-rmse:0.238755+0.003575	test-rmse:0.240098+0.008599 
[576]	train-rmse:0.238523+0.003390	test-rmse:0.239903+0.008401 
[577]	train-rmse:0.238523+0.003390	test-rmse:0.239903+0.008401 
[578]	train-rmse:0.238524+0.003389	test-rmse:0.239904+0.008401 
[579]	train-rmse:0.238524+0.003389	test-rmse:0.239904+0.008401 
[580]	train-rmse:0.238441+0.003419	test-rmse:0.239831+0.008452 
[581]	train-rmse:0.238442+0.003419	test-rmse:0.239832+0.008452 
[582]	train-rmse:0.238442+0.003418	test-rmse:0.239832+0.008451 
[583]	train-rmse:0.238443+0.003418	test-rmse:0.239833+0.008451 
[584]	train-rmse:0.238443+0.003418	test-rmse:0.239834+0.008451 
[585]	train-rmse:0.238444+0.003418	test-rmse:0.239834+0.008451 
[586]	train-rmse:0.238445+0.003418	test-rmse:0.239835+0.008451 
[587]	train-rmse:0.238343+0.003351	test-rmse:0.239703+0.008623 
[588]	train-rmse:0.238343+0.003351	test-rmse:0.239704+0.008623 
[589]	train-rmse:0.238344+0.003351	test-rmse:0.239704+0.008623 
[590]	train-rmse:0.238271+0.003482	test-rmse:0.239651+0.008622 
[591]	train-rmse:0.238271+0.003482	test-rmse:0.239652+0.008622 
[592]	train-rmse:0.238272+0.003482	test-rmse:0.239652+0.008622 
[593]	train-rmse:0.238016+0.003286	test-rmse:0.239458+0.008435 
[594]	train-rmse:0.238017+0.003286	test-rmse:0.239458+0.008435 
[595]	train-rmse:0.238017+0.003286	test-rmse:0.239459+0.008435 
[596]	train-rmse:0.238018+0.003286	test-rmse:0.239459+0.008434 
[597]	train-rmse:0.238019+0.003286	test-rmse:0.239460+0.008434 
[598]	train-rmse:0.238019+0.003285	test-rmse:0.239461+0.008434 
[599]	train-rmse:0.238020+0.003285	test-rmse:0.239461+0.008434 
[600]	train-rmse:0.237758+0.003314	test-rmse:0.239242+0.008518 
[601]	train-rmse:0.237667+0.003338	test-rmse:0.239160+0.008572 
[602]	train-rmse:0.237668+0.003338	test-rmse:0.239160+0.008572 
[603]	train-rmse:0.237668+0.003338	test-rmse:0.239161+0.008572 
[604]	train-rmse:0.237600+0.003461	test-rmse:0.239063+0.008570 
[605]	train-rmse:0.237600+0.003461	test-rmse:0.239063+0.008570 
[606]	train-rmse:0.237464+0.003330	test-rmse:0.238923+0.008337 
[607]	train-rmse:0.237465+0.003330	test-rmse:0.238923+0.008337 
[608]	train-rmse:0.237466+0.003330	test-rmse:0.238924+0.008337 
[609]	train-rmse:0.237466+0.003330	test-rmse:0.238924+0.008337 
[610]	train-rmse:0.237467+0.003330	test-rmse:0.238925+0.008336 
[611]	train-rmse:0.237243+0.003152	test-rmse:0.238742+0.008304 
[612]	train-rmse:0.237158+0.003173	test-rmse:0.238666+0.008354 
[613]	train-rmse:0.237158+0.003173	test-rmse:0.238666+0.008354 
[614]	train-rmse:0.237159+0.003173	test-rmse:0.238667+0.008354 
[615]	train-rmse:0.237160+0.003173	test-rmse:0.238668+0.008354 
[616]	train-rmse:0.237066+0.003111	test-rmse:0.238604+0.008441 
[617]	train-rmse:0.236987+0.003137	test-rmse:0.238503+0.008510 
[618]	train-rmse:0.236920+0.003165	test-rmse:0.238443+0.008553 
[619]	train-rmse:0.236921+0.003165	test-rmse:0.238444+0.008553 
[620]	train-rmse:0.236922+0.003164	test-rmse:0.238445+0.008553 
[621]	train-rmse:0.236922+0.003164	test-rmse:0.238445+0.008553 
[622]	train-rmse:0.236798+0.003056	test-rmse:0.238366+0.008426 
[623]	train-rmse:0.236798+0.003056	test-rmse:0.238367+0.008426 
[624]	train-rmse:0.236707+0.002997	test-rmse:0.238257+0.008576 
[625]	train-rmse:0.236623+0.002951	test-rmse:0.238172+0.008693 
[626]	train-rmse:0.236624+0.002951	test-rmse:0.238172+0.008693 
[627]	train-rmse:0.236624+0.002951	test-rmse:0.238173+0.008693 
[628]	train-rmse:0.236625+0.002951	test-rmse:0.238174+0.008693 
[629]	train-rmse:0.236625+0.002951	test-rmse:0.238174+0.008693 
[630]	train-rmse:0.236626+0.002951	test-rmse:0.238175+0.008692 
[631]	train-rmse:0.236522+0.002864	test-rmse:0.238093+0.008565 
[632]	train-rmse:0.236367+0.002906	test-rmse:0.237910+0.008512 
[633]	train-rmse:0.236241+0.002814	test-rmse:0.237833+0.008390 
[634]	train-rmse:0.236242+0.002814	test-rmse:0.237833+0.008390 
[635]	train-rmse:0.236243+0.002814	test-rmse:0.237834+0.008389 
[636]	train-rmse:0.236243+0.002814	test-rmse:0.237834+0.008389 
[637]	train-rmse:0.236244+0.002814	test-rmse:0.237835+0.008389 
[638]	train-rmse:0.236245+0.002814	test-rmse:0.237835+0.008389 
[639]	train-rmse:0.236245+0.002814	test-rmse:0.237836+0.008389 
[640]	train-rmse:0.236246+0.002813	test-rmse:0.237837+0.008389 
[641]	train-rmse:0.236157+0.002761	test-rmse:0.237763+0.008493 
[642]	train-rmse:0.236157+0.002760	test-rmse:0.237763+0.008493 
[643]	train-rmse:0.236158+0.002760	test-rmse:0.237764+0.008493 
[644]	train-rmse:0.236158+0.002760	test-rmse:0.237764+0.008493 
[645]	train-rmse:0.236088+0.002726	test-rmse:0.237696+0.008590 
[646]	train-rmse:0.236088+0.002726	test-rmse:0.237697+0.008590 
[647]	train-rmse:0.236089+0.002726	test-rmse:0.237698+0.008590 
[648]	train-rmse:0.236090+0.002726	test-rmse:0.237698+0.008590 
[649]	train-rmse:0.236090+0.002725	test-rmse:0.237699+0.008590 
[650]	train-rmse:0.235909+0.002657	test-rmse:0.237542+0.008594 
[651]	train-rmse:0.235910+0.002657	test-rmse:0.237543+0.008594 
[652]	train-rmse:0.235850+0.002678	test-rmse:0.237489+0.008630 
[653]	train-rmse:0.235851+0.002678	test-rmse:0.237490+0.008630 
[654]	train-rmse:0.235768+0.002639	test-rmse:0.237437+0.008704 
[655]	train-rmse:0.235674+0.002562	test-rmse:0.237337+0.008667 
[656]	train-rmse:0.235582+0.002500	test-rmse:0.237255+0.008640 
[657]	train-rmse:0.235462+0.002389	test-rmse:0.237129+0.008440 
[658]	train-rmse:0.235463+0.002388	test-rmse:0.237129+0.008440 
[659]	train-rmse:0.235464+0.002388	test-rmse:0.237130+0.008440 
[660]	train-rmse:0.235464+0.002388	test-rmse:0.237131+0.008440 
[661]	train-rmse:0.235465+0.002388	test-rmse:0.237131+0.008440 
[662]	train-rmse:0.235398+0.002512	test-rmse:0.237096+0.008434 
[663]	train-rmse:0.235326+0.002534	test-rmse:0.237046+0.008467 
[664]	train-rmse:0.235327+0.002534	test-rmse:0.237047+0.008467 
[665]	train-rmse:0.235213+0.002445	test-rmse:0.236978+0.008359 
[666]	train-rmse:0.235213+0.002445	test-rmse:0.236979+0.008359 
[667]	train-rmse:0.235151+0.002559	test-rmse:0.236889+0.008344 
[668]	train-rmse:0.235101+0.002654	test-rmse:0.236821+0.008336 
[669]	train-rmse:0.235102+0.002653	test-rmse:0.236822+0.008336 
[670]	train-rmse:0.235102+0.002653	test-rmse:0.236823+0.008336 
[671]	train-rmse:0.235103+0.002653	test-rmse:0.236823+0.008336 
[672]	train-rmse:0.234942+0.002543	test-rmse:0.236646+0.008446 
[673]	train-rmse:0.234942+0.002543	test-rmse:0.236647+0.008446 
[674]	train-rmse:0.234764+0.002498	test-rmse:0.236479+0.008467 
[675]	train-rmse:0.234764+0.002498	test-rmse:0.236479+0.008467 
[676]	train-rmse:0.234765+0.002497	test-rmse:0.236480+0.008467 
[677]	train-rmse:0.234765+0.002497	test-rmse:0.236481+0.008467 
[678]	train-rmse:0.234688+0.002449	test-rmse:0.236389+0.008596 
[679]	train-rmse:0.234689+0.002449	test-rmse:0.236390+0.008596 
[680]	train-rmse:0.234689+0.002449	test-rmse:0.236390+0.008596 
[681]	train-rmse:0.234690+0.002449	test-rmse:0.236391+0.008596 
[682]	train-rmse:0.234691+0.002449	test-rmse:0.236392+0.008596 
[683]	train-rmse:0.234620+0.002471	test-rmse:0.236321+0.008641 
[684]	train-rmse:0.234620+0.002471	test-rmse:0.236322+0.008641 
[685]	train-rmse:0.234419+0.002315	test-rmse:0.236129+0.008431 
[686]	train-rmse:0.234419+0.002315	test-rmse:0.236130+0.008431 
[687]	train-rmse:0.234420+0.002315	test-rmse:0.236130+0.008431 
[688]	train-rmse:0.234270+0.002372	test-rmse:0.235977+0.008392 
[689]	train-rmse:0.234208+0.002488	test-rmse:0.235941+0.008386 
[690]	train-rmse:0.234208+0.002488	test-rmse:0.235942+0.008386 
[691]	train-rmse:0.234150+0.002598	test-rmse:0.235862+0.008375 
[692]	train-rmse:0.234088+0.002554	test-rmse:0.235802+0.008459 
[693]	train-rmse:0.234088+0.002554	test-rmse:0.235802+0.008459 
[694]	train-rmse:0.234089+0.002554	test-rmse:0.235803+0.008459 
[695]	train-rmse:0.233973+0.002595	test-rmse:0.235671+0.008554 
[696]	train-rmse:0.233974+0.002595	test-rmse:0.235671+0.008553 
[697]	train-rmse:0.233974+0.002595	test-rmse:0.235672+0.008553 
[698]	train-rmse:0.233975+0.002595	test-rmse:0.235673+0.008553 
[699]	train-rmse:0.233903+0.002559	test-rmse:0.235588+0.008674 
[700]	train-rmse:0.233904+0.002559	test-rmse:0.235589+0.008674 
[701]	train-rmse:0.233904+0.002559	test-rmse:0.235589+0.008674 
[702]	train-rmse:0.233905+0.002558	test-rmse:0.235590+0.008674 
[703]	train-rmse:0.233906+0.002558	test-rmse:0.235591+0.008674 
[704]	train-rmse:0.233775+0.002542	test-rmse:0.235484+0.008782 
[705]	train-rmse:0.233776+0.002542	test-rmse:0.235485+0.008782 
[706]	train-rmse:0.233777+0.002542	test-rmse:0.235485+0.008782 
[707]	train-rmse:0.233778+0.002542	test-rmse:0.235486+0.008782 
[708]	train-rmse:0.233726+0.002639	test-rmse:0.235424+0.008775 
[709]	train-rmse:0.233726+0.002639	test-rmse:0.235425+0.008775 
[710]	train-rmse:0.233727+0.002639	test-rmse:0.235425+0.008775 
[711]	train-rmse:0.233728+0.002639	test-rmse:0.235426+0.008775 
[712]	train-rmse:0.233662+0.002652	test-rmse:0.235339+0.008827 
[713]	train-rmse:0.233662+0.002651	test-rmse:0.235339+0.008827 
[714]	train-rmse:0.233663+0.002651	test-rmse:0.235340+0.008827 
[715]	train-rmse:0.233664+0.002651	test-rmse:0.235340+0.008826 
[716]	train-rmse:0.233561+0.002552	test-rmse:0.235226+0.008644 
[717]	train-rmse:0.233562+0.002552	test-rmse:0.235226+0.008644 
[718]	train-rmse:0.233562+0.002552	test-rmse:0.235227+0.008644 
[719]	train-rmse:0.233563+0.002552	test-rmse:0.235227+0.008644 
[720]	train-rmse:0.233564+0.002552	test-rmse:0.235228+0.008644 
[721]	train-rmse:0.233564+0.002552	test-rmse:0.235229+0.008644 
[722]	train-rmse:0.233565+0.002552	test-rmse:0.235229+0.008643 
[723]	train-rmse:0.233462+0.002465	test-rmse:0.235169+0.008549 
[724]	train-rmse:0.233402+0.002578	test-rmse:0.235142+0.008545 
[725]	train-rmse:0.233403+0.002578	test-rmse:0.235143+0.008545 
[726]	train-rmse:0.233404+0.002578	test-rmse:0.235143+0.008545 
[727]	train-rmse:0.233404+0.002578	test-rmse:0.235144+0.008545 
[728]	train-rmse:0.233362+0.002659	test-rmse:0.235086+0.008539 
[729]	train-rmse:0.233307+0.002764	test-rmse:0.235004+0.008533 
[730]	train-rmse:0.233308+0.002764	test-rmse:0.235004+0.008533 
[731]	train-rmse:0.233309+0.002764	test-rmse:0.235005+0.008533 
[732]	train-rmse:0.233309+0.002764	test-rmse:0.235006+0.008533 
[733]	train-rmse:0.233310+0.002764	test-rmse:0.235006+0.008533 
[734]	train-rmse:0.233310+0.002764	test-rmse:0.235007+0.008533 
[735]	train-rmse:0.233253+0.002736	test-rmse:0.234962+0.008597 
[736]	train-rmse:0.233254+0.002736	test-rmse:0.234963+0.008597 
[737]	train-rmse:0.233254+0.002736	test-rmse:0.234963+0.008597 
[738]	train-rmse:0.233170+0.002675	test-rmse:0.234885+0.008568 
[739]	train-rmse:0.233083+0.002608	test-rmse:0.234816+0.008458 
[740]	train-rmse:0.233083+0.002608	test-rmse:0.234817+0.008458 
[741]	train-rmse:0.233015+0.002613	test-rmse:0.234757+0.008494 
[742]	train-rmse:0.232948+0.002578	test-rmse:0.234673+0.008614 
[743]	train-rmse:0.232948+0.002578	test-rmse:0.234674+0.008614 
[744]	train-rmse:0.232769+0.002447	test-rmse:0.234547+0.008503 
[745]	train-rmse:0.232770+0.002447	test-rmse:0.234548+0.008503 
[746]	train-rmse:0.232771+0.002447	test-rmse:0.234548+0.008503 
[747]	train-rmse:0.232771+0.002446	test-rmse:0.234549+0.008503 
[748]	train-rmse:0.232772+0.002446	test-rmse:0.234550+0.008502 
[749]	train-rmse:0.232773+0.002446	test-rmse:0.234550+0.008502 
[750]	train-rmse:0.232701+0.002410	test-rmse:0.234508+0.008565 
[751]	train-rmse:0.232702+0.002410	test-rmse:0.234508+0.008565 
[752]	train-rmse:0.232703+0.002410	test-rmse:0.234509+0.008565 
[753]	train-rmse:0.232639+0.002413	test-rmse:0.234454+0.008596 
[754]	train-rmse:0.232418+0.002264	test-rmse:0.234256+0.008595 
[755]	train-rmse:0.232419+0.002264	test-rmse:0.234257+0.008595 
[756]	train-rmse:0.232419+0.002264	test-rmse:0.234257+0.008595 
[757]	train-rmse:0.232420+0.002264	test-rmse:0.234258+0.008595 
[758]	train-rmse:0.232285+0.002240	test-rmse:0.234154+0.008691 
[759]	train-rmse:0.232285+0.002240	test-rmse:0.234155+0.008691 
[760]	train-rmse:0.232286+0.002240	test-rmse:0.234155+0.008691 
[761]	train-rmse:0.232156+0.002158	test-rmse:0.234037+0.008731 
[762]	train-rmse:0.232156+0.002158	test-rmse:0.234038+0.008731 
[763]	train-rmse:0.232096+0.002165	test-rmse:0.233978+0.008766 
[764]	train-rmse:0.232097+0.002165	test-rmse:0.233979+0.008766 
[765]	train-rmse:0.232098+0.002165	test-rmse:0.233980+0.008765 
[766]	train-rmse:0.232098+0.002164	test-rmse:0.233980+0.008765 
[767]	train-rmse:0.232099+0.002164	test-rmse:0.233981+0.008765 
[768]	train-rmse:0.232099+0.002164	test-rmse:0.233981+0.008765 
[769]	train-rmse:0.232100+0.002164	test-rmse:0.233982+0.008765 
[770]	train-rmse:0.232101+0.002164	test-rmse:0.233982+0.008765 
[771]	train-rmse:0.232101+0.002164	test-rmse:0.233983+0.008765 
[772]	train-rmse:0.232102+0.002164	test-rmse:0.233984+0.008765 
[773]	train-rmse:0.232103+0.002164	test-rmse:0.233984+0.008765 
[774]	train-rmse:0.232049+0.002175	test-rmse:0.233937+0.008793 
[775]	train-rmse:0.231942+0.002168	test-rmse:0.233825+0.008921 
[776]	train-rmse:0.231943+0.002168	test-rmse:0.233826+0.008921 
[777]	train-rmse:0.231943+0.002168	test-rmse:0.233826+0.008921 
[778]	train-rmse:0.231944+0.002168	test-rmse:0.233827+0.008920 
[779]	train-rmse:0.231945+0.002168	test-rmse:0.233827+0.008920 
[780]	train-rmse:0.231884+0.002191	test-rmse:0.233775+0.008953 
[781]	train-rmse:0.231809+0.002131	test-rmse:0.233705+0.008930 
[782]	train-rmse:0.231810+0.002131	test-rmse:0.233706+0.008930 
[783]	train-rmse:0.231716+0.002038	test-rmse:0.233647+0.008838 
[784]	train-rmse:0.231663+0.002134	test-rmse:0.233571+0.008824 
[785]	train-rmse:0.231601+0.002087	test-rmse:0.233508+0.008803 
[786]	train-rmse:0.231602+0.002087	test-rmse:0.233508+0.008803 
[787]	train-rmse:0.231603+0.002087	test-rmse:0.233509+0.008803 
[788]	train-rmse:0.231603+0.002087	test-rmse:0.233509+0.008803 
[789]	train-rmse:0.231604+0.002087	test-rmse:0.233510+0.008803 
[790]	train-rmse:0.231546+0.002194	test-rmse:0.233471+0.008796 
[791]	train-rmse:0.231462+0.002121	test-rmse:0.233425+0.008724 
[792]	train-rmse:0.231376+0.002058	test-rmse:0.233379+0.008651 
[793]	train-rmse:0.231376+0.002058	test-rmse:0.233380+0.008651 
[794]	train-rmse:0.231377+0.002058	test-rmse:0.233381+0.008651 
[795]	train-rmse:0.231315+0.002074	test-rmse:0.233338+0.008678 
[796]	train-rmse:0.231316+0.002074	test-rmse:0.233338+0.008678 
[797]	train-rmse:0.231317+0.002074	test-rmse:0.233339+0.008678 
[798]	train-rmse:0.231245+0.002017	test-rmse:0.233275+0.008658 
[799]	train-rmse:0.231246+0.002017	test-rmse:0.233275+0.008657 
[800]	train-rmse:0.231183+0.001977	test-rmse:0.233239+0.008711 
[801]	train-rmse:0.231184+0.001977	test-rmse:0.233239+0.008711 
[802]	train-rmse:0.231099+0.001917	test-rmse:0.233132+0.008543 
[803]	train-rmse:0.231045+0.002017	test-rmse:0.233098+0.008536 
[804]	train-rmse:0.230989+0.001985	test-rmse:0.233046+0.008611 
[805]	train-rmse:0.230990+0.001985	test-rmse:0.233047+0.008611 
[806]	train-rmse:0.230990+0.001985	test-rmse:0.233047+0.008611 
[807]	train-rmse:0.230991+0.001985	test-rmse:0.233048+0.008611 
[808]	train-rmse:0.230992+0.001985	test-rmse:0.233049+0.008611 
[809]	train-rmse:0.230992+0.001985	test-rmse:0.233049+0.008611 
[810]	train-rmse:0.230993+0.001985	test-rmse:0.233050+0.008611 
[811]	train-rmse:0.230936+0.001959	test-rmse:0.232980+0.008714 
[812]	train-rmse:0.230937+0.001959	test-rmse:0.232981+0.008714 
[813]	train-rmse:0.230937+0.001958	test-rmse:0.232982+0.008713 
[814]	train-rmse:0.230938+0.001958	test-rmse:0.232982+0.008713 
[815]	train-rmse:0.230938+0.001958	test-rmse:0.232983+0.008713 
[816]	train-rmse:0.230939+0.001958	test-rmse:0.232983+0.008713 
[817]	train-rmse:0.230940+0.001958	test-rmse:0.232984+0.008713 
[818]	train-rmse:0.230940+0.001958	test-rmse:0.232985+0.008713 
[819]	train-rmse:0.230941+0.001958	test-rmse:0.232985+0.008713 
[820]	train-rmse:0.230942+0.001958	test-rmse:0.232986+0.008713 
[821]	train-rmse:0.230942+0.001958	test-rmse:0.232986+0.008713 
[822]	train-rmse:0.230943+0.001958	test-rmse:0.232987+0.008713 
[823]	train-rmse:0.230944+0.001958	test-rmse:0.232988+0.008713 
[824]	train-rmse:0.230944+0.001958	test-rmse:0.232988+0.008712 
[825]	train-rmse:0.230835+0.002003	test-rmse:0.232895+0.008687 
[826]	train-rmse:0.230835+0.002003	test-rmse:0.232896+0.008687 
[827]	train-rmse:0.230836+0.002003	test-rmse:0.232896+0.008687 
[828]	train-rmse:0.230837+0.002003	test-rmse:0.232897+0.008687 
[829]	train-rmse:0.230767+0.001951	test-rmse:0.232831+0.008667 
[830]	train-rmse:0.230767+0.001951	test-rmse:0.232832+0.008667 
[831]	train-rmse:0.230715+0.002053	test-rmse:0.232759+0.008654 
[832]	train-rmse:0.230715+0.002053	test-rmse:0.232760+0.008654 
[833]	train-rmse:0.230663+0.002020	test-rmse:0.232705+0.008639 
[834]	train-rmse:0.230599+0.001986	test-rmse:0.232633+0.008621 
[835]	train-rmse:0.230599+0.001986	test-rmse:0.232633+0.008621 
[836]	train-rmse:0.230530+0.001930	test-rmse:0.232578+0.008533 
[837]	train-rmse:0.230530+0.001930	test-rmse:0.232579+0.008533 
[838]	train-rmse:0.230531+0.001930	test-rmse:0.232579+0.008532 
[839]	train-rmse:0.230532+0.001930	test-rmse:0.232580+0.008532 
[840]	train-rmse:0.230484+0.002024	test-rmse:0.232513+0.008520 
[841]	train-rmse:0.230484+0.002024	test-rmse:0.232514+0.008520 
[842]	train-rmse:0.230485+0.002024	test-rmse:0.232514+0.008520 
[843]	train-rmse:0.230486+0.002024	test-rmse:0.232515+0.008520 
[844]	train-rmse:0.230486+0.002024	test-rmse:0.232515+0.008520 
[845]	train-rmse:0.230439+0.001996	test-rmse:0.232478+0.008575 
[846]	train-rmse:0.230325+0.001958	test-rmse:0.232373+0.008581 
[847]	train-rmse:0.230326+0.001958	test-rmse:0.232373+0.008581 
[848]	train-rmse:0.230327+0.001958	test-rmse:0.232374+0.008581 
[849]	train-rmse:0.230327+0.001958	test-rmse:0.232374+0.008581 
[850]	train-rmse:0.230261+0.001934	test-rmse:0.232312+0.008568 
[851]	train-rmse:0.230203+0.001921	test-rmse:0.232257+0.008558 
[852]	train-rmse:0.230142+0.001914	test-rmse:0.232202+0.008550 
[853]	train-rmse:0.230143+0.001914	test-rmse:0.232202+0.008550 
[854]	train-rmse:0.230143+0.001914	test-rmse:0.232203+0.008549 
[855]	train-rmse:0.230144+0.001914	test-rmse:0.232203+0.008549 
[856]	train-rmse:0.230145+0.001914	test-rmse:0.232204+0.008549 
[857]	train-rmse:0.230095+0.001880	test-rmse:0.232156+0.008619 
[858]	train-rmse:0.230096+0.001880	test-rmse:0.232156+0.008619 
[859]	train-rmse:0.230096+0.001880	test-rmse:0.232157+0.008619 
[860]	train-rmse:0.230054+0.001960	test-rmse:0.232150+0.008618 
[861]	train-rmse:0.230007+0.001958	test-rmse:0.232101+0.008611 
[862]	train-rmse:0.230008+0.001958	test-rmse:0.232102+0.008611 
[863]	train-rmse:0.230008+0.001958	test-rmse:0.232102+0.008611 
[864]	train-rmse:0.229884+0.001910	test-rmse:0.232051+0.008665 
[865]	train-rmse:0.229827+0.001880	test-rmse:0.232012+0.008722 
[866]	train-rmse:0.229827+0.001880	test-rmse:0.232012+0.008722 
[867]	train-rmse:0.229828+0.001880	test-rmse:0.232013+0.008722 
[868]	train-rmse:0.229829+0.001880	test-rmse:0.232014+0.008722 
[869]	train-rmse:0.229768+0.001878	test-rmse:0.231958+0.008715 
[870]	train-rmse:0.229768+0.001878	test-rmse:0.231958+0.008715 
[871]	train-rmse:0.229769+0.001878	test-rmse:0.231959+0.008715 
[872]	train-rmse:0.229770+0.001878	test-rmse:0.231959+0.008715 
[873]	train-rmse:0.229723+0.001965	test-rmse:0.231888+0.008701 
[874]	train-rmse:0.229724+0.001965	test-rmse:0.231889+0.008701 
[875]	train-rmse:0.229661+0.001969	test-rmse:0.231823+0.008694 
[876]	train-rmse:0.229662+0.001969	test-rmse:0.231823+0.008694 
[877]	train-rmse:0.229621+0.001949	test-rmse:0.231791+0.008741 
[878]	train-rmse:0.229622+0.001949	test-rmse:0.231792+0.008741 
[879]	train-rmse:0.229538+0.001852	test-rmse:0.231745+0.008664 
[880]	train-rmse:0.229539+0.001852	test-rmse:0.231746+0.008664 
[881]	train-rmse:0.229485+0.001860	test-rmse:0.231686+0.008659 
[882]	train-rmse:0.229433+0.001835	test-rmse:0.231630+0.008741 
[883]	train-rmse:0.229376+0.001815	test-rmse:0.231573+0.008768 
[884]	train-rmse:0.229376+0.001815	test-rmse:0.231573+0.008768 
[885]	train-rmse:0.229377+0.001815	test-rmse:0.231574+0.008768 
[886]	train-rmse:0.229378+0.001815	test-rmse:0.231574+0.008767 
[887]	train-rmse:0.229378+0.001815	test-rmse:0.231575+0.008767 
[888]	train-rmse:0.229379+0.001815	test-rmse:0.231576+0.008767 
[889]	train-rmse:0.229380+0.001815	test-rmse:0.231576+0.008767 
[890]	train-rmse:0.229380+0.001815	test-rmse:0.231577+0.008767 
[891]	train-rmse:0.229381+0.001815	test-rmse:0.231577+0.008767 
[892]	train-rmse:0.229381+0.001815	test-rmse:0.231578+0.008767 
[893]	train-rmse:0.229327+0.001826	test-rmse:0.231525+0.008764 
[894]	train-rmse:0.229327+0.001826	test-rmse:0.231526+0.008764 
[895]	train-rmse:0.229328+0.001826	test-rmse:0.231527+0.008764 
[896]	train-rmse:0.229328+0.001826	test-rmse:0.231527+0.008763 
[897]	train-rmse:0.229329+0.001826	test-rmse:0.231528+0.008763 
[898]	train-rmse:0.229196+0.001717	test-rmse:0.231386+0.008648 
[899]	train-rmse:0.229144+0.001707	test-rmse:0.231310+0.008687 
[900]	train-rmse:0.229145+0.001707	test-rmse:0.231311+0.008687 
[901]	train-rmse:0.229145+0.001707	test-rmse:0.231311+0.008687 
[902]	train-rmse:0.229146+0.001707	test-rmse:0.231312+0.008687 
[903]	train-rmse:0.229071+0.001622	test-rmse:0.231227+0.008550 
[904]	train-rmse:0.229013+0.001634	test-rmse:0.231175+0.008546 
[905]	train-rmse:0.229014+0.001634	test-rmse:0.231176+0.008546 
[906]	train-rmse:0.228976+0.001702	test-rmse:0.231124+0.008532 
[907]	train-rmse:0.228977+0.001702	test-rmse:0.231124+0.008532 
[908]	train-rmse:0.228925+0.001666	test-rmse:0.231065+0.008618 
[909]	train-rmse:0.228926+0.001666	test-rmse:0.231065+0.008618 
[910]	train-rmse:0.228878+0.001638	test-rmse:0.231011+0.008696 
[911]	train-rmse:0.228831+0.001725	test-rmse:0.230978+0.008688 
[912]	train-rmse:0.228791+0.001798	test-rmse:0.230968+0.008685 
[913]	train-rmse:0.228746+0.001883	test-rmse:0.230904+0.008671 
[914]	train-rmse:0.228746+0.001883	test-rmse:0.230904+0.008670 
[915]	train-rmse:0.228696+0.001859	test-rmse:0.230841+0.008763 
[916]	train-rmse:0.228650+0.001945	test-rmse:0.230769+0.008749 
[917]	train-rmse:0.228610+0.002022	test-rmse:0.230719+0.008740 
[918]	train-rmse:0.228610+0.002022	test-rmse:0.230720+0.008740 
[919]	train-rmse:0.228611+0.002022	test-rmse:0.230720+0.008740 
[920]	train-rmse:0.228577+0.002086	test-rmse:0.230675+0.008733 
[921]	train-rmse:0.228578+0.002086	test-rmse:0.230675+0.008733 
[922]	train-rmse:0.228579+0.002086	test-rmse:0.230676+0.008733 
[923]	train-rmse:0.228579+0.002086	test-rmse:0.230677+0.008733 
[924]	train-rmse:0.228519+0.002067	test-rmse:0.230658+0.008742 
[925]	train-rmse:0.228441+0.001983	test-rmse:0.230618+0.008675 
[926]	train-rmse:0.228441+0.001983	test-rmse:0.230619+0.008675 
[927]	train-rmse:0.228442+0.001983	test-rmse:0.230619+0.008675 
[928]	train-rmse:0.228442+0.001983	test-rmse:0.230620+0.008675 
[929]	train-rmse:0.228443+0.001983	test-rmse:0.230620+0.008675 
[930]	train-rmse:0.228444+0.001983	test-rmse:0.230621+0.008675 
[931]	train-rmse:0.228444+0.001983	test-rmse:0.230622+0.008675 
[932]	train-rmse:0.228445+0.001983	test-rmse:0.230622+0.008675 
[933]	train-rmse:0.228445+0.001983	test-rmse:0.230623+0.008675 
[934]	train-rmse:0.228394+0.001982	test-rmse:0.230576+0.008669 
[935]	train-rmse:0.228395+0.001982	test-rmse:0.230577+0.008669 
[936]	train-rmse:0.228396+0.001982	test-rmse:0.230578+0.008669 
[937]	train-rmse:0.228396+0.001982	test-rmse:0.230578+0.008669 
[938]	train-rmse:0.228397+0.001982	test-rmse:0.230579+0.008669 
[939]	train-rmse:0.228397+0.001982	test-rmse:0.230579+0.008669 
[940]	train-rmse:0.228398+0.001982	test-rmse:0.230580+0.008669 
[941]	train-rmse:0.228399+0.001982	test-rmse:0.230580+0.008669 
[942]	train-rmse:0.228399+0.001982	test-rmse:0.230581+0.008669 
[943]	train-rmse:0.228400+0.001982	test-rmse:0.230581+0.008669 
[944]	train-rmse:0.228322+0.002037	test-rmse:0.230548+0.008711 
[945]	train-rmse:0.228322+0.002037	test-rmse:0.230548+0.008711 
[946]	train-rmse:0.228323+0.002037	test-rmse:0.230549+0.008711 
[947]	train-rmse:0.228271+0.002020	test-rmse:0.230497+0.008735 
[948]	train-rmse:0.228272+0.002020	test-rmse:0.230498+0.008735 
[949]	train-rmse:0.228273+0.002020	test-rmse:0.230498+0.008735 
[950]	train-rmse:0.228237+0.002003	test-rmse:0.230471+0.008775 
[951]	train-rmse:0.228238+0.002003	test-rmse:0.230472+0.008774 
[952]	train-rmse:0.228193+0.002088	test-rmse:0.230456+0.008772 
[953]	train-rmse:0.228194+0.002088	test-rmse:0.230456+0.008772 
[954]	train-rmse:0.228097+0.002151	test-rmse:0.230345+0.008786 
[955]	train-rmse:0.228097+0.002151	test-rmse:0.230345+0.008786 
[956]	train-rmse:0.228098+0.002151	test-rmse:0.230346+0.008786 
[957]	train-rmse:0.228011+0.002218	test-rmse:0.230261+0.008775 
[958]	train-rmse:0.228012+0.002218	test-rmse:0.230262+0.008775 
[959]	train-rmse:0.228013+0.002218	test-rmse:0.230262+0.008775 
[960]	train-rmse:0.228013+0.002218	test-rmse:0.230263+0.008775 
[961]	train-rmse:0.228014+0.002218	test-rmse:0.230263+0.008775 
[962]	train-rmse:0.227952+0.002153	test-rmse:0.230213+0.008691 
[963]	train-rmse:0.227953+0.002153	test-rmse:0.230214+0.008691 
[964]	train-rmse:0.227893+0.002152	test-rmse:0.230164+0.008686 
[965]	train-rmse:0.227810+0.002202	test-rmse:0.230064+0.008735 
[966]	train-rmse:0.227669+0.002220	test-rmse:0.229922+0.008826 
[967]	train-rmse:0.227670+0.002220	test-rmse:0.229923+0.008826 
[968]	train-rmse:0.227611+0.002157	test-rmse:0.229875+0.008746 
[969]	train-rmse:0.227612+0.002157	test-rmse:0.229875+0.008746 
[970]	train-rmse:0.227562+0.002144	test-rmse:0.229826+0.008769 
[971]	train-rmse:0.227492+0.002072	test-rmse:0.229746+0.008635 
[972]	train-rmse:0.227493+0.002072	test-rmse:0.229746+0.008635 
[973]	train-rmse:0.227493+0.002072	test-rmse:0.229747+0.008635 
[974]	train-rmse:0.227494+0.002072	test-rmse:0.229747+0.008635 
[975]	train-rmse:0.227495+0.002072	test-rmse:0.229748+0.008635 
[976]	train-rmse:0.227423+0.002007	test-rmse:0.229710+0.008571 
[977]	train-rmse:0.227384+0.001997	test-rmse:0.229676+0.008588 
[978]	train-rmse:0.227385+0.001997	test-rmse:0.229677+0.008587 
[979]	train-rmse:0.227385+0.001997	test-rmse:0.229677+0.008587 
[980]	train-rmse:0.227386+0.001997	test-rmse:0.229678+0.008587 
[981]	train-rmse:0.227386+0.001997	test-rmse:0.229678+0.008587 
[982]	train-rmse:0.227387+0.001996	test-rmse:0.229679+0.008587 
[983]	train-rmse:0.227388+0.001996	test-rmse:0.229679+0.008587 
[984]	train-rmse:0.227388+0.001996	test-rmse:0.229680+0.008587 
[985]	train-rmse:0.227389+0.001996	test-rmse:0.229680+0.008587 
[986]	train-rmse:0.227351+0.001989	test-rmse:0.229648+0.008603 
[987]	train-rmse:0.227352+0.001989	test-rmse:0.229648+0.008603 
[988]	train-rmse:0.227322+0.002047	test-rmse:0.229607+0.008598 
[989]	train-rmse:0.227323+0.002047	test-rmse:0.229608+0.008598 
[990]	train-rmse:0.227323+0.002047	test-rmse:0.229608+0.008598 
[991]	train-rmse:0.227324+0.002047	test-rmse:0.229609+0.008598 
[992]	train-rmse:0.227325+0.002047	test-rmse:0.229609+0.008598 
[993]	train-rmse:0.227284+0.002126	test-rmse:0.229545+0.008591 
[994]	train-rmse:0.227236+0.002120	test-rmse:0.229496+0.008616 
[995]	train-rmse:0.227236+0.002120	test-rmse:0.229497+0.008616 
[996]	train-rmse:0.227182+0.002085	test-rmse:0.229474+0.008648 
[997]	train-rmse:0.227182+0.002085	test-rmse:0.229475+0.008648 
[998]	train-rmse:0.227183+0.002085	test-rmse:0.229475+0.008648 
[999]	train-rmse:0.227183+0.002085	test-rmse:0.229476+0.008648 
[1000]	train-rmse:0.227115+0.002025	test-rmse:0.229443+0.008593 
[1001]	train-rmse:0.227115+0.002025	test-rmse:0.229444+0.008593 
[1002]	train-rmse:0.227116+0.002025	test-rmse:0.229445+0.008593 
[1003]	train-rmse:0.227117+0.002025	test-rmse:0.229445+0.008593 
[1004]	train-rmse:0.227064+0.001984	test-rmse:0.229402+0.008522 
[1005]	train-rmse:0.227065+0.001984	test-rmse:0.229403+0.008522 
[1006]	train-rmse:0.226961+0.002004	test-rmse:0.229342+0.008424 
[1007]	train-rmse:0.226961+0.002004	test-rmse:0.229343+0.008424 
[1008]	train-rmse:0.226846+0.001957	test-rmse:0.229273+0.008378 
[1009]	train-rmse:0.226847+0.001957	test-rmse:0.229273+0.008378 
[1010]	train-rmse:0.226757+0.001900	test-rmse:0.229206+0.008442 
[1011]	train-rmse:0.226758+0.001900	test-rmse:0.229206+0.008442 
[1012]	train-rmse:0.226726+0.001963	test-rmse:0.229206+0.008442 
[1013]	train-rmse:0.226727+0.001963	test-rmse:0.229206+0.008442 
[1014]	train-rmse:0.226727+0.001963	test-rmse:0.229207+0.008442 
[1015]	train-rmse:0.226728+0.001963	test-rmse:0.229208+0.008442 
[1016]	train-rmse:0.226667+0.001932	test-rmse:0.229179+0.008396 
[1017]	train-rmse:0.226618+0.001922	test-rmse:0.229168+0.008402 
[1018]	train-rmse:0.226570+0.001898	test-rmse:0.229123+0.008393 
[1019]	train-rmse:0.226570+0.001898	test-rmse:0.229124+0.008393 
[1020]	train-rmse:0.226571+0.001898	test-rmse:0.229124+0.008393 
[1021]	train-rmse:0.226527+0.001863	test-rmse:0.229070+0.008472 
[1022]	train-rmse:0.226528+0.001863	test-rmse:0.229070+0.008472 
[1023]	train-rmse:0.226529+0.001863	test-rmse:0.229071+0.008472 
[1024]	train-rmse:0.226529+0.001863	test-rmse:0.229072+0.008471 
[1025]	train-rmse:0.226486+0.001949	test-rmse:0.229019+0.008465 
[1026]	train-rmse:0.226487+0.001949	test-rmse:0.229019+0.008465 
[1027]	train-rmse:0.226487+0.001949	test-rmse:0.229020+0.008464 
[1028]	train-rmse:0.226442+0.001941	test-rmse:0.228956+0.008497 
[1029]	train-rmse:0.226403+0.002018	test-rmse:0.228899+0.008490 
[1030]	train-rmse:0.226404+0.002018	test-rmse:0.228900+0.008490 
[1031]	train-rmse:0.226364+0.002000	test-rmse:0.228858+0.008481 
[1032]	train-rmse:0.226364+0.002000	test-rmse:0.228858+0.008481 
[1033]	train-rmse:0.226365+0.002000	test-rmse:0.228859+0.008481 
[1034]	train-rmse:0.226365+0.002000	test-rmse:0.228859+0.008481 
[1035]	train-rmse:0.226366+0.002000	test-rmse:0.228860+0.008481 
[1036]	train-rmse:0.226367+0.002000	test-rmse:0.228860+0.008481 
[1037]	train-rmse:0.226367+0.002000	test-rmse:0.228861+0.008481 
[1038]	train-rmse:0.226368+0.002000	test-rmse:0.228861+0.008481 
[1039]	train-rmse:0.226368+0.002000	test-rmse:0.228862+0.008481 
[1040]	train-rmse:0.226369+0.002000	test-rmse:0.228862+0.008481 
[1041]	train-rmse:0.226369+0.002000	test-rmse:0.228863+0.008481 
[1042]	train-rmse:0.226370+0.002000	test-rmse:0.228863+0.008481 
[1043]	train-rmse:0.226371+0.002000	test-rmse:0.228864+0.008481 
[1044]	train-rmse:0.226371+0.002000	test-rmse:0.228864+0.008481 
> hgrid <-
+   dplyr::bind_cols(xgboost_params[index, ], dart.cv$evaluation_log[dart.cv$best_iteration, ], best_iter = dart.cv$best_iteration)
> 
> # write result
> fname <- file.path('data-raw', 'tune', year, 'array', paste0('tune_', index, '.tsv'))
> readr::write_tsv(hgrid, file = fname)
> 
