> 
> # parse arguments
> args <- R.utils::commandArgs(trailingOnly = FALSE, asValues = TRUE)
> index <- as.integer(args$index)
> year <- as.character(args$year)
> nreps <- as.integer(args$nreps)
> seed <- as.integer(args$seed)
> 
> # get number of cores
> wkrs <- length(future::availableWorkers())
> 
> # set seed
> set.seed(seed)
> 
> # read and prepare the cluster features
> fp <- file.path('data-raw', 'features', year)
> clf <-
+   read_features(fp, pattern = 'paris.', recursive = FALSE)
> clf <- prepare_features(
+   clf,
+   feature_map = feature_map,
+   category = c('response', 'bio', 'net'),
+   type = 'list',
+   exclusions = c(
+     'mg2_pairs_count',
+     'mg2_not_pairs_count',
+     'mg2_portion_families_recovered',
+     'cluster_origin',
+     'bocc_origin',
+     'cluster_method',
+     'subcluster_method',
+     'year',
+     'IDs',
+     'go_sig_threshold',
+     'num_new_edges_on_any_node',
+     'HPO_ratio'
+   ),
+   verbose = TRUE
+ )
c('HPO_ratio', 'IDs', 'bocc_origin', 'cluster_method', 'cluster_origin', 'go_sig_threshold', 'max_norm_cell_type_comma_sep_string', 'max_norm_disease_comma_sep_string', 'mg2_not_pairs_count', 'mg2_pairs_count', 'mg2_portion_families_recovered', 'num_new_edges_on_any_node', 'sig_go_enrichment_fdr_corrected_p_vals', 'sig_go_enrichment_p_vals', 'sig_go_enrichment_terms', 'subcluster_method', 'year')

> 
> # prepare grid of parameters
> xgboost_params <- dials::parameters(
+   nrounds = dials::trees(),
+   eta = dials::learn_rate(),
+   gamma = dials::loss_reduction(),
+   dials::tree_depth(),
+   subsample = dials::sample_prop(),
+   rate_drop = dials::dropout(),
+   skip_drop = dials::dropout()
+ )
> xgboost_params <-
+   dials::grid_max_entropy(xgboost_params, size = nreps)
> 
> # tune the dart booster
> dart.param <-
+   list(
+     booster = "dart",
+     objective = "reg:logistic",
+     eval_metric = "rmse",
+     nthread = wkrs,
+     max_depth = xgboost_params$tree_depth[index],
+     eta = xgboost_params$eta[index],
+     gamma = xgboost_params$gamma[index],
+     subsample = xgboost_params$subsample[index],
+     rate_drop = xgboost_params$rate_drop[index],
+     skip_drop = xgboost_params$skip_drop[index]
+   )
> dart.cv <- xgboost::xgb.cv(
+   params = dart.param,
+   nrounds = xgboost_params$nrounds[index],
+   data = as.matrix(clf[, -1]),
+   nfold = 5,
+   label = clf$snowballing_pvalue,
+   early_stopping_rounds = 50
+ )
[1]	train-rmse:0.381195+0.001025	test-rmse:0.381213+0.004242 
Multiple eval metrics are present. Will use test_rmse for early stopping.
Will train until test_rmse hasn't improved in 50 rounds.

[2]	train-rmse:0.379694+0.000998	test-rmse:0.379722+0.004249 
[3]	train-rmse:0.378214+0.000994	test-rmse:0.378258+0.004244 
[4]	train-rmse:0.377266+0.000776	test-rmse:0.377311+0.004564 
[5]	train-rmse:0.376190+0.001133	test-rmse:0.376238+0.004518 
[6]	train-rmse:0.375543+0.001307	test-rmse:0.375592+0.004641 
[7]	train-rmse:0.374831+0.001066	test-rmse:0.374886+0.004641 
[8]	train-rmse:0.373901+0.000684	test-rmse:0.373969+0.004822 
[9]	train-rmse:0.373336+0.001004	test-rmse:0.373402+0.004474 
[10]	train-rmse:0.372563+0.001105	test-rmse:0.372620+0.004857 
[11]	train-rmse:0.372250+0.001145	test-rmse:0.372310+0.004770 
[12]	train-rmse:0.371732+0.001359	test-rmse:0.371793+0.005045 
[13]	train-rmse:0.371248+0.001703	test-rmse:0.371311+0.005379 
[14]	train-rmse:0.370971+0.001707	test-rmse:0.371039+0.005417 
[15]	train-rmse:0.370513+0.001883	test-rmse:0.370585+0.005043 
[16]	train-rmse:0.370078+0.001830	test-rmse:0.370149+0.005131 
[17]	train-rmse:0.369915+0.001825	test-rmse:0.369987+0.005113 
[18]	train-rmse:0.369774+0.001826	test-rmse:0.369847+0.005123 
[19]	train-rmse:0.369600+0.001845	test-rmse:0.369676+0.005135 
[20]	train-rmse:0.369449+0.001841	test-rmse:0.369525+0.005122 
[21]	train-rmse:0.369288+0.001820	test-rmse:0.369367+0.005115 
[22]	train-rmse:0.369096+0.001826	test-rmse:0.369176+0.005137 
[23]	train-rmse:0.368712+0.001687	test-rmse:0.368797+0.005072 
[24]	train-rmse:0.368589+0.001678	test-rmse:0.368677+0.005072 
[25]	train-rmse:0.368202+0.001780	test-rmse:0.368288+0.005188 
[26]	train-rmse:0.368081+0.001794	test-rmse:0.368166+0.005183 
[27]	train-rmse:0.367956+0.001801	test-rmse:0.368045+0.005180 
[28]	train-rmse:0.367577+0.002069	test-rmse:0.367672+0.005531 
[29]	train-rmse:0.367457+0.002079	test-rmse:0.367553+0.005539 
[30]	train-rmse:0.367111+0.002416	test-rmse:0.367223+0.005886 
[31]	train-rmse:0.366770+0.002819	test-rmse:0.366876+0.006289 
[32]	train-rmse:0.365894+0.002796	test-rmse:0.366008+0.006590 
[33]	train-rmse:0.365546+0.002507	test-rmse:0.365681+0.006591 
[34]	train-rmse:0.365470+0.002509	test-rmse:0.365606+0.006592 
[35]	train-rmse:0.364893+0.002942	test-rmse:0.365021+0.007021 
[36]	train-rmse:0.364540+0.002827	test-rmse:0.364683+0.006945 
[37]	train-rmse:0.364465+0.002820	test-rmse:0.364609+0.006936 
[38]	train-rmse:0.363821+0.002594	test-rmse:0.363993+0.007064 
[39]	train-rmse:0.363497+0.003034	test-rmse:0.363669+0.007417 
[40]	train-rmse:0.362927+0.003307	test-rmse:0.363122+0.007791 
[41]	train-rmse:0.362860+0.003306	test-rmse:0.363056+0.007789 
[42]	train-rmse:0.362781+0.003301	test-rmse:0.362978+0.007781 
[43]	train-rmse:0.362717+0.003304	test-rmse:0.362913+0.007783 
[44]	train-rmse:0.362382+0.003205	test-rmse:0.362602+0.007824 
[45]	train-rmse:0.361797+0.003073	test-rmse:0.362017+0.007822 
[46]	train-rmse:0.361468+0.003165	test-rmse:0.361670+0.007939 
[47]	train-rmse:0.361147+0.003093	test-rmse:0.361372+0.007994 
[48]	train-rmse:0.360582+0.003477	test-rmse:0.360821+0.008381 
[49]	train-rmse:0.360525+0.003480	test-rmse:0.360765+0.008384 
[50]	train-rmse:0.360216+0.003575	test-rmse:0.360451+0.008495 
[51]	train-rmse:0.359904+0.003628	test-rmse:0.360160+0.008586 
[52]	train-rmse:0.359853+0.003625	test-rmse:0.360110+0.008583 
[53]	train-rmse:0.359795+0.003624	test-rmse:0.360052+0.008580 
[54]	train-rmse:0.359737+0.003626	test-rmse:0.359995+0.008583 
[55]	train-rmse:0.359400+0.003255	test-rmse:0.359661+0.008111 
[56]	train-rmse:0.359352+0.003251	test-rmse:0.359615+0.008107 
[57]	train-rmse:0.359070+0.003372	test-rmse:0.359331+0.008223 
[58]	train-rmse:0.359023+0.003368	test-rmse:0.359284+0.008219 
[59]	train-rmse:0.358722+0.003734	test-rmse:0.358971+0.008546 
[60]	train-rmse:0.358681+0.003736	test-rmse:0.358928+0.008547 
[61]	train-rmse:0.358634+0.003733	test-rmse:0.358881+0.008545 
[62]	train-rmse:0.358333+0.003899	test-rmse:0.358570+0.008696 
[63]	train-rmse:0.358043+0.004252	test-rmse:0.358285+0.009001 
[64]	train-rmse:0.357998+0.004247	test-rmse:0.358240+0.008994 
[65]	train-rmse:0.357424+0.004665	test-rmse:0.357693+0.009408 
[66]	train-rmse:0.357380+0.004666	test-rmse:0.357650+0.009408 
[67]	train-rmse:0.357081+0.004807	test-rmse:0.357332+0.009558 
[68]	train-rmse:0.357039+0.004810	test-rmse:0.357290+0.009562 
[69]	train-rmse:0.356992+0.004809	test-rmse:0.357244+0.009561 
[70]	train-rmse:0.356184+0.004283	test-rmse:0.356458+0.009107 
[71]	train-rmse:0.356141+0.004282	test-rmse:0.356415+0.009106 
[72]	train-rmse:0.355842+0.003979	test-rmse:0.356121+0.008686 
[73]	train-rmse:0.355804+0.003982	test-rmse:0.356085+0.008689 
[74]	train-rmse:0.355260+0.004204	test-rmse:0.355544+0.008930 
[75]	train-rmse:0.354967+0.003905	test-rmse:0.355257+0.008778 
[76]	train-rmse:0.354932+0.003905	test-rmse:0.355223+0.008777 
[77]	train-rmse:0.354892+0.003902	test-rmse:0.355184+0.008775 
[78]	train-rmse:0.354599+0.003656	test-rmse:0.354877+0.008645 
[79]	train-rmse:0.354295+0.003857	test-rmse:0.354571+0.008816 
[80]	train-rmse:0.353764+0.003981	test-rmse:0.354044+0.009007 
[81]	train-rmse:0.353733+0.003980	test-rmse:0.354013+0.009006 
[82]	train-rmse:0.353451+0.004025	test-rmse:0.353744+0.009078 
[83]	train-rmse:0.353421+0.004024	test-rmse:0.353713+0.009077 
[84]	train-rmse:0.353390+0.004023	test-rmse:0.353683+0.009076 
[85]	train-rmse:0.353105+0.003645	test-rmse:0.353401+0.008641 
[86]	train-rmse:0.353075+0.003645	test-rmse:0.353372+0.008641 
[87]	train-rmse:0.352530+0.003492	test-rmse:0.352823+0.008371 
[88]	train-rmse:0.352259+0.003270	test-rmse:0.352554+0.008265 
[89]	train-rmse:0.352229+0.003269	test-rmse:0.352524+0.008264 
[90]	train-rmse:0.352202+0.003269	test-rmse:0.352498+0.008264 
[91]	train-rmse:0.352170+0.003269	test-rmse:0.352466+0.008265 
[92]	train-rmse:0.351882+0.002924	test-rmse:0.352174+0.007811 
[93]	train-rmse:0.351854+0.002922	test-rmse:0.352146+0.007810 
[94]	train-rmse:0.351825+0.002922	test-rmse:0.352117+0.007810 
[95]	train-rmse:0.351308+0.003271	test-rmse:0.351614+0.008170 
[96]	train-rmse:0.351277+0.003270	test-rmse:0.351584+0.008171 
[97]	train-rmse:0.351249+0.003269	test-rmse:0.351555+0.008170 
[98]	train-rmse:0.351223+0.003267	test-rmse:0.351530+0.008168 
[99]	train-rmse:0.351195+0.003267	test-rmse:0.351503+0.008169 
[100]	train-rmse:0.351170+0.003268	test-rmse:0.351478+0.008171 
[101]	train-rmse:0.351143+0.003269	test-rmse:0.351452+0.008171 
[102]	train-rmse:0.351118+0.003268	test-rmse:0.351427+0.008170 
[103]	train-rmse:0.350846+0.003361	test-rmse:0.351178+0.008254 
[104]	train-rmse:0.350819+0.003359	test-rmse:0.351151+0.008252 
[105]	train-rmse:0.350793+0.003357	test-rmse:0.351126+0.008250 
[106]	train-rmse:0.350516+0.003523	test-rmse:0.350865+0.008365 
[107]	train-rmse:0.350248+0.003667	test-rmse:0.350587+0.008515 
[108]	train-rmse:0.349957+0.003396	test-rmse:0.350305+0.008387 
[109]	train-rmse:0.349686+0.003046	test-rmse:0.350032+0.007959 
[110]	train-rmse:0.349663+0.003046	test-rmse:0.350009+0.007959 
[111]	train-rmse:0.349640+0.003047	test-rmse:0.349986+0.007959 
[112]	train-rmse:0.349614+0.003045	test-rmse:0.349961+0.007958 
[113]	train-rmse:0.349590+0.003043	test-rmse:0.349937+0.007956 
[114]	train-rmse:0.349566+0.003044	test-rmse:0.349914+0.007956 
[115]	train-rmse:0.349545+0.003043	test-rmse:0.349892+0.007955 
[116]	train-rmse:0.349270+0.003252	test-rmse:0.349613+0.008131 
[117]	train-rmse:0.349001+0.002950	test-rmse:0.349336+0.007704 
[118]	train-rmse:0.348979+0.002949	test-rmse:0.349315+0.007703 
[119]	train-rmse:0.348957+0.002950	test-rmse:0.349294+0.007704 
[120]	train-rmse:0.348936+0.002949	test-rmse:0.349273+0.007703 
[121]	train-rmse:0.348915+0.002949	test-rmse:0.349252+0.007703 
[122]	train-rmse:0.348894+0.002948	test-rmse:0.349231+0.007702 
[123]	train-rmse:0.348632+0.003200	test-rmse:0.348978+0.007959 
[124]	train-rmse:0.348164+0.003180	test-rmse:0.348495+0.007773 
[125]	train-rmse:0.347869+0.002823	test-rmse:0.348211+0.007617 
[126]	train-rmse:0.347847+0.002823	test-rmse:0.348189+0.007618 
[127]	train-rmse:0.347578+0.002912	test-rmse:0.347941+0.007696 
[128]	train-rmse:0.347558+0.002910	test-rmse:0.347922+0.007694 
[129]	train-rmse:0.347324+0.003051	test-rmse:0.347708+0.007781 
[130]	train-rmse:0.347304+0.003052	test-rmse:0.347688+0.007782 
[131]	train-rmse:0.347283+0.003052	test-rmse:0.347668+0.007782 
[132]	train-rmse:0.347261+0.003050	test-rmse:0.347646+0.007780 
[133]	train-rmse:0.347241+0.003047	test-rmse:0.347626+0.007777 
[134]	train-rmse:0.346980+0.003273	test-rmse:0.347376+0.008023 
[135]	train-rmse:0.346961+0.003271	test-rmse:0.347358+0.008022 
[136]	train-rmse:0.346460+0.003633	test-rmse:0.346869+0.008304 
[137]	train-rmse:0.346442+0.003632	test-rmse:0.346852+0.008303 
[138]	train-rmse:0.346188+0.003850	test-rmse:0.346590+0.008494 
[139]	train-rmse:0.345938+0.004033	test-rmse:0.346366+0.008602 
[140]	train-rmse:0.345921+0.004034	test-rmse:0.346349+0.008602 
[141]	train-rmse:0.345904+0.004034	test-rmse:0.346332+0.008602 
[142]	train-rmse:0.345886+0.004034	test-rmse:0.346315+0.008602 
[143]	train-rmse:0.345610+0.003748	test-rmse:0.346044+0.008185 
[144]	train-rmse:0.345354+0.003431	test-rmse:0.345810+0.008042 
[145]	train-rmse:0.345076+0.003617	test-rmse:0.345532+0.008299 
[146]	train-rmse:0.345059+0.003617	test-rmse:0.345515+0.008299 
[147]	train-rmse:0.345042+0.003616	test-rmse:0.345499+0.008299 
[148]	train-rmse:0.345024+0.003615	test-rmse:0.345481+0.008298 
[149]	train-rmse:0.345006+0.003616	test-rmse:0.345464+0.008299 
[150]	train-rmse:0.344988+0.003616	test-rmse:0.345446+0.008299 
[151]	train-rmse:0.344499+0.004017	test-rmse:0.344967+0.008603 
[152]	train-rmse:0.344236+0.004256	test-rmse:0.344727+0.008736 
[153]	train-rmse:0.343969+0.003982	test-rmse:0.344458+0.008323 
[154]	train-rmse:0.343455+0.003975	test-rmse:0.343953+0.008151 
[155]	train-rmse:0.343439+0.003975	test-rmse:0.343937+0.008151 
[156]	train-rmse:0.343423+0.003974	test-rmse:0.343922+0.008151 
[157]	train-rmse:0.343408+0.003975	test-rmse:0.343906+0.008151 
[158]	train-rmse:0.343392+0.003975	test-rmse:0.343890+0.008152 
[159]	train-rmse:0.342908+0.004316	test-rmse:0.343416+0.008507 
[160]	train-rmse:0.342659+0.004135	test-rmse:0.343156+0.008133 
[161]	train-rmse:0.342643+0.004135	test-rmse:0.343141+0.008133 
[162]	train-rmse:0.342628+0.004135	test-rmse:0.343125+0.008133 
[163]	train-rmse:0.342614+0.004135	test-rmse:0.343111+0.008132 
[164]	train-rmse:0.342361+0.004279	test-rmse:0.342861+0.008364 
[165]	train-rmse:0.342347+0.004278	test-rmse:0.342847+0.008364 
[166]	train-rmse:0.342332+0.004277	test-rmse:0.342832+0.008363 
[167]	train-rmse:0.342091+0.004457	test-rmse:0.342592+0.008603 
[168]	train-rmse:0.342074+0.004455	test-rmse:0.342576+0.008601 
[169]	train-rmse:0.342059+0.004454	test-rmse:0.342561+0.008601 
[170]	train-rmse:0.341786+0.004048	test-rmse:0.342296+0.008386 
[171]	train-rmse:0.341770+0.004048	test-rmse:0.342281+0.008385 
[172]	train-rmse:0.341756+0.004048	test-rmse:0.342266+0.008386 
[173]	train-rmse:0.341274+0.004481	test-rmse:0.341808+0.008768 
[174]	train-rmse:0.341261+0.004481	test-rmse:0.341795+0.008768 
[175]	train-rmse:0.341248+0.004480	test-rmse:0.341782+0.008767 
[176]	train-rmse:0.340970+0.004104	test-rmse:0.341516+0.008569 
[177]	train-rmse:0.340488+0.004035	test-rmse:0.341062+0.008533 
[178]	train-rmse:0.340250+0.004303	test-rmse:0.340842+0.008673 
[179]	train-rmse:0.339985+0.004029	test-rmse:0.340576+0.008520 
[180]	train-rmse:0.339972+0.004028	test-rmse:0.340563+0.008519 
[181]	train-rmse:0.339959+0.004028	test-rmse:0.340549+0.008519 
[182]	train-rmse:0.339945+0.004028	test-rmse:0.340536+0.008518 
[183]	train-rmse:0.339931+0.004027	test-rmse:0.340522+0.008518 
[184]	train-rmse:0.339673+0.003805	test-rmse:0.340268+0.008399 
[185]	train-rmse:0.339176+0.003944	test-rmse:0.339797+0.008452 
[186]	train-rmse:0.339163+0.003943	test-rmse:0.339784+0.008452 
[187]	train-rmse:0.338672+0.003934	test-rmse:0.339327+0.008193 
[188]	train-rmse:0.338659+0.003934	test-rmse:0.339314+0.008193 
[189]	train-rmse:0.338646+0.003933	test-rmse:0.339301+0.008191 
[190]	train-rmse:0.338633+0.003933	test-rmse:0.339289+0.008191 
[191]	train-rmse:0.338132+0.003773	test-rmse:0.338787+0.008209 
[192]	train-rmse:0.337916+0.003810	test-rmse:0.338569+0.008314 
[193]	train-rmse:0.337902+0.003810	test-rmse:0.338556+0.008313 
[194]	train-rmse:0.337890+0.003809	test-rmse:0.338544+0.008312 
[195]	train-rmse:0.337638+0.004173	test-rmse:0.338309+0.008489 
[196]	train-rmse:0.337626+0.004172	test-rmse:0.338297+0.008489 
[197]	train-rmse:0.337169+0.004219	test-rmse:0.337859+0.008258 
[198]	train-rmse:0.336924+0.003942	test-rmse:0.337612+0.007846 
[199]	train-rmse:0.336911+0.003943	test-rmse:0.337599+0.007847 
[200]	train-rmse:0.336899+0.003943	test-rmse:0.337588+0.007847 
[201]	train-rmse:0.336654+0.003783	test-rmse:0.337347+0.007751 
[202]	train-rmse:0.336417+0.003678	test-rmse:0.337117+0.007681 
[203]	train-rmse:0.336178+0.004087	test-rmse:0.336895+0.007883 
[204]	train-rmse:0.336167+0.004087	test-rmse:0.336883+0.007882 
[205]	train-rmse:0.336155+0.004086	test-rmse:0.336871+0.007881 
[206]	train-rmse:0.335921+0.004082	test-rmse:0.336633+0.007983 
[207]	train-rmse:0.335908+0.004081	test-rmse:0.336621+0.007983 
[208]	train-rmse:0.335897+0.004081	test-rmse:0.336610+0.007982 
[209]	train-rmse:0.335411+0.003768	test-rmse:0.336129+0.007714 
[210]	train-rmse:0.335400+0.003769	test-rmse:0.336118+0.007714 
[211]	train-rmse:0.334700+0.003940	test-rmse:0.335446+0.007653 
[212]	train-rmse:0.334688+0.003941	test-rmse:0.335435+0.007653 
[213]	train-rmse:0.334677+0.003941	test-rmse:0.335424+0.007653 
[214]	train-rmse:0.334666+0.003941	test-rmse:0.335413+0.007653 
[215]	train-rmse:0.334656+0.003940	test-rmse:0.335403+0.007652 
[216]	train-rmse:0.334409+0.004006	test-rmse:0.335161+0.007854 
[217]	train-rmse:0.334194+0.004105	test-rmse:0.334951+0.008046 
[218]	train-rmse:0.333958+0.004258	test-rmse:0.334719+0.008277 
[219]	train-rmse:0.333715+0.004202	test-rmse:0.334460+0.008357 
[220]	train-rmse:0.333704+0.004202	test-rmse:0.334449+0.008356 
[221]	train-rmse:0.333694+0.004202	test-rmse:0.334439+0.008356 
[222]	train-rmse:0.333683+0.004202	test-rmse:0.334429+0.008356 
[223]	train-rmse:0.333200+0.004377	test-rmse:0.333959+0.008425 
[224]	train-rmse:0.333189+0.004376	test-rmse:0.333948+0.008424 
[225]	train-rmse:0.332947+0.004752	test-rmse:0.333736+0.008606 
[226]	train-rmse:0.332714+0.004616	test-rmse:0.333510+0.008518 
[227]	train-rmse:0.332471+0.005008	test-rmse:0.333290+0.008719 
[228]	train-rmse:0.332020+0.004843	test-rmse:0.332832+0.008714 
[229]	train-rmse:0.332010+0.004842	test-rmse:0.332823+0.008713 
[230]	train-rmse:0.331788+0.004924	test-rmse:0.332592+0.008902 
[231]	train-rmse:0.331541+0.004841	test-rmse:0.332351+0.008840 
[232]	train-rmse:0.331532+0.004840	test-rmse:0.332342+0.008840 
[233]	train-rmse:0.331060+0.004902	test-rmse:0.331886+0.008627 
[234]	train-rmse:0.331051+0.004903	test-rmse:0.331876+0.008628 
[235]	train-rmse:0.331041+0.004903	test-rmse:0.331867+0.008627 
[236]	train-rmse:0.331031+0.004903	test-rmse:0.331857+0.008626 
[237]	train-rmse:0.330807+0.005274	test-rmse:0.331651+0.008825 
[238]	train-rmse:0.330580+0.005659	test-rmse:0.331446+0.009035 
[239]	train-rmse:0.330570+0.005658	test-rmse:0.331436+0.009033 
[240]	train-rmse:0.330561+0.005657	test-rmse:0.331427+0.009033 
[241]	train-rmse:0.330344+0.005715	test-rmse:0.331207+0.009202 
[242]	train-rmse:0.330335+0.005714	test-rmse:0.331198+0.009202 
[243]	train-rmse:0.330100+0.005811	test-rmse:0.330964+0.009402 
[244]	train-rmse:0.330091+0.005811	test-rmse:0.330956+0.009401 
[245]	train-rmse:0.330081+0.005811	test-rmse:0.330946+0.009401 
[246]	train-rmse:0.330072+0.005810	test-rmse:0.330937+0.009401 
[247]	train-rmse:0.329634+0.005443	test-rmse:0.330485+0.009041 
[248]	train-rmse:0.329625+0.005443	test-rmse:0.330477+0.009040 
[249]	train-rmse:0.329616+0.005442	test-rmse:0.330468+0.009040 
[250]	train-rmse:0.329608+0.005442	test-rmse:0.330459+0.009040 
[251]	train-rmse:0.329599+0.005442	test-rmse:0.330450+0.009040 
[252]	train-rmse:0.329172+0.005902	test-rmse:0.330030+0.009439 
[253]	train-rmse:0.329163+0.005902	test-rmse:0.330021+0.009438 
[254]	train-rmse:0.329154+0.005901	test-rmse:0.330012+0.009437 
[255]	train-rmse:0.328714+0.006143	test-rmse:0.329617+0.009554 
[256]	train-rmse:0.328705+0.006142	test-rmse:0.329608+0.009554 
[257]	train-rmse:0.328697+0.006141	test-rmse:0.329600+0.009553 
[258]	train-rmse:0.328688+0.006141	test-rmse:0.329591+0.009552 
[259]	train-rmse:0.328452+0.006533	test-rmse:0.329371+0.009784 
[260]	train-rmse:0.328443+0.006533	test-rmse:0.329362+0.009784 
[261]	train-rmse:0.328435+0.006533	test-rmse:0.329354+0.009784 
[262]	train-rmse:0.328427+0.006532	test-rmse:0.329346+0.009783 
[263]	train-rmse:0.328418+0.006532	test-rmse:0.329337+0.009783 
[264]	train-rmse:0.328409+0.006531	test-rmse:0.329329+0.009782 
[265]	train-rmse:0.328401+0.006532	test-rmse:0.329321+0.009781 
[266]	train-rmse:0.328392+0.006531	test-rmse:0.329312+0.009780 
[267]	train-rmse:0.328383+0.006530	test-rmse:0.329304+0.009780 
[268]	train-rmse:0.327946+0.006361	test-rmse:0.328867+0.009576 
[269]	train-rmse:0.327718+0.006135	test-rmse:0.328647+0.009229 
[270]	train-rmse:0.327265+0.006314	test-rmse:0.328224+0.009099 
[271]	train-rmse:0.327257+0.006314	test-rmse:0.328216+0.009098 
[272]	train-rmse:0.327248+0.006314	test-rmse:0.328208+0.009097 
[273]	train-rmse:0.327240+0.006313	test-rmse:0.328199+0.009096 
[274]	train-rmse:0.327231+0.006313	test-rmse:0.328190+0.009096 
[275]	train-rmse:0.327015+0.006192	test-rmse:0.327982+0.009000 
[276]	train-rmse:0.326573+0.005900	test-rmse:0.327549+0.008568 
[277]	train-rmse:0.326565+0.005900	test-rmse:0.327541+0.008568 
[278]	train-rmse:0.326121+0.005650	test-rmse:0.327122+0.008174 
[279]	train-rmse:0.325896+0.005502	test-rmse:0.326896+0.007825 
[280]	train-rmse:0.325888+0.005502	test-rmse:0.326888+0.007825 
[281]	train-rmse:0.325880+0.005501	test-rmse:0.326880+0.007824 
[282]	train-rmse:0.325872+0.005501	test-rmse:0.326872+0.007823 
[283]	train-rmse:0.325865+0.005500	test-rmse:0.326865+0.007823 
[284]	train-rmse:0.325857+0.005500	test-rmse:0.326857+0.007823 
[285]	train-rmse:0.325849+0.005500	test-rmse:0.326849+0.007823 
[286]	train-rmse:0.325628+0.005893	test-rmse:0.326642+0.008075 
[287]	train-rmse:0.325404+0.005688	test-rmse:0.326409+0.008039 
[288]	train-rmse:0.324977+0.005943	test-rmse:0.325993+0.007932 
[289]	train-rmse:0.324969+0.005943	test-rmse:0.325986+0.007932 
[290]	train-rmse:0.324760+0.005856	test-rmse:0.325765+0.007845 
[291]	train-rmse:0.324753+0.005855	test-rmse:0.325758+0.007844 
[292]	train-rmse:0.324317+0.005675	test-rmse:0.325323+0.007433 
[293]	train-rmse:0.324309+0.005675	test-rmse:0.325316+0.007432 
[294]	train-rmse:0.323891+0.006032	test-rmse:0.324920+0.007828 
[295]	train-rmse:0.323656+0.005933	test-rmse:0.324684+0.007482 
[296]	train-rmse:0.323440+0.005949	test-rmse:0.324470+0.007659 
[297]	train-rmse:0.323432+0.005948	test-rmse:0.324462+0.007658 
[298]	train-rmse:0.323425+0.005948	test-rmse:0.324455+0.007658 
[299]	train-rmse:0.323419+0.005948	test-rmse:0.324448+0.007657 
[300]	train-rmse:0.323412+0.005948	test-rmse:0.324441+0.007657 
[301]	train-rmse:0.323195+0.005879	test-rmse:0.324228+0.007586 
[302]	train-rmse:0.323188+0.005878	test-rmse:0.324221+0.007585 
[303]	train-rmse:0.323181+0.005878	test-rmse:0.324214+0.007585 
[304]	train-rmse:0.323174+0.005878	test-rmse:0.324208+0.007585 
[305]	train-rmse:0.322958+0.006256	test-rmse:0.324018+0.007828 
[306]	train-rmse:0.322951+0.006255	test-rmse:0.324011+0.007828 
[307]	train-rmse:0.322944+0.006255	test-rmse:0.324004+0.007828 
[308]	train-rmse:0.322937+0.006255	test-rmse:0.323997+0.007827 
[309]	train-rmse:0.322709+0.006209	test-rmse:0.323775+0.007774 
[310]	train-rmse:0.322473+0.005939	test-rmse:0.323531+0.007686 
[311]	train-rmse:0.322242+0.005699	test-rmse:0.323292+0.007629 
[312]	train-rmse:0.322235+0.005699	test-rmse:0.323285+0.007629 
[313]	train-rmse:0.322011+0.005583	test-rmse:0.323061+0.007281 
[314]	train-rmse:0.321783+0.005359	test-rmse:0.322823+0.007245 
[315]	train-rmse:0.321777+0.005359	test-rmse:0.322817+0.007245 
[316]	train-rmse:0.321572+0.005741	test-rmse:0.322637+0.007477 
[317]	train-rmse:0.321142+0.005944	test-rmse:0.322213+0.007707 
[318]	train-rmse:0.321136+0.005943	test-rmse:0.322207+0.007707 
[319]	train-rmse:0.321129+0.005943	test-rmse:0.322200+0.007706 
[320]	train-rmse:0.320899+0.005831	test-rmse:0.321977+0.007365 
[321]	train-rmse:0.320684+0.006242	test-rmse:0.321791+0.007623 
[322]	train-rmse:0.320677+0.006241	test-rmse:0.321785+0.007622 
[323]	train-rmse:0.320671+0.006241	test-rmse:0.321778+0.007622 
[324]	train-rmse:0.320664+0.006241	test-rmse:0.321772+0.007622 
[325]	train-rmse:0.320658+0.006240	test-rmse:0.321766+0.007621 
[326]	train-rmse:0.320215+0.006017	test-rmse:0.321312+0.007744 
[327]	train-rmse:0.319997+0.005919	test-rmse:0.321097+0.007422 
[328]	train-rmse:0.319592+0.005741	test-rmse:0.320689+0.007570 
[329]	train-rmse:0.319585+0.005741	test-rmse:0.320682+0.007570 
[330]	train-rmse:0.319363+0.005655	test-rmse:0.320467+0.007254 
[331]	train-rmse:0.319357+0.005655	test-rmse:0.320461+0.007253 
[332]	train-rmse:0.319142+0.006061	test-rmse:0.320281+0.007494 
[333]	train-rmse:0.319136+0.006061	test-rmse:0.320275+0.007493 
[334]	train-rmse:0.319130+0.006061	test-rmse:0.320269+0.007493 
[335]	train-rmse:0.319124+0.006061	test-rmse:0.320263+0.007493 
[336]	train-rmse:0.319118+0.006061	test-rmse:0.320257+0.007493 
[337]	train-rmse:0.319112+0.006061	test-rmse:0.320251+0.007493 
[338]	train-rmse:0.318906+0.006006	test-rmse:0.320040+0.007197 
[339]	train-rmse:0.318698+0.005864	test-rmse:0.319829+0.007211 
[340]	train-rmse:0.318692+0.005864	test-rmse:0.319823+0.007211 
[341]	train-rmse:0.318686+0.005863	test-rmse:0.319817+0.007210 
[342]	train-rmse:0.318469+0.005709	test-rmse:0.319605+0.007070 
[343]	train-rmse:0.318273+0.005592	test-rmse:0.319407+0.006958 
[344]	train-rmse:0.318059+0.005535	test-rmse:0.319193+0.007095 
[345]	train-rmse:0.317858+0.005475	test-rmse:0.318997+0.006806 
[346]	train-rmse:0.317852+0.005475	test-rmse:0.318991+0.006805 
[347]	train-rmse:0.317846+0.005475	test-rmse:0.318985+0.006805 
[348]	train-rmse:0.317840+0.005474	test-rmse:0.318979+0.006805 
[349]	train-rmse:0.317834+0.005474	test-rmse:0.318973+0.006805 
[350]	train-rmse:0.317828+0.005473	test-rmse:0.318968+0.006805 
[351]	train-rmse:0.317630+0.005441	test-rmse:0.318770+0.006949 
[352]	train-rmse:0.317624+0.005440	test-rmse:0.318764+0.006949 
[353]	train-rmse:0.317619+0.005440	test-rmse:0.318759+0.006949 
[354]	train-rmse:0.317613+0.005439	test-rmse:0.318753+0.006948 
[355]	train-rmse:0.317407+0.005276	test-rmse:0.318529+0.006959 
[356]	train-rmse:0.317402+0.005276	test-rmse:0.318524+0.006958 
[357]	train-rmse:0.317191+0.005140	test-rmse:0.318325+0.006844 
[358]	train-rmse:0.317185+0.005140	test-rmse:0.318319+0.006844 
[359]	train-rmse:0.316974+0.005034	test-rmse:0.318112+0.006746 
[360]	train-rmse:0.316968+0.005034	test-rmse:0.318107+0.006746 
[361]	train-rmse:0.316962+0.005034	test-rmse:0.318101+0.006746 
[362]	train-rmse:0.316552+0.004884	test-rmse:0.317697+0.006331 
[363]	train-rmse:0.316547+0.004884	test-rmse:0.317691+0.006331 
[364]	train-rmse:0.316345+0.004837	test-rmse:0.317495+0.006479 
[365]	train-rmse:0.315941+0.005155	test-rmse:0.317106+0.006389 
[366]	train-rmse:0.315717+0.005131	test-rmse:0.316884+0.006057 
[367]	train-rmse:0.315517+0.005141	test-rmse:0.316680+0.005764 
[368]	train-rmse:0.315511+0.005141	test-rmse:0.316674+0.005764 
[369]	train-rmse:0.315506+0.005141	test-rmse:0.316669+0.005764 
[370]	train-rmse:0.315500+0.005140	test-rmse:0.316663+0.005764 
[371]	train-rmse:0.315495+0.005140	test-rmse:0.316658+0.005763 
[372]	train-rmse:0.315293+0.004929	test-rmse:0.316450+0.005742 
[373]	train-rmse:0.315288+0.004928	test-rmse:0.316445+0.005742 
[374]	train-rmse:0.314909+0.005141	test-rmse:0.316087+0.005833 
[375]	train-rmse:0.314904+0.005141	test-rmse:0.316082+0.005833 
[376]	train-rmse:0.314899+0.005141	test-rmse:0.316077+0.005832 
[377]	train-rmse:0.314706+0.005075	test-rmse:0.315878+0.005976 
[378]	train-rmse:0.314701+0.005075	test-rmse:0.315873+0.005976 
[379]	train-rmse:0.314696+0.005075	test-rmse:0.315868+0.005976 
[380]	train-rmse:0.314690+0.005075	test-rmse:0.315863+0.005976 
[381]	train-rmse:0.314296+0.004783	test-rmse:0.315456+0.005872 
[382]	train-rmse:0.314095+0.005158	test-rmse:0.315283+0.006096 
[383]	train-rmse:0.313921+0.004996	test-rmse:0.315100+0.006099 
[384]	train-rmse:0.313916+0.004996	test-rmse:0.315095+0.006099 
[385]	train-rmse:0.313708+0.004924	test-rmse:0.314893+0.006239 
[386]	train-rmse:0.313513+0.005293	test-rmse:0.314720+0.006457 
[387]	train-rmse:0.313508+0.005293	test-rmse:0.314715+0.006457 
[388]	train-rmse:0.313112+0.005086	test-rmse:0.314300+0.006143 
[389]	train-rmse:0.313107+0.005086	test-rmse:0.314296+0.006143 
[390]	train-rmse:0.312902+0.004984	test-rmse:0.314100+0.006042 
[391]	train-rmse:0.312688+0.004912	test-rmse:0.313880+0.006199 
[392]	train-rmse:0.312269+0.004795	test-rmse:0.313470+0.005767 
[393]	train-rmse:0.312073+0.005157	test-rmse:0.313295+0.005990 
[394]	train-rmse:0.312068+0.005157	test-rmse:0.313290+0.005990 
[395]	train-rmse:0.312063+0.005157	test-rmse:0.313285+0.005990 
[396]	train-rmse:0.312058+0.005157	test-rmse:0.313281+0.005989 
[397]	train-rmse:0.311867+0.005102	test-rmse:0.313105+0.006121 
[398]	train-rmse:0.311862+0.005101	test-rmse:0.313100+0.006120 
[399]	train-rmse:0.311666+0.005087	test-rmse:0.312904+0.005824 
[400]	train-rmse:0.311661+0.005087	test-rmse:0.312899+0.005824 
[401]	train-rmse:0.311656+0.005087	test-rmse:0.312894+0.005824 
[402]	train-rmse:0.311651+0.005087	test-rmse:0.312889+0.005824 
[403]	train-rmse:0.311458+0.005051	test-rmse:0.312691+0.005995 
[404]	train-rmse:0.311453+0.005051	test-rmse:0.312686+0.005994 
[405]	train-rmse:0.311448+0.005051	test-rmse:0.312681+0.005994 
[406]	train-rmse:0.311444+0.005050	test-rmse:0.312676+0.005994 
[407]	train-rmse:0.311439+0.005050	test-rmse:0.312671+0.005994 
[408]	train-rmse:0.311234+0.005059	test-rmse:0.312462+0.005692 
[409]	train-rmse:0.311040+0.004838	test-rmse:0.312253+0.005670 
[410]	train-rmse:0.310644+0.005159	test-rmse:0.311877+0.006071 
[411]	train-rmse:0.310448+0.005048	test-rmse:0.311680+0.005955 
[412]	train-rmse:0.310247+0.005042	test-rmse:0.311489+0.006140 
[413]	train-rmse:0.310243+0.005042	test-rmse:0.311484+0.006140 
[414]	train-rmse:0.310238+0.005042	test-rmse:0.311480+0.006140 
[415]	train-rmse:0.309849+0.005305	test-rmse:0.311107+0.006254 
[416]	train-rmse:0.309844+0.005305	test-rmse:0.311102+0.006253 
[417]	train-rmse:0.309840+0.005304	test-rmse:0.311097+0.006253 
[418]	train-rmse:0.309835+0.005304	test-rmse:0.311093+0.006252 
[419]	train-rmse:0.309831+0.005304	test-rmse:0.311089+0.006252 
[420]	train-rmse:0.309638+0.005239	test-rmse:0.310899+0.006179 
[421]	train-rmse:0.309432+0.004989	test-rmse:0.310687+0.006141 
[422]	train-rmse:0.308869+0.005065	test-rmse:0.310126+0.006023 
[423]	train-rmse:0.308865+0.005065	test-rmse:0.310122+0.006023 
[424]	train-rmse:0.308860+0.005065	test-rmse:0.310118+0.006023 
[425]	train-rmse:0.308856+0.005065	test-rmse:0.310113+0.006023 
[426]	train-rmse:0.308673+0.005404	test-rmse:0.309950+0.006226 
[427]	train-rmse:0.308668+0.005403	test-rmse:0.309946+0.006226 
[428]	train-rmse:0.308664+0.005403	test-rmse:0.309941+0.006225 
[429]	train-rmse:0.308659+0.005403	test-rmse:0.309937+0.006225 
[430]	train-rmse:0.308473+0.005385	test-rmse:0.309751+0.005947 
[431]	train-rmse:0.308469+0.005385	test-rmse:0.309747+0.005947 
[432]	train-rmse:0.308270+0.005182	test-rmse:0.309534+0.005941 
[433]	train-rmse:0.308265+0.005182	test-rmse:0.309530+0.005941 
[434]	train-rmse:0.308261+0.005181	test-rmse:0.309525+0.005941 
[435]	train-rmse:0.308256+0.005181	test-rmse:0.309521+0.005941 
[436]	train-rmse:0.308252+0.005181	test-rmse:0.309517+0.005941 
[437]	train-rmse:0.307870+0.005039	test-rmse:0.309134+0.006006 
[438]	train-rmse:0.307865+0.005039	test-rmse:0.309129+0.006006 
[439]	train-rmse:0.307861+0.005039	test-rmse:0.309125+0.006005 
[440]	train-rmse:0.307857+0.005039	test-rmse:0.309121+0.006006 
[441]	train-rmse:0.307852+0.005039	test-rmse:0.309116+0.006005 
[442]	train-rmse:0.307848+0.005039	test-rmse:0.309112+0.006005 
[443]	train-rmse:0.307646+0.004834	test-rmse:0.308901+0.006016 
[444]	train-rmse:0.307451+0.005202	test-rmse:0.308732+0.006218 
[445]	train-rmse:0.307243+0.005024	test-rmse:0.308519+0.006251 
[446]	train-rmse:0.307238+0.005024	test-rmse:0.308515+0.006251 
[447]	train-rmse:0.307052+0.004887	test-rmse:0.308315+0.006307 
[448]	train-rmse:0.306872+0.004778	test-rmse:0.308130+0.006379 
[449]	train-rmse:0.306868+0.004778	test-rmse:0.308126+0.006379 
[450]	train-rmse:0.306659+0.004658	test-rmse:0.307924+0.006271 
[451]	train-rmse:0.306655+0.004658	test-rmse:0.307920+0.006271 
[452]	train-rmse:0.306278+0.004950	test-rmse:0.307572+0.006573 
[453]	train-rmse:0.306081+0.004858	test-rmse:0.307372+0.006483 
[454]	train-rmse:0.306077+0.004858	test-rmse:0.307368+0.006483 
[455]	train-rmse:0.306073+0.004858	test-rmse:0.307364+0.006483 
[456]	train-rmse:0.305892+0.004745	test-rmse:0.307188+0.006549 
[457]	train-rmse:0.305699+0.004679	test-rmse:0.306993+0.006681 
[458]	train-rmse:0.305494+0.004597	test-rmse:0.306795+0.006605 
[459]	train-rmse:0.305309+0.004552	test-rmse:0.306615+0.006556 
[460]	train-rmse:0.305123+0.004910	test-rmse:0.306443+0.006731 
[461]	train-rmse:0.304777+0.004772	test-rmse:0.306099+0.006360 
[462]	train-rmse:0.304608+0.004767	test-rmse:0.305935+0.006338 
[463]	train-rmse:0.304426+0.004692	test-rmse:0.305749+0.006459 
[464]	train-rmse:0.304422+0.004692	test-rmse:0.305745+0.006460 
[465]	train-rmse:0.304418+0.004692	test-rmse:0.305741+0.006459 
[466]	train-rmse:0.304237+0.005031	test-rmse:0.305577+0.006627 
[467]	train-rmse:0.303842+0.004885	test-rmse:0.305179+0.006657 
[468]	train-rmse:0.303643+0.004748	test-rmse:0.304978+0.006291 
[469]	train-rmse:0.303100+0.004572	test-rmse:0.304437+0.006093 
[470]	train-rmse:0.303096+0.004572	test-rmse:0.304434+0.006093 
[471]	train-rmse:0.302890+0.004386	test-rmse:0.304228+0.006145 
[472]	train-rmse:0.302886+0.004386	test-rmse:0.304225+0.006145 
[473]	train-rmse:0.302882+0.004386	test-rmse:0.304221+0.006144 
[474]	train-rmse:0.302879+0.004385	test-rmse:0.304217+0.006144 
[475]	train-rmse:0.302702+0.004251	test-rmse:0.304032+0.006213 
[476]	train-rmse:0.302359+0.004051	test-rmse:0.303695+0.006013 
[477]	train-rmse:0.302355+0.004051	test-rmse:0.303692+0.006013 
[478]	train-rmse:0.302166+0.004410	test-rmse:0.303529+0.006161 
[479]	train-rmse:0.301804+0.004747	test-rmse:0.303200+0.006290 
[480]	train-rmse:0.301622+0.004669	test-rmse:0.303008+0.006418 
[481]	train-rmse:0.301619+0.004668	test-rmse:0.303005+0.006418 
[482]	train-rmse:0.301064+0.004393	test-rmse:0.302461+0.006095 
[483]	train-rmse:0.300896+0.004421	test-rmse:0.302296+0.006092 
[484]	train-rmse:0.300732+0.004720	test-rmse:0.302133+0.006244 
[485]	train-rmse:0.300343+0.004507	test-rmse:0.301756+0.006040 
[486]	train-rmse:0.300339+0.004507	test-rmse:0.301752+0.006040 
[487]	train-rmse:0.300335+0.004507	test-rmse:0.301748+0.006040 
[488]	train-rmse:0.300332+0.004507	test-rmse:0.301745+0.006040 
[489]	train-rmse:0.300328+0.004507	test-rmse:0.301741+0.006039 
[490]	train-rmse:0.300325+0.004507	test-rmse:0.301738+0.006039 
[491]	train-rmse:0.300321+0.004507	test-rmse:0.301734+0.006039 
[492]	train-rmse:0.300317+0.004506	test-rmse:0.301731+0.006039 
[493]	train-rmse:0.300133+0.004340	test-rmse:0.301536+0.006095 
[494]	train-rmse:0.300130+0.004340	test-rmse:0.301532+0.006094 
[495]	train-rmse:0.300126+0.004340	test-rmse:0.301528+0.006094 
[496]	train-rmse:0.299761+0.004155	test-rmse:0.301164+0.005894 
[497]	train-rmse:0.299758+0.004155	test-rmse:0.301161+0.005894 
[498]	train-rmse:0.299563+0.004098	test-rmse:0.300965+0.006061 
[499]	train-rmse:0.299559+0.004098	test-rmse:0.300962+0.006061 
[500]	train-rmse:0.299365+0.003914	test-rmse:0.300759+0.006126 
[501]	train-rmse:0.299187+0.003811	test-rmse:0.300584+0.005810 
[502]	train-rmse:0.298831+0.003755	test-rmse:0.300224+0.005928 
[503]	train-rmse:0.298646+0.003662	test-rmse:0.300037+0.005589 
[504]	train-rmse:0.298485+0.003638	test-rmse:0.299874+0.005752 
[505]	train-rmse:0.298289+0.003422	test-rmse:0.299686+0.005813 
[506]	train-rmse:0.298111+0.003252	test-rmse:0.299493+0.005898 
[507]	train-rmse:0.298108+0.003251	test-rmse:0.299490+0.005898 
[508]	train-rmse:0.298105+0.003251	test-rmse:0.299487+0.005898 
[509]	train-rmse:0.298101+0.003251	test-rmse:0.299484+0.005898 
[510]	train-rmse:0.298098+0.003251	test-rmse:0.299481+0.005898 
[511]	train-rmse:0.297925+0.003232	test-rmse:0.299314+0.005863 
[512]	train-rmse:0.297921+0.003232	test-rmse:0.299311+0.005863 
[513]	train-rmse:0.297918+0.003232	test-rmse:0.299308+0.005863 
[514]	train-rmse:0.297915+0.003232	test-rmse:0.299305+0.005863 
[515]	train-rmse:0.297723+0.003122	test-rmse:0.299111+0.005508 
[516]	train-rmse:0.297552+0.003443	test-rmse:0.298961+0.005601 
[517]	train-rmse:0.297549+0.003443	test-rmse:0.298958+0.005601 
[518]	train-rmse:0.297546+0.003443	test-rmse:0.298955+0.005601 
[519]	train-rmse:0.297543+0.003443	test-rmse:0.298952+0.005601 
[520]	train-rmse:0.297539+0.003443	test-rmse:0.298949+0.005601 
[521]	train-rmse:0.297536+0.003443	test-rmse:0.298946+0.005601 
[522]	train-rmse:0.297366+0.003378	test-rmse:0.298767+0.005278 
[523]	train-rmse:0.297202+0.003367	test-rmse:0.298603+0.005244 
[524]	train-rmse:0.297199+0.003367	test-rmse:0.298600+0.005244 
[525]	train-rmse:0.297196+0.003367	test-rmse:0.298597+0.005244 
[526]	train-rmse:0.297028+0.003387	test-rmse:0.298429+0.005230 
[527]	train-rmse:0.297025+0.003387	test-rmse:0.298426+0.005230 
[528]	train-rmse:0.296858+0.003439	test-rmse:0.298258+0.005237 
[529]	train-rmse:0.296854+0.003438	test-rmse:0.298255+0.005237 
[530]	train-rmse:0.296851+0.003438	test-rmse:0.298251+0.005237 
[531]	train-rmse:0.296848+0.003438	test-rmse:0.298248+0.005237 
[532]	train-rmse:0.296671+0.003244	test-rmse:0.298069+0.005311 
[533]	train-rmse:0.296668+0.003244	test-rmse:0.298066+0.005311 
[534]	train-rmse:0.296510+0.003094	test-rmse:0.297904+0.005396 
[535]	train-rmse:0.296329+0.002953	test-rmse:0.297719+0.005515 
[536]	train-rmse:0.296326+0.002953	test-rmse:0.297716+0.005515 
[537]	train-rmse:0.296001+0.003136	test-rmse:0.297406+0.005264 
[538]	train-rmse:0.295828+0.003024	test-rmse:0.297226+0.005395 
[539]	train-rmse:0.295825+0.003024	test-rmse:0.297224+0.005395 
[540]	train-rmse:0.295644+0.002877	test-rmse:0.297046+0.005520 
[541]	train-rmse:0.295485+0.003176	test-rmse:0.296904+0.005594 
[542]	train-rmse:0.295325+0.003095	test-rmse:0.296745+0.005299 
[543]	train-rmse:0.295322+0.003094	test-rmse:0.296742+0.005299 
[544]	train-rmse:0.295319+0.003094	test-rmse:0.296739+0.005299 
[545]	train-rmse:0.295316+0.003095	test-rmse:0.296736+0.005299 
[546]	train-rmse:0.294976+0.002917	test-rmse:0.296401+0.005123 
[547]	train-rmse:0.294799+0.002784	test-rmse:0.296212+0.005262 
[548]	train-rmse:0.294796+0.002783	test-rmse:0.296209+0.005262 
[549]	train-rmse:0.294793+0.002783	test-rmse:0.296206+0.005262 
[550]	train-rmse:0.294612+0.002745	test-rmse:0.296029+0.004945 
[551]	train-rmse:0.294609+0.002745	test-rmse:0.296027+0.004945 
[552]	train-rmse:0.294442+0.002750	test-rmse:0.295862+0.004654 
[553]	train-rmse:0.294439+0.002750	test-rmse:0.295859+0.004654 
[554]	train-rmse:0.294436+0.002750	test-rmse:0.295857+0.004655 
[555]	train-rmse:0.294273+0.002792	test-rmse:0.295691+0.004366 
[556]	train-rmse:0.294270+0.002792	test-rmse:0.295688+0.004366 
[557]	train-rmse:0.293957+0.003009	test-rmse:0.295395+0.004372 
[558]	train-rmse:0.293640+0.003335	test-rmse:0.295089+0.004169 
[559]	train-rmse:0.293470+0.003187	test-rmse:0.294920+0.004308 
[560]	train-rmse:0.293467+0.003187	test-rmse:0.294917+0.004308 
[561]	train-rmse:0.293464+0.003187	test-rmse:0.294914+0.004308 
[562]	train-rmse:0.293292+0.003068	test-rmse:0.294736+0.004477 
[563]	train-rmse:0.293289+0.003068	test-rmse:0.294733+0.004477 
[564]	train-rmse:0.292953+0.002964	test-rmse:0.294390+0.004318 
[565]	train-rmse:0.292950+0.002965	test-rmse:0.294387+0.004318 
[566]	train-rmse:0.292771+0.002890	test-rmse:0.294223+0.004238 
[567]	train-rmse:0.292768+0.002890	test-rmse:0.294220+0.004238 
[568]	train-rmse:0.292598+0.002858	test-rmse:0.294055+0.004181 
[569]	train-rmse:0.292238+0.002947	test-rmse:0.293712+0.003801 
[570]	train-rmse:0.292073+0.003200	test-rmse:0.293573+0.003862 
[571]	train-rmse:0.292070+0.003200	test-rmse:0.293571+0.003862 
[572]	train-rmse:0.292068+0.003200	test-rmse:0.293568+0.003862 
[573]	train-rmse:0.291900+0.003470	test-rmse:0.293414+0.003952 
[574]	train-rmse:0.291898+0.003470	test-rmse:0.293411+0.003952 
[575]	train-rmse:0.291555+0.003134	test-rmse:0.293057+0.004219 
[576]	train-rmse:0.291391+0.003419	test-rmse:0.292912+0.004304 
[577]	train-rmse:0.291388+0.003419	test-rmse:0.292910+0.004303 
[578]	train-rmse:0.291386+0.003420	test-rmse:0.292907+0.004303 
[579]	train-rmse:0.291231+0.003408	test-rmse:0.292758+0.004262 
[580]	train-rmse:0.291229+0.003408	test-rmse:0.292755+0.004262 
[581]	train-rmse:0.291226+0.003408	test-rmse:0.292753+0.004262 
[582]	train-rmse:0.291223+0.003408	test-rmse:0.292750+0.004262 
[583]	train-rmse:0.291221+0.003408	test-rmse:0.292748+0.004262 
[584]	train-rmse:0.291218+0.003408	test-rmse:0.292746+0.004262 
[585]	train-rmse:0.291216+0.003408	test-rmse:0.292743+0.004262 
[586]	train-rmse:0.291061+0.003424	test-rmse:0.292586+0.004240 
[587]	train-rmse:0.291058+0.003424	test-rmse:0.292583+0.004240 
[588]	train-rmse:0.291055+0.003424	test-rmse:0.292581+0.004240 
[589]	train-rmse:0.291053+0.003424	test-rmse:0.292578+0.004240 
[590]	train-rmse:0.290896+0.003467	test-rmse:0.292422+0.004241 
[591]	train-rmse:0.290731+0.003325	test-rmse:0.292253+0.004377 
[592]	train-rmse:0.290729+0.003324	test-rmse:0.292250+0.004377 
[593]	train-rmse:0.290726+0.003324	test-rmse:0.292248+0.004377 
[594]	train-rmse:0.290724+0.003324	test-rmse:0.292245+0.004377 
[595]	train-rmse:0.290721+0.003324	test-rmse:0.292243+0.004376 
[596]	train-rmse:0.290719+0.003324	test-rmse:0.292240+0.004376 
[597]	train-rmse:0.290716+0.003324	test-rmse:0.292238+0.004376 
[598]	train-rmse:0.290543+0.003611	test-rmse:0.292085+0.004461 
[599]	train-rmse:0.290540+0.003611	test-rmse:0.292083+0.004461 
[600]	train-rmse:0.290537+0.003611	test-rmse:0.292080+0.004461 
[601]	train-rmse:0.290188+0.003283	test-rmse:0.291719+0.004711 
[602]	train-rmse:0.290186+0.003283	test-rmse:0.291717+0.004711 
[603]	train-rmse:0.290183+0.003283	test-rmse:0.291714+0.004711 
[604]	train-rmse:0.290181+0.003283	test-rmse:0.291712+0.004711 
[605]	train-rmse:0.290178+0.003283	test-rmse:0.291709+0.004711 
[606]	train-rmse:0.290176+0.003283	test-rmse:0.291707+0.004711 
[607]	train-rmse:0.290025+0.003281	test-rmse:0.291558+0.004434 
[608]	train-rmse:0.290023+0.003281	test-rmse:0.291556+0.004434 
[609]	train-rmse:0.289852+0.003173	test-rmse:0.291382+0.004603 
[610]	train-rmse:0.289850+0.003173	test-rmse:0.291380+0.004603 
[611]	train-rmse:0.289847+0.003173	test-rmse:0.291378+0.004603 
[612]	train-rmse:0.289692+0.003102	test-rmse:0.291228+0.004763 
[613]	train-rmse:0.289690+0.003102	test-rmse:0.291225+0.004763 
[614]	train-rmse:0.289687+0.003102	test-rmse:0.291223+0.004763 
[615]	train-rmse:0.289685+0.003102	test-rmse:0.291220+0.004763 
[616]	train-rmse:0.289366+0.002893	test-rmse:0.290891+0.004572 
[617]	train-rmse:0.289363+0.002893	test-rmse:0.290889+0.004572 
[618]	train-rmse:0.289047+0.002989	test-rmse:0.290595+0.004721 
[619]	train-rmse:0.288888+0.002828	test-rmse:0.290426+0.004842 
[620]	train-rmse:0.288717+0.002683	test-rmse:0.290257+0.004982 
[621]	train-rmse:0.288550+0.002578	test-rmse:0.290078+0.005149 
[622]	train-rmse:0.288548+0.002578	test-rmse:0.290075+0.005149 
[623]	train-rmse:0.288377+0.002534	test-rmse:0.289906+0.005096 
[624]	train-rmse:0.288231+0.002463	test-rmse:0.289762+0.005241 
[625]	train-rmse:0.288072+0.002763	test-rmse:0.289615+0.005283 
[626]	train-rmse:0.287899+0.002611	test-rmse:0.289453+0.005407 
[627]	train-rmse:0.287742+0.002917	test-rmse:0.289315+0.005456 
[628]	train-rmse:0.287740+0.002917	test-rmse:0.289313+0.005456 
[629]	train-rmse:0.287570+0.002882	test-rmse:0.289142+0.005408 
[630]	train-rmse:0.287568+0.002882	test-rmse:0.289140+0.005408 
[631]	train-rmse:0.287242+0.002677	test-rmse:0.288811+0.005691 
[632]	train-rmse:0.286944+0.002943	test-rmse:0.288511+0.005701 
[633]	train-rmse:0.286942+0.002943	test-rmse:0.288509+0.005701 
[634]	train-rmse:0.286940+0.002943	test-rmse:0.288507+0.005701 
[635]	train-rmse:0.286779+0.002882	test-rmse:0.288346+0.005851 
[636]	train-rmse:0.286628+0.002882	test-rmse:0.288203+0.005830 
[637]	train-rmse:0.286626+0.002881	test-rmse:0.288201+0.005830 
[638]	train-rmse:0.286475+0.003162	test-rmse:0.288071+0.005875 
[639]	train-rmse:0.286030+0.003016	test-rmse:0.287632+0.005730 
[640]	train-rmse:0.286028+0.003016	test-rmse:0.287630+0.005730 
[641]	train-rmse:0.285881+0.002881	test-rmse:0.287485+0.005822 
[642]	train-rmse:0.285713+0.003196	test-rmse:0.287338+0.005873 
[643]	train-rmse:0.285403+0.003091	test-rmse:0.287030+0.005969 
[644]	train-rmse:0.285241+0.002995	test-rmse:0.286879+0.006085 
[645]	train-rmse:0.285239+0.002995	test-rmse:0.286877+0.006085 
[646]	train-rmse:0.285236+0.002995	test-rmse:0.286874+0.006085 
[647]	train-rmse:0.285234+0.002995	test-rmse:0.286872+0.006085 
[648]	train-rmse:0.285232+0.002995	test-rmse:0.286870+0.006085 
[649]	train-rmse:0.285077+0.002933	test-rmse:0.286717+0.006214 
[650]	train-rmse:0.285075+0.002933	test-rmse:0.286715+0.006214 
[651]	train-rmse:0.285072+0.002933	test-rmse:0.286713+0.006214 
[652]	train-rmse:0.284786+0.003168	test-rmse:0.286461+0.006370 
[653]	train-rmse:0.284644+0.003159	test-rmse:0.286306+0.006518 
[654]	train-rmse:0.284641+0.003159	test-rmse:0.286304+0.006518 
[655]	train-rmse:0.284639+0.003159	test-rmse:0.286302+0.006518 
[656]	train-rmse:0.284637+0.003159	test-rmse:0.286299+0.006518 
[657]	train-rmse:0.284476+0.003065	test-rmse:0.286136+0.006637 
[658]	train-rmse:0.284315+0.002888	test-rmse:0.285979+0.006354 
[659]	train-rmse:0.284313+0.002888	test-rmse:0.285977+0.006354 
[660]	train-rmse:0.284311+0.002888	test-rmse:0.285975+0.006354 
[661]	train-rmse:0.284309+0.002888	test-rmse:0.285973+0.006354 
[662]	train-rmse:0.284307+0.002888	test-rmse:0.285971+0.006354 
[663]	train-rmse:0.284172+0.002889	test-rmse:0.285833+0.006493 
[664]	train-rmse:0.284170+0.002889	test-rmse:0.285831+0.006493 
[665]	train-rmse:0.284021+0.002740	test-rmse:0.285685+0.006237 
[666]	train-rmse:0.283858+0.002606	test-rmse:0.285525+0.005958 
[667]	train-rmse:0.283856+0.002606	test-rmse:0.285523+0.005958 
[668]	train-rmse:0.283696+0.002508	test-rmse:0.285363+0.005683 
[669]	train-rmse:0.283694+0.002508	test-rmse:0.285361+0.005683 
[670]	train-rmse:0.283692+0.002508	test-rmse:0.285359+0.005683 
[671]	train-rmse:0.283543+0.002389	test-rmse:0.285207+0.005807 
[672]	train-rmse:0.283541+0.002389	test-rmse:0.285205+0.005807 
[673]	train-rmse:0.283375+0.002711	test-rmse:0.285062+0.005834 
[674]	train-rmse:0.283373+0.002711	test-rmse:0.285060+0.005834 
[675]	train-rmse:0.283371+0.002711	test-rmse:0.285058+0.005833 
[676]	train-rmse:0.283230+0.002985	test-rmse:0.284934+0.005868 
[677]	train-rmse:0.283228+0.002985	test-rmse:0.284932+0.005868 
[678]	train-rmse:0.283225+0.002985	test-rmse:0.284929+0.005868 
[679]	train-rmse:0.283080+0.002902	test-rmse:0.284773+0.006000 
[680]	train-rmse:0.282931+0.002822	test-rmse:0.284628+0.005754 
[681]	train-rmse:0.282634+0.003086	test-rmse:0.284348+0.005946 
[682]	train-rmse:0.282480+0.003009	test-rmse:0.284182+0.006090 
[683]	train-rmse:0.282478+0.003009	test-rmse:0.284180+0.006090 
[684]	train-rmse:0.282328+0.002937	test-rmse:0.284041+0.005861 
[685]	train-rmse:0.282180+0.002894	test-rmse:0.283899+0.005630 
[686]	train-rmse:0.282178+0.002894	test-rmse:0.283897+0.005630 
[687]	train-rmse:0.282176+0.002894	test-rmse:0.283895+0.005630 
[688]	train-rmse:0.281718+0.003020	test-rmse:0.283437+0.005297 
[689]	train-rmse:0.281716+0.003020	test-rmse:0.283435+0.005297 
[690]	train-rmse:0.281560+0.002919	test-rmse:0.283280+0.005217 
[691]	train-rmse:0.281558+0.002919	test-rmse:0.283278+0.005217 
[692]	train-rmse:0.281255+0.002740	test-rmse:0.282974+0.005305 
[693]	train-rmse:0.281120+0.002719	test-rmse:0.282843+0.005082 
[694]	train-rmse:0.281118+0.002719	test-rmse:0.282841+0.005082 
[695]	train-rmse:0.281116+0.002719	test-rmse:0.282839+0.005082 
[696]	train-rmse:0.280821+0.002558	test-rmse:0.282541+0.005181 
[697]	train-rmse:0.280819+0.002558	test-rmse:0.282539+0.005181 
[698]	train-rmse:0.280663+0.002859	test-rmse:0.282392+0.005211 
[699]	train-rmse:0.280367+0.003069	test-rmse:0.282119+0.005390 
[700]	train-rmse:0.280069+0.003256	test-rmse:0.281829+0.005571 
[701]	train-rmse:0.280067+0.003256	test-rmse:0.281827+0.005571 
[702]	train-rmse:0.280065+0.003256	test-rmse:0.281825+0.005571 
[703]	train-rmse:0.280063+0.003256	test-rmse:0.281823+0.005571 
[704]	train-rmse:0.279930+0.003517	test-rmse:0.281705+0.005619 
[705]	train-rmse:0.279783+0.003434	test-rmse:0.281550+0.005756 
[706]	train-rmse:0.279781+0.003434	test-rmse:0.281549+0.005756 
[707]	train-rmse:0.279627+0.003359	test-rmse:0.281395+0.005692 
[708]	train-rmse:0.279494+0.003315	test-rmse:0.281270+0.005651 
[709]	train-rmse:0.279359+0.003292	test-rmse:0.281133+0.005619 
[710]	train-rmse:0.279358+0.003292	test-rmse:0.281132+0.005619 
[711]	train-rmse:0.279356+0.003292	test-rmse:0.281130+0.005619 
[712]	train-rmse:0.279354+0.003292	test-rmse:0.281128+0.005619 
[713]	train-rmse:0.279211+0.003222	test-rmse:0.281000+0.005386 
[714]	train-rmse:0.279074+0.003215	test-rmse:0.280863+0.005363 
[715]	train-rmse:0.279072+0.003215	test-rmse:0.280861+0.005363 
[716]	train-rmse:0.278931+0.003122	test-rmse:0.280706+0.005506 
[717]	train-rmse:0.278929+0.003122	test-rmse:0.280704+0.005506 
[718]	train-rmse:0.278769+0.003006	test-rmse:0.280550+0.005626 
[719]	train-rmse:0.278328+0.003110	test-rmse:0.280112+0.005933 
[720]	train-rmse:0.278326+0.003110	test-rmse:0.280110+0.005933 
[721]	train-rmse:0.278325+0.003110	test-rmse:0.280108+0.005933 
[722]	train-rmse:0.278323+0.003110	test-rmse:0.280106+0.005933 
[723]	train-rmse:0.278321+0.003110	test-rmse:0.280105+0.005933 
[724]	train-rmse:0.278168+0.003044	test-rmse:0.279951+0.006066 
[725]	train-rmse:0.278166+0.003044	test-rmse:0.279950+0.006066 
[726]	train-rmse:0.278164+0.003044	test-rmse:0.279948+0.006066 
[727]	train-rmse:0.278021+0.003019	test-rmse:0.279802+0.006036 
[728]	train-rmse:0.278019+0.003019	test-rmse:0.279800+0.006036 
[729]	train-rmse:0.277598+0.003217	test-rmse:0.279375+0.006185 
[730]	train-rmse:0.277597+0.003217	test-rmse:0.279373+0.006185 
[731]	train-rmse:0.277455+0.003100	test-rmse:0.279225+0.005914 
[732]	train-rmse:0.277453+0.003100	test-rmse:0.279224+0.005914 
[733]	train-rmse:0.277303+0.003001	test-rmse:0.279079+0.005653 
[734]	train-rmse:0.277301+0.003001	test-rmse:0.279078+0.005653 
[735]	train-rmse:0.277299+0.003001	test-rmse:0.279076+0.005653 
[736]	train-rmse:0.277298+0.003001	test-rmse:0.279075+0.005653 
[737]	train-rmse:0.277296+0.003001	test-rmse:0.279073+0.005653 
[738]	train-rmse:0.277015+0.002837	test-rmse:0.278784+0.005914 
[739]	train-rmse:0.276730+0.003042	test-rmse:0.278526+0.006064 
[740]	train-rmse:0.276588+0.003016	test-rmse:0.278381+0.006034 
[741]	train-rmse:0.276587+0.003015	test-rmse:0.278379+0.006034 
[742]	train-rmse:0.276585+0.003015	test-rmse:0.278378+0.006034 
[743]	train-rmse:0.276583+0.003015	test-rmse:0.278376+0.006034 
[744]	train-rmse:0.276450+0.003015	test-rmse:0.278244+0.006018 
[745]	train-rmse:0.276309+0.002931	test-rmse:0.278103+0.006144 
[746]	train-rmse:0.276170+0.002875	test-rmse:0.277961+0.006268 
[747]	train-rmse:0.276168+0.002874	test-rmse:0.277960+0.006267 
[748]	train-rmse:0.276167+0.002874	test-rmse:0.277958+0.006267 
[749]	train-rmse:0.276165+0.002874	test-rmse:0.277957+0.006267 
[750]	train-rmse:0.276022+0.002843	test-rmse:0.277815+0.006400 
[751]	train-rmse:0.275894+0.002774	test-rmse:0.277677+0.006522 
[752]	train-rmse:0.275892+0.002774	test-rmse:0.277676+0.006522 
[753]	train-rmse:0.275890+0.002774	test-rmse:0.277674+0.006522 
[754]	train-rmse:0.275889+0.002774	test-rmse:0.277672+0.006522 
[755]	train-rmse:0.275751+0.002630	test-rmse:0.277536+0.006281 
[756]	train-rmse:0.275623+0.002872	test-rmse:0.277426+0.006290 
[757]	train-rmse:0.275622+0.002872	test-rmse:0.277425+0.006290 
[758]	train-rmse:0.275355+0.003093	test-rmse:0.277174+0.006441 
[759]	train-rmse:0.275354+0.003093	test-rmse:0.277173+0.006440 
[760]	train-rmse:0.275352+0.003093	test-rmse:0.277171+0.006440 
[761]	train-rmse:0.275351+0.003093	test-rmse:0.277170+0.006440 
[762]	train-rmse:0.275349+0.003093	test-rmse:0.277168+0.006440 
[763]	train-rmse:0.275347+0.003093	test-rmse:0.277166+0.006440 
[764]	train-rmse:0.275346+0.003093	test-rmse:0.277165+0.006440 
[765]	train-rmse:0.275207+0.003024	test-rmse:0.277030+0.006561 
[766]	train-rmse:0.275205+0.003024	test-rmse:0.277028+0.006561 
[767]	train-rmse:0.275072+0.003277	test-rmse:0.276918+0.006579 
[768]	train-rmse:0.274940+0.003157	test-rmse:0.276787+0.006349 
[769]	train-rmse:0.274791+0.003042	test-rmse:0.276642+0.006096 
[770]	train-rmse:0.274650+0.003317	test-rmse:0.276522+0.006122 
[771]	train-rmse:0.274502+0.003610	test-rmse:0.276395+0.006159 
[772]	train-rmse:0.274360+0.003889	test-rmse:0.276269+0.006205 
[773]	train-rmse:0.274220+0.003824	test-rmse:0.276121+0.006337 
[774]	train-rmse:0.273962+0.003719	test-rmse:0.275868+0.006421 
[775]	train-rmse:0.273961+0.003719	test-rmse:0.275867+0.006421 
[776]	train-rmse:0.273827+0.003687	test-rmse:0.275727+0.006563 
[777]	train-rmse:0.273687+0.003580	test-rmse:0.275590+0.006325 
[778]	train-rmse:0.273416+0.003471	test-rmse:0.275311+0.006216 
[779]	train-rmse:0.273293+0.003710	test-rmse:0.275200+0.006248 
[780]	train-rmse:0.273148+0.003992	test-rmse:0.275081+0.006290 
[781]	train-rmse:0.273146+0.003992	test-rmse:0.275079+0.006290 
[782]	train-rmse:0.273145+0.003992	test-rmse:0.275078+0.006291 
[783]	train-rmse:0.273143+0.003992	test-rmse:0.275077+0.006290 
[784]	train-rmse:0.273017+0.004237	test-rmse:0.274961+0.006340 
[785]	train-rmse:0.272885+0.004496	test-rmse:0.274844+0.006398 
[786]	train-rmse:0.272883+0.004496	test-rmse:0.274842+0.006397 
[787]	train-rmse:0.272882+0.004496	test-rmse:0.274841+0.006397 
[788]	train-rmse:0.272749+0.004755	test-rmse:0.274725+0.006463 
[789]	train-rmse:0.272473+0.004650	test-rmse:0.274437+0.006702 
[790]	train-rmse:0.272472+0.004650	test-rmse:0.274436+0.006702 
[791]	train-rmse:0.272307+0.004553	test-rmse:0.274275+0.006433 
[792]	train-rmse:0.272031+0.004467	test-rmse:0.274002+0.006351 
[793]	train-rmse:0.272029+0.004467	test-rmse:0.274001+0.006351 
[794]	train-rmse:0.271890+0.004414	test-rmse:0.273854+0.006116 
[795]	train-rmse:0.271888+0.004414	test-rmse:0.273852+0.006116 
[796]	train-rmse:0.271887+0.004414	test-rmse:0.273851+0.006116 
[797]	train-rmse:0.271885+0.004414	test-rmse:0.273850+0.006116 
[798]	train-rmse:0.271884+0.004414	test-rmse:0.273848+0.006116 
[799]	train-rmse:0.271882+0.004414	test-rmse:0.273847+0.006116 
[800]	train-rmse:0.271761+0.004337	test-rmse:0.273729+0.006192 
[801]	train-rmse:0.271759+0.004337	test-rmse:0.273727+0.006192 
[802]	train-rmse:0.271758+0.004337	test-rmse:0.273726+0.006192 
[803]	train-rmse:0.271623+0.004325	test-rmse:0.273587+0.006352 
[804]	train-rmse:0.271621+0.004325	test-rmse:0.273585+0.006352 
[805]	train-rmse:0.271620+0.004325	test-rmse:0.273584+0.006352 
[806]	train-rmse:0.271493+0.004329	test-rmse:0.273448+0.006516 
[807]	train-rmse:0.271362+0.004348	test-rmse:0.273314+0.006684 
[808]	train-rmse:0.271231+0.004383	test-rmse:0.273175+0.006865 
[809]	train-rmse:0.271229+0.004383	test-rmse:0.273174+0.006864 
[810]	train-rmse:0.271228+0.004383	test-rmse:0.273172+0.006864 
[811]	train-rmse:0.271226+0.004382	test-rmse:0.273171+0.006864 
[812]	train-rmse:0.271225+0.004382	test-rmse:0.273170+0.006864 
[813]	train-rmse:0.271224+0.004382	test-rmse:0.273168+0.006864 
[814]	train-rmse:0.271222+0.004382	test-rmse:0.273167+0.006864 
[815]	train-rmse:0.270963+0.004526	test-rmse:0.272930+0.006975 
[816]	train-rmse:0.270836+0.004458	test-rmse:0.272804+0.007053 
[817]	train-rmse:0.270717+0.004491	test-rmse:0.272685+0.007203 
[818]	train-rmse:0.270596+0.004437	test-rmse:0.272571+0.007276 
[819]	train-rmse:0.270595+0.004437	test-rmse:0.272570+0.007276 
[820]	train-rmse:0.270451+0.004289	test-rmse:0.272422+0.007172 
[821]	train-rmse:0.270450+0.004289	test-rmse:0.272421+0.007172 
[822]	train-rmse:0.270448+0.004289	test-rmse:0.272419+0.007172 
[823]	train-rmse:0.270316+0.004210	test-rmse:0.272293+0.006979 
[824]	train-rmse:0.270186+0.004444	test-rmse:0.272182+0.007015 
[825]	train-rmse:0.270185+0.004444	test-rmse:0.272180+0.007014 
[826]	train-rmse:0.270184+0.004444	test-rmse:0.272179+0.007014 
[827]	train-rmse:0.269823+0.004629	test-rmse:0.271832+0.007287 
[828]	train-rmse:0.269822+0.004629	test-rmse:0.271831+0.007287 
[829]	train-rmse:0.269708+0.004664	test-rmse:0.271717+0.007429 
[830]	train-rmse:0.269706+0.004664	test-rmse:0.271716+0.007429 
[831]	train-rmse:0.269705+0.004664	test-rmse:0.271715+0.007429 
[832]	train-rmse:0.269703+0.004664	test-rmse:0.271713+0.007429 
[833]	train-rmse:0.269702+0.004664	test-rmse:0.271712+0.007428 
[834]	train-rmse:0.269701+0.004664	test-rmse:0.271711+0.007428 
[835]	train-rmse:0.269699+0.004663	test-rmse:0.271709+0.007428 
[836]	train-rmse:0.269698+0.004663	test-rmse:0.271708+0.007428 
[837]	train-rmse:0.269562+0.004525	test-rmse:0.271567+0.007329 
[838]	train-rmse:0.269560+0.004524	test-rmse:0.271565+0.007329 
[839]	train-rmse:0.269431+0.004470	test-rmse:0.271445+0.007407 
[840]	train-rmse:0.269430+0.004470	test-rmse:0.271444+0.007407 
[841]	train-rmse:0.269297+0.004706	test-rmse:0.271329+0.007445 
[842]	train-rmse:0.269296+0.004706	test-rmse:0.271327+0.007445 
[843]	train-rmse:0.269295+0.004706	test-rmse:0.271326+0.007444 
[844]	train-rmse:0.269293+0.004706	test-rmse:0.271325+0.007444 
[845]	train-rmse:0.269171+0.004926	test-rmse:0.271226+0.007482 
[846]	train-rmse:0.268909+0.005033	test-rmse:0.270990+0.007439 
[847]	train-rmse:0.268785+0.005060	test-rmse:0.270866+0.007587 
[848]	train-rmse:0.268641+0.004939	test-rmse:0.270714+0.007493 
[849]	train-rmse:0.268640+0.004939	test-rmse:0.270713+0.007493 
[850]	train-rmse:0.268508+0.004881	test-rmse:0.270579+0.007575 
[851]	train-rmse:0.268506+0.004881	test-rmse:0.270577+0.007575 
[852]	train-rmse:0.268505+0.004881	test-rmse:0.270576+0.007575 
[853]	train-rmse:0.268374+0.004917	test-rmse:0.270434+0.007746 
[854]	train-rmse:0.268373+0.004917	test-rmse:0.270433+0.007746 
[855]	train-rmse:0.268122+0.005187	test-rmse:0.270202+0.007936 
[856]	train-rmse:0.267983+0.005075	test-rmse:0.270059+0.007709 
[857]	train-rmse:0.267749+0.004915	test-rmse:0.269851+0.007693 
[858]	train-rmse:0.267748+0.004915	test-rmse:0.269850+0.007693 
[859]	train-rmse:0.267609+0.004806	test-rmse:0.269713+0.007477 
[860]	train-rmse:0.267608+0.004806	test-rmse:0.269712+0.007477 
[861]	train-rmse:0.267607+0.004806	test-rmse:0.269711+0.007477 
[862]	train-rmse:0.267606+0.004806	test-rmse:0.269710+0.007477 
[863]	train-rmse:0.267322+0.004758	test-rmse:0.269423+0.007453 
[864]	train-rmse:0.267184+0.004629	test-rmse:0.269284+0.007363 
[865]	train-rmse:0.267051+0.004560	test-rmse:0.269155+0.007439 
[866]	train-rmse:0.266932+0.004609	test-rmse:0.269041+0.007586 
[867]	train-rmse:0.266931+0.004609	test-rmse:0.269040+0.007586 
[868]	train-rmse:0.266929+0.004609	test-rmse:0.269039+0.007586 
[869]	train-rmse:0.266798+0.004515	test-rmse:0.268901+0.007376 
[870]	train-rmse:0.266797+0.004515	test-rmse:0.268900+0.007376 
[871]	train-rmse:0.266418+0.004580	test-rmse:0.268559+0.007294 
[872]	train-rmse:0.266417+0.004580	test-rmse:0.268558+0.007294 
[873]	train-rmse:0.266301+0.004784	test-rmse:0.268458+0.007323 
[874]	train-rmse:0.266158+0.004643	test-rmse:0.268304+0.007216 
[875]	train-rmse:0.266039+0.004589	test-rmse:0.268182+0.007294 
[876]	train-rmse:0.266037+0.004589	test-rmse:0.268181+0.007294 
[877]	train-rmse:0.265926+0.004790	test-rmse:0.268091+0.007321 
[878]	train-rmse:0.265690+0.005031	test-rmse:0.267877+0.007507 
[879]	train-rmse:0.265567+0.004951	test-rmse:0.267755+0.007322 
[880]	train-rmse:0.265566+0.004951	test-rmse:0.267754+0.007322 
[881]	train-rmse:0.265565+0.004951	test-rmse:0.267753+0.007322 
[882]	train-rmse:0.265563+0.004951	test-rmse:0.267752+0.007322 
[883]	train-rmse:0.265425+0.004818	test-rmse:0.267616+0.007229 
[884]	train-rmse:0.265295+0.004758	test-rmse:0.267496+0.007304 
[885]	train-rmse:0.265172+0.004983	test-rmse:0.267393+0.007339 
[886]	train-rmse:0.265171+0.004983	test-rmse:0.267392+0.007338 
[887]	train-rmse:0.265170+0.004983	test-rmse:0.267391+0.007338 
[888]	train-rmse:0.265168+0.004982	test-rmse:0.267389+0.007338 
[889]	train-rmse:0.265034+0.004862	test-rmse:0.267261+0.007256 
[890]	train-rmse:0.264640+0.004938	test-rmse:0.266884+0.007170 
[891]	train-rmse:0.264498+0.004815	test-rmse:0.266742+0.007080 
[892]	train-rmse:0.264363+0.004727	test-rmse:0.266608+0.006866 
[893]	train-rmse:0.264111+0.004832	test-rmse:0.266388+0.006818 
[894]	train-rmse:0.264110+0.004831	test-rmse:0.266387+0.006818 
[895]	train-rmse:0.263992+0.004776	test-rmse:0.266277+0.006892 
[896]	train-rmse:0.263991+0.004776	test-rmse:0.266276+0.006892 
[897]	train-rmse:0.263877+0.004995	test-rmse:0.266181+0.006928 
[898]	train-rmse:0.263876+0.004995	test-rmse:0.266180+0.006928 
[899]	train-rmse:0.263875+0.004995	test-rmse:0.266179+0.006928 
[900]	train-rmse:0.263745+0.004900	test-rmse:0.266047+0.006854 
[901]	train-rmse:0.263614+0.004895	test-rmse:0.265933+0.006985 
[902]	train-rmse:0.263515+0.005084	test-rmse:0.265850+0.007017 
[903]	train-rmse:0.263065+0.005149	test-rmse:0.265446+0.007200 
[904]	train-rmse:0.263064+0.005149	test-rmse:0.265445+0.007200 
[905]	train-rmse:0.262943+0.005072	test-rmse:0.265318+0.007138 
[906]	train-rmse:0.262942+0.005072	test-rmse:0.265317+0.007138 
[907]	train-rmse:0.262941+0.005072	test-rmse:0.265316+0.007138 
[908]	train-rmse:0.262940+0.005071	test-rmse:0.265315+0.007138 
[909]	train-rmse:0.262832+0.005276	test-rmse:0.265232+0.007172 
[910]	train-rmse:0.262831+0.005276	test-rmse:0.265231+0.007172 
[911]	train-rmse:0.262830+0.005276	test-rmse:0.265230+0.007172 
[912]	train-rmse:0.262829+0.005276	test-rmse:0.265229+0.007172 
[913]	train-rmse:0.262723+0.005278	test-rmse:0.265125+0.007289 
[914]	train-rmse:0.262722+0.005277	test-rmse:0.265124+0.007289 
[915]	train-rmse:0.262721+0.005277	test-rmse:0.265123+0.007289 
[916]	train-rmse:0.262720+0.005277	test-rmse:0.265122+0.007289 
[917]	train-rmse:0.262719+0.005277	test-rmse:0.265121+0.007289 
[918]	train-rmse:0.262594+0.005206	test-rmse:0.264994+0.007234 
[919]	train-rmse:0.262592+0.005206	test-rmse:0.264993+0.007233 
[920]	train-rmse:0.262591+0.005206	test-rmse:0.264992+0.007233 
[921]	train-rmse:0.262483+0.005214	test-rmse:0.264885+0.007358 
[922]	train-rmse:0.262482+0.005213	test-rmse:0.264884+0.007358 
[923]	train-rmse:0.262360+0.005109	test-rmse:0.264765+0.007157 
[924]	train-rmse:0.262358+0.005109	test-rmse:0.264764+0.007157 
[925]	train-rmse:0.262116+0.004944	test-rmse:0.264518+0.007008 
[926]	train-rmse:0.262001+0.004860	test-rmse:0.264414+0.006835 
[927]	train-rmse:0.261908+0.005038	test-rmse:0.264337+0.006863 
[928]	train-rmse:0.261907+0.005038	test-rmse:0.264336+0.006863 
[929]	train-rmse:0.261906+0.005038	test-rmse:0.264335+0.006863 
[930]	train-rmse:0.261905+0.005038	test-rmse:0.264333+0.006863 
[931]	train-rmse:0.261904+0.005038	test-rmse:0.264332+0.006863 
[932]	train-rmse:0.261903+0.005038	test-rmse:0.264331+0.006863 
[933]	train-rmse:0.261901+0.005038	test-rmse:0.264330+0.006863 
[934]	train-rmse:0.261900+0.005038	test-rmse:0.264329+0.006863 
[935]	train-rmse:0.261899+0.005038	test-rmse:0.264328+0.006863 
[936]	train-rmse:0.261784+0.005043	test-rmse:0.264198+0.007022 
[937]	train-rmse:0.261667+0.004966	test-rmse:0.264073+0.006820 
[938]	train-rmse:0.261545+0.004981	test-rmse:0.263953+0.006973 
[939]	train-rmse:0.261544+0.004981	test-rmse:0.263952+0.006973 
[940]	train-rmse:0.261430+0.004912	test-rmse:0.263841+0.006799 
[941]	train-rmse:0.261429+0.004912	test-rmse:0.263840+0.006799 
[942]	train-rmse:0.261428+0.004912	test-rmse:0.263839+0.006799 
[943]	train-rmse:0.261427+0.004912	test-rmse:0.263838+0.006799 
[944]	train-rmse:0.261177+0.004863	test-rmse:0.263591+0.006739 
[945]	train-rmse:0.261176+0.004863	test-rmse:0.263590+0.006739 
[946]	train-rmse:0.261041+0.004771	test-rmse:0.263461+0.006807 
[947]	train-rmse:0.261040+0.004771	test-rmse:0.263460+0.006807 
[948]	train-rmse:0.260933+0.004679	test-rmse:0.263360+0.006745 
[949]	train-rmse:0.260932+0.004679	test-rmse:0.263359+0.006745 
[950]	train-rmse:0.260930+0.004679	test-rmse:0.263358+0.006745 
[951]	train-rmse:0.260929+0.004679	test-rmse:0.263357+0.006745 
[952]	train-rmse:0.260820+0.004703	test-rmse:0.263236+0.006909 
[953]	train-rmse:0.260819+0.004703	test-rmse:0.263235+0.006909 
[954]	train-rmse:0.260818+0.004703	test-rmse:0.263234+0.006909 
[955]	train-rmse:0.260578+0.004558	test-rmse:0.263000+0.006804 
[956]	train-rmse:0.260342+0.004472	test-rmse:0.262749+0.006892 
[957]	train-rmse:0.260341+0.004471	test-rmse:0.262748+0.006892 
[958]	train-rmse:0.260122+0.004429	test-rmse:0.262513+0.007013 
[959]	train-rmse:0.259993+0.004334	test-rmse:0.262388+0.006951 
[960]	train-rmse:0.259992+0.004334	test-rmse:0.262387+0.006951 
[961]	train-rmse:0.259991+0.004334	test-rmse:0.262386+0.006951 
[962]	train-rmse:0.259990+0.004334	test-rmse:0.262385+0.006951 
[963]	train-rmse:0.259880+0.004533	test-rmse:0.262297+0.006962 
[964]	train-rmse:0.259783+0.004567	test-rmse:0.262193+0.007110 
[965]	train-rmse:0.259676+0.004615	test-rmse:0.262079+0.007275 
[966]	train-rmse:0.259545+0.004530	test-rmse:0.261953+0.007083 
[967]	train-rmse:0.259323+0.004489	test-rmse:0.261729+0.007297 
[968]	train-rmse:0.259211+0.004405	test-rmse:0.261617+0.007352 
[969]	train-rmse:0.259091+0.004308	test-rmse:0.261498+0.007291 
[970]	train-rmse:0.259090+0.004308	test-rmse:0.261497+0.007291 
[971]	train-rmse:0.258868+0.004408	test-rmse:0.261297+0.007244 
[972]	train-rmse:0.258752+0.004325	test-rmse:0.261190+0.007078 
[973]	train-rmse:0.258542+0.004298	test-rmse:0.260985+0.007292 
[974]	train-rmse:0.258541+0.004298	test-rmse:0.260984+0.007291 
[975]	train-rmse:0.258318+0.004397	test-rmse:0.260787+0.007115 
[976]	train-rmse:0.258206+0.004314	test-rmse:0.260666+0.007058 
[977]	train-rmse:0.258096+0.004241	test-rmse:0.260556+0.007012 
[978]	train-rmse:0.258095+0.004241	test-rmse:0.260555+0.007012 
[979]	train-rmse:0.257980+0.004166	test-rmse:0.260439+0.006832 
[980]	train-rmse:0.257745+0.004316	test-rmse:0.260218+0.006654 
[981]	train-rmse:0.257630+0.004264	test-rmse:0.260106+0.006486 
[982]	train-rmse:0.257629+0.004264	test-rmse:0.260105+0.006486 
[983]	train-rmse:0.257628+0.004264	test-rmse:0.260105+0.006486 
[984]	train-rmse:0.257627+0.004264	test-rmse:0.260104+0.006486 
[985]	train-rmse:0.257626+0.004264	test-rmse:0.260103+0.006486 
[986]	train-rmse:0.257625+0.004264	test-rmse:0.260102+0.006486 
[987]	train-rmse:0.257624+0.004263	test-rmse:0.260101+0.006486 
[988]	train-rmse:0.257517+0.004191	test-rmse:0.260002+0.006441 
[989]	train-rmse:0.257404+0.004081	test-rmse:0.259894+0.006488 
[990]	train-rmse:0.257301+0.004113	test-rmse:0.259802+0.006625 
[991]	train-rmse:0.257184+0.004321	test-rmse:0.259706+0.006627 
[992]	train-rmse:0.257075+0.004251	test-rmse:0.259598+0.006580 
[993]	train-rmse:0.256847+0.004077	test-rmse:0.259383+0.006585 
[994]	train-rmse:0.256846+0.004077	test-rmse:0.259382+0.006585 
[995]	train-rmse:0.256735+0.003978	test-rmse:0.259278+0.006637 
[996]	train-rmse:0.256734+0.003978	test-rmse:0.259277+0.006637 
[997]	train-rmse:0.256420+0.004123	test-rmse:0.258973+0.006737 
[998]	train-rmse:0.256419+0.004123	test-rmse:0.258972+0.006737 
[999]	train-rmse:0.256418+0.004123	test-rmse:0.258971+0.006737 
[1000]	train-rmse:0.256417+0.004122	test-rmse:0.258971+0.006737 
[1001]	train-rmse:0.256315+0.004154	test-rmse:0.258871+0.006881 
[1002]	train-rmse:0.256314+0.004154	test-rmse:0.258870+0.006881 
[1003]	train-rmse:0.256313+0.004154	test-rmse:0.258869+0.006881 
[1004]	train-rmse:0.256312+0.004154	test-rmse:0.258868+0.006881 
[1005]	train-rmse:0.256212+0.004333	test-rmse:0.258786+0.006882 
[1006]	train-rmse:0.256212+0.004333	test-rmse:0.258786+0.006882 
[1007]	train-rmse:0.255979+0.004197	test-rmse:0.258557+0.006667 
[1008]	train-rmse:0.255978+0.004197	test-rmse:0.258556+0.006667 
[1009]	train-rmse:0.255877+0.004102	test-rmse:0.258446+0.006717 
[1010]	train-rmse:0.255767+0.004055	test-rmse:0.258354+0.006691 
[1011]	train-rmse:0.255766+0.004055	test-rmse:0.258353+0.006691 
[1012]	train-rmse:0.255766+0.004055	test-rmse:0.258352+0.006691 
[1013]	train-rmse:0.255765+0.004055	test-rmse:0.258351+0.006691 
[1014]	train-rmse:0.255764+0.004055	test-rmse:0.258351+0.006691 
[1015]	train-rmse:0.255763+0.004055	test-rmse:0.258350+0.006691 
[1016]	train-rmse:0.255762+0.004055	test-rmse:0.258349+0.006691 
[1017]	train-rmse:0.255761+0.004055	test-rmse:0.258348+0.006691 
[1018]	train-rmse:0.255761+0.004055	test-rmse:0.258347+0.006691 
[1019]	train-rmse:0.255520+0.003908	test-rmse:0.258117+0.006714 
[1020]	train-rmse:0.255519+0.003908	test-rmse:0.258116+0.006714 
[1021]	train-rmse:0.255518+0.003908	test-rmse:0.258116+0.006714 
[1022]	train-rmse:0.255518+0.003908	test-rmse:0.258115+0.006714 
[1023]	train-rmse:0.255517+0.003908	test-rmse:0.258114+0.006714 
[1024]	train-rmse:0.255516+0.003908	test-rmse:0.258113+0.006714 
[1025]	train-rmse:0.255416+0.004091	test-rmse:0.258040+0.006711 
[1026]	train-rmse:0.255415+0.004091	test-rmse:0.258039+0.006711 
[1027]	train-rmse:0.255303+0.004064	test-rmse:0.257927+0.006692 
[1028]	train-rmse:0.255302+0.004064	test-rmse:0.257926+0.006692 
[1029]	train-rmse:0.255301+0.004064	test-rmse:0.257925+0.006692 
[1030]	train-rmse:0.255188+0.003965	test-rmse:0.257810+0.006751 
[1031]	train-rmse:0.255072+0.004180	test-rmse:0.257713+0.006748 
[1032]	train-rmse:0.254965+0.004379	test-rmse:0.257622+0.006750 
[1033]	train-rmse:0.254965+0.004378	test-rmse:0.257621+0.006750 
[1034]	train-rmse:0.254865+0.004358	test-rmse:0.257526+0.006736 
[1035]	train-rmse:0.254864+0.004358	test-rmse:0.257526+0.006736 
[1036]	train-rmse:0.254863+0.004358	test-rmse:0.257525+0.006736 
[1037]	train-rmse:0.254773+0.004524	test-rmse:0.257448+0.006741 
[1038]	train-rmse:0.254678+0.004450	test-rmse:0.257351+0.006791 
[1039]	train-rmse:0.254582+0.004631	test-rmse:0.257278+0.006797 
[1040]	train-rmse:0.254581+0.004631	test-rmse:0.257277+0.006797 
[1041]	train-rmse:0.254580+0.004631	test-rmse:0.257276+0.006797 
[1042]	train-rmse:0.254579+0.004631	test-rmse:0.257276+0.006797 
[1043]	train-rmse:0.254361+0.004456	test-rmse:0.257055+0.006670 
[1044]	train-rmse:0.254360+0.004456	test-rmse:0.257054+0.006670 
[1045]	train-rmse:0.254359+0.004456	test-rmse:0.257053+0.006670 
[1046]	train-rmse:0.254359+0.004455	test-rmse:0.257052+0.006670 
[1047]	train-rmse:0.254358+0.004455	test-rmse:0.257051+0.006670 
[1048]	train-rmse:0.254357+0.004455	test-rmse:0.257051+0.006670 
[1049]	train-rmse:0.254356+0.004455	test-rmse:0.257050+0.006670 
[1050]	train-rmse:0.254355+0.004455	test-rmse:0.257049+0.006670 
[1051]	train-rmse:0.254251+0.004655	test-rmse:0.256962+0.006679 
[1052]	train-rmse:0.254250+0.004655	test-rmse:0.256961+0.006679 
[1053]	train-rmse:0.254153+0.004648	test-rmse:0.256862+0.006802 
[1054]	train-rmse:0.254050+0.004622	test-rmse:0.256767+0.006784 
[1055]	train-rmse:0.254049+0.004622	test-rmse:0.256767+0.006784 
[1056]	train-rmse:0.253944+0.004621	test-rmse:0.256659+0.006921 
[1057]	train-rmse:0.253943+0.004621	test-rmse:0.256658+0.006921 
[1058]	train-rmse:0.253943+0.004621	test-rmse:0.256657+0.006921 
[1059]	train-rmse:0.253850+0.004628	test-rmse:0.256566+0.007040 
[1060]	train-rmse:0.253849+0.004628	test-rmse:0.256565+0.007040 
[1061]	train-rmse:0.253848+0.004628	test-rmse:0.256564+0.007040 
[1062]	train-rmse:0.253847+0.004628	test-rmse:0.256564+0.007040 
[1063]	train-rmse:0.253847+0.004628	test-rmse:0.256563+0.007040 
[1064]	train-rmse:0.253846+0.004628	test-rmse:0.256562+0.007040 
[1065]	train-rmse:0.253845+0.004628	test-rmse:0.256561+0.007040 
[1066]	train-rmse:0.253646+0.004719	test-rmse:0.256387+0.007101 
[1067]	train-rmse:0.253645+0.004719	test-rmse:0.256386+0.007101 
[1068]	train-rmse:0.253540+0.004650	test-rmse:0.256280+0.007161 
[1069]	train-rmse:0.253539+0.004650	test-rmse:0.256279+0.007161 
[1070]	train-rmse:0.253317+0.004550	test-rmse:0.256062+0.007212 
[1071]	train-rmse:0.253316+0.004550	test-rmse:0.256062+0.007212 
[1072]	train-rmse:0.253315+0.004550	test-rmse:0.256061+0.007212 
[1073]	train-rmse:0.253116+0.004531	test-rmse:0.255855+0.007326 
[1074]	train-rmse:0.253115+0.004531	test-rmse:0.255854+0.007326 
[1075]	train-rmse:0.252899+0.004351	test-rmse:0.255638+0.007225 
[1076]	train-rmse:0.252898+0.004351	test-rmse:0.255637+0.007225 
[1077]	train-rmse:0.252897+0.004351	test-rmse:0.255636+0.007225 
[1078]	train-rmse:0.252896+0.004351	test-rmse:0.255635+0.007225 
[1079]	train-rmse:0.252896+0.004351	test-rmse:0.255635+0.007225 
[1080]	train-rmse:0.252806+0.004331	test-rmse:0.255542+0.007212 
[1081]	train-rmse:0.252631+0.004425	test-rmse:0.255373+0.007278 
[1082]	train-rmse:0.252422+0.004505	test-rmse:0.255192+0.007106 
[1083]	train-rmse:0.252421+0.004505	test-rmse:0.255191+0.007106 
[1084]	train-rmse:0.252315+0.004401	test-rmse:0.255086+0.006924 
[1085]	train-rmse:0.252222+0.004315	test-rmse:0.254984+0.006749 
[1086]	train-rmse:0.252121+0.004508	test-rmse:0.254900+0.006751 
[1087]	train-rmse:0.252023+0.004698	test-rmse:0.254823+0.006757 
[1088]	train-rmse:0.251915+0.004609	test-rmse:0.254721+0.006581 
[1089]	train-rmse:0.251914+0.004609	test-rmse:0.254720+0.006581 
[1090]	train-rmse:0.251913+0.004609	test-rmse:0.254719+0.006580 
[1091]	train-rmse:0.251823+0.004785	test-rmse:0.254644+0.006589 
[1092]	train-rmse:0.251822+0.004785	test-rmse:0.254643+0.006588 
[1093]	train-rmse:0.251821+0.004785	test-rmse:0.254643+0.006588 
[1094]	train-rmse:0.251706+0.004767	test-rmse:0.254536+0.006719 
[1095]	train-rmse:0.251705+0.004767	test-rmse:0.254536+0.006719 
[1096]	train-rmse:0.251488+0.004614	test-rmse:0.254314+0.006604 
[1097]	train-rmse:0.251295+0.004714	test-rmse:0.254140+0.006686 
[1098]	train-rmse:0.251294+0.004714	test-rmse:0.254139+0.006686 
[1099]	train-rmse:0.251293+0.004714	test-rmse:0.254138+0.006686 
[1100]	train-rmse:0.251189+0.004637	test-rmse:0.254045+0.006528 
[1101]	train-rmse:0.251188+0.004637	test-rmse:0.254044+0.006528 
[1102]	train-rmse:0.251106+0.004798	test-rmse:0.253986+0.006534 
[1103]	train-rmse:0.251106+0.004798	test-rmse:0.253985+0.006534 
[1104]	train-rmse:0.251105+0.004798	test-rmse:0.253984+0.006534 
[1105]	train-rmse:0.251104+0.004798	test-rmse:0.253984+0.006534 
[1106]	train-rmse:0.251104+0.004798	test-rmse:0.253983+0.006534 
[1107]	train-rmse:0.251103+0.004798	test-rmse:0.253982+0.006534 
[1108]	train-rmse:0.251102+0.004797	test-rmse:0.253982+0.006534 
[1109]	train-rmse:0.251102+0.004797	test-rmse:0.253981+0.006534 
[1110]	train-rmse:0.251101+0.004797	test-rmse:0.253980+0.006534 
[1111]	train-rmse:0.250992+0.004778	test-rmse:0.253878+0.006658 
[1112]	train-rmse:0.250892+0.004710	test-rmse:0.253775+0.006487 
[1113]	train-rmse:0.250784+0.004649	test-rmse:0.253663+0.006569 
[1114]	train-rmse:0.250783+0.004649	test-rmse:0.253662+0.006569 
[1115]	train-rmse:0.250782+0.004649	test-rmse:0.253661+0.006569 
[1116]	train-rmse:0.250782+0.004649	test-rmse:0.253661+0.006569 
[1117]	train-rmse:0.250781+0.004649	test-rmse:0.253660+0.006569 
[1118]	train-rmse:0.250699+0.004604	test-rmse:0.253578+0.006537 
[1119]	train-rmse:0.250592+0.004533	test-rmse:0.253480+0.006373 
[1120]	train-rmse:0.250591+0.004533	test-rmse:0.253479+0.006373 
[1121]	train-rmse:0.250497+0.004484	test-rmse:0.253387+0.006341 
[1122]	train-rmse:0.250496+0.004484	test-rmse:0.253387+0.006341 
[1123]	train-rmse:0.250405+0.004663	test-rmse:0.253309+0.006345 
[1124]	train-rmse:0.250405+0.004663	test-rmse:0.253308+0.006345 
[1125]	train-rmse:0.250404+0.004663	test-rmse:0.253307+0.006345 
[1126]	train-rmse:0.250306+0.004855	test-rmse:0.253235+0.006353 
[1127]	train-rmse:0.250093+0.004741	test-rmse:0.253014+0.006116 
[1128]	train-rmse:0.250092+0.004741	test-rmse:0.253013+0.006116 
[1129]	train-rmse:0.249998+0.004684	test-rmse:0.252919+0.006185 
[1130]	train-rmse:0.249997+0.004684	test-rmse:0.252918+0.006185 
[1131]	train-rmse:0.249997+0.004684	test-rmse:0.252918+0.006185 
[1132]	train-rmse:0.249785+0.004565	test-rmse:0.252700+0.006082 
[1133]	train-rmse:0.249785+0.004565	test-rmse:0.252699+0.006082 
[1134]	train-rmse:0.249575+0.004459	test-rmse:0.252489+0.005864 
[1135]	train-rmse:0.249473+0.004413	test-rmse:0.252392+0.005703 
[1136]	train-rmse:0.249376+0.004370	test-rmse:0.252281+0.005837 
[1137]	train-rmse:0.249184+0.004509	test-rmse:0.252109+0.005680 
[1138]	train-rmse:0.248999+0.004411	test-rmse:0.251916+0.005873 
[1139]	train-rmse:0.248998+0.004411	test-rmse:0.251916+0.005873 
[1140]	train-rmse:0.248998+0.004411	test-rmse:0.251915+0.005873 
[1141]	train-rmse:0.248997+0.004411	test-rmse:0.251914+0.005873 
[1142]	train-rmse:0.248996+0.004411	test-rmse:0.251914+0.005873 
[1143]	train-rmse:0.248912+0.004577	test-rmse:0.251847+0.005873 
[1144]	train-rmse:0.248912+0.004577	test-rmse:0.251846+0.005873 
[1145]	train-rmse:0.248724+0.004694	test-rmse:0.251674+0.005958 
[1146]	train-rmse:0.248723+0.004694	test-rmse:0.251674+0.005958 
[1147]	train-rmse:0.248624+0.004638	test-rmse:0.251582+0.005918 
[1148]	train-rmse:0.248624+0.004638	test-rmse:0.251582+0.005918 
[1149]	train-rmse:0.248623+0.004638	test-rmse:0.251581+0.005918 
[1150]	train-rmse:0.248622+0.004638	test-rmse:0.251580+0.005918 
[1151]	train-rmse:0.248622+0.004637	test-rmse:0.251580+0.005918 
[1152]	train-rmse:0.248441+0.004781	test-rmse:0.251420+0.006036 
[1153]	train-rmse:0.248440+0.004781	test-rmse:0.251419+0.006036 
[1154]	train-rmse:0.248439+0.004781	test-rmse:0.251418+0.006036 
[1155]	train-rmse:0.248439+0.004781	test-rmse:0.251418+0.006036 
[1156]	train-rmse:0.248339+0.004729	test-rmse:0.251325+0.005999 
[1157]	train-rmse:0.248338+0.004729	test-rmse:0.251324+0.005999 
[1158]	train-rmse:0.248337+0.004729	test-rmse:0.251324+0.005999 
[1159]	train-rmse:0.248337+0.004729	test-rmse:0.251323+0.005999 
[1160]	train-rmse:0.248336+0.004729	test-rmse:0.251323+0.006000 
[1161]	train-rmse:0.248255+0.004891	test-rmse:0.251248+0.006006 
[1162]	train-rmse:0.248254+0.004891	test-rmse:0.251247+0.006006 
[1163]	train-rmse:0.248168+0.004842	test-rmse:0.251164+0.006071 
[1164]	train-rmse:0.248084+0.004801	test-rmse:0.251086+0.006136 
[1165]	train-rmse:0.248004+0.004961	test-rmse:0.251017+0.006143 
[1166]	train-rmse:0.248003+0.004961	test-rmse:0.251017+0.006143 
[1167]	train-rmse:0.248002+0.004961	test-rmse:0.251016+0.006143 
[1168]	train-rmse:0.248002+0.004961	test-rmse:0.251015+0.006143 
[1169]	train-rmse:0.248001+0.004961	test-rmse:0.251015+0.006143 
[1170]	train-rmse:0.247809+0.004867	test-rmse:0.250824+0.006070 
[1171]	train-rmse:0.247809+0.004867	test-rmse:0.250823+0.006070 
[1172]	train-rmse:0.247808+0.004867	test-rmse:0.250823+0.006070 
[1173]	train-rmse:0.247639+0.004794	test-rmse:0.250652+0.006243 
[1174]	train-rmse:0.247638+0.004794	test-rmse:0.250651+0.006243 
[1175]	train-rmse:0.247638+0.004793	test-rmse:0.250651+0.006243 
[1176]	train-rmse:0.247460+0.004905	test-rmse:0.250489+0.006202 
[1177]	train-rmse:0.247459+0.004905	test-rmse:0.250489+0.006202 
[1178]	train-rmse:0.247459+0.004905	test-rmse:0.250488+0.006202 
[1179]	train-rmse:0.247351+0.004848	test-rmse:0.250384+0.006029 
[1180]	train-rmse:0.247250+0.004795	test-rmse:0.250285+0.005989 
[1181]	train-rmse:0.247249+0.004795	test-rmse:0.250285+0.005989 
[1182]	train-rmse:0.247248+0.004795	test-rmse:0.250284+0.005989 
[1183]	train-rmse:0.247159+0.004754	test-rmse:0.250194+0.005958 
[1184]	train-rmse:0.247159+0.004754	test-rmse:0.250193+0.005958 
[1185]	train-rmse:0.247158+0.004754	test-rmse:0.250193+0.005958 
[1186]	train-rmse:0.247065+0.004714	test-rmse:0.250108+0.006035 
[1187]	train-rmse:0.246894+0.004826	test-rmse:0.249954+0.006009 
[1188]	train-rmse:0.246807+0.004793	test-rmse:0.249856+0.006101 
[1189]	train-rmse:0.246698+0.004755	test-rmse:0.249752+0.006075 
[1190]	train-rmse:0.246599+0.004696	test-rmse:0.249651+0.005900 
[1191]	train-rmse:0.246599+0.004696	test-rmse:0.249650+0.005900 
[1192]	train-rmse:0.246598+0.004696	test-rmse:0.249650+0.005900 
[1193]	train-rmse:0.246597+0.004696	test-rmse:0.249649+0.005900 
[1194]	train-rmse:0.246597+0.004696	test-rmse:0.249649+0.005900 
[1195]	train-rmse:0.246596+0.004696	test-rmse:0.249648+0.005900 
[1196]	train-rmse:0.246509+0.004664	test-rmse:0.249555+0.005991 
[1197]	train-rmse:0.246508+0.004664	test-rmse:0.249555+0.005991 
[1198]	train-rmse:0.246408+0.004609	test-rmse:0.249445+0.005804 
[1199]	train-rmse:0.246407+0.004609	test-rmse:0.249444+0.005804 
[1200]	train-rmse:0.246313+0.004579	test-rmse:0.249361+0.005890 
[1201]	train-rmse:0.246312+0.004579	test-rmse:0.249360+0.005890 
[1202]	train-rmse:0.246312+0.004579	test-rmse:0.249360+0.005890 
[1203]	train-rmse:0.246311+0.004579	test-rmse:0.249359+0.005890 
[1204]	train-rmse:0.246213+0.004556	test-rmse:0.249273+0.005983 
[1205]	train-rmse:0.246212+0.004556	test-rmse:0.249272+0.005983 
[1206]	train-rmse:0.246212+0.004556	test-rmse:0.249272+0.005983 
[1207]	train-rmse:0.246119+0.004736	test-rmse:0.249203+0.005980 
[1208]	train-rmse:0.246038+0.004895	test-rmse:0.249145+0.005980 
[1209]	train-rmse:0.246037+0.004895	test-rmse:0.249144+0.005980 
[1210]	train-rmse:0.246037+0.004895	test-rmse:0.249144+0.005980 
[1211]	train-rmse:0.246036+0.004895	test-rmse:0.249143+0.005980 
[1212]	train-rmse:0.246036+0.004895	test-rmse:0.249143+0.005980 
[1213]	train-rmse:0.246035+0.004895	test-rmse:0.249142+0.005980 
[1214]	train-rmse:0.246034+0.004895	test-rmse:0.249142+0.005980 
[1215]	train-rmse:0.246034+0.004895	test-rmse:0.249141+0.005980 
[1216]	train-rmse:0.246033+0.004895	test-rmse:0.249141+0.005980 
[1217]	train-rmse:0.245875+0.005034	test-rmse:0.248986+0.006074 
[1218]	train-rmse:0.245874+0.005034	test-rmse:0.248986+0.006074 
[1219]	train-rmse:0.245874+0.005034	test-rmse:0.248985+0.006074 
[1220]	train-rmse:0.245873+0.005034	test-rmse:0.248985+0.006074 
[1221]	train-rmse:0.245873+0.005034	test-rmse:0.248984+0.006074 
[1222]	train-rmse:0.245797+0.005181	test-rmse:0.248928+0.006078 
[1223]	train-rmse:0.245711+0.005117	test-rmse:0.248832+0.006163 
[1224]	train-rmse:0.245711+0.005117	test-rmse:0.248832+0.006163 
[1225]	train-rmse:0.245710+0.005117	test-rmse:0.248831+0.006163 
[1226]	train-rmse:0.245618+0.005102	test-rmse:0.248742+0.006260 
[1227]	train-rmse:0.245516+0.005031	test-rmse:0.248649+0.006345 
[1228]	train-rmse:0.245516+0.005031	test-rmse:0.248648+0.006345 
[1229]	train-rmse:0.245515+0.005031	test-rmse:0.248648+0.006345 
[1230]	train-rmse:0.245515+0.005031	test-rmse:0.248647+0.006345 
[1231]	train-rmse:0.245428+0.004989	test-rmse:0.248561+0.006314 
[1232]	train-rmse:0.245339+0.004978	test-rmse:0.248480+0.006402 
[1233]	train-rmse:0.245247+0.004919	test-rmse:0.248381+0.006237 
[1234]	train-rmse:0.245246+0.004919	test-rmse:0.248380+0.006237 
[1235]	train-rmse:0.244989+0.004811	test-rmse:0.248128+0.006370 
[1236]	train-rmse:0.244989+0.004811	test-rmse:0.248128+0.006370 
[1237]	train-rmse:0.244882+0.004766	test-rmse:0.248024+0.006340 
[1238]	train-rmse:0.244881+0.004766	test-rmse:0.248024+0.006340 
[1239]	train-rmse:0.244881+0.004766	test-rmse:0.248023+0.006340 
[1240]	train-rmse:0.244783+0.004695	test-rmse:0.247927+0.006429 
[1241]	train-rmse:0.244686+0.004628	test-rmse:0.247825+0.006258 
[1242]	train-rmse:0.244685+0.004628	test-rmse:0.247825+0.006258 
[1243]	train-rmse:0.244685+0.004627	test-rmse:0.247824+0.006258 
[1244]	train-rmse:0.244605+0.004783	test-rmse:0.247760+0.006254 
[1245]	train-rmse:0.244604+0.004783	test-rmse:0.247759+0.006254 
[1246]	train-rmse:0.244604+0.004783	test-rmse:0.247759+0.006254 
[1247]	train-rmse:0.244603+0.004783	test-rmse:0.247758+0.006254 
[1248]	train-rmse:0.244517+0.004729	test-rmse:0.247670+0.006107 
[1249]	train-rmse:0.244516+0.004729	test-rmse:0.247670+0.006107 
[1250]	train-rmse:0.244516+0.004729	test-rmse:0.247669+0.006107 
[1251]	train-rmse:0.244355+0.004850	test-rmse:0.247524+0.006199 
[1252]	train-rmse:0.244292+0.004973	test-rmse:0.247477+0.006198 
[1253]	train-rmse:0.244291+0.004973	test-rmse:0.247477+0.006198 
[1254]	train-rmse:0.244291+0.004973	test-rmse:0.247476+0.006198 
[1255]	train-rmse:0.244126+0.005074	test-rmse:0.247328+0.006169 
[1256]	train-rmse:0.244043+0.005234	test-rmse:0.247264+0.006171 
[1257]	train-rmse:0.244043+0.005234	test-rmse:0.247264+0.006171 
[1258]	train-rmse:0.243952+0.005223	test-rmse:0.247178+0.006266 
[1259]	train-rmse:0.243885+0.005353	test-rmse:0.247122+0.006269 
[1260]	train-rmse:0.243885+0.005353	test-rmse:0.247122+0.006269 
[1261]	train-rmse:0.243798+0.005289	test-rmse:0.247032+0.006346 
[1262]	train-rmse:0.243798+0.005289	test-rmse:0.247032+0.006346 
[1263]	train-rmse:0.243716+0.005448	test-rmse:0.246965+0.006351 
[1264]	train-rmse:0.243536+0.005330	test-rmse:0.246793+0.006237 
[1265]	train-rmse:0.243536+0.005330	test-rmse:0.246792+0.006237 
[1266]	train-rmse:0.243462+0.005474	test-rmse:0.246731+0.006243 
[1267]	train-rmse:0.243462+0.005473	test-rmse:0.246731+0.006242 
[1268]	train-rmse:0.243380+0.005462	test-rmse:0.246649+0.006330 
[1269]	train-rmse:0.243199+0.005346	test-rmse:0.246481+0.006260 
[1270]	train-rmse:0.243198+0.005346	test-rmse:0.246480+0.006260 
[1271]	train-rmse:0.243198+0.005346	test-rmse:0.246480+0.006259 
[1272]	train-rmse:0.243197+0.005346	test-rmse:0.246479+0.006259 
[1273]	train-rmse:0.243197+0.005346	test-rmse:0.246479+0.006259 
[1274]	train-rmse:0.243127+0.005483	test-rmse:0.246426+0.006264 
[1275]	train-rmse:0.243126+0.005483	test-rmse:0.246426+0.006264 
[1276]	train-rmse:0.243126+0.005483	test-rmse:0.246425+0.006264 
[1277]	train-rmse:0.243125+0.005483	test-rmse:0.246425+0.006264 
[1278]	train-rmse:0.243036+0.005434	test-rmse:0.246336+0.006117 
[1279]	train-rmse:0.243035+0.005434	test-rmse:0.246335+0.006117 
[1280]	train-rmse:0.243035+0.005434	test-rmse:0.246335+0.006117 
[1281]	train-rmse:0.242835+0.005328	test-rmse:0.246146+0.005913 
[1282]	train-rmse:0.242835+0.005328	test-rmse:0.246145+0.005913 
[1283]	train-rmse:0.242743+0.005263	test-rmse:0.246065+0.005990 
[1284]	train-rmse:0.242676+0.005394	test-rmse:0.246019+0.005992 
[1285]	train-rmse:0.242676+0.005394	test-rmse:0.246019+0.005992 
[1286]	train-rmse:0.242675+0.005394	test-rmse:0.246018+0.005992 
[1287]	train-rmse:0.242675+0.005394	test-rmse:0.246018+0.005992 
[1288]	train-rmse:0.242576+0.005348	test-rmse:0.245919+0.005831 
[1289]	train-rmse:0.242576+0.005348	test-rmse:0.245918+0.005831 
[1290]	train-rmse:0.242576+0.005348	test-rmse:0.245918+0.005831 
[1291]	train-rmse:0.242495+0.005330	test-rmse:0.245838+0.005917 
[1292]	train-rmse:0.242494+0.005330	test-rmse:0.245838+0.005917 
[1293]	train-rmse:0.242402+0.005314	test-rmse:0.245757+0.006008 
[1294]	train-rmse:0.242402+0.005314	test-rmse:0.245756+0.006008 
[1295]	train-rmse:0.242312+0.005305	test-rmse:0.245676+0.006100 
[1296]	train-rmse:0.242231+0.005461	test-rmse:0.245622+0.006102 
[1297]	train-rmse:0.242231+0.005461	test-rmse:0.245621+0.006102 
[1298]	train-rmse:0.242144+0.005457	test-rmse:0.245531+0.006209 
[1299]	train-rmse:0.242144+0.005457	test-rmse:0.245531+0.006209 
[1300]	train-rmse:0.242058+0.005622	test-rmse:0.245465+0.006213 
[1301]	train-rmse:0.241974+0.005561	test-rmse:0.245379+0.006287 
[1302]	train-rmse:0.241901+0.005559	test-rmse:0.245310+0.006368 
[1303]	train-rmse:0.241809+0.005498	test-rmse:0.245226+0.006326 
[1304]	train-rmse:0.241650+0.005408	test-rmse:0.245078+0.006149 
[1305]	train-rmse:0.241650+0.005408	test-rmse:0.245078+0.006150 
[1306]	train-rmse:0.241483+0.005513	test-rmse:0.244921+0.006000 
[1307]	train-rmse:0.241483+0.005513	test-rmse:0.244921+0.006000 
[1308]	train-rmse:0.241482+0.005513	test-rmse:0.244920+0.006000 
[1309]	train-rmse:0.241399+0.005463	test-rmse:0.244835+0.005958 
[1310]	train-rmse:0.241211+0.005347	test-rmse:0.244634+0.005885 
[1311]	train-rmse:0.241211+0.005347	test-rmse:0.244633+0.005885 
[1312]	train-rmse:0.241129+0.005315	test-rmse:0.244554+0.005761 
[1313]	train-rmse:0.241128+0.005315	test-rmse:0.244554+0.005761 
[1314]	train-rmse:0.241049+0.005306	test-rmse:0.244474+0.005857 
[1315]	train-rmse:0.241049+0.005306	test-rmse:0.244474+0.005857 
[1316]	train-rmse:0.240888+0.005374	test-rmse:0.244326+0.005942 
[1317]	train-rmse:0.240887+0.005374	test-rmse:0.244326+0.005942 
[1318]	train-rmse:0.240887+0.005374	test-rmse:0.244325+0.005942 
[1319]	train-rmse:0.240804+0.005343	test-rmse:0.244239+0.005810 
[1320]	train-rmse:0.240655+0.005429	test-rmse:0.244108+0.005885 
[1321]	train-rmse:0.240557+0.005362	test-rmse:0.244012+0.005831 
[1322]	train-rmse:0.240557+0.005362	test-rmse:0.244011+0.005831 
[1323]	train-rmse:0.240556+0.005362	test-rmse:0.244011+0.005831 
[1324]	train-rmse:0.240485+0.005501	test-rmse:0.243960+0.005831 
[1325]	train-rmse:0.240484+0.005501	test-rmse:0.243960+0.005831 
[1326]	train-rmse:0.240410+0.005646	test-rmse:0.243901+0.005833 
[1327]	train-rmse:0.240327+0.005633	test-rmse:0.243819+0.005927 
[1328]	train-rmse:0.240327+0.005633	test-rmse:0.243819+0.005927 
[1329]	train-rmse:0.240327+0.005633	test-rmse:0.243818+0.005927 
[1330]	train-rmse:0.240236+0.005624	test-rmse:0.243737+0.006023 
[1331]	train-rmse:0.240178+0.005736	test-rmse:0.243691+0.006025 
[1332]	train-rmse:0.240177+0.005736	test-rmse:0.243691+0.006025 
[1333]	train-rmse:0.240102+0.005882	test-rmse:0.243640+0.006029 
[1334]	train-rmse:0.240101+0.005881	test-rmse:0.243640+0.006029 
[1335]	train-rmse:0.240101+0.005881	test-rmse:0.243640+0.006029 
[1336]	train-rmse:0.240101+0.005881	test-rmse:0.243639+0.006029 
[1337]	train-rmse:0.240100+0.005881	test-rmse:0.243639+0.006029 
[1338]	train-rmse:0.240100+0.005881	test-rmse:0.243638+0.006029 
[1339]	train-rmse:0.240099+0.005881	test-rmse:0.243638+0.006029 
[1340]	train-rmse:0.240031+0.006013	test-rmse:0.243586+0.006034 
[1341]	train-rmse:0.239949+0.006008	test-rmse:0.243504+0.006132 
[1342]	train-rmse:0.239948+0.006008	test-rmse:0.243504+0.006132 
[1343]	train-rmse:0.239948+0.006008	test-rmse:0.243504+0.006132 
[1344]	train-rmse:0.239947+0.006008	test-rmse:0.243503+0.006132 
[1345]	train-rmse:0.239947+0.006008	test-rmse:0.243503+0.006132 
[1346]	train-rmse:0.239947+0.006008	test-rmse:0.243502+0.006132 
[1347]	train-rmse:0.239791+0.005898	test-rmse:0.243346+0.006138 
[1348]	train-rmse:0.239791+0.005898	test-rmse:0.243346+0.006138 
[1349]	train-rmse:0.239790+0.005898	test-rmse:0.243346+0.006138 
[1350]	train-rmse:0.239790+0.005898	test-rmse:0.243345+0.006138 
[1351]	train-rmse:0.239789+0.005898	test-rmse:0.243345+0.006138 
[1352]	train-rmse:0.239703+0.005835	test-rmse:0.243257+0.006216 
[1353]	train-rmse:0.239703+0.005835	test-rmse:0.243256+0.006216 
[1354]	train-rmse:0.239632+0.005831	test-rmse:0.243197+0.006285 
[1355]	train-rmse:0.239544+0.005774	test-rmse:0.243113+0.006241 
[1356]	train-rmse:0.239543+0.005774	test-rmse:0.243113+0.006241 
[1357]	train-rmse:0.239443+0.005724	test-rmse:0.243015+0.006086 
[1358]	train-rmse:0.239443+0.005724	test-rmse:0.243015+0.006086 
[1359]	train-rmse:0.239442+0.005724	test-rmse:0.243014+0.006086 
[1360]	train-rmse:0.239442+0.005724	test-rmse:0.243014+0.006086 
[1361]	train-rmse:0.239441+0.005724	test-rmse:0.243013+0.006086 
[1362]	train-rmse:0.239441+0.005724	test-rmse:0.243013+0.006086 
[1363]	train-rmse:0.239370+0.005861	test-rmse:0.242953+0.006089 
[1364]	train-rmse:0.239370+0.005861	test-rmse:0.242952+0.006089 
[1365]	train-rmse:0.239369+0.005860	test-rmse:0.242952+0.006089 
[1366]	train-rmse:0.239369+0.005860	test-rmse:0.242952+0.006089 
[1367]	train-rmse:0.239298+0.005857	test-rmse:0.242882+0.006173 
[1368]	train-rmse:0.239148+0.005976	test-rmse:0.242757+0.006266 
[1369]	train-rmse:0.239148+0.005976	test-rmse:0.242757+0.006266 
[1370]	train-rmse:0.239147+0.005976	test-rmse:0.242757+0.006266 
[1371]	train-rmse:0.238986+0.005861	test-rmse:0.242592+0.006303 
[1372]	train-rmse:0.238986+0.005861	test-rmse:0.242592+0.006303 
[1373]	train-rmse:0.238898+0.005807	test-rmse:0.242511+0.006263 
[1374]	train-rmse:0.238830+0.005938	test-rmse:0.242461+0.006265 
[1375]	train-rmse:0.238746+0.005894	test-rmse:0.242375+0.006127 
[1376]	train-rmse:0.238745+0.005894	test-rmse:0.242375+0.006127 
[1377]	train-rmse:0.238575+0.005854	test-rmse:0.242201+0.006118 
[1378]	train-rmse:0.238574+0.005854	test-rmse:0.242201+0.006118 
[1379]	train-rmse:0.238574+0.005854	test-rmse:0.242200+0.006118 
[1380]	train-rmse:0.238520+0.005957	test-rmse:0.242158+0.006120 
[1381]	train-rmse:0.238520+0.005957	test-rmse:0.242157+0.006120 
[1382]	train-rmse:0.238448+0.005900	test-rmse:0.242085+0.006180 
[1383]	train-rmse:0.238360+0.005860	test-rmse:0.242003+0.006051 
[1384]	train-rmse:0.238191+0.005740	test-rmse:0.241828+0.006076 
[1385]	train-rmse:0.238031+0.005629	test-rmse:0.241676+0.006120 
[1386]	train-rmse:0.237974+0.005739	test-rmse:0.241625+0.006119 
[1387]	train-rmse:0.237974+0.005739	test-rmse:0.241625+0.006119 
[1388]	train-rmse:0.237973+0.005739	test-rmse:0.241624+0.006119 
[1389]	train-rmse:0.237973+0.005739	test-rmse:0.241624+0.006119 
[1390]	train-rmse:0.237809+0.005826	test-rmse:0.241471+0.006079 
[1391]	train-rmse:0.237740+0.005776	test-rmse:0.241396+0.006148 
[1392]	train-rmse:0.237740+0.005776	test-rmse:0.241396+0.006148 
[1393]	train-rmse:0.237739+0.005776	test-rmse:0.241396+0.006148 
[1394]	train-rmse:0.237652+0.005766	test-rmse:0.241311+0.006244 
[1395]	train-rmse:0.237652+0.005766	test-rmse:0.241310+0.006244 
[1396]	train-rmse:0.237652+0.005766	test-rmse:0.241310+0.006244 
[1397]	train-rmse:0.237565+0.005720	test-rmse:0.241234+0.006122 
[1398]	train-rmse:0.237565+0.005720	test-rmse:0.241234+0.006122 
[1399]	train-rmse:0.237564+0.005720	test-rmse:0.241233+0.006122 
[1400]	train-rmse:0.237564+0.005720	test-rmse:0.241233+0.006122 
[1401]	train-rmse:0.237564+0.005720	test-rmse:0.241233+0.006122 
[1402]	train-rmse:0.237427+0.005794	test-rmse:0.241111+0.005995 
[1403]	train-rmse:0.237427+0.005794	test-rmse:0.241110+0.005995 
> hgrid <-
+   dplyr::bind_cols(xgboost_params[index, ], dart.cv$evaluation_log[dart.cv$best_iteration, ], best_iter = dart.cv$best_iteration)
> 
> # write result
> fname <- file.path('data-raw', 'tune', year, 'array', paste0('tune_', index, '.tsv'))
> readr::write_tsv(hgrid, file = fname)
