> 
> # parse arguments
> args <- R.utils::commandArgs(trailingOnly = FALSE, asValues = TRUE)
> index <- as.integer(args$index)
> year <- as.character(args$year)
> nreps <- as.integer(args$nreps)
> seed <- as.integer(args$seed)
> 
> # get number of cores
> wkrs <- length(future::availableWorkers())
> 
> # set seed
> set.seed(seed)
> 
> # read and prepare the cluster features
> fp <- file.path('data-raw', 'features', year)
> clf <-
+   read_features(fp, pattern = 'paris.', recursive = FALSE)
> clf <- prepare_features(
+   clf,
+   feature_map = feature_map,
+   category = c('response', 'bio', 'net'),
+   type = 'list',
+   exclusions = c(
+     'mg2_pairs_count',
+     'mg2_not_pairs_count',
+     'mg2_portion_families_recovered',
+     'cluster_origin',
+     'bocc_origin',
+     'cluster_method',
+     'subcluster_method',
+     'year',
+     'IDs',
+     'go_sig_threshold',
+     'num_new_edges_on_any_node',
+     'HPO_ratio'
+   ),
+   verbose = TRUE
+ )
c('HPO_ratio', 'IDs', 'bocc_origin', 'cluster_method', 'cluster_origin', 'go_sig_threshold', 'max_norm_cell_type_comma_sep_string', 'max_norm_disease_comma_sep_string', 'mg2_not_pairs_count', 'mg2_pairs_count', 'mg2_portion_families_recovered', 'num_new_edges_on_any_node', 'sig_go_enrichment_fdr_corrected_p_vals', 'sig_go_enrichment_p_vals', 'sig_go_enrichment_terms', 'subcluster_method', 'year')

> 
> # prepare grid of parameters
> xgboost_params <- dials::parameters(
+   nrounds = dials::trees(),
+   eta = dials::learn_rate(),
+   gamma = dials::loss_reduction(),
+   dials::tree_depth(),
+   subsample = dials::sample_prop(),
+   rate_drop = dials::dropout(),
+   skip_drop = dials::dropout()
+ )
> xgboost_params <-
+   dials::grid_max_entropy(xgboost_params, size = nreps)
> 
> # tune the dart booster
> dart.param <-
+   list(
+     booster = "dart",
+     objective = "reg:logistic",
+     eval_metric = "rmse",
+     nthread = wkrs,
+     max_depth = xgboost_params$tree_depth[index],
+     eta = xgboost_params$eta[index],
+     gamma = xgboost_params$gamma[index],
+     subsample = xgboost_params$subsample[index],
+     rate_drop = xgboost_params$rate_drop[index],
+     skip_drop = xgboost_params$skip_drop[index]
+   )
> dart.cv <- xgboost::xgb.cv(
+   params = dart.param,
+   nrounds = xgboost_params$nrounds[index],
+   data = as.matrix(clf[, -1]),
+   nfold = 5,
+   label = clf$snowballing_pvalue,
+   early_stopping_rounds = 50
+ )
[1]	train-rmse:0.382675+0.001055	test-rmse:0.382651+0.004188 
Multiple eval metrics are present. Will use test_rmse for early stopping.
Will train until test_rmse hasn't improved in 50 rounds.

[2]	train-rmse:0.382668+0.001055	test-rmse:0.382645+0.004189 
[3]	train-rmse:0.382662+0.001055	test-rmse:0.382638+0.004188 
[4]	train-rmse:0.382656+0.001054	test-rmse:0.382632+0.004189 
[5]	train-rmse:0.382650+0.001054	test-rmse:0.382626+0.004189 
[6]	train-rmse:0.382643+0.001054	test-rmse:0.382620+0.004189 
[7]	train-rmse:0.382637+0.001054	test-rmse:0.382614+0.004188 
[8]	train-rmse:0.382633+0.001056	test-rmse:0.382609+0.004187 
[9]	train-rmse:0.382626+0.001056	test-rmse:0.382603+0.004187 
[10]	train-rmse:0.382619+0.001056	test-rmse:0.382596+0.004187 
[11]	train-rmse:0.382613+0.001056	test-rmse:0.382589+0.004187 
[12]	train-rmse:0.382606+0.001056	test-rmse:0.382583+0.004187 
[13]	train-rmse:0.382600+0.001056	test-rmse:0.382577+0.004187 
[14]	train-rmse:0.382595+0.001057	test-rmse:0.382572+0.004186 
[15]	train-rmse:0.382591+0.001058	test-rmse:0.382567+0.004185 
[16]	train-rmse:0.382584+0.001057	test-rmse:0.382561+0.004185 
[17]	train-rmse:0.382579+0.001057	test-rmse:0.382556+0.004186 
[18]	train-rmse:0.382573+0.001057	test-rmse:0.382549+0.004186 
[19]	train-rmse:0.382567+0.001054	test-rmse:0.382544+0.004188 
[20]	train-rmse:0.382563+0.001052	test-rmse:0.382539+0.004190 
[21]	train-rmse:0.382557+0.001052	test-rmse:0.382534+0.004190 
[22]	train-rmse:0.382553+0.001054	test-rmse:0.382530+0.004189 
[23]	train-rmse:0.382548+0.001055	test-rmse:0.382525+0.004188 
[24]	train-rmse:0.382542+0.001054	test-rmse:0.382519+0.004188 
[25]	train-rmse:0.382538+0.001054	test-rmse:0.382515+0.004188 
[26]	train-rmse:0.382532+0.001056	test-rmse:0.382509+0.004187 
[27]	train-rmse:0.382525+0.001056	test-rmse:0.382502+0.004187 
[28]	train-rmse:0.382519+0.001055	test-rmse:0.382496+0.004187 
[29]	train-rmse:0.382516+0.001058	test-rmse:0.382493+0.004184 
[30]	train-rmse:0.382509+0.001058	test-rmse:0.382487+0.004184 
[31]	train-rmse:0.382508+0.001057	test-rmse:0.382485+0.004185 
[32]	train-rmse:0.382504+0.001059	test-rmse:0.382481+0.004184 
[33]	train-rmse:0.382497+0.001059	test-rmse:0.382474+0.004183 
[34]	train-rmse:0.382493+0.001057	test-rmse:0.382470+0.004185 
[35]	train-rmse:0.382486+0.001057	test-rmse:0.382463+0.004185 
[36]	train-rmse:0.382481+0.001057	test-rmse:0.382458+0.004185 
[37]	train-rmse:0.382476+0.001058	test-rmse:0.382453+0.004184 
[38]	train-rmse:0.382469+0.001058	test-rmse:0.382446+0.004184 
[39]	train-rmse:0.382465+0.001057	test-rmse:0.382442+0.004185 
[40]	train-rmse:0.382458+0.001057	test-rmse:0.382435+0.004185 
[41]	train-rmse:0.382454+0.001058	test-rmse:0.382431+0.004184 
[42]	train-rmse:0.382449+0.001059	test-rmse:0.382426+0.004183 
[43]	train-rmse:0.382442+0.001058	test-rmse:0.382420+0.004184 
[44]	train-rmse:0.382436+0.001058	test-rmse:0.382413+0.004184 
[45]	train-rmse:0.382429+0.001058	test-rmse:0.382406+0.004184 
[46]	train-rmse:0.382422+0.001057	test-rmse:0.382399+0.004184 
[47]	train-rmse:0.382416+0.001058	test-rmse:0.382394+0.004184 
[48]	train-rmse:0.382411+0.001059	test-rmse:0.382389+0.004183 
[49]	train-rmse:0.382406+0.001061	test-rmse:0.382383+0.004181 
[50]	train-rmse:0.382399+0.001060	test-rmse:0.382376+0.004181 
[51]	train-rmse:0.382393+0.001061	test-rmse:0.382370+0.004181 
[52]	train-rmse:0.382386+0.001060	test-rmse:0.382364+0.004181 
[53]	train-rmse:0.382379+0.001060	test-rmse:0.382357+0.004181 
[54]	train-rmse:0.382373+0.001060	test-rmse:0.382350+0.004181 
[55]	train-rmse:0.382366+0.001060	test-rmse:0.382344+0.004182 
[56]	train-rmse:0.382360+0.001059	test-rmse:0.382337+0.004182 
[57]	train-rmse:0.382354+0.001060	test-rmse:0.382332+0.004182 
[58]	train-rmse:0.382348+0.001059	test-rmse:0.382325+0.004182 
[59]	train-rmse:0.382341+0.001059	test-rmse:0.382318+0.004182 
[60]	train-rmse:0.382338+0.001058	test-rmse:0.382316+0.004183 
[61]	train-rmse:0.382331+0.001058	test-rmse:0.382309+0.004183 
[62]	train-rmse:0.382326+0.001059	test-rmse:0.382303+0.004182 
[63]	train-rmse:0.382320+0.001059	test-rmse:0.382298+0.004182 
[64]	train-rmse:0.382315+0.001057	test-rmse:0.382293+0.004184 
[65]	train-rmse:0.382310+0.001057	test-rmse:0.382287+0.004184 
[66]	train-rmse:0.382303+0.001057	test-rmse:0.382281+0.004184 
[67]	train-rmse:0.382297+0.001057	test-rmse:0.382274+0.004185 
[68]	train-rmse:0.382291+0.001058	test-rmse:0.382269+0.004183 
[69]	train-rmse:0.382285+0.001058	test-rmse:0.382263+0.004184 
[70]	train-rmse:0.382279+0.001058	test-rmse:0.382256+0.004184 
[71]	train-rmse:0.382272+0.001058	test-rmse:0.382249+0.004184 
[72]	train-rmse:0.382269+0.001057	test-rmse:0.382247+0.004184 
[73]	train-rmse:0.382262+0.001057	test-rmse:0.382240+0.004185 
[74]	train-rmse:0.382257+0.001056	test-rmse:0.382235+0.004185 
[75]	train-rmse:0.382251+0.001057	test-rmse:0.382229+0.004184 
[76]	train-rmse:0.382245+0.001058	test-rmse:0.382223+0.004183 
[77]	train-rmse:0.382240+0.001058	test-rmse:0.382218+0.004183 
[78]	train-rmse:0.382235+0.001059	test-rmse:0.382213+0.004182 
[79]	train-rmse:0.382228+0.001059	test-rmse:0.382206+0.004182 
[80]	train-rmse:0.382221+0.001060	test-rmse:0.382199+0.004181 
[81]	train-rmse:0.382215+0.001060	test-rmse:0.382193+0.004181 
[82]	train-rmse:0.382209+0.001057	test-rmse:0.382187+0.004184 
[83]	train-rmse:0.382203+0.001057	test-rmse:0.382181+0.004183 
[84]	train-rmse:0.382196+0.001057	test-rmse:0.382174+0.004184 
[85]	train-rmse:0.382191+0.001057	test-rmse:0.382169+0.004183 
[86]	train-rmse:0.382185+0.001058	test-rmse:0.382163+0.004183 
[87]	train-rmse:0.382180+0.001058	test-rmse:0.382158+0.004182 
[88]	train-rmse:0.382174+0.001058	test-rmse:0.382153+0.004182 
[89]	train-rmse:0.382170+0.001056	test-rmse:0.382149+0.004184 
[90]	train-rmse:0.382165+0.001057	test-rmse:0.382143+0.004183 
[91]	train-rmse:0.382160+0.001058	test-rmse:0.382139+0.004183 
[92]	train-rmse:0.382154+0.001058	test-rmse:0.382132+0.004183 
[93]	train-rmse:0.382147+0.001058	test-rmse:0.382125+0.004183 
[94]	train-rmse:0.382142+0.001057	test-rmse:0.382120+0.004184 
[95]	train-rmse:0.382135+0.001057	test-rmse:0.382114+0.004184 
[96]	train-rmse:0.382128+0.001057	test-rmse:0.382107+0.004184 
[97]	train-rmse:0.382123+0.001058	test-rmse:0.382102+0.004183 
[98]	train-rmse:0.382116+0.001057	test-rmse:0.382095+0.004183 
[99]	train-rmse:0.382111+0.001059	test-rmse:0.382090+0.004182 
[100]	train-rmse:0.382106+0.001056	test-rmse:0.382084+0.004184 
[101]	train-rmse:0.382101+0.001057	test-rmse:0.382080+0.004183 
[102]	train-rmse:0.382097+0.001058	test-rmse:0.382076+0.004182 
[103]	train-rmse:0.382091+0.001058	test-rmse:0.382069+0.004182 
[104]	train-rmse:0.382084+0.001058	test-rmse:0.382063+0.004182 
[105]	train-rmse:0.382077+0.001058	test-rmse:0.382056+0.004182 
[106]	train-rmse:0.382072+0.001058	test-rmse:0.382051+0.004182 
[107]	train-rmse:0.382068+0.001060	test-rmse:0.382047+0.004181 
[108]	train-rmse:0.382064+0.001057	test-rmse:0.382043+0.004183 
[109]	train-rmse:0.382059+0.001058	test-rmse:0.382037+0.004182 
[110]	train-rmse:0.382053+0.001058	test-rmse:0.382032+0.004182 
[111]	train-rmse:0.382047+0.001058	test-rmse:0.382025+0.004182 
[112]	train-rmse:0.382040+0.001058	test-rmse:0.382019+0.004182 
[113]	train-rmse:0.382033+0.001058	test-rmse:0.382012+0.004182 
[114]	train-rmse:0.382028+0.001059	test-rmse:0.382007+0.004181 
[115]	train-rmse:0.382023+0.001060	test-rmse:0.382001+0.004180 
[116]	train-rmse:0.382016+0.001060	test-rmse:0.381994+0.004180 
[117]	train-rmse:0.382010+0.001060	test-rmse:0.381988+0.004180 
[118]	train-rmse:0.382007+0.001058	test-rmse:0.381985+0.004182 
[119]	train-rmse:0.382000+0.001058	test-rmse:0.381979+0.004182 
[120]	train-rmse:0.381995+0.001056	test-rmse:0.381973+0.004184 
[121]	train-rmse:0.381988+0.001056	test-rmse:0.381967+0.004184 
[122]	train-rmse:0.381983+0.001057	test-rmse:0.381961+0.004183 
[123]	train-rmse:0.381976+0.001057	test-rmse:0.381955+0.004183 
[124]	train-rmse:0.381969+0.001057	test-rmse:0.381948+0.004183 
[125]	train-rmse:0.381963+0.001057	test-rmse:0.381941+0.004183 
[126]	train-rmse:0.381956+0.001057	test-rmse:0.381934+0.004183 
[127]	train-rmse:0.381950+0.001058	test-rmse:0.381929+0.004182 
[128]	train-rmse:0.381946+0.001058	test-rmse:0.381925+0.004181 
[129]	train-rmse:0.381941+0.001056	test-rmse:0.381919+0.004184 
[130]	train-rmse:0.381934+0.001056	test-rmse:0.381913+0.004184 
[131]	train-rmse:0.381928+0.001056	test-rmse:0.381906+0.004184 
[132]	train-rmse:0.381921+0.001056	test-rmse:0.381900+0.004184 
[133]	train-rmse:0.381916+0.001057	test-rmse:0.381894+0.004183 
[134]	train-rmse:0.381910+0.001057	test-rmse:0.381889+0.004183 
[135]	train-rmse:0.381904+0.001056	test-rmse:0.381883+0.004183 
[136]	train-rmse:0.381897+0.001057	test-rmse:0.381876+0.004183 
[137]	train-rmse:0.381891+0.001056	test-rmse:0.381869+0.004183 
[138]	train-rmse:0.381885+0.001054	test-rmse:0.381864+0.004186 
[139]	train-rmse:0.381879+0.001054	test-rmse:0.381858+0.004185 
[140]	train-rmse:0.381872+0.001054	test-rmse:0.381851+0.004185 
[141]	train-rmse:0.381865+0.001054	test-rmse:0.381844+0.004185 
[142]	train-rmse:0.381860+0.001054	test-rmse:0.381839+0.004185 
[143]	train-rmse:0.381855+0.001056	test-rmse:0.381834+0.004184 
[144]	train-rmse:0.381848+0.001056	test-rmse:0.381827+0.004183 
[145]	train-rmse:0.381842+0.001056	test-rmse:0.381821+0.004183 
[146]	train-rmse:0.381835+0.001056	test-rmse:0.381814+0.004184 
[147]	train-rmse:0.381829+0.001055	test-rmse:0.381808+0.004184 
[148]	train-rmse:0.381822+0.001055	test-rmse:0.381801+0.004184 
[149]	train-rmse:0.381815+0.001055	test-rmse:0.381794+0.004184 
[150]	train-rmse:0.381809+0.001056	test-rmse:0.381788+0.004183 
[151]	train-rmse:0.381806+0.001055	test-rmse:0.381785+0.004184 
[152]	train-rmse:0.381802+0.001053	test-rmse:0.381781+0.004186 
[153]	train-rmse:0.381796+0.001054	test-rmse:0.381775+0.004186 
[154]	train-rmse:0.381789+0.001054	test-rmse:0.381768+0.004186 
[155]	train-rmse:0.381783+0.001051	test-rmse:0.381762+0.004188 
[156]	train-rmse:0.381778+0.001048	test-rmse:0.381757+0.004190 
[157]	train-rmse:0.381771+0.001048	test-rmse:0.381750+0.004191 
[158]	train-rmse:0.381766+0.001048	test-rmse:0.381745+0.004191 
[159]	train-rmse:0.381759+0.001049	test-rmse:0.381739+0.004190 
[160]	train-rmse:0.381754+0.001050	test-rmse:0.381733+0.004189 
[161]	train-rmse:0.381747+0.001050	test-rmse:0.381726+0.004189 
[162]	train-rmse:0.381741+0.001049	test-rmse:0.381720+0.004190 
[163]	train-rmse:0.381735+0.001049	test-rmse:0.381714+0.004190 
[164]	train-rmse:0.381729+0.001050	test-rmse:0.381709+0.004189 
[165]	train-rmse:0.381722+0.001049	test-rmse:0.381702+0.004189 
[166]	train-rmse:0.381719+0.001051	test-rmse:0.381698+0.004188 
[167]	train-rmse:0.381713+0.001052	test-rmse:0.381692+0.004187 
[168]	train-rmse:0.381706+0.001052	test-rmse:0.381686+0.004187 
[169]	train-rmse:0.381700+0.001052	test-rmse:0.381679+0.004187 
[170]	train-rmse:0.381693+0.001052	test-rmse:0.381672+0.004187 
[171]	train-rmse:0.381686+0.001052	test-rmse:0.381666+0.004187 
[172]	train-rmse:0.381682+0.001054	test-rmse:0.381662+0.004185 
[173]	train-rmse:0.381676+0.001054	test-rmse:0.381655+0.004185 
[174]	train-rmse:0.381669+0.001054	test-rmse:0.381648+0.004185 
[175]	train-rmse:0.381664+0.001052	test-rmse:0.381643+0.004187 
[176]	train-rmse:0.381658+0.001053	test-rmse:0.381637+0.004186 
[177]	train-rmse:0.381651+0.001053	test-rmse:0.381631+0.004186 
[178]	train-rmse:0.381646+0.001054	test-rmse:0.381626+0.004185 
[179]	train-rmse:0.381641+0.001055	test-rmse:0.381620+0.004184 
[180]	train-rmse:0.381634+0.001055	test-rmse:0.381614+0.004183 
[181]	train-rmse:0.381629+0.001053	test-rmse:0.381608+0.004186 
[182]	train-rmse:0.381623+0.001053	test-rmse:0.381602+0.004186 
[183]	train-rmse:0.381616+0.001053	test-rmse:0.381595+0.004186 
[184]	train-rmse:0.381612+0.001054	test-rmse:0.381591+0.004185 
[185]	train-rmse:0.381605+0.001054	test-rmse:0.381584+0.004185 
[186]	train-rmse:0.381599+0.001054	test-rmse:0.381578+0.004185 
[187]	train-rmse:0.381594+0.001054	test-rmse:0.381573+0.004185 
[188]	train-rmse:0.381588+0.001055	test-rmse:0.381567+0.004184 
[189]	train-rmse:0.381584+0.001053	test-rmse:0.381563+0.004185 
[190]	train-rmse:0.381578+0.001053	test-rmse:0.381557+0.004185 
[191]	train-rmse:0.381575+0.001053	test-rmse:0.381554+0.004185 
[192]	train-rmse:0.381568+0.001053	test-rmse:0.381547+0.004186 
[193]	train-rmse:0.381563+0.001050	test-rmse:0.381542+0.004188 
[194]	train-rmse:0.381559+0.001051	test-rmse:0.381538+0.004187 
[195]	train-rmse:0.381552+0.001051	test-rmse:0.381531+0.004187 
[196]	train-rmse:0.381546+0.001051	test-rmse:0.381525+0.004187 
[197]	train-rmse:0.381539+0.001051	test-rmse:0.381518+0.004187 
[198]	train-rmse:0.381533+0.001053	test-rmse:0.381513+0.004186 
[199]	train-rmse:0.381529+0.001055	test-rmse:0.381509+0.004184 
[200]	train-rmse:0.381523+0.001055	test-rmse:0.381502+0.004183 
[201]	train-rmse:0.381516+0.001055	test-rmse:0.381496+0.004184 
[202]	train-rmse:0.381512+0.001056	test-rmse:0.381492+0.004182 
[203]	train-rmse:0.381506+0.001056	test-rmse:0.381485+0.004182 
[204]	train-rmse:0.381499+0.001056	test-rmse:0.381478+0.004182 
[205]	train-rmse:0.381494+0.001054	test-rmse:0.381473+0.004185 
[206]	train-rmse:0.381488+0.001055	test-rmse:0.381468+0.004184 
[207]	train-rmse:0.381482+0.001055	test-rmse:0.381461+0.004184 
[208]	train-rmse:0.381475+0.001055	test-rmse:0.381454+0.004183 
[209]	train-rmse:0.381472+0.001057	test-rmse:0.381452+0.004181 
[210]	train-rmse:0.381466+0.001057	test-rmse:0.381445+0.004181 
[211]	train-rmse:0.381462+0.001060	test-rmse:0.381441+0.004179 
[212]	train-rmse:0.381456+0.001061	test-rmse:0.381435+0.004178 
[213]	train-rmse:0.381450+0.001061	test-rmse:0.381429+0.004177 
[214]	train-rmse:0.381443+0.001061	test-rmse:0.381422+0.004177 
[215]	train-rmse:0.381436+0.001061	test-rmse:0.381416+0.004177 
[216]	train-rmse:0.381431+0.001059	test-rmse:0.381411+0.004180 
[217]	train-rmse:0.381426+0.001059	test-rmse:0.381405+0.004179 
[218]	train-rmse:0.381420+0.001057	test-rmse:0.381400+0.004181 
[219]	train-rmse:0.381415+0.001058	test-rmse:0.381395+0.004180 
[220]	train-rmse:0.381409+0.001058	test-rmse:0.381388+0.004180 
[221]	train-rmse:0.381403+0.001058	test-rmse:0.381383+0.004181 
[222]	train-rmse:0.381399+0.001055	test-rmse:0.381378+0.004183 
[223]	train-rmse:0.381393+0.001053	test-rmse:0.381373+0.004185 
[224]	train-rmse:0.381388+0.001053	test-rmse:0.381368+0.004185 
[225]	train-rmse:0.381383+0.001053	test-rmse:0.381363+0.004185 
[226]	train-rmse:0.381378+0.001054	test-rmse:0.381357+0.004184 
[227]	train-rmse:0.381372+0.001054	test-rmse:0.381352+0.004184 
[228]	train-rmse:0.381367+0.001052	test-rmse:0.381346+0.004186 
[229]	train-rmse:0.381362+0.001053	test-rmse:0.381341+0.004185 
[230]	train-rmse:0.381357+0.001053	test-rmse:0.381336+0.004185 
[231]	train-rmse:0.381352+0.001054	test-rmse:0.381331+0.004184 
[232]	train-rmse:0.381345+0.001054	test-rmse:0.381324+0.004184 
[233]	train-rmse:0.381339+0.001055	test-rmse:0.381319+0.004183 
[234]	train-rmse:0.381333+0.001055	test-rmse:0.381312+0.004183 
[235]	train-rmse:0.381327+0.001055	test-rmse:0.381307+0.004182 
[236]	train-rmse:0.381321+0.001055	test-rmse:0.381300+0.004183 
[237]	train-rmse:0.381314+0.001055	test-rmse:0.381294+0.004183 
[238]	train-rmse:0.381307+0.001055	test-rmse:0.381287+0.004183 
[239]	train-rmse:0.381302+0.001056	test-rmse:0.381282+0.004182 
[240]	train-rmse:0.381297+0.001057	test-rmse:0.381277+0.004180 
[241]	train-rmse:0.381293+0.001055	test-rmse:0.381273+0.004182 
[242]	train-rmse:0.381287+0.001055	test-rmse:0.381266+0.004183 
[243]	train-rmse:0.381282+0.001055	test-rmse:0.381261+0.004182 
[244]	train-rmse:0.381276+0.001053	test-rmse:0.381256+0.004184 
[245]	train-rmse:0.381269+0.001053	test-rmse:0.381249+0.004184 
[246]	train-rmse:0.381264+0.001052	test-rmse:0.381244+0.004185 
[247]	train-rmse:0.381260+0.001050	test-rmse:0.381240+0.004188 
[248]	train-rmse:0.381255+0.001050	test-rmse:0.381235+0.004187 
[249]	train-rmse:0.381250+0.001051	test-rmse:0.381230+0.004186 
[250]	train-rmse:0.381245+0.001049	test-rmse:0.381225+0.004188 
[251]	train-rmse:0.381239+0.001050	test-rmse:0.381219+0.004187 
[252]	train-rmse:0.381233+0.001049	test-rmse:0.381213+0.004188 
[253]	train-rmse:0.381227+0.001047	test-rmse:0.381207+0.004190 
[254]	train-rmse:0.381222+0.001044	test-rmse:0.381202+0.004193 
[255]	train-rmse:0.381215+0.001044	test-rmse:0.381195+0.004193 
[256]	train-rmse:0.381211+0.001045	test-rmse:0.381191+0.004192 
[257]	train-rmse:0.381206+0.001045	test-rmse:0.381186+0.004192 
[258]	train-rmse:0.381202+0.001045	test-rmse:0.381182+0.004192 
[259]	train-rmse:0.381197+0.001043	test-rmse:0.381177+0.004194 
[260]	train-rmse:0.381191+0.001044	test-rmse:0.381171+0.004193 
[261]	train-rmse:0.381186+0.001041	test-rmse:0.381165+0.004196 
[262]	train-rmse:0.381183+0.001041	test-rmse:0.381163+0.004196 
[263]	train-rmse:0.381178+0.001042	test-rmse:0.381157+0.004195 
[264]	train-rmse:0.381171+0.001042	test-rmse:0.381151+0.004195 
[265]	train-rmse:0.381169+0.001045	test-rmse:0.381148+0.004192 
[266]	train-rmse:0.381165+0.001047	test-rmse:0.381145+0.004191 
[267]	train-rmse:0.381159+0.001048	test-rmse:0.381139+0.004190 
[268]	train-rmse:0.381154+0.001048	test-rmse:0.381134+0.004189 
[269]	train-rmse:0.381149+0.001049	test-rmse:0.381128+0.004188 
[270]	train-rmse:0.381142+0.001049	test-rmse:0.381122+0.004188 
[271]	train-rmse:0.381137+0.001050	test-rmse:0.381117+0.004187 
[272]	train-rmse:0.381130+0.001050	test-rmse:0.381110+0.004187 
[273]	train-rmse:0.381124+0.001050	test-rmse:0.381103+0.004187 
[274]	train-rmse:0.381118+0.001050	test-rmse:0.381098+0.004187 
[275]	train-rmse:0.381111+0.001050	test-rmse:0.381091+0.004187 
[276]	train-rmse:0.381106+0.001051	test-rmse:0.381086+0.004186 
[277]	train-rmse:0.381101+0.001052	test-rmse:0.381080+0.004185 
[278]	train-rmse:0.381095+0.001049	test-rmse:0.381075+0.004188 
[279]	train-rmse:0.381088+0.001049	test-rmse:0.381068+0.004188 
[280]	train-rmse:0.381083+0.001047	test-rmse:0.381063+0.004191 
[281]	train-rmse:0.381076+0.001046	test-rmse:0.381056+0.004191 
[282]	train-rmse:0.381070+0.001046	test-rmse:0.381050+0.004191 
[283]	train-rmse:0.381063+0.001046	test-rmse:0.381043+0.004191 
[284]	train-rmse:0.381058+0.001047	test-rmse:0.381038+0.004191 
[285]	train-rmse:0.381053+0.001048	test-rmse:0.381033+0.004189 
[286]	train-rmse:0.381046+0.001048	test-rmse:0.381026+0.004189 
[287]	train-rmse:0.381039+0.001048	test-rmse:0.381019+0.004189 
[288]	train-rmse:0.381034+0.001048	test-rmse:0.381014+0.004189 
[289]	train-rmse:0.381027+0.001048	test-rmse:0.381007+0.004189 
[290]	train-rmse:0.381025+0.001050	test-rmse:0.381005+0.004187 
[291]	train-rmse:0.381018+0.001050	test-rmse:0.380998+0.004187 
[292]	train-rmse:0.381011+0.001050	test-rmse:0.380991+0.004187 
[293]	train-rmse:0.381005+0.001050	test-rmse:0.380985+0.004187 
[294]	train-rmse:0.381000+0.001051	test-rmse:0.380980+0.004186 
[295]	train-rmse:0.380993+0.001050	test-rmse:0.380973+0.004186 
[296]	train-rmse:0.380988+0.001048	test-rmse:0.380968+0.004189 
[297]	train-rmse:0.380983+0.001049	test-rmse:0.380963+0.004188 
[298]	train-rmse:0.380977+0.001049	test-rmse:0.380957+0.004188 
[299]	train-rmse:0.380970+0.001049	test-rmse:0.380950+0.004188 
[300]	train-rmse:0.380965+0.001050	test-rmse:0.380945+0.004187 
[301]	train-rmse:0.380959+0.001050	test-rmse:0.380939+0.004187 
[302]	train-rmse:0.380955+0.001049	test-rmse:0.380935+0.004188 
[303]	train-rmse:0.380948+0.001049	test-rmse:0.380928+0.004188 
[304]	train-rmse:0.380945+0.001047	test-rmse:0.380925+0.004190 
[305]	train-rmse:0.380938+0.001047	test-rmse:0.380918+0.004190 
[306]	train-rmse:0.380931+0.001047	test-rmse:0.380911+0.004189 
[307]	train-rmse:0.380925+0.001048	test-rmse:0.380905+0.004189 
[308]	train-rmse:0.380918+0.001047	test-rmse:0.380898+0.004189 
[309]	train-rmse:0.380912+0.001047	test-rmse:0.380892+0.004189 
[310]	train-rmse:0.380906+0.001045	test-rmse:0.380886+0.004192 
[311]	train-rmse:0.380900+0.001045	test-rmse:0.380880+0.004192 
[312]	train-rmse:0.380893+0.001045	test-rmse:0.380873+0.004191 
[313]	train-rmse:0.380889+0.001043	test-rmse:0.380869+0.004193 
[314]	train-rmse:0.380883+0.001044	test-rmse:0.380863+0.004193 
[315]	train-rmse:0.380877+0.001044	test-rmse:0.380858+0.004193 
[316]	train-rmse:0.380873+0.001044	test-rmse:0.380853+0.004193 
[317]	train-rmse:0.380867+0.001044	test-rmse:0.380848+0.004193 
[318]	train-rmse:0.380862+0.001045	test-rmse:0.380842+0.004191 
[319]	train-rmse:0.380855+0.001045	test-rmse:0.380835+0.004191 
[320]	train-rmse:0.380850+0.001046	test-rmse:0.380830+0.004190 
[321]	train-rmse:0.380845+0.001047	test-rmse:0.380825+0.004190 
[322]	train-rmse:0.380838+0.001046	test-rmse:0.380818+0.004190 
[323]	train-rmse:0.380832+0.001046	test-rmse:0.380812+0.004190 
[324]	train-rmse:0.380825+0.001046	test-rmse:0.380805+0.004190 
[325]	train-rmse:0.380818+0.001046	test-rmse:0.380798+0.004190 
[326]	train-rmse:0.380811+0.001046	test-rmse:0.380792+0.004190 
[327]	train-rmse:0.380805+0.001046	test-rmse:0.380785+0.004190 
[328]	train-rmse:0.380799+0.001046	test-rmse:0.380780+0.004190 
[329]	train-rmse:0.380793+0.001046	test-rmse:0.380773+0.004190 
[330]	train-rmse:0.380786+0.001046	test-rmse:0.380766+0.004190 
[331]	train-rmse:0.380781+0.001044	test-rmse:0.380761+0.004192 
[332]	train-rmse:0.380774+0.001044	test-rmse:0.380754+0.004192 
[333]	train-rmse:0.380769+0.001044	test-rmse:0.380749+0.004192 
[334]	train-rmse:0.380763+0.001044	test-rmse:0.380743+0.004192 
[335]	train-rmse:0.380759+0.001045	test-rmse:0.380739+0.004191 
[336]	train-rmse:0.380753+0.001045	test-rmse:0.380733+0.004191 
[337]	train-rmse:0.380746+0.001045	test-rmse:0.380726+0.004191 
[338]	train-rmse:0.380739+0.001045	test-rmse:0.380719+0.004191 
[339]	train-rmse:0.380734+0.001043	test-rmse:0.380714+0.004193 
[340]	train-rmse:0.380728+0.001043	test-rmse:0.380708+0.004193 
[341]	train-rmse:0.380721+0.001043	test-rmse:0.380701+0.004193 
[342]	train-rmse:0.380715+0.001043	test-rmse:0.380696+0.004193 
[343]	train-rmse:0.380710+0.001044	test-rmse:0.380691+0.004192 
[344]	train-rmse:0.380704+0.001044	test-rmse:0.380684+0.004192 
[345]	train-rmse:0.380701+0.001042	test-rmse:0.380682+0.004194 
[346]	train-rmse:0.380696+0.001042	test-rmse:0.380677+0.004193 
[347]	train-rmse:0.380689+0.001042	test-rmse:0.380670+0.004193 
[348]	train-rmse:0.380683+0.001042	test-rmse:0.380663+0.004194 
[349]	train-rmse:0.380676+0.001042	test-rmse:0.380657+0.004194 
[350]	train-rmse:0.380670+0.001043	test-rmse:0.380651+0.004192 
[351]	train-rmse:0.380665+0.001044	test-rmse:0.380646+0.004192 
[352]	train-rmse:0.380660+0.001045	test-rmse:0.380641+0.004190 
[353]	train-rmse:0.380653+0.001045	test-rmse:0.380634+0.004190 
[354]	train-rmse:0.380648+0.001043	test-rmse:0.380629+0.004193 
[355]	train-rmse:0.380644+0.001044	test-rmse:0.380625+0.004192 
[356]	train-rmse:0.380640+0.001045	test-rmse:0.380621+0.004190 
[357]	train-rmse:0.380635+0.001043	test-rmse:0.380616+0.004193 
[358]	train-rmse:0.380630+0.001043	test-rmse:0.380610+0.004193 
[359]	train-rmse:0.380623+0.001043	test-rmse:0.380604+0.004193 
[360]	train-rmse:0.380618+0.001043	test-rmse:0.380598+0.004192 
[361]	train-rmse:0.380612+0.001043	test-rmse:0.380593+0.004192 
[362]	train-rmse:0.380606+0.001044	test-rmse:0.380587+0.004192 
[363]	train-rmse:0.380601+0.001041	test-rmse:0.380582+0.004194 
[364]	train-rmse:0.380595+0.001041	test-rmse:0.380576+0.004194 
[365]	train-rmse:0.380589+0.001041	test-rmse:0.380570+0.004194 
[366]	train-rmse:0.380584+0.001042	test-rmse:0.380565+0.004193 
[367]	train-rmse:0.380580+0.001043	test-rmse:0.380561+0.004191 
[368]	train-rmse:0.380573+0.001044	test-rmse:0.380554+0.004191 
[369]	train-rmse:0.380569+0.001045	test-rmse:0.380550+0.004190 
[370]	train-rmse:0.380565+0.001044	test-rmse:0.380546+0.004191 
[371]	train-rmse:0.380559+0.001044	test-rmse:0.380540+0.004191 
[372]	train-rmse:0.380552+0.001044	test-rmse:0.380534+0.004191 
[373]	train-rmse:0.380546+0.001044	test-rmse:0.380527+0.004191 
[374]	train-rmse:0.380539+0.001044	test-rmse:0.380521+0.004191 
[375]	train-rmse:0.380532+0.001044	test-rmse:0.380514+0.004191 
[376]	train-rmse:0.380527+0.001043	test-rmse:0.380508+0.004191 
[377]	train-rmse:0.380521+0.001043	test-rmse:0.380502+0.004192 
[378]	train-rmse:0.380515+0.001043	test-rmse:0.380496+0.004192 
[379]	train-rmse:0.380509+0.001042	test-rmse:0.380490+0.004192 
[380]	train-rmse:0.380502+0.001042	test-rmse:0.380483+0.004192 
[381]	train-rmse:0.380496+0.001043	test-rmse:0.380478+0.004192 
[382]	train-rmse:0.380490+0.001043	test-rmse:0.380471+0.004192 
[383]	train-rmse:0.380486+0.001044	test-rmse:0.380467+0.004190 
[384]	train-rmse:0.380481+0.001045	test-rmse:0.380462+0.004190 
[385]	train-rmse:0.380474+0.001045	test-rmse:0.380456+0.004189 
[386]	train-rmse:0.380467+0.001045	test-rmse:0.380449+0.004189 
[387]	train-rmse:0.380465+0.001046	test-rmse:0.380446+0.004188 
[388]	train-rmse:0.380458+0.001046	test-rmse:0.380440+0.004188 
[389]	train-rmse:0.380452+0.001046	test-rmse:0.380433+0.004189 
[390]	train-rmse:0.380448+0.001046	test-rmse:0.380430+0.004188 
[391]	train-rmse:0.380443+0.001047	test-rmse:0.380425+0.004187 
[392]	train-rmse:0.380438+0.001045	test-rmse:0.380419+0.004190 
[393]	train-rmse:0.380432+0.001046	test-rmse:0.380414+0.004189 
[394]	train-rmse:0.380429+0.001047	test-rmse:0.380410+0.004187 
[395]	train-rmse:0.380423+0.001048	test-rmse:0.380405+0.004186 
[396]	train-rmse:0.380419+0.001045	test-rmse:0.380401+0.004189 
[397]	train-rmse:0.380415+0.001043	test-rmse:0.380397+0.004191 
[398]	train-rmse:0.380410+0.001044	test-rmse:0.380392+0.004190 
[399]	train-rmse:0.380405+0.001044	test-rmse:0.380387+0.004190 
[400]	train-rmse:0.380400+0.001044	test-rmse:0.380382+0.004190 
[401]	train-rmse:0.380394+0.001045	test-rmse:0.380376+0.004189 
[402]	train-rmse:0.380388+0.001045	test-rmse:0.380370+0.004189 
[403]	train-rmse:0.380384+0.001046	test-rmse:0.380366+0.004188 
[404]	train-rmse:0.380380+0.001045	test-rmse:0.380362+0.004189 
[405]	train-rmse:0.380375+0.001043	test-rmse:0.380357+0.004191 
[406]	train-rmse:0.380369+0.001040	test-rmse:0.380351+0.004194 
[407]	train-rmse:0.380363+0.001040	test-rmse:0.380345+0.004194 
[408]	train-rmse:0.380357+0.001041	test-rmse:0.380339+0.004193 
[409]	train-rmse:0.380350+0.001041	test-rmse:0.380332+0.004193 
[410]	train-rmse:0.380345+0.001042	test-rmse:0.380327+0.004192 
[411]	train-rmse:0.380340+0.001042	test-rmse:0.380322+0.004192 
[412]	train-rmse:0.380333+0.001042	test-rmse:0.380315+0.004192 
[413]	train-rmse:0.380329+0.001041	test-rmse:0.380312+0.004193 
[414]	train-rmse:0.380324+0.001040	test-rmse:0.380306+0.004193 
[415]	train-rmse:0.380320+0.001038	test-rmse:0.380302+0.004196 
[416]	train-rmse:0.380314+0.001039	test-rmse:0.380297+0.004195 
[417]	train-rmse:0.380309+0.001039	test-rmse:0.380291+0.004194 
[418]	train-rmse:0.380304+0.001040	test-rmse:0.380286+0.004194 
[419]	train-rmse:0.380297+0.001039	test-rmse:0.380279+0.004194 
[420]	train-rmse:0.380292+0.001037	test-rmse:0.380274+0.004197 
[421]	train-rmse:0.380285+0.001037	test-rmse:0.380267+0.004197 
[422]	train-rmse:0.380279+0.001036	test-rmse:0.380261+0.004197 
[423]	train-rmse:0.380273+0.001034	test-rmse:0.380256+0.004200 
[424]	train-rmse:0.380268+0.001035	test-rmse:0.380250+0.004199 
[425]	train-rmse:0.380264+0.001033	test-rmse:0.380247+0.004201 
[426]	train-rmse:0.380258+0.001033	test-rmse:0.380240+0.004200 
[427]	train-rmse:0.380251+0.001033	test-rmse:0.380233+0.004201 
[428]	train-rmse:0.380245+0.001034	test-rmse:0.380228+0.004199 
[429]	train-rmse:0.380240+0.001034	test-rmse:0.380223+0.004199 
[430]	train-rmse:0.380235+0.001034	test-rmse:0.380217+0.004199 
[431]	train-rmse:0.380228+0.001034	test-rmse:0.380211+0.004199 
[432]	train-rmse:0.380223+0.001034	test-rmse:0.380206+0.004199 
[433]	train-rmse:0.380218+0.001036	test-rmse:0.380200+0.004197 
[434]	train-rmse:0.380211+0.001036	test-rmse:0.380194+0.004198 
[435]	train-rmse:0.380205+0.001036	test-rmse:0.380187+0.004198 
[436]	train-rmse:0.380198+0.001035	test-rmse:0.380181+0.004198 
[437]	train-rmse:0.380192+0.001035	test-rmse:0.380174+0.004198 
[438]	train-rmse:0.380186+0.001033	test-rmse:0.380169+0.004200 
[439]	train-rmse:0.380180+0.001033	test-rmse:0.380163+0.004200 
[440]	train-rmse:0.380174+0.001034	test-rmse:0.380157+0.004199 
[441]	train-rmse:0.380169+0.001033	test-rmse:0.380151+0.004200 
[442]	train-rmse:0.380165+0.001033	test-rmse:0.380148+0.004200 
[443]	train-rmse:0.380158+0.001033	test-rmse:0.380141+0.004200 
[444]	train-rmse:0.380154+0.001034	test-rmse:0.380137+0.004198 
[445]	train-rmse:0.380149+0.001032	test-rmse:0.380132+0.004201 
[446]	train-rmse:0.380145+0.001033	test-rmse:0.380128+0.004200 
[447]	train-rmse:0.380139+0.001033	test-rmse:0.380122+0.004200 
[448]	train-rmse:0.380132+0.001033	test-rmse:0.380115+0.004200 
[449]	train-rmse:0.380126+0.001033	test-rmse:0.380109+0.004200 
[450]	train-rmse:0.380119+0.001033	test-rmse:0.380102+0.004200 
[451]	train-rmse:0.380115+0.001033	test-rmse:0.380098+0.004200 
[452]	train-rmse:0.380110+0.001032	test-rmse:0.380093+0.004201 
[453]	train-rmse:0.380105+0.001033	test-rmse:0.380088+0.004200 
[454]	train-rmse:0.380098+0.001033	test-rmse:0.380081+0.004200 
[455]	train-rmse:0.380091+0.001033	test-rmse:0.380074+0.004200 
[456]	train-rmse:0.380085+0.001033	test-rmse:0.380068+0.004200 
[457]	train-rmse:0.380078+0.001033	test-rmse:0.380061+0.004200 
[458]	train-rmse:0.380071+0.001033	test-rmse:0.380055+0.004199 
[459]	train-rmse:0.380065+0.001033	test-rmse:0.380048+0.004199 
[460]	train-rmse:0.380061+0.001032	test-rmse:0.380044+0.004201 
[461]	train-rmse:0.380057+0.001033	test-rmse:0.380040+0.004200 
[462]	train-rmse:0.380052+0.001033	test-rmse:0.380035+0.004199 
[463]	train-rmse:0.380047+0.001033	test-rmse:0.380030+0.004199 
[464]	train-rmse:0.380042+0.001034	test-rmse:0.380025+0.004199 
[465]	train-rmse:0.380038+0.001035	test-rmse:0.380021+0.004198 
[466]	train-rmse:0.380031+0.001035	test-rmse:0.380015+0.004197 
[467]	train-rmse:0.380025+0.001035	test-rmse:0.380008+0.004197 
[468]	train-rmse:0.380018+0.001035	test-rmse:0.380002+0.004197 
[469]	train-rmse:0.380012+0.001035	test-rmse:0.379995+0.004197 
[470]	train-rmse:0.380005+0.001035	test-rmse:0.379989+0.004197 
[471]	train-rmse:0.379999+0.001035	test-rmse:0.379982+0.004198 
[472]	train-rmse:0.379994+0.001036	test-rmse:0.379977+0.004197 
[473]	train-rmse:0.379989+0.001036	test-rmse:0.379972+0.004197 
[474]	train-rmse:0.379984+0.001036	test-rmse:0.379967+0.004196 
[475]	train-rmse:0.379977+0.001036	test-rmse:0.379960+0.004196 
[476]	train-rmse:0.379972+0.001037	test-rmse:0.379955+0.004195 
[477]	train-rmse:0.379965+0.001038	test-rmse:0.379949+0.004195 
[478]	train-rmse:0.379960+0.001037	test-rmse:0.379943+0.004195 
[479]	train-rmse:0.379953+0.001037	test-rmse:0.379937+0.004195 
[480]	train-rmse:0.379948+0.001037	test-rmse:0.379932+0.004195 
[481]	train-rmse:0.379941+0.001037	test-rmse:0.379925+0.004195 
[482]	train-rmse:0.379938+0.001039	test-rmse:0.379921+0.004193 
[483]	train-rmse:0.379932+0.001039	test-rmse:0.379916+0.004194 
[484]	train-rmse:0.379927+0.001036	test-rmse:0.379911+0.004196 
[485]	train-rmse:0.379920+0.001037	test-rmse:0.379904+0.004196 
[486]	train-rmse:0.379916+0.001035	test-rmse:0.379900+0.004197 
[487]	train-rmse:0.379912+0.001035	test-rmse:0.379896+0.004197 
[488]	train-rmse:0.379906+0.001035	test-rmse:0.379890+0.004197 
[489]	train-rmse:0.379900+0.001035	test-rmse:0.379884+0.004197 
[490]	train-rmse:0.379894+0.001035	test-rmse:0.379877+0.004197 
[491]	train-rmse:0.379891+0.001033	test-rmse:0.379875+0.004199 
[492]	train-rmse:0.379887+0.001035	test-rmse:0.379871+0.004197 
[493]	train-rmse:0.379883+0.001036	test-rmse:0.379867+0.004196 
[494]	train-rmse:0.379878+0.001036	test-rmse:0.379862+0.004196 
[495]	train-rmse:0.379874+0.001037	test-rmse:0.379858+0.004195 
[496]	train-rmse:0.379868+0.001037	test-rmse:0.379851+0.004195 
[497]	train-rmse:0.379862+0.001037	test-rmse:0.379846+0.004195 
[498]	train-rmse:0.379857+0.001038	test-rmse:0.379841+0.004194 
[499]	train-rmse:0.379851+0.001037	test-rmse:0.379834+0.004195 
[500]	train-rmse:0.379844+0.001037	test-rmse:0.379827+0.004195 
[501]	train-rmse:0.379837+0.001037	test-rmse:0.379820+0.004195 
[502]	train-rmse:0.379832+0.001037	test-rmse:0.379815+0.004195 
[503]	train-rmse:0.379828+0.001039	test-rmse:0.379812+0.004193 
[504]	train-rmse:0.379823+0.001040	test-rmse:0.379806+0.004192 
[505]	train-rmse:0.379818+0.001040	test-rmse:0.379802+0.004192 
[506]	train-rmse:0.379813+0.001041	test-rmse:0.379797+0.004191 
[507]	train-rmse:0.379806+0.001041	test-rmse:0.379790+0.004191 
[508]	train-rmse:0.379800+0.001041	test-rmse:0.379784+0.004191 
[509]	train-rmse:0.379793+0.001041	test-rmse:0.379777+0.004191 
[510]	train-rmse:0.379787+0.001041	test-rmse:0.379771+0.004191 
[511]	train-rmse:0.379780+0.001041	test-rmse:0.379764+0.004191 
[512]	train-rmse:0.379775+0.001043	test-rmse:0.379759+0.004190 
[513]	train-rmse:0.379770+0.001043	test-rmse:0.379754+0.004189 
[514]	train-rmse:0.379766+0.001041	test-rmse:0.379750+0.004191 
[515]	train-rmse:0.379761+0.001041	test-rmse:0.379745+0.004191 
[516]	train-rmse:0.379757+0.001040	test-rmse:0.379741+0.004192 
[517]	train-rmse:0.379752+0.001040	test-rmse:0.379736+0.004192 
[518]	train-rmse:0.379747+0.001038	test-rmse:0.379731+0.004194 
[519]	train-rmse:0.379740+0.001038	test-rmse:0.379724+0.004194 
[520]	train-rmse:0.379736+0.001039	test-rmse:0.379720+0.004193 
[521]	train-rmse:0.379729+0.001039	test-rmse:0.379714+0.004192 
[522]	train-rmse:0.379727+0.001042	test-rmse:0.379711+0.004190 
[523]	train-rmse:0.379720+0.001042	test-rmse:0.379704+0.004189 
[524]	train-rmse:0.379713+0.001042	test-rmse:0.379698+0.004189 
[525]	train-rmse:0.379706+0.001042	test-rmse:0.379691+0.004189 
[526]	train-rmse:0.379701+0.001043	test-rmse:0.379685+0.004188 
[527]	train-rmse:0.379695+0.001043	test-rmse:0.379679+0.004189 
[528]	train-rmse:0.379688+0.001043	test-rmse:0.379672+0.004189 
[529]	train-rmse:0.379681+0.001043	test-rmse:0.379665+0.004188 
[530]	train-rmse:0.379676+0.001043	test-rmse:0.379660+0.004188 
[531]	train-rmse:0.379671+0.001044	test-rmse:0.379655+0.004188 
[532]	train-rmse:0.379666+0.001044	test-rmse:0.379650+0.004188 
[533]	train-rmse:0.379660+0.001044	test-rmse:0.379645+0.004187 
[534]	train-rmse:0.379653+0.001044	test-rmse:0.379638+0.004187 
[535]	train-rmse:0.379647+0.001044	test-rmse:0.379631+0.004187 
[536]	train-rmse:0.379643+0.001042	test-rmse:0.379627+0.004189 
[537]	train-rmse:0.379636+0.001042	test-rmse:0.379621+0.004189 
[538]	train-rmse:0.379633+0.001045	test-rmse:0.379618+0.004186 
[539]	train-rmse:0.379631+0.001047	test-rmse:0.379615+0.004184 
[540]	train-rmse:0.379624+0.001047	test-rmse:0.379608+0.004184 
[541]	train-rmse:0.379618+0.001047	test-rmse:0.379602+0.004184 
[542]	train-rmse:0.379612+0.001044	test-rmse:0.379597+0.004187 
[543]	train-rmse:0.379606+0.001044	test-rmse:0.379590+0.004187 
[544]	train-rmse:0.379602+0.001045	test-rmse:0.379586+0.004186 
[545]	train-rmse:0.379596+0.001045	test-rmse:0.379580+0.004186 
[546]	train-rmse:0.379590+0.001046	test-rmse:0.379575+0.004185 
[547]	train-rmse:0.379585+0.001044	test-rmse:0.379569+0.004187 
[548]	train-rmse:0.379581+0.001041	test-rmse:0.379566+0.004190 
[549]	train-rmse:0.379574+0.001041	test-rmse:0.379559+0.004190 
[550]	train-rmse:0.379572+0.001044	test-rmse:0.379556+0.004187 
[551]	train-rmse:0.379565+0.001044	test-rmse:0.379550+0.004187 
[552]	train-rmse:0.379558+0.001044	test-rmse:0.379543+0.004187 
[553]	train-rmse:0.379553+0.001044	test-rmse:0.379538+0.004187 
[554]	train-rmse:0.379547+0.001044	test-rmse:0.379531+0.004187 
[555]	train-rmse:0.379542+0.001045	test-rmse:0.379526+0.004186 
[556]	train-rmse:0.379535+0.001045	test-rmse:0.379520+0.004186 
[557]	train-rmse:0.379530+0.001045	test-rmse:0.379515+0.004186 
[558]	train-rmse:0.379524+0.001047	test-rmse:0.379509+0.004184 
[559]	train-rmse:0.379519+0.001048	test-rmse:0.379504+0.004183 
[560]	train-rmse:0.379512+0.001048	test-rmse:0.379497+0.004183 
[561]	train-rmse:0.379509+0.001046	test-rmse:0.379494+0.004185 
[562]	train-rmse:0.379505+0.001046	test-rmse:0.379490+0.004184 
[563]	train-rmse:0.379500+0.001047	test-rmse:0.379485+0.004183 
[564]	train-rmse:0.379493+0.001048	test-rmse:0.379479+0.004183 
[565]	train-rmse:0.379487+0.001048	test-rmse:0.379472+0.004183 
[566]	train-rmse:0.379480+0.001048	test-rmse:0.379466+0.004183 
[567]	train-rmse:0.379474+0.001048	test-rmse:0.379459+0.004183 
[568]	train-rmse:0.379468+0.001048	test-rmse:0.379453+0.004183 
[569]	train-rmse:0.379464+0.001050	test-rmse:0.379449+0.004181 
[570]	train-rmse:0.379459+0.001051	test-rmse:0.379444+0.004180 
[571]	train-rmse:0.379452+0.001051	test-rmse:0.379437+0.004180 
[572]	train-rmse:0.379448+0.001048	test-rmse:0.379433+0.004183 
[573]	train-rmse:0.379444+0.001050	test-rmse:0.379429+0.004180 
[574]	train-rmse:0.379438+0.001050	test-rmse:0.379423+0.004181 
[575]	train-rmse:0.379432+0.001050	test-rmse:0.379417+0.004181 
[576]	train-rmse:0.379427+0.001051	test-rmse:0.379411+0.004180 
[577]	train-rmse:0.379424+0.001050	test-rmse:0.379409+0.004181 
[578]	train-rmse:0.379419+0.001050	test-rmse:0.379404+0.004180 
[579]	train-rmse:0.379413+0.001048	test-rmse:0.379398+0.004183 
[580]	train-rmse:0.379408+0.001047	test-rmse:0.379393+0.004183 
[581]	train-rmse:0.379402+0.001047	test-rmse:0.379387+0.004183 
[582]	train-rmse:0.379397+0.001047	test-rmse:0.379382+0.004184 
[583]	train-rmse:0.379392+0.001045	test-rmse:0.379376+0.004186 
[584]	train-rmse:0.379386+0.001045	test-rmse:0.379371+0.004185 
[585]	train-rmse:0.379383+0.001046	test-rmse:0.379367+0.004185 
[586]	train-rmse:0.379380+0.001045	test-rmse:0.379365+0.004186 
[587]	train-rmse:0.379373+0.001045	test-rmse:0.379358+0.004186 
[588]	train-rmse:0.379367+0.001045	test-rmse:0.379351+0.004186 
[589]	train-rmse:0.379360+0.001044	test-rmse:0.379345+0.004186 
[590]	train-rmse:0.379358+0.001045	test-rmse:0.379343+0.004185 
[591]	train-rmse:0.379353+0.001046	test-rmse:0.379338+0.004184 
[592]	train-rmse:0.379346+0.001046	test-rmse:0.379331+0.004184 
[593]	train-rmse:0.379342+0.001047	test-rmse:0.379327+0.004184 
[594]	train-rmse:0.379336+0.001047	test-rmse:0.379320+0.004184 
[595]	train-rmse:0.379331+0.001045	test-rmse:0.379316+0.004186 
[596]	train-rmse:0.379325+0.001045	test-rmse:0.379310+0.004185 
[597]	train-rmse:0.379318+0.001044	test-rmse:0.379303+0.004186 
[598]	train-rmse:0.379313+0.001046	test-rmse:0.379298+0.004184 
[599]	train-rmse:0.379307+0.001046	test-rmse:0.379292+0.004185 
[600]	train-rmse:0.379300+0.001046	test-rmse:0.379285+0.004184 
[601]	train-rmse:0.379294+0.001046	test-rmse:0.379279+0.004184 
[602]	train-rmse:0.379287+0.001046	test-rmse:0.379272+0.004184 
[603]	train-rmse:0.379282+0.001044	test-rmse:0.379267+0.004187 
[604]	train-rmse:0.379278+0.001042	test-rmse:0.379263+0.004188 
[605]	train-rmse:0.379272+0.001041	test-rmse:0.379257+0.004189 
[606]	train-rmse:0.379267+0.001042	test-rmse:0.379252+0.004188 
[607]	train-rmse:0.379260+0.001042	test-rmse:0.379245+0.004188 
[608]	train-rmse:0.379255+0.001040	test-rmse:0.379240+0.004190 
[609]	train-rmse:0.379249+0.001040	test-rmse:0.379234+0.004190 
[610]	train-rmse:0.379244+0.001041	test-rmse:0.379229+0.004189 
[611]	train-rmse:0.379239+0.001040	test-rmse:0.379224+0.004190 
[612]	train-rmse:0.379232+0.001041	test-rmse:0.379217+0.004189 
[613]	train-rmse:0.379226+0.001040	test-rmse:0.379211+0.004190 
[614]	train-rmse:0.379221+0.001041	test-rmse:0.379206+0.004189 
[615]	train-rmse:0.379216+0.001042	test-rmse:0.379200+0.004188 
[616]	train-rmse:0.379209+0.001042	test-rmse:0.379194+0.004188 
[617]	train-rmse:0.379204+0.001042	test-rmse:0.379189+0.004188 
[618]	train-rmse:0.379197+0.001042	test-rmse:0.379182+0.004188 
[619]	train-rmse:0.379192+0.001041	test-rmse:0.379177+0.004189 
[620]	train-rmse:0.379185+0.001041	test-rmse:0.379170+0.004189 
[621]	train-rmse:0.379180+0.001043	test-rmse:0.379165+0.004187 
[622]	train-rmse:0.379176+0.001044	test-rmse:0.379161+0.004186 
[623]	train-rmse:0.379170+0.001042	test-rmse:0.379156+0.004188 
[624]	train-rmse:0.379164+0.001041	test-rmse:0.379149+0.004189 
[625]	train-rmse:0.379160+0.001042	test-rmse:0.379145+0.004188 
[626]	train-rmse:0.379153+0.001042	test-rmse:0.379138+0.004188 
[627]	train-rmse:0.379148+0.001043	test-rmse:0.379133+0.004187 
[628]	train-rmse:0.379143+0.001045	test-rmse:0.379128+0.004185 
[629]	train-rmse:0.379138+0.001042	test-rmse:0.379123+0.004188 
[630]	train-rmse:0.379133+0.001043	test-rmse:0.379118+0.004187 
[631]	train-rmse:0.379129+0.001042	test-rmse:0.379114+0.004188 
[632]	train-rmse:0.379124+0.001042	test-rmse:0.379109+0.004187 
[633]	train-rmse:0.379118+0.001043	test-rmse:0.379103+0.004187 
[634]	train-rmse:0.379114+0.001040	test-rmse:0.379099+0.004190 
[635]	train-rmse:0.379109+0.001041	test-rmse:0.379094+0.004188 
[636]	train-rmse:0.379102+0.001042	test-rmse:0.379087+0.004188 
[637]	train-rmse:0.379097+0.001042	test-rmse:0.379082+0.004187 
[638]	train-rmse:0.379091+0.001043	test-rmse:0.379076+0.004187 
[639]	train-rmse:0.379084+0.001042	test-rmse:0.379069+0.004188 
[640]	train-rmse:0.379078+0.001042	test-rmse:0.379063+0.004187 
[641]	train-rmse:0.379072+0.001042	test-rmse:0.379057+0.004188 
[642]	train-rmse:0.379066+0.001043	test-rmse:0.379051+0.004187 
[643]	train-rmse:0.379060+0.001043	test-rmse:0.379045+0.004187 
[644]	train-rmse:0.379053+0.001043	test-rmse:0.379038+0.004187 
[645]	train-rmse:0.379048+0.001044	test-rmse:0.379033+0.004186 
[646]	train-rmse:0.379042+0.001044	test-rmse:0.379027+0.004186 
[647]	train-rmse:0.379038+0.001042	test-rmse:0.379023+0.004187 
[648]	train-rmse:0.379035+0.001041	test-rmse:0.379020+0.004189 
[649]	train-rmse:0.379028+0.001041	test-rmse:0.379014+0.004189 
[650]	train-rmse:0.379024+0.001042	test-rmse:0.379009+0.004188 
[651]	train-rmse:0.379018+0.001042	test-rmse:0.379003+0.004188 
[652]	train-rmse:0.379012+0.001042	test-rmse:0.378997+0.004188 
[653]	train-rmse:0.379005+0.001042	test-rmse:0.378990+0.004188 
[654]	train-rmse:0.379000+0.001043	test-rmse:0.378985+0.004186 
[655]	train-rmse:0.378996+0.001044	test-rmse:0.378981+0.004185 
[656]	train-rmse:0.378991+0.001045	test-rmse:0.378976+0.004184 
[657]	train-rmse:0.378986+0.001046	test-rmse:0.378971+0.004183 
[658]	train-rmse:0.378981+0.001046	test-rmse:0.378966+0.004184 
[659]	train-rmse:0.378976+0.001046	test-rmse:0.378960+0.004184 
[660]	train-rmse:0.378970+0.001047	test-rmse:0.378955+0.004182 
[661]	train-rmse:0.378965+0.001045	test-rmse:0.378950+0.004185 
[662]	train-rmse:0.378958+0.001045	test-rmse:0.378943+0.004185 
[663]	train-rmse:0.378952+0.001045	test-rmse:0.378937+0.004185 
[664]	train-rmse:0.378945+0.001044	test-rmse:0.378930+0.004185 
[665]	train-rmse:0.378939+0.001044	test-rmse:0.378924+0.004185 
[666]	train-rmse:0.378934+0.001045	test-rmse:0.378919+0.004184 
[667]	train-rmse:0.378929+0.001045	test-rmse:0.378914+0.004185 
[668]	train-rmse:0.378924+0.001043	test-rmse:0.378909+0.004187 
[669]	train-rmse:0.378917+0.001042	test-rmse:0.378902+0.004187 
[670]	train-rmse:0.378911+0.001042	test-rmse:0.378896+0.004187 
[671]	train-rmse:0.378906+0.001044	test-rmse:0.378891+0.004186 
[672]	train-rmse:0.378900+0.001044	test-rmse:0.378885+0.004186 
[673]	train-rmse:0.378895+0.001044	test-rmse:0.378880+0.004186 
[674]	train-rmse:0.378888+0.001044	test-rmse:0.378873+0.004186 
[675]	train-rmse:0.378883+0.001044	test-rmse:0.378868+0.004186 
[676]	train-rmse:0.378880+0.001043	test-rmse:0.378865+0.004187 
[677]	train-rmse:0.378876+0.001040	test-rmse:0.378860+0.004189 
[678]	train-rmse:0.378871+0.001041	test-rmse:0.378856+0.004189 
[679]	train-rmse:0.378867+0.001041	test-rmse:0.378852+0.004189 
[680]	train-rmse:0.378862+0.001042	test-rmse:0.378847+0.004188 
[681]	train-rmse:0.378855+0.001042	test-rmse:0.378840+0.004188 
[682]	train-rmse:0.378849+0.001042	test-rmse:0.378834+0.004188 
[683]	train-rmse:0.378844+0.001042	test-rmse:0.378829+0.004187 
[684]	train-rmse:0.378838+0.001042	test-rmse:0.378824+0.004188 
[685]	train-rmse:0.378832+0.001042	test-rmse:0.378817+0.004188 
[686]	train-rmse:0.378826+0.001043	test-rmse:0.378812+0.004187 
[687]	train-rmse:0.378820+0.001043	test-rmse:0.378805+0.004187 
[688]	train-rmse:0.378813+0.001042	test-rmse:0.378798+0.004187 
[689]	train-rmse:0.378808+0.001040	test-rmse:0.378793+0.004190 
[690]	train-rmse:0.378803+0.001039	test-rmse:0.378788+0.004190 
[691]	train-rmse:0.378801+0.001038	test-rmse:0.378786+0.004191 
[692]	train-rmse:0.378796+0.001038	test-rmse:0.378781+0.004191 
[693]	train-rmse:0.378789+0.001038	test-rmse:0.378774+0.004192 
[694]	train-rmse:0.378784+0.001039	test-rmse:0.378769+0.004190 
[695]	train-rmse:0.378778+0.001040	test-rmse:0.378763+0.004190 
[696]	train-rmse:0.378771+0.001039	test-rmse:0.378756+0.004190 
[697]	train-rmse:0.378765+0.001040	test-rmse:0.378750+0.004190 
[698]	train-rmse:0.378761+0.001037	test-rmse:0.378746+0.004192 
[699]	train-rmse:0.378755+0.001037	test-rmse:0.378741+0.004193 
[700]	train-rmse:0.378750+0.001034	test-rmse:0.378735+0.004195 
[701]	train-rmse:0.378746+0.001037	test-rmse:0.378731+0.004193 
[702]	train-rmse:0.378740+0.001036	test-rmse:0.378725+0.004193 
[703]	train-rmse:0.378733+0.001036	test-rmse:0.378718+0.004193 
[704]	train-rmse:0.378729+0.001035	test-rmse:0.378714+0.004194 
[705]	train-rmse:0.378724+0.001035	test-rmse:0.378709+0.004194 
[706]	train-rmse:0.378718+0.001033	test-rmse:0.378703+0.004197 
[707]	train-rmse:0.378712+0.001033	test-rmse:0.378697+0.004197 
[708]	train-rmse:0.378707+0.001034	test-rmse:0.378692+0.004196 
[709]	train-rmse:0.378700+0.001034	test-rmse:0.378685+0.004196 
[710]	train-rmse:0.378696+0.001032	test-rmse:0.378681+0.004198 
[711]	train-rmse:0.378691+0.001032	test-rmse:0.378676+0.004197 
[712]	train-rmse:0.378687+0.001030	test-rmse:0.378672+0.004199 
[713]	train-rmse:0.378681+0.001030	test-rmse:0.378666+0.004199 
[714]	train-rmse:0.378674+0.001030	test-rmse:0.378659+0.004199 
[715]	train-rmse:0.378668+0.001030	test-rmse:0.378653+0.004199 
[716]	train-rmse:0.378662+0.001030	test-rmse:0.378647+0.004199 
[717]	train-rmse:0.378657+0.001028	test-rmse:0.378642+0.004201 
[718]	train-rmse:0.378652+0.001030	test-rmse:0.378637+0.004200 
[719]	train-rmse:0.378648+0.001030	test-rmse:0.378633+0.004199 
[720]	train-rmse:0.378644+0.001029	test-rmse:0.378629+0.004200 
[721]	train-rmse:0.378639+0.001027	test-rmse:0.378624+0.004202 
[722]	train-rmse:0.378633+0.001027	test-rmse:0.378618+0.004202 
[723]	train-rmse:0.378627+0.001028	test-rmse:0.378612+0.004201 
[724]	train-rmse:0.378620+0.001028	test-rmse:0.378605+0.004202 
[725]	train-rmse:0.378614+0.001027	test-rmse:0.378599+0.004202 
[726]	train-rmse:0.378607+0.001027	test-rmse:0.378593+0.004202 
[727]	train-rmse:0.378602+0.001024	test-rmse:0.378587+0.004205 
[728]	train-rmse:0.378596+0.001024	test-rmse:0.378581+0.004205 
[729]	train-rmse:0.378589+0.001024	test-rmse:0.378575+0.004205 
[730]	train-rmse:0.378583+0.001025	test-rmse:0.378568+0.004205 
[731]	train-rmse:0.378576+0.001025	test-rmse:0.378562+0.004204 
[732]	train-rmse:0.378571+0.001025	test-rmse:0.378556+0.004204 
[733]	train-rmse:0.378567+0.001025	test-rmse:0.378552+0.004203 
[734]	train-rmse:0.378561+0.001026	test-rmse:0.378547+0.004203 
[735]	train-rmse:0.378555+0.001026	test-rmse:0.378540+0.004203 
[736]	train-rmse:0.378550+0.001027	test-rmse:0.378535+0.004202 
[737]	train-rmse:0.378546+0.001029	test-rmse:0.378531+0.004200 
[738]	train-rmse:0.378541+0.001029	test-rmse:0.378526+0.004200 
[739]	train-rmse:0.378534+0.001029	test-rmse:0.378519+0.004200 
[740]	train-rmse:0.378527+0.001029	test-rmse:0.378513+0.004200 
[741]	train-rmse:0.378522+0.001026	test-rmse:0.378507+0.004202 
[742]	train-rmse:0.378518+0.001024	test-rmse:0.378504+0.004204 
[743]	train-rmse:0.378513+0.001024	test-rmse:0.378499+0.004205 
[744]	train-rmse:0.378506+0.001024	test-rmse:0.378492+0.004205 
[745]	train-rmse:0.378500+0.001024	test-rmse:0.378485+0.004205 
[746]	train-rmse:0.378493+0.001024	test-rmse:0.378479+0.004205 
[747]	train-rmse:0.378488+0.001021	test-rmse:0.378474+0.004207 
[748]	train-rmse:0.378482+0.001022	test-rmse:0.378468+0.004206 
[749]	train-rmse:0.378478+0.001024	test-rmse:0.378464+0.004205 
[750]	train-rmse:0.378473+0.001023	test-rmse:0.378459+0.004205 
[751]	train-rmse:0.378466+0.001023	test-rmse:0.378452+0.004205 
[752]	train-rmse:0.378461+0.001024	test-rmse:0.378447+0.004204 
[753]	train-rmse:0.378456+0.001025	test-rmse:0.378442+0.004204 
[754]	train-rmse:0.378451+0.001025	test-rmse:0.378437+0.004203 
[755]	train-rmse:0.378448+0.001026	test-rmse:0.378433+0.004203 
[756]	train-rmse:0.378444+0.001024	test-rmse:0.378429+0.004205 
[757]	train-rmse:0.378438+0.001024	test-rmse:0.378424+0.004204 
[758]	train-rmse:0.378433+0.001026	test-rmse:0.378419+0.004203 
[759]	train-rmse:0.378428+0.001026	test-rmse:0.378413+0.004202 
[760]	train-rmse:0.378422+0.001026	test-rmse:0.378407+0.004202 
[761]	train-rmse:0.378415+0.001025	test-rmse:0.378400+0.004203 
[762]	train-rmse:0.378410+0.001026	test-rmse:0.378395+0.004202 
[763]	train-rmse:0.378404+0.001027	test-rmse:0.378390+0.004201 
[764]	train-rmse:0.378398+0.001027	test-rmse:0.378383+0.004201 
[765]	train-rmse:0.378393+0.001028	test-rmse:0.378378+0.004200 
[766]	train-rmse:0.378388+0.001029	test-rmse:0.378373+0.004199 
[767]	train-rmse:0.378383+0.001031	test-rmse:0.378368+0.004197 
[768]	train-rmse:0.378380+0.001033	test-rmse:0.378366+0.004195 
[769]	train-rmse:0.378375+0.001033	test-rmse:0.378361+0.004195 
[770]	train-rmse:0.378368+0.001033	test-rmse:0.378354+0.004195 
[771]	train-rmse:0.378364+0.001035	test-rmse:0.378350+0.004193 
[772]	train-rmse:0.378358+0.001035	test-rmse:0.378343+0.004193 
[773]	train-rmse:0.378352+0.001032	test-rmse:0.378338+0.004196 
[774]	train-rmse:0.378347+0.001034	test-rmse:0.378333+0.004194 
[775]	train-rmse:0.378340+0.001034	test-rmse:0.378326+0.004194 
[776]	train-rmse:0.378336+0.001035	test-rmse:0.378322+0.004193 
[777]	train-rmse:0.378331+0.001032	test-rmse:0.378317+0.004196 
[778]	train-rmse:0.378325+0.001032	test-rmse:0.378311+0.004196 
[779]	train-rmse:0.378318+0.001032	test-rmse:0.378304+0.004196 
[780]	train-rmse:0.378315+0.001030	test-rmse:0.378301+0.004198 
[781]	train-rmse:0.378308+0.001030	test-rmse:0.378294+0.004198 
[782]	train-rmse:0.378304+0.001031	test-rmse:0.378290+0.004197 
[783]	train-rmse:0.378298+0.001031	test-rmse:0.378284+0.004197 
[784]	train-rmse:0.378292+0.001031	test-rmse:0.378278+0.004197 
[785]	train-rmse:0.378286+0.001031	test-rmse:0.378272+0.004197 
[786]	train-rmse:0.378280+0.001029	test-rmse:0.378267+0.004199 
[787]	train-rmse:0.378274+0.001029	test-rmse:0.378260+0.004199 
[788]	train-rmse:0.378268+0.001029	test-rmse:0.378255+0.004199 
[789]	train-rmse:0.378265+0.001028	test-rmse:0.378251+0.004200 
[790]	train-rmse:0.378262+0.001027	test-rmse:0.378248+0.004201 
[791]	train-rmse:0.378255+0.001028	test-rmse:0.378242+0.004200 
[792]	train-rmse:0.378249+0.001028	test-rmse:0.378235+0.004200 
[793]	train-rmse:0.378243+0.001028	test-rmse:0.378230+0.004200 
[794]	train-rmse:0.378237+0.001027	test-rmse:0.378224+0.004201 
[795]	train-rmse:0.378231+0.001027	test-rmse:0.378217+0.004201 
[796]	train-rmse:0.378225+0.001028	test-rmse:0.378212+0.004200 
[797]	train-rmse:0.378219+0.001029	test-rmse:0.378206+0.004199 
[798]	train-rmse:0.378215+0.001029	test-rmse:0.378202+0.004198 
[799]	train-rmse:0.378208+0.001029	test-rmse:0.378195+0.004199 
[800]	train-rmse:0.378204+0.001030	test-rmse:0.378190+0.004198 
[801]	train-rmse:0.378197+0.001030	test-rmse:0.378184+0.004198 
[802]	train-rmse:0.378191+0.001030	test-rmse:0.378177+0.004198 
[803]	train-rmse:0.378185+0.001030	test-rmse:0.378172+0.004198 
[804]	train-rmse:0.378180+0.001031	test-rmse:0.378167+0.004197 
[805]	train-rmse:0.378175+0.001031	test-rmse:0.378162+0.004197 
[806]	train-rmse:0.378170+0.001030	test-rmse:0.378157+0.004198 
[807]	train-rmse:0.378165+0.001032	test-rmse:0.378151+0.004196 
[808]	train-rmse:0.378159+0.001033	test-rmse:0.378146+0.004195 
[809]	train-rmse:0.378153+0.001033	test-rmse:0.378140+0.004195 
[810]	train-rmse:0.378148+0.001031	test-rmse:0.378135+0.004197 
[811]	train-rmse:0.378142+0.001031	test-rmse:0.378129+0.004197 
[812]	train-rmse:0.378135+0.001031	test-rmse:0.378122+0.004197 
[813]	train-rmse:0.378130+0.001031	test-rmse:0.378117+0.004196 
[814]	train-rmse:0.378125+0.001032	test-rmse:0.378112+0.004195 
[815]	train-rmse:0.378122+0.001031	test-rmse:0.378109+0.004197 
[816]	train-rmse:0.378118+0.001029	test-rmse:0.378105+0.004199 
[817]	train-rmse:0.378114+0.001030	test-rmse:0.378101+0.004198 
[818]	train-rmse:0.378110+0.001031	test-rmse:0.378097+0.004197 
[819]	train-rmse:0.378103+0.001031	test-rmse:0.378090+0.004197 
[820]	train-rmse:0.378098+0.001028	test-rmse:0.378085+0.004199 
[821]	train-rmse:0.378093+0.001029	test-rmse:0.378080+0.004198 
[822]	train-rmse:0.378086+0.001029	test-rmse:0.378073+0.004198 
[823]	train-rmse:0.378080+0.001029	test-rmse:0.378067+0.004198 
[824]	train-rmse:0.378073+0.001030	test-rmse:0.378060+0.004198 
[825]	train-rmse:0.378068+0.001030	test-rmse:0.378055+0.004197 
[826]	train-rmse:0.378063+0.001030	test-rmse:0.378050+0.004198 
[827]	train-rmse:0.378057+0.001030	test-rmse:0.378044+0.004198 
[828]	train-rmse:0.378052+0.001031	test-rmse:0.378039+0.004196 
[829]	train-rmse:0.378047+0.001032	test-rmse:0.378034+0.004195 
[830]	train-rmse:0.378043+0.001034	test-rmse:0.378030+0.004193 
[831]	train-rmse:0.378038+0.001035	test-rmse:0.378025+0.004193 
[832]	train-rmse:0.378033+0.001032	test-rmse:0.378020+0.004195 
[833]	train-rmse:0.378028+0.001034	test-rmse:0.378015+0.004194 
[834]	train-rmse:0.378023+0.001035	test-rmse:0.378010+0.004193 
[835]	train-rmse:0.378016+0.001035	test-rmse:0.378004+0.004193 
[836]	train-rmse:0.378012+0.001037	test-rmse:0.378000+0.004191 
[837]	train-rmse:0.378007+0.001038	test-rmse:0.377995+0.004190 
[838]	train-rmse:0.378002+0.001038	test-rmse:0.377989+0.004189 
[839]	train-rmse:0.377996+0.001039	test-rmse:0.377983+0.004189 
[840]	train-rmse:0.377990+0.001039	test-rmse:0.377977+0.004189 
[841]	train-rmse:0.377983+0.001039	test-rmse:0.377970+0.004189 
[842]	train-rmse:0.377976+0.001039	test-rmse:0.377964+0.004189 
[843]	train-rmse:0.377970+0.001038	test-rmse:0.377958+0.004189 
[844]	train-rmse:0.377964+0.001038	test-rmse:0.377951+0.004189 
[845]	train-rmse:0.377959+0.001039	test-rmse:0.377946+0.004189 
[846]	train-rmse:0.377954+0.001040	test-rmse:0.377941+0.004188 
[847]	train-rmse:0.377950+0.001037	test-rmse:0.377937+0.004190 
[848]	train-rmse:0.377945+0.001035	test-rmse:0.377932+0.004193 
[849]	train-rmse:0.377938+0.001034	test-rmse:0.377926+0.004193 
[850]	train-rmse:0.377932+0.001034	test-rmse:0.377920+0.004193 
[851]	train-rmse:0.377929+0.001032	test-rmse:0.377916+0.004195 
[852]	train-rmse:0.377922+0.001032	test-rmse:0.377910+0.004196 
[853]	train-rmse:0.377918+0.001033	test-rmse:0.377906+0.004195 
[854]	train-rmse:0.377913+0.001033	test-rmse:0.377901+0.004194 
[855]	train-rmse:0.377909+0.001034	test-rmse:0.377897+0.004193 
[856]	train-rmse:0.377903+0.001034	test-rmse:0.377890+0.004193 
[857]	train-rmse:0.377900+0.001036	test-rmse:0.377888+0.004192 
[858]	train-rmse:0.377897+0.001037	test-rmse:0.377884+0.004190 
[859]	train-rmse:0.377892+0.001038	test-rmse:0.377879+0.004189 
[860]	train-rmse:0.377886+0.001039	test-rmse:0.377874+0.004188 
[861]	train-rmse:0.377880+0.001039	test-rmse:0.377868+0.004188 
[862]	train-rmse:0.377874+0.001039	test-rmse:0.377861+0.004188 
[863]	train-rmse:0.377867+0.001039	test-rmse:0.377855+0.004189 
[864]	train-rmse:0.377861+0.001039	test-rmse:0.377849+0.004189 
[865]	train-rmse:0.377856+0.001038	test-rmse:0.377844+0.004189 
[866]	train-rmse:0.377849+0.001038	test-rmse:0.377837+0.004189 
[867]	train-rmse:0.377843+0.001038	test-rmse:0.377830+0.004189 
[868]	train-rmse:0.377837+0.001039	test-rmse:0.377825+0.004188 
[869]	train-rmse:0.377831+0.001039	test-rmse:0.377819+0.004188 
[870]	train-rmse:0.377824+0.001039	test-rmse:0.377812+0.004188 
[871]	train-rmse:0.377819+0.001039	test-rmse:0.377807+0.004188 
[872]	train-rmse:0.377814+0.001039	test-rmse:0.377802+0.004188 
[873]	train-rmse:0.377808+0.001039	test-rmse:0.377796+0.004188 
[874]	train-rmse:0.377803+0.001039	test-rmse:0.377791+0.004188 
[875]	train-rmse:0.377797+0.001039	test-rmse:0.377786+0.004188 
[876]	train-rmse:0.377792+0.001040	test-rmse:0.377780+0.004187 
[877]	train-rmse:0.377789+0.001038	test-rmse:0.377777+0.004189 
[878]	train-rmse:0.377782+0.001038	test-rmse:0.377770+0.004189 
[879]	train-rmse:0.377777+0.001039	test-rmse:0.377765+0.004188 
[880]	train-rmse:0.377770+0.001038	test-rmse:0.377758+0.004188 
[881]	train-rmse:0.377766+0.001039	test-rmse:0.377755+0.004188 
[882]	train-rmse:0.377760+0.001039	test-rmse:0.377748+0.004187 
[883]	train-rmse:0.377755+0.001041	test-rmse:0.377743+0.004186 
[884]	train-rmse:0.377748+0.001041	test-rmse:0.377736+0.004186 
[885]	train-rmse:0.377742+0.001041	test-rmse:0.377730+0.004186 
[886]	train-rmse:0.377737+0.001042	test-rmse:0.377725+0.004185 
[887]	train-rmse:0.377730+0.001042	test-rmse:0.377718+0.004185 
[888]	train-rmse:0.377724+0.001041	test-rmse:0.377712+0.004185 
[889]	train-rmse:0.377718+0.001041	test-rmse:0.377707+0.004185 
[890]	train-rmse:0.377714+0.001043	test-rmse:0.377703+0.004183 
[891]	train-rmse:0.377709+0.001044	test-rmse:0.377697+0.004182 
[892]	train-rmse:0.377705+0.001046	test-rmse:0.377693+0.004180 
[893]	train-rmse:0.377698+0.001047	test-rmse:0.377687+0.004180 
[894]	train-rmse:0.377692+0.001047	test-rmse:0.377680+0.004180 
[895]	train-rmse:0.377689+0.001044	test-rmse:0.377678+0.004182 
[896]	train-rmse:0.377685+0.001046	test-rmse:0.377674+0.004181 
[897]	train-rmse:0.377679+0.001046	test-rmse:0.377668+0.004181 
[898]	train-rmse:0.377675+0.001043	test-rmse:0.377664+0.004184 
[899]	train-rmse:0.377669+0.001043	test-rmse:0.377657+0.004184 
[900]	train-rmse:0.377663+0.001043	test-rmse:0.377651+0.004183 
[901]	train-rmse:0.377656+0.001043	test-rmse:0.377645+0.004183 
[902]	train-rmse:0.377651+0.001041	test-rmse:0.377640+0.004186 
[903]	train-rmse:0.377645+0.001041	test-rmse:0.377633+0.004186 
[904]	train-rmse:0.377639+0.001041	test-rmse:0.377627+0.004186 
[905]	train-rmse:0.377632+0.001041	test-rmse:0.377621+0.004186 
[906]	train-rmse:0.377626+0.001041	test-rmse:0.377614+0.004186 
[907]	train-rmse:0.377621+0.001041	test-rmse:0.377609+0.004185 
[908]	train-rmse:0.377616+0.001043	test-rmse:0.377604+0.004184 
[909]	train-rmse:0.377609+0.001043	test-rmse:0.377598+0.004184 
[910]	train-rmse:0.377605+0.001041	test-rmse:0.377594+0.004186 
[911]	train-rmse:0.377599+0.001040	test-rmse:0.377588+0.004186 
[912]	train-rmse:0.377593+0.001041	test-rmse:0.377582+0.004186 
[913]	train-rmse:0.377586+0.001041	test-rmse:0.377575+0.004186 
[914]	train-rmse:0.377581+0.001042	test-rmse:0.377570+0.004184 
[915]	train-rmse:0.377575+0.001042	test-rmse:0.377564+0.004185 
[916]	train-rmse:0.377573+0.001041	test-rmse:0.377561+0.004186 
[917]	train-rmse:0.377566+0.001040	test-rmse:0.377555+0.004186 
[918]	train-rmse:0.377563+0.001041	test-rmse:0.377551+0.004185 
[919]	train-rmse:0.377556+0.001041	test-rmse:0.377545+0.004185 
[920]	train-rmse:0.377553+0.001043	test-rmse:0.377541+0.004183 
[921]	train-rmse:0.377549+0.001044	test-rmse:0.377537+0.004182 
[922]	train-rmse:0.377543+0.001044	test-rmse:0.377531+0.004182 
[923]	train-rmse:0.377536+0.001044	test-rmse:0.377525+0.004183 
[924]	train-rmse:0.377530+0.001044	test-rmse:0.377519+0.004183 
[925]	train-rmse:0.377525+0.001045	test-rmse:0.377514+0.004182 
[926]	train-rmse:0.377518+0.001045	test-rmse:0.377507+0.004182 
[927]	train-rmse:0.377513+0.001046	test-rmse:0.377502+0.004181 
[928]	train-rmse:0.377510+0.001044	test-rmse:0.377499+0.004183 
[929]	train-rmse:0.377507+0.001045	test-rmse:0.377496+0.004181 
[930]	train-rmse:0.377503+0.001046	test-rmse:0.377492+0.004181 
[931]	train-rmse:0.377498+0.001046	test-rmse:0.377487+0.004180 
[932]	train-rmse:0.377494+0.001047	test-rmse:0.377483+0.004179 
[933]	train-rmse:0.377487+0.001047	test-rmse:0.377476+0.004179 
[934]	train-rmse:0.377482+0.001048	test-rmse:0.377472+0.004179 
[935]	train-rmse:0.377477+0.001045	test-rmse:0.377466+0.004181 
[936]	train-rmse:0.377472+0.001045	test-rmse:0.377461+0.004181 
[937]	train-rmse:0.377465+0.001045	test-rmse:0.377455+0.004181 
[938]	train-rmse:0.377460+0.001046	test-rmse:0.377450+0.004180 
[939]	train-rmse:0.377454+0.001046	test-rmse:0.377443+0.004180 
[940]	train-rmse:0.377449+0.001044	test-rmse:0.377438+0.004182 
[941]	train-rmse:0.377442+0.001044	test-rmse:0.377432+0.004182 
[942]	train-rmse:0.377436+0.001045	test-rmse:0.377425+0.004182 
[943]	train-rmse:0.377431+0.001045	test-rmse:0.377420+0.004181 
[944]	train-rmse:0.377426+0.001046	test-rmse:0.377415+0.004180 
[945]	train-rmse:0.377421+0.001047	test-rmse:0.377410+0.004179 
[946]	train-rmse:0.377416+0.001044	test-rmse:0.377405+0.004182 
[947]	train-rmse:0.377409+0.001044	test-rmse:0.377398+0.004182 
[948]	train-rmse:0.377402+0.001044	test-rmse:0.377392+0.004182 
[949]	train-rmse:0.377396+0.001044	test-rmse:0.377385+0.004182 
[950]	train-rmse:0.377391+0.001044	test-rmse:0.377380+0.004182 
[951]	train-rmse:0.377384+0.001044	test-rmse:0.377374+0.004182 
[952]	train-rmse:0.377379+0.001045	test-rmse:0.377368+0.004181 
[953]	train-rmse:0.377376+0.001044	test-rmse:0.377365+0.004182 
[954]	train-rmse:0.377370+0.001044	test-rmse:0.377360+0.004182 
[955]	train-rmse:0.377364+0.001044	test-rmse:0.377353+0.004182 
[956]	train-rmse:0.377360+0.001042	test-rmse:0.377349+0.004184 
[957]	train-rmse:0.377354+0.001042	test-rmse:0.377343+0.004184 
[958]	train-rmse:0.377347+0.001042	test-rmse:0.377337+0.004184 
[959]	train-rmse:0.377341+0.001042	test-rmse:0.377331+0.004184 
[960]	train-rmse:0.377336+0.001043	test-rmse:0.377325+0.004183 
[961]	train-rmse:0.377331+0.001043	test-rmse:0.377320+0.004183 
[962]	train-rmse:0.377324+0.001043	test-rmse:0.377314+0.004183 
[963]	train-rmse:0.377318+0.001043	test-rmse:0.377308+0.004183 
[964]	train-rmse:0.377313+0.001044	test-rmse:0.377303+0.004182 
[965]	train-rmse:0.377307+0.001043	test-rmse:0.377296+0.004182 
[966]	train-rmse:0.377300+0.001043	test-rmse:0.377290+0.004183 
[967]	train-rmse:0.377295+0.001045	test-rmse:0.377285+0.004181 
[968]	train-rmse:0.377289+0.001045	test-rmse:0.377279+0.004181 
[969]	train-rmse:0.377282+0.001045	test-rmse:0.377272+0.004181 
[970]	train-rmse:0.377279+0.001046	test-rmse:0.377268+0.004180 
[971]	train-rmse:0.377274+0.001044	test-rmse:0.377263+0.004182 
[972]	train-rmse:0.377267+0.001044	test-rmse:0.377257+0.004182 
[973]	train-rmse:0.377263+0.001043	test-rmse:0.377253+0.004184 
[974]	train-rmse:0.377259+0.001041	test-rmse:0.377249+0.004186 
[975]	train-rmse:0.377253+0.001041	test-rmse:0.377243+0.004186 
[976]	train-rmse:0.377250+0.001039	test-rmse:0.377240+0.004187 
[977]	train-rmse:0.377244+0.001039	test-rmse:0.377233+0.004187 
[978]	train-rmse:0.377240+0.001038	test-rmse:0.377229+0.004188 
[979]	train-rmse:0.377234+0.001038	test-rmse:0.377224+0.004188 
[980]	train-rmse:0.377228+0.001037	test-rmse:0.377218+0.004189 
[981]	train-rmse:0.377222+0.001037	test-rmse:0.377212+0.004189 
[982]	train-rmse:0.377217+0.001038	test-rmse:0.377206+0.004188 
[983]	train-rmse:0.377210+0.001038	test-rmse:0.377200+0.004188 
[984]	train-rmse:0.377204+0.001038	test-rmse:0.377194+0.004188 
[985]	train-rmse:0.377197+0.001038	test-rmse:0.377187+0.004188 
[986]	train-rmse:0.377191+0.001038	test-rmse:0.377181+0.004188 
[987]	train-rmse:0.377184+0.001038	test-rmse:0.377174+0.004188 
[988]	train-rmse:0.377178+0.001037	test-rmse:0.377168+0.004189 
[989]	train-rmse:0.377174+0.001039	test-rmse:0.377164+0.004187 
[990]	train-rmse:0.377167+0.001039	test-rmse:0.377157+0.004187 
[991]	train-rmse:0.377161+0.001039	test-rmse:0.377151+0.004187 
[992]	train-rmse:0.377157+0.001039	test-rmse:0.377147+0.004187 
[993]	train-rmse:0.377153+0.001038	test-rmse:0.377143+0.004188 
[994]	train-rmse:0.377147+0.001038	test-rmse:0.377137+0.004188 
[995]	train-rmse:0.377140+0.001038	test-rmse:0.377130+0.004188 
[996]	train-rmse:0.377136+0.001037	test-rmse:0.377126+0.004189 
[997]	train-rmse:0.377131+0.001037	test-rmse:0.377121+0.004188 
[998]	train-rmse:0.377126+0.001038	test-rmse:0.377116+0.004188 
[999]	train-rmse:0.377120+0.001038	test-rmse:0.377110+0.004187 
[1000]	train-rmse:0.377116+0.001040	test-rmse:0.377106+0.004185 
[1001]	train-rmse:0.377111+0.001040	test-rmse:0.377101+0.004186 
[1002]	train-rmse:0.377105+0.001040	test-rmse:0.377096+0.004185 
[1003]	train-rmse:0.377100+0.001041	test-rmse:0.377090+0.004184 
[1004]	train-rmse:0.377096+0.001043	test-rmse:0.377086+0.004183 
[1005]	train-rmse:0.377091+0.001043	test-rmse:0.377081+0.004183 
[1006]	train-rmse:0.377086+0.001041	test-rmse:0.377076+0.004185 
[1007]	train-rmse:0.377081+0.001040	test-rmse:0.377071+0.004185 
[1008]	train-rmse:0.377074+0.001041	test-rmse:0.377064+0.004185 
[1009]	train-rmse:0.377068+0.001041	test-rmse:0.377058+0.004185 
[1010]	train-rmse:0.377062+0.001040	test-rmse:0.377052+0.004185 
[1011]	train-rmse:0.377055+0.001040	test-rmse:0.377046+0.004186 
[1012]	train-rmse:0.377050+0.001041	test-rmse:0.377040+0.004185 
[1013]	train-rmse:0.377043+0.001041	test-rmse:0.377034+0.004185 
[1014]	train-rmse:0.377038+0.001041	test-rmse:0.377029+0.004185 
[1015]	train-rmse:0.377032+0.001041	test-rmse:0.377023+0.004184 
[1016]	train-rmse:0.377027+0.001042	test-rmse:0.377018+0.004183 
[1017]	train-rmse:0.377022+0.001043	test-rmse:0.377013+0.004183 
> hgrid <-
+   dplyr::bind_cols(xgboost_params[index, ], dart.cv$evaluation_log[dart.cv$best_iteration, ], best_iter = dart.cv$best_iteration)
> 
> # write result
> fname <- file.path('data-raw', 'tune', year, 'array', paste0('tune_', index, '.tsv'))
> readr::write_tsv(hgrid, file = fname)
