> 
> # parse arguments
> args <- R.utils::commandArgs(trailingOnly = FALSE, asValues = TRUE)
> index <- as.integer(args$index)
> year <- as.character(args$year)
> nreps <- as.integer(args$nreps)
> seed <- as.integer(args$seed)
> 
> # get number of cores
> wkrs <- length(future::availableWorkers())
> 
> # set seed
> set.seed(seed)
> 
> # read and prepare the cluster features
> fp <- file.path('data-raw', 'features', year)
> clf <-
+   read_features(fp, pattern = 'paris.', recursive = FALSE)
> clf <- prepare_features(
+   clf,
+   feature_map = feature_map,
+   category = c('response', 'bio', 'net'),
+   type = 'list',
+   exclusions = c(
+     'mg2_pairs_count',
+     'mg2_not_pairs_count',
+     'mg2_portion_families_recovered',
+     'cluster_origin',
+     'bocc_origin',
+     'cluster_method',
+     'subcluster_method',
+     'year',
+     'IDs',
+     'go_sig_threshold',
+     'num_new_edges_on_any_node',
+     'HPO_ratio'
+   ),
+   verbose = TRUE
+ )
c('HPO_ratio', 'IDs', 'bocc_origin', 'cluster_method', 'cluster_origin', 'go_sig_threshold', 'max_norm_cell_type_comma_sep_string', 'max_norm_disease_comma_sep_string', 'mg2_not_pairs_count', 'mg2_pairs_count', 'mg2_portion_families_recovered', 'num_new_edges_on_any_node', 'sig_go_enrichment_fdr_corrected_p_vals', 'sig_go_enrichment_p_vals', 'sig_go_enrichment_terms', 'subcluster_method', 'year')

> 
> # prepare grid of parameters
> xgboost_params <- dials::parameters(
+   nrounds = dials::trees(),
+   eta = dials::learn_rate(),
+   gamma = dials::loss_reduction(),
+   dials::tree_depth(),
+   subsample = dials::sample_prop(),
+   rate_drop = dials::dropout(),
+   skip_drop = dials::dropout()
+ )
> xgboost_params <-
+   dials::grid_max_entropy(xgboost_params, size = nreps)
> 
> # tune the dart booster
> dart.param <-
+   list(
+     booster = "dart",
+     objective = "reg:logistic",
+     eval_metric = "rmse",
+     nthread = wkrs,
+     max_depth = xgboost_params$tree_depth[index],
+     eta = xgboost_params$eta[index],
+     gamma = xgboost_params$gamma[index],
+     subsample = xgboost_params$subsample[index],
+     rate_drop = xgboost_params$rate_drop[index],
+     skip_drop = xgboost_params$skip_drop[index]
+   )
> dart.cv <- xgboost::xgb.cv(
+   params = dart.param,
+   nrounds = xgboost_params$nrounds[index],
+   data = as.matrix(clf[, -1]),
+   nfold = 5,
+   label = clf$snowballing_pvalue,
+   early_stopping_rounds = 50
+ )
[1]	train-rmse:0.382681+0.001055	test-rmse:0.382658+0.004188 
Multiple eval metrics are present. Will use test_rmse for early stopping.
Will train until test_rmse hasn't improved in 50 rounds.

[2]	train-rmse:0.382681+0.001055	test-rmse:0.382658+0.004188 
[3]	train-rmse:0.382681+0.001055	test-rmse:0.382657+0.004188 
[4]	train-rmse:0.382681+0.001055	test-rmse:0.382657+0.004188 
[5]	train-rmse:0.382681+0.001055	test-rmse:0.382657+0.004188 
[6]	train-rmse:0.382681+0.001055	test-rmse:0.382657+0.004188 
[7]	train-rmse:0.382681+0.001055	test-rmse:0.382657+0.004188 
[8]	train-rmse:0.382681+0.001055	test-rmse:0.382657+0.004188 
[9]	train-rmse:0.382681+0.001055	test-rmse:0.382657+0.004188 
[10]	train-rmse:0.382681+0.001055	test-rmse:0.382657+0.004188 
[11]	train-rmse:0.382681+0.001055	test-rmse:0.382657+0.004188 
[12]	train-rmse:0.382681+0.001055	test-rmse:0.382657+0.004188 
[13]	train-rmse:0.382681+0.001055	test-rmse:0.382657+0.004188 
[14]	train-rmse:0.382681+0.001055	test-rmse:0.382657+0.004188 
[15]	train-rmse:0.382681+0.001055	test-rmse:0.382657+0.004188 
[16]	train-rmse:0.382681+0.001055	test-rmse:0.382657+0.004188 
[17]	train-rmse:0.382680+0.001055	test-rmse:0.382657+0.004188 
[18]	train-rmse:0.382680+0.001055	test-rmse:0.382657+0.004188 
[19]	train-rmse:0.382680+0.001055	test-rmse:0.382657+0.004188 
[20]	train-rmse:0.382680+0.001055	test-rmse:0.382657+0.004188 
[21]	train-rmse:0.382680+0.001055	test-rmse:0.382657+0.004188 
[22]	train-rmse:0.382680+0.001055	test-rmse:0.382656+0.004188 
[23]	train-rmse:0.382680+0.001055	test-rmse:0.382656+0.004188 
[24]	train-rmse:0.382680+0.001055	test-rmse:0.382656+0.004188 
[25]	train-rmse:0.382680+0.001055	test-rmse:0.382656+0.004188 
[26]	train-rmse:0.382680+0.001055	test-rmse:0.382656+0.004188 
[27]	train-rmse:0.382680+0.001055	test-rmse:0.382656+0.004188 
[28]	train-rmse:0.382680+0.001055	test-rmse:0.382656+0.004188 
[29]	train-rmse:0.382680+0.001055	test-rmse:0.382656+0.004188 
[30]	train-rmse:0.382680+0.001055	test-rmse:0.382656+0.004188 
[31]	train-rmse:0.382680+0.001055	test-rmse:0.382656+0.004188 
[32]	train-rmse:0.382680+0.001055	test-rmse:0.382656+0.004188 
[33]	train-rmse:0.382680+0.001055	test-rmse:0.382656+0.004188 
[34]	train-rmse:0.382680+0.001055	test-rmse:0.382656+0.004188 
[35]	train-rmse:0.382680+0.001055	test-rmse:0.382656+0.004188 
[36]	train-rmse:0.382680+0.001055	test-rmse:0.382656+0.004188 
[37]	train-rmse:0.382679+0.001055	test-rmse:0.382656+0.004188 
[38]	train-rmse:0.382679+0.001055	test-rmse:0.382656+0.004188 
[39]	train-rmse:0.382679+0.001055	test-rmse:0.382656+0.004188 
[40]	train-rmse:0.382679+0.001055	test-rmse:0.382656+0.004188 
[41]	train-rmse:0.382679+0.001055	test-rmse:0.382656+0.004188 
[42]	train-rmse:0.382679+0.001055	test-rmse:0.382656+0.004188 
[43]	train-rmse:0.382679+0.001055	test-rmse:0.382655+0.004188 
[44]	train-rmse:0.382679+0.001055	test-rmse:0.382655+0.004188 
[45]	train-rmse:0.382679+0.001055	test-rmse:0.382655+0.004189 
[46]	train-rmse:0.382679+0.001055	test-rmse:0.382655+0.004189 
[47]	train-rmse:0.382679+0.001055	test-rmse:0.382655+0.004189 
[48]	train-rmse:0.382679+0.001055	test-rmse:0.382655+0.004189 
[49]	train-rmse:0.382679+0.001055	test-rmse:0.382655+0.004189 
[50]	train-rmse:0.382679+0.001055	test-rmse:0.382655+0.004189 
[51]	train-rmse:0.382679+0.001055	test-rmse:0.382655+0.004188 
[52]	train-rmse:0.382679+0.001055	test-rmse:0.382655+0.004188 
[53]	train-rmse:0.382679+0.001055	test-rmse:0.382655+0.004188 
[54]	train-rmse:0.382679+0.001055	test-rmse:0.382655+0.004188 
[55]	train-rmse:0.382679+0.001055	test-rmse:0.382655+0.004188 
[56]	train-rmse:0.382679+0.001055	test-rmse:0.382655+0.004188 
[57]	train-rmse:0.382679+0.001055	test-rmse:0.382655+0.004188 
[58]	train-rmse:0.382678+0.001055	test-rmse:0.382655+0.004188 
[59]	train-rmse:0.382678+0.001055	test-rmse:0.382655+0.004188 
[60]	train-rmse:0.382678+0.001055	test-rmse:0.382655+0.004188 
[61]	train-rmse:0.382678+0.001055	test-rmse:0.382655+0.004188 
[62]	train-rmse:0.382678+0.001055	test-rmse:0.382655+0.004188 
[63]	train-rmse:0.382678+0.001055	test-rmse:0.382655+0.004188 
[64]	train-rmse:0.382678+0.001055	test-rmse:0.382654+0.004188 
[65]	train-rmse:0.382678+0.001055	test-rmse:0.382654+0.004188 
[66]	train-rmse:0.382678+0.001055	test-rmse:0.382654+0.004188 
[67]	train-rmse:0.382678+0.001055	test-rmse:0.382654+0.004188 
[68]	train-rmse:0.382678+0.001055	test-rmse:0.382654+0.004188 
[69]	train-rmse:0.382678+0.001055	test-rmse:0.382654+0.004188 
[70]	train-rmse:0.382678+0.001055	test-rmse:0.382654+0.004188 
[71]	train-rmse:0.382678+0.001055	test-rmse:0.382654+0.004188 
[72]	train-rmse:0.382678+0.001055	test-rmse:0.382654+0.004188 
[73]	train-rmse:0.382678+0.001055	test-rmse:0.382654+0.004188 
[74]	train-rmse:0.382678+0.001055	test-rmse:0.382654+0.004188 
[75]	train-rmse:0.382678+0.001055	test-rmse:0.382654+0.004188 
[76]	train-rmse:0.382678+0.001055	test-rmse:0.382654+0.004188 
[77]	train-rmse:0.382678+0.001055	test-rmse:0.382654+0.004188 
[78]	train-rmse:0.382678+0.001055	test-rmse:0.382654+0.004188 
[79]	train-rmse:0.382678+0.001055	test-rmse:0.382654+0.004188 
[80]	train-rmse:0.382677+0.001055	test-rmse:0.382654+0.004188 
[81]	train-rmse:0.382677+0.001055	test-rmse:0.382654+0.004188 
[82]	train-rmse:0.382677+0.001055	test-rmse:0.382654+0.004188 
[83]	train-rmse:0.382677+0.001055	test-rmse:0.382654+0.004188 
[84]	train-rmse:0.382677+0.001055	test-rmse:0.382654+0.004188 
[85]	train-rmse:0.382677+0.001055	test-rmse:0.382654+0.004188 
[86]	train-rmse:0.382677+0.001055	test-rmse:0.382654+0.004188 
[87]	train-rmse:0.382677+0.001055	test-rmse:0.382654+0.004188 
[88]	train-rmse:0.382677+0.001055	test-rmse:0.382653+0.004188 
[89]	train-rmse:0.382677+0.001055	test-rmse:0.382653+0.004188 
[90]	train-rmse:0.382677+0.001055	test-rmse:0.382653+0.004188 
[91]	train-rmse:0.382677+0.001055	test-rmse:0.382653+0.004188 
[92]	train-rmse:0.382677+0.001055	test-rmse:0.382653+0.004188 
[93]	train-rmse:0.382677+0.001055	test-rmse:0.382653+0.004188 
[94]	train-rmse:0.382677+0.001055	test-rmse:0.382653+0.004188 
[95]	train-rmse:0.382677+0.001055	test-rmse:0.382653+0.004188 
[96]	train-rmse:0.382677+0.001055	test-rmse:0.382653+0.004188 
[97]	train-rmse:0.382677+0.001055	test-rmse:0.382653+0.004188 
[98]	train-rmse:0.382677+0.001055	test-rmse:0.382653+0.004188 
[99]	train-rmse:0.382677+0.001055	test-rmse:0.382653+0.004188 
[100]	train-rmse:0.382677+0.001055	test-rmse:0.382653+0.004188 
[101]	train-rmse:0.382677+0.001055	test-rmse:0.382653+0.004188 
[102]	train-rmse:0.382677+0.001055	test-rmse:0.382653+0.004188 
[103]	train-rmse:0.382677+0.001055	test-rmse:0.382653+0.004188 
[104]	train-rmse:0.382676+0.001055	test-rmse:0.382653+0.004188 
[105]	train-rmse:0.382676+0.001055	test-rmse:0.382653+0.004188 
[106]	train-rmse:0.382676+0.001055	test-rmse:0.382653+0.004188 
[107]	train-rmse:0.382676+0.001055	test-rmse:0.382653+0.004188 
[108]	train-rmse:0.382676+0.001055	test-rmse:0.382653+0.004188 
[109]	train-rmse:0.382676+0.001055	test-rmse:0.382653+0.004188 
[110]	train-rmse:0.382676+0.001055	test-rmse:0.382653+0.004188 
[111]	train-rmse:0.382676+0.001055	test-rmse:0.382652+0.004188 
[112]	train-rmse:0.382676+0.001055	test-rmse:0.382652+0.004188 
[113]	train-rmse:0.382676+0.001055	test-rmse:0.382652+0.004188 
[114]	train-rmse:0.382676+0.001055	test-rmse:0.382652+0.004188 
[115]	train-rmse:0.382676+0.001055	test-rmse:0.382652+0.004188 
[116]	train-rmse:0.382676+0.001055	test-rmse:0.382652+0.004188 
[117]	train-rmse:0.382676+0.001055	test-rmse:0.382652+0.004188 
[118]	train-rmse:0.382676+0.001055	test-rmse:0.382652+0.004188 
[119]	train-rmse:0.382676+0.001055	test-rmse:0.382652+0.004188 
[120]	train-rmse:0.382676+0.001055	test-rmse:0.382652+0.004188 
[121]	train-rmse:0.382676+0.001055	test-rmse:0.382652+0.004188 
[122]	train-rmse:0.382676+0.001055	test-rmse:0.382652+0.004188 
[123]	train-rmse:0.382676+0.001055	test-rmse:0.382652+0.004188 
[124]	train-rmse:0.382676+0.001055	test-rmse:0.382652+0.004188 
[125]	train-rmse:0.382676+0.001055	test-rmse:0.382652+0.004188 
[126]	train-rmse:0.382675+0.001055	test-rmse:0.382652+0.004188 
[127]	train-rmse:0.382675+0.001055	test-rmse:0.382652+0.004188 
[128]	train-rmse:0.382675+0.001055	test-rmse:0.382652+0.004188 
[129]	train-rmse:0.382675+0.001055	test-rmse:0.382652+0.004188 
[130]	train-rmse:0.382675+0.001055	test-rmse:0.382652+0.004188 
[131]	train-rmse:0.382675+0.001055	test-rmse:0.382652+0.004188 
[132]	train-rmse:0.382675+0.001055	test-rmse:0.382651+0.004188 
[133]	train-rmse:0.382675+0.001055	test-rmse:0.382651+0.004188 
[134]	train-rmse:0.382675+0.001055	test-rmse:0.382651+0.004188 
[135]	train-rmse:0.382675+0.001055	test-rmse:0.382651+0.004188 
[136]	train-rmse:0.382675+0.001055	test-rmse:0.382651+0.004188 
[137]	train-rmse:0.382675+0.001055	test-rmse:0.382651+0.004188 
[138]	train-rmse:0.382675+0.001055	test-rmse:0.382651+0.004188 
[139]	train-rmse:0.382675+0.001055	test-rmse:0.382651+0.004188 
[140]	train-rmse:0.382675+0.001055	test-rmse:0.382651+0.004188 
[141]	train-rmse:0.382675+0.001055	test-rmse:0.382651+0.004188 
[142]	train-rmse:0.382675+0.001055	test-rmse:0.382651+0.004188 
[143]	train-rmse:0.382675+0.001055	test-rmse:0.382651+0.004188 
[144]	train-rmse:0.382675+0.001055	test-rmse:0.382651+0.004188 
[145]	train-rmse:0.382674+0.001055	test-rmse:0.382651+0.004188 
[146]	train-rmse:0.382674+0.001055	test-rmse:0.382651+0.004188 
[147]	train-rmse:0.382674+0.001055	test-rmse:0.382651+0.004188 
[148]	train-rmse:0.382674+0.001055	test-rmse:0.382651+0.004188 
[149]	train-rmse:0.382674+0.001055	test-rmse:0.382651+0.004188 
[150]	train-rmse:0.382674+0.001055	test-rmse:0.382651+0.004188 
[151]	train-rmse:0.382674+0.001055	test-rmse:0.382651+0.004188 
[152]	train-rmse:0.382674+0.001055	test-rmse:0.382651+0.004188 
[153]	train-rmse:0.382674+0.001055	test-rmse:0.382651+0.004188 
[154]	train-rmse:0.382674+0.001055	test-rmse:0.382650+0.004188 
[155]	train-rmse:0.382674+0.001055	test-rmse:0.382650+0.004188 
[156]	train-rmse:0.382674+0.001055	test-rmse:0.382650+0.004188 
[157]	train-rmse:0.382674+0.001055	test-rmse:0.382650+0.004188 
[158]	train-rmse:0.382674+0.001055	test-rmse:0.382650+0.004188 
[159]	train-rmse:0.382674+0.001055	test-rmse:0.382650+0.004188 
[160]	train-rmse:0.382674+0.001055	test-rmse:0.382650+0.004188 
[161]	train-rmse:0.382674+0.001055	test-rmse:0.382650+0.004188 
[162]	train-rmse:0.382674+0.001055	test-rmse:0.382650+0.004188 
[163]	train-rmse:0.382674+0.001055	test-rmse:0.382650+0.004188 
[164]	train-rmse:0.382674+0.001055	test-rmse:0.382650+0.004188 
[165]	train-rmse:0.382674+0.001055	test-rmse:0.382650+0.004188 
[166]	train-rmse:0.382674+0.001055	test-rmse:0.382650+0.004188 
[167]	train-rmse:0.382674+0.001055	test-rmse:0.382650+0.004188 
[168]	train-rmse:0.382673+0.001055	test-rmse:0.382650+0.004188 
[169]	train-rmse:0.382673+0.001055	test-rmse:0.382650+0.004188 
[170]	train-rmse:0.382673+0.001055	test-rmse:0.382650+0.004188 
[171]	train-rmse:0.382673+0.001055	test-rmse:0.382650+0.004188 
[172]	train-rmse:0.382673+0.001055	test-rmse:0.382650+0.004188 
[173]	train-rmse:0.382673+0.001055	test-rmse:0.382650+0.004188 
[174]	train-rmse:0.382673+0.001055	test-rmse:0.382650+0.004188 
[175]	train-rmse:0.382673+0.001055	test-rmse:0.382650+0.004188 
[176]	train-rmse:0.382673+0.001055	test-rmse:0.382650+0.004188 
[177]	train-rmse:0.382673+0.001055	test-rmse:0.382650+0.004188 
[178]	train-rmse:0.382673+0.001055	test-rmse:0.382649+0.004188 
[179]	train-rmse:0.382673+0.001055	test-rmse:0.382649+0.004188 
[180]	train-rmse:0.382673+0.001055	test-rmse:0.382649+0.004188 
[181]	train-rmse:0.382673+0.001055	test-rmse:0.382649+0.004188 
[182]	train-rmse:0.382673+0.001055	test-rmse:0.382649+0.004188 
[183]	train-rmse:0.382673+0.001055	test-rmse:0.382649+0.004188 
[184]	train-rmse:0.382673+0.001055	test-rmse:0.382649+0.004188 
[185]	train-rmse:0.382673+0.001055	test-rmse:0.382649+0.004188 
[186]	train-rmse:0.382673+0.001055	test-rmse:0.382649+0.004188 
[187]	train-rmse:0.382673+0.001055	test-rmse:0.382649+0.004188 
[188]	train-rmse:0.382673+0.001055	test-rmse:0.382649+0.004188 
[189]	train-rmse:0.382672+0.001055	test-rmse:0.382649+0.004188 
[190]	train-rmse:0.382672+0.001055	test-rmse:0.382649+0.004188 
[191]	train-rmse:0.382672+0.001055	test-rmse:0.382649+0.004188 
[192]	train-rmse:0.382672+0.001055	test-rmse:0.382649+0.004188 
[193]	train-rmse:0.382672+0.001055	test-rmse:0.382649+0.004188 
[194]	train-rmse:0.382672+0.001055	test-rmse:0.382649+0.004188 
[195]	train-rmse:0.382672+0.001055	test-rmse:0.382649+0.004189 
[196]	train-rmse:0.382672+0.001055	test-rmse:0.382649+0.004188 
[197]	train-rmse:0.382672+0.001055	test-rmse:0.382649+0.004188 
[198]	train-rmse:0.382672+0.001055	test-rmse:0.382648+0.004189 
[199]	train-rmse:0.382672+0.001055	test-rmse:0.382648+0.004189 
[200]	train-rmse:0.382672+0.001055	test-rmse:0.382648+0.004189 
[201]	train-rmse:0.382672+0.001055	test-rmse:0.382648+0.004189 
[202]	train-rmse:0.382672+0.001055	test-rmse:0.382648+0.004188 
[203]	train-rmse:0.382672+0.001055	test-rmse:0.382648+0.004188 
[204]	train-rmse:0.382672+0.001055	test-rmse:0.382648+0.004189 
[205]	train-rmse:0.382672+0.001055	test-rmse:0.382648+0.004189 
[206]	train-rmse:0.382672+0.001055	test-rmse:0.382648+0.004188 
[207]	train-rmse:0.382672+0.001055	test-rmse:0.382648+0.004189 
[208]	train-rmse:0.382672+0.001055	test-rmse:0.382648+0.004189 
[209]	train-rmse:0.382672+0.001055	test-rmse:0.382648+0.004189 
[210]	train-rmse:0.382672+0.001055	test-rmse:0.382648+0.004189 
[211]	train-rmse:0.382672+0.001055	test-rmse:0.382648+0.004189 
[212]	train-rmse:0.382671+0.001055	test-rmse:0.382648+0.004188 
[213]	train-rmse:0.382671+0.001055	test-rmse:0.382648+0.004189 
[214]	train-rmse:0.382671+0.001055	test-rmse:0.382648+0.004189 
[215]	train-rmse:0.382671+0.001055	test-rmse:0.382648+0.004188 
[216]	train-rmse:0.382671+0.001055	test-rmse:0.382648+0.004188 
[217]	train-rmse:0.382671+0.001055	test-rmse:0.382648+0.004188 
[218]	train-rmse:0.382671+0.001055	test-rmse:0.382648+0.004188 
[219]	train-rmse:0.382671+0.001055	test-rmse:0.382648+0.004188 
[220]	train-rmse:0.382671+0.001055	test-rmse:0.382647+0.004188 
[221]	train-rmse:0.382671+0.001055	test-rmse:0.382647+0.004189 
[222]	train-rmse:0.382671+0.001055	test-rmse:0.382647+0.004189 
[223]	train-rmse:0.382671+0.001055	test-rmse:0.382647+0.004189 
[224]	train-rmse:0.382671+0.001055	test-rmse:0.382647+0.004189 
[225]	train-rmse:0.382671+0.001055	test-rmse:0.382647+0.004189 
[226]	train-rmse:0.382671+0.001055	test-rmse:0.382647+0.004188 
[227]	train-rmse:0.382671+0.001055	test-rmse:0.382647+0.004188 
[228]	train-rmse:0.382671+0.001055	test-rmse:0.382647+0.004188 
[229]	train-rmse:0.382671+0.001055	test-rmse:0.382647+0.004188 
[230]	train-rmse:0.382671+0.001055	test-rmse:0.382647+0.004188 
[231]	train-rmse:0.382671+0.001055	test-rmse:0.382647+0.004188 
[232]	train-rmse:0.382670+0.001055	test-rmse:0.382647+0.004188 
[233]	train-rmse:0.382670+0.001055	test-rmse:0.382647+0.004188 
[234]	train-rmse:0.382670+0.001055	test-rmse:0.382647+0.004188 
[235]	train-rmse:0.382670+0.001055	test-rmse:0.382647+0.004188 
[236]	train-rmse:0.382670+0.001055	test-rmse:0.382647+0.004188 
[237]	train-rmse:0.382670+0.001055	test-rmse:0.382647+0.004188 
[238]	train-rmse:0.382670+0.001055	test-rmse:0.382647+0.004188 
[239]	train-rmse:0.382670+0.001055	test-rmse:0.382647+0.004188 
[240]	train-rmse:0.382670+0.001055	test-rmse:0.382647+0.004188 
[241]	train-rmse:0.382670+0.001055	test-rmse:0.382646+0.004188 
[242]	train-rmse:0.382670+0.001055	test-rmse:0.382646+0.004188 
[243]	train-rmse:0.382670+0.001055	test-rmse:0.382646+0.004188 
[244]	train-rmse:0.382670+0.001055	test-rmse:0.382646+0.004188 
[245]	train-rmse:0.382670+0.001055	test-rmse:0.382646+0.004188 
[246]	train-rmse:0.382670+0.001055	test-rmse:0.382646+0.004188 
[247]	train-rmse:0.382670+0.001055	test-rmse:0.382646+0.004188 
[248]	train-rmse:0.382670+0.001055	test-rmse:0.382646+0.004188 
[249]	train-rmse:0.382670+0.001055	test-rmse:0.382646+0.004188 
[250]	train-rmse:0.382670+0.001055	test-rmse:0.382646+0.004188 
[251]	train-rmse:0.382670+0.001055	test-rmse:0.382646+0.004188 
[252]	train-rmse:0.382669+0.001055	test-rmse:0.382646+0.004188 
[253]	train-rmse:0.382669+0.001055	test-rmse:0.382646+0.004188 
[254]	train-rmse:0.382669+0.001055	test-rmse:0.382646+0.004188 
[255]	train-rmse:0.382669+0.001055	test-rmse:0.382646+0.004188 
[256]	train-rmse:0.382669+0.001055	test-rmse:0.382646+0.004188 
[257]	train-rmse:0.382669+0.001055	test-rmse:0.382646+0.004188 
[258]	train-rmse:0.382669+0.001055	test-rmse:0.382646+0.004188 
[259]	train-rmse:0.382669+0.001055	test-rmse:0.382646+0.004188 
[260]	train-rmse:0.382669+0.001055	test-rmse:0.382646+0.004188 
[261]	train-rmse:0.382669+0.001055	test-rmse:0.382646+0.004188 
[262]	train-rmse:0.382669+0.001055	test-rmse:0.382645+0.004188 
[263]	train-rmse:0.382669+0.001055	test-rmse:0.382645+0.004188 
[264]	train-rmse:0.382669+0.001055	test-rmse:0.382645+0.004188 
[265]	train-rmse:0.382669+0.001055	test-rmse:0.382645+0.004188 
[266]	train-rmse:0.382669+0.001055	test-rmse:0.382645+0.004188 
[267]	train-rmse:0.382669+0.001055	test-rmse:0.382645+0.004188 
[268]	train-rmse:0.382669+0.001055	test-rmse:0.382645+0.004188 
[269]	train-rmse:0.382669+0.001055	test-rmse:0.382645+0.004188 
[270]	train-rmse:0.382669+0.001055	test-rmse:0.382645+0.004188 
[271]	train-rmse:0.382669+0.001055	test-rmse:0.382645+0.004188 
[272]	train-rmse:0.382669+0.001055	test-rmse:0.382645+0.004188 
[273]	train-rmse:0.382668+0.001055	test-rmse:0.382645+0.004188 
[274]	train-rmse:0.382668+0.001055	test-rmse:0.382645+0.004188 
[275]	train-rmse:0.382668+0.001055	test-rmse:0.382645+0.004188 
[276]	train-rmse:0.382668+0.001055	test-rmse:0.382645+0.004188 
[277]	train-rmse:0.382668+0.001055	test-rmse:0.382645+0.004188 
[278]	train-rmse:0.382668+0.001055	test-rmse:0.382645+0.004188 
[279]	train-rmse:0.382668+0.001055	test-rmse:0.382645+0.004188 
[280]	train-rmse:0.382668+0.001055	test-rmse:0.382645+0.004188 
[281]	train-rmse:0.382668+0.001055	test-rmse:0.382645+0.004188 
[282]	train-rmse:0.382668+0.001055	test-rmse:0.382645+0.004188 
[283]	train-rmse:0.382668+0.001055	test-rmse:0.382644+0.004188 
[284]	train-rmse:0.382668+0.001055	test-rmse:0.382644+0.004188 
[285]	train-rmse:0.382668+0.001055	test-rmse:0.382644+0.004188 
[286]	train-rmse:0.382668+0.001055	test-rmse:0.382644+0.004188 
[287]	train-rmse:0.382668+0.001055	test-rmse:0.382644+0.004188 
[288]	train-rmse:0.382668+0.001055	test-rmse:0.382644+0.004188 
[289]	train-rmse:0.382668+0.001055	test-rmse:0.382644+0.004188 
[290]	train-rmse:0.382668+0.001055	test-rmse:0.382644+0.004188 
[291]	train-rmse:0.382668+0.001055	test-rmse:0.382644+0.004188 
[292]	train-rmse:0.382668+0.001055	test-rmse:0.382644+0.004188 
[293]	train-rmse:0.382668+0.001055	test-rmse:0.382644+0.004188 
[294]	train-rmse:0.382668+0.001055	test-rmse:0.382644+0.004188 
[295]	train-rmse:0.382667+0.001055	test-rmse:0.382644+0.004188 
[296]	train-rmse:0.382667+0.001055	test-rmse:0.382644+0.004188 
[297]	train-rmse:0.382667+0.001055	test-rmse:0.382644+0.004188 
[298]	train-rmse:0.382667+0.001055	test-rmse:0.382644+0.004188 
[299]	train-rmse:0.382667+0.001055	test-rmse:0.382644+0.004188 
[300]	train-rmse:0.382667+0.001055	test-rmse:0.382644+0.004188 
[301]	train-rmse:0.382667+0.001055	test-rmse:0.382644+0.004188 
[302]	train-rmse:0.382667+0.001055	test-rmse:0.382644+0.004188 
[303]	train-rmse:0.382667+0.001055	test-rmse:0.382644+0.004188 
[304]	train-rmse:0.382667+0.001055	test-rmse:0.382644+0.004188 
[305]	train-rmse:0.382667+0.001055	test-rmse:0.382644+0.004188 
[306]	train-rmse:0.382667+0.001055	test-rmse:0.382643+0.004188 
[307]	train-rmse:0.382667+0.001055	test-rmse:0.382643+0.004188 
[308]	train-rmse:0.382667+0.001054	test-rmse:0.382643+0.004188 
[309]	train-rmse:0.382667+0.001054	test-rmse:0.382643+0.004188 
[310]	train-rmse:0.382667+0.001054	test-rmse:0.382643+0.004188 
[311]	train-rmse:0.382667+0.001054	test-rmse:0.382643+0.004188 
[312]	train-rmse:0.382667+0.001054	test-rmse:0.382643+0.004188 
[313]	train-rmse:0.382667+0.001054	test-rmse:0.382643+0.004188 
[314]	train-rmse:0.382667+0.001054	test-rmse:0.382643+0.004188 
[315]	train-rmse:0.382667+0.001054	test-rmse:0.382643+0.004188 
[316]	train-rmse:0.382667+0.001054	test-rmse:0.382643+0.004188 
[317]	train-rmse:0.382667+0.001054	test-rmse:0.382643+0.004189 
[318]	train-rmse:0.382667+0.001054	test-rmse:0.382643+0.004189 
[319]	train-rmse:0.382666+0.001054	test-rmse:0.382643+0.004188 
[320]	train-rmse:0.382666+0.001054	test-rmse:0.382643+0.004188 
[321]	train-rmse:0.382666+0.001054	test-rmse:0.382643+0.004188 
[322]	train-rmse:0.382666+0.001054	test-rmse:0.382643+0.004188 
[323]	train-rmse:0.382666+0.001054	test-rmse:0.382643+0.004188 
[324]	train-rmse:0.382666+0.001054	test-rmse:0.382643+0.004188 
[325]	train-rmse:0.382666+0.001054	test-rmse:0.382643+0.004188 
[326]	train-rmse:0.382666+0.001054	test-rmse:0.382643+0.004188 
[327]	train-rmse:0.382666+0.001054	test-rmse:0.382643+0.004188 
[328]	train-rmse:0.382666+0.001054	test-rmse:0.382643+0.004189 
[329]	train-rmse:0.382666+0.001054	test-rmse:0.382643+0.004188 
[330]	train-rmse:0.382666+0.001054	test-rmse:0.382643+0.004189 
[331]	train-rmse:0.382666+0.001054	test-rmse:0.382642+0.004189 
[332]	train-rmse:0.382666+0.001054	test-rmse:0.382642+0.004189 
[333]	train-rmse:0.382666+0.001054	test-rmse:0.382642+0.004189 
[334]	train-rmse:0.382666+0.001054	test-rmse:0.382642+0.004189 
[335]	train-rmse:0.382666+0.001054	test-rmse:0.382642+0.004189 
[336]	train-rmse:0.382666+0.001054	test-rmse:0.382642+0.004189 
[337]	train-rmse:0.382666+0.001054	test-rmse:0.382642+0.004189 
[338]	train-rmse:0.382666+0.001054	test-rmse:0.382642+0.004189 
[339]	train-rmse:0.382666+0.001054	test-rmse:0.382642+0.004188 
[340]	train-rmse:0.382666+0.001054	test-rmse:0.382642+0.004188 
[341]	train-rmse:0.382665+0.001054	test-rmse:0.382642+0.004189 
[342]	train-rmse:0.382665+0.001054	test-rmse:0.382642+0.004189 
[343]	train-rmse:0.382665+0.001054	test-rmse:0.382642+0.004189 
[344]	train-rmse:0.382665+0.001054	test-rmse:0.382642+0.004189 
[345]	train-rmse:0.382665+0.001054	test-rmse:0.382642+0.004189 
[346]	train-rmse:0.382665+0.001054	test-rmse:0.382642+0.004189 
[347]	train-rmse:0.382665+0.001054	test-rmse:0.382642+0.004189 
[348]	train-rmse:0.382665+0.001054	test-rmse:0.382642+0.004189 
[349]	train-rmse:0.382665+0.001054	test-rmse:0.382642+0.004189 
[350]	train-rmse:0.382665+0.001054	test-rmse:0.382642+0.004189 
[351]	train-rmse:0.382665+0.001054	test-rmse:0.382642+0.004189 
[352]	train-rmse:0.382665+0.001054	test-rmse:0.382642+0.004189 
[353]	train-rmse:0.382665+0.001054	test-rmse:0.382642+0.004189 
[354]	train-rmse:0.382665+0.001054	test-rmse:0.382641+0.004189 
[355]	train-rmse:0.382665+0.001054	test-rmse:0.382641+0.004189 
[356]	train-rmse:0.382665+0.001054	test-rmse:0.382641+0.004188 
[357]	train-rmse:0.382665+0.001054	test-rmse:0.382641+0.004188 
[358]	train-rmse:0.382665+0.001054	test-rmse:0.382641+0.004188 
[359]	train-rmse:0.382665+0.001054	test-rmse:0.382641+0.004188 
[360]	train-rmse:0.382665+0.001054	test-rmse:0.382641+0.004188 
[361]	train-rmse:0.382665+0.001054	test-rmse:0.382641+0.004188 
[362]	train-rmse:0.382665+0.001054	test-rmse:0.382641+0.004188 
[363]	train-rmse:0.382665+0.001054	test-rmse:0.382641+0.004188 
[364]	train-rmse:0.382665+0.001054	test-rmse:0.382641+0.004188 
[365]	train-rmse:0.382665+0.001054	test-rmse:0.382641+0.004188 
[366]	train-rmse:0.382665+0.001054	test-rmse:0.382641+0.004188 
[367]	train-rmse:0.382664+0.001054	test-rmse:0.382641+0.004188 
[368]	train-rmse:0.382664+0.001054	test-rmse:0.382641+0.004188 
[369]	train-rmse:0.382664+0.001054	test-rmse:0.382641+0.004188 
[370]	train-rmse:0.382664+0.001054	test-rmse:0.382641+0.004188 
[371]	train-rmse:0.382664+0.001054	test-rmse:0.382641+0.004188 
[372]	train-rmse:0.382664+0.001054	test-rmse:0.382641+0.004188 
[373]	train-rmse:0.382664+0.001054	test-rmse:0.382641+0.004188 
[374]	train-rmse:0.382664+0.001054	test-rmse:0.382641+0.004188 
[375]	train-rmse:0.382664+0.001054	test-rmse:0.382641+0.004188 
[376]	train-rmse:0.382664+0.001054	test-rmse:0.382641+0.004189 
[377]	train-rmse:0.382664+0.001054	test-rmse:0.382641+0.004188 
[378]	train-rmse:0.382664+0.001054	test-rmse:0.382641+0.004188 
[379]	train-rmse:0.382664+0.001054	test-rmse:0.382640+0.004188 
[380]	train-rmse:0.382664+0.001054	test-rmse:0.382640+0.004188 
[381]	train-rmse:0.382664+0.001054	test-rmse:0.382640+0.004188 
[382]	train-rmse:0.382664+0.001054	test-rmse:0.382640+0.004188 
[383]	train-rmse:0.382664+0.001054	test-rmse:0.382640+0.004188 
[384]	train-rmse:0.382664+0.001054	test-rmse:0.382640+0.004188 
[385]	train-rmse:0.382664+0.001054	test-rmse:0.382640+0.004188 
[386]	train-rmse:0.382664+0.001054	test-rmse:0.382640+0.004188 
[387]	train-rmse:0.382664+0.001054	test-rmse:0.382640+0.004188 
[388]	train-rmse:0.382663+0.001054	test-rmse:0.382640+0.004188 
[389]	train-rmse:0.382663+0.001054	test-rmse:0.382640+0.004188 
[390]	train-rmse:0.382663+0.001054	test-rmse:0.382640+0.004188 
[391]	train-rmse:0.382663+0.001054	test-rmse:0.382640+0.004188 
[392]	train-rmse:0.382663+0.001054	test-rmse:0.382640+0.004188 
[393]	train-rmse:0.382663+0.001054	test-rmse:0.382640+0.004188 
[394]	train-rmse:0.382663+0.001054	test-rmse:0.382640+0.004188 
[395]	train-rmse:0.382663+0.001054	test-rmse:0.382640+0.004188 
[396]	train-rmse:0.382663+0.001054	test-rmse:0.382640+0.004188 
[397]	train-rmse:0.382663+0.001054	test-rmse:0.382640+0.004188 
[398]	train-rmse:0.382663+0.001054	test-rmse:0.382640+0.004188 
[399]	train-rmse:0.382663+0.001054	test-rmse:0.382640+0.004188 
[400]	train-rmse:0.382663+0.001054	test-rmse:0.382640+0.004189 
[401]	train-rmse:0.382663+0.001054	test-rmse:0.382639+0.004189 
[402]	train-rmse:0.382663+0.001054	test-rmse:0.382639+0.004188 
[403]	train-rmse:0.382663+0.001054	test-rmse:0.382639+0.004188 
[404]	train-rmse:0.382663+0.001054	test-rmse:0.382639+0.004188 
[405]	train-rmse:0.382663+0.001054	test-rmse:0.382639+0.004189 
[406]	train-rmse:0.382663+0.001054	test-rmse:0.382639+0.004189 
[407]	train-rmse:0.382663+0.001054	test-rmse:0.382639+0.004188 
[408]	train-rmse:0.382663+0.001054	test-rmse:0.382639+0.004189 
[409]	train-rmse:0.382663+0.001054	test-rmse:0.382639+0.004189 
[410]	train-rmse:0.382663+0.001054	test-rmse:0.382639+0.004188 
[411]	train-rmse:0.382663+0.001054	test-rmse:0.382639+0.004188 
[412]	train-rmse:0.382662+0.001054	test-rmse:0.382639+0.004189 
[413]	train-rmse:0.382662+0.001054	test-rmse:0.382639+0.004188 
[414]	train-rmse:0.382662+0.001054	test-rmse:0.382639+0.004188 
[415]	train-rmse:0.382662+0.001054	test-rmse:0.382639+0.004189 
[416]	train-rmse:0.382662+0.001054	test-rmse:0.382639+0.004189 
[417]	train-rmse:0.382662+0.001054	test-rmse:0.382639+0.004189 
[418]	train-rmse:0.382662+0.001054	test-rmse:0.382639+0.004189 
[419]	train-rmse:0.382662+0.001054	test-rmse:0.382639+0.004189 
[420]	train-rmse:0.382662+0.001054	test-rmse:0.382639+0.004189 
[421]	train-rmse:0.382662+0.001054	test-rmse:0.382639+0.004189 
[422]	train-rmse:0.382662+0.001054	test-rmse:0.382639+0.004189 
[423]	train-rmse:0.382662+0.001054	test-rmse:0.382638+0.004189 
[424]	train-rmse:0.382662+0.001054	test-rmse:0.382638+0.004189 
[425]	train-rmse:0.382662+0.001054	test-rmse:0.382638+0.004189 
[426]	train-rmse:0.382662+0.001054	test-rmse:0.382638+0.004189 
[427]	train-rmse:0.382662+0.001054	test-rmse:0.382638+0.004189 
[428]	train-rmse:0.382662+0.001054	test-rmse:0.382638+0.004188 
[429]	train-rmse:0.382662+0.001054	test-rmse:0.382638+0.004188 
[430]	train-rmse:0.382662+0.001054	test-rmse:0.382638+0.004188 
[431]	train-rmse:0.382662+0.001054	test-rmse:0.382638+0.004188 
[432]	train-rmse:0.382662+0.001054	test-rmse:0.382638+0.004188 
[433]	train-rmse:0.382661+0.001054	test-rmse:0.382638+0.004188 
[434]	train-rmse:0.382661+0.001054	test-rmse:0.382638+0.004188 
[435]	train-rmse:0.382661+0.001054	test-rmse:0.382638+0.004188 
[436]	train-rmse:0.382661+0.001054	test-rmse:0.382638+0.004188 
[437]	train-rmse:0.382661+0.001054	test-rmse:0.382638+0.004188 
[438]	train-rmse:0.382661+0.001054	test-rmse:0.382638+0.004188 
[439]	train-rmse:0.382661+0.001054	test-rmse:0.382638+0.004188 
[440]	train-rmse:0.382661+0.001054	test-rmse:0.382638+0.004189 
[441]	train-rmse:0.382661+0.001054	test-rmse:0.382638+0.004189 
[442]	train-rmse:0.382661+0.001054	test-rmse:0.382638+0.004189 
[443]	train-rmse:0.382661+0.001054	test-rmse:0.382638+0.004189 
[444]	train-rmse:0.382661+0.001054	test-rmse:0.382638+0.004189 
[445]	train-rmse:0.382661+0.001054	test-rmse:0.382638+0.004188 
[446]	train-rmse:0.382661+0.001054	test-rmse:0.382638+0.004188 
[447]	train-rmse:0.382661+0.001054	test-rmse:0.382638+0.004189 
[448]	train-rmse:0.382661+0.001054	test-rmse:0.382637+0.004188 
[449]	train-rmse:0.382661+0.001054	test-rmse:0.382637+0.004188 
[450]	train-rmse:0.382661+0.001054	test-rmse:0.382637+0.004188 
[451]	train-rmse:0.382661+0.001054	test-rmse:0.382637+0.004188 
[452]	train-rmse:0.382661+0.001054	test-rmse:0.382637+0.004189 
[453]	train-rmse:0.382661+0.001054	test-rmse:0.382637+0.004188 
[454]	train-rmse:0.382661+0.001054	test-rmse:0.382637+0.004189 
[455]	train-rmse:0.382661+0.001054	test-rmse:0.382637+0.004189 
[456]	train-rmse:0.382660+0.001054	test-rmse:0.382637+0.004188 
[457]	train-rmse:0.382660+0.001054	test-rmse:0.382637+0.004188 
[458]	train-rmse:0.382660+0.001054	test-rmse:0.382637+0.004189 
[459]	train-rmse:0.382660+0.001054	test-rmse:0.382637+0.004189 
[460]	train-rmse:0.382660+0.001054	test-rmse:0.382637+0.004188 
[461]	train-rmse:0.382660+0.001054	test-rmse:0.382637+0.004188 
[462]	train-rmse:0.382660+0.001054	test-rmse:0.382637+0.004188 
[463]	train-rmse:0.382660+0.001054	test-rmse:0.382637+0.004189 
[464]	train-rmse:0.382660+0.001054	test-rmse:0.382637+0.004189 
[465]	train-rmse:0.382660+0.001054	test-rmse:0.382637+0.004189 
[466]	train-rmse:0.382660+0.001054	test-rmse:0.382637+0.004189 
[467]	train-rmse:0.382660+0.001054	test-rmse:0.382637+0.004189 
[468]	train-rmse:0.382660+0.001054	test-rmse:0.382637+0.004189 
[469]	train-rmse:0.382660+0.001054	test-rmse:0.382637+0.004189 
[470]	train-rmse:0.382660+0.001054	test-rmse:0.382636+0.004189 
[471]	train-rmse:0.382660+0.001054	test-rmse:0.382636+0.004189 
[472]	train-rmse:0.382660+0.001054	test-rmse:0.382636+0.004189 
[473]	train-rmse:0.382660+0.001054	test-rmse:0.382636+0.004189 
[474]	train-rmse:0.382660+0.001054	test-rmse:0.382636+0.004188 
[475]	train-rmse:0.382660+0.001054	test-rmse:0.382636+0.004188 
[476]	train-rmse:0.382660+0.001054	test-rmse:0.382636+0.004188 
[477]	train-rmse:0.382660+0.001054	test-rmse:0.382636+0.004188 
[478]	train-rmse:0.382660+0.001054	test-rmse:0.382636+0.004188 
[479]	train-rmse:0.382659+0.001054	test-rmse:0.382636+0.004188 
[480]	train-rmse:0.382659+0.001054	test-rmse:0.382636+0.004188 
[481]	train-rmse:0.382659+0.001054	test-rmse:0.382636+0.004188 
[482]	train-rmse:0.382659+0.001054	test-rmse:0.382636+0.004188 
[483]	train-rmse:0.382659+0.001054	test-rmse:0.382636+0.004188 
[484]	train-rmse:0.382659+0.001054	test-rmse:0.382636+0.004188 
[485]	train-rmse:0.382659+0.001054	test-rmse:0.382636+0.004188 
[486]	train-rmse:0.382659+0.001054	test-rmse:0.382636+0.004188 
[487]	train-rmse:0.382659+0.001054	test-rmse:0.382636+0.004188 
[488]	train-rmse:0.382659+0.001054	test-rmse:0.382636+0.004188 
[489]	train-rmse:0.382659+0.001054	test-rmse:0.382636+0.004188 
[490]	train-rmse:0.382659+0.001054	test-rmse:0.382636+0.004188 
[491]	train-rmse:0.382659+0.001054	test-rmse:0.382636+0.004188 
[492]	train-rmse:0.382659+0.001054	test-rmse:0.382636+0.004188 
[493]	train-rmse:0.382659+0.001054	test-rmse:0.382635+0.004188 
[494]	train-rmse:0.382659+0.001054	test-rmse:0.382635+0.004188 
[495]	train-rmse:0.382659+0.001054	test-rmse:0.382635+0.004188 
[496]	train-rmse:0.382659+0.001054	test-rmse:0.382635+0.004188 
[497]	train-rmse:0.382659+0.001054	test-rmse:0.382635+0.004188 
[498]	train-rmse:0.382659+0.001054	test-rmse:0.382635+0.004188 
[499]	train-rmse:0.382659+0.001054	test-rmse:0.382635+0.004188 
[500]	train-rmse:0.382659+0.001054	test-rmse:0.382635+0.004188 
[501]	train-rmse:0.382659+0.001054	test-rmse:0.382635+0.004188 
[502]	train-rmse:0.382658+0.001054	test-rmse:0.382635+0.004188 
[503]	train-rmse:0.382658+0.001054	test-rmse:0.382635+0.004188 
[504]	train-rmse:0.382658+0.001054	test-rmse:0.382635+0.004188 
[505]	train-rmse:0.382658+0.001054	test-rmse:0.382635+0.004188 
[506]	train-rmse:0.382658+0.001054	test-rmse:0.382635+0.004188 
[507]	train-rmse:0.382658+0.001054	test-rmse:0.382635+0.004188 
[508]	train-rmse:0.382658+0.001054	test-rmse:0.382635+0.004188 
[509]	train-rmse:0.382658+0.001054	test-rmse:0.382635+0.004188 
[510]	train-rmse:0.382658+0.001054	test-rmse:0.382635+0.004188 
[511]	train-rmse:0.382658+0.001054	test-rmse:0.382635+0.004188 
[512]	train-rmse:0.382658+0.001054	test-rmse:0.382635+0.004188 
[513]	train-rmse:0.382658+0.001054	test-rmse:0.382635+0.004188 
[514]	train-rmse:0.382658+0.001054	test-rmse:0.382635+0.004188 
[515]	train-rmse:0.382658+0.001054	test-rmse:0.382635+0.004188 
[516]	train-rmse:0.382658+0.001054	test-rmse:0.382634+0.004188 
> hgrid <-
+   dplyr::bind_cols(xgboost_params[index, ], dart.cv$evaluation_log[dart.cv$best_iteration, ], best_iter = dart.cv$best_iteration)
> 
> # write result
> fname <- file.path('data-raw', 'tune', year, 'array', paste0('tune_', index, '.tsv'))
> readr::write_tsv(hgrid, file = fname)
> 
