> 
> # parse arguments
> args <- R.utils::commandArgs(trailingOnly = FALSE, asValues = TRUE)
> index <- as.integer(args$index)
> year <- as.character(args$year)
> nreps <- as.integer(args$nreps)
> seed <- as.integer(args$seed)
> 
> # get number of cores
> wkrs <- length(future::availableWorkers())
> 
> # set seed
> set.seed(seed)
> 
> # read and prepare the cluster features
> fp <- file.path('data-raw', 'features', year)
> clf <-
+   read_features(fp, pattern = 'paris.', recursive = FALSE)
> clf <- prepare_features(
+   clf,
+   feature_map = feature_map,
+   category = c('response', 'bio', 'net'),
+   type = 'list',
+   exclusions = c(
+     'mg2_pairs_count',
+     'mg2_not_pairs_count',
+     'mg2_portion_families_recovered',
+     'cluster_origin',
+     'bocc_origin',
+     'cluster_method',
+     'subcluster_method',
+     'year',
+     'IDs',
+     'go_sig_threshold',
+     'num_new_edges_on_any_node',
+     'HPO_ratio'
+   ),
+   verbose = TRUE
+ )
c('HPO_ratio', 'IDs', 'bocc_origin', 'cluster_method', 'cluster_origin', 'go_sig_threshold', 'max_norm_cell_type_comma_sep_string', 'max_norm_disease_comma_sep_string', 'mg2_not_pairs_count', 'mg2_pairs_count', 'mg2_portion_families_recovered', 'num_new_edges_on_any_node', 'sig_go_enrichment_fdr_corrected_p_vals', 'sig_go_enrichment_p_vals', 'sig_go_enrichment_terms', 'subcluster_method', 'year')

> 
> # prepare grid of parameters
> xgboost_params <- dials::parameters(
+   nrounds = dials::trees(),
+   eta = dials::learn_rate(),
+   gamma = dials::loss_reduction(),
+   dials::tree_depth(),
+   subsample = dials::sample_prop(),
+   rate_drop = dials::dropout(),
+   skip_drop = dials::dropout()
+ )
> xgboost_params <-
+   dials::grid_max_entropy(xgboost_params, size = nreps)
> 
> # tune the dart booster
> dart.param <-
+   list(
+     booster = "dart",
+     objective = "reg:logistic",
+     eval_metric = "rmse",
+     nthread = wkrs,
+     max_depth = xgboost_params$tree_depth[index],
+     eta = xgboost_params$eta[index],
+     gamma = xgboost_params$gamma[index],
+     subsample = xgboost_params$subsample[index],
+     rate_drop = xgboost_params$rate_drop[index],
+     skip_drop = xgboost_params$skip_drop[index]
+   )
> dart.cv <- xgboost::xgb.cv(
+   params = dart.param,
+   nrounds = xgboost_params$nrounds[index],
+   data = as.matrix(clf[, -1]),
+   nfold = 5,
+   label = clf$snowballing_pvalue,
+   early_stopping_rounds = 50
+ )
[1]	train-rmse:0.382681+0.001055	test-rmse:0.382657+0.004188 
Multiple eval metrics are present. Will use test_rmse for early stopping.
Will train until test_rmse hasn't improved in 50 rounds.

[2]	train-rmse:0.382680+0.001055	test-rmse:0.382656+0.004188 
[3]	train-rmse:0.382679+0.001055	test-rmse:0.382656+0.004188 
[4]	train-rmse:0.382679+0.001055	test-rmse:0.382655+0.004188 
[5]	train-rmse:0.382678+0.001055	test-rmse:0.382655+0.004188 
[6]	train-rmse:0.382678+0.001055	test-rmse:0.382654+0.004188 
[7]	train-rmse:0.382677+0.001055	test-rmse:0.382654+0.004188 
[8]	train-rmse:0.382677+0.001055	test-rmse:0.382653+0.004188 
[9]	train-rmse:0.382676+0.001055	test-rmse:0.382653+0.004188 
[10]	train-rmse:0.382675+0.001055	test-rmse:0.382652+0.004188 
[11]	train-rmse:0.382675+0.001055	test-rmse:0.382652+0.004188 
[12]	train-rmse:0.382674+0.001055	test-rmse:0.382651+0.004188 
[13]	train-rmse:0.382674+0.001055	test-rmse:0.382651+0.004188 
[14]	train-rmse:0.382673+0.001055	test-rmse:0.382650+0.004188 
[15]	train-rmse:0.382673+0.001055	test-rmse:0.382650+0.004188 
[16]	train-rmse:0.382672+0.001055	test-rmse:0.382649+0.004188 
[17]	train-rmse:0.382672+0.001055	test-rmse:0.382649+0.004188 
[18]	train-rmse:0.382671+0.001055	test-rmse:0.382648+0.004188 
[19]	train-rmse:0.382670+0.001055	test-rmse:0.382648+0.004188 
[20]	train-rmse:0.382670+0.001055	test-rmse:0.382647+0.004188 
[21]	train-rmse:0.382670+0.001055	test-rmse:0.382647+0.004188 
[22]	train-rmse:0.382669+0.001055	test-rmse:0.382646+0.004188 
[23]	train-rmse:0.382669+0.001055	test-rmse:0.382646+0.004188 
[24]	train-rmse:0.382668+0.001055	test-rmse:0.382646+0.004188 
[25]	train-rmse:0.382668+0.001055	test-rmse:0.382645+0.004188 
[26]	train-rmse:0.382667+0.001055	test-rmse:0.382645+0.004188 
[27]	train-rmse:0.382667+0.001055	test-rmse:0.382644+0.004188 
[28]	train-rmse:0.382666+0.001055	test-rmse:0.382644+0.004188 
[29]	train-rmse:0.382666+0.001055	test-rmse:0.382643+0.004188 
[30]	train-rmse:0.382665+0.001055	test-rmse:0.382643+0.004188 
[31]	train-rmse:0.382665+0.001055	test-rmse:0.382643+0.004188 
[32]	train-rmse:0.382664+0.001055	test-rmse:0.382642+0.004188 
[33]	train-rmse:0.382664+0.001055	test-rmse:0.382642+0.004188 
[34]	train-rmse:0.382663+0.001055	test-rmse:0.382641+0.004188 
[35]	train-rmse:0.382663+0.001055	test-rmse:0.382641+0.004188 
[36]	train-rmse:0.382662+0.001055	test-rmse:0.382640+0.004188 
[37]	train-rmse:0.382662+0.001055	test-rmse:0.382640+0.004188 
[38]	train-rmse:0.382661+0.001055	test-rmse:0.382639+0.004188 
[39]	train-rmse:0.382661+0.001055	test-rmse:0.382639+0.004188 
[40]	train-rmse:0.382660+0.001055	test-rmse:0.382638+0.004188 
[41]	train-rmse:0.382660+0.001055	test-rmse:0.382638+0.004188 
[42]	train-rmse:0.382659+0.001055	test-rmse:0.382637+0.004188 
[43]	train-rmse:0.382659+0.001055	test-rmse:0.382637+0.004188 
[44]	train-rmse:0.382658+0.001055	test-rmse:0.382636+0.004188 
[45]	train-rmse:0.382657+0.001055	test-rmse:0.382636+0.004188 
[46]	train-rmse:0.382657+0.001055	test-rmse:0.382635+0.004188 
[47]	train-rmse:0.382656+0.001055	test-rmse:0.382635+0.004188 
[48]	train-rmse:0.382656+0.001055	test-rmse:0.382634+0.004188 
[49]	train-rmse:0.382655+0.001055	test-rmse:0.382634+0.004188 
[50]	train-rmse:0.382655+0.001055	test-rmse:0.382633+0.004188 
[51]	train-rmse:0.382654+0.001055	test-rmse:0.382633+0.004188 
[52]	train-rmse:0.382654+0.001055	test-rmse:0.382633+0.004188 
[53]	train-rmse:0.382653+0.001055	test-rmse:0.382632+0.004188 
[54]	train-rmse:0.382653+0.001055	test-rmse:0.382631+0.004188 
[55]	train-rmse:0.382652+0.001055	test-rmse:0.382631+0.004188 
[56]	train-rmse:0.382652+0.001055	test-rmse:0.382631+0.004188 
[57]	train-rmse:0.382651+0.001055	test-rmse:0.382630+0.004188 
[58]	train-rmse:0.382651+0.001055	test-rmse:0.382629+0.004188 
[59]	train-rmse:0.382650+0.001055	test-rmse:0.382629+0.004188 
[60]	train-rmse:0.382649+0.001055	test-rmse:0.382628+0.004188 
[61]	train-rmse:0.382649+0.001055	test-rmse:0.382628+0.004188 
[62]	train-rmse:0.382648+0.001055	test-rmse:0.382627+0.004188 
[63]	train-rmse:0.382648+0.001055	test-rmse:0.382627+0.004188 
[64]	train-rmse:0.382647+0.001055	test-rmse:0.382626+0.004188 
[65]	train-rmse:0.382647+0.001055	test-rmse:0.382626+0.004188 
[66]	train-rmse:0.382646+0.001055	test-rmse:0.382626+0.004188 
[67]	train-rmse:0.382646+0.001054	test-rmse:0.382625+0.004188 
[68]	train-rmse:0.382645+0.001054	test-rmse:0.382625+0.004188 
[69]	train-rmse:0.382645+0.001054	test-rmse:0.382624+0.004188 
[70]	train-rmse:0.382644+0.001054	test-rmse:0.382624+0.004188 
[71]	train-rmse:0.382644+0.001055	test-rmse:0.382623+0.004188 
[72]	train-rmse:0.382643+0.001055	test-rmse:0.382623+0.004188 
[73]	train-rmse:0.382643+0.001055	test-rmse:0.382622+0.004188 
[74]	train-rmse:0.382642+0.001055	test-rmse:0.382622+0.004188 
[75]	train-rmse:0.382641+0.001055	test-rmse:0.382621+0.004188 
[76]	train-rmse:0.382641+0.001055	test-rmse:0.382621+0.004188 
[77]	train-rmse:0.382640+0.001055	test-rmse:0.382620+0.004188 
[78]	train-rmse:0.382640+0.001055	test-rmse:0.382619+0.004188 
[79]	train-rmse:0.382639+0.001055	test-rmse:0.382619+0.004188 
[80]	train-rmse:0.382638+0.001055	test-rmse:0.382618+0.004188 
[81]	train-rmse:0.382638+0.001055	test-rmse:0.382618+0.004188 
[82]	train-rmse:0.382637+0.001055	test-rmse:0.382617+0.004188 
[83]	train-rmse:0.382636+0.001055	test-rmse:0.382617+0.004188 
[84]	train-rmse:0.382636+0.001055	test-rmse:0.382616+0.004188 
[85]	train-rmse:0.382635+0.001055	test-rmse:0.382616+0.004188 
[86]	train-rmse:0.382635+0.001055	test-rmse:0.382615+0.004188 
[87]	train-rmse:0.382634+0.001055	test-rmse:0.382615+0.004187 
[88]	train-rmse:0.382634+0.001055	test-rmse:0.382614+0.004187 
[89]	train-rmse:0.382633+0.001055	test-rmse:0.382614+0.004187 
[90]	train-rmse:0.382633+0.001055	test-rmse:0.382613+0.004187 
[91]	train-rmse:0.382632+0.001055	test-rmse:0.382612+0.004187 
[92]	train-rmse:0.382631+0.001055	test-rmse:0.382612+0.004187 
[93]	train-rmse:0.382631+0.001055	test-rmse:0.382611+0.004187 
[94]	train-rmse:0.382630+0.001055	test-rmse:0.382611+0.004187 
[95]	train-rmse:0.382630+0.001055	test-rmse:0.382610+0.004187 
[96]	train-rmse:0.382629+0.001055	test-rmse:0.382610+0.004187 
[97]	train-rmse:0.382628+0.001055	test-rmse:0.382609+0.004187 
[98]	train-rmse:0.382628+0.001055	test-rmse:0.382609+0.004187 
[99]	train-rmse:0.382627+0.001055	test-rmse:0.382608+0.004187 
[100]	train-rmse:0.382627+0.001055	test-rmse:0.382608+0.004187 
[101]	train-rmse:0.382626+0.001055	test-rmse:0.382607+0.004187 
[102]	train-rmse:0.382625+0.001055	test-rmse:0.382607+0.004187 
[103]	train-rmse:0.382625+0.001055	test-rmse:0.382606+0.004187 
[104]	train-rmse:0.382624+0.001055	test-rmse:0.382605+0.004187 
[105]	train-rmse:0.382624+0.001055	test-rmse:0.382605+0.004187 
[106]	train-rmse:0.382623+0.001055	test-rmse:0.382604+0.004187 
[107]	train-rmse:0.382622+0.001055	test-rmse:0.382604+0.004187 
[108]	train-rmse:0.382622+0.001055	test-rmse:0.382603+0.004187 
[109]	train-rmse:0.382621+0.001055	test-rmse:0.382603+0.004187 
[110]	train-rmse:0.382621+0.001054	test-rmse:0.382602+0.004188 
[111]	train-rmse:0.382620+0.001055	test-rmse:0.382602+0.004187 
[112]	train-rmse:0.382620+0.001054	test-rmse:0.382602+0.004188 
[113]	train-rmse:0.382619+0.001055	test-rmse:0.382601+0.004187 
[114]	train-rmse:0.382619+0.001055	test-rmse:0.382601+0.004187 
[115]	train-rmse:0.382618+0.001055	test-rmse:0.382600+0.004187 
[116]	train-rmse:0.382618+0.001055	test-rmse:0.382599+0.004187 
[117]	train-rmse:0.382617+0.001055	test-rmse:0.382599+0.004187 
[118]	train-rmse:0.382617+0.001055	test-rmse:0.382599+0.004187 
[119]	train-rmse:0.382616+0.001055	test-rmse:0.382598+0.004187 
[120]	train-rmse:0.382616+0.001055	test-rmse:0.382598+0.004187 
[121]	train-rmse:0.382615+0.001055	test-rmse:0.382597+0.004187 
[122]	train-rmse:0.382615+0.001054	test-rmse:0.382597+0.004187 
[123]	train-rmse:0.382614+0.001054	test-rmse:0.382596+0.004188 
[124]	train-rmse:0.382614+0.001054	test-rmse:0.382596+0.004188 
[125]	train-rmse:0.382613+0.001054	test-rmse:0.382595+0.004188 
[126]	train-rmse:0.382613+0.001054	test-rmse:0.382595+0.004188 
[127]	train-rmse:0.382612+0.001054	test-rmse:0.382594+0.004188 
[128]	train-rmse:0.382611+0.001054	test-rmse:0.382594+0.004188 
[129]	train-rmse:0.382611+0.001054	test-rmse:0.382593+0.004188 
[130]	train-rmse:0.382610+0.001054	test-rmse:0.382593+0.004188 
[131]	train-rmse:0.382610+0.001054	test-rmse:0.382592+0.004188 
[132]	train-rmse:0.382610+0.001054	test-rmse:0.382592+0.004188 
[133]	train-rmse:0.382609+0.001054	test-rmse:0.382592+0.004188 
[134]	train-rmse:0.382609+0.001054	test-rmse:0.382591+0.004188 
[135]	train-rmse:0.382608+0.001054	test-rmse:0.382591+0.004188 
[136]	train-rmse:0.382608+0.001054	test-rmse:0.382590+0.004188 
[137]	train-rmse:0.382607+0.001054	test-rmse:0.382590+0.004188 
[138]	train-rmse:0.382606+0.001054	test-rmse:0.382589+0.004188 
[139]	train-rmse:0.382606+0.001054	test-rmse:0.382589+0.004188 
[140]	train-rmse:0.382605+0.001054	test-rmse:0.382588+0.004188 
[141]	train-rmse:0.382605+0.001054	test-rmse:0.382588+0.004188 
[142]	train-rmse:0.382604+0.001054	test-rmse:0.382587+0.004188 
[143]	train-rmse:0.382604+0.001054	test-rmse:0.382587+0.004188 
[144]	train-rmse:0.382603+0.001054	test-rmse:0.382586+0.004187 
[145]	train-rmse:0.382603+0.001054	test-rmse:0.382586+0.004187 
[146]	train-rmse:0.382602+0.001055	test-rmse:0.382585+0.004187 
[147]	train-rmse:0.382601+0.001055	test-rmse:0.382585+0.004187 
[148]	train-rmse:0.382601+0.001055	test-rmse:0.382584+0.004187 
[149]	train-rmse:0.382601+0.001054	test-rmse:0.382584+0.004187 
[150]	train-rmse:0.382600+0.001054	test-rmse:0.382583+0.004187 
[151]	train-rmse:0.382599+0.001054	test-rmse:0.382583+0.004187 
[152]	train-rmse:0.382599+0.001054	test-rmse:0.382582+0.004187 
[153]	train-rmse:0.382598+0.001054	test-rmse:0.382582+0.004187 
[154]	train-rmse:0.382597+0.001054	test-rmse:0.382581+0.004187 
[155]	train-rmse:0.382597+0.001054	test-rmse:0.382580+0.004187 
[156]	train-rmse:0.382596+0.001055	test-rmse:0.382580+0.004187 
[157]	train-rmse:0.382596+0.001054	test-rmse:0.382580+0.004187 
[158]	train-rmse:0.382596+0.001054	test-rmse:0.382579+0.004187 
[159]	train-rmse:0.382595+0.001054	test-rmse:0.382579+0.004187 
[160]	train-rmse:0.382594+0.001054	test-rmse:0.382578+0.004187 
[161]	train-rmse:0.382594+0.001054	test-rmse:0.382577+0.004187 
[162]	train-rmse:0.382593+0.001054	test-rmse:0.382577+0.004187 
[163]	train-rmse:0.382593+0.001054	test-rmse:0.382576+0.004187 
[164]	train-rmse:0.382592+0.001054	test-rmse:0.382576+0.004187 
[165]	train-rmse:0.382592+0.001054	test-rmse:0.382576+0.004187 
[166]	train-rmse:0.382591+0.001054	test-rmse:0.382575+0.004187 
[167]	train-rmse:0.382591+0.001054	test-rmse:0.382575+0.004187 
[168]	train-rmse:0.382590+0.001054	test-rmse:0.382574+0.004187 
[169]	train-rmse:0.382590+0.001054	test-rmse:0.382574+0.004187 
[170]	train-rmse:0.382589+0.001054	test-rmse:0.382573+0.004188 
[171]	train-rmse:0.382588+0.001054	test-rmse:0.382573+0.004188 
[172]	train-rmse:0.382588+0.001054	test-rmse:0.382572+0.004188 
[173]	train-rmse:0.382587+0.001054	test-rmse:0.382572+0.004188 
[174]	train-rmse:0.382587+0.001054	test-rmse:0.382571+0.004188 
[175]	train-rmse:0.382586+0.001054	test-rmse:0.382571+0.004188 
[176]	train-rmse:0.382586+0.001054	test-rmse:0.382570+0.004188 
[177]	train-rmse:0.382585+0.001054	test-rmse:0.382570+0.004188 
[178]	train-rmse:0.382585+0.001054	test-rmse:0.382569+0.004188 
[179]	train-rmse:0.382584+0.001054	test-rmse:0.382569+0.004188 
[180]	train-rmse:0.382584+0.001054	test-rmse:0.382568+0.004187 
[181]	train-rmse:0.382583+0.001054	test-rmse:0.382568+0.004187 
[182]	train-rmse:0.382583+0.001054	test-rmse:0.382567+0.004187 
[183]	train-rmse:0.382582+0.001054	test-rmse:0.382567+0.004187 
[184]	train-rmse:0.382581+0.001054	test-rmse:0.382566+0.004187 
[185]	train-rmse:0.382581+0.001054	test-rmse:0.382566+0.004187 
[186]	train-rmse:0.382580+0.001054	test-rmse:0.382565+0.004187 
[187]	train-rmse:0.382580+0.001054	test-rmse:0.382565+0.004187 
[188]	train-rmse:0.382579+0.001054	test-rmse:0.382564+0.004187 
[189]	train-rmse:0.382579+0.001054	test-rmse:0.382564+0.004187 
[190]	train-rmse:0.382578+0.001054	test-rmse:0.382563+0.004187 
[191]	train-rmse:0.382578+0.001054	test-rmse:0.382563+0.004188 
[192]	train-rmse:0.382577+0.001054	test-rmse:0.382562+0.004188 
[193]	train-rmse:0.382577+0.001054	test-rmse:0.382562+0.004188 
[194]	train-rmse:0.382576+0.001054	test-rmse:0.382561+0.004187 
[195]	train-rmse:0.382576+0.001054	test-rmse:0.382561+0.004187 
[196]	train-rmse:0.382575+0.001054	test-rmse:0.382560+0.004187 
[197]	train-rmse:0.382574+0.001054	test-rmse:0.382560+0.004187 
[198]	train-rmse:0.382574+0.001054	test-rmse:0.382559+0.004187 
[199]	train-rmse:0.382573+0.001054	test-rmse:0.382559+0.004187 
[200]	train-rmse:0.382573+0.001054	test-rmse:0.382558+0.004187 
[201]	train-rmse:0.382572+0.001054	test-rmse:0.382558+0.004187 
[202]	train-rmse:0.382572+0.001054	test-rmse:0.382557+0.004187 
[203]	train-rmse:0.382571+0.001054	test-rmse:0.382557+0.004187 
[204]	train-rmse:0.382571+0.001054	test-rmse:0.382556+0.004187 
[205]	train-rmse:0.382570+0.001054	test-rmse:0.382556+0.004187 
[206]	train-rmse:0.382569+0.001054	test-rmse:0.382555+0.004187 
[207]	train-rmse:0.382569+0.001054	test-rmse:0.382555+0.004187 
[208]	train-rmse:0.382569+0.001054	test-rmse:0.382554+0.004187 
[209]	train-rmse:0.382568+0.001054	test-rmse:0.382554+0.004187 
[210]	train-rmse:0.382568+0.001054	test-rmse:0.382553+0.004187 
[211]	train-rmse:0.382567+0.001054	test-rmse:0.382553+0.004187 
[212]	train-rmse:0.382567+0.001054	test-rmse:0.382553+0.004187 
[213]	train-rmse:0.382566+0.001054	test-rmse:0.382552+0.004187 
[214]	train-rmse:0.382565+0.001054	test-rmse:0.382551+0.004187 
[215]	train-rmse:0.382565+0.001054	test-rmse:0.382551+0.004187 
[216]	train-rmse:0.382564+0.001054	test-rmse:0.382551+0.004187 
[217]	train-rmse:0.382564+0.001054	test-rmse:0.382550+0.004187 
[218]	train-rmse:0.382563+0.001054	test-rmse:0.382550+0.004187 
[219]	train-rmse:0.382563+0.001054	test-rmse:0.382549+0.004187 
[220]	train-rmse:0.382562+0.001054	test-rmse:0.382549+0.004187 
[221]	train-rmse:0.382562+0.001054	test-rmse:0.382548+0.004187 
[222]	train-rmse:0.382561+0.001054	test-rmse:0.382548+0.004187 
[223]	train-rmse:0.382561+0.001054	test-rmse:0.382547+0.004187 
[224]	train-rmse:0.382560+0.001054	test-rmse:0.382547+0.004187 
[225]	train-rmse:0.382559+0.001054	test-rmse:0.382546+0.004187 
[226]	train-rmse:0.382559+0.001054	test-rmse:0.382546+0.004187 
[227]	train-rmse:0.382559+0.001053	test-rmse:0.382545+0.004187 
[228]	train-rmse:0.382558+0.001053	test-rmse:0.382545+0.004187 
[229]	train-rmse:0.382557+0.001053	test-rmse:0.382544+0.004187 
[230]	train-rmse:0.382557+0.001053	test-rmse:0.382544+0.004188 
[231]	train-rmse:0.382556+0.001053	test-rmse:0.382543+0.004188 
[232]	train-rmse:0.382556+0.001053	test-rmse:0.382543+0.004188 
[233]	train-rmse:0.382555+0.001053	test-rmse:0.382542+0.004187 
[234]	train-rmse:0.382555+0.001053	test-rmse:0.382542+0.004187 
[235]	train-rmse:0.382555+0.001054	test-rmse:0.382542+0.004187 
[236]	train-rmse:0.382554+0.001054	test-rmse:0.382541+0.004187 
[237]	train-rmse:0.382553+0.001054	test-rmse:0.382541+0.004187 
[238]	train-rmse:0.382553+0.001054	test-rmse:0.382540+0.004187 
[239]	train-rmse:0.382552+0.001054	test-rmse:0.382539+0.004187 
[240]	train-rmse:0.382552+0.001054	test-rmse:0.382539+0.004187 
[241]	train-rmse:0.382551+0.001053	test-rmse:0.382539+0.004187 
[242]	train-rmse:0.382551+0.001053	test-rmse:0.382538+0.004188 
[243]	train-rmse:0.382550+0.001053	test-rmse:0.382538+0.004188 
[244]	train-rmse:0.382550+0.001053	test-rmse:0.382537+0.004188 
[245]	train-rmse:0.382549+0.001053	test-rmse:0.382537+0.004188 
[246]	train-rmse:0.382549+0.001053	test-rmse:0.382536+0.004188 
[247]	train-rmse:0.382548+0.001053	test-rmse:0.382536+0.004188 
[248]	train-rmse:0.382548+0.001053	test-rmse:0.382535+0.004188 
[249]	train-rmse:0.382547+0.001053	test-rmse:0.382535+0.004188 
[250]	train-rmse:0.382547+0.001053	test-rmse:0.382534+0.004188 
[251]	train-rmse:0.382546+0.001053	test-rmse:0.382534+0.004188 
[252]	train-rmse:0.382546+0.001052	test-rmse:0.382533+0.004188 
[253]	train-rmse:0.382545+0.001052	test-rmse:0.382533+0.004188 
[254]	train-rmse:0.382545+0.001052	test-rmse:0.382532+0.004188 
[255]	train-rmse:0.382544+0.001052	test-rmse:0.382532+0.004188 
[256]	train-rmse:0.382543+0.001052	test-rmse:0.382531+0.004188 
[257]	train-rmse:0.382543+0.001052	test-rmse:0.382531+0.004188 
[258]	train-rmse:0.382542+0.001052	test-rmse:0.382530+0.004188 
[259]	train-rmse:0.382542+0.001052	test-rmse:0.382530+0.004188 
[260]	train-rmse:0.382541+0.001052	test-rmse:0.382529+0.004188 
[261]	train-rmse:0.382541+0.001052	test-rmse:0.382529+0.004188 
[262]	train-rmse:0.382540+0.001052	test-rmse:0.382528+0.004188 
[263]	train-rmse:0.382540+0.001052	test-rmse:0.382528+0.004188 
[264]	train-rmse:0.382539+0.001053	test-rmse:0.382528+0.004188 
[265]	train-rmse:0.382539+0.001053	test-rmse:0.382527+0.004188 
[266]	train-rmse:0.382538+0.001053	test-rmse:0.382526+0.004188 
[267]	train-rmse:0.382538+0.001053	test-rmse:0.382526+0.004188 
[268]	train-rmse:0.382537+0.001053	test-rmse:0.382526+0.004188 
[269]	train-rmse:0.382537+0.001053	test-rmse:0.382525+0.004188 
[270]	train-rmse:0.382536+0.001053	test-rmse:0.382525+0.004188 
[271]	train-rmse:0.382536+0.001052	test-rmse:0.382524+0.004188 
[272]	train-rmse:0.382535+0.001052	test-rmse:0.382524+0.004188 
[273]	train-rmse:0.382535+0.001052	test-rmse:0.382523+0.004188 
[274]	train-rmse:0.382534+0.001052	test-rmse:0.382523+0.004188 
[275]	train-rmse:0.382534+0.001052	test-rmse:0.382522+0.004188 
[276]	train-rmse:0.382533+0.001052	test-rmse:0.382522+0.004188 
[277]	train-rmse:0.382532+0.001052	test-rmse:0.382521+0.004188 
[278]	train-rmse:0.382532+0.001052	test-rmse:0.382521+0.004188 
[279]	train-rmse:0.382531+0.001052	test-rmse:0.382520+0.004188 
[280]	train-rmse:0.382531+0.001052	test-rmse:0.382520+0.004188 
[281]	train-rmse:0.382530+0.001052	test-rmse:0.382519+0.004188 
[282]	train-rmse:0.382530+0.001052	test-rmse:0.382519+0.004188 
[283]	train-rmse:0.382529+0.001052	test-rmse:0.382518+0.004188 
[284]	train-rmse:0.382529+0.001052	test-rmse:0.382518+0.004188 
[285]	train-rmse:0.382528+0.001052	test-rmse:0.382517+0.004188 
[286]	train-rmse:0.382528+0.001052	test-rmse:0.382517+0.004188 
[287]	train-rmse:0.382527+0.001052	test-rmse:0.382516+0.004188 
[288]	train-rmse:0.382526+0.001052	test-rmse:0.382516+0.004188 
[289]	train-rmse:0.382526+0.001052	test-rmse:0.382515+0.004188 
[290]	train-rmse:0.382525+0.001052	test-rmse:0.382515+0.004188 
[291]	train-rmse:0.382525+0.001052	test-rmse:0.382514+0.004188 
[292]	train-rmse:0.382524+0.001052	test-rmse:0.382514+0.004188 
[293]	train-rmse:0.382524+0.001052	test-rmse:0.382514+0.004188 
[294]	train-rmse:0.382523+0.001052	test-rmse:0.382513+0.004188 
[295]	train-rmse:0.382523+0.001052	test-rmse:0.382512+0.004188 
[296]	train-rmse:0.382522+0.001052	test-rmse:0.382512+0.004188 
[297]	train-rmse:0.382522+0.001052	test-rmse:0.382511+0.004188 
[298]	train-rmse:0.382521+0.001052	test-rmse:0.382511+0.004188 
[299]	train-rmse:0.382520+0.001052	test-rmse:0.382510+0.004188 
[300]	train-rmse:0.382520+0.001052	test-rmse:0.382510+0.004188 
[301]	train-rmse:0.382519+0.001052	test-rmse:0.382509+0.004188 
[302]	train-rmse:0.382519+0.001052	test-rmse:0.382509+0.004188 
[303]	train-rmse:0.382518+0.001052	test-rmse:0.382508+0.004188 
[304]	train-rmse:0.382518+0.001052	test-rmse:0.382508+0.004188 
[305]	train-rmse:0.382517+0.001052	test-rmse:0.382508+0.004188 
[306]	train-rmse:0.382517+0.001052	test-rmse:0.382507+0.004188 
[307]	train-rmse:0.382516+0.001052	test-rmse:0.382507+0.004188 
[308]	train-rmse:0.382516+0.001052	test-rmse:0.382506+0.004188 
[309]	train-rmse:0.382516+0.001053	test-rmse:0.382506+0.004187 
[310]	train-rmse:0.382515+0.001053	test-rmse:0.382505+0.004187 
[311]	train-rmse:0.382515+0.001052	test-rmse:0.382505+0.004188 
[312]	train-rmse:0.382514+0.001052	test-rmse:0.382505+0.004188 
[313]	train-rmse:0.382514+0.001052	test-rmse:0.382504+0.004188 
[314]	train-rmse:0.382513+0.001052	test-rmse:0.382504+0.004188 
[315]	train-rmse:0.382513+0.001052	test-rmse:0.382503+0.004187 
[316]	train-rmse:0.382512+0.001052	test-rmse:0.382503+0.004188 
[317]	train-rmse:0.382512+0.001052	test-rmse:0.382502+0.004188 
[318]	train-rmse:0.382511+0.001052	test-rmse:0.382502+0.004188 
[319]	train-rmse:0.382511+0.001052	test-rmse:0.382501+0.004188 
[320]	train-rmse:0.382510+0.001052	test-rmse:0.382501+0.004188 
[321]	train-rmse:0.382509+0.001052	test-rmse:0.382500+0.004188 
[322]	train-rmse:0.382509+0.001052	test-rmse:0.382500+0.004188 
[323]	train-rmse:0.382508+0.001052	test-rmse:0.382499+0.004188 
[324]	train-rmse:0.382508+0.001052	test-rmse:0.382499+0.004188 
[325]	train-rmse:0.382507+0.001052	test-rmse:0.382498+0.004188 
[326]	train-rmse:0.382507+0.001052	test-rmse:0.382498+0.004188 
[327]	train-rmse:0.382506+0.001052	test-rmse:0.382497+0.004188 
[328]	train-rmse:0.382506+0.001052	test-rmse:0.382497+0.004188 
[329]	train-rmse:0.382505+0.001052	test-rmse:0.382496+0.004188 
[330]	train-rmse:0.382505+0.001052	test-rmse:0.382496+0.004188 
[331]	train-rmse:0.382504+0.001052	test-rmse:0.382496+0.004188 
[332]	train-rmse:0.382504+0.001052	test-rmse:0.382495+0.004188 
[333]	train-rmse:0.382503+0.001052	test-rmse:0.382495+0.004188 
[334]	train-rmse:0.382503+0.001052	test-rmse:0.382494+0.004187 
[335]	train-rmse:0.382502+0.001052	test-rmse:0.382494+0.004187 
[336]	train-rmse:0.382502+0.001052	test-rmse:0.382493+0.004188 
[337]	train-rmse:0.382501+0.001052	test-rmse:0.382493+0.004188 
[338]	train-rmse:0.382501+0.001052	test-rmse:0.382492+0.004188 
[339]	train-rmse:0.382500+0.001052	test-rmse:0.382492+0.004188 
[340]	train-rmse:0.382500+0.001052	test-rmse:0.382492+0.004188 
[341]	train-rmse:0.382500+0.001052	test-rmse:0.382491+0.004187 
[342]	train-rmse:0.382499+0.001052	test-rmse:0.382491+0.004187 
[343]	train-rmse:0.382498+0.001052	test-rmse:0.382490+0.004187 
[344]	train-rmse:0.382498+0.001052	test-rmse:0.382490+0.004187 
[345]	train-rmse:0.382497+0.001052	test-rmse:0.382489+0.004187 
[346]	train-rmse:0.382497+0.001052	test-rmse:0.382489+0.004187 
[347]	train-rmse:0.382497+0.001052	test-rmse:0.382488+0.004187 
[348]	train-rmse:0.382496+0.001052	test-rmse:0.382488+0.004187 
[349]	train-rmse:0.382496+0.001052	test-rmse:0.382487+0.004187 
[350]	train-rmse:0.382495+0.001052	test-rmse:0.382487+0.004187 
[351]	train-rmse:0.382495+0.001052	test-rmse:0.382487+0.004187 
[352]	train-rmse:0.382494+0.001053	test-rmse:0.382486+0.004187 
[353]	train-rmse:0.382494+0.001053	test-rmse:0.382486+0.004187 
[354]	train-rmse:0.382493+0.001053	test-rmse:0.382486+0.004187 
[355]	train-rmse:0.382493+0.001053	test-rmse:0.382485+0.004187 
[356]	train-rmse:0.382492+0.001053	test-rmse:0.382484+0.004187 
[357]	train-rmse:0.382492+0.001053	test-rmse:0.382484+0.004187 
[358]	train-rmse:0.382491+0.001053	test-rmse:0.382483+0.004187 
[359]	train-rmse:0.382491+0.001053	test-rmse:0.382483+0.004187 
[360]	train-rmse:0.382490+0.001053	test-rmse:0.382482+0.004187 
[361]	train-rmse:0.382489+0.001053	test-rmse:0.382482+0.004187 
[362]	train-rmse:0.382489+0.001053	test-rmse:0.382481+0.004187 
[363]	train-rmse:0.382489+0.001053	test-rmse:0.382481+0.004187 
[364]	train-rmse:0.382488+0.001053	test-rmse:0.382480+0.004187 
[365]	train-rmse:0.382487+0.001053	test-rmse:0.382480+0.004187 
[366]	train-rmse:0.382487+0.001053	test-rmse:0.382479+0.004187 
[367]	train-rmse:0.382486+0.001053	test-rmse:0.382479+0.004187 
[368]	train-rmse:0.382486+0.001053	test-rmse:0.382478+0.004187 
[369]	train-rmse:0.382485+0.001053	test-rmse:0.382478+0.004187 
[370]	train-rmse:0.382485+0.001053	test-rmse:0.382478+0.004187 
[371]	train-rmse:0.382484+0.001053	test-rmse:0.382477+0.004187 
[372]	train-rmse:0.382484+0.001052	test-rmse:0.382477+0.004187 
[373]	train-rmse:0.382484+0.001053	test-rmse:0.382476+0.004187 
[374]	train-rmse:0.382483+0.001053	test-rmse:0.382476+0.004187 
[375]	train-rmse:0.382483+0.001053	test-rmse:0.382476+0.004187 
[376]	train-rmse:0.382482+0.001053	test-rmse:0.382475+0.004187 
[377]	train-rmse:0.382481+0.001053	test-rmse:0.382474+0.004187 
[378]	train-rmse:0.382481+0.001052	test-rmse:0.382474+0.004187 
[379]	train-rmse:0.382481+0.001053	test-rmse:0.382474+0.004187 
[380]	train-rmse:0.382480+0.001053	test-rmse:0.382473+0.004187 
[381]	train-rmse:0.382480+0.001053	test-rmse:0.382473+0.004187 
[382]	train-rmse:0.382479+0.001053	test-rmse:0.382472+0.004187 
[383]	train-rmse:0.382479+0.001053	test-rmse:0.382472+0.004187 
[384]	train-rmse:0.382478+0.001053	test-rmse:0.382472+0.004187 
[385]	train-rmse:0.382478+0.001053	test-rmse:0.382471+0.004186 
[386]	train-rmse:0.382477+0.001053	test-rmse:0.382471+0.004186 
[387]	train-rmse:0.382477+0.001053	test-rmse:0.382470+0.004186 
[388]	train-rmse:0.382476+0.001053	test-rmse:0.382470+0.004187 
[389]	train-rmse:0.382476+0.001053	test-rmse:0.382469+0.004187 
[390]	train-rmse:0.382475+0.001053	test-rmse:0.382469+0.004186 
[391]	train-rmse:0.382475+0.001053	test-rmse:0.382468+0.004186 
[392]	train-rmse:0.382474+0.001053	test-rmse:0.382468+0.004186 
[393]	train-rmse:0.382474+0.001053	test-rmse:0.382467+0.004186 
[394]	train-rmse:0.382473+0.001053	test-rmse:0.382467+0.004186 
[395]	train-rmse:0.382473+0.001053	test-rmse:0.382466+0.004186 
[396]	train-rmse:0.382472+0.001053	test-rmse:0.382466+0.004186 
[397]	train-rmse:0.382472+0.001053	test-rmse:0.382465+0.004186 
[398]	train-rmse:0.382471+0.001053	test-rmse:0.382465+0.004186 
[399]	train-rmse:0.382470+0.001053	test-rmse:0.382464+0.004186 
[400]	train-rmse:0.382470+0.001053	test-rmse:0.382464+0.004186 
[401]	train-rmse:0.382469+0.001053	test-rmse:0.382463+0.004186 
[402]	train-rmse:0.382468+0.001053	test-rmse:0.382463+0.004186 
[403]	train-rmse:0.382468+0.001053	test-rmse:0.382462+0.004186 
[404]	train-rmse:0.382467+0.001053	test-rmse:0.382461+0.004186 
[405]	train-rmse:0.382467+0.001053	test-rmse:0.382461+0.004186 
[406]	train-rmse:0.382466+0.001053	test-rmse:0.382461+0.004186 
[407]	train-rmse:0.382466+0.001053	test-rmse:0.382460+0.004186 
[408]	train-rmse:0.382465+0.001053	test-rmse:0.382460+0.004186 
[409]	train-rmse:0.382465+0.001053	test-rmse:0.382459+0.004186 
[410]	train-rmse:0.382464+0.001053	test-rmse:0.382459+0.004186 
[411]	train-rmse:0.382464+0.001053	test-rmse:0.382458+0.004186 
[412]	train-rmse:0.382463+0.001053	test-rmse:0.382458+0.004186 
[413]	train-rmse:0.382463+0.001054	test-rmse:0.382457+0.004185 
[414]	train-rmse:0.382462+0.001054	test-rmse:0.382457+0.004185 
[415]	train-rmse:0.382462+0.001054	test-rmse:0.382456+0.004185 
[416]	train-rmse:0.382461+0.001054	test-rmse:0.382456+0.004185 
[417]	train-rmse:0.382460+0.001054	test-rmse:0.382455+0.004185 
[418]	train-rmse:0.382460+0.001054	test-rmse:0.382455+0.004186 
[419]	train-rmse:0.382460+0.001054	test-rmse:0.382454+0.004185 
[420]	train-rmse:0.382459+0.001054	test-rmse:0.382454+0.004185 
[421]	train-rmse:0.382459+0.001054	test-rmse:0.382453+0.004185 
[422]	train-rmse:0.382458+0.001054	test-rmse:0.382453+0.004185 
[423]	train-rmse:0.382457+0.001054	test-rmse:0.382452+0.004185 
[424]	train-rmse:0.382457+0.001054	test-rmse:0.382452+0.004185 
[425]	train-rmse:0.382457+0.001054	test-rmse:0.382452+0.004185 
[426]	train-rmse:0.382456+0.001054	test-rmse:0.382451+0.004185 
[427]	train-rmse:0.382455+0.001054	test-rmse:0.382450+0.004185 
[428]	train-rmse:0.382455+0.001054	test-rmse:0.382450+0.004185 
[429]	train-rmse:0.382454+0.001054	test-rmse:0.382449+0.004185 
[430]	train-rmse:0.382454+0.001054	test-rmse:0.382449+0.004185 
[431]	train-rmse:0.382453+0.001054	test-rmse:0.382448+0.004185 
[432]	train-rmse:0.382452+0.001054	test-rmse:0.382448+0.004185 
[433]	train-rmse:0.382452+0.001054	test-rmse:0.382447+0.004185 
[434]	train-rmse:0.382451+0.001054	test-rmse:0.382447+0.004185 
[435]	train-rmse:0.382451+0.001054	test-rmse:0.382446+0.004185 
[436]	train-rmse:0.382450+0.001054	test-rmse:0.382446+0.004185 
[437]	train-rmse:0.382450+0.001054	test-rmse:0.382445+0.004185 
[438]	train-rmse:0.382449+0.001054	test-rmse:0.382445+0.004185 
[439]	train-rmse:0.382448+0.001054	test-rmse:0.382444+0.004185 
[440]	train-rmse:0.382448+0.001054	test-rmse:0.382443+0.004185 
[441]	train-rmse:0.382447+0.001054	test-rmse:0.382443+0.004185 
[442]	train-rmse:0.382447+0.001054	test-rmse:0.382442+0.004185 
[443]	train-rmse:0.382446+0.001054	test-rmse:0.382442+0.004185 
[444]	train-rmse:0.382446+0.001054	test-rmse:0.382441+0.004185 
[445]	train-rmse:0.382445+0.001054	test-rmse:0.382441+0.004185 
[446]	train-rmse:0.382445+0.001054	test-rmse:0.382441+0.004185 
[447]	train-rmse:0.382444+0.001054	test-rmse:0.382440+0.004185 
[448]	train-rmse:0.382444+0.001054	test-rmse:0.382440+0.004185 
[449]	train-rmse:0.382443+0.001054	test-rmse:0.382439+0.004185 
[450]	train-rmse:0.382443+0.001054	test-rmse:0.382439+0.004185 
[451]	train-rmse:0.382442+0.001054	test-rmse:0.382438+0.004185 
[452]	train-rmse:0.382441+0.001054	test-rmse:0.382438+0.004185 
[453]	train-rmse:0.382441+0.001054	test-rmse:0.382437+0.004185 
[454]	train-rmse:0.382440+0.001054	test-rmse:0.382436+0.004185 
[455]	train-rmse:0.382440+0.001054	test-rmse:0.382436+0.004185 
[456]	train-rmse:0.382439+0.001054	test-rmse:0.382435+0.004185 
[457]	train-rmse:0.382439+0.001053	test-rmse:0.382435+0.004185 
[458]	train-rmse:0.382438+0.001053	test-rmse:0.382434+0.004185 
[459]	train-rmse:0.382437+0.001053	test-rmse:0.382434+0.004185 
[460]	train-rmse:0.382437+0.001053	test-rmse:0.382433+0.004185 
[461]	train-rmse:0.382436+0.001053	test-rmse:0.382433+0.004185 
[462]	train-rmse:0.382436+0.001054	test-rmse:0.382433+0.004185 
[463]	train-rmse:0.382435+0.001054	test-rmse:0.382432+0.004185 
[464]	train-rmse:0.382435+0.001053	test-rmse:0.382432+0.004185 
[465]	train-rmse:0.382434+0.001054	test-rmse:0.382431+0.004185 
[466]	train-rmse:0.382434+0.001054	test-rmse:0.382431+0.004185 
[467]	train-rmse:0.382433+0.001054	test-rmse:0.382430+0.004185 
[468]	train-rmse:0.382433+0.001053	test-rmse:0.382430+0.004185 
[469]	train-rmse:0.382432+0.001053	test-rmse:0.382429+0.004185 
[470]	train-rmse:0.382431+0.001054	test-rmse:0.382428+0.004185 
[471]	train-rmse:0.382431+0.001053	test-rmse:0.382428+0.004185 
[472]	train-rmse:0.382430+0.001053	test-rmse:0.382427+0.004185 
[473]	train-rmse:0.382430+0.001053	test-rmse:0.382427+0.004185 
[474]	train-rmse:0.382429+0.001053	test-rmse:0.382426+0.004185 
[475]	train-rmse:0.382429+0.001053	test-rmse:0.382426+0.004185 
[476]	train-rmse:0.382428+0.001053	test-rmse:0.382425+0.004185 
[477]	train-rmse:0.382427+0.001054	test-rmse:0.382425+0.004185 
[478]	train-rmse:0.382427+0.001054	test-rmse:0.382424+0.004185 
[479]	train-rmse:0.382426+0.001054	test-rmse:0.382424+0.004185 
[480]	train-rmse:0.382426+0.001054	test-rmse:0.382423+0.004185 
[481]	train-rmse:0.382425+0.001053	test-rmse:0.382423+0.004185 
[482]	train-rmse:0.382425+0.001053	test-rmse:0.382422+0.004185 
[483]	train-rmse:0.382424+0.001053	test-rmse:0.382422+0.004185 
[484]	train-rmse:0.382423+0.001053	test-rmse:0.382421+0.004185 
[485]	train-rmse:0.382423+0.001054	test-rmse:0.382420+0.004185 
[486]	train-rmse:0.382422+0.001054	test-rmse:0.382420+0.004185 
[487]	train-rmse:0.382422+0.001054	test-rmse:0.382420+0.004185 
[488]	train-rmse:0.382421+0.001054	test-rmse:0.382419+0.004185 
[489]	train-rmse:0.382421+0.001054	test-rmse:0.382418+0.004185 
[490]	train-rmse:0.382420+0.001054	test-rmse:0.382418+0.004185 
[491]	train-rmse:0.382420+0.001053	test-rmse:0.382418+0.004185 
[492]	train-rmse:0.382419+0.001053	test-rmse:0.382417+0.004185 
[493]	train-rmse:0.382418+0.001053	test-rmse:0.382416+0.004185 
[494]	train-rmse:0.382418+0.001053	test-rmse:0.382416+0.004185 
[495]	train-rmse:0.382417+0.001053	test-rmse:0.382415+0.004185 
[496]	train-rmse:0.382417+0.001053	test-rmse:0.382415+0.004185 
[497]	train-rmse:0.382416+0.001053	test-rmse:0.382414+0.004185 
[498]	train-rmse:0.382416+0.001054	test-rmse:0.382414+0.004185 
[499]	train-rmse:0.382415+0.001054	test-rmse:0.382413+0.004185 
[500]	train-rmse:0.382414+0.001054	test-rmse:0.382413+0.004185 
[501]	train-rmse:0.382414+0.001054	test-rmse:0.382412+0.004185 
[502]	train-rmse:0.382413+0.001054	test-rmse:0.382412+0.004185 
[503]	train-rmse:0.382413+0.001053	test-rmse:0.382411+0.004185 
[504]	train-rmse:0.382412+0.001053	test-rmse:0.382411+0.004185 
[505]	train-rmse:0.382412+0.001053	test-rmse:0.382410+0.004185 
[506]	train-rmse:0.382411+0.001053	test-rmse:0.382410+0.004185 
[507]	train-rmse:0.382411+0.001053	test-rmse:0.382409+0.004185 
[508]	train-rmse:0.382410+0.001053	test-rmse:0.382409+0.004185 
[509]	train-rmse:0.382410+0.001053	test-rmse:0.382408+0.004185 
[510]	train-rmse:0.382409+0.001053	test-rmse:0.382408+0.004185 
[511]	train-rmse:0.382408+0.001053	test-rmse:0.382407+0.004185 
[512]	train-rmse:0.382408+0.001053	test-rmse:0.382407+0.004185 
[513]	train-rmse:0.382407+0.001053	test-rmse:0.382406+0.004185 
[514]	train-rmse:0.382407+0.001053	test-rmse:0.382406+0.004185 
[515]	train-rmse:0.382406+0.001053	test-rmse:0.382405+0.004185 
[516]	train-rmse:0.382405+0.001053	test-rmse:0.382404+0.004185 
[517]	train-rmse:0.382405+0.001053	test-rmse:0.382404+0.004185 
[518]	train-rmse:0.382404+0.001053	test-rmse:0.382403+0.004185 
[519]	train-rmse:0.382404+0.001054	test-rmse:0.382403+0.004185 
[520]	train-rmse:0.382403+0.001053	test-rmse:0.382403+0.004185 
[521]	train-rmse:0.382403+0.001053	test-rmse:0.382402+0.004185 
[522]	train-rmse:0.382402+0.001054	test-rmse:0.382402+0.004184 
[523]	train-rmse:0.382402+0.001054	test-rmse:0.382401+0.004184 
[524]	train-rmse:0.382401+0.001054	test-rmse:0.382401+0.004184 
[525]	train-rmse:0.382401+0.001054	test-rmse:0.382400+0.004184 
[526]	train-rmse:0.382400+0.001054	test-rmse:0.382400+0.004184 
[527]	train-rmse:0.382399+0.001054	test-rmse:0.382399+0.004184 
[528]	train-rmse:0.382399+0.001054	test-rmse:0.382398+0.004184 
[529]	train-rmse:0.382398+0.001054	test-rmse:0.382398+0.004184 
[530]	train-rmse:0.382398+0.001054	test-rmse:0.382397+0.004184 
[531]	train-rmse:0.382397+0.001054	test-rmse:0.382397+0.004184 
[532]	train-rmse:0.382396+0.001054	test-rmse:0.382396+0.004184 
[533]	train-rmse:0.382396+0.001054	test-rmse:0.382396+0.004184 
[534]	train-rmse:0.382396+0.001054	test-rmse:0.382395+0.004184 
[535]	train-rmse:0.382395+0.001054	test-rmse:0.382395+0.004184 
[536]	train-rmse:0.382395+0.001054	test-rmse:0.382394+0.004184 
[537]	train-rmse:0.382394+0.001054	test-rmse:0.382394+0.004184 
[538]	train-rmse:0.382393+0.001054	test-rmse:0.382393+0.004184 
[539]	train-rmse:0.382393+0.001054	test-rmse:0.382393+0.004184 
[540]	train-rmse:0.382392+0.001054	test-rmse:0.382392+0.004184 
[541]	train-rmse:0.382392+0.001054	test-rmse:0.382392+0.004184 
[542]	train-rmse:0.382391+0.001054	test-rmse:0.382391+0.004184 
[543]	train-rmse:0.382390+0.001054	test-rmse:0.382391+0.004184 
[544]	train-rmse:0.382390+0.001054	test-rmse:0.382390+0.004184 
[545]	train-rmse:0.382389+0.001054	test-rmse:0.382390+0.004184 
[546]	train-rmse:0.382389+0.001054	test-rmse:0.382389+0.004183 
[547]	train-rmse:0.382388+0.001055	test-rmse:0.382389+0.004183 
[548]	train-rmse:0.382388+0.001054	test-rmse:0.382388+0.004184 
[549]	train-rmse:0.382387+0.001054	test-rmse:0.382388+0.004184 
[550]	train-rmse:0.382387+0.001054	test-rmse:0.382387+0.004183 
[551]	train-rmse:0.382386+0.001054	test-rmse:0.382387+0.004183 
[552]	train-rmse:0.382386+0.001055	test-rmse:0.382387+0.004183 
[553]	train-rmse:0.382385+0.001055	test-rmse:0.382386+0.004183 
[554]	train-rmse:0.382385+0.001055	test-rmse:0.382385+0.004183 
[555]	train-rmse:0.382384+0.001055	test-rmse:0.382385+0.004183 
[556]	train-rmse:0.382384+0.001055	test-rmse:0.382385+0.004183 
[557]	train-rmse:0.382383+0.001055	test-rmse:0.382384+0.004183 
[558]	train-rmse:0.382383+0.001055	test-rmse:0.382384+0.004183 
[559]	train-rmse:0.382382+0.001055	test-rmse:0.382383+0.004183 
[560]	train-rmse:0.382382+0.001055	test-rmse:0.382383+0.004183 
[561]	train-rmse:0.382381+0.001055	test-rmse:0.382382+0.004183 
[562]	train-rmse:0.382380+0.001055	test-rmse:0.382381+0.004183 
[563]	train-rmse:0.382380+0.001055	test-rmse:0.382381+0.004183 
[564]	train-rmse:0.382379+0.001055	test-rmse:0.382381+0.004183 
[565]	train-rmse:0.382379+0.001055	test-rmse:0.382380+0.004183 
[566]	train-rmse:0.382378+0.001055	test-rmse:0.382380+0.004183 
[567]	train-rmse:0.382378+0.001055	test-rmse:0.382379+0.004183 
[568]	train-rmse:0.382378+0.001055	test-rmse:0.382379+0.004182 
[569]	train-rmse:0.382377+0.001055	test-rmse:0.382378+0.004182 
[570]	train-rmse:0.382376+0.001055	test-rmse:0.382378+0.004182 
[571]	train-rmse:0.382376+0.001055	test-rmse:0.382377+0.004182 
[572]	train-rmse:0.382375+0.001055	test-rmse:0.382376+0.004182 
[573]	train-rmse:0.382374+0.001055	test-rmse:0.382376+0.004182 
[574]	train-rmse:0.382374+0.001055	test-rmse:0.382375+0.004182 
[575]	train-rmse:0.382373+0.001055	test-rmse:0.382375+0.004183 
[576]	train-rmse:0.382373+0.001055	test-rmse:0.382374+0.004183 
[577]	train-rmse:0.382372+0.001055	test-rmse:0.382374+0.004183 
[578]	train-rmse:0.382372+0.001055	test-rmse:0.382373+0.004183 
[579]	train-rmse:0.382371+0.001055	test-rmse:0.382373+0.004183 
[580]	train-rmse:0.382371+0.001055	test-rmse:0.382372+0.004183 
[581]	train-rmse:0.382370+0.001055	test-rmse:0.382372+0.004183 
[582]	train-rmse:0.382370+0.001055	test-rmse:0.382371+0.004183 
[583]	train-rmse:0.382369+0.001055	test-rmse:0.382371+0.004183 
[584]	train-rmse:0.382368+0.001055	test-rmse:0.382370+0.004183 
[585]	train-rmse:0.382368+0.001055	test-rmse:0.382370+0.004183 
[586]	train-rmse:0.382367+0.001055	test-rmse:0.382369+0.004183 
[587]	train-rmse:0.382367+0.001055	test-rmse:0.382369+0.004182 
[588]	train-rmse:0.382366+0.001055	test-rmse:0.382368+0.004182 
[589]	train-rmse:0.382366+0.001055	test-rmse:0.382368+0.004182 
[590]	train-rmse:0.382365+0.001055	test-rmse:0.382367+0.004182 
[591]	train-rmse:0.382364+0.001055	test-rmse:0.382367+0.004182 
[592]	train-rmse:0.382364+0.001055	test-rmse:0.382366+0.004182 
[593]	train-rmse:0.382364+0.001056	test-rmse:0.382366+0.004182 
[594]	train-rmse:0.382363+0.001056	test-rmse:0.382365+0.004182 
[595]	train-rmse:0.382362+0.001055	test-rmse:0.382365+0.004182 
[596]	train-rmse:0.382362+0.001055	test-rmse:0.382364+0.004182 
[597]	train-rmse:0.382361+0.001055	test-rmse:0.382364+0.004182 
[598]	train-rmse:0.382361+0.001055	test-rmse:0.382363+0.004182 
[599]	train-rmse:0.382360+0.001055	test-rmse:0.382363+0.004182 
[600]	train-rmse:0.382359+0.001055	test-rmse:0.382362+0.004182 
[601]	train-rmse:0.382359+0.001055	test-rmse:0.382362+0.004182 
[602]	train-rmse:0.382358+0.001055	test-rmse:0.382361+0.004182 
[603]	train-rmse:0.382358+0.001055	test-rmse:0.382361+0.004183 
[604]	train-rmse:0.382358+0.001055	test-rmse:0.382361+0.004183 
[605]	train-rmse:0.382357+0.001055	test-rmse:0.382360+0.004183 
[606]	train-rmse:0.382357+0.001055	test-rmse:0.382360+0.004183 
[607]	train-rmse:0.382356+0.001055	test-rmse:0.382359+0.004183 
[608]	train-rmse:0.382356+0.001055	test-rmse:0.382359+0.004183 
[609]	train-rmse:0.382355+0.001055	test-rmse:0.382358+0.004183 
[610]	train-rmse:0.382355+0.001055	test-rmse:0.382358+0.004183 
[611]	train-rmse:0.382354+0.001055	test-rmse:0.382357+0.004183 
[612]	train-rmse:0.382354+0.001055	test-rmse:0.382357+0.004182 
[613]	train-rmse:0.382353+0.001055	test-rmse:0.382356+0.004182 
[614]	train-rmse:0.382352+0.001055	test-rmse:0.382356+0.004182 
[615]	train-rmse:0.382352+0.001055	test-rmse:0.382355+0.004182 
[616]	train-rmse:0.382352+0.001055	test-rmse:0.382355+0.004182 
[617]	train-rmse:0.382351+0.001055	test-rmse:0.382355+0.004182 
[618]	train-rmse:0.382351+0.001055	test-rmse:0.382354+0.004182 
[619]	train-rmse:0.382350+0.001055	test-rmse:0.382354+0.004182 
[620]	train-rmse:0.382350+0.001055	test-rmse:0.382353+0.004182 
[621]	train-rmse:0.382349+0.001055	test-rmse:0.382353+0.004182 
[622]	train-rmse:0.382349+0.001055	test-rmse:0.382352+0.004182 
[623]	train-rmse:0.382348+0.001055	test-rmse:0.382352+0.004182 
[624]	train-rmse:0.382348+0.001055	test-rmse:0.382351+0.004182 
[625]	train-rmse:0.382347+0.001055	test-rmse:0.382351+0.004182 
[626]	train-rmse:0.382347+0.001055	test-rmse:0.382350+0.004182 
[627]	train-rmse:0.382346+0.001055	test-rmse:0.382350+0.004182 
[628]	train-rmse:0.382346+0.001055	test-rmse:0.382349+0.004182 
[629]	train-rmse:0.382345+0.001055	test-rmse:0.382349+0.004182 
[630]	train-rmse:0.382345+0.001055	test-rmse:0.382348+0.004182 
[631]	train-rmse:0.382344+0.001055	test-rmse:0.382348+0.004182 
[632]	train-rmse:0.382343+0.001055	test-rmse:0.382347+0.004182 
[633]	train-rmse:0.382343+0.001055	test-rmse:0.382347+0.004182 
[634]	train-rmse:0.382342+0.001055	test-rmse:0.382346+0.004182 
[635]	train-rmse:0.382342+0.001055	test-rmse:0.382346+0.004182 
[636]	train-rmse:0.382341+0.001055	test-rmse:0.382345+0.004182 
[637]	train-rmse:0.382341+0.001055	test-rmse:0.382345+0.004182 
[638]	train-rmse:0.382340+0.001055	test-rmse:0.382345+0.004182 
[639]	train-rmse:0.382340+0.001055	test-rmse:0.382344+0.004182 
[640]	train-rmse:0.382339+0.001055	test-rmse:0.382344+0.004182 
[641]	train-rmse:0.382339+0.001055	test-rmse:0.382343+0.004182 
[642]	train-rmse:0.382339+0.001055	test-rmse:0.382343+0.004182 
[643]	train-rmse:0.382338+0.001055	test-rmse:0.382343+0.004182 
[644]	train-rmse:0.382338+0.001055	test-rmse:0.382342+0.004182 
[645]	train-rmse:0.382337+0.001055	test-rmse:0.382342+0.004182 
[646]	train-rmse:0.382337+0.001055	test-rmse:0.382341+0.004182 
[647]	train-rmse:0.382336+0.001055	test-rmse:0.382341+0.004182 
[648]	train-rmse:0.382336+0.001055	test-rmse:0.382340+0.004182 
[649]	train-rmse:0.382335+0.001055	test-rmse:0.382340+0.004182 
[650]	train-rmse:0.382335+0.001055	test-rmse:0.382339+0.004182 
[651]	train-rmse:0.382334+0.001055	test-rmse:0.382339+0.004182 
[652]	train-rmse:0.382334+0.001055	test-rmse:0.382338+0.004182 
[653]	train-rmse:0.382333+0.001055	test-rmse:0.382338+0.004182 
[654]	train-rmse:0.382332+0.001055	test-rmse:0.382337+0.004182 
[655]	train-rmse:0.382332+0.001055	test-rmse:0.382337+0.004182 
[656]	train-rmse:0.382331+0.001055	test-rmse:0.382336+0.004182 
[657]	train-rmse:0.382331+0.001055	test-rmse:0.382336+0.004182 
[658]	train-rmse:0.382330+0.001055	test-rmse:0.382335+0.004182 
[659]	train-rmse:0.382330+0.001055	test-rmse:0.382335+0.004182 
[660]	train-rmse:0.382329+0.001055	test-rmse:0.382334+0.004182 
[661]	train-rmse:0.382329+0.001055	test-rmse:0.382334+0.004182 
[662]	train-rmse:0.382328+0.001055	test-rmse:0.382333+0.004182 
[663]	train-rmse:0.382328+0.001055	test-rmse:0.382333+0.004182 
[664]	train-rmse:0.382327+0.001055	test-rmse:0.382333+0.004182 
[665]	train-rmse:0.382327+0.001055	test-rmse:0.382332+0.004182 
[666]	train-rmse:0.382326+0.001055	test-rmse:0.382331+0.004182 
[667]	train-rmse:0.382325+0.001055	test-rmse:0.382331+0.004182 
[668]	train-rmse:0.382325+0.001055	test-rmse:0.382330+0.004182 
[669]	train-rmse:0.382324+0.001055	test-rmse:0.382330+0.004182 
[670]	train-rmse:0.382324+0.001055	test-rmse:0.382329+0.004182 
[671]	train-rmse:0.382323+0.001055	test-rmse:0.382329+0.004182 
[672]	train-rmse:0.382323+0.001055	test-rmse:0.382328+0.004182 
[673]	train-rmse:0.382322+0.001055	test-rmse:0.382328+0.004182 
[674]	train-rmse:0.382322+0.001055	test-rmse:0.382327+0.004182 
[675]	train-rmse:0.382321+0.001055	test-rmse:0.382327+0.004182 
[676]	train-rmse:0.382320+0.001055	test-rmse:0.382326+0.004182 
[677]	train-rmse:0.382320+0.001055	test-rmse:0.382326+0.004182 
[678]	train-rmse:0.382319+0.001055	test-rmse:0.382325+0.004182 
[679]	train-rmse:0.382319+0.001055	test-rmse:0.382325+0.004182 
[680]	train-rmse:0.382318+0.001055	test-rmse:0.382324+0.004182 
[681]	train-rmse:0.382318+0.001055	test-rmse:0.382324+0.004182 
[682]	train-rmse:0.382317+0.001055	test-rmse:0.382323+0.004182 
[683]	train-rmse:0.382317+0.001055	test-rmse:0.382323+0.004182 
[684]	train-rmse:0.382316+0.001055	test-rmse:0.382322+0.004182 
[685]	train-rmse:0.382316+0.001055	test-rmse:0.382322+0.004182 
[686]	train-rmse:0.382315+0.001055	test-rmse:0.382321+0.004182 
[687]	train-rmse:0.382314+0.001055	test-rmse:0.382321+0.004182 
[688]	train-rmse:0.382314+0.001055	test-rmse:0.382320+0.004182 
[689]	train-rmse:0.382313+0.001055	test-rmse:0.382320+0.004181 
[690]	train-rmse:0.382313+0.001055	test-rmse:0.382319+0.004181 
[691]	train-rmse:0.382312+0.001055	test-rmse:0.382319+0.004181 
[692]	train-rmse:0.382311+0.001055	test-rmse:0.382318+0.004181 
[693]	train-rmse:0.382311+0.001055	test-rmse:0.382317+0.004181 
[694]	train-rmse:0.382310+0.001055	test-rmse:0.382317+0.004181 
[695]	train-rmse:0.382310+0.001055	test-rmse:0.382316+0.004182 
[696]	train-rmse:0.382309+0.001055	test-rmse:0.382316+0.004182 
[697]	train-rmse:0.382309+0.001055	test-rmse:0.382315+0.004182 
[698]	train-rmse:0.382308+0.001055	test-rmse:0.382315+0.004182 
[699]	train-rmse:0.382308+0.001055	test-rmse:0.382315+0.004182 
[700]	train-rmse:0.382307+0.001055	test-rmse:0.382314+0.004182 
[701]	train-rmse:0.382307+0.001055	test-rmse:0.382314+0.004182 
[702]	train-rmse:0.382306+0.001055	test-rmse:0.382313+0.004182 
[703]	train-rmse:0.382306+0.001055	test-rmse:0.382313+0.004182 
[704]	train-rmse:0.382305+0.001055	test-rmse:0.382312+0.004182 
[705]	train-rmse:0.382305+0.001055	test-rmse:0.382312+0.004182 
[706]	train-rmse:0.382304+0.001055	test-rmse:0.382311+0.004182 
[707]	train-rmse:0.382303+0.001055	test-rmse:0.382311+0.004181 
[708]	train-rmse:0.382303+0.001055	test-rmse:0.382310+0.004181 
[709]	train-rmse:0.382302+0.001055	test-rmse:0.382310+0.004181 
[710]	train-rmse:0.382302+0.001055	test-rmse:0.382309+0.004181 
[711]	train-rmse:0.382301+0.001055	test-rmse:0.382309+0.004181 
[712]	train-rmse:0.382301+0.001055	test-rmse:0.382308+0.004182 
[713]	train-rmse:0.382300+0.001055	test-rmse:0.382308+0.004182 
[714]	train-rmse:0.382300+0.001055	test-rmse:0.382307+0.004182 
[715]	train-rmse:0.382299+0.001055	test-rmse:0.382307+0.004182 
[716]	train-rmse:0.382299+0.001055	test-rmse:0.382306+0.004181 
[717]	train-rmse:0.382298+0.001055	test-rmse:0.382306+0.004181 
[718]	train-rmse:0.382298+0.001055	test-rmse:0.382305+0.004181 
[719]	train-rmse:0.382297+0.001055	test-rmse:0.382305+0.004181 
[720]	train-rmse:0.382297+0.001055	test-rmse:0.382304+0.004181 
[721]	train-rmse:0.382296+0.001055	test-rmse:0.382304+0.004181 
[722]	train-rmse:0.382296+0.001055	test-rmse:0.382304+0.004181 
[723]	train-rmse:0.382295+0.001055	test-rmse:0.382303+0.004181 
[724]	train-rmse:0.382295+0.001055	test-rmse:0.382303+0.004181 
[725]	train-rmse:0.382294+0.001055	test-rmse:0.382302+0.004181 
[726]	train-rmse:0.382294+0.001055	test-rmse:0.382301+0.004181 
[727]	train-rmse:0.382293+0.001055	test-rmse:0.382301+0.004181 
[728]	train-rmse:0.382293+0.001055	test-rmse:0.382301+0.004181 
[729]	train-rmse:0.382292+0.001055	test-rmse:0.382300+0.004181 
[730]	train-rmse:0.382291+0.001055	test-rmse:0.382299+0.004181 
[731]	train-rmse:0.382291+0.001055	test-rmse:0.382299+0.004181 
[732]	train-rmse:0.382290+0.001055	test-rmse:0.382299+0.004181 
[733]	train-rmse:0.382290+0.001055	test-rmse:0.382298+0.004181 
[734]	train-rmse:0.382289+0.001055	test-rmse:0.382298+0.004181 
[735]	train-rmse:0.382289+0.001055	test-rmse:0.382297+0.004181 
[736]	train-rmse:0.382288+0.001055	test-rmse:0.382297+0.004181 
[737]	train-rmse:0.382288+0.001055	test-rmse:0.382296+0.004181 
[738]	train-rmse:0.382287+0.001055	test-rmse:0.382296+0.004181 
[739]	train-rmse:0.382287+0.001055	test-rmse:0.382295+0.004181 
[740]	train-rmse:0.382286+0.001055	test-rmse:0.382295+0.004181 
[741]	train-rmse:0.382286+0.001055	test-rmse:0.382294+0.004181 
[742]	train-rmse:0.382285+0.001055	test-rmse:0.382294+0.004181 
[743]	train-rmse:0.382284+0.001055	test-rmse:0.382293+0.004181 
[744]	train-rmse:0.382284+0.001055	test-rmse:0.382293+0.004181 
[745]	train-rmse:0.382283+0.001055	test-rmse:0.382292+0.004181 
[746]	train-rmse:0.382283+0.001055	test-rmse:0.382292+0.004181 
[747]	train-rmse:0.382283+0.001055	test-rmse:0.382291+0.004181 
[748]	train-rmse:0.382282+0.001055	test-rmse:0.382291+0.004181 
[749]	train-rmse:0.382281+0.001055	test-rmse:0.382290+0.004181 
[750]	train-rmse:0.382281+0.001055	test-rmse:0.382290+0.004181 
[751]	train-rmse:0.382280+0.001055	test-rmse:0.382289+0.004181 
[752]	train-rmse:0.382280+0.001055	test-rmse:0.382289+0.004181 
[753]	train-rmse:0.382279+0.001055	test-rmse:0.382289+0.004181 
[754]	train-rmse:0.382279+0.001055	test-rmse:0.382288+0.004181 
[755]	train-rmse:0.382278+0.001055	test-rmse:0.382287+0.004181 
[756]	train-rmse:0.382278+0.001055	test-rmse:0.382287+0.004181 
[757]	train-rmse:0.382277+0.001055	test-rmse:0.382286+0.004181 
[758]	train-rmse:0.382277+0.001055	test-rmse:0.382286+0.004181 
[759]	train-rmse:0.382276+0.001055	test-rmse:0.382285+0.004181 
[760]	train-rmse:0.382275+0.001055	test-rmse:0.382285+0.004181 
[761]	train-rmse:0.382275+0.001055	test-rmse:0.382284+0.004181 
[762]	train-rmse:0.382274+0.001055	test-rmse:0.382284+0.004181 
[763]	train-rmse:0.382274+0.001055	test-rmse:0.382283+0.004181 
[764]	train-rmse:0.382273+0.001055	test-rmse:0.382283+0.004181 
[765]	train-rmse:0.382272+0.001055	test-rmse:0.382282+0.004181 
[766]	train-rmse:0.382272+0.001055	test-rmse:0.382282+0.004181 
[767]	train-rmse:0.382271+0.001055	test-rmse:0.382281+0.004181 
[768]	train-rmse:0.382271+0.001055	test-rmse:0.382281+0.004181 
[769]	train-rmse:0.382270+0.001055	test-rmse:0.382280+0.004181 
[770]	train-rmse:0.382270+0.001055	test-rmse:0.382279+0.004181 
[771]	train-rmse:0.382269+0.001055	test-rmse:0.382279+0.004181 
[772]	train-rmse:0.382269+0.001055	test-rmse:0.382278+0.004181 
[773]	train-rmse:0.382268+0.001055	test-rmse:0.382278+0.004181 
[774]	train-rmse:0.382268+0.001055	test-rmse:0.382278+0.004181 
[775]	train-rmse:0.382267+0.001055	test-rmse:0.382277+0.004181 
[776]	train-rmse:0.382266+0.001055	test-rmse:0.382276+0.004181 
[777]	train-rmse:0.382266+0.001055	test-rmse:0.382276+0.004181 
[778]	train-rmse:0.382265+0.001055	test-rmse:0.382275+0.004181 
[779]	train-rmse:0.382265+0.001055	test-rmse:0.382275+0.004181 
[780]	train-rmse:0.382264+0.001055	test-rmse:0.382274+0.004181 
[781]	train-rmse:0.382264+0.001055	test-rmse:0.382274+0.004181 
[782]	train-rmse:0.382263+0.001055	test-rmse:0.382273+0.004181 
[783]	train-rmse:0.382262+0.001055	test-rmse:0.382273+0.004181 
[784]	train-rmse:0.382262+0.001055	test-rmse:0.382272+0.004181 
[785]	train-rmse:0.382261+0.001055	test-rmse:0.382272+0.004181 
[786]	train-rmse:0.382261+0.001055	test-rmse:0.382271+0.004181 
[787]	train-rmse:0.382260+0.001055	test-rmse:0.382271+0.004181 
[788]	train-rmse:0.382260+0.001055	test-rmse:0.382270+0.004181 
[789]	train-rmse:0.382259+0.001055	test-rmse:0.382270+0.004181 
[790]	train-rmse:0.382258+0.001055	test-rmse:0.382269+0.004181 
[791]	train-rmse:0.382258+0.001055	test-rmse:0.382269+0.004181 
[792]	train-rmse:0.382257+0.001055	test-rmse:0.382268+0.004181 
[793]	train-rmse:0.382257+0.001055	test-rmse:0.382268+0.004181 
[794]	train-rmse:0.382256+0.001055	test-rmse:0.382267+0.004181 
[795]	train-rmse:0.382256+0.001055	test-rmse:0.382267+0.004181 
[796]	train-rmse:0.382255+0.001055	test-rmse:0.382266+0.004181 
[797]	train-rmse:0.382255+0.001054	test-rmse:0.382266+0.004181 
[798]	train-rmse:0.382254+0.001054	test-rmse:0.382265+0.004181 
[799]	train-rmse:0.382254+0.001054	test-rmse:0.382265+0.004181 
[800]	train-rmse:0.382253+0.001054	test-rmse:0.382264+0.004182 
[801]	train-rmse:0.382252+0.001054	test-rmse:0.382264+0.004182 
[802]	train-rmse:0.382252+0.001054	test-rmse:0.382263+0.004182 
[803]	train-rmse:0.382251+0.001054	test-rmse:0.382263+0.004181 
[804]	train-rmse:0.382251+0.001054	test-rmse:0.382262+0.004181 
[805]	train-rmse:0.382250+0.001054	test-rmse:0.382262+0.004181 
[806]	train-rmse:0.382250+0.001054	test-rmse:0.382261+0.004181 
[807]	train-rmse:0.382249+0.001054	test-rmse:0.382261+0.004181 
[808]	train-rmse:0.382249+0.001054	test-rmse:0.382260+0.004181 
[809]	train-rmse:0.382248+0.001054	test-rmse:0.382260+0.004181 
[810]	train-rmse:0.382248+0.001054	test-rmse:0.382259+0.004181 
[811]	train-rmse:0.382247+0.001054	test-rmse:0.382259+0.004181 
[812]	train-rmse:0.382247+0.001054	test-rmse:0.382258+0.004181 
[813]	train-rmse:0.382246+0.001054	test-rmse:0.382258+0.004181 
[814]	train-rmse:0.382246+0.001054	test-rmse:0.382257+0.004181 
[815]	train-rmse:0.382245+0.001054	test-rmse:0.382257+0.004181 
[816]	train-rmse:0.382245+0.001054	test-rmse:0.382256+0.004181 
[817]	train-rmse:0.382244+0.001054	test-rmse:0.382256+0.004181 
[818]	train-rmse:0.382243+0.001054	test-rmse:0.382255+0.004181 
[819]	train-rmse:0.382243+0.001055	test-rmse:0.382255+0.004181 
[820]	train-rmse:0.382243+0.001055	test-rmse:0.382255+0.004181 
[821]	train-rmse:0.382242+0.001055	test-rmse:0.382254+0.004181 
[822]	train-rmse:0.382241+0.001055	test-rmse:0.382254+0.004181 
[823]	train-rmse:0.382241+0.001055	test-rmse:0.382253+0.004181 
[824]	train-rmse:0.382240+0.001055	test-rmse:0.382253+0.004180 
[825]	train-rmse:0.382240+0.001055	test-rmse:0.382252+0.004180 
[826]	train-rmse:0.382239+0.001055	test-rmse:0.382252+0.004180 
[827]	train-rmse:0.382239+0.001055	test-rmse:0.382251+0.004180 
[828]	train-rmse:0.382238+0.001055	test-rmse:0.382250+0.004180 
[829]	train-rmse:0.382238+0.001055	test-rmse:0.382250+0.004180 
[830]	train-rmse:0.382237+0.001055	test-rmse:0.382249+0.004180 
[831]	train-rmse:0.382237+0.001055	test-rmse:0.382249+0.004180 
[832]	train-rmse:0.382236+0.001055	test-rmse:0.382249+0.004180 
[833]	train-rmse:0.382235+0.001055	test-rmse:0.382248+0.004180 
[834]	train-rmse:0.382235+0.001055	test-rmse:0.382248+0.004180 
[835]	train-rmse:0.382234+0.001055	test-rmse:0.382247+0.004180 
[836]	train-rmse:0.382234+0.001055	test-rmse:0.382246+0.004180 
[837]	train-rmse:0.382233+0.001055	test-rmse:0.382246+0.004180 
[838]	train-rmse:0.382233+0.001055	test-rmse:0.382245+0.004180 
[839]	train-rmse:0.382232+0.001055	test-rmse:0.382245+0.004180 
[840]	train-rmse:0.382232+0.001055	test-rmse:0.382244+0.004180 
[841]	train-rmse:0.382231+0.001055	test-rmse:0.382244+0.004180 
[842]	train-rmse:0.382230+0.001055	test-rmse:0.382243+0.004180 
[843]	train-rmse:0.382230+0.001055	test-rmse:0.382243+0.004180 
[844]	train-rmse:0.382229+0.001055	test-rmse:0.382242+0.004180 
[845]	train-rmse:0.382229+0.001055	test-rmse:0.382242+0.004180 
[846]	train-rmse:0.382228+0.001055	test-rmse:0.382241+0.004180 
[847]	train-rmse:0.382227+0.001055	test-rmse:0.382241+0.004180 
[848]	train-rmse:0.382227+0.001055	test-rmse:0.382240+0.004180 
[849]	train-rmse:0.382227+0.001055	test-rmse:0.382240+0.004180 
[850]	train-rmse:0.382226+0.001055	test-rmse:0.382240+0.004180 
[851]	train-rmse:0.382226+0.001055	test-rmse:0.382239+0.004180 
[852]	train-rmse:0.382225+0.001055	test-rmse:0.382239+0.004180 
[853]	train-rmse:0.382225+0.001055	test-rmse:0.382238+0.004180 
[854]	train-rmse:0.382224+0.001055	test-rmse:0.382238+0.004180 
[855]	train-rmse:0.382224+0.001055	test-rmse:0.382237+0.004180 
[856]	train-rmse:0.382223+0.001055	test-rmse:0.382237+0.004180 
[857]	train-rmse:0.382223+0.001055	test-rmse:0.382236+0.004180 
[858]	train-rmse:0.382222+0.001055	test-rmse:0.382236+0.004180 
[859]	train-rmse:0.382222+0.001055	test-rmse:0.382235+0.004180 
[860]	train-rmse:0.382221+0.001055	test-rmse:0.382235+0.004180 
[861]	train-rmse:0.382221+0.001055	test-rmse:0.382234+0.004180 
[862]	train-rmse:0.382220+0.001055	test-rmse:0.382234+0.004180 
[863]	train-rmse:0.382219+0.001055	test-rmse:0.382233+0.004180 
[864]	train-rmse:0.382219+0.001055	test-rmse:0.382233+0.004180 
[865]	train-rmse:0.382218+0.001055	test-rmse:0.382232+0.004180 
[866]	train-rmse:0.382218+0.001055	test-rmse:0.382232+0.004180 
[867]	train-rmse:0.382217+0.001055	test-rmse:0.382231+0.004180 
[868]	train-rmse:0.382217+0.001055	test-rmse:0.382231+0.004180 
[869]	train-rmse:0.382216+0.001055	test-rmse:0.382230+0.004180 
[870]	train-rmse:0.382216+0.001055	test-rmse:0.382230+0.004180 
[871]	train-rmse:0.382215+0.001055	test-rmse:0.382229+0.004179 
[872]	train-rmse:0.382215+0.001055	test-rmse:0.382229+0.004180 
[873]	train-rmse:0.382214+0.001055	test-rmse:0.382228+0.004180 
[874]	train-rmse:0.382214+0.001055	test-rmse:0.382228+0.004180 
[875]	train-rmse:0.382213+0.001055	test-rmse:0.382227+0.004180 
[876]	train-rmse:0.382213+0.001055	test-rmse:0.382227+0.004180 
[877]	train-rmse:0.382212+0.001055	test-rmse:0.382227+0.004179 
[878]	train-rmse:0.382212+0.001055	test-rmse:0.382226+0.004179 
[879]	train-rmse:0.382211+0.001055	test-rmse:0.382226+0.004180 
[880]	train-rmse:0.382211+0.001055	test-rmse:0.382225+0.004180 
[881]	train-rmse:0.382210+0.001055	test-rmse:0.382224+0.004180 
[882]	train-rmse:0.382209+0.001055	test-rmse:0.382224+0.004180 
[883]	train-rmse:0.382209+0.001055	test-rmse:0.382223+0.004180 
[884]	train-rmse:0.382208+0.001055	test-rmse:0.382223+0.004180 
[885]	train-rmse:0.382207+0.001055	test-rmse:0.382222+0.004180 
[886]	train-rmse:0.382207+0.001055	test-rmse:0.382222+0.004180 
[887]	train-rmse:0.382206+0.001055	test-rmse:0.382221+0.004180 
[888]	train-rmse:0.382205+0.001055	test-rmse:0.382220+0.004180 
[889]	train-rmse:0.382205+0.001055	test-rmse:0.382220+0.004180 
[890]	train-rmse:0.382204+0.001055	test-rmse:0.382219+0.004180 
[891]	train-rmse:0.382204+0.001055	test-rmse:0.382219+0.004180 
[892]	train-rmse:0.382203+0.001055	test-rmse:0.382218+0.004180 
[893]	train-rmse:0.382202+0.001055	test-rmse:0.382217+0.004180 
[894]	train-rmse:0.382202+0.001055	test-rmse:0.382217+0.004180 
[895]	train-rmse:0.382201+0.001055	test-rmse:0.382216+0.004180 
[896]	train-rmse:0.382200+0.001055	test-rmse:0.382216+0.004180 
[897]	train-rmse:0.382200+0.001055	test-rmse:0.382215+0.004180 
[898]	train-rmse:0.382199+0.001055	test-rmse:0.382215+0.004180 
[899]	train-rmse:0.382199+0.001055	test-rmse:0.382214+0.004180 
[900]	train-rmse:0.382198+0.001055	test-rmse:0.382214+0.004180 
[901]	train-rmse:0.382198+0.001055	test-rmse:0.382213+0.004180 
[902]	train-rmse:0.382197+0.001055	test-rmse:0.382213+0.004180 
[903]	train-rmse:0.382196+0.001055	test-rmse:0.382212+0.004180 
[904]	train-rmse:0.382196+0.001055	test-rmse:0.382211+0.004180 
[905]	train-rmse:0.382195+0.001055	test-rmse:0.382211+0.004180 
[906]	train-rmse:0.382195+0.001055	test-rmse:0.382210+0.004180 
[907]	train-rmse:0.382194+0.001055	test-rmse:0.382210+0.004180 
[908]	train-rmse:0.382194+0.001055	test-rmse:0.382209+0.004180 
[909]	train-rmse:0.382193+0.001054	test-rmse:0.382209+0.004180 
[910]	train-rmse:0.382193+0.001054	test-rmse:0.382209+0.004180 
[911]	train-rmse:0.382192+0.001054	test-rmse:0.382208+0.004180 
[912]	train-rmse:0.382192+0.001054	test-rmse:0.382208+0.004180 
[913]	train-rmse:0.382191+0.001054	test-rmse:0.382207+0.004180 
[914]	train-rmse:0.382190+0.001055	test-rmse:0.382206+0.004180 
[915]	train-rmse:0.382190+0.001055	test-rmse:0.382206+0.004180 
[916]	train-rmse:0.382189+0.001055	test-rmse:0.382206+0.004180 
[917]	train-rmse:0.382189+0.001055	test-rmse:0.382205+0.004180 
[918]	train-rmse:0.382189+0.001055	test-rmse:0.382205+0.004180 
[919]	train-rmse:0.382188+0.001055	test-rmse:0.382205+0.004179 
[920]	train-rmse:0.382188+0.001055	test-rmse:0.382204+0.004179 
[921]	train-rmse:0.382187+0.001055	test-rmse:0.382203+0.004179 
[922]	train-rmse:0.382186+0.001055	test-rmse:0.382203+0.004179 
[923]	train-rmse:0.382186+0.001055	test-rmse:0.382202+0.004179 
[924]	train-rmse:0.382185+0.001055	test-rmse:0.382202+0.004179 
[925]	train-rmse:0.382185+0.001055	test-rmse:0.382201+0.004179 
[926]	train-rmse:0.382184+0.001055	test-rmse:0.382201+0.004179 
[927]	train-rmse:0.382184+0.001055	test-rmse:0.382201+0.004179 
[928]	train-rmse:0.382183+0.001055	test-rmse:0.382200+0.004179 
[929]	train-rmse:0.382183+0.001055	test-rmse:0.382200+0.004180 
[930]	train-rmse:0.382182+0.001055	test-rmse:0.382199+0.004180 
[931]	train-rmse:0.382182+0.001055	test-rmse:0.382199+0.004180 
[932]	train-rmse:0.382181+0.001055	test-rmse:0.382198+0.004180 
[933]	train-rmse:0.382181+0.001055	test-rmse:0.382197+0.004180 
[934]	train-rmse:0.382180+0.001055	test-rmse:0.382197+0.004180 
[935]	train-rmse:0.382179+0.001055	test-rmse:0.382196+0.004180 
[936]	train-rmse:0.382179+0.001055	test-rmse:0.382196+0.004179 
[937]	train-rmse:0.382178+0.001055	test-rmse:0.382195+0.004179 
[938]	train-rmse:0.382178+0.001055	test-rmse:0.382195+0.004179 
[939]	train-rmse:0.382177+0.001055	test-rmse:0.382194+0.004179 
[940]	train-rmse:0.382177+0.001055	test-rmse:0.382194+0.004179 
[941]	train-rmse:0.382176+0.001055	test-rmse:0.382193+0.004179 
[942]	train-rmse:0.382176+0.001055	test-rmse:0.382193+0.004179 
[943]	train-rmse:0.382175+0.001055	test-rmse:0.382192+0.004179 
[944]	train-rmse:0.382175+0.001054	test-rmse:0.382192+0.004180 
[945]	train-rmse:0.382174+0.001054	test-rmse:0.382191+0.004180 
[946]	train-rmse:0.382173+0.001054	test-rmse:0.382191+0.004180 
[947]	train-rmse:0.382173+0.001054	test-rmse:0.382190+0.004180 
[948]	train-rmse:0.382172+0.001054	test-rmse:0.382190+0.004180 
[949]	train-rmse:0.382172+0.001054	test-rmse:0.382189+0.004180 
[950]	train-rmse:0.382171+0.001054	test-rmse:0.382189+0.004180 
[951]	train-rmse:0.382171+0.001055	test-rmse:0.382188+0.004179 
[952]	train-rmse:0.382170+0.001055	test-rmse:0.382188+0.004179 
[953]	train-rmse:0.382169+0.001055	test-rmse:0.382187+0.004179 
[954]	train-rmse:0.382169+0.001055	test-rmse:0.382187+0.004179 
[955]	train-rmse:0.382168+0.001055	test-rmse:0.382186+0.004179 
[956]	train-rmse:0.382168+0.001055	test-rmse:0.382186+0.004179 
[957]	train-rmse:0.382167+0.001055	test-rmse:0.382185+0.004179 
[958]	train-rmse:0.382167+0.001055	test-rmse:0.382185+0.004179 
[959]	train-rmse:0.382166+0.001055	test-rmse:0.382184+0.004179 
[960]	train-rmse:0.382166+0.001055	test-rmse:0.382184+0.004179 
[961]	train-rmse:0.382165+0.001055	test-rmse:0.382183+0.004179 
[962]	train-rmse:0.382165+0.001055	test-rmse:0.382183+0.004179 
[963]	train-rmse:0.382164+0.001055	test-rmse:0.382182+0.004179 
[964]	train-rmse:0.382164+0.001055	test-rmse:0.382182+0.004179 
[965]	train-rmse:0.382163+0.001055	test-rmse:0.382182+0.004179 
[966]	train-rmse:0.382163+0.001055	test-rmse:0.382181+0.004179 
[967]	train-rmse:0.382162+0.001055	test-rmse:0.382180+0.004179 
[968]	train-rmse:0.382162+0.001055	test-rmse:0.382180+0.004179 
[969]	train-rmse:0.382161+0.001055	test-rmse:0.382180+0.004179 
[970]	train-rmse:0.382161+0.001055	test-rmse:0.382179+0.004179 
[971]	train-rmse:0.382160+0.001055	test-rmse:0.382179+0.004179 
[972]	train-rmse:0.382160+0.001055	test-rmse:0.382178+0.004179 
[973]	train-rmse:0.382159+0.001055	test-rmse:0.382178+0.004179 
[974]	train-rmse:0.382159+0.001055	test-rmse:0.382177+0.004179 
[975]	train-rmse:0.382158+0.001055	test-rmse:0.382177+0.004179 
[976]	train-rmse:0.382158+0.001055	test-rmse:0.382176+0.004179 
[977]	train-rmse:0.382157+0.001055	test-rmse:0.382176+0.004179 
[978]	train-rmse:0.382156+0.001055	test-rmse:0.382175+0.004179 
[979]	train-rmse:0.382156+0.001055	test-rmse:0.382175+0.004178 
[980]	train-rmse:0.382155+0.001055	test-rmse:0.382174+0.004178 
[981]	train-rmse:0.382155+0.001055	test-rmse:0.382174+0.004178 
[982]	train-rmse:0.382154+0.001055	test-rmse:0.382173+0.004178 
[983]	train-rmse:0.382154+0.001055	test-rmse:0.382173+0.004178 
[984]	train-rmse:0.382153+0.001055	test-rmse:0.382172+0.004178 
[985]	train-rmse:0.382153+0.001055	test-rmse:0.382172+0.004178 
[986]	train-rmse:0.382152+0.001055	test-rmse:0.382171+0.004178 
[987]	train-rmse:0.382152+0.001055	test-rmse:0.382171+0.004178 
[988]	train-rmse:0.382151+0.001055	test-rmse:0.382171+0.004178 
[989]	train-rmse:0.382151+0.001055	test-rmse:0.382170+0.004178 
[990]	train-rmse:0.382150+0.001056	test-rmse:0.382170+0.004178 
[991]	train-rmse:0.382150+0.001056	test-rmse:0.382169+0.004178 
[992]	train-rmse:0.382149+0.001056	test-rmse:0.382168+0.004178 
[993]	train-rmse:0.382148+0.001056	test-rmse:0.382168+0.004178 
[994]	train-rmse:0.382148+0.001055	test-rmse:0.382167+0.004178 
[995]	train-rmse:0.382147+0.001055	test-rmse:0.382167+0.004178 
[996]	train-rmse:0.382147+0.001055	test-rmse:0.382166+0.004178 
[997]	train-rmse:0.382146+0.001055	test-rmse:0.382166+0.004178 
[998]	train-rmse:0.382146+0.001055	test-rmse:0.382165+0.004178 
[999]	train-rmse:0.382145+0.001055	test-rmse:0.382165+0.004178 
[1000]	train-rmse:0.382144+0.001055	test-rmse:0.382164+0.004178 
[1001]	train-rmse:0.382144+0.001055	test-rmse:0.382164+0.004178 
[1002]	train-rmse:0.382143+0.001055	test-rmse:0.382163+0.004178 
[1003]	train-rmse:0.382143+0.001055	test-rmse:0.382163+0.004178 
[1004]	train-rmse:0.382142+0.001055	test-rmse:0.382162+0.004178 
[1005]	train-rmse:0.382142+0.001055	test-rmse:0.382162+0.004178 
[1006]	train-rmse:0.382142+0.001055	test-rmse:0.382162+0.004178 
[1007]	train-rmse:0.382141+0.001055	test-rmse:0.382161+0.004179 
[1008]	train-rmse:0.382141+0.001055	test-rmse:0.382161+0.004179 
[1009]	train-rmse:0.382140+0.001055	test-rmse:0.382160+0.004179 
[1010]	train-rmse:0.382139+0.001055	test-rmse:0.382160+0.004179 
[1011]	train-rmse:0.382139+0.001055	test-rmse:0.382159+0.004179 
[1012]	train-rmse:0.382138+0.001055	test-rmse:0.382159+0.004179 
[1013]	train-rmse:0.382138+0.001055	test-rmse:0.382158+0.004179 
[1014]	train-rmse:0.382137+0.001055	test-rmse:0.382157+0.004179 
[1015]	train-rmse:0.382136+0.001055	test-rmse:0.382157+0.004179 
[1016]	train-rmse:0.382136+0.001055	test-rmse:0.382156+0.004179 
[1017]	train-rmse:0.382135+0.001055	test-rmse:0.382156+0.004179 
[1018]	train-rmse:0.382135+0.001055	test-rmse:0.382155+0.004179 
[1019]	train-rmse:0.382134+0.001055	test-rmse:0.382155+0.004179 
[1020]	train-rmse:0.382134+0.001055	test-rmse:0.382155+0.004179 
[1021]	train-rmse:0.382133+0.001055	test-rmse:0.382154+0.004179 
[1022]	train-rmse:0.382133+0.001054	test-rmse:0.382154+0.004179 
[1023]	train-rmse:0.382132+0.001054	test-rmse:0.382153+0.004179 
[1024]	train-rmse:0.382132+0.001054	test-rmse:0.382153+0.004179 
[1025]	train-rmse:0.382131+0.001054	test-rmse:0.382152+0.004179 
[1026]	train-rmse:0.382131+0.001054	test-rmse:0.382152+0.004179 
[1027]	train-rmse:0.382130+0.001054	test-rmse:0.382151+0.004179 
[1028]	train-rmse:0.382130+0.001054	test-rmse:0.382151+0.004179 
[1029]	train-rmse:0.382129+0.001054	test-rmse:0.382150+0.004179 
[1030]	train-rmse:0.382129+0.001054	test-rmse:0.382150+0.004179 
[1031]	train-rmse:0.382128+0.001054	test-rmse:0.382149+0.004179 
[1032]	train-rmse:0.382128+0.001054	test-rmse:0.382149+0.004179 
[1033]	train-rmse:0.382127+0.001054	test-rmse:0.382148+0.004179 
[1034]	train-rmse:0.382127+0.001054	test-rmse:0.382148+0.004179 
[1035]	train-rmse:0.382126+0.001054	test-rmse:0.382147+0.004179 
[1036]	train-rmse:0.382125+0.001054	test-rmse:0.382147+0.004179 
[1037]	train-rmse:0.382125+0.001054	test-rmse:0.382146+0.004179 
[1038]	train-rmse:0.382124+0.001054	test-rmse:0.382146+0.004179 
[1039]	train-rmse:0.382124+0.001055	test-rmse:0.382145+0.004179 
[1040]	train-rmse:0.382123+0.001055	test-rmse:0.382145+0.004179 
[1041]	train-rmse:0.382123+0.001055	test-rmse:0.382144+0.004179 
[1042]	train-rmse:0.382123+0.001055	test-rmse:0.382144+0.004179 
[1043]	train-rmse:0.382122+0.001055	test-rmse:0.382143+0.004179 
[1044]	train-rmse:0.382121+0.001055	test-rmse:0.382143+0.004179 
[1045]	train-rmse:0.382121+0.001055	test-rmse:0.382143+0.004179 
[1046]	train-rmse:0.382120+0.001054	test-rmse:0.382142+0.004179 
[1047]	train-rmse:0.382120+0.001055	test-rmse:0.382142+0.004179 
[1048]	train-rmse:0.382119+0.001055	test-rmse:0.382141+0.004179 
[1049]	train-rmse:0.382119+0.001055	test-rmse:0.382141+0.004178 
[1050]	train-rmse:0.382118+0.001055	test-rmse:0.382140+0.004178 
[1051]	train-rmse:0.382118+0.001055	test-rmse:0.382140+0.004179 
[1052]	train-rmse:0.382117+0.001054	test-rmse:0.382139+0.004179 
[1053]	train-rmse:0.382117+0.001055	test-rmse:0.382139+0.004178 
[1054]	train-rmse:0.382116+0.001055	test-rmse:0.382138+0.004178 
[1055]	train-rmse:0.382116+0.001055	test-rmse:0.382138+0.004178 
[1056]	train-rmse:0.382115+0.001055	test-rmse:0.382138+0.004178 
[1057]	train-rmse:0.382115+0.001055	test-rmse:0.382137+0.004178 
[1058]	train-rmse:0.382114+0.001055	test-rmse:0.382136+0.004178 
[1059]	train-rmse:0.382114+0.001055	test-rmse:0.382136+0.004178 
[1060]	train-rmse:0.382113+0.001055	test-rmse:0.382135+0.004178 
[1061]	train-rmse:0.382112+0.001055	test-rmse:0.382135+0.004178 
[1062]	train-rmse:0.382112+0.001055	test-rmse:0.382134+0.004178 
[1063]	train-rmse:0.382112+0.001055	test-rmse:0.382134+0.004178 
[1064]	train-rmse:0.382111+0.001055	test-rmse:0.382133+0.004178 
[1065]	train-rmse:0.382111+0.001055	test-rmse:0.382133+0.004178 
[1066]	train-rmse:0.382110+0.001055	test-rmse:0.382132+0.004178 
[1067]	train-rmse:0.382109+0.001055	test-rmse:0.382132+0.004178 
[1068]	train-rmse:0.382109+0.001055	test-rmse:0.382131+0.004178 
[1069]	train-rmse:0.382108+0.001055	test-rmse:0.382131+0.004178 
[1070]	train-rmse:0.382108+0.001055	test-rmse:0.382131+0.004178 
[1071]	train-rmse:0.382107+0.001055	test-rmse:0.382130+0.004178 
[1072]	train-rmse:0.382107+0.001055	test-rmse:0.382130+0.004178 
[1073]	train-rmse:0.382106+0.001055	test-rmse:0.382129+0.004178 
[1074]	train-rmse:0.382105+0.001055	test-rmse:0.382128+0.004178 
[1075]	train-rmse:0.382105+0.001055	test-rmse:0.382128+0.004178 
[1076]	train-rmse:0.382104+0.001055	test-rmse:0.382127+0.004178 
[1077]	train-rmse:0.382104+0.001055	test-rmse:0.382127+0.004178 
[1078]	train-rmse:0.382103+0.001055	test-rmse:0.382126+0.004178 
[1079]	train-rmse:0.382103+0.001055	test-rmse:0.382126+0.004177 
[1080]	train-rmse:0.382102+0.001055	test-rmse:0.382126+0.004177 
[1081]	train-rmse:0.382102+0.001055	test-rmse:0.382125+0.004177 
[1082]	train-rmse:0.382102+0.001055	test-rmse:0.382125+0.004177 
[1083]	train-rmse:0.382101+0.001055	test-rmse:0.382124+0.004177 
[1084]	train-rmse:0.382100+0.001055	test-rmse:0.382124+0.004177 
[1085]	train-rmse:0.382100+0.001055	test-rmse:0.382123+0.004177 
[1086]	train-rmse:0.382099+0.001056	test-rmse:0.382123+0.004177 
[1087]	train-rmse:0.382099+0.001056	test-rmse:0.382122+0.004177 
[1088]	train-rmse:0.382098+0.001056	test-rmse:0.382122+0.004177 
[1089]	train-rmse:0.382098+0.001056	test-rmse:0.382121+0.004177 
[1090]	train-rmse:0.382097+0.001056	test-rmse:0.382120+0.004177 
[1091]	train-rmse:0.382096+0.001056	test-rmse:0.382120+0.004177 
[1092]	train-rmse:0.382096+0.001056	test-rmse:0.382119+0.004177 
[1093]	train-rmse:0.382095+0.001056	test-rmse:0.382119+0.004177 
[1094]	train-rmse:0.382094+0.001056	test-rmse:0.382118+0.004177 
[1095]	train-rmse:0.382094+0.001056	test-rmse:0.382118+0.004177 
[1096]	train-rmse:0.382093+0.001056	test-rmse:0.382117+0.004177 
[1097]	train-rmse:0.382092+0.001056	test-rmse:0.382116+0.004177 
[1098]	train-rmse:0.382092+0.001056	test-rmse:0.382116+0.004177 
[1099]	train-rmse:0.382091+0.001056	test-rmse:0.382115+0.004177 
[1100]	train-rmse:0.382091+0.001055	test-rmse:0.382115+0.004177 
[1101]	train-rmse:0.382090+0.001055	test-rmse:0.382114+0.004177 
[1102]	train-rmse:0.382090+0.001055	test-rmse:0.382114+0.004177 
[1103]	train-rmse:0.382089+0.001056	test-rmse:0.382113+0.004177 
[1104]	train-rmse:0.382088+0.001056	test-rmse:0.382113+0.004177 
[1105]	train-rmse:0.382088+0.001056	test-rmse:0.382112+0.004177 
[1106]	train-rmse:0.382088+0.001056	test-rmse:0.382112+0.004177 
[1107]	train-rmse:0.382087+0.001056	test-rmse:0.382112+0.004177 
[1108]	train-rmse:0.382087+0.001056	test-rmse:0.382111+0.004177 
[1109]	train-rmse:0.382086+0.001056	test-rmse:0.382111+0.004177 
[1110]	train-rmse:0.382086+0.001056	test-rmse:0.382110+0.004177 
[1111]	train-rmse:0.382085+0.001056	test-rmse:0.382109+0.004177 
[1112]	train-rmse:0.382084+0.001056	test-rmse:0.382109+0.004177 
[1113]	train-rmse:0.382084+0.001056	test-rmse:0.382108+0.004177 
[1114]	train-rmse:0.382083+0.001056	test-rmse:0.382108+0.004177 
[1115]	train-rmse:0.382083+0.001056	test-rmse:0.382107+0.004177 
[1116]	train-rmse:0.382082+0.001056	test-rmse:0.382107+0.004177 
[1117]	train-rmse:0.382081+0.001056	test-rmse:0.382106+0.004177 
[1118]	train-rmse:0.382081+0.001056	test-rmse:0.382106+0.004177 
[1119]	train-rmse:0.382080+0.001056	test-rmse:0.382105+0.004177 
[1120]	train-rmse:0.382080+0.001056	test-rmse:0.382105+0.004177 
[1121]	train-rmse:0.382079+0.001056	test-rmse:0.382104+0.004177 
[1122]	train-rmse:0.382078+0.001056	test-rmse:0.382103+0.004176 
[1123]	train-rmse:0.382078+0.001056	test-rmse:0.382103+0.004176 
[1124]	train-rmse:0.382078+0.001056	test-rmse:0.382103+0.004176 
[1125]	train-rmse:0.382077+0.001056	test-rmse:0.382102+0.004176 
[1126]	train-rmse:0.382077+0.001056	test-rmse:0.382102+0.004176 
[1127]	train-rmse:0.382076+0.001056	test-rmse:0.382102+0.004176 
[1128]	train-rmse:0.382076+0.001056	test-rmse:0.382101+0.004176 
[1129]	train-rmse:0.382075+0.001056	test-rmse:0.382101+0.004176 
[1130]	train-rmse:0.382075+0.001056	test-rmse:0.382100+0.004176 
[1131]	train-rmse:0.382074+0.001056	test-rmse:0.382100+0.004176 
[1132]	train-rmse:0.382074+0.001057	test-rmse:0.382099+0.004176 
[1133]	train-rmse:0.382073+0.001056	test-rmse:0.382098+0.004176 
[1134]	train-rmse:0.382073+0.001056	test-rmse:0.382098+0.004176 
[1135]	train-rmse:0.382072+0.001056	test-rmse:0.382098+0.004176 
[1136]	train-rmse:0.382072+0.001056	test-rmse:0.382097+0.004176 
[1137]	train-rmse:0.382071+0.001056	test-rmse:0.382097+0.004176 
[1138]	train-rmse:0.382071+0.001056	test-rmse:0.382096+0.004176 
[1139]	train-rmse:0.382070+0.001056	test-rmse:0.382096+0.004176 
[1140]	train-rmse:0.382070+0.001056	test-rmse:0.382095+0.004176 
[1141]	train-rmse:0.382069+0.001056	test-rmse:0.382095+0.004176 
[1142]	train-rmse:0.382068+0.001056	test-rmse:0.382094+0.004176 
[1143]	train-rmse:0.382068+0.001056	test-rmse:0.382094+0.004176 
[1144]	train-rmse:0.382067+0.001056	test-rmse:0.382093+0.004176 
[1145]	train-rmse:0.382067+0.001056	test-rmse:0.382093+0.004176 
[1146]	train-rmse:0.382066+0.001056	test-rmse:0.382092+0.004176 
[1147]	train-rmse:0.382066+0.001056	test-rmse:0.382092+0.004176 
[1148]	train-rmse:0.382065+0.001056	test-rmse:0.382091+0.004176 
[1149]	train-rmse:0.382065+0.001056	test-rmse:0.382091+0.004176 
[1150]	train-rmse:0.382065+0.001056	test-rmse:0.382091+0.004176 
[1151]	train-rmse:0.382064+0.001056	test-rmse:0.382090+0.004176 
[1152]	train-rmse:0.382063+0.001056	test-rmse:0.382089+0.004176 
[1153]	train-rmse:0.382063+0.001056	test-rmse:0.382089+0.004176 
[1154]	train-rmse:0.382062+0.001056	test-rmse:0.382089+0.004176 
[1155]	train-rmse:0.382062+0.001056	test-rmse:0.382088+0.004176 
[1156]	train-rmse:0.382061+0.001056	test-rmse:0.382088+0.004176 
[1157]	train-rmse:0.382061+0.001056	test-rmse:0.382087+0.004176 
[1158]	train-rmse:0.382060+0.001056	test-rmse:0.382087+0.004176 
[1159]	train-rmse:0.382060+0.001056	test-rmse:0.382086+0.004176 
[1160]	train-rmse:0.382059+0.001056	test-rmse:0.382086+0.004176 
[1161]	train-rmse:0.382059+0.001056	test-rmse:0.382085+0.004176 
[1162]	train-rmse:0.382058+0.001056	test-rmse:0.382085+0.004176 
[1163]	train-rmse:0.382058+0.001056	test-rmse:0.382084+0.004176 
> hgrid <-
+   dplyr::bind_cols(xgboost_params[index, ], dart.cv$evaluation_log[dart.cv$best_iteration, ], best_iter = dart.cv$best_iteration)
> 
> # write result
> fname <- file.path('data-raw', 'tune', year, 'array', paste0('tune_', index, '.tsv'))
> readr::write_tsv(hgrid, file = fname)
> 
