> 
> # parse arguments
> args <- R.utils::commandArgs(trailingOnly = FALSE, asValues = TRUE)
> index <- as.integer(args$index)
> year <- as.character(args$year)
> nreps <- as.integer(args$nreps)
> seed <- as.integer(args$seed)
> 
> # get number of cores
> wkrs <- length(future::availableWorkers())
> 
> # set seed
> set.seed(seed)
> 
> # read and prepare the cluster features
> fp <- file.path('data-raw', 'features', year)
> clf <-
+   read_features(fp, pattern = 'paris.', recursive = FALSE)
> clf <- prepare_features(
+   clf,
+   feature_map = feature_map,
+   category = c('response', 'bio', 'net'),
+   type = 'list',
+   exclusions = c(
+     'mg2_pairs_count',
+     'mg2_not_pairs_count',
+     'mg2_portion_families_recovered',
+     'cluster_origin',
+     'bocc_origin',
+     'cluster_method',
+     'subcluster_method',
+     'year',
+     'IDs',
+     'go_sig_threshold',
+     'num_new_edges_on_any_node',
+     'HPO_ratio'
+   ),
+   verbose = TRUE
+ )
c('HPO_ratio', 'IDs', 'bocc_origin', 'cluster_method', 'cluster_origin', 'go_sig_threshold', 'max_norm_cell_type_comma_sep_string', 'max_norm_disease_comma_sep_string', 'mg2_not_pairs_count', 'mg2_pairs_count', 'mg2_portion_families_recovered', 'num_new_edges_on_any_node', 'sig_go_enrichment_fdr_corrected_p_vals', 'sig_go_enrichment_p_vals', 'sig_go_enrichment_terms', 'subcluster_method', 'year')

> 
> # prepare grid of parameters
> xgboost_params <- dials::parameters(
+   nrounds = dials::trees(),
+   eta = dials::learn_rate(),
+   gamma = dials::loss_reduction(),
+   dials::tree_depth(),
+   subsample = dials::sample_prop(),
+   rate_drop = dials::dropout(),
+   skip_drop = dials::dropout()
+ )
> xgboost_params <-
+   dials::grid_max_entropy(xgboost_params, size = nreps)
> 
> # tune the dart booster
> dart.param <-
+   list(
+     booster = "dart",
+     objective = "reg:logistic",
+     eval_metric = "rmse",
+     nthread = wkrs,
+     max_depth = xgboost_params$tree_depth[index],
+     eta = xgboost_params$eta[index],
+     gamma = xgboost_params$gamma[index],
+     subsample = xgboost_params$subsample[index],
+     rate_drop = xgboost_params$rate_drop[index],
+     skip_drop = xgboost_params$skip_drop[index]
+   )
> dart.cv <- xgboost::xgb.cv(
+   params = dart.param,
+   nrounds = xgboost_params$nrounds[index],
+   data = as.matrix(clf[, -1]),
+   nfold = 5,
+   label = clf$snowballing_pvalue,
+   early_stopping_rounds = 50
+ )
[1]	train-rmse:0.381848+0.001045	test-rmse:0.381892+0.004171 
Multiple eval metrics are present. Will use test_rmse for early stopping.
Will train until test_rmse hasn't improved in 50 rounds.

[2]	train-rmse:0.381020+0.001036	test-rmse:0.381120+0.004160 
[3]	train-rmse:0.380202+0.001035	test-rmse:0.380363+0.004149 
[4]	train-rmse:0.379385+0.001026	test-rmse:0.379612+0.004145 
[5]	train-rmse:0.378570+0.001019	test-rmse:0.378860+0.004145 
[6]	train-rmse:0.377837+0.000866	test-rmse:0.378187+0.004277 
[7]	train-rmse:0.377107+0.000717	test-rmse:0.377528+0.004408 
[8]	train-rmse:0.376296+0.000717	test-rmse:0.376789+0.004398 
[9]	train-rmse:0.375485+0.000715	test-rmse:0.376039+0.004386 
[10]	train-rmse:0.374686+0.000705	test-rmse:0.375319+0.004368 
[11]	train-rmse:0.373882+0.000697	test-rmse:0.374584+0.004356 
[12]	train-rmse:0.373077+0.000697	test-rmse:0.373858+0.004344 
[13]	train-rmse:0.372281+0.000686	test-rmse:0.373143+0.004332 
[14]	train-rmse:0.371601+0.000676	test-rmse:0.372524+0.004352 
[15]	train-rmse:0.370808+0.000670	test-rmse:0.371793+0.004330 
[16]	train-rmse:0.370178+0.000791	test-rmse:0.371219+0.004270 
[17]	train-rmse:0.369550+0.000928	test-rmse:0.370655+0.004215 
[18]	train-rmse:0.368983+0.001067	test-rmse:0.370143+0.004051 
[19]	train-rmse:0.368352+0.001058	test-rmse:0.369574+0.004116 
[20]	train-rmse:0.367670+0.001082	test-rmse:0.368944+0.004052 
[21]	train-rmse:0.367228+0.001042	test-rmse:0.368543+0.004077 
[22]	train-rmse:0.366681+0.001196	test-rmse:0.368039+0.003981 
[23]	train-rmse:0.365979+0.001154	test-rmse:0.367407+0.003937 
[24]	train-rmse:0.365202+0.001153	test-rmse:0.366697+0.003925 
[25]	train-rmse:0.364632+0.001246	test-rmse:0.366187+0.003938 
[26]	train-rmse:0.363978+0.001089	test-rmse:0.365590+0.004148 
[27]	train-rmse:0.363505+0.001052	test-rmse:0.365156+0.004071 
[28]	train-rmse:0.363082+0.000874	test-rmse:0.364768+0.004111 
[29]	train-rmse:0.362738+0.000933	test-rmse:0.364461+0.004030 
[30]	train-rmse:0.362175+0.000896	test-rmse:0.363949+0.003996 
[31]	train-rmse:0.361562+0.000800	test-rmse:0.363396+0.004079 
[32]	train-rmse:0.360928+0.000910	test-rmse:0.362814+0.004018 
[33]	train-rmse:0.360240+0.000875	test-rmse:0.362188+0.004027 
[34]	train-rmse:0.359562+0.000950	test-rmse:0.361567+0.003946 
[35]	train-rmse:0.358905+0.000933	test-rmse:0.360970+0.003899 
[36]	train-rmse:0.358325+0.000869	test-rmse:0.360444+0.003994 
[37]	train-rmse:0.357794+0.000789	test-rmse:0.359954+0.004161 
[38]	train-rmse:0.357162+0.000964	test-rmse:0.359381+0.004049 
[39]	train-rmse:0.356715+0.000711	test-rmse:0.358984+0.004243 
[40]	train-rmse:0.356141+0.000692	test-rmse:0.358457+0.004220 
[41]	train-rmse:0.355597+0.000836	test-rmse:0.357963+0.004223 
[42]	train-rmse:0.355218+0.001032	test-rmse:0.357620+0.003989 
[43]	train-rmse:0.354697+0.000902	test-rmse:0.357153+0.004100 
[44]	train-rmse:0.354416+0.000727	test-rmse:0.356897+0.004174 
[45]	train-rmse:0.353897+0.000763	test-rmse:0.356428+0.004089 
[46]	train-rmse:0.353276+0.000974	test-rmse:0.355877+0.003973 
[47]	train-rmse:0.352893+0.000817	test-rmse:0.355526+0.004021 
[48]	train-rmse:0.352500+0.000969	test-rmse:0.355159+0.003889 
[49]	train-rmse:0.351946+0.001143	test-rmse:0.354659+0.003795 
[50]	train-rmse:0.351671+0.001195	test-rmse:0.354410+0.003728 
[51]	train-rmse:0.351386+0.001264	test-rmse:0.354158+0.003709 
[52]	train-rmse:0.351071+0.001174	test-rmse:0.353878+0.003795 
[53]	train-rmse:0.350656+0.001053	test-rmse:0.353500+0.003920 
[54]	train-rmse:0.350279+0.000857	test-rmse:0.353165+0.004060 
[55]	train-rmse:0.350014+0.001013	test-rmse:0.352928+0.004011 
[56]	train-rmse:0.349733+0.001068	test-rmse:0.352687+0.004023 
[57]	train-rmse:0.349318+0.000860	test-rmse:0.352304+0.004171 
[58]	train-rmse:0.349205+0.000881	test-rmse:0.352201+0.004162 
[59]	train-rmse:0.348731+0.001066	test-rmse:0.351773+0.004274 
[60]	train-rmse:0.348500+0.001168	test-rmse:0.351577+0.004330 
[61]	train-rmse:0.348370+0.001144	test-rmse:0.351458+0.004336 
[62]	train-rmse:0.347861+0.001076	test-rmse:0.351005+0.004273 
[63]	train-rmse:0.347498+0.000909	test-rmse:0.350668+0.004161 
[64]	train-rmse:0.346896+0.001109	test-rmse:0.350133+0.004045 
[65]	train-rmse:0.346510+0.001056	test-rmse:0.349787+0.004146 
[66]	train-rmse:0.346119+0.001044	test-rmse:0.349434+0.003984 
[67]	train-rmse:0.345942+0.001072	test-rmse:0.349274+0.003945 
[68]	train-rmse:0.345696+0.001193	test-rmse:0.349061+0.003954 
[69]	train-rmse:0.345219+0.001331	test-rmse:0.348639+0.003856 
[70]	train-rmse:0.344866+0.001161	test-rmse:0.348324+0.003936 
[71]	train-rmse:0.344482+0.001314	test-rmse:0.347978+0.003721 
[72]	train-rmse:0.344365+0.001332	test-rmse:0.347872+0.003689 
[73]	train-rmse:0.344003+0.001234	test-rmse:0.347542+0.003852 
[74]	train-rmse:0.343666+0.001309	test-rmse:0.347243+0.003954 
[75]	train-rmse:0.343322+0.001178	test-rmse:0.346938+0.004052 
[76]	train-rmse:0.342922+0.001252	test-rmse:0.346571+0.003884 
[77]	train-rmse:0.342563+0.001475	test-rmse:0.346256+0.003963 
[78]	train-rmse:0.342302+0.001556	test-rmse:0.346019+0.004030 
[79]	train-rmse:0.341781+0.001620	test-rmse:0.345544+0.003962 
[80]	train-rmse:0.341569+0.001796	test-rmse:0.345355+0.003982 
[81]	train-rmse:0.341151+0.001972	test-rmse:0.344987+0.004062 
[82]	train-rmse:0.340689+0.001716	test-rmse:0.344564+0.003962 
[83]	train-rmse:0.340487+0.001782	test-rmse:0.344389+0.004023 
[84]	train-rmse:0.340021+0.001621	test-rmse:0.343982+0.004193 
[85]	train-rmse:0.339814+0.001493	test-rmse:0.343788+0.004315 
[86]	train-rmse:0.339594+0.001362	test-rmse:0.343583+0.004304 
[87]	train-rmse:0.339146+0.001413	test-rmse:0.343177+0.004134 
[88]	train-rmse:0.338782+0.001449	test-rmse:0.342849+0.004216 
[89]	train-rmse:0.338437+0.001336	test-rmse:0.342535+0.004036 
[90]	train-rmse:0.338179+0.001272	test-rmse:0.342307+0.004086 
[91]	train-rmse:0.337715+0.001254	test-rmse:0.341891+0.004229 
[92]	train-rmse:0.337266+0.001088	test-rmse:0.341493+0.004159 
[93]	train-rmse:0.337176+0.001096	test-rmse:0.341412+0.004164 
[94]	train-rmse:0.336958+0.001279	test-rmse:0.341219+0.004215 
[95]	train-rmse:0.336738+0.001491	test-rmse:0.341025+0.004252 
[96]	train-rmse:0.336544+0.001720	test-rmse:0.340850+0.004298 
[97]	train-rmse:0.336322+0.001690	test-rmse:0.340642+0.004078 
[98]	train-rmse:0.336125+0.001582	test-rmse:0.340463+0.004194 
[99]	train-rmse:0.335678+0.001711	test-rmse:0.340062+0.004378 
[100]	train-rmse:0.335229+0.001829	test-rmse:0.339660+0.004333 
[101]	train-rmse:0.335010+0.001801	test-rmse:0.339464+0.004473 
[102]	train-rmse:0.334702+0.001773	test-rmse:0.339197+0.004628 
[103]	train-rmse:0.334144+0.001782	test-rmse:0.338696+0.004476 
[104]	train-rmse:0.333827+0.001727	test-rmse:0.338398+0.004407 
[105]	train-rmse:0.333618+0.001716	test-rmse:0.338206+0.004547 
[106]	train-rmse:0.333429+0.001558	test-rmse:0.338035+0.004558 
[107]	train-rmse:0.332755+0.001552	test-rmse:0.337427+0.004553 
[108]	train-rmse:0.332573+0.001613	test-rmse:0.337265+0.004702 
[109]	train-rmse:0.332266+0.001534	test-rmse:0.336983+0.004871 
[110]	train-rmse:0.332195+0.001540	test-rmse:0.336918+0.004873 
[111]	train-rmse:0.331864+0.001366	test-rmse:0.336632+0.004899 
[112]	train-rmse:0.331427+0.001420	test-rmse:0.336244+0.004956 
[113]	train-rmse:0.330995+0.001385	test-rmse:0.335863+0.005140 
[114]	train-rmse:0.330551+0.001509	test-rmse:0.335474+0.005203 
[115]	train-rmse:0.329879+0.001500	test-rmse:0.334876+0.005198 
[116]	train-rmse:0.329556+0.001379	test-rmse:0.334584+0.005135 
[117]	train-rmse:0.329253+0.001419	test-rmse:0.334313+0.004949 
[118]	train-rmse:0.329064+0.001341	test-rmse:0.334142+0.004977 
[119]	train-rmse:0.328885+0.001557	test-rmse:0.333983+0.005005 
[120]	train-rmse:0.328806+0.001546	test-rmse:0.333913+0.004991 
[121]	train-rmse:0.328623+0.001760	test-rmse:0.333754+0.005006 
[122]	train-rmse:0.328439+0.001783	test-rmse:0.333585+0.005145 
[123]	train-rmse:0.328259+0.001728	test-rmse:0.333421+0.005182 
[124]	train-rmse:0.328073+0.001588	test-rmse:0.333253+0.004975 
[125]	train-rmse:0.327652+0.001518	test-rmse:0.332881+0.005148 
[126]	train-rmse:0.327353+0.001318	test-rmse:0.332618+0.004941 
[127]	train-rmse:0.327044+0.001214	test-rmse:0.332344+0.004890 
[128]	train-rmse:0.326623+0.001313	test-rmse:0.331969+0.004949 
[129]	train-rmse:0.326319+0.001156	test-rmse:0.331700+0.004751 
[130]	train-rmse:0.325904+0.001169	test-rmse:0.331322+0.004605 
[131]	train-rmse:0.325605+0.001109	test-rmse:0.331047+0.004797 
[132]	train-rmse:0.325431+0.001330	test-rmse:0.330895+0.004817 
[133]	train-rmse:0.325249+0.001360	test-rmse:0.330732+0.004954 
[134]	train-rmse:0.325193+0.001355	test-rmse:0.330682+0.004952 
[135]	train-rmse:0.324898+0.001184	test-rmse:0.330412+0.004809 
[136]	train-rmse:0.324598+0.001105	test-rmse:0.330152+0.004849 
[137]	train-rmse:0.324305+0.001155	test-rmse:0.329889+0.005044 
[138]	train-rmse:0.324236+0.001154	test-rmse:0.329828+0.005039 
[139]	train-rmse:0.323941+0.000906	test-rmse:0.329570+0.004834 
[140]	train-rmse:0.323735+0.001101	test-rmse:0.329387+0.004867 
[141]	train-rmse:0.323451+0.001164	test-rmse:0.329129+0.005065 
[142]	train-rmse:0.323282+0.001101	test-rmse:0.328989+0.005056 
[143]	train-rmse:0.322985+0.001193	test-rmse:0.328725+0.005237 
[144]	train-rmse:0.322691+0.001402	test-rmse:0.328468+0.005374 
[145]	train-rmse:0.322400+0.001582	test-rmse:0.328213+0.005426 
[146]	train-rmse:0.321876+0.001770	test-rmse:0.327754+0.005612 
[147]	train-rmse:0.321461+0.001929	test-rmse:0.327386+0.005688 
[148]	train-rmse:0.321284+0.001977	test-rmse:0.327230+0.005815 
[149]	train-rmse:0.320880+0.001867	test-rmse:0.326884+0.005629 
[150]	train-rmse:0.320348+0.001833	test-rmse:0.326420+0.005556 
[151]	train-rmse:0.320178+0.001865	test-rmse:0.326263+0.005620 
[152]	train-rmse:0.319763+0.001867	test-rmse:0.325888+0.005499 
[153]	train-rmse:0.319474+0.002065	test-rmse:0.325632+0.005648 
[154]	train-rmse:0.319198+0.002056	test-rmse:0.325393+0.005754 
[155]	train-rmse:0.318808+0.002301	test-rmse:0.325041+0.005962 
[156]	train-rmse:0.318535+0.002414	test-rmse:0.324795+0.006149 
[157]	train-rmse:0.318240+0.002159	test-rmse:0.324542+0.005947 
[158]	train-rmse:0.317955+0.002042	test-rmse:0.324288+0.005884 
[159]	train-rmse:0.317663+0.001784	test-rmse:0.324036+0.005677 
[160]	train-rmse:0.317502+0.001896	test-rmse:0.323889+0.005820 
[161]	train-rmse:0.317341+0.002018	test-rmse:0.323745+0.005828 
[162]	train-rmse:0.317300+0.002017	test-rmse:0.323710+0.005828 
[163]	train-rmse:0.317134+0.001974	test-rmse:0.323578+0.005810 
[164]	train-rmse:0.316969+0.002083	test-rmse:0.323432+0.005946 
[165]	train-rmse:0.316927+0.002087	test-rmse:0.323396+0.005950 
[166]	train-rmse:0.316874+0.002097	test-rmse:0.323349+0.005959 
[167]	train-rmse:0.316485+0.002337	test-rmse:0.323002+0.006163 
[168]	train-rmse:0.316443+0.002328	test-rmse:0.322964+0.006156 
[169]	train-rmse:0.316286+0.002353	test-rmse:0.322823+0.006209 
[170]	train-rmse:0.315886+0.002136	test-rmse:0.322476+0.006061 
[171]	train-rmse:0.315485+0.001996	test-rmse:0.322132+0.005993 
[172]	train-rmse:0.315443+0.001987	test-rmse:0.322095+0.005984 
[173]	train-rmse:0.315171+0.001828	test-rmse:0.321849+0.005856 
[174]	train-rmse:0.315004+0.001964	test-rmse:0.321704+0.006001 
[175]	train-rmse:0.314845+0.001766	test-rmse:0.321558+0.005818 
[176]	train-rmse:0.314695+0.001845	test-rmse:0.321428+0.005816 
[177]	train-rmse:0.314411+0.001809	test-rmse:0.321173+0.005793 
[178]	train-rmse:0.314256+0.001739	test-rmse:0.321046+0.005773 
[179]	train-rmse:0.314095+0.001695	test-rmse:0.320917+0.005756 
[180]	train-rmse:0.313704+0.001743	test-rmse:0.320570+0.005721 
[181]	train-rmse:0.313320+0.001768	test-rmse:0.320241+0.005740 
[182]	train-rmse:0.313056+0.001923	test-rmse:0.320004+0.005937 
[183]	train-rmse:0.313016+0.001921	test-rmse:0.319970+0.005935 
[184]	train-rmse:0.312739+0.001969	test-rmse:0.319737+0.005919 
[185]	train-rmse:0.312353+0.002169	test-rmse:0.319400+0.006045 
[186]	train-rmse:0.312304+0.002171	test-rmse:0.319357+0.006046 
[187]	train-rmse:0.312035+0.002270	test-rmse:0.319133+0.006043 
[188]	train-rmse:0.311659+0.002296	test-rmse:0.318796+0.006002 
[189]	train-rmse:0.311394+0.002537	test-rmse:0.318564+0.006159 
[190]	train-rmse:0.310891+0.002419	test-rmse:0.318128+0.006128 
[191]	train-rmse:0.310517+0.002625	test-rmse:0.317798+0.006318 
[192]	train-rmse:0.310253+0.002594	test-rmse:0.317569+0.006290 
[193]	train-rmse:0.310100+0.002426	test-rmse:0.317432+0.006118 
[194]	train-rmse:0.309726+0.002324	test-rmse:0.317104+0.005986 
[195]	train-rmse:0.309449+0.002296	test-rmse:0.316857+0.005836 
[196]	train-rmse:0.309071+0.002256	test-rmse:0.316520+0.005854 
[197]	train-rmse:0.308810+0.002348	test-rmse:0.316297+0.005902 
[198]	train-rmse:0.308441+0.002479	test-rmse:0.315958+0.005900 
[199]	train-rmse:0.308173+0.002504	test-rmse:0.315731+0.005871 
[200]	train-rmse:0.307907+0.002533	test-rmse:0.315503+0.005737 
[201]	train-rmse:0.307644+0.002383	test-rmse:0.315270+0.005612 
[202]	train-rmse:0.307500+0.002498	test-rmse:0.315146+0.005753 
[203]	train-rmse:0.307349+0.002377	test-rmse:0.315026+0.005703 
[204]	train-rmse:0.307085+0.002411	test-rmse:0.314803+0.005803 
[205]	train-rmse:0.306940+0.002555	test-rmse:0.314677+0.005954 
[206]	train-rmse:0.306565+0.002565	test-rmse:0.314368+0.006090 
[207]	train-rmse:0.306408+0.002718	test-rmse:0.314229+0.006244 
[208]	train-rmse:0.305918+0.002623	test-rmse:0.313815+0.006243 
[209]	train-rmse:0.305774+0.002584	test-rmse:0.313689+0.006275 
[210]	train-rmse:0.305169+0.002574	test-rmse:0.313160+0.006262 
[211]	train-rmse:0.305026+0.002554	test-rmse:0.313033+0.006300 
[212]	train-rmse:0.304883+0.002727	test-rmse:0.312908+0.006449 
[213]	train-rmse:0.304516+0.002643	test-rmse:0.312585+0.006336 
[214]	train-rmse:0.304375+0.002720	test-rmse:0.312467+0.006340 
[215]	train-rmse:0.304233+0.002724	test-rmse:0.312345+0.006386 
[216]	train-rmse:0.304203+0.002725	test-rmse:0.312319+0.006386 
[217]	train-rmse:0.303947+0.002634	test-rmse:0.312110+0.006386 
[218]	train-rmse:0.303804+0.002487	test-rmse:0.311981+0.006231 
[219]	train-rmse:0.303664+0.002570	test-rmse:0.311861+0.006235 
[220]	train-rmse:0.303403+0.002482	test-rmse:0.311636+0.006237 
[221]	train-rmse:0.303035+0.002369	test-rmse:0.311322+0.006174 
[222]	train-rmse:0.302669+0.002457	test-rmse:0.310995+0.006174 
[223]	train-rmse:0.302410+0.002367	test-rmse:0.310776+0.006176 
[224]	train-rmse:0.302153+0.002302	test-rmse:0.310552+0.006030 
[225]	train-rmse:0.301900+0.002211	test-rmse:0.310339+0.006032 
[226]	train-rmse:0.301755+0.002247	test-rmse:0.310214+0.006090 
[227]	train-rmse:0.301601+0.002313	test-rmse:0.310078+0.006075 
[228]	train-rmse:0.301349+0.002296	test-rmse:0.309860+0.006057 
[229]	train-rmse:0.301215+0.002440	test-rmse:0.309739+0.006202 
[230]	train-rmse:0.300963+0.002383	test-rmse:0.309516+0.006054 
[231]	train-rmse:0.300717+0.002617	test-rmse:0.309305+0.006203 
[232]	train-rmse:0.300586+0.002766	test-rmse:0.309185+0.006356 
[233]	train-rmse:0.300558+0.002765	test-rmse:0.309160+0.006356 
[234]	train-rmse:0.300305+0.002750	test-rmse:0.308958+0.006320 
[235]	train-rmse:0.299949+0.002982	test-rmse:0.308647+0.006522 
[236]	train-rmse:0.299802+0.002878	test-rmse:0.308530+0.006469 
[237]	train-rmse:0.299330+0.002885	test-rmse:0.308127+0.006419 
[238]	train-rmse:0.298974+0.003002	test-rmse:0.307815+0.006436 
[239]	train-rmse:0.298726+0.002847	test-rmse:0.307596+0.006326 
[240]	train-rmse:0.298590+0.002829	test-rmse:0.307476+0.006363 
[241]	train-rmse:0.298450+0.002719	test-rmse:0.307368+0.006310 
[242]	train-rmse:0.298203+0.002736	test-rmse:0.307146+0.006319 
[243]	train-rmse:0.297957+0.002882	test-rmse:0.306937+0.006504 
[244]	train-rmse:0.297598+0.002727	test-rmse:0.306629+0.006308 
[245]	train-rmse:0.297569+0.002728	test-rmse:0.306605+0.006309 
[246]	train-rmse:0.297434+0.002887	test-rmse:0.306488+0.006457 
[247]	train-rmse:0.297190+0.002760	test-rmse:0.306287+0.006434 
[248]	train-rmse:0.296835+0.002729	test-rmse:0.305989+0.006423 
[249]	train-rmse:0.296698+0.002729	test-rmse:0.305877+0.006463 
[250]	train-rmse:0.296454+0.002727	test-rmse:0.305679+0.006419 
[251]	train-rmse:0.296100+0.002804	test-rmse:0.305386+0.006561 
[252]	train-rmse:0.296073+0.002803	test-rmse:0.305362+0.006560 
[253]	train-rmse:0.296048+0.002800	test-rmse:0.305341+0.006557 
[254]	train-rmse:0.296022+0.002799	test-rmse:0.305319+0.006557 
[255]	train-rmse:0.295674+0.003027	test-rmse:0.305013+0.006744 
[256]	train-rmse:0.295545+0.003047	test-rmse:0.304904+0.006787 
[257]	train-rmse:0.295084+0.002912	test-rmse:0.304515+0.006645 
[258]	train-rmse:0.294735+0.002903	test-rmse:0.304214+0.006682 
[259]	train-rmse:0.294385+0.002791	test-rmse:0.303920+0.006623 
[260]	train-rmse:0.294142+0.002671	test-rmse:0.303707+0.006530 
[261]	train-rmse:0.293801+0.002719	test-rmse:0.303409+0.006581 
[262]	train-rmse:0.293661+0.002617	test-rmse:0.303301+0.006527 
[263]	train-rmse:0.293418+0.002575	test-rmse:0.303111+0.006476 
[264]	train-rmse:0.293291+0.002415	test-rmse:0.302999+0.006337 
[265]	train-rmse:0.293159+0.002566	test-rmse:0.302880+0.006484 
[266]	train-rmse:0.293137+0.002566	test-rmse:0.302861+0.006485 
[267]	train-rmse:0.292905+0.002762	test-rmse:0.302662+0.006673 
[268]	train-rmse:0.292664+0.002525	test-rmse:0.302459+0.006480 
[269]	train-rmse:0.292640+0.002523	test-rmse:0.302439+0.006479 
[270]	train-rmse:0.292400+0.002301	test-rmse:0.302234+0.006296 
[271]	train-rmse:0.291844+0.002292	test-rmse:0.301763+0.006295 
[272]	train-rmse:0.291400+0.002274	test-rmse:0.301382+0.006304 
[273]	train-rmse:0.291156+0.002069	test-rmse:0.301190+0.006138 
[274]	train-rmse:0.290813+0.002230	test-rmse:0.300912+0.006281 
[275]	train-rmse:0.290577+0.002242	test-rmse:0.300717+0.006294 
[276]	train-rmse:0.290454+0.002406	test-rmse:0.300616+0.006425 
[277]	train-rmse:0.290330+0.002460	test-rmse:0.300511+0.006481 
[278]	train-rmse:0.290304+0.002456	test-rmse:0.300489+0.006478 
[279]	train-rmse:0.289969+0.002535	test-rmse:0.300203+0.006546 
[280]	train-rmse:0.289844+0.002697	test-rmse:0.300095+0.006682 
[281]	train-rmse:0.289396+0.002753	test-rmse:0.299723+0.006701 
[282]	train-rmse:0.289371+0.002754	test-rmse:0.299702+0.006702 
[283]	train-rmse:0.289245+0.002687	test-rmse:0.299594+0.006663 
[284]	train-rmse:0.289015+0.002503	test-rmse:0.299396+0.006510 
[285]	train-rmse:0.288991+0.002503	test-rmse:0.299376+0.006510 
[286]	train-rmse:0.288763+0.002732	test-rmse:0.299173+0.006715 
[287]	train-rmse:0.288536+0.002850	test-rmse:0.298977+0.006822 
[288]	train-rmse:0.288410+0.002818	test-rmse:0.298868+0.006795 
[289]	train-rmse:0.287969+0.002646	test-rmse:0.298492+0.006654 
[290]	train-rmse:0.287640+0.002660	test-rmse:0.298200+0.006634 
[291]	train-rmse:0.287408+0.002576	test-rmse:0.298011+0.006560 
[292]	train-rmse:0.287278+0.002513	test-rmse:0.297915+0.006512 
[293]	train-rmse:0.287257+0.002512	test-rmse:0.297898+0.006511 
[294]	train-rmse:0.287034+0.002677	test-rmse:0.297705+0.006634 
[295]	train-rmse:0.286798+0.002474	test-rmse:0.297504+0.006453 
[296]	train-rmse:0.286566+0.002452	test-rmse:0.297321+0.006450 
[297]	train-rmse:0.286444+0.002490	test-rmse:0.297215+0.006503 
[298]	train-rmse:0.286216+0.002387	test-rmse:0.297021+0.006439 
[299]	train-rmse:0.285988+0.002503	test-rmse:0.296838+0.006528 
[300]	train-rmse:0.285967+0.002503	test-rmse:0.296821+0.006528 
[301]	train-rmse:0.285747+0.002532	test-rmse:0.296637+0.006562 
[302]	train-rmse:0.285415+0.002627	test-rmse:0.296355+0.006627 
[303]	train-rmse:0.285193+0.002628	test-rmse:0.296162+0.006622 
[304]	train-rmse:0.284860+0.002612	test-rmse:0.295883+0.006602 
[305]	train-rmse:0.284631+0.002620	test-rmse:0.295690+0.006612 
[306]	train-rmse:0.284404+0.002652	test-rmse:0.295507+0.006626 
[307]	train-rmse:0.284071+0.002548	test-rmse:0.295232+0.006516 
[308]	train-rmse:0.283641+0.002492	test-rmse:0.294872+0.006455 
[309]	train-rmse:0.283319+0.002544	test-rmse:0.294590+0.006513 
[310]	train-rmse:0.282992+0.002569	test-rmse:0.294316+0.006487 
[311]	train-rmse:0.282666+0.002545	test-rmse:0.294054+0.006463 
[312]	train-rmse:0.282547+0.002597	test-rmse:0.293958+0.006516 
[313]	train-rmse:0.282327+0.002521	test-rmse:0.293765+0.006454 
[314]	train-rmse:0.282205+0.002391	test-rmse:0.293656+0.006339 
[315]	train-rmse:0.281880+0.002351	test-rmse:0.293395+0.006254 
[316]	train-rmse:0.281557+0.002385	test-rmse:0.293131+0.006238 
[317]	train-rmse:0.281541+0.002385	test-rmse:0.293117+0.006238 
[318]	train-rmse:0.281326+0.002356	test-rmse:0.292929+0.006191 
[319]	train-rmse:0.281206+0.002239	test-rmse:0.292829+0.006147 
[320]	train-rmse:0.280883+0.002285	test-rmse:0.292567+0.006129 
[321]	train-rmse:0.280561+0.002319	test-rmse:0.292304+0.006175 
[322]	train-rmse:0.280244+0.002159	test-rmse:0.292045+0.006084 
[323]	train-rmse:0.280022+0.002080	test-rmse:0.291864+0.005944 
[324]	train-rmse:0.279805+0.002277	test-rmse:0.291675+0.006140 
[325]	train-rmse:0.279286+0.002277	test-rmse:0.291244+0.006133 
[326]	train-rmse:0.279169+0.002421	test-rmse:0.291148+0.006260 
[327]	train-rmse:0.279054+0.002483	test-rmse:0.291051+0.006317 
[328]	train-rmse:0.279036+0.002487	test-rmse:0.291035+0.006321 
[329]	train-rmse:0.278814+0.002376	test-rmse:0.290856+0.006228 
[330]	train-rmse:0.278697+0.002446	test-rmse:0.290759+0.006284 
[331]	train-rmse:0.278683+0.002446	test-rmse:0.290747+0.006285 
[332]	train-rmse:0.278665+0.002447	test-rmse:0.290733+0.006286 
[333]	train-rmse:0.278444+0.002349	test-rmse:0.290556+0.006199 
[334]	train-rmse:0.278228+0.002117	test-rmse:0.290374+0.006049 
[335]	train-rmse:0.278013+0.001891	test-rmse:0.290200+0.005906 
[336]	train-rmse:0.277898+0.002030	test-rmse:0.290103+0.006035 
[337]	train-rmse:0.277678+0.001948	test-rmse:0.289931+0.005952 
[338]	train-rmse:0.277362+0.001999	test-rmse:0.289673+0.005937 
[339]	train-rmse:0.277046+0.002223	test-rmse:0.289411+0.006084 
[340]	train-rmse:0.276836+0.002405	test-rmse:0.289246+0.006179 
[341]	train-rmse:0.276724+0.002546	test-rmse:0.289156+0.006302 
[342]	train-rmse:0.276509+0.002464	test-rmse:0.288968+0.006253 
[343]	train-rmse:0.276096+0.002580	test-rmse:0.288621+0.006300 
[344]	train-rmse:0.275882+0.002535	test-rmse:0.288436+0.006252 
[345]	train-rmse:0.275769+0.002574	test-rmse:0.288347+0.006216 
[346]	train-rmse:0.275657+0.002702	test-rmse:0.288254+0.006341 
[347]	train-rmse:0.275547+0.002841	test-rmse:0.288165+0.006466 
[348]	train-rmse:0.275432+0.002886	test-rmse:0.288071+0.006520 
[349]	train-rmse:0.275123+0.002948	test-rmse:0.287814+0.006650 
[350]	train-rmse:0.275007+0.002854	test-rmse:0.287709+0.006548 
[351]	train-rmse:0.274889+0.002726	test-rmse:0.287612+0.006494 
[352]	train-rmse:0.274581+0.002801	test-rmse:0.287356+0.006486 
[353]	train-rmse:0.274468+0.002829	test-rmse:0.287271+0.006450 
[354]	train-rmse:0.274354+0.002749	test-rmse:0.287171+0.006356 
[355]	train-rmse:0.273947+0.002712	test-rmse:0.286830+0.006390 
[356]	train-rmse:0.273833+0.002741	test-rmse:0.286745+0.006353 
[357]	train-rmse:0.273726+0.002878	test-rmse:0.286649+0.006488 
[358]	train-rmse:0.273515+0.002670	test-rmse:0.286468+0.006340 
[359]	train-rmse:0.273404+0.002700	test-rmse:0.286374+0.006388 
[360]	train-rmse:0.273192+0.002589	test-rmse:0.286208+0.006293 
[361]	train-rmse:0.272888+0.002692	test-rmse:0.285951+0.006388 
[362]	train-rmse:0.272679+0.002667	test-rmse:0.285763+0.006352 
[363]	train-rmse:0.272374+0.002597	test-rmse:0.285520+0.006308 
[364]	train-rmse:0.272067+0.002719	test-rmse:0.285263+0.006414 
[365]	train-rmse:0.271765+0.002647	test-rmse:0.285003+0.006402 
[366]	train-rmse:0.271559+0.002651	test-rmse:0.284821+0.006376 
[367]	train-rmse:0.271448+0.002719	test-rmse:0.284728+0.006438 
[368]	train-rmse:0.271243+0.002791	test-rmse:0.284567+0.006451 
[369]	train-rmse:0.271229+0.002791	test-rmse:0.284556+0.006450 
[370]	train-rmse:0.271020+0.002727	test-rmse:0.284385+0.006454 
[371]	train-rmse:0.270912+0.002821	test-rmse:0.284293+0.006522 
[372]	train-rmse:0.270711+0.002864	test-rmse:0.284120+0.006505 
[373]	train-rmse:0.270511+0.002927	test-rmse:0.283945+0.006506 
[374]	train-rmse:0.270209+0.002880	test-rmse:0.283690+0.006463 
[375]	train-rmse:0.270003+0.002957	test-rmse:0.283532+0.006529 
[376]	train-rmse:0.269893+0.002904	test-rmse:0.283439+0.006452 
[377]	train-rmse:0.269497+0.002807	test-rmse:0.283102+0.006321 
[378]	train-rmse:0.269482+0.002806	test-rmse:0.283090+0.006320 
[379]	train-rmse:0.269369+0.002654	test-rmse:0.282992+0.006256 
[380]	train-rmse:0.269354+0.002653	test-rmse:0.282980+0.006255 
[381]	train-rmse:0.269061+0.002802	test-rmse:0.282731+0.006369 
[382]	train-rmse:0.268768+0.002867	test-rmse:0.282502+0.006324 
[383]	train-rmse:0.268564+0.002710	test-rmse:0.282345+0.006214 
[384]	train-rmse:0.268548+0.002708	test-rmse:0.282332+0.006213 
[385]	train-rmse:0.268346+0.002517	test-rmse:0.282171+0.006085 
[386]	train-rmse:0.268239+0.002646	test-rmse:0.282081+0.006166 
[387]	train-rmse:0.267943+0.002666	test-rmse:0.281844+0.006146 
[388]	train-rmse:0.267645+0.002606	test-rmse:0.281592+0.006091 
[389]	train-rmse:0.267449+0.002794	test-rmse:0.281430+0.006277 
[390]	train-rmse:0.267435+0.002792	test-rmse:0.281418+0.006276 
[391]	train-rmse:0.267327+0.002768	test-rmse:0.281324+0.006206 
[392]	train-rmse:0.266848+0.002752	test-rmse:0.280931+0.006190 
[393]	train-rmse:0.266653+0.002940	test-rmse:0.280770+0.006374 
[394]	train-rmse:0.266546+0.002922	test-rmse:0.280678+0.006310 
[395]	train-rmse:0.266251+0.002867	test-rmse:0.280438+0.006257 
[396]	train-rmse:0.266149+0.002999	test-rmse:0.280352+0.006340 
[397]	train-rmse:0.266042+0.002859	test-rmse:0.280261+0.006277 
[398]	train-rmse:0.265936+0.002839	test-rmse:0.280170+0.006211 
[399]	train-rmse:0.265738+0.002949	test-rmse:0.280015+0.006226 
[400]	train-rmse:0.265632+0.002990	test-rmse:0.279925+0.006327 
[401]	train-rmse:0.265157+0.002979	test-rmse:0.279539+0.006327 
[402]	train-rmse:0.264771+0.002999	test-rmse:0.279231+0.006395 
[403]	train-rmse:0.264568+0.002826	test-rmse:0.279054+0.006262 
[404]	train-rmse:0.264468+0.002959	test-rmse:0.278970+0.006342 
[405]	train-rmse:0.264188+0.003015	test-rmse:0.278740+0.006468 
[406]	train-rmse:0.264084+0.003064	test-rmse:0.278653+0.006568 
[407]	train-rmse:0.263979+0.003128	test-rmse:0.278571+0.006665 
[408]	train-rmse:0.263782+0.003227	test-rmse:0.278418+0.006691 
[409]	train-rmse:0.263683+0.003364	test-rmse:0.278331+0.006779 
[410]	train-rmse:0.263573+0.003335	test-rmse:0.278250+0.006721 
[411]	train-rmse:0.263379+0.003190	test-rmse:0.278093+0.006609 
[412]	train-rmse:0.263183+0.003385	test-rmse:0.277938+0.006785 
[413]	train-rmse:0.262710+0.003374	test-rmse:0.277558+0.006781 
[414]	train-rmse:0.262610+0.003430	test-rmse:0.277476+0.006877 
[415]	train-rmse:0.262510+0.003493	test-rmse:0.277394+0.006973 
[416]	train-rmse:0.262320+0.003568	test-rmse:0.277232+0.006981 
[417]	train-rmse:0.262035+0.003560	test-rmse:0.276999+0.006955 
[418]	train-rmse:0.261834+0.003497	test-rmse:0.276846+0.006835 
[419]	train-rmse:0.261642+0.003486	test-rmse:0.276687+0.006859 
[420]	train-rmse:0.261539+0.003616	test-rmse:0.276604+0.006938 
[421]	train-rmse:0.261071+0.003607	test-rmse:0.276229+0.006932 
[422]	train-rmse:0.260879+0.003436	test-rmse:0.276067+0.006808 
[423]	train-rmse:0.260502+0.003369	test-rmse:0.275770+0.006706 
[424]	train-rmse:0.260400+0.003336	test-rmse:0.275685+0.006644 
[425]	train-rmse:0.260206+0.003287	test-rmse:0.275536+0.006528 
[426]	train-rmse:0.259918+0.003106	test-rmse:0.275304+0.006347 
[427]	train-rmse:0.259818+0.003144	test-rmse:0.275220+0.006445 
[428]	train-rmse:0.259628+0.003173	test-rmse:0.275062+0.006484 
[429]	train-rmse:0.259616+0.003172	test-rmse:0.275053+0.006485 
[430]	train-rmse:0.259512+0.003024	test-rmse:0.274966+0.006421 
[431]	train-rmse:0.259232+0.003113	test-rmse:0.274746+0.006377 
[432]	train-rmse:0.259040+0.003091	test-rmse:0.274594+0.006262 
[433]	train-rmse:0.258765+0.003249	test-rmse:0.274371+0.006387 
[434]	train-rmse:0.258574+0.003241	test-rmse:0.274227+0.006284 
[435]	train-rmse:0.258214+0.003250	test-rmse:0.273934+0.006343 
[436]	train-rmse:0.258202+0.003250	test-rmse:0.273924+0.006344 
[437]	train-rmse:0.258104+0.003266	test-rmse:0.273837+0.006296 
[438]	train-rmse:0.258002+0.003293	test-rmse:0.273756+0.006256 
[439]	train-rmse:0.257723+0.003232	test-rmse:0.273530+0.006197 
[440]	train-rmse:0.257450+0.003352	test-rmse:0.273322+0.006304 
[441]	train-rmse:0.257262+0.003226	test-rmse:0.273174+0.006325 
[442]	train-rmse:0.257159+0.003072	test-rmse:0.273086+0.006257 
[443]	train-rmse:0.256882+0.003079	test-rmse:0.272862+0.006362 
[444]	train-rmse:0.256781+0.003052	test-rmse:0.272786+0.006299 
[445]	train-rmse:0.256770+0.003053	test-rmse:0.272778+0.006299 
[446]	train-rmse:0.256580+0.002890	test-rmse:0.272633+0.006181 
[447]	train-rmse:0.256305+0.002862	test-rmse:0.272419+0.006137 
[448]	train-rmse:0.256209+0.002854	test-rmse:0.272342+0.006086 
[449]	train-rmse:0.256028+0.002982	test-rmse:0.272197+0.006106 
[450]	train-rmse:0.255932+0.002992	test-rmse:0.272118+0.006062 
[451]	train-rmse:0.255749+0.003027	test-rmse:0.271963+0.006110 
[452]	train-rmse:0.255480+0.003192	test-rmse:0.271741+0.006242 
[453]	train-rmse:0.255470+0.003193	test-rmse:0.271733+0.006242 
[454]	train-rmse:0.255283+0.003288	test-rmse:0.271600+0.006255 
[455]	train-rmse:0.255096+0.003293	test-rmse:0.271451+0.006149 
[456]	train-rmse:0.254828+0.003413	test-rmse:0.271242+0.006256 
[457]	train-rmse:0.254734+0.003436	test-rmse:0.271159+0.006215 
[458]	train-rmse:0.254639+0.003465	test-rmse:0.271077+0.006178 
[459]	train-rmse:0.254200+0.003461	test-rmse:0.270731+0.006184 
[460]	train-rmse:0.254014+0.003342	test-rmse:0.270579+0.006081 
[461]	train-rmse:0.253834+0.003465	test-rmse:0.270437+0.006241 
[462]	train-rmse:0.253656+0.003339	test-rmse:0.270295+0.006269 
[463]	train-rmse:0.253559+0.003193	test-rmse:0.270219+0.006208 
[464]	train-rmse:0.253461+0.003170	test-rmse:0.270148+0.006145 
[465]	train-rmse:0.253272+0.002999	test-rmse:0.270009+0.006021 
[466]	train-rmse:0.253171+0.002992	test-rmse:0.269937+0.005960 
[467]	train-rmse:0.253076+0.003021	test-rmse:0.269859+0.005921 
[468]	train-rmse:0.252807+0.002986	test-rmse:0.269649+0.006020 
[469]	train-rmse:0.252711+0.003005	test-rmse:0.269573+0.006109 
[470]	train-rmse:0.252536+0.002969	test-rmse:0.269439+0.006116 
[471]	train-rmse:0.252272+0.003092	test-rmse:0.269230+0.006218 
[472]	train-rmse:0.252177+0.003109	test-rmse:0.269155+0.006181 
[473]	train-rmse:0.251999+0.003208	test-rmse:0.269018+0.006185 
[474]	train-rmse:0.251815+0.003223	test-rmse:0.268885+0.006218 
[475]	train-rmse:0.251723+0.003238	test-rmse:0.268806+0.006178 
[476]	train-rmse:0.251713+0.003238	test-rmse:0.268798+0.006179 
[477]	train-rmse:0.251620+0.003262	test-rmse:0.268726+0.006146 
[478]	train-rmse:0.251524+0.003108	test-rmse:0.268648+0.006081 
[479]	train-rmse:0.251435+0.003214	test-rmse:0.268578+0.006150 
[480]	train-rmse:0.251425+0.003213	test-rmse:0.268570+0.006150 
[481]	train-rmse:0.251335+0.003241	test-rmse:0.268495+0.006116 
[482]	train-rmse:0.251239+0.003257	test-rmse:0.268418+0.006204 
[483]	train-rmse:0.251148+0.003365	test-rmse:0.268345+0.006276 
[484]	train-rmse:0.250968+0.003465	test-rmse:0.268210+0.006291 
[485]	train-rmse:0.250869+0.003311	test-rmse:0.268135+0.006228 
[486]	train-rmse:0.250693+0.003442	test-rmse:0.267996+0.006387 
[487]	train-rmse:0.250600+0.003563	test-rmse:0.267921+0.006466 
[488]	train-rmse:0.250419+0.003672	test-rmse:0.267795+0.006475 
[489]	train-rmse:0.250238+0.003538	test-rmse:0.267654+0.006485 
[490]	train-rmse:0.250146+0.003558	test-rmse:0.267577+0.006574 
[491]	train-rmse:0.249806+0.003570	test-rmse:0.267306+0.006642 
[492]	train-rmse:0.249711+0.003600	test-rmse:0.267228+0.006733 
[493]	train-rmse:0.249447+0.003619	test-rmse:0.267028+0.006730 
[494]	train-rmse:0.249275+0.003740	test-rmse:0.266890+0.006765 
[495]	train-rmse:0.249015+0.003863	test-rmse:0.266696+0.006862 
[496]	train-rmse:0.248760+0.003965	test-rmse:0.266499+0.006837 
[497]	train-rmse:0.248588+0.004106	test-rmse:0.266358+0.006999 
[498]	train-rmse:0.248421+0.004222	test-rmse:0.266223+0.007033 
[499]	train-rmse:0.248324+0.004206	test-rmse:0.266159+0.006978 
[500]	train-rmse:0.248229+0.004198	test-rmse:0.266089+0.006921 
[501]	train-rmse:0.248049+0.004051	test-rmse:0.265955+0.006800 
[502]	train-rmse:0.247882+0.004165	test-rmse:0.265824+0.006829 
[503]	train-rmse:0.247791+0.004178	test-rmse:0.265751+0.006798 
[504]	train-rmse:0.247543+0.004316	test-rmse:0.265554+0.006915 
[505]	train-rmse:0.247368+0.004190	test-rmse:0.265412+0.006928 
[506]	train-rmse:0.247101+0.004045	test-rmse:0.265208+0.006770 
[507]	train-rmse:0.246841+0.003909	test-rmse:0.265011+0.006723 
[508]	train-rmse:0.246666+0.004012	test-rmse:0.264886+0.006741 
[509]	train-rmse:0.246571+0.004016	test-rmse:0.264818+0.006687 
[510]	train-rmse:0.246311+0.003879	test-rmse:0.264617+0.006531 
[511]	train-rmse:0.246140+0.003832	test-rmse:0.264477+0.006537 
[512]	train-rmse:0.246048+0.003842	test-rmse:0.264417+0.006488 
[513]	train-rmse:0.245955+0.003694	test-rmse:0.264347+0.006426 
[514]	train-rmse:0.245781+0.003554	test-rmse:0.264208+0.006327 
[515]	train-rmse:0.245530+0.003431	test-rmse:0.264004+0.006314 
[516]	train-rmse:0.245362+0.003553	test-rmse:0.263870+0.006468 
[517]	train-rmse:0.245354+0.003552	test-rmse:0.263863+0.006468 
[518]	train-rmse:0.244942+0.003538	test-rmse:0.263531+0.006465 
[519]	train-rmse:0.244767+0.003397	test-rmse:0.263409+0.006356 
[520]	train-rmse:0.244674+0.003254	test-rmse:0.263340+0.006301 
[521]	train-rmse:0.244426+0.003384	test-rmse:0.263142+0.006419 
[522]	train-rmse:0.244334+0.003243	test-rmse:0.263068+0.006360 
[523]	train-rmse:0.244248+0.003359	test-rmse:0.263005+0.006427 
[524]	train-rmse:0.243999+0.003349	test-rmse:0.262812+0.006513 
[525]	train-rmse:0.243825+0.003231	test-rmse:0.262671+0.006546 
[526]	train-rmse:0.243657+0.003124	test-rmse:0.262540+0.006576 
[527]	train-rmse:0.243408+0.003117	test-rmse:0.262339+0.006566 
[528]	train-rmse:0.243241+0.003128	test-rmse:0.262206+0.006596 
[529]	train-rmse:0.243148+0.003012	test-rmse:0.262130+0.006549 
[530]	train-rmse:0.242900+0.002910	test-rmse:0.261936+0.006541 
[531]	train-rmse:0.242658+0.003051	test-rmse:0.261739+0.006646 
[532]	train-rmse:0.242493+0.003180	test-rmse:0.261611+0.006677 
[533]	train-rmse:0.242405+0.003188	test-rmse:0.261536+0.006643 
[534]	train-rmse:0.242079+0.003290	test-rmse:0.261287+0.006700 
[535]	train-rmse:0.242070+0.003289	test-rmse:0.261281+0.006700 
[536]	train-rmse:0.241984+0.003306	test-rmse:0.261209+0.006670 
[537]	train-rmse:0.241821+0.003449	test-rmse:0.261077+0.006714 
[538]	train-rmse:0.241652+0.003430	test-rmse:0.260949+0.006617 
[539]	train-rmse:0.241405+0.003275	test-rmse:0.260758+0.006575 
[540]	train-rmse:0.241320+0.003395	test-rmse:0.260694+0.006643 
[541]	train-rmse:0.241076+0.003248	test-rmse:0.260510+0.006611 
[542]	train-rmse:0.240906+0.003093	test-rmse:0.260389+0.006503 
[543]	train-rmse:0.240663+0.002999	test-rmse:0.260192+0.006501 
[544]	train-rmse:0.240576+0.002884	test-rmse:0.260123+0.006458 
[545]	train-rmse:0.240405+0.002725	test-rmse:0.259992+0.006343 
[546]	train-rmse:0.240239+0.002634	test-rmse:0.259856+0.006272 
[547]	train-rmse:0.240150+0.002641	test-rmse:0.259789+0.006348 
[548]	train-rmse:0.239906+0.002504	test-rmse:0.259605+0.006209 
[549]	train-rmse:0.239747+0.002540	test-rmse:0.259485+0.006257 
[550]	train-rmse:0.239663+0.002576	test-rmse:0.259420+0.006233 
[551]	train-rmse:0.239428+0.002519	test-rmse:0.259234+0.006249 
[552]	train-rmse:0.239261+0.002571	test-rmse:0.259119+0.006238 
[553]	train-rmse:0.239100+0.002626	test-rmse:0.258989+0.006299 
[554]	train-rmse:0.239020+0.002727	test-rmse:0.258928+0.006355 
[555]	train-rmse:0.238861+0.002849	test-rmse:0.258804+0.006492 
[556]	train-rmse:0.238549+0.002953	test-rmse:0.258563+0.006536 
[557]	train-rmse:0.238467+0.003059	test-rmse:0.258502+0.006593 
[558]	train-rmse:0.238311+0.003203	test-rmse:0.258383+0.006626 
[559]	train-rmse:0.238145+0.003166	test-rmse:0.258263+0.006634 
[560]	train-rmse:0.238137+0.003166	test-rmse:0.258256+0.006634 
[561]	train-rmse:0.238059+0.003268	test-rmse:0.258199+0.006690 
[562]	train-rmse:0.237900+0.003256	test-rmse:0.258082+0.006606 
[563]	train-rmse:0.237815+0.003272	test-rmse:0.258014+0.006684 
[564]	train-rmse:0.237731+0.003310	test-rmse:0.257947+0.006665 
[565]	train-rmse:0.237334+0.003294	test-rmse:0.257651+0.006660 
[566]	train-rmse:0.237177+0.003438	test-rmse:0.257528+0.006704 
[567]	train-rmse:0.237096+0.003484	test-rmse:0.257465+0.006691 
[568]	train-rmse:0.237087+0.003483	test-rmse:0.257459+0.006691 
[569]	train-rmse:0.237007+0.003497	test-rmse:0.257393+0.006766 
[570]	train-rmse:0.236919+0.003370	test-rmse:0.257324+0.006716 
[571]	train-rmse:0.236836+0.003473	test-rmse:0.257262+0.006775 
[572]	train-rmse:0.236668+0.003302	test-rmse:0.257143+0.006660 
[573]	train-rmse:0.236508+0.003234	test-rmse:0.257010+0.006598 
[574]	train-rmse:0.236428+0.003337	test-rmse:0.256948+0.006658 
[575]	train-rmse:0.236184+0.003217	test-rmse:0.256764+0.006526 
[576]	train-rmse:0.235943+0.003224	test-rmse:0.256576+0.006516 
[577]	train-rmse:0.235706+0.003330	test-rmse:0.256398+0.006489 
[578]	train-rmse:0.235468+0.003171	test-rmse:0.256218+0.006449 
[579]	train-rmse:0.235388+0.003270	test-rmse:0.256161+0.006504 
[580]	train-rmse:0.235230+0.003326	test-rmse:0.256039+0.006566 
[581]	train-rmse:0.235070+0.003303	test-rmse:0.255916+0.006574 
[582]	train-rmse:0.234904+0.003139	test-rmse:0.255795+0.006459 
[583]	train-rmse:0.234669+0.003078	test-rmse:0.255622+0.006407 
[584]	train-rmse:0.234585+0.003042	test-rmse:0.255566+0.006340 
[585]	train-rmse:0.234501+0.003013	test-rmse:0.255509+0.006272 
[586]	train-rmse:0.234341+0.002882	test-rmse:0.255386+0.006301 
[587]	train-rmse:0.234257+0.002765	test-rmse:0.255326+0.006263 
[588]	train-rmse:0.234172+0.002735	test-rmse:0.255265+0.006191 
[589]	train-rmse:0.234165+0.002734	test-rmse:0.255260+0.006191 
[590]	train-rmse:0.234082+0.002778	test-rmse:0.255193+0.006172 
[591]	train-rmse:0.233922+0.002710	test-rmse:0.255068+0.006114 
[592]	train-rmse:0.233839+0.002697	test-rmse:0.255005+0.006185 
[593]	train-rmse:0.233760+0.002798	test-rmse:0.254942+0.006246 
[594]	train-rmse:0.233601+0.002871	test-rmse:0.254831+0.006234 
[595]	train-rmse:0.233519+0.002848	test-rmse:0.254779+0.006172 
[596]	train-rmse:0.233440+0.002954	test-rmse:0.254723+0.006228 
[597]	train-rmse:0.233278+0.002822	test-rmse:0.254598+0.006255 
[598]	train-rmse:0.233271+0.002822	test-rmse:0.254592+0.006255 
[599]	train-rmse:0.233042+0.002800	test-rmse:0.254429+0.006209 
[600]	train-rmse:0.232811+0.002880	test-rmse:0.254258+0.006265 
[601]	train-rmse:0.232582+0.002966	test-rmse:0.254088+0.006330 
[602]	train-rmse:0.232501+0.002959	test-rmse:0.254033+0.006268 
[603]	train-rmse:0.232193+0.002840	test-rmse:0.253808+0.006218 
[604]	train-rmse:0.231963+0.002852	test-rmse:0.253643+0.006198 
[605]	train-rmse:0.231737+0.002852	test-rmse:0.253471+0.006192 
[606]	train-rmse:0.231657+0.002852	test-rmse:0.253421+0.006135 
[607]	train-rmse:0.231434+0.002983	test-rmse:0.253262+0.006116 
[608]	train-rmse:0.231353+0.002968	test-rmse:0.253200+0.006187 
[609]	train-rmse:0.231276+0.003070	test-rmse:0.253147+0.006240 
[610]	train-rmse:0.231269+0.003069	test-rmse:0.253141+0.006240 
[611]	train-rmse:0.231117+0.003180	test-rmse:0.253029+0.006245 
[612]	train-rmse:0.230821+0.003159	test-rmse:0.252805+0.006273 
[613]	train-rmse:0.230742+0.003172	test-rmse:0.252743+0.006250 
[614]	train-rmse:0.230587+0.003061	test-rmse:0.252640+0.006156 
[615]	train-rmse:0.230365+0.003057	test-rmse:0.252468+0.006148 
[616]	train-rmse:0.230283+0.002939	test-rmse:0.252407+0.006107 
[617]	train-rmse:0.230205+0.002957	test-rmse:0.252348+0.006086 
[618]	train-rmse:0.230056+0.003074	test-rmse:0.252251+0.006082 
[619]	train-rmse:0.229828+0.002992	test-rmse:0.252079+0.005956 
[620]	train-rmse:0.229677+0.002986	test-rmse:0.251960+0.005972 
[621]	train-rmse:0.229599+0.002948	test-rmse:0.251900+0.006036 
[622]	train-rmse:0.229375+0.002964	test-rmse:0.251735+0.005994 
[623]	train-rmse:0.229296+0.002928	test-rmse:0.251673+0.006062 
[624]	train-rmse:0.229155+0.003001	test-rmse:0.251563+0.006186 
[625]	train-rmse:0.229076+0.002978	test-rmse:0.251504+0.006251 
[626]	train-rmse:0.228998+0.002871	test-rmse:0.251446+0.006215 
[627]	train-rmse:0.228919+0.002880	test-rmse:0.251399+0.006162 
[628]	train-rmse:0.228774+0.002891	test-rmse:0.251293+0.006180 
[629]	train-rmse:0.228620+0.002761	test-rmse:0.251170+0.006213 
[630]	train-rmse:0.228400+0.002787	test-rmse:0.251016+0.006180 
[631]	train-rmse:0.228324+0.002909	test-rmse:0.250961+0.006241 
[632]	train-rmse:0.227957+0.002899	test-rmse:0.250689+0.006229 
[633]	train-rmse:0.227739+0.002910	test-rmse:0.250526+0.006224 
[634]	train-rmse:0.227514+0.002817	test-rmse:0.250365+0.006104 
[635]	train-rmse:0.227364+0.002691	test-rmse:0.250256+0.006133 
[636]	train-rmse:0.227219+0.002780	test-rmse:0.250144+0.006261 
[637]	train-rmse:0.227065+0.002694	test-rmse:0.250033+0.006167 
[638]	train-rmse:0.226983+0.002704	test-rmse:0.249982+0.006111 
[639]	train-rmse:0.226904+0.002672	test-rmse:0.249924+0.006175 
[640]	train-rmse:0.226687+0.002689	test-rmse:0.249765+0.006176 
[641]	train-rmse:0.226471+0.002739	test-rmse:0.249608+0.006142 
[642]	train-rmse:0.226393+0.002719	test-rmse:0.249550+0.006113 
[643]	train-rmse:0.226173+0.002772	test-rmse:0.249390+0.006085 
[644]	train-rmse:0.226167+0.002772	test-rmse:0.249385+0.006085 
[645]	train-rmse:0.226095+0.002893	test-rmse:0.249335+0.006141 
[646]	train-rmse:0.226017+0.002820	test-rmse:0.249274+0.006115 
[647]	train-rmse:0.225870+0.002732	test-rmse:0.249164+0.006061 
[648]	train-rmse:0.225585+0.002745	test-rmse:0.248956+0.006095 
[649]	train-rmse:0.225298+0.002614	test-rmse:0.248755+0.006038 
[650]	train-rmse:0.225219+0.002627	test-rmse:0.248700+0.005972 
[651]	train-rmse:0.225075+0.002703	test-rmse:0.248589+0.006096 
[652]	train-rmse:0.225069+0.002703	test-rmse:0.248584+0.006096 
[653]	train-rmse:0.224994+0.002661	test-rmse:0.248531+0.006152 
[654]	train-rmse:0.224779+0.002576	test-rmse:0.248368+0.006033 
[655]	train-rmse:0.224706+0.002699	test-rmse:0.248315+0.006090 
[656]	train-rmse:0.224700+0.002699	test-rmse:0.248311+0.006090 
[657]	train-rmse:0.224485+0.002806	test-rmse:0.248155+0.006059 
[658]	train-rmse:0.224337+0.002756	test-rmse:0.248048+0.005974 
[659]	train-rmse:0.224059+0.002805	test-rmse:0.247844+0.005922 
[660]	train-rmse:0.223914+0.002722	test-rmse:0.247729+0.005945 
[661]	train-rmse:0.223839+0.002658	test-rmse:0.247670+0.005921 
[662]	train-rmse:0.223765+0.002603	test-rmse:0.247613+0.005979 
[663]	train-rmse:0.223548+0.002535	test-rmse:0.247455+0.005863 
[664]	train-rmse:0.223473+0.002478	test-rmse:0.247402+0.005920 
[665]	train-rmse:0.223189+0.002542	test-rmse:0.247195+0.005953 
[666]	train-rmse:0.223048+0.002474	test-rmse:0.247085+0.005981 
[667]	train-rmse:0.222904+0.002456	test-rmse:0.246990+0.005985 
[668]	train-rmse:0.222759+0.002336	test-rmse:0.246881+0.006026 
[669]	train-rmse:0.222753+0.002336	test-rmse:0.246877+0.006026 
[670]	train-rmse:0.222541+0.002301	test-rmse:0.246722+0.006007 
[671]	train-rmse:0.222330+0.002299	test-rmse:0.246567+0.006100 
[672]	train-rmse:0.222052+0.002381	test-rmse:0.246365+0.006139 
[673]	train-rmse:0.221977+0.002359	test-rmse:0.246308+0.006205 
[674]	train-rmse:0.221834+0.002316	test-rmse:0.246197+0.006241 
[675]	train-rmse:0.221693+0.002285	test-rmse:0.246091+0.006280 
[676]	train-rmse:0.221688+0.002285	test-rmse:0.246087+0.006280 
[677]	train-rmse:0.221478+0.002280	test-rmse:0.245936+0.006263 
[678]	train-rmse:0.221339+0.002383	test-rmse:0.245833+0.006381 
[679]	train-rmse:0.221203+0.002490	test-rmse:0.245730+0.006497 
[680]	train-rmse:0.221128+0.002504	test-rmse:0.245681+0.006440 
[681]	train-rmse:0.220919+0.002630	test-rmse:0.245535+0.006491 
[682]	train-rmse:0.220850+0.002728	test-rmse:0.245486+0.006537 
[683]	train-rmse:0.220706+0.002593	test-rmse:0.245377+0.006479 
[684]	train-rmse:0.220701+0.002593	test-rmse:0.245373+0.006480 
[685]	train-rmse:0.220495+0.002596	test-rmse:0.245218+0.006562 
[686]	train-rmse:0.220418+0.002611	test-rmse:0.245171+0.006507 
[687]	train-rmse:0.220213+0.002702	test-rmse:0.245034+0.006477 
[688]	train-rmse:0.220077+0.002824	test-rmse:0.244939+0.006472 
[689]	train-rmse:0.219871+0.002723	test-rmse:0.244791+0.006364 
[690]	train-rmse:0.219733+0.002620	test-rmse:0.244692+0.006395 
[691]	train-rmse:0.219460+0.002518	test-rmse:0.244498+0.006357 
[692]	train-rmse:0.219455+0.002518	test-rmse:0.244495+0.006357 
[693]	train-rmse:0.219380+0.002552	test-rmse:0.244446+0.006300 
[694]	train-rmse:0.219240+0.002418	test-rmse:0.244338+0.006245 
[695]	train-rmse:0.219101+0.002452	test-rmse:0.244246+0.006260 
[696]	train-rmse:0.218900+0.002551	test-rmse:0.244110+0.006221 
[697]	train-rmse:0.218830+0.002644	test-rmse:0.244060+0.006269 
[698]	train-rmse:0.218757+0.002686	test-rmse:0.244017+0.006218 
[699]	train-rmse:0.218688+0.002775	test-rmse:0.243970+0.006264 
[700]	train-rmse:0.218618+0.002751	test-rmse:0.243917+0.006239 
[701]	train-rmse:0.218480+0.002785	test-rmse:0.243829+0.006250 
[702]	train-rmse:0.218475+0.002785	test-rmse:0.243825+0.006250 
[703]	train-rmse:0.218336+0.002770	test-rmse:0.243726+0.006269 
[704]	train-rmse:0.218195+0.002637	test-rmse:0.243626+0.006217 
[705]	train-rmse:0.218058+0.002527	test-rmse:0.243531+0.006251 
[706]	train-rmse:0.217916+0.002397	test-rmse:0.243431+0.006201 
[707]	train-rmse:0.217712+0.002324	test-rmse:0.243290+0.006190 
[708]	train-rmse:0.217642+0.002318	test-rmse:0.243241+0.006251 
[709]	train-rmse:0.217569+0.002217	test-rmse:0.243186+0.006226 
[710]	train-rmse:0.217497+0.002217	test-rmse:0.243134+0.006290 
[711]	train-rmse:0.217354+0.002160	test-rmse:0.243040+0.006213 
[712]	train-rmse:0.217285+0.002119	test-rmse:0.242990+0.006188 
[713]	train-rmse:0.217214+0.002167	test-rmse:0.242948+0.006138 
[714]	train-rmse:0.216953+0.002112	test-rmse:0.242758+0.006195 
[715]	train-rmse:0.216814+0.001978	test-rmse:0.242656+0.006148 
[716]	train-rmse:0.216682+0.002067	test-rmse:0.242564+0.006251 
[717]	train-rmse:0.216614+0.002036	test-rmse:0.242516+0.006229 
[718]	train-rmse:0.216547+0.002128	test-rmse:0.242475+0.006264 
[719]	train-rmse:0.216475+0.002164	test-rmse:0.242429+0.006206 
[720]	train-rmse:0.216339+0.002203	test-rmse:0.242339+0.006218 
[721]	train-rmse:0.216271+0.002292	test-rmse:0.242294+0.006258 
[722]	train-rmse:0.216139+0.002383	test-rmse:0.242200+0.006364 
[723]	train-rmse:0.216070+0.002390	test-rmse:0.242148+0.006430 
[724]	train-rmse:0.215869+0.002420	test-rmse:0.242012+0.006402 
[725]	train-rmse:0.215669+0.002374	test-rmse:0.241858+0.006399 
[726]	train-rmse:0.215600+0.002336	test-rmse:0.241804+0.006372 
[727]	train-rmse:0.215463+0.002207	test-rmse:0.241703+0.006326 
[728]	train-rmse:0.215198+0.002112	test-rmse:0.241516+0.006295 
[729]	train-rmse:0.215133+0.002203	test-rmse:0.241467+0.006339 
[730]	train-rmse:0.214999+0.002083	test-rmse:0.241361+0.006292 
[731]	train-rmse:0.214804+0.002184	test-rmse:0.241222+0.006262 
[732]	train-rmse:0.214735+0.002217	test-rmse:0.241179+0.006206 
[733]	train-rmse:0.214603+0.002184	test-rmse:0.241076+0.006256 
[734]	train-rmse:0.214341+0.002152	test-rmse:0.240881+0.006318 
[735]	train-rmse:0.214143+0.002066	test-rmse:0.240733+0.006212 
[736]	train-rmse:0.214074+0.002101	test-rmse:0.240694+0.006162 
[737]	train-rmse:0.214068+0.002101	test-rmse:0.240691+0.006162 
[738]	train-rmse:0.214001+0.002193	test-rmse:0.240642+0.006207 
[739]	train-rmse:0.213873+0.002274	test-rmse:0.240548+0.006228 
[740]	train-rmse:0.213745+0.002360	test-rmse:0.240459+0.006254 
[741]	train-rmse:0.213551+0.002289	test-rmse:0.240320+0.006158 
[742]	train-rmse:0.213482+0.002194	test-rmse:0.240265+0.006134 
[743]	train-rmse:0.213414+0.002103	test-rmse:0.240214+0.006112 
[744]	train-rmse:0.213285+0.002229	test-rmse:0.240132+0.006099 
[745]	train-rmse:0.213027+0.002236	test-rmse:0.239957+0.006122 
[746]	train-rmse:0.212960+0.002225	test-rmse:0.239905+0.006104 
[747]	train-rmse:0.212956+0.002225	test-rmse:0.239902+0.006104 
[748]	train-rmse:0.212826+0.002322	test-rmse:0.239811+0.006131 
[749]	train-rmse:0.212697+0.002285	test-rmse:0.239719+0.006175 
[750]	train-rmse:0.212508+0.002408	test-rmse:0.239593+0.006149 
[751]	train-rmse:0.212443+0.002417	test-rmse:0.239548+0.006137 
[752]	train-rmse:0.212438+0.002416	test-rmse:0.239545+0.006137 
[753]	train-rmse:0.212373+0.002509	test-rmse:0.239499+0.006181 
[754]	train-rmse:0.212241+0.002547	test-rmse:0.239413+0.006114 
[755]	train-rmse:0.212173+0.002455	test-rmse:0.239365+0.006092 
[756]	train-rmse:0.212109+0.002415	test-rmse:0.239317+0.006147 
[757]	train-rmse:0.211977+0.002353	test-rmse:0.239224+0.006062 
[758]	train-rmse:0.211911+0.002365	test-rmse:0.239173+0.006049 
[759]	train-rmse:0.211661+0.002410	test-rmse:0.239003+0.006009 
[760]	train-rmse:0.211530+0.002270	test-rmse:0.238907+0.006047 
[761]	train-rmse:0.211402+0.002198	test-rmse:0.238813+0.006015 
[762]	train-rmse:0.211271+0.002250	test-rmse:0.238724+0.005940 
[763]	train-rmse:0.211081+0.002281	test-rmse:0.238595+0.005901 
[764]	train-rmse:0.210951+0.002140	test-rmse:0.238507+0.005935 
[765]	train-rmse:0.210947+0.002140	test-rmse:0.238504+0.005935 
[766]	train-rmse:0.210880+0.002179	test-rmse:0.238466+0.005882 
[767]	train-rmse:0.210693+0.002181	test-rmse:0.238340+0.005872 
[768]	train-rmse:0.210689+0.002181	test-rmse:0.238337+0.005872 
[769]	train-rmse:0.210562+0.002246	test-rmse:0.238258+0.005812 
[770]	train-rmse:0.210495+0.002160	test-rmse:0.238211+0.005792 
[771]	train-rmse:0.210366+0.002014	test-rmse:0.238119+0.005833 
[772]	train-rmse:0.210298+0.001930	test-rmse:0.238073+0.005816 
[773]	train-rmse:0.210171+0.001889	test-rmse:0.237984+0.005854 
[774]	train-rmse:0.209985+0.001821	test-rmse:0.237850+0.005929 
[775]	train-rmse:0.209801+0.001957	test-rmse:0.237727+0.005903 
[776]	train-rmse:0.209677+0.001981	test-rmse:0.237639+0.005997 
[777]	train-rmse:0.209494+0.001994	test-rmse:0.237502+0.006005 
[778]	train-rmse:0.209367+0.002050	test-rmse:0.237414+0.005933 
[779]	train-rmse:0.209242+0.002049	test-rmse:0.237324+0.005953 
[780]	train-rmse:0.209178+0.002134	test-rmse:0.237286+0.005987 
[781]	train-rmse:0.209118+0.002217	test-rmse:0.237243+0.006028 
[782]	train-rmse:0.209055+0.002307	test-rmse:0.237208+0.006061 
[783]	train-rmse:0.208989+0.002334	test-rmse:0.237171+0.006008 
[784]	train-rmse:0.208869+0.002435	test-rmse:0.237089+0.006037 
[785]	train-rmse:0.208865+0.002435	test-rmse:0.237086+0.006037 
[786]	train-rmse:0.208798+0.002464	test-rmse:0.237047+0.005982 
[787]	train-rmse:0.208550+0.002427	test-rmse:0.236880+0.006038 
[788]	train-rmse:0.208485+0.002367	test-rmse:0.236831+0.006091 
[789]	train-rmse:0.208423+0.002384	test-rmse:0.236783+0.006081 
[790]	train-rmse:0.208185+0.002453	test-rmse:0.236618+0.006101 
[791]	train-rmse:0.208122+0.002479	test-rmse:0.236583+0.006051 
[792]	train-rmse:0.208058+0.002428	test-rmse:0.236539+0.006099 
[793]	train-rmse:0.207996+0.002513	test-rmse:0.236496+0.006140 
[794]	train-rmse:0.207931+0.002431	test-rmse:0.236448+0.006120 
[795]	train-rmse:0.207810+0.002543	test-rmse:0.236375+0.006112 
[796]	train-rmse:0.207806+0.002542	test-rmse:0.236372+0.006112 
[797]	train-rmse:0.207743+0.002557	test-rmse:0.236322+0.006102 
[798]	train-rmse:0.207618+0.002496	test-rmse:0.236229+0.006073 
[799]	train-rmse:0.207554+0.002524	test-rmse:0.236192+0.006019 
[800]	train-rmse:0.207489+0.002548	test-rmse:0.236147+0.006012 
[801]	train-rmse:0.207366+0.002411	test-rmse:0.236057+0.006044 
[802]	train-rmse:0.207301+0.002335	test-rmse:0.236010+0.006026 
[803]	train-rmse:0.207297+0.002334	test-rmse:0.236007+0.006026 
[804]	train-rmse:0.207170+0.002289	test-rmse:0.235921+0.005951 
[805]	train-rmse:0.207105+0.002325	test-rmse:0.235884+0.005899 
[806]	train-rmse:0.207040+0.002255	test-rmse:0.235838+0.005883 
[807]	train-rmse:0.206864+0.002286	test-rmse:0.235711+0.005965 
[808]	train-rmse:0.206800+0.002217	test-rmse:0.235673+0.005953 
[809]	train-rmse:0.206620+0.002253	test-rmse:0.235556+0.005963 
[810]	train-rmse:0.206617+0.002253	test-rmse:0.235553+0.005964 
[811]	train-rmse:0.206554+0.002279	test-rmse:0.235509+0.005956 
[812]	train-rmse:0.206493+0.002359	test-rmse:0.235468+0.005994 
[813]	train-rmse:0.206369+0.002312	test-rmse:0.235388+0.005984 
[814]	train-rmse:0.206187+0.002298	test-rmse:0.235272+0.005909 
[815]	train-rmse:0.205950+0.002372	test-rmse:0.235122+0.005867 
[816]	train-rmse:0.205889+0.002400	test-rmse:0.235080+0.005861 
[817]	train-rmse:0.205766+0.002261	test-rmse:0.234994+0.005897 
[818]	train-rmse:0.205588+0.002394	test-rmse:0.234877+0.005870 
[819]	train-rmse:0.205409+0.002530	test-rmse:0.234760+0.005847 
[820]	train-rmse:0.205350+0.002601	test-rmse:0.234720+0.005885 
[821]	train-rmse:0.205286+0.002542	test-rmse:0.234680+0.005871 
[822]	train-rmse:0.205226+0.002618	test-rmse:0.234639+0.005911 
[823]	train-rmse:0.205102+0.002592	test-rmse:0.234567+0.005845 
[824]	train-rmse:0.204867+0.002513	test-rmse:0.234408+0.005813 
[825]	train-rmse:0.204807+0.002465	test-rmse:0.234373+0.005803 
[826]	train-rmse:0.204745+0.002381	test-rmse:0.234327+0.005851 
[827]	train-rmse:0.204684+0.002334	test-rmse:0.234283+0.005839 
[828]	train-rmse:0.204508+0.002347	test-rmse:0.234167+0.005770 
[829]	train-rmse:0.204331+0.002284	test-rmse:0.234044+0.005846 
[830]	train-rmse:0.204211+0.002271	test-rmse:0.233964+0.005831 
[831]	train-rmse:0.203979+0.002299	test-rmse:0.233806+0.005848 
[832]	train-rmse:0.203795+0.002196	test-rmse:0.233691+0.005831 
[833]	train-rmse:0.203737+0.002265	test-rmse:0.233650+0.005868 
[834]	train-rmse:0.203677+0.002290	test-rmse:0.233611+0.005862 
[835]	train-rmse:0.203615+0.002252	test-rmse:0.233569+0.005854 
[836]	train-rmse:0.203495+0.002248	test-rmse:0.233495+0.005792 
[837]	train-rmse:0.203380+0.002306	test-rmse:0.233423+0.005737 
[838]	train-rmse:0.203320+0.002277	test-rmse:0.233385+0.005730 
[839]	train-rmse:0.203261+0.002306	test-rmse:0.233347+0.005724 
[840]	train-rmse:0.203199+0.002342	test-rmse:0.233314+0.005672 
[841]	train-rmse:0.203026+0.002468	test-rmse:0.233200+0.005643 
[842]	train-rmse:0.202852+0.002465	test-rmse:0.233078+0.005671 
[843]	train-rmse:0.202849+0.002465	test-rmse:0.233075+0.005671 
[844]	train-rmse:0.202790+0.002493	test-rmse:0.233028+0.005666 
[845]	train-rmse:0.202673+0.002433	test-rmse:0.232943+0.005707 
[846]	train-rmse:0.202560+0.002525	test-rmse:0.232862+0.005738 
[847]	train-rmse:0.202386+0.002504	test-rmse:0.232749+0.005715 
[848]	train-rmse:0.202265+0.002365	test-rmse:0.232659+0.005748 
[849]	train-rmse:0.202262+0.002365	test-rmse:0.232657+0.005748 
[850]	train-rmse:0.202145+0.002382	test-rmse:0.232582+0.005774 
[851]	train-rmse:0.201974+0.002439	test-rmse:0.232470+0.005794 
[852]	train-rmse:0.201861+0.002526	test-rmse:0.232398+0.005784 
[853]	train-rmse:0.201746+0.002498	test-rmse:0.232319+0.005863 
[854]	train-rmse:0.201689+0.002532	test-rmse:0.232280+0.005861 
[855]	train-rmse:0.201629+0.002443	test-rmse:0.232236+0.005905 
[856]	train-rmse:0.201454+0.002450	test-rmse:0.232123+0.005916 
[857]	train-rmse:0.201342+0.002473	test-rmse:0.232055+0.005931 
[858]	train-rmse:0.201115+0.002441	test-rmse:0.231900+0.005998 
[859]	train-rmse:0.201001+0.002471	test-rmse:0.231823+0.006023 
[860]	train-rmse:0.200889+0.002561	test-rmse:0.231755+0.006013 
[861]	train-rmse:0.200716+0.002461	test-rmse:0.231649+0.005995 
[862]	train-rmse:0.200542+0.002425	test-rmse:0.231534+0.005974 
[863]	train-rmse:0.200372+0.002483	test-rmse:0.231418+0.005994 
[864]	train-rmse:0.200258+0.002515	test-rmse:0.231339+0.006020 
[865]	train-rmse:0.200198+0.002427	test-rmse:0.231295+0.006064 
[866]	train-rmse:0.200030+0.002488	test-rmse:0.231185+0.006044 
[867]	train-rmse:0.199914+0.002419	test-rmse:0.231102+0.006080 
[868]	train-rmse:0.199795+0.002353	test-rmse:0.231029+0.006066 
[869]	train-rmse:0.199687+0.002444	test-rmse:0.230956+0.006095 
[870]	train-rmse:0.199628+0.002472	test-rmse:0.230914+0.006091 
[871]	train-rmse:0.199511+0.002455	test-rmse:0.230843+0.006161 
[872]	train-rmse:0.199282+0.002377	test-rmse:0.230692+0.006142 
[873]	train-rmse:0.199279+0.002376	test-rmse:0.230690+0.006142 
[874]	train-rmse:0.199218+0.002400	test-rmse:0.230655+0.006087 
[875]	train-rmse:0.199161+0.002472	test-rmse:0.230619+0.006120 
[876]	train-rmse:0.199049+0.002568	test-rmse:0.230547+0.006105 
[877]	train-rmse:0.198934+0.002548	test-rmse:0.230463+0.006090 
[878]	train-rmse:0.198931+0.002548	test-rmse:0.230461+0.006090 
[879]	train-rmse:0.198873+0.002576	test-rmse:0.230421+0.006087 
[880]	train-rmse:0.198870+0.002576	test-rmse:0.230419+0.006087 
[881]	train-rmse:0.198758+0.002677	test-rmse:0.230348+0.006118 
[882]	train-rmse:0.198593+0.002691	test-rmse:0.230243+0.006055 
[883]	train-rmse:0.198534+0.002716	test-rmse:0.230211+0.006003 
[884]	train-rmse:0.198369+0.002687	test-rmse:0.230096+0.005992 
[885]	train-rmse:0.198315+0.002722	test-rmse:0.230059+0.005991 
[886]	train-rmse:0.198207+0.002675	test-rmse:0.229981+0.006032 
[887]	train-rmse:0.198041+0.002696	test-rmse:0.229877+0.006101 
[888]	train-rmse:0.197929+0.002764	test-rmse:0.229810+0.006047 
[889]	train-rmse:0.197757+0.002658	test-rmse:0.229699+0.006023 
[890]	train-rmse:0.197541+0.002732	test-rmse:0.229567+0.005998 
[891]	train-rmse:0.197537+0.002732	test-rmse:0.229564+0.005998 
[892]	train-rmse:0.197482+0.002761	test-rmse:0.229536+0.005954 
[893]	train-rmse:0.197424+0.002795	test-rmse:0.229502+0.005899 
[894]	train-rmse:0.197421+0.002795	test-rmse:0.229499+0.005899 
[895]	train-rmse:0.197365+0.002749	test-rmse:0.229463+0.005887 
[896]	train-rmse:0.197255+0.002756	test-rmse:0.229394+0.005904 
[897]	train-rmse:0.197089+0.002786	test-rmse:0.229276+0.005837 
[898]	train-rmse:0.197036+0.002835	test-rmse:0.229247+0.005863 
[899]	train-rmse:0.196979+0.002871	test-rmse:0.229214+0.005810 
[900]	train-rmse:0.196919+0.002831	test-rmse:0.229170+0.005799 
[901]	train-rmse:0.196757+0.002831	test-rmse:0.229067+0.005866 
[902]	train-rmse:0.196700+0.002866	test-rmse:0.229037+0.005818 
[903]	train-rmse:0.196640+0.002826	test-rmse:0.228993+0.005806 
[904]	train-rmse:0.196526+0.002772	test-rmse:0.228921+0.005797 
[905]	train-rmse:0.196308+0.002734	test-rmse:0.228786+0.005800 
[906]	train-rmse:0.196305+0.002734	test-rmse:0.228784+0.005800 
[907]	train-rmse:0.196143+0.002858	test-rmse:0.228688+0.005785 
[908]	train-rmse:0.195982+0.002862	test-rmse:0.228587+0.005813 
[909]	train-rmse:0.195928+0.002890	test-rmse:0.228553+0.005813 
[910]	train-rmse:0.195714+0.002837	test-rmse:0.228415+0.005799 
[911]	train-rmse:0.195603+0.002842	test-rmse:0.228348+0.005737 
[912]	train-rmse:0.195335+0.002834	test-rmse:0.228169+0.005748 
[913]	train-rmse:0.195281+0.002866	test-rmse:0.228132+0.005748 
[914]	train-rmse:0.195225+0.002901	test-rmse:0.228090+0.005748 
[915]	train-rmse:0.195116+0.002990	test-rmse:0.228024+0.005731 
[916]	train-rmse:0.194902+0.003031	test-rmse:0.227888+0.005747 
[917]	train-rmse:0.194848+0.003066	test-rmse:0.227851+0.005749 
[918]	train-rmse:0.194738+0.003067	test-rmse:0.227780+0.005686 
[919]	train-rmse:0.194581+0.003189	test-rmse:0.227676+0.005670 
[920]	train-rmse:0.194471+0.003137	test-rmse:0.227602+0.005713 
[921]	train-rmse:0.194204+0.003128	test-rmse:0.227428+0.005733 
[922]	train-rmse:0.194101+0.003211	test-rmse:0.227365+0.005720 
[923]	train-rmse:0.194048+0.003247	test-rmse:0.227332+0.005722 
[924]	train-rmse:0.193992+0.003296	test-rmse:0.227304+0.005678 
[925]	train-rmse:0.193885+0.003288	test-rmse:0.227234+0.005671 
[926]	train-rmse:0.193675+0.003252	test-rmse:0.227093+0.005641 
[927]	train-rmse:0.193672+0.003252	test-rmse:0.227091+0.005641 
[928]	train-rmse:0.193566+0.003211	test-rmse:0.227015+0.005687 
[929]	train-rmse:0.193511+0.003260	test-rmse:0.226986+0.005640 
[930]	train-rmse:0.193349+0.003267	test-rmse:0.226887+0.005632 
[931]	train-rmse:0.193292+0.003186	test-rmse:0.226850+0.005670 
[932]	train-rmse:0.193182+0.003060	test-rmse:0.226779+0.005696 
[933]	train-rmse:0.193126+0.002983	test-rmse:0.226746+0.005730 
[934]	train-rmse:0.193021+0.002961	test-rmse:0.226674+0.005744 
[935]	train-rmse:0.193018+0.002960	test-rmse:0.226672+0.005744 
[936]	train-rmse:0.192912+0.003055	test-rmse:0.226603+0.005691 
[937]	train-rmse:0.192909+0.003055	test-rmse:0.226601+0.005691 
[938]	train-rmse:0.192751+0.003070	test-rmse:0.226496+0.005690 
[939]	train-rmse:0.192598+0.003115	test-rmse:0.226404+0.005636 
[940]	train-rmse:0.192440+0.003048	test-rmse:0.226302+0.005618 
[941]	train-rmse:0.192385+0.002972	test-rmse:0.226266+0.005658 
[942]	train-rmse:0.192327+0.002896	test-rmse:0.226229+0.005698 
[943]	train-rmse:0.192174+0.002887	test-rmse:0.226133+0.005762 
[944]	train-rmse:0.192016+0.002897	test-rmse:0.226032+0.005778 
[945]	train-rmse:0.191913+0.002849	test-rmse:0.225966+0.005843 
[946]	train-rmse:0.191756+0.002747	test-rmse:0.225870+0.005895 
[947]	train-rmse:0.191655+0.002840	test-rmse:0.225811+0.005857 
[948]	train-rmse:0.191653+0.002840	test-rmse:0.225810+0.005857 
[949]	train-rmse:0.191650+0.002840	test-rmse:0.225808+0.005857 
[950]	train-rmse:0.191647+0.002840	test-rmse:0.225806+0.005857 
[951]	train-rmse:0.191493+0.002883	test-rmse:0.225715+0.005805 
[952]	train-rmse:0.191439+0.002814	test-rmse:0.225679+0.005845 
[953]	train-rmse:0.191342+0.002880	test-rmse:0.225621+0.005869 
[954]	train-rmse:0.191239+0.002856	test-rmse:0.225554+0.005915 
[955]	train-rmse:0.191134+0.002838	test-rmse:0.225494+0.005918 
[956]	train-rmse:0.191079+0.002773	test-rmse:0.225453+0.005964 
[957]	train-rmse:0.190978+0.002766	test-rmse:0.225385+0.005957 
[958]	train-rmse:0.190927+0.002784	test-rmse:0.225353+0.005980 
[959]	train-rmse:0.190725+0.002758	test-rmse:0.225224+0.005964 
[960]	train-rmse:0.190573+0.002798	test-rmse:0.225128+0.005907 
[961]	train-rmse:0.190420+0.002831	test-rmse:0.225027+0.005909 
[962]	train-rmse:0.190320+0.002895	test-rmse:0.224969+0.005889 
[963]	train-rmse:0.190173+0.003008	test-rmse:0.224887+0.005871 
[964]	train-rmse:0.190170+0.003008	test-rmse:0.224885+0.005871 
[965]	train-rmse:0.190063+0.002884	test-rmse:0.224819+0.005897 
[966]	train-rmse:0.190060+0.002884	test-rmse:0.224817+0.005897 
[967]	train-rmse:0.190007+0.002939	test-rmse:0.224788+0.005852 
[968]	train-rmse:0.189954+0.002953	test-rmse:0.224750+0.005878 
[969]	train-rmse:0.189853+0.003016	test-rmse:0.224689+0.005905 
[970]	train-rmse:0.189850+0.003016	test-rmse:0.224687+0.005905 
[971]	train-rmse:0.189797+0.002959	test-rmse:0.224651+0.005892 
[972]	train-rmse:0.189698+0.002952	test-rmse:0.224587+0.005887 
[973]	train-rmse:0.189643+0.002900	test-rmse:0.224549+0.005874 
[974]	train-rmse:0.189590+0.002831	test-rmse:0.224515+0.005912 
[975]	train-rmse:0.189438+0.002765	test-rmse:0.224419+0.005949 
[976]	train-rmse:0.189334+0.002727	test-rmse:0.224346+0.005963 
[977]	train-rmse:0.189283+0.002682	test-rmse:0.224312+0.005953 
[978]	train-rmse:0.189179+0.002661	test-rmse:0.224253+0.005945 
[979]	train-rmse:0.189129+0.002712	test-rmse:0.224219+0.005951 
[980]	train-rmse:0.188927+0.002755	test-rmse:0.224106+0.005980 
[981]	train-rmse:0.188875+0.002705	test-rmse:0.224074+0.005971 
[982]	train-rmse:0.188729+0.002761	test-rmse:0.223987+0.005925 
[983]	train-rmse:0.188678+0.002815	test-rmse:0.223955+0.005931 
[984]	train-rmse:0.188582+0.002879	test-rmse:0.223891+0.005958 
[985]	train-rmse:0.188579+0.002879	test-rmse:0.223890+0.005958 
[986]	train-rmse:0.188481+0.002866	test-rmse:0.223823+0.006007 
[987]	train-rmse:0.188333+0.002917	test-rmse:0.223737+0.005966 
[988]	train-rmse:0.188179+0.002849	test-rmse:0.223647+0.005949 
[989]	train-rmse:0.187979+0.002840	test-rmse:0.223525+0.005937 
[990]	train-rmse:0.187830+0.002881	test-rmse:0.223432+0.005936 
[991]	train-rmse:0.187728+0.002868	test-rmse:0.223371+0.005942 
[992]	train-rmse:0.187678+0.002865	test-rmse:0.223340+0.005961 
[993]	train-rmse:0.187579+0.002916	test-rmse:0.223286+0.005944 
[994]	train-rmse:0.187430+0.002909	test-rmse:0.223205+0.005956 
[995]	train-rmse:0.187326+0.002795	test-rmse:0.223138+0.005983 
[996]	train-rmse:0.187132+0.002740	test-rmse:0.223018+0.005987 
[997]	train-rmse:0.187035+0.002800	test-rmse:0.222961+0.005955 
[998]	train-rmse:0.186985+0.002805	test-rmse:0.222928+0.005976 
[999]	train-rmse:0.186736+0.002800	test-rmse:0.222787+0.005981 
[1000]	train-rmse:0.186734+0.002800	test-rmse:0.222786+0.005981 
[1001]	train-rmse:0.186731+0.002800	test-rmse:0.222784+0.005981 
[1002]	train-rmse:0.186628+0.002684	test-rmse:0.222717+0.006010 
[1003]	train-rmse:0.186477+0.002628	test-rmse:0.222624+0.005990 
[1004]	train-rmse:0.186427+0.002572	test-rmse:0.222588+0.006032 
[1005]	train-rmse:0.186284+0.002509	test-rmse:0.222492+0.006066 
[1006]	train-rmse:0.186234+0.002511	test-rmse:0.222463+0.006082 
[1007]	train-rmse:0.186090+0.002561	test-rmse:0.222383+0.006083 
[1008]	train-rmse:0.186041+0.002619	test-rmse:0.222357+0.006039 
[1009]	train-rmse:0.185893+0.002575	test-rmse:0.222270+0.006033 
[1010]	train-rmse:0.185846+0.002617	test-rmse:0.222244+0.006037 
[1011]	train-rmse:0.185704+0.002719	test-rmse:0.222165+0.006020 
[1012]	train-rmse:0.185564+0.002711	test-rmse:0.222075+0.006081 
[1013]	train-rmse:0.185513+0.002655	test-rmse:0.222046+0.006072 
[1014]	train-rmse:0.185323+0.002708	test-rmse:0.221934+0.006043 
[1015]	train-rmse:0.185176+0.002659	test-rmse:0.221846+0.006033 
[1016]	train-rmse:0.185173+0.002659	test-rmse:0.221845+0.006033 
[1017]	train-rmse:0.185124+0.002719	test-rmse:0.221819+0.005992 
[1018]	train-rmse:0.185031+0.002822	test-rmse:0.221762+0.005950 
[1019]	train-rmse:0.184889+0.002812	test-rmse:0.221678+0.005963 
[1020]	train-rmse:0.184793+0.002756	test-rmse:0.221627+0.006011 
[1021]	train-rmse:0.184698+0.002748	test-rmse:0.221565+0.006007 
[1022]	train-rmse:0.184598+0.002688	test-rmse:0.221503+0.006064 
[1023]	train-rmse:0.184409+0.002686	test-rmse:0.221393+0.006069 
[1024]	train-rmse:0.184313+0.002681	test-rmse:0.221337+0.006105 
[1025]	train-rmse:0.184169+0.002575	test-rmse:0.221247+0.006151 
[1026]	train-rmse:0.184124+0.002620	test-rmse:0.221221+0.006155 
[1027]	train-rmse:0.184078+0.002669	test-rmse:0.221194+0.006160 
[1028]	train-rmse:0.183982+0.002676	test-rmse:0.221141+0.006114 
[1029]	train-rmse:0.183839+0.002733	test-rmse:0.221061+0.006072 
[1030]	train-rmse:0.183789+0.002726	test-rmse:0.221036+0.006086 
[1031]	train-rmse:0.183787+0.002726	test-rmse:0.221034+0.006086 
[1032]	train-rmse:0.183740+0.002682	test-rmse:0.221002+0.006078 
[1033]	train-rmse:0.183643+0.002582	test-rmse:0.220942+0.006107 
[1034]	train-rmse:0.183594+0.002526	test-rmse:0.220912+0.006144 
[1035]	train-rmse:0.183499+0.002539	test-rmse:0.220861+0.006097 
[1036]	train-rmse:0.183496+0.002539	test-rmse:0.220859+0.006097 
[1037]	train-rmse:0.183494+0.002539	test-rmse:0.220858+0.006097 
[1038]	train-rmse:0.183447+0.002588	test-rmse:0.220823+0.006104 
[1039]	train-rmse:0.183444+0.002588	test-rmse:0.220822+0.006104 
[1040]	train-rmse:0.183304+0.002641	test-rmse:0.220738+0.006105 
[1041]	train-rmse:0.183257+0.002630	test-rmse:0.220710+0.006120 
[1042]	train-rmse:0.183210+0.002680	test-rmse:0.220676+0.006127 
[1043]	train-rmse:0.183120+0.002724	test-rmse:0.220624+0.006094 
[1044]	train-rmse:0.183118+0.002724	test-rmse:0.220623+0.006094 
[1045]	train-rmse:0.183026+0.002730	test-rmse:0.220562+0.006094 
[1046]	train-rmse:0.182887+0.002728	test-rmse:0.220481+0.006105 
[1047]	train-rmse:0.182749+0.002718	test-rmse:0.220395+0.006166 
[1048]	train-rmse:0.182655+0.002725	test-rmse:0.220347+0.006124 
[1049]	train-rmse:0.182563+0.002828	test-rmse:0.220297+0.006094 
[1050]	train-rmse:0.182379+0.002881	test-rmse:0.220191+0.006072 
[1051]	train-rmse:0.182240+0.002774	test-rmse:0.220104+0.006113 
[1052]	train-rmse:0.182103+0.002728	test-rmse:0.220027+0.006145 
[1053]	train-rmse:0.181965+0.002712	test-rmse:0.219944+0.006202 
[1054]	train-rmse:0.181872+0.002753	test-rmse:0.219896+0.006179 
[1055]	train-rmse:0.181822+0.002805	test-rmse:0.219874+0.006144 
[1056]	train-rmse:0.181820+0.002805	test-rmse:0.219873+0.006144 
[1057]	train-rmse:0.181727+0.002814	test-rmse:0.219818+0.006143 
[1058]	train-rmse:0.181640+0.002807	test-rmse:0.219762+0.006186 
[1059]	train-rmse:0.181597+0.002858	test-rmse:0.219736+0.006193 
[1060]	train-rmse:0.181551+0.002821	test-rmse:0.219710+0.006187 
[1061]	train-rmse:0.181413+0.002800	test-rmse:0.219628+0.006199 
[1062]	train-rmse:0.181321+0.002904	test-rmse:0.219573+0.006168 
[1063]	train-rmse:0.181273+0.002895	test-rmse:0.219545+0.006182 
[1064]	train-rmse:0.181224+0.002946	test-rmse:0.219526+0.006152 
[1065]	train-rmse:0.181179+0.002998	test-rmse:0.219499+0.006159 
[1066]	train-rmse:0.181085+0.002901	test-rmse:0.219447+0.006180 
[1067]	train-rmse:0.181039+0.002957	test-rmse:0.219422+0.006187 
[1068]	train-rmse:0.181037+0.002957	test-rmse:0.219421+0.006187 
[1069]	train-rmse:0.180990+0.003005	test-rmse:0.219398+0.006149 
[1070]	train-rmse:0.180766+0.002998	test-rmse:0.219268+0.006163 
[1071]	train-rmse:0.180627+0.002956	test-rmse:0.219191+0.006145 
[1072]	train-rmse:0.180536+0.002970	test-rmse:0.219141+0.006102 
[1073]	train-rmse:0.180534+0.002969	test-rmse:0.219140+0.006103 
[1074]	train-rmse:0.180443+0.002985	test-rmse:0.219085+0.006056 
[1075]	train-rmse:0.180398+0.003035	test-rmse:0.219060+0.006063 
[1076]	train-rmse:0.180306+0.002964	test-rmse:0.219004+0.006113 
[1077]	train-rmse:0.180214+0.002983	test-rmse:0.218951+0.006115 
[1078]	train-rmse:0.180167+0.003035	test-rmse:0.218926+0.006072 
[1079]	train-rmse:0.180122+0.003086	test-rmse:0.218904+0.006035 
[1080]	train-rmse:0.179985+0.003173	test-rmse:0.218827+0.006022 
[1081]	train-rmse:0.179897+0.003208	test-rmse:0.218770+0.006045 
[1082]	train-rmse:0.179851+0.003261	test-rmse:0.218745+0.006001 
[1083]	train-rmse:0.179763+0.003362	test-rmse:0.218701+0.005978 
[1084]	train-rmse:0.179675+0.003363	test-rmse:0.218653+0.005986 
[1085]	train-rmse:0.179630+0.003412	test-rmse:0.218625+0.005995 
[1086]	train-rmse:0.179542+0.003443	test-rmse:0.218579+0.006014 
[1087]	train-rmse:0.179453+0.003481	test-rmse:0.218528+0.006036 
[1088]	train-rmse:0.179451+0.003481	test-rmse:0.218527+0.006036 
[1089]	train-rmse:0.179356+0.003477	test-rmse:0.218482+0.006040 
[1090]	train-rmse:0.179264+0.003489	test-rmse:0.218434+0.005996 
[1091]	train-rmse:0.179171+0.003493	test-rmse:0.218383+0.006000 
[1092]	train-rmse:0.179125+0.003479	test-rmse:0.218358+0.006012 
[1093]	train-rmse:0.179076+0.003426	test-rmse:0.218332+0.006043 
[1094]	train-rmse:0.179032+0.003472	test-rmse:0.218303+0.006052 
[1095]	train-rmse:0.178940+0.003417	test-rmse:0.218243+0.006056 
[1096]	train-rmse:0.178938+0.003417	test-rmse:0.218242+0.006056 
[1097]	train-rmse:0.178804+0.003410	test-rmse:0.218171+0.006076 
[1098]	train-rmse:0.178711+0.003346	test-rmse:0.218117+0.006123 
[1099]	train-rmse:0.178663+0.003295	test-rmse:0.218089+0.006157 
[1100]	train-rmse:0.178568+0.003302	test-rmse:0.218034+0.006111 
[1101]	train-rmse:0.178479+0.003298	test-rmse:0.217973+0.006158 
[1102]	train-rmse:0.178391+0.003297	test-rmse:0.217921+0.006196 
[1103]	train-rmse:0.178346+0.003350	test-rmse:0.217900+0.006162 
[1104]	train-rmse:0.178172+0.003301	test-rmse:0.217801+0.006158 
[1105]	train-rmse:0.178086+0.003331	test-rmse:0.217750+0.006179 
[1106]	train-rmse:0.178001+0.003429	test-rmse:0.217706+0.006157 
[1107]	train-rmse:0.177954+0.003417	test-rmse:0.217677+0.006171 
[1108]	train-rmse:0.177821+0.003403	test-rmse:0.217595+0.006227 
[1109]	train-rmse:0.177735+0.003403	test-rmse:0.217540+0.006270 
[1110]	train-rmse:0.177645+0.003344	test-rmse:0.217490+0.006274 
[1111]	train-rmse:0.177557+0.003345	test-rmse:0.217439+0.006317 
[1112]	train-rmse:0.177515+0.003393	test-rmse:0.217413+0.006326 
[1113]	train-rmse:0.177429+0.003491	test-rmse:0.217366+0.006299 
[1114]	train-rmse:0.177343+0.003590	test-rmse:0.217318+0.006273 
[1115]	train-rmse:0.177215+0.003675	test-rmse:0.217249+0.006271 
[1116]	train-rmse:0.177127+0.003619	test-rmse:0.217199+0.006275 
[1117]	train-rmse:0.177087+0.003665	test-rmse:0.217173+0.006285 
[1118]	train-rmse:0.177002+0.003702	test-rmse:0.217128+0.006265 
[1119]	train-rmse:0.176873+0.003750	test-rmse:0.217065+0.006280 
[1120]	train-rmse:0.176833+0.003795	test-rmse:0.217042+0.006289 
[1121]	train-rmse:0.176831+0.003795	test-rmse:0.217041+0.006289 
[1122]	train-rmse:0.176788+0.003841	test-rmse:0.217022+0.006258 
[1123]	train-rmse:0.176702+0.003784	test-rmse:0.216974+0.006258 
[1124]	train-rmse:0.176574+0.003737	test-rmse:0.216895+0.006293 
[1125]	train-rmse:0.176530+0.003784	test-rmse:0.216873+0.006255 
[1126]	train-rmse:0.176404+0.003830	test-rmse:0.216807+0.006221 
[1127]	train-rmse:0.176278+0.003820	test-rmse:0.216734+0.006232 
[1128]	train-rmse:0.176193+0.003766	test-rmse:0.216682+0.006275 
[1129]	train-rmse:0.176191+0.003766	test-rmse:0.216681+0.006275 
[1130]	train-rmse:0.176189+0.003766	test-rmse:0.216680+0.006275 
[1131]	train-rmse:0.176059+0.003759	test-rmse:0.216614+0.006286 
[1132]	train-rmse:0.176019+0.003803	test-rmse:0.216596+0.006257 
[1133]	train-rmse:0.175932+0.003752	test-rmse:0.216548+0.006300 
[1134]	train-rmse:0.175844+0.003750	test-rmse:0.216496+0.006255 
[1135]	train-rmse:0.175842+0.003750	test-rmse:0.216495+0.006255 
[1136]	train-rmse:0.175799+0.003796	test-rmse:0.216468+0.006264 
[1137]	train-rmse:0.175797+0.003796	test-rmse:0.216467+0.006264 
[1138]	train-rmse:0.175714+0.003834	test-rmse:0.216422+0.006247 
[1139]	train-rmse:0.175542+0.003780	test-rmse:0.216334+0.006245 
[1140]	train-rmse:0.175451+0.003684	test-rmse:0.216274+0.006266 
[1141]	train-rmse:0.175407+0.003642	test-rmse:0.216248+0.006296 
[1142]	train-rmse:0.175281+0.003694	test-rmse:0.216179+0.006313 
[1143]	train-rmse:0.175154+0.003688	test-rmse:0.216111+0.006363 
[1144]	train-rmse:0.175152+0.003688	test-rmse:0.216110+0.006363 
[1145]	train-rmse:0.175109+0.003650	test-rmse:0.216083+0.006394 
[1146]	train-rmse:0.175025+0.003657	test-rmse:0.216027+0.006438 
[1147]	train-rmse:0.174937+0.003656	test-rmse:0.215978+0.006392 
[1148]	train-rmse:0.174936+0.003656	test-rmse:0.215977+0.006393 
[1149]	train-rmse:0.174893+0.003645	test-rmse:0.215955+0.006403 
[1150]	train-rmse:0.174853+0.003691	test-rmse:0.215937+0.006375 
[1151]	train-rmse:0.174769+0.003688	test-rmse:0.215893+0.006335 
[1152]	train-rmse:0.174644+0.003745	test-rmse:0.215827+0.006348 
[1153]	train-rmse:0.174520+0.003802	test-rmse:0.215757+0.006363 
[1154]	train-rmse:0.174518+0.003802	test-rmse:0.215755+0.006363 
[1155]	train-rmse:0.174349+0.003756	test-rmse:0.215667+0.006376 
[1156]	train-rmse:0.174184+0.003786	test-rmse:0.215572+0.006353 
[1157]	train-rmse:0.174019+0.003794	test-rmse:0.215469+0.006353 
[1158]	train-rmse:0.173895+0.003762	test-rmse:0.215393+0.006355 
[1159]	train-rmse:0.173809+0.003679	test-rmse:0.215341+0.006375 
[1160]	train-rmse:0.173727+0.003697	test-rmse:0.215305+0.006377 
[1161]	train-rmse:0.173685+0.003653	test-rmse:0.215284+0.006371 
[1162]	train-rmse:0.173601+0.003688	test-rmse:0.215243+0.006345 
[1163]	train-rmse:0.173478+0.003645	test-rmse:0.215164+0.006375 
[1164]	train-rmse:0.173396+0.003686	test-rmse:0.215119+0.006352 
[1165]	train-rmse:0.173355+0.003740	test-rmse:0.215103+0.006326 
[1166]	train-rmse:0.173271+0.003691	test-rmse:0.215055+0.006369 
[1167]	train-rmse:0.173190+0.003712	test-rmse:0.215006+0.006387 
[1168]	train-rmse:0.173144+0.003661	test-rmse:0.214977+0.006379 
[1169]	train-rmse:0.173020+0.003565	test-rmse:0.214913+0.006407 
[1170]	train-rmse:0.172860+0.003569	test-rmse:0.214820+0.006406 
[1171]	train-rmse:0.172736+0.003629	test-rmse:0.214746+0.006409 
[1172]	train-rmse:0.172691+0.003612	test-rmse:0.214719+0.006420 
[1173]	train-rmse:0.172648+0.003564	test-rmse:0.214693+0.006413 
[1174]	train-rmse:0.172527+0.003609	test-rmse:0.214634+0.006387 
[1175]	train-rmse:0.172441+0.003555	test-rmse:0.214589+0.006426 
[1176]	train-rmse:0.172440+0.003555	test-rmse:0.214588+0.006427 
[1177]	train-rmse:0.172356+0.003505	test-rmse:0.214544+0.006469 
[1178]	train-rmse:0.172354+0.003505	test-rmse:0.214543+0.006469 
[1179]	train-rmse:0.172239+0.003579	test-rmse:0.214483+0.006463 
[1180]	train-rmse:0.172155+0.003516	test-rmse:0.214442+0.006466 
[1181]	train-rmse:0.171996+0.003521	test-rmse:0.214356+0.006473 
[1182]	train-rmse:0.171914+0.003442	test-rmse:0.214303+0.006499 
[1183]	train-rmse:0.171873+0.003428	test-rmse:0.214283+0.006508 
[1184]	train-rmse:0.171835+0.003462	test-rmse:0.214260+0.006515 
[1185]	train-rmse:0.171714+0.003519	test-rmse:0.214204+0.006520 
[1186]	train-rmse:0.171676+0.003555	test-rmse:0.214182+0.006527 
[1187]	train-rmse:0.171555+0.003546	test-rmse:0.214116+0.006496 
[1188]	train-rmse:0.171437+0.003591	test-rmse:0.214058+0.006475 
[1189]	train-rmse:0.171319+0.003576	test-rmse:0.213989+0.006522 
[1190]	train-rmse:0.171238+0.003570	test-rmse:0.213946+0.006524 
[1191]	train-rmse:0.171156+0.003609	test-rmse:0.213908+0.006507 
[1192]	train-rmse:0.171113+0.003562	test-rmse:0.213882+0.006500 
[1193]	train-rmse:0.170994+0.003639	test-rmse:0.213821+0.006491 
[1194]	train-rmse:0.170873+0.003627	test-rmse:0.213758+0.006537 
[1195]	train-rmse:0.170796+0.003652	test-rmse:0.213711+0.006556 
[1196]	train-rmse:0.170678+0.003634	test-rmse:0.213646+0.006564 
[1197]	train-rmse:0.170596+0.003552	test-rmse:0.213603+0.006585 
[1198]	train-rmse:0.170595+0.003552	test-rmse:0.213602+0.006585 
[1199]	train-rmse:0.170593+0.003552	test-rmse:0.213601+0.006585 
[1200]	train-rmse:0.170555+0.003599	test-rmse:0.213585+0.006558 
[1201]	train-rmse:0.170514+0.003640	test-rmse:0.213564+0.006565 
[1202]	train-rmse:0.170435+0.003635	test-rmse:0.213515+0.006566 
[1203]	train-rmse:0.170357+0.003633	test-rmse:0.213472+0.006568 
[1204]	train-rmse:0.170199+0.003671	test-rmse:0.213387+0.006592 
[1205]	train-rmse:0.170197+0.003671	test-rmse:0.213386+0.006592 
[1206]	train-rmse:0.170113+0.003588	test-rmse:0.213335+0.006609 
[1207]	train-rmse:0.169994+0.003576	test-rmse:0.213270+0.006584 
[1208]	train-rmse:0.169918+0.003663	test-rmse:0.213234+0.006564 
[1209]	train-rmse:0.169838+0.003583	test-rmse:0.213182+0.006589 
[1210]	train-rmse:0.169754+0.003526	test-rmse:0.213137+0.006593 
[1211]	train-rmse:0.169677+0.003615	test-rmse:0.213105+0.006573 
[1212]	train-rmse:0.169634+0.003574	test-rmse:0.213082+0.006569 
[1213]	train-rmse:0.169471+0.003526	test-rmse:0.212996+0.006577 
[1214]	train-rmse:0.169397+0.003612	test-rmse:0.212958+0.006552 
[1215]	train-rmse:0.169321+0.003611	test-rmse:0.212910+0.006555 
[1216]	train-rmse:0.169320+0.003611	test-rmse:0.212909+0.006555 
[1217]	train-rmse:0.169204+0.003664	test-rmse:0.212854+0.006532 
[1218]	train-rmse:0.169160+0.003627	test-rmse:0.212830+0.006528 
[1219]	train-rmse:0.169159+0.003627	test-rmse:0.212829+0.006528 
[1220]	train-rmse:0.169080+0.003577	test-rmse:0.212784+0.006533 
[1221]	train-rmse:0.168921+0.003586	test-rmse:0.212694+0.006529 
[1222]	train-rmse:0.168801+0.003492	test-rmse:0.212631+0.006564 
[1223]	train-rmse:0.168758+0.003459	test-rmse:0.212606+0.006561 
[1224]	train-rmse:0.168718+0.003442	test-rmse:0.212584+0.006570 
[1225]	train-rmse:0.168638+0.003380	test-rmse:0.212535+0.006609 
[1226]	train-rmse:0.168559+0.003321	test-rmse:0.212487+0.006647 
[1227]	train-rmse:0.168450+0.003371	test-rmse:0.212426+0.006620 
[1228]	train-rmse:0.168367+0.003377	test-rmse:0.212388+0.006623 
[1229]	train-rmse:0.168327+0.003336	test-rmse:0.212363+0.006651 
[1230]	train-rmse:0.168248+0.003352	test-rmse:0.212321+0.006618 
[1231]	train-rmse:0.168172+0.003440	test-rmse:0.212291+0.006603 
[1232]	train-rmse:0.168092+0.003473	test-rmse:0.212253+0.006588 
[1233]	train-rmse:0.167979+0.003461	test-rmse:0.212188+0.006601 
[1234]	train-rmse:0.167943+0.003498	test-rmse:0.212171+0.006606 
[1235]	train-rmse:0.167826+0.003473	test-rmse:0.212108+0.006649 
[1236]	train-rmse:0.167751+0.003561	test-rmse:0.212075+0.006632 
[1237]	train-rmse:0.167710+0.003518	test-rmse:0.212053+0.006658 
[1238]	train-rmse:0.167594+0.003481	test-rmse:0.211991+0.006687 
[1239]	train-rmse:0.167556+0.003465	test-rmse:0.211968+0.006696 
[1240]	train-rmse:0.167445+0.003515	test-rmse:0.211910+0.006675 
[1241]	train-rmse:0.167407+0.003499	test-rmse:0.211892+0.006682 
[1242]	train-rmse:0.167290+0.003500	test-rmse:0.211835+0.006664 
[1243]	train-rmse:0.167179+0.003569	test-rmse:0.211782+0.006662 
[1244]	train-rmse:0.167177+0.003569	test-rmse:0.211782+0.006662 
[1245]	train-rmse:0.167176+0.003569	test-rmse:0.211781+0.006662 
[1246]	train-rmse:0.167064+0.003617	test-rmse:0.211729+0.006644 
[1247]	train-rmse:0.167025+0.003604	test-rmse:0.211711+0.006652 
[1248]	train-rmse:0.166949+0.003598	test-rmse:0.211674+0.006681 
[1249]	train-rmse:0.166871+0.003601	test-rmse:0.211638+0.006683 
[1250]	train-rmse:0.166795+0.003604	test-rmse:0.211601+0.006691 
[1251]	train-rmse:0.166720+0.003606	test-rmse:0.211561+0.006693 
[1252]	train-rmse:0.166608+0.003678	test-rmse:0.211510+0.006677 
[1253]	train-rmse:0.166534+0.003682	test-rmse:0.211474+0.006681 
[1254]	train-rmse:0.166461+0.003706	test-rmse:0.211439+0.006694 
[1255]	train-rmse:0.166422+0.003674	test-rmse:0.211418+0.006692 
[1256]	train-rmse:0.166348+0.003686	test-rmse:0.211388+0.006676 
[1257]	train-rmse:0.166313+0.003728	test-rmse:0.211377+0.006656 
[1258]	train-rmse:0.166273+0.003698	test-rmse:0.211353+0.006653 
[1259]	train-rmse:0.166233+0.003669	test-rmse:0.211330+0.006650 
[1260]	train-rmse:0.166195+0.003708	test-rmse:0.211313+0.006656 
[1261]	train-rmse:0.166121+0.003700	test-rmse:0.211273+0.006686 
[1262]	train-rmse:0.166082+0.003673	test-rmse:0.211254+0.006685 
[1263]	train-rmse:0.166003+0.003599	test-rmse:0.211216+0.006707 
[1264]	train-rmse:0.165964+0.003646	test-rmse:0.211202+0.006683 
[1265]	train-rmse:0.165890+0.003733	test-rmse:0.211170+0.006668 
[1266]	train-rmse:0.165816+0.003734	test-rmse:0.211133+0.006670 
[1267]	train-rmse:0.165712+0.003787	test-rmse:0.211081+0.006648 
[1268]	train-rmse:0.165637+0.003720	test-rmse:0.211041+0.006671 
[1269]	train-rmse:0.165563+0.003738	test-rmse:0.211004+0.006641 
[1270]	train-rmse:0.165452+0.003783	test-rmse:0.210948+0.006647 
[1271]	train-rmse:0.165378+0.003789	test-rmse:0.210906+0.006647 
[1272]	train-rmse:0.165304+0.003798	test-rmse:0.210869+0.006651 
[1273]	train-rmse:0.165231+0.003821	test-rmse:0.210836+0.006624 
[1274]	train-rmse:0.165192+0.003796	test-rmse:0.210812+0.006622 
[1275]	train-rmse:0.165152+0.003771	test-rmse:0.210795+0.006628 
[1276]	train-rmse:0.165112+0.003746	test-rmse:0.210774+0.006636 
[1277]	train-rmse:0.165079+0.003778	test-rmse:0.210757+0.006641 
[1278]	train-rmse:0.165040+0.003756	test-rmse:0.210732+0.006650 
[1279]	train-rmse:0.165038+0.003756	test-rmse:0.210732+0.006650 
[1280]	train-rmse:0.165004+0.003789	test-rmse:0.210713+0.006657 
[1281]	train-rmse:0.164966+0.003768	test-rmse:0.210695+0.006664 
[1282]	train-rmse:0.164890+0.003705	test-rmse:0.210657+0.006692 
[1283]	train-rmse:0.164815+0.003645	test-rmse:0.210612+0.006727 
[1284]	train-rmse:0.164814+0.003644	test-rmse:0.210611+0.006727 
[1285]	train-rmse:0.164703+0.003619	test-rmse:0.210557+0.006762 
[1286]	train-rmse:0.164631+0.003574	test-rmse:0.210511+0.006771 
[1287]	train-rmse:0.164593+0.003557	test-rmse:0.210493+0.006778 
[1288]	train-rmse:0.164485+0.003624	test-rmse:0.210449+0.006777 
[1289]	train-rmse:0.164446+0.003594	test-rmse:0.210428+0.006775 
[1290]	train-rmse:0.164342+0.003557	test-rmse:0.210367+0.006805 
[1291]	train-rmse:0.164197+0.003578	test-rmse:0.210290+0.006815 
[1292]	train-rmse:0.164087+0.003613	test-rmse:0.210237+0.006821 
[1293]	train-rmse:0.164048+0.003571	test-rmse:0.210221+0.006839 
[1294]	train-rmse:0.163977+0.003575	test-rmse:0.210184+0.006843 
[1295]	train-rmse:0.163905+0.003571	test-rmse:0.210143+0.006875 
[1296]	train-rmse:0.163758+0.003581	test-rmse:0.210067+0.006876 
[1297]	train-rmse:0.163720+0.003550	test-rmse:0.210049+0.006874 
[1298]	train-rmse:0.163682+0.003512	test-rmse:0.210026+0.006901 
[1299]	train-rmse:0.163644+0.003477	test-rmse:0.210006+0.006925 
[1300]	train-rmse:0.163607+0.003446	test-rmse:0.209986+0.006923 
[1301]	train-rmse:0.163533+0.003395	test-rmse:0.209951+0.006926 
[1302]	train-rmse:0.163497+0.003360	test-rmse:0.209933+0.006948 
[1303]	train-rmse:0.163389+0.003346	test-rmse:0.209877+0.006960 
[1304]	train-rmse:0.163314+0.003357	test-rmse:0.209843+0.006963 
[1305]	train-rmse:0.163312+0.003357	test-rmse:0.209842+0.006963 
[1306]	train-rmse:0.163205+0.003335	test-rmse:0.209787+0.006998 
[1307]	train-rmse:0.163167+0.003302	test-rmse:0.209765+0.006996 
[1308]	train-rmse:0.163100+0.003306	test-rmse:0.209726+0.006999 
[1309]	train-rmse:0.163062+0.003276	test-rmse:0.209702+0.006997 
[1310]	train-rmse:0.162987+0.003211	test-rmse:0.209656+0.007022 
[1311]	train-rmse:0.162915+0.003221	test-rmse:0.209619+0.007026 
[1312]	train-rmse:0.162841+0.003169	test-rmse:0.209578+0.007031 
[1313]	train-rmse:0.162735+0.003149	test-rmse:0.209523+0.007022 
[1314]	train-rmse:0.162663+0.003159	test-rmse:0.209491+0.007022 
[1315]	train-rmse:0.162661+0.003159	test-rmse:0.209491+0.007022 
[1316]	train-rmse:0.162623+0.003133	test-rmse:0.209470+0.007022 
[1317]	train-rmse:0.162622+0.003133	test-rmse:0.209470+0.007022 
[1318]	train-rmse:0.162553+0.003214	test-rmse:0.209439+0.007001 
[1319]	train-rmse:0.162552+0.003214	test-rmse:0.209438+0.007001 
[1320]	train-rmse:0.162515+0.003181	test-rmse:0.209416+0.007027 
[1321]	train-rmse:0.162482+0.003215	test-rmse:0.209394+0.007034 
[1322]	train-rmse:0.162406+0.003154	test-rmse:0.209348+0.007058 
[1323]	train-rmse:0.162305+0.003205	test-rmse:0.209302+0.007045 
[1324]	train-rmse:0.162266+0.003171	test-rmse:0.209282+0.007069 
[1325]	train-rmse:0.162195+0.003187	test-rmse:0.209250+0.007053 
[1326]	train-rmse:0.162126+0.003201	test-rmse:0.209222+0.007056 
[1327]	train-rmse:0.162093+0.003234	test-rmse:0.209207+0.007060 
[1328]	train-rmse:0.162092+0.003234	test-rmse:0.209207+0.007060 
[1329]	train-rmse:0.162055+0.003204	test-rmse:0.209188+0.007082 
[1330]	train-rmse:0.161985+0.003224	test-rmse:0.209160+0.007058 
[1331]	train-rmse:0.161915+0.003167	test-rmse:0.209121+0.007088 
[1332]	train-rmse:0.161914+0.003167	test-rmse:0.209120+0.007088 
[1333]	train-rmse:0.161877+0.003138	test-rmse:0.209101+0.007112 
[1334]	train-rmse:0.161838+0.003108	test-rmse:0.209081+0.007118 
[1335]	train-rmse:0.161837+0.003108	test-rmse:0.209081+0.007118 
[1336]	train-rmse:0.161800+0.003158	test-rmse:0.209068+0.007097 
[1337]	train-rmse:0.161764+0.003208	test-rmse:0.209058+0.007080 
[1338]	train-rmse:0.161694+0.003291	test-rmse:0.209023+0.007059 
[1339]	train-rmse:0.161623+0.003312	test-rmse:0.208992+0.007042 
[1340]	train-rmse:0.161590+0.003342	test-rmse:0.208974+0.007047 
[1341]	train-rmse:0.161490+0.003392	test-rmse:0.208932+0.007067 
[1342]	train-rmse:0.161454+0.003363	test-rmse:0.208916+0.007065 
[1343]	train-rmse:0.161350+0.003336	test-rmse:0.208862+0.007095 
[1344]	train-rmse:0.161282+0.003338	test-rmse:0.208826+0.007100 
[1345]	train-rmse:0.161213+0.003345	test-rmse:0.208798+0.007108 
[1346]	train-rmse:0.161105+0.003321	test-rmse:0.208740+0.007143 
[1347]	train-rmse:0.161036+0.003338	test-rmse:0.208707+0.007145 
[1348]	train-rmse:0.160937+0.003329	test-rmse:0.208661+0.007127 
[1349]	train-rmse:0.160866+0.003275	test-rmse:0.208627+0.007154 
[1350]	train-rmse:0.160794+0.003216	test-rmse:0.208587+0.007178 
[1351]	train-rmse:0.160693+0.003266	test-rmse:0.208545+0.007186 
[1352]	train-rmse:0.160657+0.003239	test-rmse:0.208527+0.007192 
[1353]	train-rmse:0.160624+0.003271	test-rmse:0.208510+0.007197 
[1354]	train-rmse:0.160587+0.003239	test-rmse:0.208487+0.007195 
[1355]	train-rmse:0.160586+0.003239	test-rmse:0.208486+0.007195 
[1356]	train-rmse:0.160412+0.003232	test-rmse:0.208397+0.007209 
[1357]	train-rmse:0.160376+0.003205	test-rmse:0.208378+0.007215 
[1358]	train-rmse:0.160309+0.003285	test-rmse:0.208353+0.007200 
[1359]	train-rmse:0.160275+0.003319	test-rmse:0.208343+0.007203 
[1360]	train-rmse:0.160208+0.003325	test-rmse:0.208310+0.007207 
[1361]	train-rmse:0.160207+0.003325	test-rmse:0.208309+0.007207 
[1362]	train-rmse:0.160134+0.003268	test-rmse:0.208275+0.007212 
[1363]	train-rmse:0.160032+0.003259	test-rmse:0.208238+0.007200 
[1364]	train-rmse:0.159997+0.003233	test-rmse:0.208217+0.007199 
[1365]	train-rmse:0.159925+0.003179	test-rmse:0.208183+0.007205 
[1366]	train-rmse:0.159890+0.003155	test-rmse:0.208161+0.007212 
[1367]	train-rmse:0.159821+0.003167	test-rmse:0.208132+0.007214 
[1368]	train-rmse:0.159751+0.003117	test-rmse:0.208098+0.007219 
[1369]	train-rmse:0.159714+0.003083	test-rmse:0.208079+0.007241 
[1370]	train-rmse:0.159612+0.003130	test-rmse:0.208033+0.007250 
[1371]	train-rmse:0.159512+0.003179	test-rmse:0.207989+0.007236 
[1372]	train-rmse:0.159444+0.003195	test-rmse:0.207956+0.007209 
[1373]	train-rmse:0.159443+0.003195	test-rmse:0.207955+0.007209 
[1374]	train-rmse:0.159376+0.003275	test-rmse:0.207927+0.007190 
[1375]	train-rmse:0.159277+0.003265	test-rmse:0.207888+0.007194 
[1376]	train-rmse:0.159208+0.003210	test-rmse:0.207851+0.007222 
[1377]	train-rmse:0.159175+0.003256	test-rmse:0.207835+0.007194 
[1378]	train-rmse:0.159109+0.003207	test-rmse:0.207801+0.007199 
[1379]	train-rmse:0.159108+0.003207	test-rmse:0.207801+0.007199 
[1380]	train-rmse:0.159077+0.003235	test-rmse:0.207788+0.007203 
[1381]	train-rmse:0.159044+0.003211	test-rmse:0.207773+0.007202 
[1382]	train-rmse:0.159009+0.003260	test-rmse:0.207763+0.007186 
[1383]	train-rmse:0.158940+0.003284	test-rmse:0.207738+0.007168 
[1384]	train-rmse:0.158874+0.003289	test-rmse:0.207703+0.007180 
[1385]	train-rmse:0.158775+0.003281	test-rmse:0.207659+0.007187 
[1386]	train-rmse:0.158742+0.003256	test-rmse:0.207641+0.007187 
[1387]	train-rmse:0.158647+0.003301	test-rmse:0.207599+0.007170 
[1388]	train-rmse:0.158545+0.003282	test-rmse:0.207550+0.007179 
[1389]	train-rmse:0.158544+0.003282	test-rmse:0.207549+0.007180 
[1390]	train-rmse:0.158507+0.003245	test-rmse:0.207533+0.007198 
[1391]	train-rmse:0.158472+0.003221	test-rmse:0.207515+0.007198 
[1392]	train-rmse:0.158374+0.003210	test-rmse:0.207469+0.007209 
[1393]	train-rmse:0.158276+0.003264	test-rmse:0.207425+0.007194 
[1394]	train-rmse:0.158175+0.003250	test-rmse:0.207376+0.007198 
[1395]	train-rmse:0.158109+0.003279	test-rmse:0.207351+0.007186 
[1396]	train-rmse:0.158041+0.003285	test-rmse:0.207323+0.007195 
> hgrid <-
+   dplyr::bind_cols(xgboost_params[index, ], dart.cv$evaluation_log[dart.cv$best_iteration, ], best_iter = dart.cv$best_iteration)
> 
> # write result
> fname <- file.path('data-raw', 'tune', year, 'array', paste0('tune_', index, '.tsv'))
> readr::write_tsv(hgrid, file = fname)
> 
