> 
> # parse arguments
> args <- R.utils::commandArgs(trailingOnly = FALSE, asValues = TRUE)
> index <- as.integer(args$index)
> year <- as.character(args$year)
> nreps <- as.integer(args$nreps)
> seed <- as.integer(args$seed)
> 
> # get number of cores
> wkrs <- length(future::availableWorkers())
> 
> # set seed
> set.seed(seed)
> 
> # read and prepare the cluster features
> fp <- file.path('data-raw', 'features', year)
> clf <-
+   read_features(fp, pattern = 'paris.', recursive = FALSE)
> clf <- prepare_features(
+   clf,
+   feature_map = feature_map,
+   category = c('response', 'bio', 'net'),
+   type = 'list',
+   exclusions = c(
+     'mg2_pairs_count',
+     'mg2_not_pairs_count',
+     'mg2_portion_families_recovered',
+     'cluster_origin',
+     'bocc_origin',
+     'cluster_method',
+     'subcluster_method',
+     'year',
+     'IDs',
+     'go_sig_threshold',
+     'num_new_edges_on_any_node',
+     'HPO_ratio'
+   ),
+   verbose = TRUE
+ )
c('HPO_ratio', 'IDs', 'bocc_origin', 'cluster_method', 'cluster_origin', 'go_sig_threshold', 'max_norm_cell_type_comma_sep_string', 'max_norm_disease_comma_sep_string', 'mg2_not_pairs_count', 'mg2_pairs_count', 'mg2_portion_families_recovered', 'num_new_edges_on_any_node', 'sig_go_enrichment_fdr_corrected_p_vals', 'sig_go_enrichment_p_vals', 'sig_go_enrichment_terms', 'subcluster_method', 'year')

> 
> # prepare grid of parameters
> xgboost_params <- dials::parameters(
+   nrounds = dials::trees(),
+   eta = dials::learn_rate(),
+   gamma = dials::loss_reduction(),
+   dials::tree_depth(),
+   subsample = dials::sample_prop(),
+   rate_drop = dials::dropout(),
+   skip_drop = dials::dropout()
+ )
> xgboost_params <-
+   dials::grid_max_entropy(xgboost_params, size = nreps)
> 
> # tune the dart booster
> dart.param <-
+   list(
+     booster = "dart",
+     objective = "reg:logistic",
+     eval_metric = "rmse",
+     nthread = wkrs,
+     max_depth = xgboost_params$tree_depth[index],
+     eta = xgboost_params$eta[index],
+     gamma = xgboost_params$gamma[index],
+     subsample = xgboost_params$subsample[index],
+     rate_drop = xgboost_params$rate_drop[index],
+     skip_drop = xgboost_params$skip_drop[index]
+   )
> dart.cv <- xgboost::xgb.cv(
+   params = dart.param,
+   nrounds = xgboost_params$nrounds[index],
+   data = as.matrix(clf[, -1]),
+   nfold = 5,
+   label = clf$snowballing_pvalue,
+   early_stopping_rounds = 50
+ )
[1]	train-rmse:0.366814+0.001098	test-rmse:0.366911+0.003939 
Multiple eval metrics are present. Will use test_rmse for early stopping.
Will train until test_rmse hasn't improved in 50 rounds.

[2]	train-rmse:0.353107+0.001098	test-rmse:0.353302+0.003821 
[3]	train-rmse:0.340608+0.000912	test-rmse:0.340881+0.004067 
[4]	train-rmse:0.331779+0.003110	test-rmse:0.332124+0.005193 
[5]	train-rmse:0.324419+0.005064	test-rmse:0.324892+0.006425 
[6]	train-rmse:0.319997+0.007050	test-rmse:0.320499+0.006953 
[7]	train-rmse:0.314567+0.008842	test-rmse:0.315124+0.007867 
[8]	train-rmse:0.309000+0.009728	test-rmse:0.309529+0.008863 
[9]	train-rmse:0.304158+0.009906	test-rmse:0.304629+0.009947 
[10]	train-rmse:0.300673+0.010339	test-rmse:0.301193+0.010985 
[11]	train-rmse:0.297545+0.009185	test-rmse:0.298122+0.009856 
[12]	train-rmse:0.294419+0.007004	test-rmse:0.295278+0.007916 
[13]	train-rmse:0.292599+0.007548	test-rmse:0.293490+0.007971 
[14]	train-rmse:0.291326+0.007198	test-rmse:0.292269+0.007719 
[15]	train-rmse:0.289647+0.007008	test-rmse:0.290602+0.007402 
[16]	train-rmse:0.288168+0.006539	test-rmse:0.289156+0.006970 
[17]	train-rmse:0.286485+0.006831	test-rmse:0.287489+0.006854 
[18]	train-rmse:0.284160+0.006731	test-rmse:0.285181+0.006579 
[19]	train-rmse:0.282278+0.008443	test-rmse:0.283395+0.007159 
[20]	train-rmse:0.279791+0.008088	test-rmse:0.280917+0.007583 
[21]	train-rmse:0.277545+0.007801	test-rmse:0.278701+0.008216 
[22]	train-rmse:0.276736+0.007531	test-rmse:0.277889+0.008073 
[23]	train-rmse:0.276050+0.007309	test-rmse:0.277221+0.008009 
[24]	train-rmse:0.273036+0.005776	test-rmse:0.274431+0.005904 
[25]	train-rmse:0.270472+0.007447	test-rmse:0.272013+0.007387 
[26]	train-rmse:0.269664+0.007056	test-rmse:0.271205+0.007369 
[27]	train-rmse:0.268268+0.006270	test-rmse:0.269786+0.007797 
[28]	train-rmse:0.267886+0.006204	test-rmse:0.269410+0.007810 
[29]	train-rmse:0.266471+0.006040	test-rmse:0.268031+0.008737 
[30]	train-rmse:0.265194+0.006328	test-rmse:0.266787+0.009587 
[31]	train-rmse:0.264838+0.006362	test-rmse:0.266446+0.009603 
[32]	train-rmse:0.264460+0.006292	test-rmse:0.266092+0.009567 
[33]	train-rmse:0.263166+0.006150	test-rmse:0.264860+0.009444 
[34]	train-rmse:0.261860+0.006249	test-rmse:0.263606+0.010269 
[35]	train-rmse:0.259758+0.007264	test-rmse:0.261479+0.012089 
[36]	train-rmse:0.258376+0.007226	test-rmse:0.260153+0.011915 
[37]	train-rmse:0.258118+0.007171	test-rmse:0.259904+0.011852 
[38]	train-rmse:0.256018+0.005515	test-rmse:0.257900+0.011173 
[39]	train-rmse:0.255008+0.005804	test-rmse:0.256911+0.011695 
[40]	train-rmse:0.252994+0.004493	test-rmse:0.254974+0.010815 
[41]	train-rmse:0.252773+0.004427	test-rmse:0.254771+0.010778 
[42]	train-rmse:0.252537+0.004407	test-rmse:0.254542+0.010761 
[43]	train-rmse:0.252341+0.004410	test-rmse:0.254359+0.010771 
[44]	train-rmse:0.251172+0.003148	test-rmse:0.253372+0.009782 
[45]	train-rmse:0.249383+0.003384	test-rmse:0.251479+0.010564 
[46]	train-rmse:0.248636+0.004121	test-rmse:0.250771+0.011260 
[47]	train-rmse:0.247544+0.003346	test-rmse:0.249790+0.010396 
[48]	train-rmse:0.245998+0.003758	test-rmse:0.248413+0.010222 
[49]	train-rmse:0.245869+0.003743	test-rmse:0.248281+0.010206 
[50]	train-rmse:0.245152+0.004352	test-rmse:0.247544+0.010954 
[51]	train-rmse:0.244232+0.004825	test-rmse:0.246758+0.010551 
[52]	train-rmse:0.244111+0.004791	test-rmse:0.246645+0.010520 
[53]	train-rmse:0.243991+0.004766	test-rmse:0.246531+0.010499 
[54]	train-rmse:0.243852+0.004730	test-rmse:0.246396+0.010494 
[55]	train-rmse:0.242933+0.003773	test-rmse:0.245426+0.009446 
[56]	train-rmse:0.242833+0.003745	test-rmse:0.245333+0.009443 
[57]	train-rmse:0.242244+0.004366	test-rmse:0.244696+0.010277 
[58]	train-rmse:0.242142+0.004336	test-rmse:0.244597+0.010260 
[59]	train-rmse:0.240844+0.004007	test-rmse:0.243318+0.009938 
[60]	train-rmse:0.240763+0.003999	test-rmse:0.243242+0.009911 
[61]	train-rmse:0.239491+0.003535	test-rmse:0.241940+0.010284 
[62]	train-rmse:0.239408+0.003516	test-rmse:0.241861+0.010262 
[63]	train-rmse:0.239287+0.003469	test-rmse:0.241748+0.010235 
[64]	train-rmse:0.238626+0.002870	test-rmse:0.241136+0.010028 
[65]	train-rmse:0.238000+0.002455	test-rmse:0.240466+0.009466 
[66]	train-rmse:0.237523+0.002464	test-rmse:0.239998+0.009752 
[67]	train-rmse:0.237091+0.003110	test-rmse:0.239591+0.010268 
[68]	train-rmse:0.237026+0.003097	test-rmse:0.239532+0.010254 
[69]	train-rmse:0.236419+0.002682	test-rmse:0.238961+0.010114 
[70]	train-rmse:0.236361+0.002676	test-rmse:0.238909+0.010111 
[71]	train-rmse:0.235735+0.002861	test-rmse:0.238345+0.010458 
[72]	train-rmse:0.235213+0.003313	test-rmse:0.237761+0.010924 
[73]	train-rmse:0.235159+0.003309	test-rmse:0.237710+0.010926 
[74]	train-rmse:0.235094+0.003291	test-rmse:0.237651+0.010906 
[75]	train-rmse:0.234582+0.003108	test-rmse:0.237173+0.010825 
[76]	train-rmse:0.234092+0.003661	test-rmse:0.236739+0.011326 
[77]	train-rmse:0.233414+0.003224	test-rmse:0.236208+0.010768 
[78]	train-rmse:0.233360+0.003220	test-rmse:0.236159+0.010770 
[79]	train-rmse:0.232927+0.003781	test-rmse:0.235809+0.011198 
[80]	train-rmse:0.232546+0.003990	test-rmse:0.235449+0.011436 
[81]	train-rmse:0.232508+0.003980	test-rmse:0.235409+0.011419 
[82]	train-rmse:0.232462+0.003964	test-rmse:0.235371+0.011398 
[83]	train-rmse:0.232018+0.003825	test-rmse:0.234948+0.011332 
[84]	train-rmse:0.231978+0.003812	test-rmse:0.234911+0.011323 
[85]	train-rmse:0.231577+0.004118	test-rmse:0.234449+0.011707 
[86]	train-rmse:0.230772+0.004285	test-rmse:0.233752+0.011724 
[87]	train-rmse:0.230740+0.004274	test-rmse:0.233722+0.011710 
[88]	train-rmse:0.229822+0.004490	test-rmse:0.233024+0.011853 
[89]	train-rmse:0.229336+0.004412	test-rmse:0.232614+0.011463 
[90]	train-rmse:0.228737+0.003372	test-rmse:0.232063+0.010835 
[91]	train-rmse:0.228700+0.003357	test-rmse:0.232027+0.010824 
[92]	train-rmse:0.228666+0.003350	test-rmse:0.231993+0.010813 
[93]	train-rmse:0.228632+0.003347	test-rmse:0.231954+0.010816 
[94]	train-rmse:0.228604+0.003343	test-rmse:0.231929+0.010811 
[95]	train-rmse:0.228171+0.003399	test-rmse:0.231550+0.010464 
[96]	train-rmse:0.228145+0.003390	test-rmse:0.231526+0.010453 
[97]	train-rmse:0.227697+0.002653	test-rmse:0.230995+0.009889 
[98]	train-rmse:0.227669+0.002660	test-rmse:0.230970+0.009894 
[99]	train-rmse:0.227309+0.003019	test-rmse:0.230544+0.010290 
[100]	train-rmse:0.227285+0.003012	test-rmse:0.230522+0.010280 
[101]	train-rmse:0.227265+0.003006	test-rmse:0.230502+0.010274 
[102]	train-rmse:0.226928+0.002864	test-rmse:0.230174+0.010212 
[103]	train-rmse:0.226902+0.002854	test-rmse:0.230146+0.010201 
[104]	train-rmse:0.226403+0.003045	test-rmse:0.229786+0.009835 
[105]	train-rmse:0.226380+0.003045	test-rmse:0.229763+0.009832 
[106]	train-rmse:0.226118+0.003197	test-rmse:0.229515+0.010132 
[107]	train-rmse:0.225725+0.002556	test-rmse:0.229129+0.009735 
[108]	train-rmse:0.225155+0.002998	test-rmse:0.228658+0.009665 
[109]	train-rmse:0.224672+0.002338	test-rmse:0.228169+0.009193 
[110]	train-rmse:0.224654+0.002335	test-rmse:0.228153+0.009193 
[111]	train-rmse:0.224635+0.002327	test-rmse:0.228135+0.009187 
[112]	train-rmse:0.224207+0.002813	test-rmse:0.227762+0.008822 
[113]	train-rmse:0.224187+0.002809	test-rmse:0.227740+0.008823 
[114]	train-rmse:0.223862+0.002955	test-rmse:0.227422+0.009119 
[115]	train-rmse:0.223646+0.003105	test-rmse:0.227226+0.009306 
[116]	train-rmse:0.223274+0.002736	test-rmse:0.226882+0.009189 
[117]	train-rmse:0.223261+0.002729	test-rmse:0.226870+0.009183 
[118]	train-rmse:0.223249+0.002723	test-rmse:0.226863+0.009179 
[119]	train-rmse:0.222718+0.002658	test-rmse:0.226306+0.009455 
[120]	train-rmse:0.222106+0.002371	test-rmse:0.225589+0.009303 
[121]	train-rmse:0.221833+0.002625	test-rmse:0.225405+0.009099 
[122]	train-rmse:0.221469+0.002175	test-rmse:0.225116+0.008843 
[123]	train-rmse:0.221451+0.002175	test-rmse:0.225098+0.008837 
[124]	train-rmse:0.221442+0.002174	test-rmse:0.225089+0.008834 
[125]	train-rmse:0.221433+0.002175	test-rmse:0.225083+0.008831 
[126]	train-rmse:0.221424+0.002175	test-rmse:0.225074+0.008829 
[127]	train-rmse:0.221408+0.002171	test-rmse:0.225061+0.008831 
[128]	train-rmse:0.221399+0.002173	test-rmse:0.225052+0.008829 
[129]	train-rmse:0.220912+0.001912	test-rmse:0.224647+0.008979 
[130]	train-rmse:0.220898+0.001916	test-rmse:0.224634+0.008981 
[131]	train-rmse:0.220613+0.001552	test-rmse:0.224291+0.008701 
[132]	train-rmse:0.220604+0.001549	test-rmse:0.224282+0.008698 
[133]	train-rmse:0.220372+0.001678	test-rmse:0.224027+0.009026 
[134]	train-rmse:0.220355+0.001679	test-rmse:0.224012+0.009025 
[135]	train-rmse:0.220347+0.001673	test-rmse:0.224006+0.009019 
[136]	train-rmse:0.220338+0.001673	test-rmse:0.223997+0.009011 
[137]	train-rmse:0.220326+0.001665	test-rmse:0.223988+0.009009 
[138]	train-rmse:0.219961+0.002116	test-rmse:0.223754+0.008730 
[139]	train-rmse:0.219954+0.002117	test-rmse:0.223749+0.008730 
[140]	train-rmse:0.219365+0.001984	test-rmse:0.223257+0.008743 
[141]	train-rmse:0.219194+0.002020	test-rmse:0.223107+0.008876 
[142]	train-rmse:0.219188+0.002019	test-rmse:0.223101+0.008873 
[143]	train-rmse:0.219179+0.002021	test-rmse:0.223095+0.008875 
[144]	train-rmse:0.219167+0.002014	test-rmse:0.223082+0.008874 
[145]	train-rmse:0.219156+0.002013	test-rmse:0.223072+0.008867 
[146]	train-rmse:0.219151+0.002013	test-rmse:0.223066+0.008870 
[147]	train-rmse:0.219141+0.002010	test-rmse:0.223057+0.008863 
[148]	train-rmse:0.218856+0.002264	test-rmse:0.222754+0.009284 
[149]	train-rmse:0.218695+0.002315	test-rmse:0.222611+0.009406 
[150]	train-rmse:0.218683+0.002307	test-rmse:0.222602+0.009405 
[151]	train-rmse:0.218521+0.002475	test-rmse:0.222488+0.009558 
[152]	train-rmse:0.218152+0.001984	test-rmse:0.222126+0.009438 
[153]	train-rmse:0.217922+0.001761	test-rmse:0.221864+0.009254 
[154]	train-rmse:0.217917+0.001760	test-rmse:0.221858+0.009252 
[155]	train-rmse:0.217293+0.001974	test-rmse:0.221378+0.008744 
[156]	train-rmse:0.217288+0.001977	test-rmse:0.221372+0.008746 
[157]	train-rmse:0.216930+0.002236	test-rmse:0.221091+0.008679 
[158]	train-rmse:0.216676+0.002440	test-rmse:0.220871+0.008990 
[159]	train-rmse:0.216419+0.002341	test-rmse:0.220629+0.008838 
[160]	train-rmse:0.216153+0.002355	test-rmse:0.220472+0.008969 
[161]	train-rmse:0.216019+0.002471	test-rmse:0.220378+0.009100 
[162]	train-rmse:0.216012+0.002471	test-rmse:0.220373+0.009101 
[163]	train-rmse:0.216007+0.002469	test-rmse:0.220369+0.009099 
[164]	train-rmse:0.215696+0.001952	test-rmse:0.220118+0.009001 
[165]	train-rmse:0.215691+0.001950	test-rmse:0.220113+0.009000 
[166]	train-rmse:0.215688+0.001950	test-rmse:0.220109+0.009000 
[167]	train-rmse:0.215491+0.001656	test-rmse:0.219902+0.008939 
[168]	train-rmse:0.215485+0.001653	test-rmse:0.219896+0.008932 
[169]	train-rmse:0.215479+0.001651	test-rmse:0.219891+0.008932 
[170]	train-rmse:0.215471+0.001648	test-rmse:0.219884+0.008935 
[171]	train-rmse:0.215470+0.001647	test-rmse:0.219883+0.008933 
[172]	train-rmse:0.215467+0.001645	test-rmse:0.219880+0.008931 
[173]	train-rmse:0.215463+0.001643	test-rmse:0.219875+0.008931 
[174]	train-rmse:0.215305+0.001838	test-rmse:0.219766+0.009084 
[175]	train-rmse:0.215302+0.001835	test-rmse:0.219763+0.009083 
[176]	train-rmse:0.215299+0.001833	test-rmse:0.219760+0.009084 
[177]	train-rmse:0.215063+0.001711	test-rmse:0.219478+0.008916 
[178]	train-rmse:0.215061+0.001708	test-rmse:0.219477+0.008915 
[179]	train-rmse:0.214615+0.001920	test-rmse:0.219117+0.008576 
[180]	train-rmse:0.214615+0.001920	test-rmse:0.219117+0.008574 
[181]	train-rmse:0.214374+0.001991	test-rmse:0.218910+0.008486 
[182]	train-rmse:0.214195+0.002177	test-rmse:0.218751+0.008267 
[183]	train-rmse:0.214191+0.002176	test-rmse:0.218747+0.008268 
[184]	train-rmse:0.213896+0.002310	test-rmse:0.218464+0.008255 
[185]	train-rmse:0.213894+0.002307	test-rmse:0.218462+0.008254 
[186]	train-rmse:0.213635+0.002677	test-rmse:0.218221+0.007938 
[187]	train-rmse:0.213264+0.002475	test-rmse:0.217889+0.007779 
[188]	train-rmse:0.213038+0.002165	test-rmse:0.217690+0.007701 
[189]	train-rmse:0.213035+0.002164	test-rmse:0.217686+0.007701 
[190]	train-rmse:0.212853+0.002049	test-rmse:0.217582+0.007782 
[191]	train-rmse:0.212692+0.001996	test-rmse:0.217436+0.007909 
[192]	train-rmse:0.212692+0.001995	test-rmse:0.217434+0.007909 
[193]	train-rmse:0.212362+0.001677	test-rmse:0.217092+0.007908 
[194]	train-rmse:0.212363+0.001677	test-rmse:0.217094+0.007909 
[195]	train-rmse:0.212363+0.001676	test-rmse:0.217093+0.007910 
[196]	train-rmse:0.211929+0.001391	test-rmse:0.216762+0.007811 
[197]	train-rmse:0.211729+0.001748	test-rmse:0.216633+0.007624 
[198]	train-rmse:0.211727+0.001747	test-rmse:0.216632+0.007627 
[199]	train-rmse:0.211726+0.001749	test-rmse:0.216633+0.007627 
[200]	train-rmse:0.211568+0.001719	test-rmse:0.216531+0.007720 
[201]	train-rmse:0.211570+0.001720	test-rmse:0.216533+0.007720 
[202]	train-rmse:0.211258+0.001961	test-rmse:0.216243+0.007835 
[203]	train-rmse:0.211259+0.001963	test-rmse:0.216243+0.007835 
[204]	train-rmse:0.211084+0.001912	test-rmse:0.216094+0.008039 
[205]	train-rmse:0.210925+0.002201	test-rmse:0.215978+0.007880 
[206]	train-rmse:0.210923+0.002201	test-rmse:0.215977+0.007878 
[207]	train-rmse:0.210919+0.002202	test-rmse:0.215976+0.007876 
[208]	train-rmse:0.210918+0.002201	test-rmse:0.215975+0.007877 
[209]	train-rmse:0.210315+0.002395	test-rmse:0.215501+0.007803 
[210]	train-rmse:0.210132+0.002429	test-rmse:0.215358+0.007726 
[211]	train-rmse:0.210132+0.002431	test-rmse:0.215358+0.007725 
[212]	train-rmse:0.210132+0.002431	test-rmse:0.215359+0.007725 
[213]	train-rmse:0.209810+0.002484	test-rmse:0.215034+0.007808 
[214]	train-rmse:0.209332+0.002505	test-rmse:0.214608+0.007499 
[215]	train-rmse:0.209209+0.002418	test-rmse:0.214518+0.007617 
[216]	train-rmse:0.209209+0.002417	test-rmse:0.214516+0.007619 
[217]	train-rmse:0.208878+0.002743	test-rmse:0.214298+0.007476 
[218]	train-rmse:0.208567+0.002621	test-rmse:0.213985+0.007842 
[219]	train-rmse:0.208295+0.002432	test-rmse:0.213732+0.007753 
[220]	train-rmse:0.208297+0.002432	test-rmse:0.213733+0.007752 
[221]	train-rmse:0.208299+0.002430	test-rmse:0.213735+0.007753 
[222]	train-rmse:0.208299+0.002431	test-rmse:0.213735+0.007752 
[223]	train-rmse:0.208301+0.002429	test-rmse:0.213738+0.007752 
[224]	train-rmse:0.208302+0.002429	test-rmse:0.213738+0.007752 
[225]	train-rmse:0.208303+0.002431	test-rmse:0.213738+0.007751 
[226]	train-rmse:0.208220+0.002421	test-rmse:0.213671+0.007809 
[227]	train-rmse:0.208107+0.002498	test-rmse:0.213572+0.007775 
[228]	train-rmse:0.208107+0.002497	test-rmse:0.213572+0.007777 
[229]	train-rmse:0.208108+0.002496	test-rmse:0.213572+0.007776 
[230]	train-rmse:0.208106+0.002495	test-rmse:0.213571+0.007779 
[231]	train-rmse:0.208108+0.002494	test-rmse:0.213573+0.007780 
[232]	train-rmse:0.207966+0.002699	test-rmse:0.213491+0.007654 
[233]	train-rmse:0.207845+0.002690	test-rmse:0.213372+0.007763 
[234]	train-rmse:0.207492+0.002590	test-rmse:0.213137+0.008002 
[235]	train-rmse:0.207242+0.002478	test-rmse:0.212954+0.007867 
[236]	train-rmse:0.207242+0.002478	test-rmse:0.212954+0.007866 
[237]	train-rmse:0.207110+0.002410	test-rmse:0.212856+0.007991 
[238]	train-rmse:0.207109+0.002408	test-rmse:0.212856+0.007992 
[239]	train-rmse:0.207111+0.002409	test-rmse:0.212859+0.007992 
[240]	train-rmse:0.207112+0.002408	test-rmse:0.212859+0.007991 
[241]	train-rmse:0.207114+0.002408	test-rmse:0.212861+0.007991 
[242]	train-rmse:0.207025+0.002420	test-rmse:0.212738+0.008109 
[243]	train-rmse:0.206831+0.002721	test-rmse:0.212568+0.007861 
[244]	train-rmse:0.206831+0.002719	test-rmse:0.212570+0.007859 
[245]	train-rmse:0.206439+0.003047	test-rmse:0.212285+0.007635 
[246]	train-rmse:0.206238+0.003018	test-rmse:0.212094+0.007847 
[247]	train-rmse:0.206239+0.003019	test-rmse:0.212095+0.007847 
[248]	train-rmse:0.206241+0.003017	test-rmse:0.212096+0.007847 
[249]	train-rmse:0.206243+0.003016	test-rmse:0.212097+0.007848 
[250]	train-rmse:0.206245+0.003016	test-rmse:0.212099+0.007848 
[251]	train-rmse:0.206043+0.003201	test-rmse:0.211938+0.007746 
[252]	train-rmse:0.206044+0.003201	test-rmse:0.211940+0.007744 
[253]	train-rmse:0.205857+0.003089	test-rmse:0.211763+0.007676 
[254]	train-rmse:0.205859+0.003088	test-rmse:0.211764+0.007675 
[255]	train-rmse:0.205859+0.003088	test-rmse:0.211764+0.007674 
[256]	train-rmse:0.205861+0.003088	test-rmse:0.211766+0.007674 
[257]	train-rmse:0.205864+0.003089	test-rmse:0.211768+0.007673 
[258]	train-rmse:0.205864+0.003090	test-rmse:0.211769+0.007673 
[259]	train-rmse:0.205774+0.003234	test-rmse:0.211719+0.007597 
[260]	train-rmse:0.205658+0.003171	test-rmse:0.211640+0.007693 
[261]	train-rmse:0.205554+0.003020	test-rmse:0.211489+0.007631 
[262]	train-rmse:0.205373+0.002775	test-rmse:0.211368+0.007590 
[263]	train-rmse:0.205203+0.002732	test-rmse:0.211262+0.007661 
[264]	train-rmse:0.205204+0.002732	test-rmse:0.211263+0.007660 
[265]	train-rmse:0.205045+0.002667	test-rmse:0.211176+0.007774 
[266]	train-rmse:0.204896+0.002648	test-rmse:0.211017+0.007924 
[267]	train-rmse:0.204898+0.002649	test-rmse:0.211019+0.007924 
[268]	train-rmse:0.204900+0.002648	test-rmse:0.211019+0.007924 
[269]	train-rmse:0.204902+0.002649	test-rmse:0.211020+0.007923 
[270]	train-rmse:0.204554+0.002922	test-rmse:0.210663+0.007873 
[271]	train-rmse:0.204455+0.002960	test-rmse:0.210595+0.007851 
[272]	train-rmse:0.204367+0.002922	test-rmse:0.210526+0.007934 
[273]	train-rmse:0.204230+0.002714	test-rmse:0.210366+0.007878 
[274]	train-rmse:0.204232+0.002713	test-rmse:0.210368+0.007877 
[275]	train-rmse:0.204233+0.002712	test-rmse:0.210370+0.007875 
[276]	train-rmse:0.204233+0.002713	test-rmse:0.210371+0.007875 
[277]	train-rmse:0.204135+0.002572	test-rmse:0.210260+0.007842 
[278]	train-rmse:0.204137+0.002572	test-rmse:0.210261+0.007840 
[279]	train-rmse:0.203909+0.002613	test-rmse:0.210079+0.007933 
[280]	train-rmse:0.203849+0.002644	test-rmse:0.209995+0.007905 
[281]	train-rmse:0.203632+0.002429	test-rmse:0.209788+0.007897 
[282]	train-rmse:0.203633+0.002430	test-rmse:0.209789+0.007896 
[283]	train-rmse:0.203636+0.002430	test-rmse:0.209790+0.007895 
[284]	train-rmse:0.203636+0.002431	test-rmse:0.209791+0.007896 
[285]	train-rmse:0.203638+0.002430	test-rmse:0.209793+0.007895 
[286]	train-rmse:0.203553+0.002482	test-rmse:0.209665+0.007860 
[287]	train-rmse:0.203555+0.002482	test-rmse:0.209665+0.007860 
[288]	train-rmse:0.203384+0.002262	test-rmse:0.209556+0.007837 
[289]	train-rmse:0.203271+0.002134	test-rmse:0.209509+0.007827 
[290]	train-rmse:0.203272+0.002134	test-rmse:0.209510+0.007827 
[291]	train-rmse:0.203176+0.002036	test-rmse:0.209413+0.007815 
[292]	train-rmse:0.203049+0.001932	test-rmse:0.209304+0.007807 
[293]	train-rmse:0.203051+0.001932	test-rmse:0.209306+0.007807 
[294]	train-rmse:0.202994+0.001895	test-rmse:0.209249+0.007805 
[295]	train-rmse:0.202823+0.002018	test-rmse:0.209117+0.007802 
[296]	train-rmse:0.202825+0.002018	test-rmse:0.209120+0.007802 
[297]	train-rmse:0.202827+0.002018	test-rmse:0.209121+0.007802 
[298]	train-rmse:0.202829+0.002019	test-rmse:0.209122+0.007801 
[299]	train-rmse:0.202743+0.002009	test-rmse:0.209025+0.007900 
[300]	train-rmse:0.202745+0.002009	test-rmse:0.209026+0.007898 
[301]	train-rmse:0.202747+0.002010	test-rmse:0.209028+0.007898 
[302]	train-rmse:0.202748+0.002010	test-rmse:0.209029+0.007898 
[303]	train-rmse:0.202749+0.002009	test-rmse:0.209029+0.007898 
[304]	train-rmse:0.202749+0.002008	test-rmse:0.209030+0.007897 
[305]	train-rmse:0.202608+0.002025	test-rmse:0.208939+0.007994 
[306]	train-rmse:0.202610+0.002025	test-rmse:0.208940+0.007995 
[307]	train-rmse:0.202541+0.002136	test-rmse:0.208895+0.007915 
[308]	train-rmse:0.202434+0.002171	test-rmse:0.208834+0.007982 
[309]	train-rmse:0.202437+0.002170	test-rmse:0.208837+0.007982 
[310]	train-rmse:0.202320+0.002232	test-rmse:0.208795+0.008029 
[311]	train-rmse:0.202161+0.002123	test-rmse:0.208660+0.008168 
[312]	train-rmse:0.202045+0.002149	test-rmse:0.208604+0.008147 
[313]	train-rmse:0.202047+0.002148	test-rmse:0.208605+0.008147 
[314]	train-rmse:0.202049+0.002148	test-rmse:0.208607+0.008147 
[315]	train-rmse:0.202051+0.002147	test-rmse:0.208610+0.008147 
[316]	train-rmse:0.202054+0.002148	test-rmse:0.208612+0.008147 
[317]	train-rmse:0.202055+0.002147	test-rmse:0.208614+0.008147 
[318]	train-rmse:0.201865+0.002245	test-rmse:0.208507+0.008154 
[319]	train-rmse:0.201867+0.002245	test-rmse:0.208509+0.008154 
[320]	train-rmse:0.201869+0.002245	test-rmse:0.208511+0.008153 
[321]	train-rmse:0.201870+0.002245	test-rmse:0.208512+0.008154 
[322]	train-rmse:0.201786+0.002351	test-rmse:0.208463+0.008071 
[323]	train-rmse:0.201678+0.002498	test-rmse:0.208372+0.007919 
[324]	train-rmse:0.201678+0.002497	test-rmse:0.208373+0.007919 
[325]	train-rmse:0.201680+0.002496	test-rmse:0.208374+0.007919 
[326]	train-rmse:0.201682+0.002496	test-rmse:0.208376+0.007919 
[327]	train-rmse:0.201684+0.002496	test-rmse:0.208378+0.007920 
[328]	train-rmse:0.201564+0.002671	test-rmse:0.208234+0.007682 
[329]	train-rmse:0.201498+0.002695	test-rmse:0.208202+0.007670 
[330]	train-rmse:0.201499+0.002696	test-rmse:0.208204+0.007670 
[331]	train-rmse:0.201501+0.002696	test-rmse:0.208205+0.007671 
[332]	train-rmse:0.201371+0.002536	test-rmse:0.208044+0.007837 
[333]	train-rmse:0.201320+0.002559	test-rmse:0.208015+0.007869 
[334]	train-rmse:0.201321+0.002559	test-rmse:0.208016+0.007868 
[335]	train-rmse:0.201245+0.002674	test-rmse:0.207997+0.007836 
[336]	train-rmse:0.201247+0.002673	test-rmse:0.207998+0.007835 
[337]	train-rmse:0.201248+0.002674	test-rmse:0.207999+0.007836 
[338]	train-rmse:0.201250+0.002674	test-rmse:0.208001+0.007836 
[339]	train-rmse:0.201252+0.002674	test-rmse:0.208003+0.007836 
[340]	train-rmse:0.201254+0.002674	test-rmse:0.208005+0.007836 
[341]	train-rmse:0.201143+0.002552	test-rmse:0.207954+0.007891 
[342]	train-rmse:0.201146+0.002552	test-rmse:0.207956+0.007891 
[343]	train-rmse:0.201057+0.002449	test-rmse:0.207888+0.007881 
[344]	train-rmse:0.201000+0.002465	test-rmse:0.207811+0.007853 
[345]	train-rmse:0.201002+0.002464	test-rmse:0.207813+0.007853 
[346]	train-rmse:0.201005+0.002464	test-rmse:0.207815+0.007853 
[347]	train-rmse:0.201008+0.002464	test-rmse:0.207817+0.007851 
[348]	train-rmse:0.200893+0.002643	test-rmse:0.207754+0.007748 
[349]	train-rmse:0.200836+0.002738	test-rmse:0.207743+0.007730 
[350]	train-rmse:0.200837+0.002738	test-rmse:0.207744+0.007729 
[351]	train-rmse:0.200839+0.002738	test-rmse:0.207744+0.007730 
[352]	train-rmse:0.200741+0.002639	test-rmse:0.207597+0.007711 
[353]	train-rmse:0.200572+0.002464	test-rmse:0.207475+0.007752 
[354]	train-rmse:0.200573+0.002464	test-rmse:0.207475+0.007752 
[355]	train-rmse:0.200427+0.002348	test-rmse:0.207318+0.007750 
[356]	train-rmse:0.200429+0.002349	test-rmse:0.207319+0.007750 
[357]	train-rmse:0.200430+0.002349	test-rmse:0.207321+0.007749 
[358]	train-rmse:0.200433+0.002348	test-rmse:0.207323+0.007749 
[359]	train-rmse:0.200352+0.002298	test-rmse:0.207232+0.007754 
[360]	train-rmse:0.200293+0.002219	test-rmse:0.207203+0.007785 
[361]	train-rmse:0.200294+0.002220	test-rmse:0.207204+0.007785 
[362]	train-rmse:0.200296+0.002220	test-rmse:0.207206+0.007784 
[363]	train-rmse:0.200298+0.002220	test-rmse:0.207207+0.007783 
[364]	train-rmse:0.200300+0.002220	test-rmse:0.207208+0.007783 
[365]	train-rmse:0.200213+0.002115	test-rmse:0.207167+0.007826 
[366]	train-rmse:0.200149+0.002075	test-rmse:0.207112+0.007830 
[367]	train-rmse:0.199962+0.002030	test-rmse:0.206944+0.007802 
[368]	train-rmse:0.199771+0.002044	test-rmse:0.206839+0.007855 
[369]	train-rmse:0.199772+0.002044	test-rmse:0.206841+0.007854 
[370]	train-rmse:0.199774+0.002044	test-rmse:0.206842+0.007854 
[371]	train-rmse:0.199648+0.002099	test-rmse:0.206742+0.007768 
[372]	train-rmse:0.199648+0.002099	test-rmse:0.206742+0.007768 
[373]	train-rmse:0.199588+0.002079	test-rmse:0.206685+0.007777 
[374]	train-rmse:0.199589+0.002079	test-rmse:0.206685+0.007778 
[375]	train-rmse:0.199591+0.002079	test-rmse:0.206686+0.007778 
[376]	train-rmse:0.199592+0.002079	test-rmse:0.206687+0.007778 
[377]	train-rmse:0.199594+0.002080	test-rmse:0.206689+0.007778 
[378]	train-rmse:0.199521+0.002065	test-rmse:0.206614+0.007790 
[379]	train-rmse:0.199523+0.002065	test-rmse:0.206615+0.007789 
[380]	train-rmse:0.199524+0.002065	test-rmse:0.206616+0.007789 
[381]	train-rmse:0.199451+0.001955	test-rmse:0.206576+0.007829 
[382]	train-rmse:0.199453+0.001955	test-rmse:0.206578+0.007829 
[383]	train-rmse:0.199455+0.001955	test-rmse:0.206579+0.007829 
[384]	train-rmse:0.199313+0.002094	test-rmse:0.206459+0.007722 
[385]	train-rmse:0.199228+0.002116	test-rmse:0.206377+0.007690 
[386]	train-rmse:0.199164+0.002106	test-rmse:0.206356+0.007710 
[387]	train-rmse:0.199165+0.002106	test-rmse:0.206358+0.007710 
[388]	train-rmse:0.199101+0.002090	test-rmse:0.206289+0.007722 
[389]	train-rmse:0.198992+0.002083	test-rmse:0.206178+0.007748 
[390]	train-rmse:0.198823+0.002211	test-rmse:0.206117+0.007699 
[391]	train-rmse:0.198825+0.002211	test-rmse:0.206118+0.007699 
[392]	train-rmse:0.198827+0.002211	test-rmse:0.206119+0.007699 
[393]	train-rmse:0.198828+0.002211	test-rmse:0.206120+0.007700 
[394]	train-rmse:0.198830+0.002211	test-rmse:0.206121+0.007699 
[395]	train-rmse:0.198742+0.002073	test-rmse:0.206034+0.007786 
[396]	train-rmse:0.198691+0.002094	test-rmse:0.205968+0.007761 
[397]	train-rmse:0.198580+0.002272	test-rmse:0.205908+0.007654 
[398]	train-rmse:0.198386+0.002436	test-rmse:0.205754+0.007569 
[399]	train-rmse:0.198208+0.002307	test-rmse:0.205647+0.007635 
[400]	train-rmse:0.198210+0.002307	test-rmse:0.205649+0.007634 
[401]	train-rmse:0.198070+0.002286	test-rmse:0.205515+0.007608 
[402]	train-rmse:0.198072+0.002287	test-rmse:0.205517+0.007608 
[403]	train-rmse:0.197933+0.002274	test-rmse:0.205384+0.007691 
[404]	train-rmse:0.197870+0.002259	test-rmse:0.205350+0.007723 
[405]	train-rmse:0.197871+0.002258	test-rmse:0.205351+0.007723 
[406]	train-rmse:0.197872+0.002259	test-rmse:0.205352+0.007723 
[407]	train-rmse:0.197744+0.002253	test-rmse:0.205236+0.007765 
[408]	train-rmse:0.197683+0.002345	test-rmse:0.205207+0.007710 
[409]	train-rmse:0.197634+0.002423	test-rmse:0.205174+0.007649 
[410]	train-rmse:0.197635+0.002423	test-rmse:0.205175+0.007649 
[411]	train-rmse:0.197502+0.002422	test-rmse:0.205108+0.007690 
[412]	train-rmse:0.197503+0.002423	test-rmse:0.205109+0.007689 
[413]	train-rmse:0.197505+0.002423	test-rmse:0.205111+0.007689 
[414]	train-rmse:0.197447+0.002326	test-rmse:0.205088+0.007712 
[415]	train-rmse:0.197449+0.002327	test-rmse:0.205089+0.007712 
[416]	train-rmse:0.197379+0.002216	test-rmse:0.205059+0.007739 
[417]	train-rmse:0.197286+0.002227	test-rmse:0.204906+0.007721 
[418]	train-rmse:0.197035+0.001987	test-rmse:0.204809+0.007813 
[419]	train-rmse:0.196895+0.002007	test-rmse:0.204714+0.007780 
[420]	train-rmse:0.196815+0.001883	test-rmse:0.204592+0.007899 
[421]	train-rmse:0.196817+0.001883	test-rmse:0.204594+0.007899 
[422]	train-rmse:0.196819+0.001883	test-rmse:0.204594+0.007899 
[423]	train-rmse:0.196820+0.001884	test-rmse:0.204595+0.007898 
[424]	train-rmse:0.196822+0.001883	test-rmse:0.204596+0.007898 
[425]	train-rmse:0.196824+0.001883	test-rmse:0.204598+0.007897 
[426]	train-rmse:0.196770+0.001898	test-rmse:0.204581+0.007902 
[427]	train-rmse:0.196585+0.001974	test-rmse:0.204442+0.007818 
[428]	train-rmse:0.196385+0.001843	test-rmse:0.204296+0.007923 
[429]	train-rmse:0.196387+0.001843	test-rmse:0.204298+0.007923 
[430]	train-rmse:0.196388+0.001843	test-rmse:0.204298+0.007923 
[431]	train-rmse:0.196314+0.001879	test-rmse:0.204236+0.007941 
[432]	train-rmse:0.196239+0.001876	test-rmse:0.204222+0.007936 
[433]	train-rmse:0.196171+0.001772	test-rmse:0.204145+0.008015 
[434]	train-rmse:0.196172+0.001772	test-rmse:0.204146+0.008015 
[435]	train-rmse:0.196043+0.001849	test-rmse:0.204045+0.007910 
[436]	train-rmse:0.195901+0.001823	test-rmse:0.203959+0.007909 
[437]	train-rmse:0.195847+0.001915	test-rmse:0.203909+0.007819 
[438]	train-rmse:0.195849+0.001915	test-rmse:0.203911+0.007820 
[439]	train-rmse:0.195783+0.001939	test-rmse:0.203878+0.007828 
[440]	train-rmse:0.195736+0.001874	test-rmse:0.203821+0.007889 
[441]	train-rmse:0.195659+0.002004	test-rmse:0.203773+0.007803 
[442]	train-rmse:0.195588+0.001917	test-rmse:0.203751+0.007829 
[443]	train-rmse:0.195526+0.002027	test-rmse:0.203671+0.007688 
[444]	train-rmse:0.195528+0.002027	test-rmse:0.203672+0.007688 
[445]	train-rmse:0.195530+0.002027	test-rmse:0.203673+0.007688 
[446]	train-rmse:0.195532+0.002028	test-rmse:0.203675+0.007688 
[447]	train-rmse:0.195533+0.002028	test-rmse:0.203676+0.007688 
[448]	train-rmse:0.195535+0.002028	test-rmse:0.203676+0.007688 
[449]	train-rmse:0.195414+0.002133	test-rmse:0.203591+0.007598 
[450]	train-rmse:0.195260+0.002171	test-rmse:0.203495+0.007580 
[451]	train-rmse:0.195261+0.002171	test-rmse:0.203496+0.007581 
[452]	train-rmse:0.195206+0.002188	test-rmse:0.203453+0.007593 
[453]	train-rmse:0.195208+0.002188	test-rmse:0.203453+0.007593 
[454]	train-rmse:0.195096+0.002141	test-rmse:0.203396+0.007640 
[455]	train-rmse:0.195097+0.002141	test-rmse:0.203397+0.007640 
[456]	train-rmse:0.195099+0.002141	test-rmse:0.203398+0.007641 
[457]	train-rmse:0.195100+0.002141	test-rmse:0.203400+0.007640 
[458]	train-rmse:0.195102+0.002141	test-rmse:0.203401+0.007640 
[459]	train-rmse:0.195015+0.002107	test-rmse:0.203342+0.007682 
[460]	train-rmse:0.194953+0.002039	test-rmse:0.203299+0.007729 
[461]	train-rmse:0.194899+0.001986	test-rmse:0.203333+0.007691 
[462]	train-rmse:0.194846+0.002007	test-rmse:0.203297+0.007702 
[463]	train-rmse:0.194848+0.002007	test-rmse:0.203297+0.007702 
[464]	train-rmse:0.194742+0.002033	test-rmse:0.203197+0.007739 
[465]	train-rmse:0.194743+0.002033	test-rmse:0.203198+0.007739 
[466]	train-rmse:0.194744+0.002032	test-rmse:0.203198+0.007739 
[467]	train-rmse:0.194746+0.002032	test-rmse:0.203199+0.007739 
[468]	train-rmse:0.194701+0.001988	test-rmse:0.203202+0.007738 
[469]	train-rmse:0.194702+0.001987	test-rmse:0.203203+0.007738 
[470]	train-rmse:0.194704+0.001988	test-rmse:0.203204+0.007738 
[471]	train-rmse:0.194662+0.002059	test-rmse:0.203173+0.007682 
[472]	train-rmse:0.194663+0.002059	test-rmse:0.203174+0.007682 
[473]	train-rmse:0.194613+0.002006	test-rmse:0.203130+0.007714 
[474]	train-rmse:0.194494+0.001956	test-rmse:0.202979+0.007699 
[475]	train-rmse:0.194453+0.001918	test-rmse:0.202945+0.007736 
[476]	train-rmse:0.194343+0.001958	test-rmse:0.202851+0.007661 
[477]	train-rmse:0.194309+0.001955	test-rmse:0.202851+0.007660 
[478]	train-rmse:0.194157+0.001934	test-rmse:0.202759+0.007725 
[479]	train-rmse:0.194105+0.002021	test-rmse:0.202750+0.007709 
[480]	train-rmse:0.194069+0.001997	test-rmse:0.202724+0.007738 
[481]	train-rmse:0.194032+0.001949	test-rmse:0.202681+0.007770 
[482]	train-rmse:0.194034+0.001949	test-rmse:0.202682+0.007770 
[483]	train-rmse:0.193993+0.001924	test-rmse:0.202637+0.007820 
[484]	train-rmse:0.193865+0.001805	test-rmse:0.202523+0.007823 
[485]	train-rmse:0.193803+0.001830	test-rmse:0.202469+0.007840 
[486]	train-rmse:0.193805+0.001831	test-rmse:0.202469+0.007840 
[487]	train-rmse:0.193807+0.001831	test-rmse:0.202471+0.007840 
[488]	train-rmse:0.193757+0.001822	test-rmse:0.202452+0.007832 
[489]	train-rmse:0.193759+0.001822	test-rmse:0.202452+0.007832 
[490]	train-rmse:0.193760+0.001822	test-rmse:0.202453+0.007832 
[491]	train-rmse:0.193762+0.001823	test-rmse:0.202454+0.007832 
[492]	train-rmse:0.193730+0.001839	test-rmse:0.202453+0.007832 
[493]	train-rmse:0.193661+0.001754	test-rmse:0.202414+0.007860 
[494]	train-rmse:0.193662+0.001754	test-rmse:0.202415+0.007860 
[495]	train-rmse:0.193604+0.001710	test-rmse:0.202402+0.007876 
[496]	train-rmse:0.193605+0.001710	test-rmse:0.202403+0.007876 
[497]	train-rmse:0.193607+0.001710	test-rmse:0.202404+0.007876 
[498]	train-rmse:0.193608+0.001710	test-rmse:0.202404+0.007876 
[499]	train-rmse:0.193524+0.001611	test-rmse:0.202304+0.007951 
[500]	train-rmse:0.193525+0.001612	test-rmse:0.202305+0.007951 
[501]	train-rmse:0.193488+0.001630	test-rmse:0.202333+0.007944 
[502]	train-rmse:0.193490+0.001631	test-rmse:0.202334+0.007943 
[503]	train-rmse:0.193416+0.001757	test-rmse:0.202292+0.007871 
[504]	train-rmse:0.193299+0.001849	test-rmse:0.202199+0.007804 
[505]	train-rmse:0.193300+0.001849	test-rmse:0.202199+0.007804 
[506]	train-rmse:0.193271+0.001902	test-rmse:0.202237+0.007868 
[507]	train-rmse:0.193272+0.001902	test-rmse:0.202238+0.007867 
[508]	train-rmse:0.193215+0.001850	test-rmse:0.202227+0.007875 
[509]	train-rmse:0.193216+0.001850	test-rmse:0.202228+0.007876 
[510]	train-rmse:0.193218+0.001850	test-rmse:0.202228+0.007876 
[511]	train-rmse:0.193219+0.001850	test-rmse:0.202229+0.007876 
[512]	train-rmse:0.193220+0.001850	test-rmse:0.202229+0.007877 
[513]	train-rmse:0.193151+0.001795	test-rmse:0.202198+0.007902 
[514]	train-rmse:0.193152+0.001795	test-rmse:0.202199+0.007901 
[515]	train-rmse:0.193098+0.001759	test-rmse:0.202201+0.007901 
[516]	train-rmse:0.193099+0.001759	test-rmse:0.202201+0.007901 
[517]	train-rmse:0.193028+0.001727	test-rmse:0.202089+0.007857 
[518]	train-rmse:0.192965+0.001746	test-rmse:0.202027+0.007874 
[519]	train-rmse:0.192905+0.001725	test-rmse:0.201953+0.007848 
[520]	train-rmse:0.192906+0.001726	test-rmse:0.201954+0.007848 
[521]	train-rmse:0.192822+0.001638	test-rmse:0.201874+0.007933 
[522]	train-rmse:0.192805+0.001632	test-rmse:0.201839+0.007921 
[523]	train-rmse:0.192760+0.001590	test-rmse:0.201837+0.007923 
[524]	train-rmse:0.192761+0.001590	test-rmse:0.201838+0.007923 
[525]	train-rmse:0.192733+0.001599	test-rmse:0.201822+0.007927 
[526]	train-rmse:0.192734+0.001599	test-rmse:0.201823+0.007927 
[527]	train-rmse:0.192667+0.001556	test-rmse:0.201746+0.007969 
[528]	train-rmse:0.192593+0.001541	test-rmse:0.201679+0.007949 
[529]	train-rmse:0.192550+0.001503	test-rmse:0.201624+0.007993 
[530]	train-rmse:0.192426+0.001503	test-rmse:0.201553+0.007988 
[531]	train-rmse:0.192427+0.001503	test-rmse:0.201554+0.007988 
[532]	train-rmse:0.192349+0.001590	test-rmse:0.201578+0.008024 
[533]	train-rmse:0.192254+0.001681	test-rmse:0.201480+0.007959 
[534]	train-rmse:0.192203+0.001777	test-rmse:0.201447+0.007898 
[535]	train-rmse:0.192204+0.001777	test-rmse:0.201448+0.007898 
[536]	train-rmse:0.192205+0.001777	test-rmse:0.201449+0.007898 
[537]	train-rmse:0.192207+0.001777	test-rmse:0.201450+0.007898 
[538]	train-rmse:0.192208+0.001777	test-rmse:0.201450+0.007898 
[539]	train-rmse:0.192209+0.001777	test-rmse:0.201452+0.007899 
[540]	train-rmse:0.192179+0.001750	test-rmse:0.201440+0.007912 
[541]	train-rmse:0.192180+0.001750	test-rmse:0.201441+0.007912 
[542]	train-rmse:0.192145+0.001816	test-rmse:0.201440+0.007910 
[543]	train-rmse:0.192030+0.001785	test-rmse:0.201348+0.007949 
[544]	train-rmse:0.192031+0.001785	test-rmse:0.201349+0.007949 
[545]	train-rmse:0.192033+0.001785	test-rmse:0.201350+0.007949 
[546]	train-rmse:0.192003+0.001793	test-rmse:0.201340+0.007952 
[547]	train-rmse:0.192004+0.001793	test-rmse:0.201341+0.007952 
[548]	train-rmse:0.191939+0.001818	test-rmse:0.201298+0.007964 
[549]	train-rmse:0.191901+0.001888	test-rmse:0.201293+0.007954 
[550]	train-rmse:0.191811+0.001874	test-rmse:0.201168+0.007964 
[551]	train-rmse:0.191691+0.001843	test-rmse:0.201071+0.008015 
[552]	train-rmse:0.191692+0.001843	test-rmse:0.201072+0.008015 
[553]	train-rmse:0.191604+0.001782	test-rmse:0.201012+0.008035 
[554]	train-rmse:0.191606+0.001782	test-rmse:0.201013+0.008035 
[555]	train-rmse:0.191607+0.001782	test-rmse:0.201014+0.008035 
[556]	train-rmse:0.191572+0.001756	test-rmse:0.200982+0.008061 
[557]	train-rmse:0.191486+0.001838	test-rmse:0.200952+0.008009 
[558]	train-rmse:0.191413+0.001766	test-rmse:0.200928+0.008034 
[559]	train-rmse:0.191414+0.001766	test-rmse:0.200928+0.008034 
[560]	train-rmse:0.191415+0.001766	test-rmse:0.200929+0.008034 
[561]	train-rmse:0.191417+0.001766	test-rmse:0.200929+0.008034 
[562]	train-rmse:0.191418+0.001767	test-rmse:0.200930+0.008035 
[563]	train-rmse:0.191384+0.001736	test-rmse:0.200926+0.008039 
[564]	train-rmse:0.191385+0.001736	test-rmse:0.200927+0.008039 
[565]	train-rmse:0.191349+0.001754	test-rmse:0.200871+0.008055 
[566]	train-rmse:0.191330+0.001737	test-rmse:0.200794+0.008133 
[567]	train-rmse:0.191293+0.001802	test-rmse:0.200743+0.008043 
[568]	train-rmse:0.191294+0.001803	test-rmse:0.200744+0.008043 
[569]	train-rmse:0.191295+0.001803	test-rmse:0.200744+0.008043 
[570]	train-rmse:0.191265+0.001818	test-rmse:0.200735+0.008046 
[571]	train-rmse:0.191266+0.001818	test-rmse:0.200736+0.008047 
[572]	train-rmse:0.191217+0.001777	test-rmse:0.200708+0.008069 
[573]	train-rmse:0.191218+0.001777	test-rmse:0.200709+0.008070 
[574]	train-rmse:0.191219+0.001777	test-rmse:0.200710+0.008070 
[575]	train-rmse:0.191220+0.001777	test-rmse:0.200711+0.008070 
[576]	train-rmse:0.191152+0.001836	test-rmse:0.200710+0.008043 
[577]	train-rmse:0.191095+0.001795	test-rmse:0.200664+0.008081 
[578]	train-rmse:0.191096+0.001795	test-rmse:0.200665+0.008080 
[579]	train-rmse:0.191097+0.001795	test-rmse:0.200666+0.008081 
[580]	train-rmse:0.191098+0.001795	test-rmse:0.200666+0.008080 
[581]	train-rmse:0.191066+0.001774	test-rmse:0.200607+0.008130 
[582]	train-rmse:0.191067+0.001774	test-rmse:0.200607+0.008131 
[583]	train-rmse:0.191069+0.001774	test-rmse:0.200608+0.008130 
[584]	train-rmse:0.191070+0.001775	test-rmse:0.200608+0.008130 
[585]	train-rmse:0.191071+0.001775	test-rmse:0.200609+0.008130 
[586]	train-rmse:0.191072+0.001775	test-rmse:0.200609+0.008130 
[587]	train-rmse:0.191015+0.001803	test-rmse:0.200636+0.008123 
[588]	train-rmse:0.190930+0.001752	test-rmse:0.200527+0.008139 
[589]	train-rmse:0.190847+0.001899	test-rmse:0.200496+0.008083 
[590]	train-rmse:0.190810+0.001861	test-rmse:0.200483+0.008097 
[591]	train-rmse:0.190811+0.001861	test-rmse:0.200483+0.008097 
[592]	train-rmse:0.190812+0.001861	test-rmse:0.200484+0.008097 
[593]	train-rmse:0.190772+0.001824	test-rmse:0.200502+0.008080 
[594]	train-rmse:0.190723+0.001796	test-rmse:0.200483+0.008097 
[595]	train-rmse:0.190670+0.001895	test-rmse:0.200465+0.008065 
[596]	train-rmse:0.190578+0.001887	test-rmse:0.200393+0.008122 
[597]	train-rmse:0.190459+0.001967	test-rmse:0.200392+0.008133 
[598]	train-rmse:0.190429+0.001978	test-rmse:0.200408+0.008130 
[599]	train-rmse:0.190400+0.002032	test-rmse:0.200394+0.008104 
[600]	train-rmse:0.190402+0.002033	test-rmse:0.200395+0.008104 
[601]	train-rmse:0.190403+0.002033	test-rmse:0.200396+0.008104 
[602]	train-rmse:0.190361+0.002111	test-rmse:0.200404+0.008117 
[603]	train-rmse:0.190226+0.002230	test-rmse:0.200302+0.008094 
[604]	train-rmse:0.190164+0.002345	test-rmse:0.200298+0.008085 
[605]	train-rmse:0.190165+0.002345	test-rmse:0.200298+0.008085 
[606]	train-rmse:0.190166+0.002345	test-rmse:0.200299+0.008085 
[607]	train-rmse:0.190167+0.002345	test-rmse:0.200299+0.008085 
[608]	train-rmse:0.190139+0.002333	test-rmse:0.200264+0.008118 
[609]	train-rmse:0.190107+0.002321	test-rmse:0.200217+0.008163 
[610]	train-rmse:0.190091+0.002315	test-rmse:0.200187+0.008193 
[611]	train-rmse:0.190092+0.002315	test-rmse:0.200187+0.008193 
[612]	train-rmse:0.190031+0.002311	test-rmse:0.200156+0.008204 
[613]	train-rmse:0.189966+0.002322	test-rmse:0.200119+0.008120 
[614]	train-rmse:0.189967+0.002322	test-rmse:0.200120+0.008120 
[615]	train-rmse:0.189939+0.002292	test-rmse:0.200058+0.008178 
[616]	train-rmse:0.189914+0.002284	test-rmse:0.200079+0.008159 
[617]	train-rmse:0.189848+0.002239	test-rmse:0.200043+0.008144 
[618]	train-rmse:0.189849+0.002239	test-rmse:0.200044+0.008145 
[619]	train-rmse:0.189821+0.002207	test-rmse:0.200054+0.008136 
[620]	train-rmse:0.189822+0.002207	test-rmse:0.200054+0.008136 
[621]	train-rmse:0.189823+0.002207	test-rmse:0.200055+0.008136 
[622]	train-rmse:0.189792+0.002198	test-rmse:0.200023+0.008166 
[623]	train-rmse:0.189793+0.002198	test-rmse:0.200023+0.008166 
[624]	train-rmse:0.189743+0.002145	test-rmse:0.200013+0.008177 
[625]	train-rmse:0.189744+0.002145	test-rmse:0.200014+0.008176 
[626]	train-rmse:0.189729+0.002175	test-rmse:0.200008+0.008165 
[627]	train-rmse:0.189682+0.002142	test-rmse:0.200010+0.008165 
[628]	train-rmse:0.189648+0.002122	test-rmse:0.199990+0.008158 
[629]	train-rmse:0.189614+0.002111	test-rmse:0.199999+0.008150 
[630]	train-rmse:0.189563+0.002057	test-rmse:0.199949+0.008199 
[631]	train-rmse:0.189564+0.002057	test-rmse:0.199949+0.008198 
[632]	train-rmse:0.189565+0.002057	test-rmse:0.199950+0.008198 
[633]	train-rmse:0.189566+0.002056	test-rmse:0.199950+0.008198 
[634]	train-rmse:0.189501+0.002047	test-rmse:0.199920+0.008220 
[635]	train-rmse:0.189502+0.002047	test-rmse:0.199921+0.008219 
[636]	train-rmse:0.189503+0.002047	test-rmse:0.199922+0.008219 
[637]	train-rmse:0.189441+0.002043	test-rmse:0.199917+0.008242 
[638]	train-rmse:0.189442+0.002043	test-rmse:0.199918+0.008242 
[639]	train-rmse:0.189443+0.002043	test-rmse:0.199919+0.008241 
[640]	train-rmse:0.189444+0.002043	test-rmse:0.199919+0.008241 
[641]	train-rmse:0.189445+0.002043	test-rmse:0.199920+0.008241 
[642]	train-rmse:0.189422+0.002087	test-rmse:0.199899+0.008203 
[643]	train-rmse:0.189402+0.002125	test-rmse:0.199882+0.008172 
[644]	train-rmse:0.189304+0.002036	test-rmse:0.199836+0.008176 
[645]	train-rmse:0.189305+0.002036	test-rmse:0.199837+0.008176 
[646]	train-rmse:0.189306+0.002036	test-rmse:0.199837+0.008176 
[647]	train-rmse:0.189307+0.002036	test-rmse:0.199838+0.008176 
[648]	train-rmse:0.189256+0.002026	test-rmse:0.199822+0.008192 
[649]	train-rmse:0.189200+0.002007	test-rmse:0.199842+0.008202 
[650]	train-rmse:0.189201+0.002008	test-rmse:0.199843+0.008202 
[651]	train-rmse:0.189155+0.001978	test-rmse:0.199843+0.008202 
[652]	train-rmse:0.189156+0.001978	test-rmse:0.199843+0.008202 
[653]	train-rmse:0.189157+0.001978	test-rmse:0.199844+0.008202 
[654]	train-rmse:0.189106+0.001922	test-rmse:0.199785+0.008260 
[655]	train-rmse:0.189091+0.001918	test-rmse:0.199760+0.008284 
[656]	train-rmse:0.188951+0.001888	test-rmse:0.199698+0.008312 
[657]	train-rmse:0.188952+0.001888	test-rmse:0.199699+0.008312 
[658]	train-rmse:0.188953+0.001888	test-rmse:0.199699+0.008312 
[659]	train-rmse:0.188954+0.001888	test-rmse:0.199700+0.008312 
[660]	train-rmse:0.188955+0.001888	test-rmse:0.199700+0.008312 
[661]	train-rmse:0.188928+0.001863	test-rmse:0.199674+0.008338 
[662]	train-rmse:0.188930+0.001863	test-rmse:0.199675+0.008338 
[663]	train-rmse:0.188931+0.001863	test-rmse:0.199675+0.008339 
[664]	train-rmse:0.188869+0.001862	test-rmse:0.199631+0.008346 
[665]	train-rmse:0.188870+0.001862	test-rmse:0.199632+0.008346 
[666]	train-rmse:0.188830+0.001940	test-rmse:0.199590+0.008272 
[667]	train-rmse:0.188832+0.001940	test-rmse:0.199590+0.008272 
[668]	train-rmse:0.188833+0.001940	test-rmse:0.199591+0.008272 
[669]	train-rmse:0.188791+0.001943	test-rmse:0.199552+0.008279 
[670]	train-rmse:0.188792+0.001943	test-rmse:0.199552+0.008279 
[671]	train-rmse:0.188743+0.001910	test-rmse:0.199506+0.008260 
[672]	train-rmse:0.188744+0.001910	test-rmse:0.199507+0.008260 
[673]	train-rmse:0.188699+0.001884	test-rmse:0.199454+0.008240 
[674]	train-rmse:0.188700+0.001884	test-rmse:0.199455+0.008239 
[675]	train-rmse:0.188702+0.001884	test-rmse:0.199456+0.008239 
[676]	train-rmse:0.188638+0.001854	test-rmse:0.199417+0.008225 
[677]	train-rmse:0.188639+0.001854	test-rmse:0.199417+0.008225 
[678]	train-rmse:0.188598+0.001839	test-rmse:0.199378+0.008212 
[679]	train-rmse:0.188600+0.001839	test-rmse:0.199378+0.008212 
[680]	train-rmse:0.188581+0.001876	test-rmse:0.199387+0.008225 
[681]	train-rmse:0.188515+0.001896	test-rmse:0.199315+0.008173 
[682]	train-rmse:0.188485+0.001884	test-rmse:0.199275+0.008211 
[683]	train-rmse:0.188410+0.001824	test-rmse:0.199365+0.008157 
[684]	train-rmse:0.188392+0.001817	test-rmse:0.199356+0.008165 
[685]	train-rmse:0.188393+0.001817	test-rmse:0.199357+0.008165 
[686]	train-rmse:0.188368+0.001866	test-rmse:0.199349+0.008150 
[687]	train-rmse:0.188350+0.001860	test-rmse:0.199345+0.008148 
[688]	train-rmse:0.188318+0.001850	test-rmse:0.199321+0.008172 
[689]	train-rmse:0.188265+0.001952	test-rmse:0.199297+0.008128 
[690]	train-rmse:0.188266+0.001953	test-rmse:0.199297+0.008128 
[691]	train-rmse:0.188266+0.001953	test-rmse:0.199297+0.008128 
[692]	train-rmse:0.188267+0.001953	test-rmse:0.199297+0.008128 
[693]	train-rmse:0.188268+0.001953	test-rmse:0.199298+0.008127 
[694]	train-rmse:0.188208+0.001908	test-rmse:0.199318+0.008107 
[695]	train-rmse:0.188210+0.001908	test-rmse:0.199319+0.008107 
[696]	train-rmse:0.188151+0.001900	test-rmse:0.199301+0.008110 
[697]	train-rmse:0.188152+0.001900	test-rmse:0.199302+0.008110 
[698]	train-rmse:0.188076+0.001838	test-rmse:0.199280+0.008131 
[699]	train-rmse:0.188053+0.001815	test-rmse:0.199291+0.008121 
[700]	train-rmse:0.188055+0.001815	test-rmse:0.199292+0.008121 
[701]	train-rmse:0.188028+0.001867	test-rmse:0.199281+0.008101 
[702]	train-rmse:0.187989+0.001863	test-rmse:0.199247+0.008107 
[703]	train-rmse:0.187951+0.001845	test-rmse:0.199205+0.008092 
[704]	train-rmse:0.187931+0.001844	test-rmse:0.199202+0.008093 
[705]	train-rmse:0.187932+0.001844	test-rmse:0.199202+0.008093 
[706]	train-rmse:0.187933+0.001844	test-rmse:0.199202+0.008093 
[707]	train-rmse:0.187893+0.001802	test-rmse:0.199227+0.008070 
[708]	train-rmse:0.187781+0.001797	test-rmse:0.199160+0.008114 
[709]	train-rmse:0.187727+0.001902	test-rmse:0.199144+0.008083 
[710]	train-rmse:0.187674+0.002005	test-rmse:0.199113+0.008030 
[711]	train-rmse:0.187675+0.002005	test-rmse:0.199114+0.008030 
[712]	train-rmse:0.187676+0.002006	test-rmse:0.199114+0.008029 
[713]	train-rmse:0.187649+0.002004	test-rmse:0.199101+0.008032 
[714]	train-rmse:0.187650+0.002004	test-rmse:0.199101+0.008032 
[715]	train-rmse:0.187651+0.002004	test-rmse:0.199102+0.008032 
[716]	train-rmse:0.187652+0.002004	test-rmse:0.199102+0.008032 
[717]	train-rmse:0.187653+0.002004	test-rmse:0.199103+0.008032 
[718]	train-rmse:0.187645+0.002020	test-rmse:0.199147+0.008108 
[719]	train-rmse:0.187646+0.002020	test-rmse:0.199147+0.008108 
[720]	train-rmse:0.187594+0.002012	test-rmse:0.199080+0.008162 
[721]	train-rmse:0.187560+0.002078	test-rmse:0.199051+0.008111 
[722]	train-rmse:0.187515+0.002064	test-rmse:0.199004+0.008158 
[723]	train-rmse:0.187435+0.002032	test-rmse:0.198974+0.008168 
[724]	train-rmse:0.187436+0.002032	test-rmse:0.198974+0.008168 
[725]	train-rmse:0.187394+0.002021	test-rmse:0.198958+0.008185 
[726]	train-rmse:0.187395+0.002022	test-rmse:0.198958+0.008185 
[727]	train-rmse:0.187378+0.002020	test-rmse:0.198986+0.008180 
[728]	train-rmse:0.187379+0.002021	test-rmse:0.198986+0.008180 
[729]	train-rmse:0.187380+0.002021	test-rmse:0.198986+0.008180 
[730]	train-rmse:0.187329+0.002012	test-rmse:0.198979+0.008187 
[731]	train-rmse:0.187331+0.002012	test-rmse:0.198980+0.008187 
[732]	train-rmse:0.187280+0.002109	test-rmse:0.198938+0.008114 
[733]	train-rmse:0.187281+0.002109	test-rmse:0.198938+0.008113 
[734]	train-rmse:0.187282+0.002109	test-rmse:0.198939+0.008113 
[735]	train-rmse:0.187244+0.002073	test-rmse:0.198945+0.008108 
[736]	train-rmse:0.187137+0.002018	test-rmse:0.198903+0.008092 
[737]	train-rmse:0.187091+0.001987	test-rmse:0.198887+0.008086 
[738]	train-rmse:0.187035+0.002019	test-rmse:0.198799+0.008032 
[739]	train-rmse:0.187036+0.002019	test-rmse:0.198799+0.008032 
[740]	train-rmse:0.187037+0.002019	test-rmse:0.198800+0.008032 
[741]	train-rmse:0.187038+0.002019	test-rmse:0.198800+0.008032 
[742]	train-rmse:0.187039+0.002019	test-rmse:0.198801+0.008032 
[743]	train-rmse:0.187040+0.002019	test-rmse:0.198801+0.008032 
[744]	train-rmse:0.187041+0.002019	test-rmse:0.198801+0.008032 
[745]	train-rmse:0.187042+0.002019	test-rmse:0.198802+0.008031 
[746]	train-rmse:0.187025+0.002015	test-rmse:0.198766+0.008069 
[747]	train-rmse:0.187026+0.002015	test-rmse:0.198767+0.008069 
[748]	train-rmse:0.187027+0.002015	test-rmse:0.198767+0.008069 
[749]	train-rmse:0.187011+0.002048	test-rmse:0.198751+0.008042 
[750]	train-rmse:0.187012+0.002048	test-rmse:0.198752+0.008041 
[751]	train-rmse:0.187013+0.002048	test-rmse:0.198752+0.008041 
[752]	train-rmse:0.186986+0.002024	test-rmse:0.198743+0.008050 
[753]	train-rmse:0.186987+0.002024	test-rmse:0.198743+0.008050 
[754]	train-rmse:0.186949+0.002003	test-rmse:0.198729+0.008045 
[755]	train-rmse:0.186950+0.002003	test-rmse:0.198730+0.008045 
[756]	train-rmse:0.186951+0.002003	test-rmse:0.198730+0.008045 
[757]	train-rmse:0.186838+0.002082	test-rmse:0.198709+0.008092 
[758]	train-rmse:0.186839+0.002082	test-rmse:0.198710+0.008092 
[759]	train-rmse:0.186840+0.002082	test-rmse:0.198710+0.008092 
[760]	train-rmse:0.186841+0.002082	test-rmse:0.198710+0.008091 
[761]	train-rmse:0.186842+0.002082	test-rmse:0.198710+0.008091 
[762]	train-rmse:0.186843+0.002082	test-rmse:0.198711+0.008091 
[763]	train-rmse:0.186729+0.002034	test-rmse:0.198728+0.008089 
[764]	train-rmse:0.186730+0.002034	test-rmse:0.198729+0.008089 
[765]	train-rmse:0.186731+0.002034	test-rmse:0.198729+0.008088 
[766]	train-rmse:0.186732+0.002034	test-rmse:0.198729+0.008088 
[767]	train-rmse:0.186689+0.001998	test-rmse:0.198718+0.008099 
[768]	train-rmse:0.186667+0.001989	test-rmse:0.198721+0.008097 
[769]	train-rmse:0.186668+0.001989	test-rmse:0.198721+0.008097 
[770]	train-rmse:0.186669+0.001989	test-rmse:0.198721+0.008096 
[771]	train-rmse:0.186670+0.001989	test-rmse:0.198722+0.008096 
[772]	train-rmse:0.186671+0.001989	test-rmse:0.198722+0.008096 
[773]	train-rmse:0.186672+0.001990	test-rmse:0.198723+0.008096 
[774]	train-rmse:0.186657+0.002021	test-rmse:0.198715+0.008082 
[775]	train-rmse:0.186658+0.002021	test-rmse:0.198716+0.008082 
[776]	train-rmse:0.186659+0.002021	test-rmse:0.198716+0.008082 
[777]	train-rmse:0.186660+0.002021	test-rmse:0.198716+0.008083 
[778]	train-rmse:0.186661+0.002021	test-rmse:0.198716+0.008082 
[779]	train-rmse:0.186641+0.002005	test-rmse:0.198697+0.008101 
[780]	train-rmse:0.186642+0.002005	test-rmse:0.198698+0.008101 
[781]	train-rmse:0.186643+0.002005	test-rmse:0.198698+0.008101 
[782]	train-rmse:0.186585+0.001985	test-rmse:0.198691+0.008109 
[783]	train-rmse:0.186587+0.001985	test-rmse:0.198691+0.008109 
[784]	train-rmse:0.186548+0.001954	test-rmse:0.198687+0.008113 
[785]	train-rmse:0.186518+0.001944	test-rmse:0.198655+0.008146 
[786]	train-rmse:0.186477+0.002028	test-rmse:0.198652+0.008140 
[787]	train-rmse:0.186452+0.002014	test-rmse:0.198596+0.008122 
[788]	train-rmse:0.186368+0.002090	test-rmse:0.198581+0.008030 
[789]	train-rmse:0.186311+0.002063	test-rmse:0.198574+0.008037 
[790]	train-rmse:0.186312+0.002063	test-rmse:0.198574+0.008037 
[791]	train-rmse:0.186262+0.002088	test-rmse:0.198579+0.007935 
[792]	train-rmse:0.186235+0.002072	test-rmse:0.198573+0.007933 
[793]	train-rmse:0.186236+0.002072	test-rmse:0.198574+0.007933 
[794]	train-rmse:0.186182+0.002037	test-rmse:0.198558+0.007947 
[795]	train-rmse:0.186183+0.002037	test-rmse:0.198559+0.007947 
[796]	train-rmse:0.186184+0.002037	test-rmse:0.198559+0.007946 
[797]	train-rmse:0.186104+0.002103	test-rmse:0.198523+0.007905 
[798]	train-rmse:0.186105+0.002103	test-rmse:0.198524+0.007905 
[799]	train-rmse:0.186068+0.002082	test-rmse:0.198498+0.007897 
[800]	train-rmse:0.186069+0.002082	test-rmse:0.198498+0.007897 
[801]	train-rmse:0.186032+0.002159	test-rmse:0.198448+0.007810 
[802]	train-rmse:0.186033+0.002159	test-rmse:0.198448+0.007810 
[803]	train-rmse:0.186017+0.002151	test-rmse:0.198439+0.007811 
[804]	train-rmse:0.185983+0.002168	test-rmse:0.198444+0.007847 
[805]	train-rmse:0.185927+0.002231	test-rmse:0.198394+0.007801 
[806]	train-rmse:0.185928+0.002231	test-rmse:0.198394+0.007800 
[807]	train-rmse:0.185929+0.002231	test-rmse:0.198394+0.007800 
[808]	train-rmse:0.185929+0.002231	test-rmse:0.198394+0.007800 
[809]	train-rmse:0.185930+0.002231	test-rmse:0.198395+0.007800 
[810]	train-rmse:0.185890+0.002212	test-rmse:0.198349+0.007804 
[811]	train-rmse:0.185891+0.002212	test-rmse:0.198350+0.007804 
[812]	train-rmse:0.185892+0.002212	test-rmse:0.198350+0.007804 
[813]	train-rmse:0.185893+0.002212	test-rmse:0.198350+0.007803 
[814]	train-rmse:0.185831+0.002190	test-rmse:0.198331+0.007805 
[815]	train-rmse:0.185832+0.002190	test-rmse:0.198331+0.007805 
[816]	train-rmse:0.185766+0.002228	test-rmse:0.198254+0.007850 
[817]	train-rmse:0.185767+0.002228	test-rmse:0.198254+0.007850 
[818]	train-rmse:0.185768+0.002228	test-rmse:0.198255+0.007849 
[819]	train-rmse:0.185768+0.002228	test-rmse:0.198255+0.007849 
[820]	train-rmse:0.185745+0.002214	test-rmse:0.198228+0.007874 
[821]	train-rmse:0.185746+0.002214	test-rmse:0.198229+0.007873 
[822]	train-rmse:0.185709+0.002195	test-rmse:0.198209+0.007893 
[823]	train-rmse:0.185710+0.002196	test-rmse:0.198209+0.007893 
[824]	train-rmse:0.185711+0.002196	test-rmse:0.198210+0.007893 
[825]	train-rmse:0.185712+0.002196	test-rmse:0.198210+0.007893 
[826]	train-rmse:0.185713+0.002196	test-rmse:0.198211+0.007893 
[827]	train-rmse:0.185670+0.002281	test-rmse:0.198190+0.007856 
[828]	train-rmse:0.185628+0.002258	test-rmse:0.198156+0.007887 
[829]	train-rmse:0.185590+0.002240	test-rmse:0.198126+0.007917 
[830]	train-rmse:0.185530+0.002275	test-rmse:0.198121+0.007974 
[831]	train-rmse:0.185489+0.002254	test-rmse:0.198092+0.008003 
[832]	train-rmse:0.185490+0.002255	test-rmse:0.198093+0.008003 
[833]	train-rmse:0.185419+0.002226	test-rmse:0.198077+0.008021 
[834]	train-rmse:0.185420+0.002226	test-rmse:0.198077+0.008020 
[835]	train-rmse:0.185399+0.002217	test-rmse:0.198087+0.008010 
[836]	train-rmse:0.185379+0.002207	test-rmse:0.198068+0.008029 
[837]	train-rmse:0.185363+0.002201	test-rmse:0.198062+0.008029 
[838]	train-rmse:0.185364+0.002201	test-rmse:0.198062+0.008029 
[839]	train-rmse:0.185280+0.002161	test-rmse:0.197977+0.008024 
[840]	train-rmse:0.185216+0.002115	test-rmse:0.197920+0.008007 
[841]	train-rmse:0.185186+0.002106	test-rmse:0.197935+0.008005 
[842]	train-rmse:0.185187+0.002107	test-rmse:0.197935+0.008005 
[843]	train-rmse:0.185188+0.002106	test-rmse:0.197935+0.008005 
[844]	train-rmse:0.185157+0.002099	test-rmse:0.197940+0.008004 
[845]	train-rmse:0.185158+0.002099	test-rmse:0.197941+0.008004 
[846]	train-rmse:0.185148+0.002119	test-rmse:0.197911+0.007951 
[847]	train-rmse:0.185149+0.002120	test-rmse:0.197911+0.007951 
[848]	train-rmse:0.185150+0.002120	test-rmse:0.197911+0.007951 
[849]	train-rmse:0.185151+0.002120	test-rmse:0.197912+0.007951 
[850]	train-rmse:0.185102+0.002090	test-rmse:0.197908+0.007972 
[851]	train-rmse:0.185081+0.002085	test-rmse:0.197901+0.007973 
[852]	train-rmse:0.185082+0.002085	test-rmse:0.197902+0.007973 
[853]	train-rmse:0.185083+0.002085	test-rmse:0.197902+0.007973 
[854]	train-rmse:0.185018+0.002055	test-rmse:0.197850+0.008018 
[855]	train-rmse:0.184975+0.002035	test-rmse:0.197812+0.008056 
[856]	train-rmse:0.184976+0.002035	test-rmse:0.197812+0.008056 
[857]	train-rmse:0.184977+0.002035	test-rmse:0.197812+0.008056 
[858]	train-rmse:0.184977+0.002035	test-rmse:0.197813+0.008056 
[859]	train-rmse:0.184918+0.002005	test-rmse:0.197789+0.008078 
[860]	train-rmse:0.184848+0.002007	test-rmse:0.197722+0.008056 
[861]	train-rmse:0.184848+0.002007	test-rmse:0.197722+0.008056 
[862]	train-rmse:0.184826+0.002002	test-rmse:0.197711+0.008057 
[863]	train-rmse:0.184815+0.001995	test-rmse:0.197685+0.008082 
[864]	train-rmse:0.184816+0.001995	test-rmse:0.197685+0.008082 
[865]	train-rmse:0.184795+0.001989	test-rmse:0.197697+0.008070 
[866]	train-rmse:0.184725+0.001938	test-rmse:0.197630+0.008056 
[867]	train-rmse:0.184725+0.001938	test-rmse:0.197631+0.008056 
[868]	train-rmse:0.184726+0.001938	test-rmse:0.197631+0.008056 
[869]	train-rmse:0.184693+0.002005	test-rmse:0.197621+0.008038 
[870]	train-rmse:0.184624+0.001956	test-rmse:0.197632+0.008001 
[871]	train-rmse:0.184625+0.001956	test-rmse:0.197632+0.008001 
[872]	train-rmse:0.184615+0.001953	test-rmse:0.197615+0.008019 
[873]	train-rmse:0.184616+0.001953	test-rmse:0.197615+0.008019 
[874]	train-rmse:0.184586+0.001933	test-rmse:0.197676+0.007965 
[875]	train-rmse:0.184537+0.001900	test-rmse:0.197626+0.007952 
[876]	train-rmse:0.184522+0.001895	test-rmse:0.197623+0.007952 
[877]	train-rmse:0.184523+0.001895	test-rmse:0.197624+0.007952 
[878]	train-rmse:0.184508+0.001888	test-rmse:0.197605+0.007971 
[879]	train-rmse:0.184508+0.001888	test-rmse:0.197605+0.007971 
[880]	train-rmse:0.184469+0.001864	test-rmse:0.197577+0.007996 
[881]	train-rmse:0.184449+0.001856	test-rmse:0.197560+0.008014 
[882]	train-rmse:0.184402+0.001842	test-rmse:0.197519+0.008018 
[883]	train-rmse:0.184376+0.001823	test-rmse:0.197533+0.008021 
[884]	train-rmse:0.184377+0.001823	test-rmse:0.197533+0.008021 
[885]	train-rmse:0.184378+0.001823	test-rmse:0.197533+0.008021 
[886]	train-rmse:0.184347+0.001816	test-rmse:0.197515+0.008023 
[887]	train-rmse:0.184348+0.001816	test-rmse:0.197516+0.008023 
[888]	train-rmse:0.184294+0.001789	test-rmse:0.197472+0.008043 
[889]	train-rmse:0.184272+0.001774	test-rmse:0.197448+0.008037 
[890]	train-rmse:0.184248+0.001822	test-rmse:0.197454+0.008047 
[891]	train-rmse:0.184193+0.001794	test-rmse:0.197473+0.008028 
[892]	train-rmse:0.184179+0.001789	test-rmse:0.197456+0.008030 
[893]	train-rmse:0.184137+0.001874	test-rmse:0.197430+0.007984 
[894]	train-rmse:0.184083+0.001839	test-rmse:0.197418+0.007972 
[895]	train-rmse:0.184084+0.001839	test-rmse:0.197418+0.007972 
[896]	train-rmse:0.184085+0.001839	test-rmse:0.197418+0.007972 
[897]	train-rmse:0.184086+0.001839	test-rmse:0.197418+0.007972 
[898]	train-rmse:0.184087+0.001839	test-rmse:0.197418+0.007972 
[899]	train-rmse:0.184062+0.001825	test-rmse:0.197455+0.007940 
[900]	train-rmse:0.184063+0.001825	test-rmse:0.197455+0.007940 
[901]	train-rmse:0.184064+0.001825	test-rmse:0.197455+0.007940 
[902]	train-rmse:0.183998+0.001871	test-rmse:0.197444+0.007908 
[903]	train-rmse:0.183979+0.001860	test-rmse:0.197446+0.007906 
[904]	train-rmse:0.183946+0.001851	test-rmse:0.197384+0.007914 
[905]	train-rmse:0.183947+0.001851	test-rmse:0.197385+0.007914 
[906]	train-rmse:0.183948+0.001851	test-rmse:0.197385+0.007914 
[907]	train-rmse:0.183915+0.001844	test-rmse:0.197347+0.007920 
[908]	train-rmse:0.183870+0.001819	test-rmse:0.197359+0.007910 
[909]	train-rmse:0.183855+0.001812	test-rmse:0.197357+0.007912 
[910]	train-rmse:0.183836+0.001802	test-rmse:0.197354+0.007916 
[911]	train-rmse:0.183836+0.001802	test-rmse:0.197354+0.007916 
[912]	train-rmse:0.183837+0.001802	test-rmse:0.197354+0.007916 
[913]	train-rmse:0.183838+0.001803	test-rmse:0.197354+0.007915 
[914]	train-rmse:0.183801+0.001876	test-rmse:0.197325+0.007863 
[915]	train-rmse:0.183769+0.001862	test-rmse:0.197304+0.007881 
[916]	train-rmse:0.183769+0.001862	test-rmse:0.197304+0.007881 
[917]	train-rmse:0.183770+0.001862	test-rmse:0.197304+0.007881 
[918]	train-rmse:0.183771+0.001862	test-rmse:0.197305+0.007881 
[919]	train-rmse:0.183772+0.001862	test-rmse:0.197305+0.007881 
[920]	train-rmse:0.183773+0.001862	test-rmse:0.197306+0.007881 
[921]	train-rmse:0.183773+0.001862	test-rmse:0.197306+0.007881 
[922]	train-rmse:0.183763+0.001857	test-rmse:0.197310+0.007878 
[923]	train-rmse:0.183764+0.001857	test-rmse:0.197310+0.007878 
[924]	train-rmse:0.183765+0.001857	test-rmse:0.197310+0.007877 
[925]	train-rmse:0.183732+0.001849	test-rmse:0.197313+0.007877 
[926]	train-rmse:0.183701+0.001822	test-rmse:0.197344+0.007885 
[927]	train-rmse:0.183702+0.001822	test-rmse:0.197344+0.007885 
[928]	train-rmse:0.183693+0.001820	test-rmse:0.197367+0.007881 
[929]	train-rmse:0.183694+0.001820	test-rmse:0.197367+0.007881 
[930]	train-rmse:0.183694+0.001820	test-rmse:0.197368+0.007881 
[931]	train-rmse:0.183695+0.001820	test-rmse:0.197368+0.007881 
[932]	train-rmse:0.183696+0.001820	test-rmse:0.197368+0.007881 
[933]	train-rmse:0.183697+0.001820	test-rmse:0.197368+0.007881 
[934]	train-rmse:0.183682+0.001813	test-rmse:0.197360+0.007889 
[935]	train-rmse:0.183683+0.001813	test-rmse:0.197360+0.007888 
[936]	train-rmse:0.183670+0.001807	test-rmse:0.197340+0.007906 
[937]	train-rmse:0.183657+0.001802	test-rmse:0.197297+0.007944 
[938]	train-rmse:0.183658+0.001802	test-rmse:0.197297+0.007944 
[939]	train-rmse:0.183659+0.001802	test-rmse:0.197297+0.007944 
[940]	train-rmse:0.183614+0.001892	test-rmse:0.197283+0.007919 
[941]	train-rmse:0.183614+0.001892	test-rmse:0.197283+0.007919 
[942]	train-rmse:0.183592+0.001937	test-rmse:0.197300+0.007949 
[943]	train-rmse:0.183570+0.001918	test-rmse:0.197275+0.007942 
[944]	train-rmse:0.183571+0.001918	test-rmse:0.197276+0.007942 
[945]	train-rmse:0.183539+0.001902	test-rmse:0.197241+0.007977 
[946]	train-rmse:0.183540+0.001902	test-rmse:0.197241+0.007977 
[947]	train-rmse:0.183541+0.001902	test-rmse:0.197241+0.007977 
[948]	train-rmse:0.183530+0.001893	test-rmse:0.197250+0.007979 
[949]	train-rmse:0.183531+0.001893	test-rmse:0.197250+0.007979 
[950]	train-rmse:0.183532+0.001893	test-rmse:0.197251+0.007979 
[951]	train-rmse:0.183533+0.001893	test-rmse:0.197251+0.007979 
[952]	train-rmse:0.183534+0.001893	test-rmse:0.197251+0.007979 
[953]	train-rmse:0.183534+0.001893	test-rmse:0.197251+0.007979 
[954]	train-rmse:0.183535+0.001893	test-rmse:0.197251+0.007979 
[955]	train-rmse:0.183513+0.001882	test-rmse:0.197243+0.007988 
[956]	train-rmse:0.183501+0.001877	test-rmse:0.197248+0.007984 
[957]	train-rmse:0.183502+0.001876	test-rmse:0.197248+0.007984 
[958]	train-rmse:0.183502+0.001876	test-rmse:0.197248+0.007984 
[959]	train-rmse:0.183503+0.001876	test-rmse:0.197248+0.007984 
[960]	train-rmse:0.183465+0.001952	test-rmse:0.197250+0.007987 
[961]	train-rmse:0.183449+0.001945	test-rmse:0.197237+0.007999 
[962]	train-rmse:0.183382+0.001919	test-rmse:0.197230+0.008005 
[963]	train-rmse:0.183383+0.001919	test-rmse:0.197230+0.008005 
[964]	train-rmse:0.183366+0.001914	test-rmse:0.197236+0.008000 
[965]	train-rmse:0.183366+0.001914	test-rmse:0.197236+0.008000 
[966]	train-rmse:0.183336+0.001887	test-rmse:0.197232+0.007999 
[967]	train-rmse:0.183336+0.001887	test-rmse:0.197232+0.007999 
[968]	train-rmse:0.183276+0.001868	test-rmse:0.197241+0.008018 
[969]	train-rmse:0.183225+0.001874	test-rmse:0.197270+0.008076 
[970]	train-rmse:0.183226+0.001874	test-rmse:0.197270+0.008076 
[971]	train-rmse:0.183227+0.001874	test-rmse:0.197270+0.008076 
[972]	train-rmse:0.183228+0.001874	test-rmse:0.197270+0.008075 
[973]	train-rmse:0.183208+0.001863	test-rmse:0.197231+0.008115 
[974]	train-rmse:0.183209+0.001863	test-rmse:0.197232+0.008115 
[975]	train-rmse:0.183209+0.001863	test-rmse:0.197232+0.008115 
[976]	train-rmse:0.183138+0.001917	test-rmse:0.197225+0.008122 
[977]	train-rmse:0.183094+0.002004	test-rmse:0.197214+0.008102 
[978]	train-rmse:0.183087+0.002000	test-rmse:0.197194+0.008123 
[979]	train-rmse:0.183040+0.002094	test-rmse:0.197159+0.008062 
[980]	train-rmse:0.183041+0.002094	test-rmse:0.197160+0.008062 
[981]	train-rmse:0.183042+0.002095	test-rmse:0.197160+0.008062 
[982]	train-rmse:0.183042+0.002094	test-rmse:0.197161+0.008062 
[983]	train-rmse:0.183018+0.002144	test-rmse:0.197164+0.008068 
[984]	train-rmse:0.183019+0.002144	test-rmse:0.197165+0.008067 
[985]	train-rmse:0.182972+0.002201	test-rmse:0.197156+0.008014 
[986]	train-rmse:0.182965+0.002198	test-rmse:0.197156+0.008013 
[987]	train-rmse:0.182939+0.002185	test-rmse:0.197148+0.008023 
[988]	train-rmse:0.182924+0.002178	test-rmse:0.197148+0.008023 
[989]	train-rmse:0.182925+0.002178	test-rmse:0.197148+0.008022 
[990]	train-rmse:0.182904+0.002222	test-rmse:0.197132+0.007995 
[991]	train-rmse:0.182867+0.002231	test-rmse:0.197130+0.008000 
[992]	train-rmse:0.182845+0.002222	test-rmse:0.197116+0.008014 
[993]	train-rmse:0.182764+0.002172	test-rmse:0.197144+0.008010 
[994]	train-rmse:0.182765+0.002172	test-rmse:0.197144+0.008010 
[995]	train-rmse:0.182766+0.002172	test-rmse:0.197144+0.008010 
[996]	train-rmse:0.182750+0.002164	test-rmse:0.197160+0.008009 
[997]	train-rmse:0.182751+0.002164	test-rmse:0.197160+0.008009 
[998]	train-rmse:0.182752+0.002164	test-rmse:0.197160+0.008009 
[999]	train-rmse:0.182752+0.002164	test-rmse:0.197161+0.008009 
[1000]	train-rmse:0.182719+0.002153	test-rmse:0.197152+0.008016 
[1001]	train-rmse:0.182690+0.002212	test-rmse:0.197146+0.008005 
[1002]	train-rmse:0.182648+0.002195	test-rmse:0.197122+0.008031 
[1003]	train-rmse:0.182648+0.002195	test-rmse:0.197122+0.008031 
[1004]	train-rmse:0.182623+0.002183	test-rmse:0.197139+0.008030 
[1005]	train-rmse:0.182598+0.002173	test-rmse:0.197143+0.008030 
[1006]	train-rmse:0.182599+0.002173	test-rmse:0.197143+0.008030 
[1007]	train-rmse:0.182600+0.002173	test-rmse:0.197143+0.008030 
[1008]	train-rmse:0.182600+0.002173	test-rmse:0.197143+0.008030 
[1009]	train-rmse:0.182601+0.002173	test-rmse:0.197143+0.008030 
[1010]	train-rmse:0.182549+0.002142	test-rmse:0.197121+0.008039 
[1011]	train-rmse:0.182550+0.002142	test-rmse:0.197121+0.008039 
[1012]	train-rmse:0.182551+0.002142	test-rmse:0.197121+0.008039 
[1013]	train-rmse:0.182539+0.002133	test-rmse:0.197084+0.008029 
[1014]	train-rmse:0.182528+0.002128	test-rmse:0.197083+0.008029 
[1015]	train-rmse:0.182529+0.002127	test-rmse:0.197083+0.008029 
[1016]	train-rmse:0.182455+0.002101	test-rmse:0.197011+0.008098 
[1017]	train-rmse:0.182442+0.002128	test-rmse:0.197001+0.008080 
[1018]	train-rmse:0.182443+0.002128	test-rmse:0.197001+0.008080 
[1019]	train-rmse:0.182444+0.002128	test-rmse:0.197002+0.008080 
[1020]	train-rmse:0.182429+0.002123	test-rmse:0.197010+0.008073 
[1021]	train-rmse:0.182430+0.002123	test-rmse:0.197010+0.008073 
[1022]	train-rmse:0.182430+0.002123	test-rmse:0.197010+0.008073 
[1023]	train-rmse:0.182431+0.002123	test-rmse:0.197010+0.008073 
[1024]	train-rmse:0.182432+0.002123	test-rmse:0.197010+0.008073 
[1025]	train-rmse:0.182372+0.002105	test-rmse:0.196981+0.008104 
[1026]	train-rmse:0.182373+0.002105	test-rmse:0.196981+0.008104 
[1027]	train-rmse:0.182374+0.002105	test-rmse:0.196981+0.008104 
[1028]	train-rmse:0.182375+0.002105	test-rmse:0.196981+0.008104 
[1029]	train-rmse:0.182355+0.002095	test-rmse:0.196980+0.008104 
[1030]	train-rmse:0.182311+0.002081	test-rmse:0.196945+0.008130 
[1031]	train-rmse:0.182288+0.002126	test-rmse:0.196957+0.008150 
[1032]	train-rmse:0.182289+0.002126	test-rmse:0.196957+0.008149 
[1033]	train-rmse:0.182288+0.002125	test-rmse:0.196981+0.008149 
[1034]	train-rmse:0.182289+0.002125	test-rmse:0.196981+0.008149 
[1035]	train-rmse:0.182270+0.002163	test-rmse:0.196993+0.008170 
[1036]	train-rmse:0.182271+0.002163	test-rmse:0.196993+0.008170 
[1037]	train-rmse:0.182271+0.002163	test-rmse:0.196994+0.008170 
[1038]	train-rmse:0.182254+0.002147	test-rmse:0.197040+0.008183 
> hgrid <-
+   dplyr::bind_cols(xgboost_params[index, ], dart.cv$evaluation_log[dart.cv$best_iteration, ], best_iter = dart.cv$best_iteration)
> 
> # write result
> fname <- file.path('data-raw', 'tune', year, 'array', paste0('tune_', index, '.tsv'))
> readr::write_tsv(hgrid, file = fname)
> 
