> 
> # parse arguments
> args <- R.utils::commandArgs(trailingOnly = FALSE, asValues = TRUE)
> index <- as.integer(args$index)
> year <- as.character(args$year)
> nreps <- as.integer(args$nreps)
> seed <- as.integer(args$seed)
> 
> # get number of cores
> wkrs <- length(future::availableWorkers())
> 
> # set seed
> set.seed(seed)
> 
> # read and prepare the cluster features
> fp <- file.path('data-raw', 'features', year)
> clf <-
+   read_features(fp, pattern = 'paris.', recursive = FALSE)
> clf <- prepare_features(
+   clf,
+   feature_map = feature_map,
+   category = c('response', 'bio', 'net'),
+   type = 'list',
+   exclusions = c(
+     'mg2_pairs_count',
+     'mg2_not_pairs_count',
+     'mg2_portion_families_recovered',
+     'cluster_origin',
+     'bocc_origin',
+     'cluster_method',
+     'subcluster_method',
+     'year',
+     'IDs',
+     'go_sig_threshold',
+     'num_new_edges_on_any_node',
+     'HPO_ratio'
+   ),
+   verbose = TRUE
+ )
c('HPO_ratio', 'IDs', 'bocc_origin', 'cluster_method', 'cluster_origin', 'go_sig_threshold', 'max_norm_cell_type_comma_sep_string', 'max_norm_disease_comma_sep_string', 'mg2_not_pairs_count', 'mg2_pairs_count', 'mg2_portion_families_recovered', 'num_new_edges_on_any_node', 'sig_go_enrichment_fdr_corrected_p_vals', 'sig_go_enrichment_p_vals', 'sig_go_enrichment_terms', 'subcluster_method', 'year')

> 
> # prepare grid of parameters
> xgboost_params <- dials::parameters(
+   nrounds = dials::trees(),
+   eta = dials::learn_rate(),
+   gamma = dials::loss_reduction(),
+   dials::tree_depth(),
+   subsample = dials::sample_prop(),
+   rate_drop = dials::dropout(),
+   skip_drop = dials::dropout()
+ )
> xgboost_params <-
+   dials::grid_max_entropy(xgboost_params, size = nreps)
> 
> # tune the dart booster
> dart.param <-
+   list(
+     booster = "dart",
+     objective = "reg:logistic",
+     eval_metric = "rmse",
+     nthread = wkrs,
+     max_depth = xgboost_params$tree_depth[index],
+     eta = xgboost_params$eta[index],
+     gamma = xgboost_params$gamma[index],
+     subsample = xgboost_params$subsample[index],
+     rate_drop = xgboost_params$rate_drop[index],
+     skip_drop = xgboost_params$skip_drop[index]
+   )
> dart.cv <- xgboost::xgb.cv(
+   params = dart.param,
+   nrounds = xgboost_params$nrounds[index],
+   data = as.matrix(clf[, -1]),
+   nfold = 5,
+   label = clf$snowballing_pvalue,
+   early_stopping_rounds = 50
+ )
[1]	train-rmse:0.382678+0.001055	test-rmse:0.382654+0.004188 
Multiple eval metrics are present. Will use test_rmse for early stopping.
Will train until test_rmse hasn't improved in 50 rounds.

[2]	train-rmse:0.382674+0.001055	test-rmse:0.382650+0.004188 
[3]	train-rmse:0.382670+0.001055	test-rmse:0.382647+0.004188 
[4]	train-rmse:0.382666+0.001055	test-rmse:0.382643+0.004188 
[5]	train-rmse:0.382662+0.001055	test-rmse:0.382640+0.004188 
[6]	train-rmse:0.382659+0.001055	test-rmse:0.382636+0.004188 
[7]	train-rmse:0.382655+0.001055	test-rmse:0.382632+0.004188 
[8]	train-rmse:0.382651+0.001055	test-rmse:0.382629+0.004188 
[9]	train-rmse:0.382647+0.001055	test-rmse:0.382625+0.004188 
[10]	train-rmse:0.382644+0.001055	test-rmse:0.382621+0.004188 
[11]	train-rmse:0.382640+0.001055	test-rmse:0.382618+0.004188 
[12]	train-rmse:0.382636+0.001054	test-rmse:0.382614+0.004188 
[13]	train-rmse:0.382632+0.001054	test-rmse:0.382610+0.004188 
[14]	train-rmse:0.382628+0.001054	test-rmse:0.382607+0.004188 
[15]	train-rmse:0.382625+0.001054	test-rmse:0.382603+0.004188 
[16]	train-rmse:0.382621+0.001054	test-rmse:0.382599+0.004188 
[17]	train-rmse:0.382617+0.001054	test-rmse:0.382596+0.004188 
[18]	train-rmse:0.382613+0.001054	test-rmse:0.382592+0.004188 
[19]	train-rmse:0.382610+0.001054	test-rmse:0.382588+0.004188 
[20]	train-rmse:0.382606+0.001054	test-rmse:0.382585+0.004188 
[21]	train-rmse:0.382602+0.001054	test-rmse:0.382581+0.004187 
[22]	train-rmse:0.382598+0.001054	test-rmse:0.382577+0.004187 
[23]	train-rmse:0.382594+0.001054	test-rmse:0.382574+0.004187 
[24]	train-rmse:0.382591+0.001054	test-rmse:0.382570+0.004187 
[25]	train-rmse:0.382587+0.001054	test-rmse:0.382567+0.004187 
[26]	train-rmse:0.382583+0.001054	test-rmse:0.382563+0.004187 
[27]	train-rmse:0.382579+0.001054	test-rmse:0.382559+0.004187 
[28]	train-rmse:0.382575+0.001054	test-rmse:0.382556+0.004187 
[29]	train-rmse:0.382572+0.001054	test-rmse:0.382552+0.004187 
[30]	train-rmse:0.382568+0.001054	test-rmse:0.382548+0.004187 
[31]	train-rmse:0.382564+0.001054	test-rmse:0.382545+0.004187 
[32]	train-rmse:0.382560+0.001054	test-rmse:0.382541+0.004187 
[33]	train-rmse:0.382556+0.001054	test-rmse:0.382537+0.004187 
[34]	train-rmse:0.382553+0.001054	test-rmse:0.382534+0.004187 
[35]	train-rmse:0.382549+0.001054	test-rmse:0.382530+0.004187 
[36]	train-rmse:0.382545+0.001053	test-rmse:0.382526+0.004187 
[37]	train-rmse:0.382541+0.001053	test-rmse:0.382523+0.004187 
[38]	train-rmse:0.382537+0.001053	test-rmse:0.382519+0.004187 
[39]	train-rmse:0.382534+0.001053	test-rmse:0.382515+0.004187 
[40]	train-rmse:0.382530+0.001053	test-rmse:0.382512+0.004187 
[41]	train-rmse:0.382526+0.001053	test-rmse:0.382508+0.004187 
[42]	train-rmse:0.382522+0.001053	test-rmse:0.382504+0.004187 
[43]	train-rmse:0.382519+0.001053	test-rmse:0.382501+0.004187 
[44]	train-rmse:0.382515+0.001053	test-rmse:0.382497+0.004186 
[45]	train-rmse:0.382511+0.001053	test-rmse:0.382493+0.004186 
[46]	train-rmse:0.382507+0.001053	test-rmse:0.382490+0.004186 
[47]	train-rmse:0.382503+0.001053	test-rmse:0.382486+0.004186 
[48]	train-rmse:0.382500+0.001053	test-rmse:0.382483+0.004186 
[49]	train-rmse:0.382496+0.001053	test-rmse:0.382479+0.004186 
[50]	train-rmse:0.382492+0.001053	test-rmse:0.382475+0.004186 
[51]	train-rmse:0.382488+0.001053	test-rmse:0.382472+0.004186 
[52]	train-rmse:0.382484+0.001053	test-rmse:0.382468+0.004186 
[53]	train-rmse:0.382481+0.001053	test-rmse:0.382464+0.004186 
[54]	train-rmse:0.382477+0.001053	test-rmse:0.382461+0.004186 
[55]	train-rmse:0.382473+0.001053	test-rmse:0.382457+0.004186 
[56]	train-rmse:0.382469+0.001053	test-rmse:0.382453+0.004186 
[57]	train-rmse:0.382466+0.001053	test-rmse:0.382450+0.004186 
[58]	train-rmse:0.382462+0.001053	test-rmse:0.382446+0.004186 
[59]	train-rmse:0.382458+0.001053	test-rmse:0.382442+0.004186 
[60]	train-rmse:0.382454+0.001053	test-rmse:0.382439+0.004186 
[61]	train-rmse:0.382450+0.001053	test-rmse:0.382435+0.004186 
[62]	train-rmse:0.382447+0.001053	test-rmse:0.382431+0.004186 
[63]	train-rmse:0.382443+0.001052	test-rmse:0.382428+0.004186 
[64]	train-rmse:0.382439+0.001052	test-rmse:0.382424+0.004186 
[65]	train-rmse:0.382435+0.001052	test-rmse:0.382420+0.004186 
[66]	train-rmse:0.382431+0.001052	test-rmse:0.382417+0.004186 
[67]	train-rmse:0.382428+0.001052	test-rmse:0.382413+0.004186 
[68]	train-rmse:0.382424+0.001052	test-rmse:0.382409+0.004185 
[69]	train-rmse:0.382420+0.001052	test-rmse:0.382406+0.004185 
[70]	train-rmse:0.382416+0.001052	test-rmse:0.382402+0.004185 
[71]	train-rmse:0.382412+0.001052	test-rmse:0.382399+0.004185 
[72]	train-rmse:0.382409+0.001052	test-rmse:0.382395+0.004185 
[73]	train-rmse:0.382405+0.001052	test-rmse:0.382391+0.004185 
[74]	train-rmse:0.382401+0.001052	test-rmse:0.382388+0.004185 
[75]	train-rmse:0.382397+0.001052	test-rmse:0.382384+0.004185 
[76]	train-rmse:0.382394+0.001052	test-rmse:0.382380+0.004185 
[77]	train-rmse:0.382390+0.001052	test-rmse:0.382377+0.004185 
[78]	train-rmse:0.382386+0.001052	test-rmse:0.382373+0.004185 
[79]	train-rmse:0.382382+0.001052	test-rmse:0.382369+0.004185 
[80]	train-rmse:0.382379+0.001052	test-rmse:0.382366+0.004185 
[81]	train-rmse:0.382375+0.001052	test-rmse:0.382363+0.004185 
[82]	train-rmse:0.382371+0.001052	test-rmse:0.382359+0.004185 
[83]	train-rmse:0.382368+0.001052	test-rmse:0.382355+0.004185 
[84]	train-rmse:0.382364+0.001052	test-rmse:0.382352+0.004185 
[85]	train-rmse:0.382360+0.001052	test-rmse:0.382348+0.004184 
[86]	train-rmse:0.382356+0.001052	test-rmse:0.382344+0.004184 
[87]	train-rmse:0.382352+0.001052	test-rmse:0.382341+0.004184 
[88]	train-rmse:0.382349+0.001052	test-rmse:0.382337+0.004184 
[89]	train-rmse:0.382345+0.001052	test-rmse:0.382333+0.004184 
[90]	train-rmse:0.382341+0.001052	test-rmse:0.382330+0.004184 
[91]	train-rmse:0.382337+0.001052	test-rmse:0.382326+0.004184 
[92]	train-rmse:0.382334+0.001052	test-rmse:0.382322+0.004184 
[93]	train-rmse:0.382330+0.001052	test-rmse:0.382319+0.004184 
[94]	train-rmse:0.382326+0.001052	test-rmse:0.382315+0.004184 
[95]	train-rmse:0.382322+0.001052	test-rmse:0.382312+0.004184 
[96]	train-rmse:0.382318+0.001052	test-rmse:0.382308+0.004184 
[97]	train-rmse:0.382315+0.001052	test-rmse:0.382304+0.004184 
[98]	train-rmse:0.382311+0.001052	test-rmse:0.382301+0.004184 
[99]	train-rmse:0.382307+0.001051	test-rmse:0.382297+0.004184 
[100]	train-rmse:0.382303+0.001051	test-rmse:0.382293+0.004184 
[101]	train-rmse:0.382300+0.001051	test-rmse:0.382290+0.004184 
[102]	train-rmse:0.382296+0.001051	test-rmse:0.382286+0.004184 
[103]	train-rmse:0.382292+0.001051	test-rmse:0.382283+0.004184 
[104]	train-rmse:0.382289+0.001051	test-rmse:0.382279+0.004184 
[105]	train-rmse:0.382285+0.001051	test-rmse:0.382275+0.004184 
[106]	train-rmse:0.382281+0.001051	test-rmse:0.382272+0.004184 
[107]	train-rmse:0.382277+0.001051	test-rmse:0.382268+0.004184 
[108]	train-rmse:0.382273+0.001051	test-rmse:0.382264+0.004184 
[109]	train-rmse:0.382270+0.001051	test-rmse:0.382261+0.004184 
[110]	train-rmse:0.382266+0.001051	test-rmse:0.382257+0.004184 
[111]	train-rmse:0.382262+0.001050	test-rmse:0.382254+0.004184 
[112]	train-rmse:0.382259+0.001050	test-rmse:0.382250+0.004184 
[113]	train-rmse:0.382255+0.001050	test-rmse:0.382247+0.004184 
[114]	train-rmse:0.382251+0.001050	test-rmse:0.382243+0.004184 
[115]	train-rmse:0.382247+0.001050	test-rmse:0.382239+0.004184 
[116]	train-rmse:0.382244+0.001050	test-rmse:0.382236+0.004184 
[117]	train-rmse:0.382240+0.001050	test-rmse:0.382232+0.004184 
[118]	train-rmse:0.382236+0.001050	test-rmse:0.382228+0.004184 
[119]	train-rmse:0.382232+0.001050	test-rmse:0.382225+0.004184 
[120]	train-rmse:0.382228+0.001050	test-rmse:0.382221+0.004184 
[121]	train-rmse:0.382225+0.001050	test-rmse:0.382217+0.004184 
[122]	train-rmse:0.382221+0.001050	test-rmse:0.382214+0.004184 
[123]	train-rmse:0.382217+0.001050	test-rmse:0.382210+0.004184 
[124]	train-rmse:0.382213+0.001050	test-rmse:0.382207+0.004184 
[125]	train-rmse:0.382209+0.001050	test-rmse:0.382203+0.004184 
[126]	train-rmse:0.382206+0.001050	test-rmse:0.382199+0.004184 
[127]	train-rmse:0.382202+0.001050	test-rmse:0.382196+0.004184 
[128]	train-rmse:0.382198+0.001050	test-rmse:0.382192+0.004184 
[129]	train-rmse:0.382194+0.001050	test-rmse:0.382188+0.004184 
[130]	train-rmse:0.382191+0.001050	test-rmse:0.382185+0.004183 
[131]	train-rmse:0.382187+0.001050	test-rmse:0.382181+0.004183 
[132]	train-rmse:0.382183+0.001050	test-rmse:0.382178+0.004183 
[133]	train-rmse:0.382180+0.001050	test-rmse:0.382174+0.004183 
[134]	train-rmse:0.382176+0.001050	test-rmse:0.382170+0.004183 
[135]	train-rmse:0.382172+0.001050	test-rmse:0.382167+0.004183 
[136]	train-rmse:0.382169+0.001050	test-rmse:0.382163+0.004183 
[137]	train-rmse:0.382165+0.001050	test-rmse:0.382160+0.004183 
[138]	train-rmse:0.382161+0.001050	test-rmse:0.382156+0.004183 
[139]	train-rmse:0.382157+0.001050	test-rmse:0.382152+0.004183 
[140]	train-rmse:0.382154+0.001050	test-rmse:0.382149+0.004182 
[141]	train-rmse:0.382150+0.001050	test-rmse:0.382145+0.004182 
[142]	train-rmse:0.382146+0.001050	test-rmse:0.382142+0.004182 
[143]	train-rmse:0.382143+0.001050	test-rmse:0.382139+0.004182 
[144]	train-rmse:0.382140+0.001051	test-rmse:0.382135+0.004182 
[145]	train-rmse:0.382136+0.001051	test-rmse:0.382132+0.004182 
[146]	train-rmse:0.382133+0.001050	test-rmse:0.382128+0.004182 
[147]	train-rmse:0.382129+0.001050	test-rmse:0.382125+0.004182 
[148]	train-rmse:0.382125+0.001049	test-rmse:0.382121+0.004182 
[149]	train-rmse:0.382121+0.001049	test-rmse:0.382118+0.004182 
[150]	train-rmse:0.382117+0.001049	test-rmse:0.382114+0.004182 
[151]	train-rmse:0.382114+0.001049	test-rmse:0.382110+0.004182 
[152]	train-rmse:0.382110+0.001049	test-rmse:0.382107+0.004182 
[153]	train-rmse:0.382106+0.001049	test-rmse:0.382103+0.004182 
[154]	train-rmse:0.382102+0.001049	test-rmse:0.382099+0.004182 
[155]	train-rmse:0.382100+0.001049	test-rmse:0.382097+0.004183 
[156]	train-rmse:0.382096+0.001049	test-rmse:0.382094+0.004182 
[157]	train-rmse:0.382093+0.001049	test-rmse:0.382090+0.004182 
[158]	train-rmse:0.382089+0.001049	test-rmse:0.382086+0.004182 
[159]	train-rmse:0.382085+0.001049	test-rmse:0.382083+0.004182 
[160]	train-rmse:0.382081+0.001049	test-rmse:0.382079+0.004182 
[161]	train-rmse:0.382078+0.001049	test-rmse:0.382075+0.004182 
[162]	train-rmse:0.382074+0.001049	test-rmse:0.382072+0.004182 
[163]	train-rmse:0.382070+0.001049	test-rmse:0.382068+0.004182 
[164]	train-rmse:0.382066+0.001049	test-rmse:0.382064+0.004182 
[165]	train-rmse:0.382062+0.001049	test-rmse:0.382061+0.004182 
[166]	train-rmse:0.382059+0.001048	test-rmse:0.382058+0.004182 
[167]	train-rmse:0.382055+0.001048	test-rmse:0.382054+0.004182 
[168]	train-rmse:0.382051+0.001048	test-rmse:0.382050+0.004182 
[169]	train-rmse:0.382048+0.001048	test-rmse:0.382047+0.004182 
[170]	train-rmse:0.382045+0.001048	test-rmse:0.382044+0.004183 
[171]	train-rmse:0.382041+0.001048	test-rmse:0.382040+0.004183 
[172]	train-rmse:0.382037+0.001048	test-rmse:0.382036+0.004183 
[173]	train-rmse:0.382033+0.001047	test-rmse:0.382033+0.004182 
[174]	train-rmse:0.382030+0.001047	test-rmse:0.382029+0.004182 
[175]	train-rmse:0.382026+0.001048	test-rmse:0.382026+0.004182 
[176]	train-rmse:0.382023+0.001048	test-rmse:0.382023+0.004182 
[177]	train-rmse:0.382020+0.001047	test-rmse:0.382020+0.004182 
[178]	train-rmse:0.382016+0.001047	test-rmse:0.382016+0.004183 
[179]	train-rmse:0.382013+0.001047	test-rmse:0.382013+0.004183 
[180]	train-rmse:0.382009+0.001047	test-rmse:0.382010+0.004182 
[181]	train-rmse:0.382006+0.001047	test-rmse:0.382006+0.004182 
[182]	train-rmse:0.382002+0.001047	test-rmse:0.382002+0.004182 
[183]	train-rmse:0.381998+0.001047	test-rmse:0.381999+0.004182 
[184]	train-rmse:0.381995+0.001047	test-rmse:0.381995+0.004182 
[185]	train-rmse:0.381991+0.001047	test-rmse:0.381992+0.004182 
[186]	train-rmse:0.381987+0.001047	test-rmse:0.381988+0.004182 
[187]	train-rmse:0.381983+0.001047	test-rmse:0.381984+0.004182 
[188]	train-rmse:0.381979+0.001047	test-rmse:0.381981+0.004182 
[189]	train-rmse:0.381976+0.001047	test-rmse:0.381978+0.004182 
[190]	train-rmse:0.381972+0.001047	test-rmse:0.381974+0.004182 
[191]	train-rmse:0.381969+0.001047	test-rmse:0.381970+0.004182 
[192]	train-rmse:0.381965+0.001047	test-rmse:0.381967+0.004182 
[193]	train-rmse:0.381961+0.001047	test-rmse:0.381963+0.004182 
[194]	train-rmse:0.381957+0.001047	test-rmse:0.381959+0.004182 
[195]	train-rmse:0.381953+0.001047	test-rmse:0.381956+0.004182 
[196]	train-rmse:0.381950+0.001047	test-rmse:0.381952+0.004182 
[197]	train-rmse:0.381946+0.001047	test-rmse:0.381949+0.004182 
[198]	train-rmse:0.381943+0.001047	test-rmse:0.381946+0.004182 
[199]	train-rmse:0.381939+0.001046	test-rmse:0.381942+0.004182 
[200]	train-rmse:0.381936+0.001047	test-rmse:0.381939+0.004181 
[201]	train-rmse:0.381932+0.001047	test-rmse:0.381935+0.004181 
[202]	train-rmse:0.381929+0.001046	test-rmse:0.381932+0.004182 
[203]	train-rmse:0.381926+0.001046	test-rmse:0.381929+0.004182 
[204]	train-rmse:0.381922+0.001046	test-rmse:0.381926+0.004182 
[205]	train-rmse:0.381919+0.001045	test-rmse:0.381922+0.004183 
[206]	train-rmse:0.381915+0.001045	test-rmse:0.381919+0.004183 
[207]	train-rmse:0.381912+0.001044	test-rmse:0.381915+0.004184 
[208]	train-rmse:0.381908+0.001043	test-rmse:0.381912+0.004184 
[209]	train-rmse:0.381904+0.001043	test-rmse:0.381909+0.004184 
[210]	train-rmse:0.381901+0.001043	test-rmse:0.381905+0.004184 
[211]	train-rmse:0.381898+0.001042	test-rmse:0.381902+0.004185 
[212]	train-rmse:0.381895+0.001041	test-rmse:0.381899+0.004186 
[213]	train-rmse:0.381891+0.001041	test-rmse:0.381896+0.004186 
[214]	train-rmse:0.381888+0.001041	test-rmse:0.381893+0.004186 
[215]	train-rmse:0.381884+0.001041	test-rmse:0.381889+0.004186 
[216]	train-rmse:0.381881+0.001041	test-rmse:0.381886+0.004186 
[217]	train-rmse:0.381878+0.001041	test-rmse:0.381883+0.004186 
[218]	train-rmse:0.381875+0.001041	test-rmse:0.381880+0.004185 
[219]	train-rmse:0.381872+0.001041	test-rmse:0.381877+0.004185 
[220]	train-rmse:0.381868+0.001041	test-rmse:0.381873+0.004185 
[221]	train-rmse:0.381864+0.001041	test-rmse:0.381870+0.004185 
[222]	train-rmse:0.381860+0.001041	test-rmse:0.381866+0.004185 
[223]	train-rmse:0.381857+0.001041	test-rmse:0.381863+0.004185 
[224]	train-rmse:0.381854+0.001042	test-rmse:0.381860+0.004185 
[225]	train-rmse:0.381850+0.001042	test-rmse:0.381856+0.004185 
[226]	train-rmse:0.381846+0.001042	test-rmse:0.381852+0.004185 
[227]	train-rmse:0.381843+0.001042	test-rmse:0.381849+0.004185 
[228]	train-rmse:0.381839+0.001042	test-rmse:0.381845+0.004185 
[229]	train-rmse:0.381835+0.001041	test-rmse:0.381842+0.004185 
[230]	train-rmse:0.381832+0.001042	test-rmse:0.381838+0.004184 
[231]	train-rmse:0.381828+0.001042	test-rmse:0.381835+0.004184 
[232]	train-rmse:0.381825+0.001041	test-rmse:0.381832+0.004185 
[233]	train-rmse:0.381821+0.001041	test-rmse:0.381828+0.004185 
[234]	train-rmse:0.381817+0.001041	test-rmse:0.381824+0.004185 
[235]	train-rmse:0.381814+0.001040	test-rmse:0.381821+0.004185 
[236]	train-rmse:0.381810+0.001040	test-rmse:0.381818+0.004185 
[237]	train-rmse:0.381807+0.001040	test-rmse:0.381814+0.004185 
[238]	train-rmse:0.381803+0.001040	test-rmse:0.381811+0.004185 
[239]	train-rmse:0.381800+0.001040	test-rmse:0.381807+0.004185 
[240]	train-rmse:0.381796+0.001040	test-rmse:0.381805+0.004186 
[241]	train-rmse:0.381793+0.001040	test-rmse:0.381801+0.004185 
[242]	train-rmse:0.381789+0.001040	test-rmse:0.381797+0.004185 
[243]	train-rmse:0.381786+0.001040	test-rmse:0.381794+0.004185 
[244]	train-rmse:0.381782+0.001040	test-rmse:0.381790+0.004185 
[245]	train-rmse:0.381778+0.001040	test-rmse:0.381787+0.004185 
[246]	train-rmse:0.381775+0.001040	test-rmse:0.381784+0.004185 
[247]	train-rmse:0.381771+0.001040	test-rmse:0.381780+0.004185 
[248]	train-rmse:0.381767+0.001040	test-rmse:0.381777+0.004185 
[249]	train-rmse:0.381765+0.001040	test-rmse:0.381774+0.004184 
[250]	train-rmse:0.381761+0.001040	test-rmse:0.381770+0.004184 
[251]	train-rmse:0.381757+0.001040	test-rmse:0.381766+0.004184 
[252]	train-rmse:0.381754+0.001040	test-rmse:0.381764+0.004185 
[253]	train-rmse:0.381751+0.001040	test-rmse:0.381761+0.004185 
[254]	train-rmse:0.381748+0.001039	test-rmse:0.381757+0.004185 
[255]	train-rmse:0.381744+0.001039	test-rmse:0.381754+0.004185 
[256]	train-rmse:0.381740+0.001039	test-rmse:0.381750+0.004185 
[257]	train-rmse:0.381737+0.001038	test-rmse:0.381747+0.004186 
[258]	train-rmse:0.381734+0.001038	test-rmse:0.381744+0.004186 
[259]	train-rmse:0.381731+0.001038	test-rmse:0.381741+0.004186 
[260]	train-rmse:0.381727+0.001038	test-rmse:0.381738+0.004186 
[261]	train-rmse:0.381725+0.001038	test-rmse:0.381735+0.004185 
[262]	train-rmse:0.381721+0.001039	test-rmse:0.381732+0.004185 
[263]	train-rmse:0.381718+0.001039	test-rmse:0.381728+0.004185 
[264]	train-rmse:0.381715+0.001038	test-rmse:0.381726+0.004185 
[265]	train-rmse:0.381711+0.001037	test-rmse:0.381722+0.004186 
[266]	train-rmse:0.381708+0.001037	test-rmse:0.381719+0.004186 
[267]	train-rmse:0.381704+0.001037	test-rmse:0.381715+0.004186 
[268]	train-rmse:0.381700+0.001037	test-rmse:0.381712+0.004186 
[269]	train-rmse:0.381697+0.001037	test-rmse:0.381709+0.004186 
[270]	train-rmse:0.381694+0.001037	test-rmse:0.381706+0.004186 
[271]	train-rmse:0.381691+0.001037	test-rmse:0.381702+0.004187 
[272]	train-rmse:0.381687+0.001036	test-rmse:0.381699+0.004186 
[273]	train-rmse:0.381683+0.001036	test-rmse:0.381695+0.004186 
[274]	train-rmse:0.381680+0.001037	test-rmse:0.381692+0.004186 
[275]	train-rmse:0.381676+0.001037	test-rmse:0.381689+0.004186 
[276]	train-rmse:0.381673+0.001037	test-rmse:0.381685+0.004186 
[277]	train-rmse:0.381669+0.001037	test-rmse:0.381682+0.004186 
[278]	train-rmse:0.381666+0.001036	test-rmse:0.381679+0.004186 
[279]	train-rmse:0.381662+0.001036	test-rmse:0.381675+0.004186 
[280]	train-rmse:0.381659+0.001036	test-rmse:0.381672+0.004186 
[281]	train-rmse:0.381655+0.001036	test-rmse:0.381668+0.004186 
[282]	train-rmse:0.381652+0.001036	test-rmse:0.381665+0.004186 
[283]	train-rmse:0.381649+0.001036	test-rmse:0.381662+0.004186 
[284]	train-rmse:0.381645+0.001036	test-rmse:0.381658+0.004186 
[285]	train-rmse:0.381642+0.001036	test-rmse:0.381655+0.004186 
[286]	train-rmse:0.381638+0.001036	test-rmse:0.381652+0.004186 
[287]	train-rmse:0.381634+0.001036	test-rmse:0.381648+0.004186 
[288]	train-rmse:0.381630+0.001036	test-rmse:0.381644+0.004186 
[289]	train-rmse:0.381627+0.001036	test-rmse:0.381641+0.004186 
[290]	train-rmse:0.381624+0.001036	test-rmse:0.381638+0.004185 
[291]	train-rmse:0.381620+0.001036	test-rmse:0.381634+0.004185 
[292]	train-rmse:0.381617+0.001037	test-rmse:0.381632+0.004185 
[293]	train-rmse:0.381614+0.001038	test-rmse:0.381628+0.004184 
[294]	train-rmse:0.381610+0.001037	test-rmse:0.381625+0.004184 
[295]	train-rmse:0.381607+0.001037	test-rmse:0.381621+0.004185 
[296]	train-rmse:0.381603+0.001037	test-rmse:0.381618+0.004185 
[297]	train-rmse:0.381600+0.001036	test-rmse:0.381615+0.004185 
[298]	train-rmse:0.381596+0.001036	test-rmse:0.381611+0.004185 
[299]	train-rmse:0.381592+0.001036	test-rmse:0.381608+0.004185 
[300]	train-rmse:0.381589+0.001036	test-rmse:0.381604+0.004185 
[301]	train-rmse:0.381585+0.001036	test-rmse:0.381600+0.004185 
[302]	train-rmse:0.381581+0.001036	test-rmse:0.381597+0.004185 
[303]	train-rmse:0.381578+0.001037	test-rmse:0.381594+0.004184 
[304]	train-rmse:0.381575+0.001037	test-rmse:0.381590+0.004184 
[305]	train-rmse:0.381571+0.001037	test-rmse:0.381587+0.004184 
[306]	train-rmse:0.381568+0.001037	test-rmse:0.381584+0.004184 
[307]	train-rmse:0.381565+0.001037	test-rmse:0.381581+0.004184 
[308]	train-rmse:0.381561+0.001037	test-rmse:0.381577+0.004183 
[309]	train-rmse:0.381558+0.001037	test-rmse:0.381574+0.004184 
[310]	train-rmse:0.381554+0.001037	test-rmse:0.381571+0.004183 
[311]	train-rmse:0.381551+0.001037	test-rmse:0.381567+0.004183 
[312]	train-rmse:0.381547+0.001036	test-rmse:0.381564+0.004184 
[313]	train-rmse:0.381544+0.001036	test-rmse:0.381561+0.004184 
[314]	train-rmse:0.381541+0.001036	test-rmse:0.381558+0.004184 
[315]	train-rmse:0.381538+0.001036	test-rmse:0.381555+0.004184 
[316]	train-rmse:0.381534+0.001036	test-rmse:0.381551+0.004184 
[317]	train-rmse:0.381530+0.001037	test-rmse:0.381548+0.004183 
[318]	train-rmse:0.381527+0.001037	test-rmse:0.381545+0.004183 
[319]	train-rmse:0.381523+0.001037	test-rmse:0.381541+0.004183 
[320]	train-rmse:0.381520+0.001037	test-rmse:0.381538+0.004183 
[321]	train-rmse:0.381517+0.001037	test-rmse:0.381535+0.004182 
[322]	train-rmse:0.381513+0.001038	test-rmse:0.381532+0.004182 
[323]	train-rmse:0.381510+0.001038	test-rmse:0.381528+0.004182 
[324]	train-rmse:0.381507+0.001038	test-rmse:0.381525+0.004182 
[325]	train-rmse:0.381503+0.001038	test-rmse:0.381522+0.004182 
[326]	train-rmse:0.381501+0.001038	test-rmse:0.381519+0.004181 
[327]	train-rmse:0.381497+0.001038	test-rmse:0.381515+0.004181 
[328]	train-rmse:0.381493+0.001038	test-rmse:0.381512+0.004181 
[329]	train-rmse:0.381490+0.001039	test-rmse:0.381509+0.004181 
[330]	train-rmse:0.381486+0.001039	test-rmse:0.381505+0.004181 
[331]	train-rmse:0.381483+0.001039	test-rmse:0.381502+0.004180 
[332]	train-rmse:0.381479+0.001039	test-rmse:0.381498+0.004181 
[333]	train-rmse:0.381476+0.001039	test-rmse:0.381495+0.004180 
[334]	train-rmse:0.381472+0.001039	test-rmse:0.381492+0.004180 
[335]	train-rmse:0.381468+0.001039	test-rmse:0.381488+0.004180 
[336]	train-rmse:0.381465+0.001039	test-rmse:0.381484+0.004180 
[337]	train-rmse:0.381461+0.001039	test-rmse:0.381481+0.004180 
[338]	train-rmse:0.381458+0.001039	test-rmse:0.381477+0.004180 
[339]	train-rmse:0.381454+0.001039	test-rmse:0.381474+0.004180 
[340]	train-rmse:0.381451+0.001038	test-rmse:0.381471+0.004180 
[341]	train-rmse:0.381448+0.001037	test-rmse:0.381468+0.004181 
[342]	train-rmse:0.381444+0.001037	test-rmse:0.381464+0.004181 
[343]	train-rmse:0.381441+0.001038	test-rmse:0.381461+0.004180 
[344]	train-rmse:0.381438+0.001038	test-rmse:0.381459+0.004180 
[345]	train-rmse:0.381434+0.001038	test-rmse:0.381455+0.004180 
[346]	train-rmse:0.381430+0.001038	test-rmse:0.381451+0.004180 
[347]	train-rmse:0.381427+0.001038	test-rmse:0.381448+0.004180 
[348]	train-rmse:0.381424+0.001038	test-rmse:0.381445+0.004180 
[349]	train-rmse:0.381422+0.001039	test-rmse:0.381443+0.004179 
[350]	train-rmse:0.381418+0.001039	test-rmse:0.381439+0.004179 
[351]	train-rmse:0.381414+0.001039	test-rmse:0.381435+0.004179 
[352]	train-rmse:0.381410+0.001039	test-rmse:0.381432+0.004179 
[353]	train-rmse:0.381407+0.001038	test-rmse:0.381429+0.004180 
[354]	train-rmse:0.381404+0.001038	test-rmse:0.381426+0.004179 
[355]	train-rmse:0.381400+0.001038	test-rmse:0.381422+0.004179 
[356]	train-rmse:0.381396+0.001038	test-rmse:0.381418+0.004179 
[357]	train-rmse:0.381393+0.001038	test-rmse:0.381415+0.004179 
[358]	train-rmse:0.381390+0.001038	test-rmse:0.381412+0.004179 
[359]	train-rmse:0.381386+0.001038	test-rmse:0.381409+0.004179 
[360]	train-rmse:0.381383+0.001038	test-rmse:0.381405+0.004179 
[361]	train-rmse:0.381380+0.001038	test-rmse:0.381402+0.004179 
[362]	train-rmse:0.381376+0.001037	test-rmse:0.381399+0.004180 
[363]	train-rmse:0.381373+0.001036	test-rmse:0.381396+0.004181 
[364]	train-rmse:0.381370+0.001036	test-rmse:0.381393+0.004180 
[365]	train-rmse:0.381368+0.001036	test-rmse:0.381391+0.004181 
[366]	train-rmse:0.381364+0.001036	test-rmse:0.381387+0.004181 
[367]	train-rmse:0.381361+0.001036	test-rmse:0.381384+0.004180 
[368]	train-rmse:0.381358+0.001036	test-rmse:0.381381+0.004181 
[369]	train-rmse:0.381354+0.001036	test-rmse:0.381378+0.004181 
[370]	train-rmse:0.381351+0.001036	test-rmse:0.381375+0.004180 
[371]	train-rmse:0.381348+0.001037	test-rmse:0.381371+0.004180 
[372]	train-rmse:0.381345+0.001036	test-rmse:0.381369+0.004180 
[373]	train-rmse:0.381341+0.001036	test-rmse:0.381365+0.004180 
[374]	train-rmse:0.381338+0.001036	test-rmse:0.381362+0.004180 
[375]	train-rmse:0.381335+0.001036	test-rmse:0.381359+0.004180 
[376]	train-rmse:0.381331+0.001036	test-rmse:0.381356+0.004180 
[377]	train-rmse:0.381329+0.001035	test-rmse:0.381353+0.004181 
[378]	train-rmse:0.381326+0.001035	test-rmse:0.381350+0.004181 
[379]	train-rmse:0.381322+0.001035	test-rmse:0.381347+0.004181 
[380]	train-rmse:0.381319+0.001036	test-rmse:0.381344+0.004180 
[381]	train-rmse:0.381316+0.001036	test-rmse:0.381341+0.004180 
[382]	train-rmse:0.381313+0.001037	test-rmse:0.381338+0.004179 
[383]	train-rmse:0.381309+0.001037	test-rmse:0.381334+0.004179 
[384]	train-rmse:0.381307+0.001036	test-rmse:0.381332+0.004180 
[385]	train-rmse:0.381304+0.001036	test-rmse:0.381329+0.004180 
[386]	train-rmse:0.381300+0.001036	test-rmse:0.381325+0.004180 
[387]	train-rmse:0.381296+0.001036	test-rmse:0.381322+0.004179 
[388]	train-rmse:0.381293+0.001037	test-rmse:0.381319+0.004179 
[389]	train-rmse:0.381290+0.001036	test-rmse:0.381316+0.004179 
[390]	train-rmse:0.381288+0.001035	test-rmse:0.381313+0.004180 
[391]	train-rmse:0.381284+0.001035	test-rmse:0.381310+0.004180 
[392]	train-rmse:0.381280+0.001035	test-rmse:0.381306+0.004180 
[393]	train-rmse:0.381277+0.001035	test-rmse:0.381303+0.004181 
[394]	train-rmse:0.381274+0.001035	test-rmse:0.381300+0.004180 
[395]	train-rmse:0.381270+0.001035	test-rmse:0.381297+0.004180 
[396]	train-rmse:0.381267+0.001035	test-rmse:0.381294+0.004180 
[397]	train-rmse:0.381264+0.001035	test-rmse:0.381291+0.004180 
[398]	train-rmse:0.381261+0.001035	test-rmse:0.381288+0.004180 
[399]	train-rmse:0.381258+0.001035	test-rmse:0.381285+0.004180 
[400]	train-rmse:0.381254+0.001035	test-rmse:0.381281+0.004179 
[401]	train-rmse:0.381251+0.001035	test-rmse:0.381278+0.004179 
[402]	train-rmse:0.381247+0.001035	test-rmse:0.381275+0.004179 
[403]	train-rmse:0.381244+0.001036	test-rmse:0.381271+0.004179 
[404]	train-rmse:0.381241+0.001035	test-rmse:0.381268+0.004180 
[405]	train-rmse:0.381238+0.001034	test-rmse:0.381266+0.004180 
[406]	train-rmse:0.381235+0.001034	test-rmse:0.381263+0.004180 
[407]	train-rmse:0.381232+0.001034	test-rmse:0.381260+0.004181 
[408]	train-rmse:0.381228+0.001033	test-rmse:0.381256+0.004181 
[409]	train-rmse:0.381225+0.001034	test-rmse:0.381253+0.004181 
[410]	train-rmse:0.381222+0.001034	test-rmse:0.381250+0.004180 
[411]	train-rmse:0.381219+0.001034	test-rmse:0.381247+0.004180 
[412]	train-rmse:0.381215+0.001034	test-rmse:0.381244+0.004180 
[413]	train-rmse:0.381212+0.001035	test-rmse:0.381241+0.004179 
[414]	train-rmse:0.381209+0.001034	test-rmse:0.381238+0.004180 
[415]	train-rmse:0.381206+0.001034	test-rmse:0.381235+0.004180 
[416]	train-rmse:0.381202+0.001034	test-rmse:0.381231+0.004180 
[417]	train-rmse:0.381200+0.001033	test-rmse:0.381229+0.004181 
[418]	train-rmse:0.381197+0.001034	test-rmse:0.381226+0.004180 
[419]	train-rmse:0.381193+0.001034	test-rmse:0.381223+0.004180 
[420]	train-rmse:0.381190+0.001035	test-rmse:0.381220+0.004179 
[421]	train-rmse:0.381187+0.001035	test-rmse:0.381216+0.004179 
[422]	train-rmse:0.381184+0.001034	test-rmse:0.381213+0.004179 
[423]	train-rmse:0.381180+0.001034	test-rmse:0.381210+0.004179 
[424]	train-rmse:0.381177+0.001034	test-rmse:0.381206+0.004179 
[425]	train-rmse:0.381173+0.001035	test-rmse:0.381203+0.004179 
[426]	train-rmse:0.381170+0.001035	test-rmse:0.381200+0.004178 
[427]	train-rmse:0.381166+0.001035	test-rmse:0.381196+0.004178 
[428]	train-rmse:0.381163+0.001036	test-rmse:0.381194+0.004178 
[429]	train-rmse:0.381160+0.001036	test-rmse:0.381190+0.004177 
[430]	train-rmse:0.381157+0.001036	test-rmse:0.381187+0.004177 
[431]	train-rmse:0.381153+0.001037	test-rmse:0.381184+0.004176 
[432]	train-rmse:0.381150+0.001037	test-rmse:0.381181+0.004176 
[433]	train-rmse:0.381146+0.001036	test-rmse:0.381177+0.004176 
[434]	train-rmse:0.381142+0.001036	test-rmse:0.381174+0.004176 
[435]	train-rmse:0.381139+0.001037	test-rmse:0.381170+0.004176 
[436]	train-rmse:0.381135+0.001037	test-rmse:0.381167+0.004176 
[437]	train-rmse:0.381133+0.001036	test-rmse:0.381164+0.004176 
[438]	train-rmse:0.381129+0.001036	test-rmse:0.381161+0.004176 
[439]	train-rmse:0.381127+0.001036	test-rmse:0.381159+0.004176 
[440]	train-rmse:0.381124+0.001036	test-rmse:0.381156+0.004176 
[441]	train-rmse:0.381120+0.001036	test-rmse:0.381152+0.004176 
[442]	train-rmse:0.381118+0.001037	test-rmse:0.381150+0.004176 
[443]	train-rmse:0.381115+0.001036	test-rmse:0.381147+0.004176 
[444]	train-rmse:0.381111+0.001036	test-rmse:0.381143+0.004176 
[445]	train-rmse:0.381108+0.001036	test-rmse:0.381140+0.004176 
[446]	train-rmse:0.381105+0.001036	test-rmse:0.381137+0.004176 
[447]	train-rmse:0.381102+0.001036	test-rmse:0.381134+0.004175 
[448]	train-rmse:0.381099+0.001036	test-rmse:0.381131+0.004176 
[449]	train-rmse:0.381095+0.001036	test-rmse:0.381128+0.004175 
[450]	train-rmse:0.381091+0.001036	test-rmse:0.381124+0.004175 
[451]	train-rmse:0.381087+0.001036	test-rmse:0.381120+0.004175 
[452]	train-rmse:0.381084+0.001036	test-rmse:0.381117+0.004175 
[453]	train-rmse:0.381082+0.001037	test-rmse:0.381115+0.004174 
[454]	train-rmse:0.381079+0.001038	test-rmse:0.381112+0.004174 
[455]	train-rmse:0.381075+0.001038	test-rmse:0.381109+0.004174 
[456]	train-rmse:0.381071+0.001038	test-rmse:0.381105+0.004174 
[457]	train-rmse:0.381069+0.001038	test-rmse:0.381102+0.004173 
[458]	train-rmse:0.381066+0.001038	test-rmse:0.381099+0.004173 
[459]	train-rmse:0.381062+0.001039	test-rmse:0.381096+0.004172 
[460]	train-rmse:0.381059+0.001039	test-rmse:0.381093+0.004172 
[461]	train-rmse:0.381055+0.001039	test-rmse:0.381089+0.004172 
[462]	train-rmse:0.381052+0.001038	test-rmse:0.381086+0.004172 
[463]	train-rmse:0.381048+0.001037	test-rmse:0.381083+0.004173 
[464]	train-rmse:0.381045+0.001037	test-rmse:0.381080+0.004174 
[465]	train-rmse:0.381043+0.001036	test-rmse:0.381077+0.004174 
[466]	train-rmse:0.381039+0.001036	test-rmse:0.381073+0.004174 
[467]	train-rmse:0.381036+0.001037	test-rmse:0.381070+0.004174 
[468]	train-rmse:0.381033+0.001038	test-rmse:0.381068+0.004173 
[469]	train-rmse:0.381030+0.001038	test-rmse:0.381065+0.004173 
[470]	train-rmse:0.381026+0.001038	test-rmse:0.381061+0.004173 
[471]	train-rmse:0.381022+0.001038	test-rmse:0.381058+0.004172 
[472]	train-rmse:0.381019+0.001038	test-rmse:0.381054+0.004172 
[473]	train-rmse:0.381017+0.001038	test-rmse:0.381052+0.004172 
[474]	train-rmse:0.381014+0.001039	test-rmse:0.381049+0.004172 
[475]	train-rmse:0.381010+0.001039	test-rmse:0.381046+0.004171 
[476]	train-rmse:0.381008+0.001039	test-rmse:0.381044+0.004171 
[477]	train-rmse:0.381005+0.001039	test-rmse:0.381040+0.004171 
[478]	train-rmse:0.381001+0.001038	test-rmse:0.381037+0.004172 
[479]	train-rmse:0.380998+0.001038	test-rmse:0.381034+0.004172 
[480]	train-rmse:0.380995+0.001038	test-rmse:0.381031+0.004171 
[481]	train-rmse:0.380993+0.001039	test-rmse:0.381029+0.004171 
[482]	train-rmse:0.380990+0.001039	test-rmse:0.381026+0.004171 
[483]	train-rmse:0.380986+0.001039	test-rmse:0.381023+0.004171 
[484]	train-rmse:0.380983+0.001039	test-rmse:0.381020+0.004171 
[485]	train-rmse:0.380980+0.001040	test-rmse:0.381017+0.004170 
[486]	train-rmse:0.380977+0.001040	test-rmse:0.381014+0.004169 
[487]	train-rmse:0.380975+0.001041	test-rmse:0.381012+0.004169 
[488]	train-rmse:0.380972+0.001041	test-rmse:0.381009+0.004169 
[489]	train-rmse:0.380968+0.001041	test-rmse:0.381006+0.004169 
[490]	train-rmse:0.380966+0.001040	test-rmse:0.381003+0.004169 
[491]	train-rmse:0.380963+0.001041	test-rmse:0.381001+0.004168 
[492]	train-rmse:0.380961+0.001041	test-rmse:0.380998+0.004168 
[493]	train-rmse:0.380957+0.001041	test-rmse:0.380994+0.004168 
[494]	train-rmse:0.380953+0.001041	test-rmse:0.380991+0.004168 
[495]	train-rmse:0.380951+0.001041	test-rmse:0.380988+0.004168 
[496]	train-rmse:0.380947+0.001041	test-rmse:0.380985+0.004168 
[497]	train-rmse:0.380945+0.001040	test-rmse:0.380982+0.004168 
[498]	train-rmse:0.380942+0.001040	test-rmse:0.380980+0.004169 
[499]	train-rmse:0.380938+0.001040	test-rmse:0.380976+0.004169 
[500]	train-rmse:0.380935+0.001039	test-rmse:0.380973+0.004170 
[501]	train-rmse:0.380932+0.001040	test-rmse:0.380970+0.004169 
[502]	train-rmse:0.380928+0.001040	test-rmse:0.380967+0.004169 
[503]	train-rmse:0.380926+0.001039	test-rmse:0.380964+0.004169 
[504]	train-rmse:0.380922+0.001040	test-rmse:0.380961+0.004169 
[505]	train-rmse:0.380919+0.001039	test-rmse:0.380958+0.004169 
[506]	train-rmse:0.380916+0.001039	test-rmse:0.380955+0.004169 
[507]	train-rmse:0.380913+0.001039	test-rmse:0.380952+0.004169 
[508]	train-rmse:0.380909+0.001039	test-rmse:0.380949+0.004169 
[509]	train-rmse:0.380906+0.001039	test-rmse:0.380945+0.004169 
[510]	train-rmse:0.380903+0.001038	test-rmse:0.380942+0.004170 
[511]	train-rmse:0.380900+0.001039	test-rmse:0.380939+0.004169 
[512]	train-rmse:0.380896+0.001039	test-rmse:0.380936+0.004169 
[513]	train-rmse:0.380894+0.001039	test-rmse:0.380934+0.004168 
[514]	train-rmse:0.380892+0.001039	test-rmse:0.380932+0.004169 
[515]	train-rmse:0.380889+0.001039	test-rmse:0.380929+0.004169 
[516]	train-rmse:0.380887+0.001039	test-rmse:0.380927+0.004168 
[517]	train-rmse:0.380883+0.001039	test-rmse:0.380923+0.004168 
[518]	train-rmse:0.380880+0.001040	test-rmse:0.380920+0.004168 
[519]	train-rmse:0.380877+0.001040	test-rmse:0.380917+0.004168 
[520]	train-rmse:0.380873+0.001040	test-rmse:0.380914+0.004168 
[521]	train-rmse:0.380871+0.001039	test-rmse:0.380911+0.004168 
[522]	train-rmse:0.380867+0.001039	test-rmse:0.380908+0.004168 
[523]	train-rmse:0.380864+0.001040	test-rmse:0.380905+0.004168 
[524]	train-rmse:0.380861+0.001040	test-rmse:0.380901+0.004168 
[525]	train-rmse:0.380858+0.001039	test-rmse:0.380899+0.004169 
[526]	train-rmse:0.380855+0.001039	test-rmse:0.380896+0.004168 
[527]	train-rmse:0.380852+0.001039	test-rmse:0.380893+0.004168 
[528]	train-rmse:0.380848+0.001039	test-rmse:0.380890+0.004168 
[529]	train-rmse:0.380845+0.001039	test-rmse:0.380886+0.004168 
[530]	train-rmse:0.380842+0.001038	test-rmse:0.380884+0.004169 
[531]	train-rmse:0.380839+0.001038	test-rmse:0.380880+0.004169 
[532]	train-rmse:0.380836+0.001039	test-rmse:0.380878+0.004168 
[533]	train-rmse:0.380833+0.001040	test-rmse:0.380875+0.004167 
[534]	train-rmse:0.380830+0.001040	test-rmse:0.380872+0.004167 
[535]	train-rmse:0.380827+0.001040	test-rmse:0.380869+0.004167 
[536]	train-rmse:0.380824+0.001039	test-rmse:0.380866+0.004167 
[537]	train-rmse:0.380822+0.001039	test-rmse:0.380864+0.004168 
[538]	train-rmse:0.380819+0.001039	test-rmse:0.380861+0.004168 
[539]	train-rmse:0.380816+0.001038	test-rmse:0.380858+0.004168 
[540]	train-rmse:0.380813+0.001039	test-rmse:0.380855+0.004168 
[541]	train-rmse:0.380809+0.001039	test-rmse:0.380851+0.004167 
[542]	train-rmse:0.380806+0.001039	test-rmse:0.380849+0.004167 
[543]	train-rmse:0.380803+0.001040	test-rmse:0.380845+0.004166 
[544]	train-rmse:0.380799+0.001039	test-rmse:0.380842+0.004167 
[545]	train-rmse:0.380797+0.001040	test-rmse:0.380840+0.004166 
[546]	train-rmse:0.380794+0.001040	test-rmse:0.380837+0.004166 
[547]	train-rmse:0.380791+0.001041	test-rmse:0.380834+0.004165 
[548]	train-rmse:0.380788+0.001040	test-rmse:0.380831+0.004166 
[549]	train-rmse:0.380784+0.001040	test-rmse:0.380828+0.004166 
[550]	train-rmse:0.380781+0.001040	test-rmse:0.380824+0.004166 
[551]	train-rmse:0.380778+0.001041	test-rmse:0.380822+0.004164 
[552]	train-rmse:0.380776+0.001041	test-rmse:0.380820+0.004165 
[553]	train-rmse:0.380773+0.001041	test-rmse:0.380817+0.004164 
[554]	train-rmse:0.380770+0.001040	test-rmse:0.380814+0.004165 
[555]	train-rmse:0.380767+0.001041	test-rmse:0.380811+0.004165 
[556]	train-rmse:0.380764+0.001041	test-rmse:0.380808+0.004165 
[557]	train-rmse:0.380761+0.001040	test-rmse:0.380805+0.004165 
[558]	train-rmse:0.380758+0.001040	test-rmse:0.380803+0.004166 
[559]	train-rmse:0.380755+0.001039	test-rmse:0.380800+0.004167 
[560]	train-rmse:0.380752+0.001038	test-rmse:0.380797+0.004167 
[561]	train-rmse:0.380749+0.001038	test-rmse:0.380794+0.004167 
[562]	train-rmse:0.380746+0.001038	test-rmse:0.380791+0.004168 
[563]	train-rmse:0.380743+0.001038	test-rmse:0.380788+0.004168 
[564]	train-rmse:0.380739+0.001038	test-rmse:0.380784+0.004167 
[565]	train-rmse:0.380736+0.001038	test-rmse:0.380781+0.004167 
[566]	train-rmse:0.380733+0.001038	test-rmse:0.380779+0.004167 
[567]	train-rmse:0.380730+0.001037	test-rmse:0.380776+0.004168 
[568]	train-rmse:0.380727+0.001036	test-rmse:0.380773+0.004169 
[569]	train-rmse:0.380725+0.001037	test-rmse:0.380771+0.004168 
[570]	train-rmse:0.380722+0.001036	test-rmse:0.380767+0.004169 
[571]	train-rmse:0.380718+0.001036	test-rmse:0.380764+0.004168 
[572]	train-rmse:0.380716+0.001036	test-rmse:0.380762+0.004169 
[573]	train-rmse:0.380712+0.001036	test-rmse:0.380758+0.004168 
[574]	train-rmse:0.380710+0.001036	test-rmse:0.380756+0.004169 
[575]	train-rmse:0.380707+0.001036	test-rmse:0.380753+0.004168 
[576]	train-rmse:0.380704+0.001037	test-rmse:0.380751+0.004168 
[577]	train-rmse:0.380701+0.001037	test-rmse:0.380748+0.004167 
[578]	train-rmse:0.380698+0.001037	test-rmse:0.380745+0.004167 
[579]	train-rmse:0.380696+0.001037	test-rmse:0.380743+0.004167 
[580]	train-rmse:0.380693+0.001036	test-rmse:0.380740+0.004168 
[581]	train-rmse:0.380690+0.001036	test-rmse:0.380737+0.004168 
[582]	train-rmse:0.380687+0.001037	test-rmse:0.380734+0.004167 
[583]	train-rmse:0.380684+0.001037	test-rmse:0.380731+0.004167 
[584]	train-rmse:0.380680+0.001037	test-rmse:0.380728+0.004167 
[585]	train-rmse:0.380677+0.001038	test-rmse:0.380725+0.004166 
[586]	train-rmse:0.380674+0.001038	test-rmse:0.380722+0.004166 
[587]	train-rmse:0.380672+0.001037	test-rmse:0.380719+0.004167 
[588]	train-rmse:0.380670+0.001038	test-rmse:0.380717+0.004166 
[589]	train-rmse:0.380666+0.001038	test-rmse:0.380714+0.004166 
[590]	train-rmse:0.380663+0.001038	test-rmse:0.380711+0.004166 
[591]	train-rmse:0.380660+0.001038	test-rmse:0.380708+0.004165 
[592]	train-rmse:0.380657+0.001038	test-rmse:0.380705+0.004165 
[593]	train-rmse:0.380653+0.001038	test-rmse:0.380702+0.004165 
[594]	train-rmse:0.380651+0.001038	test-rmse:0.380699+0.004165 
[595]	train-rmse:0.380648+0.001038	test-rmse:0.380696+0.004165 
[596]	train-rmse:0.380646+0.001038	test-rmse:0.380694+0.004165 
[597]	train-rmse:0.380643+0.001039	test-rmse:0.380692+0.004164 
[598]	train-rmse:0.380640+0.001038	test-rmse:0.380688+0.004165 
[599]	train-rmse:0.380636+0.001038	test-rmse:0.380685+0.004165 
[600]	train-rmse:0.380634+0.001037	test-rmse:0.380683+0.004166 
[601]	train-rmse:0.380630+0.001037	test-rmse:0.380679+0.004166 
[602]	train-rmse:0.380627+0.001036	test-rmse:0.380676+0.004167 
[603]	train-rmse:0.380624+0.001036	test-rmse:0.380674+0.004166 
[604]	train-rmse:0.380621+0.001036	test-rmse:0.380670+0.004166 
[605]	train-rmse:0.380618+0.001036	test-rmse:0.380668+0.004166 
[606]	train-rmse:0.380616+0.001036	test-rmse:0.380665+0.004166 
[607]	train-rmse:0.380613+0.001036	test-rmse:0.380662+0.004166 
[608]	train-rmse:0.380610+0.001037	test-rmse:0.380660+0.004166 
[609]	train-rmse:0.380607+0.001037	test-rmse:0.380657+0.004165 
[610]	train-rmse:0.380603+0.001037	test-rmse:0.380654+0.004165 
[611]	train-rmse:0.380601+0.001038	test-rmse:0.380651+0.004164 
[612]	train-rmse:0.380599+0.001037	test-rmse:0.380649+0.004165 
[613]	train-rmse:0.380596+0.001037	test-rmse:0.380646+0.004165 
[614]	train-rmse:0.380593+0.001037	test-rmse:0.380644+0.004165 
[615]	train-rmse:0.380591+0.001036	test-rmse:0.380642+0.004165 
[616]	train-rmse:0.380588+0.001036	test-rmse:0.380638+0.004165 
[617]	train-rmse:0.380585+0.001037	test-rmse:0.380636+0.004165 
[618]	train-rmse:0.380582+0.001036	test-rmse:0.380633+0.004166 
[619]	train-rmse:0.380580+0.001037	test-rmse:0.380631+0.004165 
[620]	train-rmse:0.380576+0.001037	test-rmse:0.380627+0.004165 
[621]	train-rmse:0.380574+0.001035	test-rmse:0.380625+0.004166 
[622]	train-rmse:0.380571+0.001035	test-rmse:0.380622+0.004167 
[623]	train-rmse:0.380568+0.001035	test-rmse:0.380619+0.004166 
[624]	train-rmse:0.380565+0.001034	test-rmse:0.380616+0.004168 
[625]	train-rmse:0.380562+0.001034	test-rmse:0.380613+0.004167 
[626]	train-rmse:0.380559+0.001034	test-rmse:0.380610+0.004167 
[627]	train-rmse:0.380556+0.001034	test-rmse:0.380608+0.004167 
[628]	train-rmse:0.380553+0.001034	test-rmse:0.380605+0.004167 
[629]	train-rmse:0.380550+0.001033	test-rmse:0.380602+0.004168 
[630]	train-rmse:0.380547+0.001032	test-rmse:0.380599+0.004169 
[631]	train-rmse:0.380544+0.001033	test-rmse:0.380596+0.004168 
[632]	train-rmse:0.380541+0.001033	test-rmse:0.380593+0.004168 
[633]	train-rmse:0.380538+0.001033	test-rmse:0.380590+0.004168 
[634]	train-rmse:0.380534+0.001033	test-rmse:0.380587+0.004168 
[635]	train-rmse:0.380531+0.001033	test-rmse:0.380583+0.004168 
[636]	train-rmse:0.380527+0.001033	test-rmse:0.380580+0.004168 
[637]	train-rmse:0.380524+0.001033	test-rmse:0.380577+0.004168 
[638]	train-rmse:0.380521+0.001032	test-rmse:0.380574+0.004168 
[639]	train-rmse:0.380517+0.001032	test-rmse:0.380570+0.004168 
[640]	train-rmse:0.380514+0.001032	test-rmse:0.380567+0.004168 
[641]	train-rmse:0.380510+0.001032	test-rmse:0.380563+0.004168 
[642]	train-rmse:0.380506+0.001032	test-rmse:0.380560+0.004168 
[643]	train-rmse:0.380503+0.001032	test-rmse:0.380557+0.004168 
[644]	train-rmse:0.380501+0.001032	test-rmse:0.380554+0.004168 
[645]	train-rmse:0.380498+0.001032	test-rmse:0.380552+0.004168 
[646]	train-rmse:0.380495+0.001032	test-rmse:0.380549+0.004168 
[647]	train-rmse:0.380492+0.001032	test-rmse:0.380546+0.004168 
[648]	train-rmse:0.380489+0.001033	test-rmse:0.380543+0.004167 
[649]	train-rmse:0.380486+0.001032	test-rmse:0.380540+0.004167 
[650]	train-rmse:0.380484+0.001032	test-rmse:0.380538+0.004168 
[651]	train-rmse:0.380481+0.001032	test-rmse:0.380535+0.004167 
[652]	train-rmse:0.380477+0.001032	test-rmse:0.380532+0.004167 
[653]	train-rmse:0.380474+0.001032	test-rmse:0.380528+0.004167 
[654]	train-rmse:0.380471+0.001033	test-rmse:0.380526+0.004167 
[655]	train-rmse:0.380468+0.001033	test-rmse:0.380522+0.004167 
[656]	train-rmse:0.380465+0.001033	test-rmse:0.380520+0.004166 
[657]	train-rmse:0.380462+0.001033	test-rmse:0.380517+0.004166 
[658]	train-rmse:0.380458+0.001033	test-rmse:0.380514+0.004166 
[659]	train-rmse:0.380455+0.001032	test-rmse:0.380510+0.004167 
[660]	train-rmse:0.380453+0.001032	test-rmse:0.380508+0.004167 
[661]	train-rmse:0.380449+0.001032	test-rmse:0.380505+0.004167 
[662]	train-rmse:0.380446+0.001031	test-rmse:0.380502+0.004168 
[663]	train-rmse:0.380443+0.001031	test-rmse:0.380499+0.004168 
[664]	train-rmse:0.380440+0.001031	test-rmse:0.380496+0.004168 
[665]	train-rmse:0.380438+0.001031	test-rmse:0.380494+0.004168 
[666]	train-rmse:0.380435+0.001030	test-rmse:0.380491+0.004169 
[667]	train-rmse:0.380432+0.001030	test-rmse:0.380488+0.004168 
[668]	train-rmse:0.380430+0.001030	test-rmse:0.380486+0.004169 
[669]	train-rmse:0.380427+0.001030	test-rmse:0.380483+0.004168 
[670]	train-rmse:0.380424+0.001031	test-rmse:0.380481+0.004168 
[671]	train-rmse:0.380421+0.001031	test-rmse:0.380478+0.004167 
[672]	train-rmse:0.380419+0.001031	test-rmse:0.380476+0.004168 
[673]	train-rmse:0.380416+0.001030	test-rmse:0.380473+0.004168 
[674]	train-rmse:0.380414+0.001029	test-rmse:0.380470+0.004169 
[675]	train-rmse:0.380411+0.001029	test-rmse:0.380468+0.004170 
[676]	train-rmse:0.380408+0.001028	test-rmse:0.380465+0.004170 
[677]	train-rmse:0.380406+0.001028	test-rmse:0.380463+0.004170 
[678]	train-rmse:0.380403+0.001028	test-rmse:0.380460+0.004170 
[679]	train-rmse:0.380401+0.001028	test-rmse:0.380458+0.004171 
[680]	train-rmse:0.380399+0.001027	test-rmse:0.380456+0.004171 
[681]	train-rmse:0.380397+0.001027	test-rmse:0.380454+0.004171 
[682]	train-rmse:0.380393+0.001027	test-rmse:0.380450+0.004170 
[683]	train-rmse:0.380391+0.001028	test-rmse:0.380448+0.004170 
[684]	train-rmse:0.380389+0.001028	test-rmse:0.380446+0.004170 
[685]	train-rmse:0.380386+0.001028	test-rmse:0.380444+0.004170 
[686]	train-rmse:0.380383+0.001029	test-rmse:0.380441+0.004169 
[687]	train-rmse:0.380381+0.001029	test-rmse:0.380439+0.004169 
[688]	train-rmse:0.380378+0.001029	test-rmse:0.380436+0.004169 
[689]	train-rmse:0.380376+0.001030	test-rmse:0.380434+0.004168 
[690]	train-rmse:0.380373+0.001030	test-rmse:0.380431+0.004168 
[691]	train-rmse:0.380370+0.001030	test-rmse:0.380428+0.004167 
[692]	train-rmse:0.380367+0.001031	test-rmse:0.380426+0.004167 
[693]	train-rmse:0.380365+0.001031	test-rmse:0.380423+0.004167 
[694]	train-rmse:0.380362+0.001031	test-rmse:0.380420+0.004167 
[695]	train-rmse:0.380360+0.001032	test-rmse:0.380419+0.004165 
[696]	train-rmse:0.380357+0.001032	test-rmse:0.380416+0.004166 
[697]	train-rmse:0.380354+0.001032	test-rmse:0.380413+0.004165 
[698]	train-rmse:0.380351+0.001031	test-rmse:0.380410+0.004166 
[699]	train-rmse:0.380348+0.001031	test-rmse:0.380407+0.004166 
[700]	train-rmse:0.380344+0.001031	test-rmse:0.380404+0.004166 
[701]	train-rmse:0.380342+0.001031	test-rmse:0.380401+0.004166 
[702]	train-rmse:0.380338+0.001031	test-rmse:0.380398+0.004166 
[703]	train-rmse:0.380337+0.001031	test-rmse:0.380396+0.004166 
[704]	train-rmse:0.380333+0.001031	test-rmse:0.380393+0.004166 
[705]	train-rmse:0.380331+0.001031	test-rmse:0.380390+0.004166 
[706]	train-rmse:0.380327+0.001031	test-rmse:0.380387+0.004166 
[707]	train-rmse:0.380324+0.001031	test-rmse:0.380384+0.004166 
[708]	train-rmse:0.380321+0.001032	test-rmse:0.380381+0.004165 
[709]	train-rmse:0.380318+0.001032	test-rmse:0.380379+0.004165 
[710]	train-rmse:0.380316+0.001032	test-rmse:0.380376+0.004164 
[711]	train-rmse:0.380313+0.001032	test-rmse:0.380373+0.004164 
[712]	train-rmse:0.380310+0.001033	test-rmse:0.380370+0.004164 
[713]	train-rmse:0.380307+0.001033	test-rmse:0.380367+0.004163 
[714]	train-rmse:0.380305+0.001034	test-rmse:0.380365+0.004163 
[715]	train-rmse:0.380302+0.001034	test-rmse:0.380363+0.004162 
[716]	train-rmse:0.380300+0.001033	test-rmse:0.380360+0.004163 
[717]	train-rmse:0.380296+0.001033	test-rmse:0.380357+0.004163 
[718]	train-rmse:0.380294+0.001033	test-rmse:0.380355+0.004164 
[719]	train-rmse:0.380290+0.001032	test-rmse:0.380351+0.004164 
[720]	train-rmse:0.380288+0.001033	test-rmse:0.380349+0.004163 
[721]	train-rmse:0.380285+0.001034	test-rmse:0.380346+0.004162 
[722]	train-rmse:0.380281+0.001034	test-rmse:0.380343+0.004162 
[723]	train-rmse:0.380278+0.001034	test-rmse:0.380340+0.004162 
[724]	train-rmse:0.380276+0.001033	test-rmse:0.380338+0.004163 
[725]	train-rmse:0.380273+0.001033	test-rmse:0.380335+0.004162 
[726]	train-rmse:0.380271+0.001033	test-rmse:0.380332+0.004162 
[727]	train-rmse:0.380269+0.001033	test-rmse:0.380331+0.004163 
[728]	train-rmse:0.380266+0.001032	test-rmse:0.380328+0.004164 
[729]	train-rmse:0.380264+0.001031	test-rmse:0.380326+0.004164 
[730]	train-rmse:0.380260+0.001031	test-rmse:0.380323+0.004164 
[731]	train-rmse:0.380257+0.001030	test-rmse:0.380320+0.004165 
[732]	train-rmse:0.380254+0.001031	test-rmse:0.380317+0.004165 
[733]	train-rmse:0.380252+0.001030	test-rmse:0.380315+0.004165 
[734]	train-rmse:0.380250+0.001030	test-rmse:0.380313+0.004165 
[735]	train-rmse:0.380247+0.001029	test-rmse:0.380309+0.004166 
[736]	train-rmse:0.380244+0.001028	test-rmse:0.380307+0.004167 
[737]	train-rmse:0.380241+0.001028	test-rmse:0.380304+0.004167 
[738]	train-rmse:0.380238+0.001029	test-rmse:0.380301+0.004166 
[739]	train-rmse:0.380236+0.001029	test-rmse:0.380299+0.004166 
[740]	train-rmse:0.380233+0.001029	test-rmse:0.380296+0.004166 
[741]	train-rmse:0.380230+0.001028	test-rmse:0.380293+0.004167 
[742]	train-rmse:0.380228+0.001028	test-rmse:0.380291+0.004167 
[743]	train-rmse:0.380225+0.001027	test-rmse:0.380289+0.004168 
[744]	train-rmse:0.380222+0.001027	test-rmse:0.380286+0.004168 
[745]	train-rmse:0.380219+0.001027	test-rmse:0.380283+0.004167 
[746]	train-rmse:0.380216+0.001027	test-rmse:0.380280+0.004168 
[747]	train-rmse:0.380214+0.001027	test-rmse:0.380278+0.004167 
[748]	train-rmse:0.380211+0.001026	test-rmse:0.380275+0.004168 
[749]	train-rmse:0.380208+0.001026	test-rmse:0.380273+0.004169 
[750]	train-rmse:0.380204+0.001026	test-rmse:0.380269+0.004169 
[751]	train-rmse:0.380201+0.001025	test-rmse:0.380266+0.004169 
[752]	train-rmse:0.380198+0.001026	test-rmse:0.380263+0.004168 
[753]	train-rmse:0.380195+0.001026	test-rmse:0.380260+0.004168 
[754]	train-rmse:0.380192+0.001026	test-rmse:0.380257+0.004168 
[755]	train-rmse:0.380189+0.001026	test-rmse:0.380254+0.004168 
[756]	train-rmse:0.380186+0.001026	test-rmse:0.380252+0.004167 
[757]	train-rmse:0.380183+0.001025	test-rmse:0.380248+0.004168 
[758]	train-rmse:0.380180+0.001026	test-rmse:0.380246+0.004168 
[759]	train-rmse:0.380179+0.001027	test-rmse:0.380244+0.004167 
[760]	train-rmse:0.380175+0.001027	test-rmse:0.380240+0.004167 
[761]	train-rmse:0.380173+0.001026	test-rmse:0.380239+0.004167 
[762]	train-rmse:0.380170+0.001026	test-rmse:0.380236+0.004167 
[763]	train-rmse:0.380168+0.001027	test-rmse:0.380233+0.004167 
[764]	train-rmse:0.380164+0.001026	test-rmse:0.380230+0.004167 
[765]	train-rmse:0.380162+0.001025	test-rmse:0.380228+0.004168 
[766]	train-rmse:0.380160+0.001024	test-rmse:0.380226+0.004169 
[767]	train-rmse:0.380156+0.001024	test-rmse:0.380223+0.004169 
[768]	train-rmse:0.380154+0.001023	test-rmse:0.380220+0.004170 
[769]	train-rmse:0.380152+0.001023	test-rmse:0.380219+0.004170 
[770]	train-rmse:0.380150+0.001023	test-rmse:0.380216+0.004170 
[771]	train-rmse:0.380147+0.001023	test-rmse:0.380213+0.004169 
[772]	train-rmse:0.380143+0.001023	test-rmse:0.380210+0.004169 
[773]	train-rmse:0.380140+0.001023	test-rmse:0.380207+0.004169 
[774]	train-rmse:0.380138+0.001024	test-rmse:0.380205+0.004169 
[775]	train-rmse:0.380135+0.001024	test-rmse:0.380202+0.004168 
[776]	train-rmse:0.380131+0.001024	test-rmse:0.380199+0.004168 
[777]	train-rmse:0.380129+0.001024	test-rmse:0.380196+0.004168 
[778]	train-rmse:0.380127+0.001023	test-rmse:0.380194+0.004169 
[779]	train-rmse:0.380124+0.001022	test-rmse:0.380191+0.004170 
[780]	train-rmse:0.380121+0.001022	test-rmse:0.380188+0.004170 
[781]	train-rmse:0.380118+0.001022	test-rmse:0.380185+0.004170 
[782]	train-rmse:0.380115+0.001023	test-rmse:0.380182+0.004169 
[783]	train-rmse:0.380112+0.001022	test-rmse:0.380180+0.004170 
[784]	train-rmse:0.380109+0.001023	test-rmse:0.380177+0.004169 
[785]	train-rmse:0.380105+0.001023	test-rmse:0.380173+0.004169 
[786]	train-rmse:0.380103+0.001023	test-rmse:0.380171+0.004169 
[787]	train-rmse:0.380100+0.001022	test-rmse:0.380169+0.004169 
[788]	train-rmse:0.380098+0.001023	test-rmse:0.380166+0.004169 
[789]	train-rmse:0.380095+0.001022	test-rmse:0.380164+0.004169 
[790]	train-rmse:0.380093+0.001023	test-rmse:0.380162+0.004168 
[791]	train-rmse:0.380091+0.001024	test-rmse:0.380159+0.004168 
[792]	train-rmse:0.380088+0.001023	test-rmse:0.380157+0.004169 
[793]	train-rmse:0.380085+0.001023	test-rmse:0.380154+0.004169 
[794]	train-rmse:0.380082+0.001023	test-rmse:0.380151+0.004168 
[795]	train-rmse:0.380080+0.001023	test-rmse:0.380149+0.004168 
[796]	train-rmse:0.380077+0.001022	test-rmse:0.380147+0.004169 
[797]	train-rmse:0.380075+0.001021	test-rmse:0.380144+0.004170 
[798]	train-rmse:0.380073+0.001022	test-rmse:0.380142+0.004169 
[799]	train-rmse:0.380071+0.001022	test-rmse:0.380140+0.004169 
[800]	train-rmse:0.380068+0.001023	test-rmse:0.380137+0.004168 
[801]	train-rmse:0.380065+0.001023	test-rmse:0.380135+0.004168 
[802]	train-rmse:0.380063+0.001023	test-rmse:0.380132+0.004167 
[803]	train-rmse:0.380060+0.001023	test-rmse:0.380130+0.004168 
[804]	train-rmse:0.380057+0.001022	test-rmse:0.380127+0.004169 
[805]	train-rmse:0.380054+0.001021	test-rmse:0.380124+0.004169 
[806]	train-rmse:0.380052+0.001022	test-rmse:0.380122+0.004168 
[807]	train-rmse:0.380050+0.001022	test-rmse:0.380120+0.004168 
[808]	train-rmse:0.380047+0.001022	test-rmse:0.380118+0.004169 
[809]	train-rmse:0.380045+0.001021	test-rmse:0.380116+0.004169 
[810]	train-rmse:0.380044+0.001021	test-rmse:0.380114+0.004169 
[811]	train-rmse:0.380040+0.001021	test-rmse:0.380110+0.004169 
[812]	train-rmse:0.380037+0.001020	test-rmse:0.380108+0.004170 
[813]	train-rmse:0.380034+0.001021	test-rmse:0.380105+0.004170 
[814]	train-rmse:0.380031+0.001021	test-rmse:0.380102+0.004169 
> hgrid <-
+   dplyr::bind_cols(xgboost_params[index, ], dart.cv$evaluation_log[dart.cv$best_iteration, ], best_iter = dart.cv$best_iteration)
> 
> # write result
> fname <- file.path('data-raw', 'tune', year, 'array', paste0('tune_', index, '.tsv'))
> readr::write_tsv(hgrid, file = fname)
