> 
> # parse arguments
> args <- R.utils::commandArgs(trailingOnly = FALSE, asValues = TRUE)
> index <- as.integer(args$index)
> year <- as.character(args$year)
> nreps <- as.integer(args$nreps)
> seed <- as.integer(args$seed)
> 
> # get number of cores
> wkrs <- length(future::availableWorkers())
> 
> # set seed
> set.seed(seed)
> 
> # read and prepare the cluster features
> fp <- file.path('data-raw', 'features', year)
> clf <-
+   read_features(fp, pattern = 'paris.', recursive = FALSE)
> clf <- prepare_features(
+   clf,
+   feature_map = feature_map,
+   category = c('response', 'bio', 'net'),
+   type = 'list',
+   exclusions = c(
+     'mg2_pairs_count',
+     'mg2_not_pairs_count',
+     'mg2_portion_families_recovered',
+     'cluster_origin',
+     'bocc_origin',
+     'cluster_method',
+     'subcluster_method',
+     'year',
+     'IDs',
+     'go_sig_threshold',
+     'num_new_edges_on_any_node',
+     'HPO_ratio'
+   ),
+   verbose = TRUE
+ )
c('HPO_ratio', 'IDs', 'bocc_origin', 'cluster_method', 'cluster_origin', 'go_sig_threshold', 'max_norm_cell_type_comma_sep_string', 'max_norm_disease_comma_sep_string', 'mg2_not_pairs_count', 'mg2_pairs_count', 'mg2_portion_families_recovered', 'num_new_edges_on_any_node', 'sig_go_enrichment_fdr_corrected_p_vals', 'sig_go_enrichment_p_vals', 'sig_go_enrichment_terms', 'subcluster_method', 'year')

> 
> # prepare grid of parameters
> xgboost_params <- dials::parameters(
+   nrounds = dials::trees(),
+   eta = dials::learn_rate(),
+   gamma = dials::loss_reduction(),
+   dials::tree_depth(),
+   subsample = dials::sample_prop(),
+   rate_drop = dials::dropout(),
+   skip_drop = dials::dropout()
+ )
> xgboost_params <-
+   dials::grid_max_entropy(xgboost_params, size = nreps)
> 
> # tune the dart booster
> dart.param <-
+   list(
+     booster = "dart",
+     objective = "reg:logistic",
+     eval_metric = "rmse",
+     nthread = wkrs,
+     max_depth = xgboost_params$tree_depth[index],
+     eta = xgboost_params$eta[index],
+     gamma = xgboost_params$gamma[index],
+     subsample = xgboost_params$subsample[index],
+     rate_drop = xgboost_params$rate_drop[index],
+     skip_drop = xgboost_params$skip_drop[index]
+   )
> dart.cv <- xgboost::xgb.cv(
+   params = dart.param,
+   nrounds = xgboost_params$nrounds[index],
+   data = as.matrix(clf[, -1]),
+   nfold = 5,
+   label = clf$snowballing_pvalue,
+   early_stopping_rounds = 50
+ )
[1]	train-rmse:0.380845+0.001037	test-rmse:0.380989+0.004165 
Multiple eval metrics are present. Will use test_rmse for early stopping.
Will train until test_rmse hasn't improved in 50 rounds.

[2]	train-rmse:0.379028+0.001028	test-rmse:0.379369+0.004130 
[3]	train-rmse:0.377237+0.001015	test-rmse:0.377761+0.004111 
[4]	train-rmse:0.375638+0.000686	test-rmse:0.376326+0.004404 
[5]	train-rmse:0.373870+0.000677	test-rmse:0.374776+0.004381 
[6]	train-rmse:0.372109+0.000661	test-rmse:0.373173+0.004354 
[7]	train-rmse:0.370831+0.000833	test-rmse:0.372004+0.004335 
[8]	train-rmse:0.369084+0.000827	test-rmse:0.370435+0.004317 
[9]	train-rmse:0.367526+0.000879	test-rmse:0.369036+0.004183 
[10]	train-rmse:0.365800+0.000866	test-rmse:0.367482+0.004176 
[11]	train-rmse:0.364091+0.000860	test-rmse:0.365946+0.004158 
[12]	train-rmse:0.362393+0.000845	test-rmse:0.364423+0.004135 
[13]	train-rmse:0.360869+0.001024	test-rmse:0.363078+0.004110 
[14]	train-rmse:0.359439+0.001398	test-rmse:0.361801+0.004092 
[15]	train-rmse:0.358312+0.001928	test-rmse:0.360768+0.003989 
[16]	train-rmse:0.356645+0.001908	test-rmse:0.359276+0.003985 
[17]	train-rmse:0.355546+0.001496	test-rmse:0.358313+0.004008 
[18]	train-rmse:0.353890+0.001490	test-rmse:0.356847+0.003984 
[19]	train-rmse:0.352537+0.001251	test-rmse:0.355656+0.004432 
[20]	train-rmse:0.351445+0.000954	test-rmse:0.354703+0.004876 
[21]	train-rmse:0.350113+0.000915	test-rmse:0.353524+0.004895 
[22]	train-rmse:0.349069+0.001228	test-rmse:0.352612+0.004544 
[23]	train-rmse:0.347733+0.000990	test-rmse:0.351428+0.004399 
[24]	train-rmse:0.346400+0.001058	test-rmse:0.350250+0.004438 
[25]	train-rmse:0.345406+0.001758	test-rmse:0.349367+0.004536 
[26]	train-rmse:0.344110+0.001609	test-rmse:0.348237+0.004147 
[27]	train-rmse:0.342520+0.001599	test-rmse:0.346846+0.004131 
[28]	train-rmse:0.340947+0.001588	test-rmse:0.345440+0.004101 
[29]	train-rmse:0.340242+0.001813	test-rmse:0.344820+0.003577 
[30]	train-rmse:0.338986+0.002273	test-rmse:0.343719+0.003645 
[31]	train-rmse:0.337723+0.001944	test-rmse:0.342633+0.004014 
[32]	train-rmse:0.336746+0.002021	test-rmse:0.341778+0.003730 
[33]	train-rmse:0.335500+0.002188	test-rmse:0.340684+0.003867 
[34]	train-rmse:0.334251+0.001931	test-rmse:0.339594+0.003716 
[35]	train-rmse:0.332730+0.001921	test-rmse:0.338280+0.003717 
[36]	train-rmse:0.331229+0.001921	test-rmse:0.336963+0.003713 
[37]	train-rmse:0.329728+0.001908	test-rmse:0.335653+0.003715 
[38]	train-rmse:0.328232+0.001895	test-rmse:0.334347+0.003711 
[39]	train-rmse:0.327025+0.001986	test-rmse:0.333313+0.003322 
[40]	train-rmse:0.325552+0.001977	test-rmse:0.332037+0.003310 
[41]	train-rmse:0.324089+0.001970	test-rmse:0.330787+0.003303 
[42]	train-rmse:0.323179+0.001842	test-rmse:0.330009+0.003820 
[43]	train-rmse:0.322559+0.001974	test-rmse:0.329466+0.003298 
[44]	train-rmse:0.321386+0.001608	test-rmse:0.328462+0.003645 
[45]	train-rmse:0.320494+0.001557	test-rmse:0.327700+0.003211 
[46]	train-rmse:0.319062+0.001555	test-rmse:0.326448+0.003207 
[47]	train-rmse:0.317907+0.001206	test-rmse:0.325483+0.003587 
[48]	train-rmse:0.317308+0.001089	test-rmse:0.324957+0.003626 
[49]	train-rmse:0.315900+0.001092	test-rmse:0.323737+0.003653 
[50]	train-rmse:0.314760+0.000963	test-rmse:0.322739+0.003635 
[51]	train-rmse:0.313640+0.001110	test-rmse:0.321756+0.003668 
[52]	train-rmse:0.312776+0.001440	test-rmse:0.321007+0.003617 
[53]	train-rmse:0.311918+0.001375	test-rmse:0.320267+0.003531 
[54]	train-rmse:0.310793+0.000973	test-rmse:0.319315+0.003873 
[55]	train-rmse:0.309687+0.001324	test-rmse:0.318368+0.003841 
[56]	train-rmse:0.308318+0.001315	test-rmse:0.317209+0.003840 
[57]	train-rmse:0.307483+0.001150	test-rmse:0.316516+0.003819 
[58]	train-rmse:0.306126+0.001142	test-rmse:0.315365+0.003803 
[59]	train-rmse:0.304800+0.001137	test-rmse:0.314258+0.003813 
[60]	train-rmse:0.303732+0.001373	test-rmse:0.313355+0.003477 
[61]	train-rmse:0.302411+0.001357	test-rmse:0.312255+0.003503 
[62]	train-rmse:0.301602+0.001061	test-rmse:0.311564+0.003561 
[63]	train-rmse:0.300281+0.001050	test-rmse:0.310468+0.003582 
[64]	train-rmse:0.299470+0.000446	test-rmse:0.309800+0.003946 
[65]	train-rmse:0.298163+0.000438	test-rmse:0.308701+0.003947 
[66]	train-rmse:0.296874+0.000447	test-rmse:0.307624+0.003931 
[67]	train-rmse:0.295581+0.000440	test-rmse:0.306564+0.003919 
[68]	train-rmse:0.294312+0.000433	test-rmse:0.305496+0.003922 
[69]	train-rmse:0.293530+0.000315	test-rmse:0.304858+0.004283 
[70]	train-rmse:0.292759+0.000363	test-rmse:0.304203+0.004246 
[71]	train-rmse:0.291757+0.000673	test-rmse:0.303359+0.004368 
[72]	train-rmse:0.290760+0.001108	test-rmse:0.302510+0.004521 
[73]	train-rmse:0.289522+0.001094	test-rmse:0.301473+0.004512 
[74]	train-rmse:0.288527+0.001206	test-rmse:0.300670+0.004424 
[75]	train-rmse:0.287533+0.001077	test-rmse:0.299847+0.004087 
[76]	train-rmse:0.286780+0.001352	test-rmse:0.299233+0.003672 
[77]	train-rmse:0.285804+0.001582	test-rmse:0.298420+0.003844 
[78]	train-rmse:0.284827+0.001369	test-rmse:0.297599+0.003871 
[79]	train-rmse:0.283852+0.001452	test-rmse:0.296823+0.003559 
[80]	train-rmse:0.282890+0.001095	test-rmse:0.296065+0.003785 
[81]	train-rmse:0.281944+0.001329	test-rmse:0.295294+0.003495 
[82]	train-rmse:0.280992+0.001093	test-rmse:0.294530+0.003752 
[83]	train-rmse:0.280267+0.001512	test-rmse:0.293949+0.003350 
[84]	train-rmse:0.279095+0.001502	test-rmse:0.293004+0.003374 
[85]	train-rmse:0.278158+0.001585	test-rmse:0.292222+0.003570 
[86]	train-rmse:0.277458+0.001620	test-rmse:0.291646+0.003981 
[87]	train-rmse:0.276304+0.001600	test-rmse:0.290690+0.004005 
[88]	train-rmse:0.275383+0.001670	test-rmse:0.289951+0.003924 
[89]	train-rmse:0.274244+0.001656	test-rmse:0.289026+0.003962 
[90]	train-rmse:0.273332+0.001855	test-rmse:0.288323+0.003717 
[91]	train-rmse:0.272427+0.002012	test-rmse:0.287579+0.003943 
[92]	train-rmse:0.271300+0.001994	test-rmse:0.286674+0.003963 
[93]	train-rmse:0.270611+0.001505	test-rmse:0.286134+0.004148 
[94]	train-rmse:0.269498+0.001496	test-rmse:0.285262+0.004162 
[95]	train-rmse:0.268607+0.001141	test-rmse:0.284543+0.004174 
[96]	train-rmse:0.267722+0.001417	test-rmse:0.283812+0.004385 
[97]	train-rmse:0.267269+0.001459	test-rmse:0.283472+0.004193 
[98]	train-rmse:0.266821+0.001921	test-rmse:0.283114+0.004058 
[99]	train-rmse:0.266164+0.001908	test-rmse:0.282609+0.004145 
[100]	train-rmse:0.265285+0.002083	test-rmse:0.281937+0.003917 
[101]	train-rmse:0.264196+0.002057	test-rmse:0.281070+0.003924 
[102]	train-rmse:0.263330+0.002190	test-rmse:0.280396+0.003861 
[103]	train-rmse:0.262888+0.001847	test-rmse:0.280041+0.004180 
[104]	train-rmse:0.262027+0.001817	test-rmse:0.279355+0.004369 
[105]	train-rmse:0.261392+0.002010	test-rmse:0.278838+0.004752 
[106]	train-rmse:0.260546+0.002109	test-rmse:0.278176+0.004682 
[107]	train-rmse:0.259697+0.002287	test-rmse:0.277511+0.004658 
[108]	train-rmse:0.258860+0.002508	test-rmse:0.276849+0.004647 
[109]	train-rmse:0.258007+0.002136	test-rmse:0.276196+0.004615 
[110]	train-rmse:0.257170+0.001786	test-rmse:0.275570+0.004614 
[111]	train-rmse:0.256136+0.001787	test-rmse:0.274785+0.004641 
[112]	train-rmse:0.255314+0.001810	test-rmse:0.274143+0.004818 
[113]	train-rmse:0.254490+0.001921	test-rmse:0.273527+0.004997 
[114]	train-rmse:0.253485+0.001920	test-rmse:0.272750+0.005002 
[115]	train-rmse:0.252679+0.001956	test-rmse:0.272117+0.005177 
[116]	train-rmse:0.251871+0.002092	test-rmse:0.271510+0.005344 
[117]	train-rmse:0.251467+0.001752	test-rmse:0.271192+0.005240 
[118]	train-rmse:0.250477+0.001733	test-rmse:0.270432+0.005262 
[119]	train-rmse:0.249884+0.002064	test-rmse:0.269984+0.005398 
[120]	train-rmse:0.249089+0.002280	test-rmse:0.269410+0.005562 
[121]	train-rmse:0.248295+0.002530	test-rmse:0.268823+0.005748 
[122]	train-rmse:0.247324+0.002527	test-rmse:0.268102+0.005751 
[123]	train-rmse:0.246352+0.002501	test-rmse:0.267346+0.005752 
[124]	train-rmse:0.245380+0.002496	test-rmse:0.266599+0.005742 
[125]	train-rmse:0.244617+0.002777	test-rmse:0.266033+0.005929 
[126]	train-rmse:0.243859+0.002779	test-rmse:0.265451+0.006061 
[127]	train-rmse:0.243094+0.002502	test-rmse:0.264862+0.006025 
[128]	train-rmse:0.242525+0.002615	test-rmse:0.264438+0.006098 
[129]	train-rmse:0.241960+0.002975	test-rmse:0.264032+0.006222 
[130]	train-rmse:0.241036+0.002953	test-rmse:0.263331+0.006228 
[131]	train-rmse:0.240100+0.002936	test-rmse:0.262640+0.006218 
[132]	train-rmse:0.239364+0.003054	test-rmse:0.262081+0.006207 
[133]	train-rmse:0.238806+0.003081	test-rmse:0.261672+0.005975 
[134]	train-rmse:0.238060+0.002961	test-rmse:0.261132+0.005754 
[135]	train-rmse:0.237327+0.002689	test-rmse:0.260593+0.005724 
[136]	train-rmse:0.236604+0.002654	test-rmse:0.260047+0.005869 
[137]	train-rmse:0.235873+0.002542	test-rmse:0.259511+0.005667 
[138]	train-rmse:0.235342+0.002740	test-rmse:0.259115+0.005952 
[139]	train-rmse:0.234633+0.002777	test-rmse:0.258579+0.006111 
[140]	train-rmse:0.233744+0.002760	test-rmse:0.257929+0.006135 
[141]	train-rmse:0.233037+0.002882	test-rmse:0.257414+0.006122 
[142]	train-rmse:0.232325+0.003048	test-rmse:0.256894+0.006256 
[143]	train-rmse:0.231623+0.003090	test-rmse:0.256375+0.006394 
[144]	train-rmse:0.230935+0.003274	test-rmse:0.255890+0.006544 
[145]	train-rmse:0.230229+0.003005	test-rmse:0.255388+0.006506 
[146]	train-rmse:0.229715+0.003177	test-rmse:0.255009+0.006631 
[147]	train-rmse:0.229207+0.003443	test-rmse:0.254633+0.006895 
[148]	train-rmse:0.228692+0.003309	test-rmse:0.254258+0.006986 
[149]	train-rmse:0.228173+0.003280	test-rmse:0.253889+0.007067 
[150]	train-rmse:0.227659+0.003302	test-rmse:0.253527+0.007149 
[151]	train-rmse:0.226817+0.003275	test-rmse:0.252918+0.007152 
[152]	train-rmse:0.226311+0.003562	test-rmse:0.252558+0.007240 
[153]	train-rmse:0.225622+0.003381	test-rmse:0.252064+0.007208 
[154]	train-rmse:0.224792+0.003364	test-rmse:0.251466+0.007218 
[155]	train-rmse:0.223961+0.003344	test-rmse:0.250878+0.007222 
[156]	train-rmse:0.223134+0.003319	test-rmse:0.250296+0.007204 
[157]	train-rmse:0.222487+0.003384	test-rmse:0.249852+0.007199 
[158]	train-rmse:0.221674+0.003361	test-rmse:0.249271+0.007172 
[159]	train-rmse:0.221025+0.003581	test-rmse:0.248812+0.007265 
[160]	train-rmse:0.220393+0.003604	test-rmse:0.248343+0.007381 
[161]	train-rmse:0.219760+0.003654	test-rmse:0.247870+0.007518 
[162]	train-rmse:0.219114+0.003490	test-rmse:0.247438+0.007487 
[163]	train-rmse:0.218477+0.003542	test-rmse:0.247016+0.007456 
[164]	train-rmse:0.217999+0.003614	test-rmse:0.246713+0.007546 
[165]	train-rmse:0.217680+0.003515	test-rmse:0.246491+0.007468 
[166]	train-rmse:0.216894+0.003501	test-rmse:0.245958+0.007456 
[167]	train-rmse:0.216432+0.003764	test-rmse:0.245641+0.007675 
[168]	train-rmse:0.215815+0.003831	test-rmse:0.245211+0.007778 
[169]	train-rmse:0.215191+0.004006	test-rmse:0.244791+0.007887 
[170]	train-rmse:0.214422+0.003981	test-rmse:0.244267+0.007860 
[171]	train-rmse:0.213803+0.003835	test-rmse:0.243841+0.007836 
[172]	train-rmse:0.213342+0.003711	test-rmse:0.243509+0.007800 
[173]	train-rmse:0.213032+0.003407	test-rmse:0.243297+0.007588 
[174]	train-rmse:0.212274+0.003391	test-rmse:0.242794+0.007602 
[175]	train-rmse:0.211675+0.003571	test-rmse:0.242397+0.007706 
[176]	train-rmse:0.210922+0.003544	test-rmse:0.241889+0.007707 
[177]	train-rmse:0.210336+0.003613	test-rmse:0.241490+0.007814 
[178]	train-rmse:0.209753+0.003631	test-rmse:0.241111+0.007788 
[179]	train-rmse:0.209295+0.003284	test-rmse:0.240811+0.007617 
[180]	train-rmse:0.208556+0.003269	test-rmse:0.240323+0.007619 
[181]	train-rmse:0.208122+0.003540	test-rmse:0.240030+0.007808 
[182]	train-rmse:0.207688+0.003751	test-rmse:0.239755+0.007871 
[183]	train-rmse:0.207115+0.003935	test-rmse:0.239378+0.007956 
[184]	train-rmse:0.206395+0.003911	test-rmse:0.238904+0.007957 
[185]	train-rmse:0.205816+0.003707	test-rmse:0.238514+0.007817 
[186]	train-rmse:0.205237+0.003510	test-rmse:0.238139+0.007668 
[187]	train-rmse:0.205095+0.003654	test-rmse:0.238051+0.007695 
[188]	train-rmse:0.204390+0.003622	test-rmse:0.237574+0.007707 
[189]	train-rmse:0.204110+0.003744	test-rmse:0.237376+0.007884 
[190]	train-rmse:0.203538+0.003591	test-rmse:0.236990+0.007855 
[191]	train-rmse:0.203117+0.003536	test-rmse:0.236691+0.007947 
[192]	train-rmse:0.202562+0.003533	test-rmse:0.236335+0.007925 
[193]	train-rmse:0.201863+0.003506	test-rmse:0.235886+0.007918 
[194]	train-rmse:0.201310+0.003519	test-rmse:0.235525+0.007900 
[195]	train-rmse:0.200629+0.003493	test-rmse:0.235096+0.007912 
[196]	train-rmse:0.199947+0.003464	test-rmse:0.234641+0.007900 
[197]	train-rmse:0.199276+0.003439	test-rmse:0.234195+0.007909 
[198]	train-rmse:0.198741+0.003471	test-rmse:0.233873+0.007891 
[199]	train-rmse:0.198209+0.003517	test-rmse:0.233546+0.007859 
[200]	train-rmse:0.197664+0.003318	test-rmse:0.233192+0.007722 
[201]	train-rmse:0.197135+0.003364	test-rmse:0.232846+0.007846 
[202]	train-rmse:0.196880+0.003424	test-rmse:0.232698+0.007776 
[203]	train-rmse:0.196223+0.003397	test-rmse:0.232261+0.007775 
[204]	train-rmse:0.195569+0.003369	test-rmse:0.231867+0.007786 
[205]	train-rmse:0.194922+0.003357	test-rmse:0.231461+0.007780 
[206]	train-rmse:0.194276+0.003335	test-rmse:0.231063+0.007792 
[207]	train-rmse:0.194017+0.003421	test-rmse:0.230892+0.007937 
[208]	train-rmse:0.193380+0.003383	test-rmse:0.230497+0.007944 
[209]	train-rmse:0.192756+0.003356	test-rmse:0.230114+0.007950 
[210]	train-rmse:0.192241+0.003218	test-rmse:0.229806+0.007920 
[211]	train-rmse:0.191602+0.003197	test-rmse:0.229419+0.007914 
[212]	train-rmse:0.190981+0.003165	test-rmse:0.229039+0.007934 
[213]	train-rmse:0.190362+0.003143	test-rmse:0.228664+0.007916 
[214]	train-rmse:0.189754+0.003127	test-rmse:0.228293+0.007909 
[215]	train-rmse:0.189140+0.003108	test-rmse:0.227929+0.007909 
[216]	train-rmse:0.188653+0.003155	test-rmse:0.227639+0.007916 
[217]	train-rmse:0.188293+0.003265	test-rmse:0.227413+0.007996 
[218]	train-rmse:0.187807+0.003148	test-rmse:0.227121+0.007977 
[219]	train-rmse:0.187332+0.003276	test-rmse:0.226849+0.008022 
[220]	train-rmse:0.186970+0.003143	test-rmse:0.226614+0.008013 
[221]	train-rmse:0.186375+0.003120	test-rmse:0.226253+0.008022 
[222]	train-rmse:0.185780+0.003096	test-rmse:0.225892+0.008025 
[223]	train-rmse:0.185306+0.003148	test-rmse:0.225626+0.008013 
[224]	train-rmse:0.184724+0.003138	test-rmse:0.225293+0.008012 
[225]	train-rmse:0.184377+0.003066	test-rmse:0.225088+0.007909 
[226]	train-rmse:0.183911+0.003093	test-rmse:0.224820+0.008011 
[227]	train-rmse:0.183682+0.003193	test-rmse:0.224703+0.008011 
[228]	train-rmse:0.183096+0.003171	test-rmse:0.224370+0.008020 
[229]	train-rmse:0.182530+0.003145	test-rmse:0.224025+0.008017 
[230]	train-rmse:0.182077+0.002979	test-rmse:0.223776+0.007922 
[231]	train-rmse:0.181735+0.002924	test-rmse:0.223586+0.007829 
[232]	train-rmse:0.181392+0.002907	test-rmse:0.223408+0.007776 
[233]	train-rmse:0.181056+0.003066	test-rmse:0.223204+0.007903 
[234]	train-rmse:0.180724+0.003175	test-rmse:0.223006+0.008000 
[235]	train-rmse:0.180492+0.002949	test-rmse:0.222871+0.007981 
[236]	train-rmse:0.180030+0.002811	test-rmse:0.222615+0.007984 
[237]	train-rmse:0.179579+0.002660	test-rmse:0.222362+0.007895 
[238]	train-rmse:0.179138+0.002698	test-rmse:0.222122+0.007996 
[239]	train-rmse:0.178808+0.002621	test-rmse:0.221912+0.008001 
[240]	train-rmse:0.178376+0.002725	test-rmse:0.221680+0.008058 
[241]	train-rmse:0.177833+0.002712	test-rmse:0.221363+0.008047 
[242]	train-rmse:0.177397+0.002828	test-rmse:0.221117+0.008082 
[243]	train-rmse:0.176975+0.002949	test-rmse:0.220888+0.008117 
[244]	train-rmse:0.176763+0.003016	test-rmse:0.220773+0.008209 
[245]	train-rmse:0.176237+0.002997	test-rmse:0.220507+0.008230 
[246]	train-rmse:0.175802+0.002866	test-rmse:0.220269+0.008218 
[247]	train-rmse:0.175588+0.002944	test-rmse:0.220152+0.008211 
[248]	train-rmse:0.175277+0.003131	test-rmse:0.219988+0.008320 
[249]	train-rmse:0.174853+0.003021	test-rmse:0.219755+0.008316 
[250]	train-rmse:0.174428+0.002932	test-rmse:0.219530+0.008313 
[251]	train-rmse:0.174006+0.002776	test-rmse:0.219303+0.008241 
[252]	train-rmse:0.173594+0.002925	test-rmse:0.219097+0.008276 
[253]	train-rmse:0.173083+0.002910	test-rmse:0.218810+0.008281 
[254]	train-rmse:0.172572+0.002884	test-rmse:0.218530+0.008300 
[255]	train-rmse:0.172064+0.002878	test-rmse:0.218265+0.008329 
[256]	train-rmse:0.171551+0.002856	test-rmse:0.217997+0.008339 
[257]	train-rmse:0.171142+0.002775	test-rmse:0.217761+0.008329 
[258]	train-rmse:0.170731+0.002702	test-rmse:0.217553+0.008340 
[259]	train-rmse:0.170331+0.002651	test-rmse:0.217334+0.008303 
[260]	train-rmse:0.169931+0.002614	test-rmse:0.217119+0.008292 
[261]	train-rmse:0.169534+0.002615	test-rmse:0.216901+0.008376 
[262]	train-rmse:0.169137+0.002760	test-rmse:0.216686+0.008421 
[263]	train-rmse:0.168948+0.002933	test-rmse:0.216583+0.008507 
[264]	train-rmse:0.168461+0.002927	test-rmse:0.216322+0.008513 
[265]	train-rmse:0.167976+0.002924	test-rmse:0.216075+0.008516 
[266]	train-rmse:0.167674+0.002736	test-rmse:0.215923+0.008430 
[267]	train-rmse:0.167391+0.002747	test-rmse:0.215776+0.008484 
[268]	train-rmse:0.167095+0.002603	test-rmse:0.215619+0.008404 
[269]	train-rmse:0.166618+0.002578	test-rmse:0.215378+0.008410 
[270]	train-rmse:0.166148+0.002562	test-rmse:0.215131+0.008433 
[271]	train-rmse:0.165762+0.002412	test-rmse:0.214931+0.008369 
[272]	train-rmse:0.165298+0.002394	test-rmse:0.214708+0.008372 
[273]	train-rmse:0.164832+0.002378	test-rmse:0.214464+0.008396 
[274]	train-rmse:0.164463+0.002322	test-rmse:0.214295+0.008383 
[275]	train-rmse:0.164189+0.002311	test-rmse:0.214159+0.008438 
[276]	train-rmse:0.163734+0.002302	test-rmse:0.213900+0.008446 
[277]	train-rmse:0.163279+0.002288	test-rmse:0.213697+0.008461 
[278]	train-rmse:0.162921+0.002261	test-rmse:0.213513+0.008455 
[279]	train-rmse:0.162559+0.002268	test-rmse:0.213339+0.008512 
[280]	train-rmse:0.162300+0.002417	test-rmse:0.213203+0.008586 
[281]	train-rmse:0.162018+0.002307	test-rmse:0.213053+0.008595 
[282]	train-rmse:0.161668+0.002355	test-rmse:0.212869+0.008659 
[283]	train-rmse:0.161213+0.002341	test-rmse:0.212646+0.008661 
[284]	train-rmse:0.160952+0.002385	test-rmse:0.212520+0.008723 
[285]	train-rmse:0.160589+0.002231	test-rmse:0.212350+0.008684 
[286]	train-rmse:0.160237+0.002200	test-rmse:0.212184+0.008693 
[287]	train-rmse:0.159800+0.002189	test-rmse:0.211958+0.008714 
[288]	train-rmse:0.159454+0.002183	test-rmse:0.211797+0.008734 
[289]	train-rmse:0.159023+0.002168	test-rmse:0.211569+0.008745 
[290]	train-rmse:0.158679+0.002262	test-rmse:0.211409+0.008765 
[291]	train-rmse:0.158331+0.002118	test-rmse:0.211257+0.008728 
[292]	train-rmse:0.157980+0.001977	test-rmse:0.211100+0.008668 
[293]	train-rmse:0.157631+0.001970	test-rmse:0.210935+0.008663 
[294]	train-rmse:0.157204+0.001963	test-rmse:0.210731+0.008656 
[295]	train-rmse:0.156954+0.001888	test-rmse:0.210606+0.008668 
[296]	train-rmse:0.156696+0.001703	test-rmse:0.210494+0.008629 
[297]	train-rmse:0.156366+0.001574	test-rmse:0.210329+0.008580 
[298]	train-rmse:0.156033+0.001567	test-rmse:0.210188+0.008588 
[299]	train-rmse:0.155778+0.001386	test-rmse:0.210061+0.008533 
[300]	train-rmse:0.155453+0.001497	test-rmse:0.209910+0.008525 
[301]	train-rmse:0.155202+0.001431	test-rmse:0.209786+0.008540 
[302]	train-rmse:0.154954+0.001261	test-rmse:0.209675+0.008494 
[303]	train-rmse:0.154706+0.001378	test-rmse:0.209575+0.008519 
[304]	train-rmse:0.154384+0.001420	test-rmse:0.209419+0.008581 
[305]	train-rmse:0.153975+0.001417	test-rmse:0.209215+0.008584 
[306]	train-rmse:0.153812+0.001435	test-rmse:0.209154+0.008538 
[307]	train-rmse:0.153563+0.001266	test-rmse:0.209034+0.008486 
[308]	train-rmse:0.153404+0.001335	test-rmse:0.208979+0.008497 
[309]	train-rmse:0.153156+0.001187	test-rmse:0.208863+0.008457 
[310]	train-rmse:0.152758+0.001181	test-rmse:0.208700+0.008475 
[311]	train-rmse:0.152361+0.001178	test-rmse:0.208533+0.008502 
[312]	train-rmse:0.151965+0.001177	test-rmse:0.208358+0.008527 
[313]	train-rmse:0.151733+0.001315	test-rmse:0.208264+0.008524 
[314]	train-rmse:0.151426+0.001235	test-rmse:0.208135+0.008488 
[315]	train-rmse:0.151114+0.001378	test-rmse:0.208006+0.008500 
[316]	train-rmse:0.150883+0.001479	test-rmse:0.207907+0.008497 
[317]	train-rmse:0.150728+0.001525	test-rmse:0.207846+0.008471 
[318]	train-rmse:0.150342+0.001516	test-rmse:0.207672+0.008485 
[319]	train-rmse:0.149956+0.001508	test-rmse:0.207491+0.008482 
[320]	train-rmse:0.149800+0.001389	test-rmse:0.207423+0.008488 
[321]	train-rmse:0.149650+0.001470	test-rmse:0.207357+0.008542 
[322]	train-rmse:0.149352+0.001458	test-rmse:0.207250+0.008543 
[323]	train-rmse:0.149062+0.001456	test-rmse:0.207138+0.008538 
[324]	train-rmse:0.148839+0.001564	test-rmse:0.207045+0.008591 
[325]	train-rmse:0.148543+0.001523	test-rmse:0.206908+0.008582 
[326]	train-rmse:0.148175+0.001531	test-rmse:0.206756+0.008571 
[327]	train-rmse:0.147949+0.001425	test-rmse:0.206655+0.008544 
[328]	train-rmse:0.147798+0.001525	test-rmse:0.206584+0.008606 
[329]	train-rmse:0.147504+0.001505	test-rmse:0.206466+0.008656 
[330]	train-rmse:0.147133+0.001503	test-rmse:0.206293+0.008666 
[331]	train-rmse:0.146916+0.001559	test-rmse:0.206204+0.008654 
[332]	train-rmse:0.146694+0.001687	test-rmse:0.206119+0.008713 
[333]	train-rmse:0.146324+0.001684	test-rmse:0.205982+0.008734 
[334]	train-rmse:0.145962+0.001675	test-rmse:0.205841+0.008744 
[335]	train-rmse:0.145605+0.001665	test-rmse:0.205677+0.008751 
[336]	train-rmse:0.145394+0.001624	test-rmse:0.205595+0.008792 
[337]	train-rmse:0.145111+0.001593	test-rmse:0.205476+0.008784 
[338]	train-rmse:0.144823+0.001507	test-rmse:0.205361+0.008766 
[339]	train-rmse:0.144535+0.001437	test-rmse:0.205246+0.008735 
[340]	train-rmse:0.144189+0.001429	test-rmse:0.205114+0.008771 
[341]	train-rmse:0.143903+0.001397	test-rmse:0.204996+0.008763 
[342]	train-rmse:0.143556+0.001394	test-rmse:0.204864+0.008782 
[343]	train-rmse:0.143272+0.001372	test-rmse:0.204758+0.008779 
[344]	train-rmse:0.142995+0.001337	test-rmse:0.204647+0.008780 
[345]	train-rmse:0.142652+0.001334	test-rmse:0.204533+0.008786 
[346]	train-rmse:0.142308+0.001324	test-rmse:0.204400+0.008797 
[347]	train-rmse:0.142032+0.001308	test-rmse:0.204286+0.008801 
[348]	train-rmse:0.141690+0.001300	test-rmse:0.204141+0.008822 
[349]	train-rmse:0.141357+0.001300	test-rmse:0.203998+0.008823 
[350]	train-rmse:0.141157+0.001226	test-rmse:0.203938+0.008802 
[351]	train-rmse:0.140823+0.001235	test-rmse:0.203811+0.008809 
[352]	train-rmse:0.140687+0.001307	test-rmse:0.203762+0.008772 
[353]	train-rmse:0.140358+0.001306	test-rmse:0.203628+0.008772 
[354]	train-rmse:0.140163+0.001389	test-rmse:0.203559+0.008819 
[355]	train-rmse:0.139848+0.001383	test-rmse:0.203449+0.008831 
[356]	train-rmse:0.139576+0.001392	test-rmse:0.203325+0.008843 
[357]	train-rmse:0.139245+0.001378	test-rmse:0.203201+0.008864 
[358]	train-rmse:0.138923+0.001376	test-rmse:0.203082+0.008885 
[359]	train-rmse:0.138603+0.001365	test-rmse:0.202952+0.008898 
[360]	train-rmse:0.138407+0.001291	test-rmse:0.202875+0.008933 
[361]	train-rmse:0.138218+0.001238	test-rmse:0.202802+0.008967 
[362]	train-rmse:0.137967+0.001250	test-rmse:0.202712+0.008983 
[363]	train-rmse:0.137777+0.001213	test-rmse:0.202635+0.009014 
[364]	train-rmse:0.137656+0.001312	test-rmse:0.202588+0.009052 
[365]	train-rmse:0.137339+0.001300	test-rmse:0.202483+0.009052 
[366]	train-rmse:0.137087+0.001296	test-rmse:0.202384+0.009102 
[367]	train-rmse:0.136769+0.001292	test-rmse:0.202285+0.009118 
[368]	train-rmse:0.136457+0.001292	test-rmse:0.202183+0.009115 
[369]	train-rmse:0.136211+0.001303	test-rmse:0.202091+0.009118 
[370]	train-rmse:0.135907+0.001289	test-rmse:0.201986+0.009133 
[371]	train-rmse:0.135598+0.001291	test-rmse:0.201888+0.009150 
[372]	train-rmse:0.135351+0.001194	test-rmse:0.201808+0.009127 
[373]	train-rmse:0.135170+0.001210	test-rmse:0.201724+0.009163 
[374]	train-rmse:0.134992+0.001261	test-rmse:0.201668+0.009164 
[375]	train-rmse:0.134806+0.001240	test-rmse:0.201606+0.009196 
[376]	train-rmse:0.134506+0.001233	test-rmse:0.201501+0.009212 
[377]	train-rmse:0.134261+0.001254	test-rmse:0.201424+0.009225 
[378]	train-rmse:0.134017+0.001151	test-rmse:0.201356+0.009198 
[379]	train-rmse:0.133720+0.001146	test-rmse:0.201257+0.009211 
[380]	train-rmse:0.133543+0.001084	test-rmse:0.201199+0.009184 
[381]	train-rmse:0.133308+0.001079	test-rmse:0.201108+0.009229 
[382]	train-rmse:0.133071+0.001121	test-rmse:0.201024+0.009226 
[383]	train-rmse:0.132836+0.001026	test-rmse:0.200940+0.009210 
[384]	train-rmse:0.132607+0.000947	test-rmse:0.200862+0.009213 
[385]	train-rmse:0.132374+0.000995	test-rmse:0.200786+0.009223 
[386]	train-rmse:0.132088+0.000989	test-rmse:0.200686+0.009218 
[387]	train-rmse:0.131913+0.000976	test-rmse:0.200628+0.009207 
[388]	train-rmse:0.131682+0.000905	test-rmse:0.200573+0.009187 
[389]	train-rmse:0.131508+0.000933	test-rmse:0.200515+0.009184 
[390]	train-rmse:0.131342+0.000937	test-rmse:0.200455+0.009183 
[391]	train-rmse:0.131169+0.000956	test-rmse:0.200403+0.009186 
[392]	train-rmse:0.130937+0.000904	test-rmse:0.200315+0.009160 
[393]	train-rmse:0.130703+0.000988	test-rmse:0.200252+0.009165 
[394]	train-rmse:0.130483+0.001048	test-rmse:0.200185+0.009152 
[395]	train-rmse:0.130371+0.001144	test-rmse:0.200143+0.009137 
[396]	train-rmse:0.130198+0.001058	test-rmse:0.200080+0.009111 
[397]	train-rmse:0.129916+0.001048	test-rmse:0.199991+0.009122 
[398]	train-rmse:0.129697+0.001013	test-rmse:0.199931+0.009101 
[399]	train-rmse:0.129479+0.001076	test-rmse:0.199865+0.009105 
[400]	train-rmse:0.129208+0.001072	test-rmse:0.199783+0.009106 
[401]	train-rmse:0.129042+0.000962	test-rmse:0.199740+0.009132 
[402]	train-rmse:0.128827+0.001030	test-rmse:0.199660+0.009143 
[403]	train-rmse:0.128660+0.001073	test-rmse:0.199596+0.009138 
[404]	train-rmse:0.128451+0.001155	test-rmse:0.199533+0.009148 
[405]	train-rmse:0.128179+0.001150	test-rmse:0.199433+0.009163 
[406]	train-rmse:0.127921+0.001146	test-rmse:0.199349+0.009178 
[407]	train-rmse:0.127660+0.001137	test-rmse:0.199273+0.009186 
[408]	train-rmse:0.127510+0.001124	test-rmse:0.199222+0.009217 
[409]	train-rmse:0.127247+0.001126	test-rmse:0.199138+0.009226 
[410]	train-rmse:0.127041+0.001064	test-rmse:0.199078+0.009255 
[411]	train-rmse:0.126778+0.001061	test-rmse:0.199003+0.009266 
[412]	train-rmse:0.126564+0.001112	test-rmse:0.198934+0.009281 
[413]	train-rmse:0.126348+0.001059	test-rmse:0.198873+0.009267 
[414]	train-rmse:0.126250+0.001032	test-rmse:0.198844+0.009276 
[415]	train-rmse:0.126092+0.000940	test-rmse:0.198793+0.009303 
[416]	train-rmse:0.125893+0.001004	test-rmse:0.198737+0.009321 
[417]	train-rmse:0.125697+0.001062	test-rmse:0.198669+0.009345 
[418]	train-rmse:0.125480+0.001017	test-rmse:0.198614+0.009345 
[419]	train-rmse:0.125228+0.001007	test-rmse:0.198541+0.009346 
[420]	train-rmse:0.125126+0.000995	test-rmse:0.198508+0.009372 
[421]	train-rmse:0.124927+0.001060	test-rmse:0.198460+0.009395 
> hgrid <-
+   dplyr::bind_cols(xgboost_params[index, ], dart.cv$evaluation_log[dart.cv$best_iteration, ], best_iter = dart.cv$best_iteration)
> 
> # write result
> fname <- file.path('data-raw', 'tune', year, 'array', paste0('tune_', index, '.tsv'))
> readr::write_tsv(hgrid, file = fname)
> 
