> 
> # parse arguments
> args <- R.utils::commandArgs(trailingOnly = FALSE, asValues = TRUE)
> index <- as.integer(args$index)
> year <- as.character(args$year)
> nreps <- as.integer(args$nreps)
> seed <- as.integer(args$seed)
> 
> # get number of cores
> wkrs <- length(future::availableWorkers())
> 
> # set seed
> set.seed(seed)
> 
> # read and prepare the cluster features
> fp <- file.path('data-raw', 'features', year)
> clf <-
+   read_features(fp, pattern = 'paris.', recursive = FALSE)
> clf <- prepare_features(
+   clf,
+   feature_map = feature_map,
+   category = c('response', 'bio', 'net'),
+   type = 'list',
+   exclusions = c(
+     'mg2_pairs_count',
+     'mg2_not_pairs_count',
+     'mg2_portion_families_recovered',
+     'cluster_origin',
+     'bocc_origin',
+     'cluster_method',
+     'subcluster_method',
+     'year',
+     'IDs',
+     'go_sig_threshold',
+     'num_new_edges_on_any_node',
+     'HPO_ratio'
+   ),
+   verbose = TRUE
+ )
c('HPO_ratio', 'IDs', 'bocc_origin', 'cluster_method', 'cluster_origin', 'go_sig_threshold', 'max_norm_cell_type_comma_sep_string', 'max_norm_disease_comma_sep_string', 'mg2_not_pairs_count', 'mg2_pairs_count', 'mg2_portion_families_recovered', 'num_new_edges_on_any_node', 'sig_go_enrichment_fdr_corrected_p_vals', 'sig_go_enrichment_p_vals', 'sig_go_enrichment_terms', 'subcluster_method', 'year')

> 
> # prepare grid of parameters
> xgboost_params <- dials::parameters(
+   nrounds = dials::trees(),
+   eta = dials::learn_rate(),
+   gamma = dials::loss_reduction(),
+   dials::tree_depth(),
+   subsample = dials::sample_prop(),
+   rate_drop = dials::dropout(),
+   skip_drop = dials::dropout()
+ )
> xgboost_params <-
+   dials::grid_max_entropy(xgboost_params, size = nreps)
> 
> # tune the dart booster
> dart.param <-
+   list(
+     booster = "dart",
+     objective = "reg:logistic",
+     eval_metric = "rmse",
+     nthread = wkrs,
+     max_depth = xgboost_params$tree_depth[index],
+     eta = xgboost_params$eta[index],
+     gamma = xgboost_params$gamma[index],
+     subsample = xgboost_params$subsample[index],
+     rate_drop = xgboost_params$rate_drop[index],
+     skip_drop = xgboost_params$skip_drop[index]
+   )
> dart.cv <- xgboost::xgb.cv(
+   params = dart.param,
+   nrounds = xgboost_params$nrounds[index],
+   data = as.matrix(clf[, -1]),
+   nfold = 5,
+   label = clf$snowballing_pvalue,
+   early_stopping_rounds = 50
+ )
[1]	train-rmse:0.382346+0.001052	test-rmse:0.382345+0.004181 
Multiple eval metrics are present. Will use test_rmse for early stopping.
Will train until test_rmse hasn't improved in 50 rounds.

[2]	train-rmse:0.382011+0.001048	test-rmse:0.382037+0.004180 
[3]	train-rmse:0.381677+0.001046	test-rmse:0.381727+0.004176 
[4]	train-rmse:0.381348+0.001045	test-rmse:0.381427+0.004170 
[5]	train-rmse:0.381049+0.001041	test-rmse:0.381149+0.004170 
[6]	train-rmse:0.380717+0.001037	test-rmse:0.380842+0.004169 
[7]	train-rmse:0.380384+0.001035	test-rmse:0.380537+0.004168 
[8]	train-rmse:0.380054+0.001031	test-rmse:0.380233+0.004166 
[9]	train-rmse:0.379771+0.000935	test-rmse:0.379973+0.004249 
[10]	train-rmse:0.379440+0.000932	test-rmse:0.379665+0.004249 
[11]	train-rmse:0.379111+0.000929	test-rmse:0.379359+0.004245 
[12]	train-rmse:0.378828+0.000942	test-rmse:0.379096+0.004229 
[13]	train-rmse:0.378498+0.000942	test-rmse:0.378790+0.004226 
[14]	train-rmse:0.378256+0.000853	test-rmse:0.378567+0.004311 
[15]	train-rmse:0.377926+0.000851	test-rmse:0.378257+0.004309 
[16]	train-rmse:0.377641+0.000893	test-rmse:0.377995+0.004267 
[17]	train-rmse:0.377311+0.000889	test-rmse:0.377688+0.004263 
[18]	train-rmse:0.376985+0.000886	test-rmse:0.377390+0.004262 
[19]	train-rmse:0.376658+0.000882	test-rmse:0.377086+0.004259 
[20]	train-rmse:0.376332+0.000881	test-rmse:0.376782+0.004256 
[21]	train-rmse:0.376005+0.000879	test-rmse:0.376480+0.004254 
[22]	train-rmse:0.375678+0.000875	test-rmse:0.376175+0.004253 
[23]	train-rmse:0.375355+0.000873	test-rmse:0.375877+0.004252 
[24]	train-rmse:0.375084+0.000936	test-rmse:0.375627+0.004197 
[25]	train-rmse:0.374810+0.000958	test-rmse:0.375375+0.004186 
[26]	train-rmse:0.374486+0.000955	test-rmse:0.375075+0.004183 
[27]	train-rmse:0.374160+0.000956	test-rmse:0.374774+0.004178 
[28]	train-rmse:0.373835+0.000955	test-rmse:0.374473+0.004173 
[29]	train-rmse:0.373511+0.000957	test-rmse:0.374177+0.004173 
[30]	train-rmse:0.373188+0.000956	test-rmse:0.373883+0.004169 
[31]	train-rmse:0.372865+0.000956	test-rmse:0.373584+0.004165 
[32]	train-rmse:0.372631+0.000941	test-rmse:0.373369+0.004209 
[33]	train-rmse:0.372307+0.000942	test-rmse:0.373072+0.004201 
[34]	train-rmse:0.372074+0.000954	test-rmse:0.372860+0.004203 
[35]	train-rmse:0.371753+0.000949	test-rmse:0.372566+0.004206 
[36]	train-rmse:0.371484+0.000987	test-rmse:0.372318+0.004197 
[37]	train-rmse:0.371222+0.000966	test-rmse:0.372077+0.004197 
[38]	train-rmse:0.370960+0.001023	test-rmse:0.371837+0.004188 
[39]	train-rmse:0.370640+0.001022	test-rmse:0.371544+0.004186 
[40]	train-rmse:0.370381+0.001016	test-rmse:0.371301+0.004140 
[41]	train-rmse:0.370063+0.001012	test-rmse:0.371007+0.004144 
[42]	train-rmse:0.369744+0.001012	test-rmse:0.370714+0.004141 
[43]	train-rmse:0.369427+0.001011	test-rmse:0.370418+0.004137 
[44]	train-rmse:0.369165+0.001020	test-rmse:0.370175+0.004099 
[45]	train-rmse:0.368848+0.001017	test-rmse:0.369884+0.004096 
[46]	train-rmse:0.368646+0.000979	test-rmse:0.369700+0.004185 
[47]	train-rmse:0.368330+0.000978	test-rmse:0.369405+0.004181 
[48]	train-rmse:0.368189+0.000866	test-rmse:0.369273+0.004248 
[49]	train-rmse:0.367870+0.000863	test-rmse:0.368977+0.004245 
[50]	train-rmse:0.367553+0.000861	test-rmse:0.368688+0.004247 
[51]	train-rmse:0.367237+0.000858	test-rmse:0.368402+0.004242 
[52]	train-rmse:0.366980+0.000884	test-rmse:0.368162+0.004207 
[53]	train-rmse:0.366721+0.000789	test-rmse:0.367925+0.004302 
[54]	train-rmse:0.366468+0.000828	test-rmse:0.367691+0.004267 
[55]	train-rmse:0.366151+0.000826	test-rmse:0.367401+0.004264 
[56]	train-rmse:0.365900+0.000887	test-rmse:0.367171+0.004257 
[57]	train-rmse:0.365647+0.000955	test-rmse:0.366939+0.004247 
[58]	train-rmse:0.365335+0.000954	test-rmse:0.366651+0.004246 
[59]	train-rmse:0.365134+0.001062	test-rmse:0.366463+0.004210 
[60]	train-rmse:0.364939+0.001159	test-rmse:0.366284+0.004133 
[61]	train-rmse:0.364627+0.001157	test-rmse:0.365997+0.004132 
[62]	train-rmse:0.364372+0.001179	test-rmse:0.365760+0.004066 
[63]	train-rmse:0.364062+0.001178	test-rmse:0.365478+0.004061 
[64]	train-rmse:0.363748+0.001175	test-rmse:0.365185+0.004058 
[65]	train-rmse:0.363439+0.001176	test-rmse:0.364899+0.004052 
[66]	train-rmse:0.363243+0.001210	test-rmse:0.364717+0.004050 
[67]	train-rmse:0.362931+0.001211	test-rmse:0.364427+0.004045 
[68]	train-rmse:0.362620+0.001210	test-rmse:0.364142+0.004037 
[69]	train-rmse:0.362313+0.001209	test-rmse:0.363860+0.004033 
[70]	train-rmse:0.362002+0.001208	test-rmse:0.363574+0.004028 
[71]	train-rmse:0.361752+0.001294	test-rmse:0.363349+0.004026 
[72]	train-rmse:0.361501+0.001257	test-rmse:0.363116+0.004030 
[73]	train-rmse:0.361191+0.001254	test-rmse:0.362832+0.004034 
[74]	train-rmse:0.360885+0.001254	test-rmse:0.362550+0.004026 
[75]	train-rmse:0.360692+0.001137	test-rmse:0.362376+0.004125 
[76]	train-rmse:0.360444+0.001118	test-rmse:0.362147+0.004126 
[77]	train-rmse:0.360196+0.001133	test-rmse:0.361920+0.004058 
[78]	train-rmse:0.359889+0.001133	test-rmse:0.361637+0.004049 
[79]	train-rmse:0.359584+0.001132	test-rmse:0.361362+0.004046 
[80]	train-rmse:0.359279+0.001130	test-rmse:0.361083+0.004041 
[81]	train-rmse:0.359035+0.001215	test-rmse:0.360860+0.004031 
[82]	train-rmse:0.358787+0.001130	test-rmse:0.360631+0.004125 
[83]	train-rmse:0.358482+0.001128	test-rmse:0.360354+0.004118 
[84]	train-rmse:0.358176+0.001128	test-rmse:0.360074+0.004117 
[85]	train-rmse:0.357873+0.001129	test-rmse:0.359798+0.004115 
[86]	train-rmse:0.357568+0.001129	test-rmse:0.359514+0.004108 
[87]	train-rmse:0.357318+0.001052	test-rmse:0.359289+0.004199 
[88]	train-rmse:0.357073+0.001044	test-rmse:0.359063+0.004163 
[89]	train-rmse:0.356828+0.001062	test-rmse:0.358843+0.004093 
[90]	train-rmse:0.356525+0.001061	test-rmse:0.358566+0.004087 
[91]	train-rmse:0.356223+0.001060	test-rmse:0.358288+0.004084 
[92]	train-rmse:0.355923+0.001059	test-rmse:0.358020+0.004084 
[93]	train-rmse:0.355738+0.001127	test-rmse:0.357850+0.004080 
[94]	train-rmse:0.355438+0.001129	test-rmse:0.357579+0.004078 
[95]	train-rmse:0.355194+0.001052	test-rmse:0.357356+0.004171 
[96]	train-rmse:0.354893+0.001050	test-rmse:0.357080+0.004168 
[97]	train-rmse:0.354651+0.000980	test-rmse:0.356863+0.004257 
[98]	train-rmse:0.354351+0.000980	test-rmse:0.356585+0.004254 
[99]	train-rmse:0.354111+0.000962	test-rmse:0.356361+0.004220 
[100]	train-rmse:0.353928+0.000911	test-rmse:0.356201+0.004248 
[101]	train-rmse:0.353633+0.000913	test-rmse:0.355934+0.004244 
[102]	train-rmse:0.353334+0.000911	test-rmse:0.355661+0.004240 
[103]	train-rmse:0.353093+0.001011	test-rmse:0.355440+0.004233 
[104]	train-rmse:0.352911+0.000980	test-rmse:0.355276+0.004265 
[105]	train-rmse:0.352669+0.000937	test-rmse:0.355058+0.004357 
[106]	train-rmse:0.352371+0.000937	test-rmse:0.354788+0.004352 
[107]	train-rmse:0.352189+0.000992	test-rmse:0.354621+0.004343 
[108]	train-rmse:0.351894+0.000990	test-rmse:0.354351+0.004334 
[109]	train-rmse:0.351655+0.000957	test-rmse:0.354132+0.004301 
[110]	train-rmse:0.351362+0.000956	test-rmse:0.353865+0.004299 
[111]	train-rmse:0.351064+0.000956	test-rmse:0.353596+0.004296 
[112]	train-rmse:0.350880+0.000868	test-rmse:0.353427+0.004396 
[113]	train-rmse:0.350641+0.000977	test-rmse:0.353208+0.004388 
[114]	train-rmse:0.350345+0.000978	test-rmse:0.352935+0.004383 
[115]	train-rmse:0.350105+0.000948	test-rmse:0.352717+0.004387 
[116]	train-rmse:0.349813+0.000947	test-rmse:0.352452+0.004389 
[117]	train-rmse:0.349576+0.001055	test-rmse:0.352239+0.004377 
[118]	train-rmse:0.349283+0.001053	test-rmse:0.351977+0.004367 
[119]	train-rmse:0.348989+0.001053	test-rmse:0.351706+0.004362 
[120]	train-rmse:0.348696+0.001054	test-rmse:0.351439+0.004355 
[121]	train-rmse:0.348405+0.001055	test-rmse:0.351177+0.004356 
[122]	train-rmse:0.348113+0.001053	test-rmse:0.350912+0.004361 
[123]	train-rmse:0.347820+0.001054	test-rmse:0.350644+0.004357 
[124]	train-rmse:0.347527+0.001056	test-rmse:0.350377+0.004351 
[125]	train-rmse:0.347293+0.001165	test-rmse:0.350163+0.004352 
[126]	train-rmse:0.347060+0.001275	test-rmse:0.349952+0.004348 
[127]	train-rmse:0.346768+0.001272	test-rmse:0.349686+0.004343 
[128]	train-rmse:0.346534+0.001238	test-rmse:0.349472+0.004431 
[129]	train-rmse:0.346244+0.001240	test-rmse:0.349208+0.004426 
[130]	train-rmse:0.346069+0.001310	test-rmse:0.349048+0.004397 
[131]	train-rmse:0.345781+0.001310	test-rmse:0.348789+0.004392 
[132]	train-rmse:0.345550+0.001283	test-rmse:0.348577+0.004479 
[133]	train-rmse:0.345374+0.001383	test-rmse:0.348422+0.004417 
[134]	train-rmse:0.345143+0.001345	test-rmse:0.348209+0.004389 
[135]	train-rmse:0.344855+0.001346	test-rmse:0.347947+0.004381 
[136]	train-rmse:0.344571+0.001345	test-rmse:0.347689+0.004378 
[137]	train-rmse:0.344282+0.001347	test-rmse:0.347426+0.004374 
[138]	train-rmse:0.343998+0.001349	test-rmse:0.347168+0.004372 
[139]	train-rmse:0.343711+0.001349	test-rmse:0.346908+0.004367 
[140]	train-rmse:0.343481+0.001318	test-rmse:0.346696+0.004339 
[141]	train-rmse:0.343251+0.001278	test-rmse:0.346491+0.004334 
[142]	train-rmse:0.343076+0.001237	test-rmse:0.346332+0.004350 
[143]	train-rmse:0.342794+0.001236	test-rmse:0.346076+0.004350 
[144]	train-rmse:0.342568+0.001205	test-rmse:0.345871+0.004327 
[145]	train-rmse:0.342284+0.001202	test-rmse:0.345612+0.004324 
[146]	train-rmse:0.342056+0.001181	test-rmse:0.345401+0.004300 
[147]	train-rmse:0.341828+0.001151	test-rmse:0.345195+0.004389 
[148]	train-rmse:0.341602+0.001105	test-rmse:0.344988+0.004390 
[149]	train-rmse:0.341321+0.001104	test-rmse:0.344735+0.004389 
[150]	train-rmse:0.341036+0.001103	test-rmse:0.344480+0.004385 
[151]	train-rmse:0.340752+0.001100	test-rmse:0.344224+0.004384 
[152]	train-rmse:0.340471+0.001097	test-rmse:0.343969+0.004381 
[153]	train-rmse:0.340245+0.001206	test-rmse:0.343769+0.004375 
[154]	train-rmse:0.339964+0.001204	test-rmse:0.343515+0.004373 
[155]	train-rmse:0.339682+0.001203	test-rmse:0.343259+0.004373 
[156]	train-rmse:0.339454+0.001311	test-rmse:0.343049+0.004369 
[157]	train-rmse:0.339226+0.001275	test-rmse:0.342844+0.004367 
[158]	train-rmse:0.338947+0.001275	test-rmse:0.342593+0.004366 
[159]	train-rmse:0.338831+0.001331	test-rmse:0.342492+0.004453 
[160]	train-rmse:0.338607+0.001309	test-rmse:0.342284+0.004376 
[161]	train-rmse:0.338328+0.001309	test-rmse:0.342035+0.004376 
[162]	train-rmse:0.338046+0.001309	test-rmse:0.341779+0.004373 
[163]	train-rmse:0.337770+0.001308	test-rmse:0.341533+0.004371 
[164]	train-rmse:0.337493+0.001310	test-rmse:0.341283+0.004366 
[165]	train-rmse:0.337271+0.001418	test-rmse:0.341086+0.004368 
[166]	train-rmse:0.336993+0.001416	test-rmse:0.340835+0.004368 
[167]	train-rmse:0.336771+0.001393	test-rmse:0.340637+0.004446 
[168]	train-rmse:0.336493+0.001393	test-rmse:0.340388+0.004442 
[169]	train-rmse:0.336270+0.001501	test-rmse:0.340187+0.004441 
[170]	train-rmse:0.335992+0.001498	test-rmse:0.339933+0.004439 
[171]	train-rmse:0.335715+0.001498	test-rmse:0.339678+0.004435 
[172]	train-rmse:0.335440+0.001497	test-rmse:0.339430+0.004430 
[173]	train-rmse:0.335165+0.001495	test-rmse:0.339182+0.004428 
[174]	train-rmse:0.334888+0.001492	test-rmse:0.338934+0.004424 
[175]	train-rmse:0.334613+0.001492	test-rmse:0.338680+0.004421 
[176]	train-rmse:0.334395+0.001596	test-rmse:0.338486+0.004426 
[177]	train-rmse:0.334228+0.001685	test-rmse:0.338340+0.004363 
[178]	train-rmse:0.334008+0.001647	test-rmse:0.338138+0.004338 
[179]	train-rmse:0.333737+0.001647	test-rmse:0.337893+0.004333 
[180]	train-rmse:0.333461+0.001644	test-rmse:0.337646+0.004329 
[181]	train-rmse:0.333187+0.001641	test-rmse:0.337399+0.004330 
[182]	train-rmse:0.332970+0.001613	test-rmse:0.337202+0.004335 
[183]	train-rmse:0.332700+0.001611	test-rmse:0.336960+0.004333 
[184]	train-rmse:0.332481+0.001717	test-rmse:0.336767+0.004340 
[185]	train-rmse:0.332261+0.001698	test-rmse:0.336570+0.004262 
[186]	train-rmse:0.331990+0.001698	test-rmse:0.336320+0.004259 
[187]	train-rmse:0.331722+0.001692	test-rmse:0.336081+0.004257 
[188]	train-rmse:0.331450+0.001692	test-rmse:0.335837+0.004255 
[189]	train-rmse:0.331287+0.001785	test-rmse:0.335693+0.004190 
[190]	train-rmse:0.331017+0.001783	test-rmse:0.335452+0.004186 
[191]	train-rmse:0.330745+0.001779	test-rmse:0.335208+0.004185 
[192]	train-rmse:0.330476+0.001777	test-rmse:0.334962+0.004183 
[193]	train-rmse:0.330311+0.001709	test-rmse:0.334812+0.004172 
[194]	train-rmse:0.330040+0.001709	test-rmse:0.334570+0.004171 
[195]	train-rmse:0.329771+0.001708	test-rmse:0.334328+0.004167 
[196]	train-rmse:0.329607+0.001803	test-rmse:0.334186+0.004099 
[197]	train-rmse:0.329338+0.001804	test-rmse:0.333943+0.004095 
[198]	train-rmse:0.329073+0.001803	test-rmse:0.333703+0.004088 
[199]	train-rmse:0.328857+0.001778	test-rmse:0.333511+0.004090 
[200]	train-rmse:0.328644+0.001880	test-rmse:0.333320+0.004096 
[201]	train-rmse:0.328482+0.001965	test-rmse:0.333178+0.004112 
[202]	train-rmse:0.328215+0.001963	test-rmse:0.332937+0.004109 
[203]	train-rmse:0.327948+0.001963	test-rmse:0.332696+0.004104 
[204]	train-rmse:0.327734+0.002065	test-rmse:0.332507+0.004116 
[205]	train-rmse:0.327468+0.002064	test-rmse:0.332266+0.004113 
[206]	train-rmse:0.327306+0.002153	test-rmse:0.332119+0.004134 
[207]	train-rmse:0.327145+0.002245	test-rmse:0.331974+0.004152 
[208]	train-rmse:0.326880+0.002243	test-rmse:0.331739+0.004145 
[209]	train-rmse:0.326667+0.002237	test-rmse:0.331551+0.004154 
[210]	train-rmse:0.326454+0.002236	test-rmse:0.331359+0.004168 
[211]	train-rmse:0.326188+0.002238	test-rmse:0.331122+0.004164 
[212]	train-rmse:0.325973+0.002221	test-rmse:0.330932+0.004086 
[213]	train-rmse:0.325707+0.002220	test-rmse:0.330699+0.004081 
[214]	train-rmse:0.325602+0.002139	test-rmse:0.330602+0.004140 
[215]	train-rmse:0.325339+0.002140	test-rmse:0.330371+0.004133 
[216]	train-rmse:0.325127+0.002237	test-rmse:0.330181+0.004145 
[217]	train-rmse:0.324866+0.002234	test-rmse:0.329945+0.004140 
[218]	train-rmse:0.324654+0.002187	test-rmse:0.329752+0.004113 
[219]	train-rmse:0.324393+0.002184	test-rmse:0.329515+0.004111 
[220]	train-rmse:0.324129+0.002184	test-rmse:0.329282+0.004109 
[221]	train-rmse:0.323919+0.002144	test-rmse:0.329090+0.004090 
[222]	train-rmse:0.323709+0.002124	test-rmse:0.328905+0.004013 
[223]	train-rmse:0.323499+0.002082	test-rmse:0.328722+0.004078 
[224]	train-rmse:0.323239+0.002080	test-rmse:0.328490+0.004074 
[225]	train-rmse:0.323081+0.002178	test-rmse:0.328353+0.004095 
[226]	train-rmse:0.322874+0.002141	test-rmse:0.328169+0.004160 
[227]	train-rmse:0.322613+0.002140	test-rmse:0.327934+0.004159 
[228]	train-rmse:0.322407+0.002237	test-rmse:0.327752+0.004172 
[229]	train-rmse:0.322146+0.002238	test-rmse:0.327518+0.004167 
[230]	train-rmse:0.321937+0.002337	test-rmse:0.327334+0.004177 
[231]	train-rmse:0.321731+0.002298	test-rmse:0.327150+0.004157 
[232]	train-rmse:0.321520+0.002257	test-rmse:0.326960+0.004135 
[233]	train-rmse:0.321311+0.002255	test-rmse:0.326772+0.004148 
[234]	train-rmse:0.321102+0.002219	test-rmse:0.326583+0.004131 
[235]	train-rmse:0.320893+0.002192	test-rmse:0.326401+0.004052 
[236]	train-rmse:0.320787+0.002095	test-rmse:0.326305+0.004026 
[237]	train-rmse:0.320529+0.002092	test-rmse:0.326075+0.004025 
[238]	train-rmse:0.320272+0.002091	test-rmse:0.325846+0.004020 
[239]	train-rmse:0.320013+0.002090	test-rmse:0.325613+0.004012 
[240]	train-rmse:0.319754+0.002090	test-rmse:0.325391+0.004012 
[241]	train-rmse:0.319550+0.002072	test-rmse:0.325208+0.003935 
[242]	train-rmse:0.319344+0.002068	test-rmse:0.325023+0.003946 
[243]	train-rmse:0.319139+0.002053	test-rmse:0.324837+0.003867 
[244]	train-rmse:0.318882+0.002051	test-rmse:0.324609+0.003863 
[245]	train-rmse:0.318626+0.002050	test-rmse:0.324382+0.003856 
[246]	train-rmse:0.318372+0.002048	test-rmse:0.324155+0.003854 
[247]	train-rmse:0.318120+0.002049	test-rmse:0.323931+0.003849 
[248]	train-rmse:0.317866+0.002046	test-rmse:0.323701+0.003847 
[249]	train-rmse:0.317662+0.002034	test-rmse:0.323516+0.003767 
[250]	train-rmse:0.317459+0.001993	test-rmse:0.323337+0.003832 
[251]	train-rmse:0.317256+0.002087	test-rmse:0.323157+0.003841 
[252]	train-rmse:0.317002+0.002086	test-rmse:0.322929+0.003839 
[253]	train-rmse:0.316752+0.002084	test-rmse:0.322710+0.003837 
[254]	train-rmse:0.316500+0.002081	test-rmse:0.322490+0.003835 
[255]	train-rmse:0.316247+0.002080	test-rmse:0.322266+0.003835 
[256]	train-rmse:0.316045+0.002073	test-rmse:0.322085+0.003757 
[257]	train-rmse:0.315795+0.002073	test-rmse:0.321866+0.003754 
[258]	train-rmse:0.315543+0.002070	test-rmse:0.321644+0.003757 
[259]	train-rmse:0.315388+0.001985	test-rmse:0.321509+0.003810 
[260]	train-rmse:0.315138+0.001981	test-rmse:0.321290+0.003812 
[261]	train-rmse:0.314888+0.001982	test-rmse:0.321068+0.003814 
[262]	train-rmse:0.314639+0.001980	test-rmse:0.320848+0.003813 
[263]	train-rmse:0.314437+0.001940	test-rmse:0.320667+0.003802 
[264]	train-rmse:0.314189+0.001936	test-rmse:0.320448+0.003796 
[265]	train-rmse:0.313939+0.001933	test-rmse:0.320229+0.003793 
[266]	train-rmse:0.313692+0.001936	test-rmse:0.320008+0.003791 
[267]	train-rmse:0.313490+0.001928	test-rmse:0.319829+0.003802 
[268]	train-rmse:0.313241+0.001928	test-rmse:0.319608+0.003804 
[269]	train-rmse:0.313042+0.001890	test-rmse:0.319429+0.003796 
[270]	train-rmse:0.312844+0.001855	test-rmse:0.319251+0.003793 
[271]	train-rmse:0.312598+0.001853	test-rmse:0.319033+0.003794 
[272]	train-rmse:0.312351+0.001851	test-rmse:0.318809+0.003793 
[273]	train-rmse:0.312155+0.001944	test-rmse:0.318638+0.003796 
[274]	train-rmse:0.311907+0.001944	test-rmse:0.318425+0.003798 
[275]	train-rmse:0.311710+0.001938	test-rmse:0.318250+0.003811 
[276]	train-rmse:0.311513+0.001905	test-rmse:0.318072+0.003806 
[277]	train-rmse:0.311413+0.001980	test-rmse:0.317985+0.003749 
[278]	train-rmse:0.311169+0.001978	test-rmse:0.317775+0.003745 
[279]	train-rmse:0.310926+0.001975	test-rmse:0.317562+0.003743 
[280]	train-rmse:0.310730+0.001928	test-rmse:0.317391+0.003804 
[281]	train-rmse:0.310582+0.002010	test-rmse:0.317259+0.003733 
[282]	train-rmse:0.310437+0.002070	test-rmse:0.317130+0.003737 
[283]	train-rmse:0.310194+0.002069	test-rmse:0.316913+0.003738 
[284]	train-rmse:0.309999+0.002060	test-rmse:0.316738+0.003748 
[285]	train-rmse:0.309804+0.002031	test-rmse:0.316564+0.003741 
[286]	train-rmse:0.309609+0.002015	test-rmse:0.316396+0.003666 
[287]	train-rmse:0.309366+0.002013	test-rmse:0.316181+0.003664 
[288]	train-rmse:0.309122+0.002010	test-rmse:0.315962+0.003663 
[289]	train-rmse:0.308880+0.002007	test-rmse:0.315748+0.003660 
[290]	train-rmse:0.308639+0.002005	test-rmse:0.315533+0.003658 
[291]	train-rmse:0.308395+0.002003	test-rmse:0.315320+0.003659 
[292]	train-rmse:0.308201+0.002000	test-rmse:0.315150+0.003674 
[293]	train-rmse:0.307960+0.001998	test-rmse:0.314940+0.003674 
[294]	train-rmse:0.307719+0.001994	test-rmse:0.314725+0.003674 
[295]	train-rmse:0.307478+0.001992	test-rmse:0.314512+0.003672 
[296]	train-rmse:0.307329+0.001985	test-rmse:0.314385+0.003612 
[297]	train-rmse:0.307134+0.001978	test-rmse:0.314213+0.003535 
[298]	train-rmse:0.306896+0.001976	test-rmse:0.314005+0.003534 
[299]	train-rmse:0.306657+0.001975	test-rmse:0.313793+0.003532 
[300]	train-rmse:0.306420+0.001974	test-rmse:0.313583+0.003535 
[301]	train-rmse:0.306275+0.001941	test-rmse:0.313450+0.003554 
[302]	train-rmse:0.306035+0.001939	test-rmse:0.313239+0.003556 
[303]	train-rmse:0.305797+0.001934	test-rmse:0.313035+0.003558 
[304]	train-rmse:0.305559+0.001934	test-rmse:0.312828+0.003558 
[305]	train-rmse:0.305368+0.001903	test-rmse:0.312656+0.003558 
[306]	train-rmse:0.305129+0.001903	test-rmse:0.312448+0.003557 
[307]	train-rmse:0.304985+0.001962	test-rmse:0.312321+0.003562 
[308]	train-rmse:0.304748+0.001962	test-rmse:0.312119+0.003563 
[309]	train-rmse:0.304559+0.001964	test-rmse:0.311951+0.003582 
[310]	train-rmse:0.304321+0.001962	test-rmse:0.311741+0.003585 
[311]	train-rmse:0.304085+0.001957	test-rmse:0.311539+0.003589 
[312]	train-rmse:0.303848+0.001955	test-rmse:0.311336+0.003587 
[313]	train-rmse:0.303612+0.001952	test-rmse:0.311129+0.003590 
[314]	train-rmse:0.303518+0.002006	test-rmse:0.311043+0.003523 
[315]	train-rmse:0.303330+0.002001	test-rmse:0.310878+0.003446 
[316]	train-rmse:0.303141+0.001942	test-rmse:0.310718+0.003498 
[317]	train-rmse:0.302905+0.001939	test-rmse:0.310510+0.003497 
[318]	train-rmse:0.302715+0.001914	test-rmse:0.310341+0.003504 
[319]	train-rmse:0.302528+0.001996	test-rmse:0.310178+0.003509 
[320]	train-rmse:0.302341+0.001997	test-rmse:0.310018+0.003526 
[321]	train-rmse:0.302153+0.001998	test-rmse:0.309855+0.003547 
[322]	train-rmse:0.301916+0.001996	test-rmse:0.309651+0.003545 
[323]	train-rmse:0.301730+0.002075	test-rmse:0.309489+0.003546 
[324]	train-rmse:0.301496+0.002073	test-rmse:0.309282+0.003546 
[325]	train-rmse:0.301266+0.002072	test-rmse:0.309080+0.003547 
[326]	train-rmse:0.301079+0.002066	test-rmse:0.308919+0.003471 
[327]	train-rmse:0.300892+0.002008	test-rmse:0.308757+0.003517 
[328]	train-rmse:0.300661+0.002007	test-rmse:0.308551+0.003514 
[329]	train-rmse:0.300473+0.002088	test-rmse:0.308390+0.003519 
[330]	train-rmse:0.300242+0.002090	test-rmse:0.308189+0.003521 
[331]	train-rmse:0.300010+0.002087	test-rmse:0.307988+0.003521 
[332]	train-rmse:0.299870+0.002005	test-rmse:0.307863+0.003577 
[333]	train-rmse:0.299637+0.002002	test-rmse:0.307663+0.003583 
[334]	train-rmse:0.299407+0.002001	test-rmse:0.307467+0.003585 
[335]	train-rmse:0.299223+0.002083	test-rmse:0.307307+0.003590 
[336]	train-rmse:0.299038+0.002082	test-rmse:0.307148+0.003606 
[337]	train-rmse:0.298809+0.002082	test-rmse:0.306947+0.003604 
[338]	train-rmse:0.298578+0.002078	test-rmse:0.306746+0.003602 
[339]	train-rmse:0.298350+0.002074	test-rmse:0.306547+0.003606 
[340]	train-rmse:0.298122+0.002072	test-rmse:0.306348+0.003607 
[341]	train-rmse:0.297939+0.002020	test-rmse:0.306189+0.003656 
[342]	train-rmse:0.297710+0.002020	test-rmse:0.305992+0.003655 
[343]	train-rmse:0.297482+0.002018	test-rmse:0.305794+0.003655 
[344]	train-rmse:0.297346+0.002074	test-rmse:0.305670+0.003669 
[345]	train-rmse:0.297164+0.002073	test-rmse:0.305514+0.003687 
[346]	train-rmse:0.296981+0.002022	test-rmse:0.305354+0.003733 
[347]	train-rmse:0.296799+0.001994	test-rmse:0.305194+0.003743 
[348]	train-rmse:0.296571+0.001992	test-rmse:0.304994+0.003751 
[349]	train-rmse:0.296344+0.001990	test-rmse:0.304797+0.003751 
[350]	train-rmse:0.296204+0.002026	test-rmse:0.304679+0.003801 
[351]	train-rmse:0.295977+0.002023	test-rmse:0.304483+0.003801 
[352]	train-rmse:0.295751+0.002020	test-rmse:0.304284+0.003804 
[353]	train-rmse:0.295526+0.002018	test-rmse:0.304086+0.003808 
[354]	train-rmse:0.295299+0.002015	test-rmse:0.303889+0.003812 
[355]	train-rmse:0.295121+0.001989	test-rmse:0.303731+0.003823 
[356]	train-rmse:0.294986+0.001969	test-rmse:0.303610+0.003852 
[357]	train-rmse:0.294803+0.001919	test-rmse:0.303453+0.003899 
[358]	train-rmse:0.294578+0.001920	test-rmse:0.303261+0.003903 
[359]	train-rmse:0.294354+0.001915	test-rmse:0.303067+0.003901 
[360]	train-rmse:0.294174+0.001919	test-rmse:0.302911+0.003916 
[361]	train-rmse:0.293949+0.001918	test-rmse:0.302718+0.003918 
[362]	train-rmse:0.293771+0.001999	test-rmse:0.302560+0.003918 
[363]	train-rmse:0.293549+0.001996	test-rmse:0.302368+0.003919 
[364]	train-rmse:0.293372+0.002078	test-rmse:0.302215+0.003921 
[365]	train-rmse:0.293152+0.002075	test-rmse:0.302024+0.003925 
[366]	train-rmse:0.293018+0.002137	test-rmse:0.301910+0.003940 
[367]	train-rmse:0.292839+0.002116	test-rmse:0.301761+0.003869 
[368]	train-rmse:0.292617+0.002112	test-rmse:0.301569+0.003868 
[369]	train-rmse:0.292396+0.002110	test-rmse:0.301375+0.003869 
[370]	train-rmse:0.292172+0.002107	test-rmse:0.301182+0.003872 
[371]	train-rmse:0.291951+0.002107	test-rmse:0.300990+0.003872 
[372]	train-rmse:0.291774+0.002084	test-rmse:0.300834+0.003887 
[373]	train-rmse:0.291555+0.002081	test-rmse:0.300645+0.003890 
[374]	train-rmse:0.291378+0.002036	test-rmse:0.300497+0.003930 
[375]	train-rmse:0.291157+0.002032	test-rmse:0.300309+0.003931 
[376]	train-rmse:0.290936+0.002031	test-rmse:0.300121+0.003933 
[377]	train-rmse:0.290717+0.002029	test-rmse:0.299933+0.003935 
[378]	train-rmse:0.290498+0.002027	test-rmse:0.299745+0.003939 
[379]	train-rmse:0.290277+0.002024	test-rmse:0.299554+0.003939 
[380]	train-rmse:0.290100+0.002107	test-rmse:0.299404+0.003943 
[381]	train-rmse:0.289922+0.002064	test-rmse:0.299256+0.003981 
[382]	train-rmse:0.289707+0.002063	test-rmse:0.299070+0.003983 
[383]	train-rmse:0.289490+0.002061	test-rmse:0.298882+0.003984 
[384]	train-rmse:0.289271+0.002058	test-rmse:0.298691+0.003982 
[385]	train-rmse:0.289097+0.002141	test-rmse:0.298545+0.003988 
[386]	train-rmse:0.288880+0.002140	test-rmse:0.298355+0.003990 
[387]	train-rmse:0.288748+0.002081	test-rmse:0.298240+0.004044 
[388]	train-rmse:0.288575+0.002077	test-rmse:0.298090+0.004053 
[389]	train-rmse:0.288402+0.002160	test-rmse:0.297947+0.004061 
[390]	train-rmse:0.288227+0.002126	test-rmse:0.297799+0.004097 
[391]	train-rmse:0.288012+0.002124	test-rmse:0.297614+0.004097 
[392]	train-rmse:0.287838+0.002100	test-rmse:0.297469+0.004029 
[393]	train-rmse:0.287625+0.002101	test-rmse:0.297284+0.004027 
[394]	train-rmse:0.287410+0.002100	test-rmse:0.297101+0.004028 
[395]	train-rmse:0.287238+0.002182	test-rmse:0.296956+0.004039 
[396]	train-rmse:0.287068+0.002264	test-rmse:0.296812+0.004045 
[397]	train-rmse:0.286938+0.002209	test-rmse:0.296703+0.004097 
[398]	train-rmse:0.286724+0.002207	test-rmse:0.296519+0.004098 
[399]	train-rmse:0.286552+0.002290	test-rmse:0.296372+0.004105 
[400]	train-rmse:0.286381+0.002267	test-rmse:0.296224+0.004036 
[401]	train-rmse:0.286169+0.002264	test-rmse:0.296040+0.004035 
[402]	train-rmse:0.285953+0.002259	test-rmse:0.295855+0.004033 
[403]	train-rmse:0.285738+0.002260	test-rmse:0.295671+0.004034 
[404]	train-rmse:0.285526+0.002259	test-rmse:0.295492+0.004038 
[405]	train-rmse:0.285356+0.002251	test-rmse:0.295347+0.004045 
[406]	train-rmse:0.285141+0.002248	test-rmse:0.295163+0.004047 
[407]	train-rmse:0.284928+0.002245	test-rmse:0.294981+0.004046 
[408]	train-rmse:0.284760+0.002223	test-rmse:0.294835+0.004063 
[409]	train-rmse:0.284590+0.002202	test-rmse:0.294690+0.003994 
[410]	train-rmse:0.284377+0.002201	test-rmse:0.294512+0.003996 
[411]	train-rmse:0.284165+0.002197	test-rmse:0.294332+0.003998 
[412]	train-rmse:0.284038+0.002156	test-rmse:0.294225+0.003949 
[413]	train-rmse:0.283826+0.002155	test-rmse:0.294046+0.003954 
[414]	train-rmse:0.283656+0.002148	test-rmse:0.293897+0.003964 
[415]	train-rmse:0.283446+0.002146	test-rmse:0.293721+0.003962 
[416]	train-rmse:0.283235+0.002145	test-rmse:0.293543+0.003962 
[417]	train-rmse:0.283067+0.002109	test-rmse:0.293401+0.003997 
[418]	train-rmse:0.282938+0.002068	test-rmse:0.293295+0.004044 
[419]	train-rmse:0.282767+0.002033	test-rmse:0.293153+0.004080 
[420]	train-rmse:0.282642+0.002006	test-rmse:0.293039+0.004110 
[421]	train-rmse:0.282433+0.002004	test-rmse:0.292863+0.004113 
[422]	train-rmse:0.282226+0.002002	test-rmse:0.292689+0.004112 
[423]	train-rmse:0.282058+0.002003	test-rmse:0.292546+0.004123 
[424]	train-rmse:0.281849+0.001999	test-rmse:0.292368+0.004123 
[425]	train-rmse:0.281683+0.001975	test-rmse:0.292223+0.004144 
[426]	train-rmse:0.281476+0.001972	test-rmse:0.292044+0.004148 
[427]	train-rmse:0.281268+0.001971	test-rmse:0.291868+0.004147 
[428]	train-rmse:0.281061+0.001969	test-rmse:0.291692+0.004153 
[429]	train-rmse:0.280896+0.001948	test-rmse:0.291551+0.004175 
[430]	train-rmse:0.280727+0.001913	test-rmse:0.291413+0.004209 
[431]	train-rmse:0.280523+0.001913	test-rmse:0.291238+0.004211 
[432]	train-rmse:0.280399+0.001860	test-rmse:0.291132+0.004265 
[433]	train-rmse:0.280231+0.001829	test-rmse:0.290992+0.004302 
[434]	train-rmse:0.280025+0.001829	test-rmse:0.290815+0.004304 
[435]	train-rmse:0.279818+0.001827	test-rmse:0.290641+0.004307 
[436]	train-rmse:0.279649+0.001796	test-rmse:0.290501+0.004242 
[437]	train-rmse:0.279446+0.001794	test-rmse:0.290328+0.004243 
[438]	train-rmse:0.279282+0.001873	test-rmse:0.290189+0.004242 
[439]	train-rmse:0.279076+0.001870	test-rmse:0.290015+0.004247 
[440]	train-rmse:0.278911+0.001867	test-rmse:0.289874+0.004262 
[441]	train-rmse:0.278707+0.001866	test-rmse:0.289697+0.004261 
[442]	train-rmse:0.278543+0.001838	test-rmse:0.289560+0.004296 
[443]	train-rmse:0.278380+0.001815	test-rmse:0.289416+0.004319 
[444]	train-rmse:0.278177+0.001811	test-rmse:0.289245+0.004324 
[445]	train-rmse:0.278053+0.001762	test-rmse:0.289138+0.004281 
[446]	train-rmse:0.277849+0.001761	test-rmse:0.288965+0.004280 
[447]	train-rmse:0.277685+0.001736	test-rmse:0.288826+0.004215 
[448]	train-rmse:0.277521+0.001717	test-rmse:0.288686+0.004238 
[449]	train-rmse:0.277318+0.001718	test-rmse:0.288513+0.004240 
[450]	train-rmse:0.277116+0.001715	test-rmse:0.288337+0.004241 
[451]	train-rmse:0.276912+0.001714	test-rmse:0.288164+0.004243 
[452]	train-rmse:0.276710+0.001709	test-rmse:0.287993+0.004247 
[453]	train-rmse:0.276588+0.001668	test-rmse:0.287887+0.004207 
[454]	train-rmse:0.276428+0.001745	test-rmse:0.287752+0.004205 
[455]	train-rmse:0.276270+0.001733	test-rmse:0.287615+0.004226 
[456]	train-rmse:0.276107+0.001699	test-rmse:0.287480+0.004261 
[457]	train-rmse:0.275906+0.001697	test-rmse:0.287305+0.004263 
[458]	train-rmse:0.275744+0.001688	test-rmse:0.287169+0.004275 
[459]	train-rmse:0.275623+0.001642	test-rmse:0.287067+0.004332 
[460]	train-rmse:0.275502+0.001692	test-rmse:0.286966+0.004267 
[461]	train-rmse:0.275303+0.001690	test-rmse:0.286802+0.004268 
[462]	train-rmse:0.275101+0.001687	test-rmse:0.286632+0.004271 
[463]	train-rmse:0.274903+0.001685	test-rmse:0.286466+0.004277 
[464]	train-rmse:0.274703+0.001683	test-rmse:0.286302+0.004278 
[465]	train-rmse:0.274542+0.001761	test-rmse:0.286163+0.004274 
[466]	train-rmse:0.274345+0.001757	test-rmse:0.285997+0.004275 
[467]	train-rmse:0.274147+0.001755	test-rmse:0.285833+0.004278 
[468]	train-rmse:0.274028+0.001719	test-rmse:0.285732+0.004242 
[469]	train-rmse:0.273829+0.001716	test-rmse:0.285566+0.004242 
[470]	train-rmse:0.273671+0.001792	test-rmse:0.285435+0.004238 
[471]	train-rmse:0.273511+0.001869	test-rmse:0.285305+0.004242 
[472]	train-rmse:0.273352+0.001847	test-rmse:0.285171+0.004181 
[473]	train-rmse:0.273193+0.001814	test-rmse:0.285039+0.004214 
[474]	train-rmse:0.273075+0.001878	test-rmse:0.284936+0.004239 
[475]	train-rmse:0.272917+0.001855	test-rmse:0.284806+0.004181 
[476]	train-rmse:0.272759+0.001932	test-rmse:0.284673+0.004181 
[477]	train-rmse:0.272601+0.001904	test-rmse:0.284544+0.004213 
[478]	train-rmse:0.272402+0.001900	test-rmse:0.284379+0.004213 
[479]	train-rmse:0.272244+0.001977	test-rmse:0.284247+0.004213 
[480]	train-rmse:0.272049+0.001974	test-rmse:0.284083+0.004217 
[481]	train-rmse:0.271895+0.001959	test-rmse:0.283951+0.004244 
[482]	train-rmse:0.271701+0.001956	test-rmse:0.283789+0.004252 
[483]	train-rmse:0.271543+0.001937	test-rmse:0.283657+0.004258 
[484]	train-rmse:0.271385+0.001926	test-rmse:0.283520+0.004283 
[485]	train-rmse:0.271189+0.001924	test-rmse:0.283349+0.004285 
[486]	train-rmse:0.270995+0.001921	test-rmse:0.283186+0.004285 
[487]	train-rmse:0.270838+0.001897	test-rmse:0.283055+0.004226 
[488]	train-rmse:0.270642+0.001895	test-rmse:0.282892+0.004229 
[489]	train-rmse:0.270489+0.001883	test-rmse:0.282759+0.004262 
[490]	train-rmse:0.270295+0.001880	test-rmse:0.282596+0.004260 
[491]	train-rmse:0.270102+0.001881	test-rmse:0.282434+0.004259 
[492]	train-rmse:0.269948+0.001955	test-rmse:0.282302+0.004262 
[493]	train-rmse:0.269754+0.001953	test-rmse:0.282142+0.004262 
[494]	train-rmse:0.269563+0.001950	test-rmse:0.281980+0.004259 
[495]	train-rmse:0.269448+0.001902	test-rmse:0.281886+0.004230 
[496]	train-rmse:0.269333+0.001866	test-rmse:0.281790+0.004177 
[497]	train-rmse:0.269217+0.001912	test-rmse:0.281696+0.004205 
[498]	train-rmse:0.269066+0.001986	test-rmse:0.281576+0.004208 
[499]	train-rmse:0.268876+0.001985	test-rmse:0.281414+0.004211 
[500]	train-rmse:0.268684+0.001985	test-rmse:0.281256+0.004214 
[501]	train-rmse:0.268490+0.001983	test-rmse:0.281096+0.004215 
[502]	train-rmse:0.268298+0.001981	test-rmse:0.280937+0.004219 
[503]	train-rmse:0.268111+0.001979	test-rmse:0.280780+0.004222 
[504]	train-rmse:0.267920+0.001976	test-rmse:0.280621+0.004222 
[505]	train-rmse:0.267729+0.001973	test-rmse:0.280460+0.004227 
[506]	train-rmse:0.267575+0.001958	test-rmse:0.280336+0.004170 
[507]	train-rmse:0.267383+0.001958	test-rmse:0.280184+0.004172 
[508]	train-rmse:0.267193+0.001954	test-rmse:0.280025+0.004173 
[509]	train-rmse:0.267004+0.001951	test-rmse:0.279867+0.004175 
[510]	train-rmse:0.266817+0.001947	test-rmse:0.279709+0.004176 
[511]	train-rmse:0.266630+0.001949	test-rmse:0.279552+0.004181 
[512]	train-rmse:0.266443+0.001949	test-rmse:0.279403+0.004181 
[513]	train-rmse:0.266292+0.001921	test-rmse:0.279276+0.004212 
[514]	train-rmse:0.266104+0.001918	test-rmse:0.279120+0.004219 
[515]	train-rmse:0.265993+0.001873	test-rmse:0.279027+0.004273 
[516]	train-rmse:0.265803+0.001872	test-rmse:0.278869+0.004273 
[517]	train-rmse:0.265652+0.001857	test-rmse:0.278744+0.004217 
[518]	train-rmse:0.265501+0.001844	test-rmse:0.278618+0.004161 
[519]	train-rmse:0.265314+0.001844	test-rmse:0.278462+0.004163 
[520]	train-rmse:0.265126+0.001842	test-rmse:0.278302+0.004170 
[521]	train-rmse:0.264938+0.001840	test-rmse:0.278148+0.004171 
[522]	train-rmse:0.264790+0.001912	test-rmse:0.278027+0.004172 
[523]	train-rmse:0.264640+0.001892	test-rmse:0.277896+0.004202 
[524]	train-rmse:0.264527+0.001868	test-rmse:0.277800+0.004175 
[525]	train-rmse:0.264342+0.001865	test-rmse:0.277645+0.004179 
[526]	train-rmse:0.264267+0.001899	test-rmse:0.277583+0.004232 
[527]	train-rmse:0.264119+0.001876	test-rmse:0.277459+0.004261 
[528]	train-rmse:0.263970+0.001949	test-rmse:0.277335+0.004263 
[529]	train-rmse:0.263857+0.002001	test-rmse:0.277244+0.004293 
[530]	train-rmse:0.263669+0.002000	test-rmse:0.277095+0.004292 
[531]	train-rmse:0.263483+0.001997	test-rmse:0.276940+0.004294 
[532]	train-rmse:0.263336+0.002069	test-rmse:0.276818+0.004298 
[533]	train-rmse:0.263224+0.002037	test-rmse:0.276728+0.004271 
[534]	train-rmse:0.263077+0.002021	test-rmse:0.276601+0.004299 
[535]	train-rmse:0.262929+0.002002	test-rmse:0.276478+0.004328 
[536]	train-rmse:0.262782+0.002074	test-rmse:0.276355+0.004333 
[537]	train-rmse:0.262637+0.002057	test-rmse:0.276235+0.004361 
[538]	train-rmse:0.262488+0.002043	test-rmse:0.276114+0.004305 
[539]	train-rmse:0.262343+0.002114	test-rmse:0.275993+0.004307 
[540]	train-rmse:0.262195+0.002096	test-rmse:0.275874+0.004335 
[541]	train-rmse:0.262011+0.002091	test-rmse:0.275727+0.004337 
[542]	train-rmse:0.261828+0.002088	test-rmse:0.275579+0.004338 
[543]	train-rmse:0.261645+0.002084	test-rmse:0.275432+0.004339 
[544]	train-rmse:0.261498+0.002155	test-rmse:0.275314+0.004343 
[545]	train-rmse:0.261317+0.002151	test-rmse:0.275163+0.004346 
[546]	train-rmse:0.261136+0.002146	test-rmse:0.275014+0.004352 
[547]	train-rmse:0.260955+0.002141	test-rmse:0.274863+0.004357 
[548]	train-rmse:0.260775+0.002136	test-rmse:0.274714+0.004361 
[549]	train-rmse:0.260666+0.002195	test-rmse:0.274624+0.004306 
[550]	train-rmse:0.260521+0.002176	test-rmse:0.274503+0.004336 
[551]	train-rmse:0.260374+0.002247	test-rmse:0.274381+0.004345 
[552]	train-rmse:0.260227+0.002237	test-rmse:0.274261+0.004291 
[553]	train-rmse:0.260117+0.002301	test-rmse:0.274177+0.004242 
[554]	train-rmse:0.259936+0.002297	test-rmse:0.274030+0.004247 
[555]	train-rmse:0.259754+0.002296	test-rmse:0.273885+0.004250 
[556]	train-rmse:0.259611+0.002277	test-rmse:0.273766+0.004281 
[557]	train-rmse:0.259467+0.002270	test-rmse:0.273651+0.004228 
[558]	train-rmse:0.259287+0.002266	test-rmse:0.273508+0.004232 
[559]	train-rmse:0.259107+0.002261	test-rmse:0.273362+0.004236 
[560]	train-rmse:0.258966+0.002328	test-rmse:0.273248+0.004239 
[561]	train-rmse:0.258785+0.002326	test-rmse:0.273101+0.004243 
[562]	train-rmse:0.258606+0.002321	test-rmse:0.272953+0.004244 
[563]	train-rmse:0.258465+0.002305	test-rmse:0.272834+0.004276 
[564]	train-rmse:0.258321+0.002373	test-rmse:0.272718+0.004279 
[565]	train-rmse:0.258180+0.002440	test-rmse:0.272605+0.004284 
[566]	train-rmse:0.258003+0.002436	test-rmse:0.272460+0.004288 
[567]	train-rmse:0.257825+0.002434	test-rmse:0.272318+0.004292 
[568]	train-rmse:0.257648+0.002432	test-rmse:0.272170+0.004295 
[569]	train-rmse:0.257470+0.002429	test-rmse:0.272023+0.004297 
[570]	train-rmse:0.257293+0.002424	test-rmse:0.271880+0.004296 
[571]	train-rmse:0.257118+0.002421	test-rmse:0.271739+0.004300 
[572]	train-rmse:0.256942+0.002418	test-rmse:0.271592+0.004305 
[573]	train-rmse:0.256799+0.002486	test-rmse:0.271475+0.004310 
[574]	train-rmse:0.256621+0.002485	test-rmse:0.271329+0.004314 
[575]	train-rmse:0.256482+0.002468	test-rmse:0.271209+0.004345 
[576]	train-rmse:0.256339+0.002461	test-rmse:0.271093+0.004294 
[577]	train-rmse:0.256165+0.002456	test-rmse:0.270949+0.004297 
[578]	train-rmse:0.255989+0.002453	test-rmse:0.270803+0.004303 
[579]	train-rmse:0.255813+0.002450	test-rmse:0.270661+0.004304 
[580]	train-rmse:0.255636+0.002448	test-rmse:0.270517+0.004306 
[581]	train-rmse:0.255494+0.002428	test-rmse:0.270402+0.004330 
[582]	train-rmse:0.255389+0.002405	test-rmse:0.270322+0.004305 
[583]	train-rmse:0.255247+0.002389	test-rmse:0.270204+0.004333 
[584]	train-rmse:0.255072+0.002386	test-rmse:0.270061+0.004337 
[585]	train-rmse:0.254929+0.002381	test-rmse:0.269946+0.004288 
[586]	train-rmse:0.254753+0.002378	test-rmse:0.269806+0.004289 
[587]	train-rmse:0.254577+0.002378	test-rmse:0.269662+0.004292 
[588]	train-rmse:0.254473+0.002347	test-rmse:0.269580+0.004342 
[589]	train-rmse:0.254334+0.002330	test-rmse:0.269462+0.004367 
[590]	train-rmse:0.254228+0.002288	test-rmse:0.269376+0.004314 
[591]	train-rmse:0.254091+0.002270	test-rmse:0.269265+0.004336 
[592]	train-rmse:0.253952+0.002257	test-rmse:0.269154+0.004362 
[593]	train-rmse:0.253779+0.002257	test-rmse:0.269018+0.004362 
[594]	train-rmse:0.253710+0.002229	test-rmse:0.268960+0.004367 
[595]	train-rmse:0.253573+0.002225	test-rmse:0.268852+0.004320 
[596]	train-rmse:0.253434+0.002185	test-rmse:0.268739+0.004319 
[597]	train-rmse:0.253262+0.002183	test-rmse:0.268600+0.004320 
[598]	train-rmse:0.253090+0.002180	test-rmse:0.268459+0.004319 
[599]	train-rmse:0.252916+0.002177	test-rmse:0.268321+0.004321 
[600]	train-rmse:0.252747+0.002176	test-rmse:0.268184+0.004322 
[601]	train-rmse:0.252575+0.002174	test-rmse:0.268047+0.004325 
[602]	train-rmse:0.252439+0.002164	test-rmse:0.267935+0.004350 
[603]	train-rmse:0.252268+0.002160	test-rmse:0.267797+0.004352 
[604]	train-rmse:0.252096+0.002158	test-rmse:0.267657+0.004351 
[605]	train-rmse:0.251923+0.002157	test-rmse:0.267512+0.004355 
[606]	train-rmse:0.251784+0.002117	test-rmse:0.267399+0.004353 
[607]	train-rmse:0.251682+0.002181	test-rmse:0.267319+0.004308 
[608]	train-rmse:0.251510+0.002177	test-rmse:0.267179+0.004315 
[609]	train-rmse:0.251339+0.002177	test-rmse:0.267043+0.004318 
[610]	train-rmse:0.251170+0.002172	test-rmse:0.266911+0.004321 
[611]	train-rmse:0.251036+0.002234	test-rmse:0.266804+0.004324 
[612]	train-rmse:0.250866+0.002231	test-rmse:0.266666+0.004325 
[613]	train-rmse:0.250697+0.002230	test-rmse:0.266532+0.004329 
[614]	train-rmse:0.250563+0.002210	test-rmse:0.266420+0.004360 
[615]	train-rmse:0.250458+0.002173	test-rmse:0.266337+0.004311 
[616]	train-rmse:0.250323+0.002162	test-rmse:0.266231+0.004337 
[617]	train-rmse:0.250153+0.002161	test-rmse:0.266094+0.004341 
[618]	train-rmse:0.249985+0.002160	test-rmse:0.265956+0.004348 
[619]	train-rmse:0.249850+0.002123	test-rmse:0.265849+0.004350 
[620]	train-rmse:0.249682+0.002120	test-rmse:0.265714+0.004352 
[621]	train-rmse:0.249547+0.002183	test-rmse:0.265611+0.004353 
[622]	train-rmse:0.249409+0.002148	test-rmse:0.265497+0.004353 
[623]	train-rmse:0.249276+0.002123	test-rmse:0.265389+0.004383 
[624]	train-rmse:0.249108+0.002122	test-rmse:0.265255+0.004384 
[625]	train-rmse:0.248976+0.002090	test-rmse:0.265148+0.004385 
[626]	train-rmse:0.248809+0.002088	test-rmse:0.265015+0.004388 
[627]	train-rmse:0.248678+0.002068	test-rmse:0.264906+0.004418 
[628]	train-rmse:0.248514+0.002063	test-rmse:0.264772+0.004418 
[629]	train-rmse:0.248380+0.002052	test-rmse:0.264666+0.004443 
[630]	train-rmse:0.248280+0.002001	test-rmse:0.264584+0.004473 
[631]	train-rmse:0.248149+0.002063	test-rmse:0.264480+0.004476 
[632]	train-rmse:0.247985+0.002062	test-rmse:0.264352+0.004481 
[633]	train-rmse:0.247819+0.002060	test-rmse:0.264221+0.004481 
[634]	train-rmse:0.247690+0.002042	test-rmse:0.264111+0.004512 
[635]	train-rmse:0.247592+0.002013	test-rmse:0.264032+0.004562 
[636]	train-rmse:0.247429+0.002011	test-rmse:0.263904+0.004562 
[637]	train-rmse:0.247263+0.002009	test-rmse:0.263777+0.004566 
[638]	train-rmse:0.247095+0.002007	test-rmse:0.263643+0.004567 
[639]	train-rmse:0.246965+0.001991	test-rmse:0.263534+0.004593 
[640]	train-rmse:0.246802+0.001990	test-rmse:0.263402+0.004601 
[641]	train-rmse:0.246637+0.001987	test-rmse:0.263270+0.004604 
[642]	train-rmse:0.246473+0.001986	test-rmse:0.263141+0.004606 
[643]	train-rmse:0.246310+0.001984	test-rmse:0.263006+0.004609 
[644]	train-rmse:0.246147+0.001982	test-rmse:0.262877+0.004613 
[645]	train-rmse:0.246019+0.001975	test-rmse:0.262780+0.004572 
[646]	train-rmse:0.245855+0.001971	test-rmse:0.262652+0.004579 
[647]	train-rmse:0.245756+0.002031	test-rmse:0.262575+0.004534 
[648]	train-rmse:0.245593+0.002028	test-rmse:0.262440+0.004537 
[649]	train-rmse:0.245463+0.002014	test-rmse:0.262343+0.004562 
[650]	train-rmse:0.245364+0.001970	test-rmse:0.262266+0.004582 
[651]	train-rmse:0.245232+0.001936	test-rmse:0.262161+0.004585 
[652]	train-rmse:0.245073+0.001933	test-rmse:0.262036+0.004592 
[653]	train-rmse:0.244974+0.001891	test-rmse:0.261960+0.004617 
[654]	train-rmse:0.244814+0.001892	test-rmse:0.261829+0.004622 
[655]	train-rmse:0.244655+0.001890	test-rmse:0.261703+0.004627 
[656]	train-rmse:0.244494+0.001890	test-rmse:0.261574+0.004627 
[657]	train-rmse:0.244363+0.001883	test-rmse:0.261469+0.004584 
[658]	train-rmse:0.244205+0.001881	test-rmse:0.261344+0.004584 
[659]	train-rmse:0.244110+0.001850	test-rmse:0.261268+0.004633 
[660]	train-rmse:0.243984+0.001831	test-rmse:0.261163+0.004663 
[661]	train-rmse:0.243891+0.001874	test-rmse:0.261085+0.004691 
[662]	train-rmse:0.243763+0.001868	test-rmse:0.260985+0.004651 
[663]	train-rmse:0.243604+0.001865	test-rmse:0.260859+0.004656 
[664]	train-rmse:0.243445+0.001862	test-rmse:0.260734+0.004660 
[665]	train-rmse:0.243316+0.001852	test-rmse:0.260632+0.004680 
[666]	train-rmse:0.243189+0.001849	test-rmse:0.260531+0.004641 
[667]	train-rmse:0.243060+0.001909	test-rmse:0.260428+0.004639 
[668]	train-rmse:0.242933+0.001877	test-rmse:0.260327+0.004644 
[669]	train-rmse:0.242773+0.001875	test-rmse:0.260201+0.004643 
[670]	train-rmse:0.242647+0.001856	test-rmse:0.260101+0.004671 
[671]	train-rmse:0.242519+0.001838	test-rmse:0.259998+0.004701 
[672]	train-rmse:0.242394+0.001822	test-rmse:0.259900+0.004733 
[673]	train-rmse:0.242236+0.001820	test-rmse:0.259777+0.004738 
[674]	train-rmse:0.242143+0.001869	test-rmse:0.259706+0.004750 
[675]	train-rmse:0.242014+0.001834	test-rmse:0.259603+0.004752 
[676]	train-rmse:0.241856+0.001833	test-rmse:0.259482+0.004750 
[677]	train-rmse:0.241760+0.001794	test-rmse:0.259406+0.004709 
[678]	train-rmse:0.241602+0.001795	test-rmse:0.259282+0.004713 
[679]	train-rmse:0.241478+0.001779	test-rmse:0.259180+0.004741 
[680]	train-rmse:0.241321+0.001778	test-rmse:0.259056+0.004742 
[681]	train-rmse:0.241163+0.001776	test-rmse:0.258936+0.004742 
[682]	train-rmse:0.241035+0.001764	test-rmse:0.258838+0.004761 
[683]	train-rmse:0.240909+0.001732	test-rmse:0.258737+0.004765 
[684]	train-rmse:0.240753+0.001729	test-rmse:0.258616+0.004769 
[685]	train-rmse:0.240660+0.001784	test-rmse:0.258543+0.004726 
[686]	train-rmse:0.240505+0.001784	test-rmse:0.258420+0.004726 
[687]	train-rmse:0.240409+0.001750	test-rmse:0.258347+0.004687 
[688]	train-rmse:0.240315+0.001808	test-rmse:0.258272+0.004643 
[689]	train-rmse:0.240159+0.001806	test-rmse:0.258152+0.004642 
[690]	train-rmse:0.240065+0.001756	test-rmse:0.258075+0.004674 
[691]	train-rmse:0.239913+0.001754	test-rmse:0.257953+0.004682 
[692]	train-rmse:0.239760+0.001754	test-rmse:0.257835+0.004683 
[693]	train-rmse:0.239638+0.001812	test-rmse:0.257741+0.004682 
[694]	train-rmse:0.239545+0.001844	test-rmse:0.257669+0.004680 
[695]	train-rmse:0.239392+0.001841	test-rmse:0.257546+0.004687 
[696]	train-rmse:0.239238+0.001841	test-rmse:0.257426+0.004689 
[697]	train-rmse:0.239085+0.001838	test-rmse:0.257305+0.004691 
[698]	train-rmse:0.238932+0.001836	test-rmse:0.257185+0.004693 
[699]	train-rmse:0.238808+0.001823	test-rmse:0.257086+0.004716 
[700]	train-rmse:0.238685+0.001820	test-rmse:0.256994+0.004679 
[701]	train-rmse:0.238532+0.001820	test-rmse:0.256876+0.004680 
[702]	train-rmse:0.238381+0.001816	test-rmse:0.256757+0.004688 
[703]	train-rmse:0.238258+0.001788	test-rmse:0.256660+0.004692 
[704]	train-rmse:0.238136+0.001776	test-rmse:0.256564+0.004710 
[705]	train-rmse:0.237986+0.001776	test-rmse:0.256447+0.004715 
[706]	train-rmse:0.237834+0.001776	test-rmse:0.256332+0.004718 
[707]	train-rmse:0.237682+0.001772	test-rmse:0.256211+0.004724 
[708]	train-rmse:0.237530+0.001774	test-rmse:0.256095+0.004732 
[709]	train-rmse:0.237377+0.001776	test-rmse:0.255977+0.004733 
[710]	train-rmse:0.237256+0.001751	test-rmse:0.255884+0.004738 
[711]	train-rmse:0.237133+0.001749	test-rmse:0.255787+0.004697 
[712]	train-rmse:0.236983+0.001748	test-rmse:0.255674+0.004701 
[713]	train-rmse:0.236861+0.001806	test-rmse:0.255579+0.004699 
[714]	train-rmse:0.236802+0.001771	test-rmse:0.255531+0.004704 
[715]	train-rmse:0.236680+0.001771	test-rmse:0.255438+0.004667 
[716]	train-rmse:0.236589+0.001804	test-rmse:0.255365+0.004667 
[717]	train-rmse:0.236437+0.001804	test-rmse:0.255248+0.004670 
[718]	train-rmse:0.236347+0.001768	test-rmse:0.255176+0.004716 
[719]	train-rmse:0.236196+0.001771	test-rmse:0.255062+0.004715 
[720]	train-rmse:0.236078+0.001828	test-rmse:0.254968+0.004711 
[721]	train-rmse:0.235929+0.001828	test-rmse:0.254853+0.004715 
[722]	train-rmse:0.235810+0.001885	test-rmse:0.254762+0.004714 
[723]	train-rmse:0.235691+0.001873	test-rmse:0.254670+0.004735 
[724]	train-rmse:0.235571+0.001848	test-rmse:0.254579+0.004740 
[725]	train-rmse:0.235424+0.001849	test-rmse:0.254466+0.004741 
[726]	train-rmse:0.235305+0.001828	test-rmse:0.254373+0.004743 
[727]	train-rmse:0.235156+0.001827	test-rmse:0.254259+0.004746 
[728]	train-rmse:0.235006+0.001824	test-rmse:0.254147+0.004753 
[729]	train-rmse:0.234857+0.001824	test-rmse:0.254032+0.004755 
[730]	train-rmse:0.234708+0.001823	test-rmse:0.253922+0.004760 
[731]	train-rmse:0.234589+0.001813	test-rmse:0.253830+0.004783 
[732]	train-rmse:0.234440+0.001813	test-rmse:0.253719+0.004784 
[733]	train-rmse:0.234290+0.001812	test-rmse:0.253604+0.004788 
[734]	train-rmse:0.234142+0.001808	test-rmse:0.253497+0.004788 
[735]	train-rmse:0.234026+0.001864	test-rmse:0.253409+0.004787 
[736]	train-rmse:0.233878+0.001861	test-rmse:0.253295+0.004791 
[737]	train-rmse:0.233761+0.001833	test-rmse:0.253201+0.004824 
[738]	train-rmse:0.233643+0.001890	test-rmse:0.253110+0.004821 
[739]	train-rmse:0.233495+0.001888	test-rmse:0.252996+0.004825 
[740]	train-rmse:0.233377+0.001878	test-rmse:0.252907+0.004844 
[741]	train-rmse:0.233230+0.001880	test-rmse:0.252793+0.004845 
[742]	train-rmse:0.233086+0.001878	test-rmse:0.252682+0.004850 
[743]	train-rmse:0.232939+0.001875	test-rmse:0.252566+0.004852 
[744]	train-rmse:0.232791+0.001875	test-rmse:0.252453+0.004861 
[745]	train-rmse:0.232676+0.001848	test-rmse:0.252363+0.004892 
[746]	train-rmse:0.232558+0.001844	test-rmse:0.252275+0.004858 
[747]	train-rmse:0.232471+0.001878	test-rmse:0.252208+0.004859 
[748]	train-rmse:0.232324+0.001876	test-rmse:0.252101+0.004864 
[749]	train-rmse:0.232235+0.001852	test-rmse:0.252033+0.004829 
[750]	train-rmse:0.232089+0.001850	test-rmse:0.251920+0.004831 
[751]	train-rmse:0.231945+0.001848	test-rmse:0.251808+0.004831 
[752]	train-rmse:0.231856+0.001829	test-rmse:0.251743+0.004797 
[753]	train-rmse:0.231713+0.001826	test-rmse:0.251632+0.004801 
[754]	train-rmse:0.231596+0.001799	test-rmse:0.251539+0.004832 
[755]	train-rmse:0.231451+0.001798	test-rmse:0.251428+0.004836 
[756]	train-rmse:0.231306+0.001796	test-rmse:0.251318+0.004844 
[757]	train-rmse:0.231162+0.001796	test-rmse:0.251211+0.004848 
[758]	train-rmse:0.231047+0.001777	test-rmse:0.251128+0.004854 
[759]	train-rmse:0.230904+0.001779	test-rmse:0.251018+0.004856 
[760]	train-rmse:0.230819+0.001808	test-rmse:0.250954+0.004878 
[761]	train-rmse:0.230705+0.001864	test-rmse:0.250869+0.004876 
[762]	train-rmse:0.230589+0.001854	test-rmse:0.250783+0.004893 
[763]	train-rmse:0.230447+0.001852	test-rmse:0.250676+0.004900 
[764]	train-rmse:0.230304+0.001854	test-rmse:0.250563+0.004902 
[765]	train-rmse:0.230161+0.001853	test-rmse:0.250457+0.004902 
[766]	train-rmse:0.230019+0.001853	test-rmse:0.250348+0.004904 
[767]	train-rmse:0.229875+0.001851	test-rmse:0.250240+0.004910 
[768]	train-rmse:0.229791+0.001881	test-rmse:0.250175+0.004937 
[769]	train-rmse:0.229706+0.001925	test-rmse:0.250115+0.004947 
[770]	train-rmse:0.229592+0.001915	test-rmse:0.250028+0.004963 
[771]	train-rmse:0.229452+0.001913	test-rmse:0.249917+0.004968 
[772]	train-rmse:0.229339+0.001889	test-rmse:0.249828+0.004998 
[773]	train-rmse:0.229225+0.001944	test-rmse:0.249744+0.004998 
[774]	train-rmse:0.229083+0.001942	test-rmse:0.249635+0.005003 
[775]	train-rmse:0.228942+0.001940	test-rmse:0.249528+0.005009 
[776]	train-rmse:0.228828+0.001921	test-rmse:0.249438+0.005016 
[777]	train-rmse:0.228687+0.001918	test-rmse:0.249332+0.005018 
[778]	train-rmse:0.228547+0.001915	test-rmse:0.249225+0.005024 
[779]	train-rmse:0.228435+0.001896	test-rmse:0.249140+0.005029 
[780]	train-rmse:0.228321+0.001952	test-rmse:0.249059+0.005030 
[781]	train-rmse:0.228210+0.002006	test-rmse:0.248974+0.005035 
[782]	train-rmse:0.228072+0.002006	test-rmse:0.248873+0.005039 
[783]	train-rmse:0.227959+0.001989	test-rmse:0.248788+0.005042 
[784]	train-rmse:0.227819+0.001986	test-rmse:0.248682+0.005045 
[785]	train-rmse:0.227680+0.001985	test-rmse:0.248580+0.005049 
[786]	train-rmse:0.227542+0.001981	test-rmse:0.248475+0.005050 
[787]	train-rmse:0.227403+0.001981	test-rmse:0.248367+0.005053 
[788]	train-rmse:0.227263+0.001981	test-rmse:0.248264+0.005057 
[789]	train-rmse:0.227152+0.001966	test-rmse:0.248179+0.005059 
[790]	train-rmse:0.227011+0.001965	test-rmse:0.248074+0.005064 
[791]	train-rmse:0.226873+0.001961	test-rmse:0.247968+0.005072 
[792]	train-rmse:0.226734+0.001962	test-rmse:0.247867+0.005071 
[793]	train-rmse:0.226624+0.001934	test-rmse:0.247783+0.005098 
[794]	train-rmse:0.226484+0.001933	test-rmse:0.247679+0.005099 
[795]	train-rmse:0.226375+0.001918	test-rmse:0.247594+0.005105 
[796]	train-rmse:0.226235+0.001920	test-rmse:0.247490+0.005112 
[797]	train-rmse:0.226099+0.001919	test-rmse:0.247391+0.005113 
[798]	train-rmse:0.225990+0.001908	test-rmse:0.247306+0.005119 
[799]	train-rmse:0.225850+0.001906	test-rmse:0.247203+0.005122 
[800]	train-rmse:0.225768+0.001869	test-rmse:0.247138+0.005154 
[801]	train-rmse:0.225684+0.001847	test-rmse:0.247079+0.005131 
[802]	train-rmse:0.225575+0.001837	test-rmse:0.246993+0.005144 
[803]	train-rmse:0.225441+0.001839	test-rmse:0.246893+0.005146 
[804]	train-rmse:0.225333+0.001892	test-rmse:0.246813+0.005143 
[805]	train-rmse:0.225198+0.001892	test-rmse:0.246710+0.005151 
[806]	train-rmse:0.225063+0.001889	test-rmse:0.246609+0.005157 
[807]	train-rmse:0.224954+0.001879	test-rmse:0.246532+0.005164 
[808]	train-rmse:0.224872+0.001925	test-rmse:0.246477+0.005132 
[809]	train-rmse:0.224735+0.001923	test-rmse:0.246373+0.005133 
[810]	train-rmse:0.224627+0.001895	test-rmse:0.246291+0.005162 
[811]	train-rmse:0.224519+0.001870	test-rmse:0.246207+0.005192 
[812]	train-rmse:0.224381+0.001868	test-rmse:0.246101+0.005196 
[813]	train-rmse:0.224299+0.001854	test-rmse:0.246042+0.005174 
[814]	train-rmse:0.224217+0.001835	test-rmse:0.245983+0.005146 
[815]	train-rmse:0.224083+0.001835	test-rmse:0.245887+0.005153 
[816]	train-rmse:0.223949+0.001834	test-rmse:0.245783+0.005160 
[817]	train-rmse:0.223819+0.001832	test-rmse:0.245684+0.005166 
[818]	train-rmse:0.223684+0.001832	test-rmse:0.245589+0.005168 
[819]	train-rmse:0.223578+0.001805	test-rmse:0.245508+0.005196 
[820]	train-rmse:0.223470+0.001796	test-rmse:0.245430+0.005208 
[821]	train-rmse:0.223335+0.001796	test-rmse:0.245329+0.005217 
[822]	train-rmse:0.223200+0.001794	test-rmse:0.245225+0.005223 
[823]	train-rmse:0.223067+0.001793	test-rmse:0.245124+0.005225 
[824]	train-rmse:0.222957+0.001786	test-rmse:0.245041+0.005195 
[825]	train-rmse:0.222822+0.001783	test-rmse:0.244941+0.005198 
[826]	train-rmse:0.222717+0.001774	test-rmse:0.244863+0.005201 
[827]	train-rmse:0.222612+0.001764	test-rmse:0.244787+0.005215 
[828]	train-rmse:0.222478+0.001767	test-rmse:0.244689+0.005218 
[829]	train-rmse:0.222346+0.001766	test-rmse:0.244589+0.005224 
[830]	train-rmse:0.222242+0.001759	test-rmse:0.244513+0.005237 
[831]	train-rmse:0.222109+0.001761	test-rmse:0.244416+0.005238 
[832]	train-rmse:0.222003+0.001755	test-rmse:0.244337+0.005245 
[833]	train-rmse:0.221870+0.001753	test-rmse:0.244235+0.005250 
[834]	train-rmse:0.221740+0.001749	test-rmse:0.244134+0.005255 
[835]	train-rmse:0.221635+0.001741	test-rmse:0.244057+0.005269 
[836]	train-rmse:0.221502+0.001739	test-rmse:0.243962+0.005273 
[837]	train-rmse:0.221370+0.001740	test-rmse:0.243864+0.005279 
[838]	train-rmse:0.221239+0.001737	test-rmse:0.243767+0.005278 
[839]	train-rmse:0.221136+0.001708	test-rmse:0.243689+0.005305 
[840]	train-rmse:0.221003+0.001707	test-rmse:0.243591+0.005307 
[841]	train-rmse:0.220924+0.001691	test-rmse:0.243531+0.005280 
[842]	train-rmse:0.220795+0.001689	test-rmse:0.243438+0.005283 
[843]	train-rmse:0.220688+0.001686	test-rmse:0.243361+0.005256 
[844]	train-rmse:0.220558+0.001684	test-rmse:0.243263+0.005257 
[845]	train-rmse:0.220424+0.001683	test-rmse:0.243165+0.005264 
[846]	train-rmse:0.220294+0.001683	test-rmse:0.243073+0.005271 
[847]	train-rmse:0.220188+0.001680	test-rmse:0.242996+0.005283 
[848]	train-rmse:0.220059+0.001679	test-rmse:0.242900+0.005286 
[849]	train-rmse:0.219929+0.001676	test-rmse:0.242803+0.005292 
[850]	train-rmse:0.219826+0.001666	test-rmse:0.242726+0.005293 
[851]	train-rmse:0.219695+0.001666	test-rmse:0.242633+0.005295 
[852]	train-rmse:0.219564+0.001665	test-rmse:0.242535+0.005302 
[853]	train-rmse:0.219486+0.001632	test-rmse:0.242476+0.005298 
[854]	train-rmse:0.219383+0.001623	test-rmse:0.242399+0.005299 
[855]	train-rmse:0.219279+0.001617	test-rmse:0.242322+0.005312 
[856]	train-rmse:0.219176+0.001585	test-rmse:0.242243+0.005339 
[857]	train-rmse:0.219046+0.001583	test-rmse:0.242149+0.005345 
[858]	train-rmse:0.218916+0.001583	test-rmse:0.242056+0.005347 
[859]	train-rmse:0.218788+0.001579	test-rmse:0.241962+0.005349 
[860]	train-rmse:0.218686+0.001626	test-rmse:0.241887+0.005348 
[861]	train-rmse:0.218558+0.001626	test-rmse:0.241794+0.005355 
[862]	train-rmse:0.218454+0.001596	test-rmse:0.241712+0.005382 
[863]	train-rmse:0.218326+0.001595	test-rmse:0.241617+0.005389 
[864]	train-rmse:0.218200+0.001595	test-rmse:0.241526+0.005393 
[865]	train-rmse:0.218074+0.001594	test-rmse:0.241434+0.005393 
[866]	train-rmse:0.217945+0.001592	test-rmse:0.241337+0.005398 
[867]	train-rmse:0.217842+0.001590	test-rmse:0.241260+0.005410 
[868]	train-rmse:0.217715+0.001587	test-rmse:0.241169+0.005415 
[869]	train-rmse:0.217639+0.001555	test-rmse:0.241113+0.005451 
[870]	train-rmse:0.217515+0.001553	test-rmse:0.241023+0.005455 
[871]	train-rmse:0.217414+0.001550	test-rmse:0.240951+0.005428 
[872]	train-rmse:0.217288+0.001550	test-rmse:0.240859+0.005432 
[873]	train-rmse:0.217163+0.001550	test-rmse:0.240768+0.005440 
[874]	train-rmse:0.217036+0.001550	test-rmse:0.240672+0.005442 
[875]	train-rmse:0.216911+0.001551	test-rmse:0.240578+0.005446 
[876]	train-rmse:0.216812+0.001597	test-rmse:0.240505+0.005443 
[877]	train-rmse:0.216684+0.001596	test-rmse:0.240415+0.005441 
[878]	train-rmse:0.216584+0.001587	test-rmse:0.240341+0.005443 
[879]	train-rmse:0.216459+0.001584	test-rmse:0.240252+0.005446 
[880]	train-rmse:0.216333+0.001583	test-rmse:0.240162+0.005456 
[881]	train-rmse:0.216206+0.001585	test-rmse:0.240073+0.005459 
[882]	train-rmse:0.216080+0.001584	test-rmse:0.239985+0.005461 
[883]	train-rmse:0.215979+0.001574	test-rmse:0.239916+0.005462 
[884]	train-rmse:0.215877+0.001571	test-rmse:0.239843+0.005437 
[885]	train-rmse:0.215752+0.001569	test-rmse:0.239751+0.005438 
[886]	train-rmse:0.215629+0.001569	test-rmse:0.239660+0.005442 
[887]	train-rmse:0.215507+0.001569	test-rmse:0.239572+0.005444 
[888]	train-rmse:0.215384+0.001570	test-rmse:0.239482+0.005449 
[889]	train-rmse:0.215284+0.001559	test-rmse:0.239408+0.005454 
[890]	train-rmse:0.215160+0.001559	test-rmse:0.239321+0.005455 
[891]	train-rmse:0.215037+0.001560	test-rmse:0.239231+0.005461 
[892]	train-rmse:0.214988+0.001572	test-rmse:0.239195+0.005453 
[893]	train-rmse:0.214864+0.001573	test-rmse:0.239104+0.005456 
[894]	train-rmse:0.214765+0.001572	test-rmse:0.239035+0.005432 
[895]	train-rmse:0.214692+0.001532	test-rmse:0.238981+0.005457 
[896]	train-rmse:0.214593+0.001529	test-rmse:0.238913+0.005467 
[897]	train-rmse:0.214519+0.001567	test-rmse:0.238858+0.005462 
[898]	train-rmse:0.214397+0.001566	test-rmse:0.238771+0.005466 
[899]	train-rmse:0.214274+0.001564	test-rmse:0.238681+0.005468 
[900]	train-rmse:0.214151+0.001565	test-rmse:0.238592+0.005471 
[901]	train-rmse:0.214027+0.001565	test-rmse:0.238507+0.005478 
[902]	train-rmse:0.213905+0.001566	test-rmse:0.238419+0.005482 
[903]	train-rmse:0.213784+0.001567	test-rmse:0.238333+0.005487 
[904]	train-rmse:0.213686+0.001561	test-rmse:0.238262+0.005491 
[905]	train-rmse:0.213639+0.001595	test-rmse:0.238228+0.005497 
[906]	train-rmse:0.213541+0.001561	test-rmse:0.238157+0.005522 
[907]	train-rmse:0.213418+0.001559	test-rmse:0.238068+0.005523 
[908]	train-rmse:0.213296+0.001559	test-rmse:0.237980+0.005526 
[909]	train-rmse:0.213176+0.001558	test-rmse:0.237892+0.005534 
[910]	train-rmse:0.213103+0.001599	test-rmse:0.237841+0.005540 
[911]	train-rmse:0.213006+0.001595	test-rmse:0.237776+0.005548 
[912]	train-rmse:0.212910+0.001590	test-rmse:0.237703+0.005524 
[913]	train-rmse:0.212813+0.001587	test-rmse:0.237633+0.005535 
[914]	train-rmse:0.212716+0.001587	test-rmse:0.237567+0.005511 
[915]	train-rmse:0.212643+0.001624	test-rmse:0.237518+0.005510 
[916]	train-rmse:0.212521+0.001625	test-rmse:0.237430+0.005512 
[917]	train-rmse:0.212425+0.001667	test-rmse:0.237360+0.005514 
[918]	train-rmse:0.212308+0.001666	test-rmse:0.237271+0.005514 
[919]	train-rmse:0.212188+0.001664	test-rmse:0.237186+0.005523 
[920]	train-rmse:0.212070+0.001662	test-rmse:0.237102+0.005528 
[921]	train-rmse:0.211948+0.001659	test-rmse:0.237015+0.005530 
[922]	train-rmse:0.211829+0.001657	test-rmse:0.236932+0.005533 
[923]	train-rmse:0.211735+0.001654	test-rmse:0.236868+0.005511 
[924]	train-rmse:0.211615+0.001653	test-rmse:0.236782+0.005518 
[925]	train-rmse:0.211521+0.001695	test-rmse:0.236718+0.005520 
[926]	train-rmse:0.211404+0.001694	test-rmse:0.236635+0.005524 
[927]	train-rmse:0.211334+0.001733	test-rmse:0.236588+0.005531 
[928]	train-rmse:0.211215+0.001734	test-rmse:0.236500+0.005536 
[929]	train-rmse:0.211120+0.001703	test-rmse:0.236429+0.005561 
[930]	train-rmse:0.211048+0.001744	test-rmse:0.236377+0.005528 
[931]	train-rmse:0.210978+0.001780	test-rmse:0.236328+0.005529 
[932]	train-rmse:0.210860+0.001777	test-rmse:0.236250+0.005532 
[933]	train-rmse:0.210742+0.001777	test-rmse:0.236166+0.005535 
[934]	train-rmse:0.210622+0.001778	test-rmse:0.236085+0.005539 
[935]	train-rmse:0.210505+0.001777	test-rmse:0.236002+0.005547 
[936]	train-rmse:0.210408+0.001775	test-rmse:0.235936+0.005524 
[937]	train-rmse:0.210312+0.001819	test-rmse:0.235868+0.005518 
[938]	train-rmse:0.210194+0.001818	test-rmse:0.235783+0.005521 
[939]	train-rmse:0.210079+0.001817	test-rmse:0.235702+0.005525 
[940]	train-rmse:0.209960+0.001819	test-rmse:0.235620+0.005529 
[941]	train-rmse:0.209843+0.001821	test-rmse:0.235539+0.005537 
[942]	train-rmse:0.209727+0.001818	test-rmse:0.235453+0.005536 
[943]	train-rmse:0.209633+0.001786	test-rmse:0.235386+0.005560 
[944]	train-rmse:0.209516+0.001785	test-rmse:0.235306+0.005562 
[945]	train-rmse:0.209400+0.001783	test-rmse:0.235225+0.005566 
[946]	train-rmse:0.209283+0.001784	test-rmse:0.235141+0.005570 
[947]	train-rmse:0.209189+0.001780	test-rmse:0.235074+0.005579 
[948]	train-rmse:0.209096+0.001779	test-rmse:0.235012+0.005580 
[949]	train-rmse:0.208979+0.001779	test-rmse:0.234932+0.005580 
[950]	train-rmse:0.208908+0.001815	test-rmse:0.234883+0.005581 
[951]	train-rmse:0.208792+0.001813	test-rmse:0.234802+0.005589 
[952]	train-rmse:0.208698+0.001779	test-rmse:0.234735+0.005615 
[953]	train-rmse:0.208582+0.001780	test-rmse:0.234651+0.005615 
[954]	train-rmse:0.208464+0.001780	test-rmse:0.234570+0.005620 
[955]	train-rmse:0.208370+0.001776	test-rmse:0.234505+0.005627 
[956]	train-rmse:0.208279+0.001817	test-rmse:0.234441+0.005628 
[957]	train-rmse:0.208164+0.001818	test-rmse:0.234359+0.005635 
[958]	train-rmse:0.208050+0.001819	test-rmse:0.234281+0.005635 
[959]	train-rmse:0.207938+0.001817	test-rmse:0.234203+0.005640 
[960]	train-rmse:0.207823+0.001820	test-rmse:0.234123+0.005642 
[961]	train-rmse:0.207708+0.001819	test-rmse:0.234044+0.005644 
[962]	train-rmse:0.207595+0.001820	test-rmse:0.233961+0.005648 
[963]	train-rmse:0.207481+0.001820	test-rmse:0.233877+0.005651 
[964]	train-rmse:0.207367+0.001822	test-rmse:0.233796+0.005652 
[965]	train-rmse:0.207253+0.001821	test-rmse:0.233717+0.005655 
[966]	train-rmse:0.207164+0.001861	test-rmse:0.233657+0.005654 
[967]	train-rmse:0.207072+0.001858	test-rmse:0.233594+0.005634 
[968]	train-rmse:0.206983+0.001826	test-rmse:0.233525+0.005662 
[969]	train-rmse:0.206871+0.001826	test-rmse:0.233446+0.005670 
[970]	train-rmse:0.206758+0.001825	test-rmse:0.233366+0.005675 
[971]	train-rmse:0.206646+0.001822	test-rmse:0.233288+0.005672 
[972]	train-rmse:0.206533+0.001823	test-rmse:0.233211+0.005677 
[973]	train-rmse:0.206420+0.001821	test-rmse:0.233133+0.005680 
[974]	train-rmse:0.206328+0.001817	test-rmse:0.233072+0.005691 
[975]	train-rmse:0.206241+0.001855	test-rmse:0.233010+0.005692 
[976]	train-rmse:0.206126+0.001856	test-rmse:0.232936+0.005700 
[977]	train-rmse:0.206035+0.001897	test-rmse:0.232874+0.005696 
[978]	train-rmse:0.205944+0.001890	test-rmse:0.232814+0.005702 
[979]	train-rmse:0.205833+0.001887	test-rmse:0.232734+0.005702 
[980]	train-rmse:0.205743+0.001886	test-rmse:0.232672+0.005711 
[981]	train-rmse:0.205674+0.001876	test-rmse:0.232624+0.005689 
[982]	train-rmse:0.205561+0.001876	test-rmse:0.232544+0.005691 
[983]	train-rmse:0.205452+0.001877	test-rmse:0.232466+0.005694 
[984]	train-rmse:0.205340+0.001876	test-rmse:0.232392+0.005697 
[985]	train-rmse:0.205275+0.001844	test-rmse:0.232344+0.005725 
[986]	train-rmse:0.205187+0.001841	test-rmse:0.232284+0.005729 
[987]	train-rmse:0.205076+0.001840	test-rmse:0.232209+0.005736 
[988]	train-rmse:0.204988+0.001839	test-rmse:0.232148+0.005714 
[989]	train-rmse:0.204923+0.001846	test-rmse:0.232098+0.005736 
[990]	train-rmse:0.204813+0.001844	test-rmse:0.232023+0.005739 
[991]	train-rmse:0.204725+0.001811	test-rmse:0.231959+0.005760 
[992]	train-rmse:0.204615+0.001809	test-rmse:0.231882+0.005765 
[993]	train-rmse:0.204526+0.001807	test-rmse:0.231819+0.005743 
[994]	train-rmse:0.204416+0.001806	test-rmse:0.231744+0.005746 
[995]	train-rmse:0.204304+0.001807	test-rmse:0.231661+0.005749 
[996]	train-rmse:0.204194+0.001805	test-rmse:0.231587+0.005752 
[997]	train-rmse:0.204083+0.001806	test-rmse:0.231515+0.005755 
[998]	train-rmse:0.203994+0.001802	test-rmse:0.231453+0.005765 
[999]	train-rmse:0.203908+0.001795	test-rmse:0.231397+0.005771 
[1000]	train-rmse:0.203820+0.001790	test-rmse:0.231337+0.005780 
[1001]	train-rmse:0.203713+0.001790	test-rmse:0.231261+0.005781 
[1002]	train-rmse:0.203603+0.001789	test-rmse:0.231184+0.005786 
[1003]	train-rmse:0.203559+0.001824	test-rmse:0.231158+0.005769 
[1004]	train-rmse:0.203450+0.001825	test-rmse:0.231082+0.005772 
[1005]	train-rmse:0.203364+0.001794	test-rmse:0.231023+0.005792 
[1006]	train-rmse:0.203278+0.001793	test-rmse:0.230965+0.005796 
[1007]	train-rmse:0.203190+0.001762	test-rmse:0.230903+0.005822 
[1008]	train-rmse:0.203081+0.001761	test-rmse:0.230829+0.005820 
[1009]	train-rmse:0.202971+0.001762	test-rmse:0.230756+0.005817 
[1010]	train-rmse:0.202884+0.001729	test-rmse:0.230698+0.005839 
[1011]	train-rmse:0.202776+0.001728	test-rmse:0.230621+0.005847 
[1012]	train-rmse:0.202691+0.001767	test-rmse:0.230562+0.005847 
[1013]	train-rmse:0.202625+0.001804	test-rmse:0.230521+0.005853 
[1014]	train-rmse:0.202534+0.001801	test-rmse:0.230460+0.005831 
[1015]	train-rmse:0.202426+0.001800	test-rmse:0.230388+0.005835 
[1016]	train-rmse:0.202318+0.001801	test-rmse:0.230314+0.005834 
[1017]	train-rmse:0.202233+0.001802	test-rmse:0.230256+0.005845 
[1018]	train-rmse:0.202123+0.001803	test-rmse:0.230185+0.005845 
[1019]	train-rmse:0.202017+0.001805	test-rmse:0.230115+0.005847 
[1020]	train-rmse:0.201911+0.001804	test-rmse:0.230038+0.005852 
[1021]	train-rmse:0.201803+0.001802	test-rmse:0.229967+0.005855 
[1022]	train-rmse:0.201694+0.001802	test-rmse:0.229898+0.005859 
[1023]	train-rmse:0.201589+0.001802	test-rmse:0.229828+0.005861 
[1024]	train-rmse:0.201525+0.001835	test-rmse:0.229784+0.005862 
[1025]	train-rmse:0.201437+0.001834	test-rmse:0.229724+0.005871 
[1026]	train-rmse:0.201352+0.001831	test-rmse:0.229667+0.005852 
[1027]	train-rmse:0.201247+0.001832	test-rmse:0.229592+0.005855 
[1028]	train-rmse:0.201141+0.001831	test-rmse:0.229519+0.005858 
[1029]	train-rmse:0.201076+0.001830	test-rmse:0.229477+0.005844 
[1030]	train-rmse:0.200992+0.001823	test-rmse:0.229420+0.005853 
[1031]	train-rmse:0.200905+0.001790	test-rmse:0.229358+0.005875 
[1032]	train-rmse:0.200799+0.001789	test-rmse:0.229288+0.005880 
[1033]	train-rmse:0.200737+0.001758	test-rmse:0.229244+0.005881 
[1034]	train-rmse:0.200673+0.001758	test-rmse:0.229203+0.005867 
[1035]	train-rmse:0.200589+0.001758	test-rmse:0.229150+0.005874 
[1036]	train-rmse:0.200504+0.001725	test-rmse:0.229091+0.005897 
[1037]	train-rmse:0.200422+0.001761	test-rmse:0.229038+0.005893 
[1038]	train-rmse:0.200317+0.001761	test-rmse:0.228968+0.005892 
[1039]	train-rmse:0.200234+0.001796	test-rmse:0.228912+0.005893 
[1040]	train-rmse:0.200171+0.001834	test-rmse:0.228872+0.005893 
[1041]	train-rmse:0.200066+0.001832	test-rmse:0.228802+0.005896 
[1042]	train-rmse:0.199984+0.001868	test-rmse:0.228743+0.005892 
[1043]	train-rmse:0.199880+0.001867	test-rmse:0.228677+0.005895 
[1044]	train-rmse:0.199776+0.001866	test-rmse:0.228607+0.005899 
[1045]	train-rmse:0.199673+0.001863	test-rmse:0.228534+0.005906 
[1046]	train-rmse:0.199589+0.001858	test-rmse:0.228478+0.005889 
[1047]	train-rmse:0.199506+0.001851	test-rmse:0.228424+0.005892 
[1048]	train-rmse:0.199401+0.001852	test-rmse:0.228356+0.005896 
[1049]	train-rmse:0.199338+0.001887	test-rmse:0.228318+0.005878 
[1050]	train-rmse:0.199235+0.001886	test-rmse:0.228252+0.005879 
[1051]	train-rmse:0.199131+0.001886	test-rmse:0.228182+0.005883 
[1052]	train-rmse:0.199026+0.001886	test-rmse:0.228113+0.005888 
[1053]	train-rmse:0.198942+0.001881	test-rmse:0.228057+0.005892 
[1054]	train-rmse:0.198837+0.001879	test-rmse:0.227987+0.005896 
[1055]	train-rmse:0.198755+0.001880	test-rmse:0.227933+0.005878 
[1056]	train-rmse:0.198652+0.001879	test-rmse:0.227864+0.005883 
[1057]	train-rmse:0.198549+0.001880	test-rmse:0.227796+0.005887 
[1058]	train-rmse:0.198448+0.001878	test-rmse:0.227729+0.005892 
[1059]	train-rmse:0.198366+0.001913	test-rmse:0.227675+0.005890 
> hgrid <-
+   dplyr::bind_cols(xgboost_params[index, ], dart.cv$evaluation_log[dart.cv$best_iteration, ], best_iter = dart.cv$best_iteration)
> 
> # write result
> fname <- file.path('data-raw', 'tune', year, 'array', paste0('tune_', index, '.tsv'))
> readr::write_tsv(hgrid, file = fname)
