> 
> # parse arguments
> args <- R.utils::commandArgs(trailingOnly = FALSE, asValues = TRUE)
> index <- as.integer(args$index)
> year <- as.character(args$year)
> nreps <- as.integer(args$nreps)
> seed <- as.integer(args$seed)
> 
> # get number of cores
> wkrs <- length(future::availableWorkers())
> 
> # set seed
> set.seed(seed)
> 
> # read and prepare the cluster features
> fp <- file.path('data-raw', 'features', year)
> clf <-
+   read_features(fp, pattern = 'paris.', recursive = FALSE)
> clf <- prepare_features(
+   clf,
+   feature_map = feature_map,
+   category = c('response', 'bio', 'net'),
+   type = 'list',
+   exclusions = c(
+     'mg2_pairs_count',
+     'mg2_not_pairs_count',
+     'mg2_portion_families_recovered',
+     'cluster_origin',
+     'bocc_origin',
+     'cluster_method',
+     'subcluster_method',
+     'year',
+     'IDs',
+     'go_sig_threshold',
+     'num_new_edges_on_any_node',
+     'HPO_ratio'
+   ),
+   verbose = TRUE
+ )
c('HPO_ratio', 'IDs', 'bocc_origin', 'cluster_method', 'cluster_origin', 'go_sig_threshold', 'max_norm_cell_type_comma_sep_string', 'max_norm_disease_comma_sep_string', 'mg2_not_pairs_count', 'mg2_pairs_count', 'mg2_portion_families_recovered', 'num_new_edges_on_any_node', 'sig_go_enrichment_fdr_corrected_p_vals', 'sig_go_enrichment_p_vals', 'sig_go_enrichment_terms', 'subcluster_method', 'year')

> 
> # prepare grid of parameters
> xgboost_params <- dials::parameters(
+   nrounds = dials::trees(),
+   eta = dials::learn_rate(),
+   gamma = dials::loss_reduction(),
+   dials::tree_depth(),
+   subsample = dials::sample_prop(),
+   rate_drop = dials::dropout(),
+   skip_drop = dials::dropout()
+ )
> xgboost_params <-
+   dials::grid_max_entropy(xgboost_params, size = nreps)
> 
> # tune the dart booster
> dart.param <-
+   list(
+     booster = "dart",
+     objective = "reg:logistic",
+     eval_metric = "rmse",
+     nthread = wkrs,
+     max_depth = xgboost_params$tree_depth[index],
+     eta = xgboost_params$eta[index],
+     gamma = xgboost_params$gamma[index],
+     subsample = xgboost_params$subsample[index],
+     rate_drop = xgboost_params$rate_drop[index],
+     skip_drop = xgboost_params$skip_drop[index]
+   )
> dart.cv <- xgboost::xgb.cv(
+   params = dart.param,
+   nrounds = xgboost_params$nrounds[index],
+   data = as.matrix(clf[, -1]),
+   nfold = 5,
+   label = clf$snowballing_pvalue,
+   early_stopping_rounds = 50
+ )
[1]	train-rmse:0.382617+0.001055	test-rmse:0.382594+0.004188 
Multiple eval metrics are present. Will use test_rmse for early stopping.
Will train until test_rmse hasn't improved in 50 rounds.

[2]	train-rmse:0.382553+0.001054	test-rmse:0.382531+0.004188 
[3]	train-rmse:0.382488+0.001053	test-rmse:0.382467+0.004189 
[4]	train-rmse:0.382426+0.001054	test-rmse:0.382405+0.004188 
[5]	train-rmse:0.382374+0.001041	test-rmse:0.382354+0.004200 
[6]	train-rmse:0.382336+0.001034	test-rmse:0.382317+0.004208 
[7]	train-rmse:0.382273+0.001035	test-rmse:0.382255+0.004206 
[8]	train-rmse:0.382244+0.001039	test-rmse:0.382225+0.004203 
[9]	train-rmse:0.382208+0.001032	test-rmse:0.382190+0.004210 
[10]	train-rmse:0.382182+0.001050	test-rmse:0.382164+0.004192 
[11]	train-rmse:0.382138+0.001031	test-rmse:0.382122+0.004210 
[12]	train-rmse:0.382115+0.001049	test-rmse:0.382098+0.004191 
[13]	train-rmse:0.382079+0.001050	test-rmse:0.382062+0.004191 
[14]	train-rmse:0.382046+0.001049	test-rmse:0.382030+0.004192 
[15]	train-rmse:0.382014+0.001040	test-rmse:0.381998+0.004200 
[16]	train-rmse:0.381983+0.001028	test-rmse:0.381967+0.004212 
[17]	train-rmse:0.381930+0.001007	test-rmse:0.381915+0.004233 
[18]	train-rmse:0.381887+0.000995	test-rmse:0.381871+0.004246 
[19]	train-rmse:0.381877+0.000995	test-rmse:0.381861+0.004246 
[20]	train-rmse:0.381836+0.000977	test-rmse:0.381821+0.004263 
[21]	train-rmse:0.381816+0.000968	test-rmse:0.381802+0.004271 
[22]	train-rmse:0.381773+0.000945	test-rmse:0.381759+0.004293 
[23]	train-rmse:0.381720+0.000954	test-rmse:0.381706+0.004285 
[24]	train-rmse:0.381680+0.000961	test-rmse:0.381666+0.004279 
[25]	train-rmse:0.381639+0.000940	test-rmse:0.381626+0.004300 
[26]	train-rmse:0.381621+0.000928	test-rmse:0.381607+0.004311 
[27]	train-rmse:0.381580+0.000937	test-rmse:0.381567+0.004305 
[28]	train-rmse:0.381528+0.000937	test-rmse:0.381515+0.004306 
[29]	train-rmse:0.381510+0.000926	test-rmse:0.381497+0.004317 
[30]	train-rmse:0.381494+0.000926	test-rmse:0.381481+0.004320 
[31]	train-rmse:0.381454+0.000904	test-rmse:0.381441+0.004344 
[32]	train-rmse:0.381437+0.000894	test-rmse:0.381424+0.004355 
[33]	train-rmse:0.381420+0.000916	test-rmse:0.381408+0.004333 
[34]	train-rmse:0.381405+0.000938	test-rmse:0.381392+0.004312 
[35]	train-rmse:0.381388+0.000960	test-rmse:0.381375+0.004290 
[36]	train-rmse:0.381348+0.000939	test-rmse:0.381336+0.004308 
[37]	train-rmse:0.381307+0.000941	test-rmse:0.381297+0.004307 
[38]	train-rmse:0.381279+0.000954	test-rmse:0.381270+0.004294 
[39]	train-rmse:0.381264+0.000953	test-rmse:0.381254+0.004297 
[40]	train-rmse:0.381226+0.000971	test-rmse:0.381216+0.004279 
[41]	train-rmse:0.381222+0.000971	test-rmse:0.381212+0.004279 
[42]	train-rmse:0.381218+0.000972	test-rmse:0.381208+0.004278 
[43]	train-rmse:0.381178+0.000983	test-rmse:0.381169+0.004272 
[44]	train-rmse:0.381127+0.000960	test-rmse:0.381117+0.004294 
[45]	train-rmse:0.381099+0.000950	test-rmse:0.381090+0.004306 
[46]	train-rmse:0.381084+0.000948	test-rmse:0.381075+0.004304 
[47]	train-rmse:0.381068+0.000947	test-rmse:0.381059+0.004309 
[48]	train-rmse:0.381041+0.000946	test-rmse:0.381032+0.004311 
[49]	train-rmse:0.381026+0.000935	test-rmse:0.381017+0.004322 
[50]	train-rmse:0.380999+0.000935	test-rmse:0.380989+0.004324 
[51]	train-rmse:0.380972+0.000935	test-rmse:0.380962+0.004326 
[52]	train-rmse:0.380933+0.000945	test-rmse:0.380924+0.004310 
[53]	train-rmse:0.380918+0.000946	test-rmse:0.380908+0.004315 
[54]	train-rmse:0.380903+0.000967	test-rmse:0.380893+0.004293 
[55]	train-rmse:0.380876+0.000988	test-rmse:0.380867+0.004269 
[56]	train-rmse:0.380873+0.000988	test-rmse:0.380864+0.004269 
[57]	train-rmse:0.380870+0.000988	test-rmse:0.380862+0.004270 
[58]	train-rmse:0.380843+0.000976	test-rmse:0.380835+0.004279 
[59]	train-rmse:0.380803+0.000988	test-rmse:0.380795+0.004269 
[60]	train-rmse:0.380789+0.000977	test-rmse:0.380781+0.004280 
[61]	train-rmse:0.380750+0.000989	test-rmse:0.380742+0.004274 
[62]	train-rmse:0.380735+0.000977	test-rmse:0.380727+0.004282 
[63]	train-rmse:0.380709+0.000988	test-rmse:0.380701+0.004272 
[64]	train-rmse:0.380681+0.000977	test-rmse:0.380674+0.004282 
[65]	train-rmse:0.380655+0.000997	test-rmse:0.380647+0.004258 
[66]	train-rmse:0.380616+0.000976	test-rmse:0.380609+0.004282 
[67]	train-rmse:0.380578+0.000976	test-rmse:0.380572+0.004281 
[68]	train-rmse:0.380576+0.000976	test-rmse:0.380569+0.004281 
[69]	train-rmse:0.380549+0.000997	test-rmse:0.380544+0.004257 
[70]	train-rmse:0.380523+0.001010	test-rmse:0.380517+0.004247 
[71]	train-rmse:0.380508+0.000998	test-rmse:0.380503+0.004255 
[72]	train-rmse:0.380494+0.000998	test-rmse:0.380489+0.004259 
[73]	train-rmse:0.380480+0.000998	test-rmse:0.380474+0.004263 
[74]	train-rmse:0.380453+0.000989	test-rmse:0.380447+0.004280 
[75]	train-rmse:0.380438+0.000977	test-rmse:0.380433+0.004288 
[76]	train-rmse:0.380411+0.000976	test-rmse:0.380406+0.004290 
[77]	train-rmse:0.380385+0.000954	test-rmse:0.380380+0.004310 
[78]	train-rmse:0.380383+0.000954	test-rmse:0.380378+0.004310 
[79]	train-rmse:0.380356+0.000944	test-rmse:0.380352+0.004323 
[80]	train-rmse:0.380341+0.000933	test-rmse:0.380337+0.004335 
[81]	train-rmse:0.380315+0.000932	test-rmse:0.380310+0.004338 
[82]	train-rmse:0.380276+0.000922	test-rmse:0.380271+0.004352 
[83]	train-rmse:0.380250+0.000934	test-rmse:0.380246+0.004342 
[84]	train-rmse:0.380212+0.000956	test-rmse:0.380207+0.004322 
[85]	train-rmse:0.380172+0.000944	test-rmse:0.380168+0.004333 
[86]	train-rmse:0.380146+0.000965	test-rmse:0.380142+0.004308 
[87]	train-rmse:0.380119+0.000957	test-rmse:0.380115+0.004325 
[88]	train-rmse:0.380068+0.000970	test-rmse:0.380063+0.004317 
[89]	train-rmse:0.380029+0.000968	test-rmse:0.380026+0.004315 
[90]	train-rmse:0.380004+0.000988	test-rmse:0.380000+0.004291 
[91]	train-rmse:0.379965+0.001000	test-rmse:0.379962+0.004278 
[92]	train-rmse:0.379939+0.001023	test-rmse:0.379936+0.004261 
[93]	train-rmse:0.379925+0.001045	test-rmse:0.379922+0.004238 
[94]	train-rmse:0.379887+0.001060	test-rmse:0.379884+0.004233 
[95]	train-rmse:0.379873+0.001047	test-rmse:0.379870+0.004241 
[96]	train-rmse:0.379846+0.001024	test-rmse:0.379845+0.004261 
[97]	train-rmse:0.379820+0.001048	test-rmse:0.379819+0.004243 
[98]	train-rmse:0.379819+0.001048	test-rmse:0.379817+0.004243 
[99]	train-rmse:0.379805+0.001046	test-rmse:0.379803+0.004240 
[100]	train-rmse:0.379766+0.001057	test-rmse:0.379765+0.004230 
[101]	train-rmse:0.379715+0.001059	test-rmse:0.379715+0.004232 
[102]	train-rmse:0.379701+0.001047	test-rmse:0.379701+0.004240 
[103]	train-rmse:0.379675+0.001039	test-rmse:0.379675+0.004258 
[104]	train-rmse:0.379661+0.001042	test-rmse:0.379660+0.004263 
[105]	train-rmse:0.379647+0.001029	test-rmse:0.379647+0.004271 
[106]	train-rmse:0.379633+0.001020	test-rmse:0.379633+0.004284 
[107]	train-rmse:0.379607+0.001038	test-rmse:0.379607+0.004259 
[108]	train-rmse:0.379580+0.001026	test-rmse:0.379581+0.004269 
[109]	train-rmse:0.379554+0.001014	test-rmse:0.379555+0.004279 
[110]	train-rmse:0.379553+0.001014	test-rmse:0.379553+0.004279 
[111]	train-rmse:0.379539+0.001006	test-rmse:0.379539+0.004292 
[112]	train-rmse:0.379500+0.001018	test-rmse:0.379501+0.004279 
[113]	train-rmse:0.379450+0.001032	test-rmse:0.379450+0.004271 
[114]	train-rmse:0.379436+0.001026	test-rmse:0.379437+0.004284 
[115]	train-rmse:0.379422+0.001048	test-rmse:0.379423+0.004261 
[116]	train-rmse:0.379409+0.001071	test-rmse:0.379410+0.004239 
[117]	train-rmse:0.379395+0.001056	test-rmse:0.379396+0.004246 
[118]	train-rmse:0.379381+0.001043	test-rmse:0.379384+0.004254 
[119]	train-rmse:0.379343+0.001034	test-rmse:0.379345+0.004269 
[120]	train-rmse:0.379293+0.001040	test-rmse:0.379296+0.004256 
[121]	train-rmse:0.379267+0.001039	test-rmse:0.379270+0.004259 
[122]	train-rmse:0.379216+0.001046	test-rmse:0.379220+0.004247 
[123]	train-rmse:0.379215+0.001046	test-rmse:0.379218+0.004247 
[124]	train-rmse:0.379190+0.001070	test-rmse:0.379192+0.004230 
[125]	train-rmse:0.379164+0.001054	test-rmse:0.379168+0.004235 
[126]	train-rmse:0.379150+0.001056	test-rmse:0.379154+0.004240 
[127]	train-rmse:0.379124+0.001050	test-rmse:0.379127+0.004258 
[128]	train-rmse:0.379110+0.001036	test-rmse:0.379115+0.004265 
[129]	train-rmse:0.379096+0.001039	test-rmse:0.379100+0.004270 
[130]	train-rmse:0.379071+0.001028	test-rmse:0.379075+0.004281 
[131]	train-rmse:0.379057+0.001019	test-rmse:0.379061+0.004293 
[132]	train-rmse:0.379031+0.001020	test-rmse:0.379035+0.004296 
[133]	train-rmse:0.378992+0.000995	test-rmse:0.378997+0.004314 
[134]	train-rmse:0.378991+0.000995	test-rmse:0.378996+0.004314 
[135]	train-rmse:0.378953+0.000982	test-rmse:0.378958+0.004324 
[136]	train-rmse:0.378891+0.000982	test-rmse:0.378896+0.004324 
[137]	train-rmse:0.378865+0.001007	test-rmse:0.378871+0.004306 
[138]	train-rmse:0.378852+0.000999	test-rmse:0.378858+0.004318 
[139]	train-rmse:0.378826+0.000976	test-rmse:0.378832+0.004338 
[140]	train-rmse:0.378775+0.000984	test-rmse:0.378782+0.004325 
[141]	train-rmse:0.378750+0.000989	test-rmse:0.378758+0.004312 
[142]	train-rmse:0.378712+0.000995	test-rmse:0.378721+0.004294 
[143]	train-rmse:0.378675+0.000976	test-rmse:0.378685+0.004319 
[144]	train-rmse:0.378649+0.000977	test-rmse:0.378659+0.004322 
[145]	train-rmse:0.378624+0.000968	test-rmse:0.378634+0.004334 
[146]	train-rmse:0.378586+0.000983	test-rmse:0.378596+0.004330 
[147]	train-rmse:0.378536+0.000961	test-rmse:0.378546+0.004353 
[148]	train-rmse:0.378535+0.000961	test-rmse:0.378545+0.004353 
[149]	train-rmse:0.378510+0.000980	test-rmse:0.378520+0.004328 
[150]	train-rmse:0.378496+0.000967	test-rmse:0.378507+0.004335 
[151]	train-rmse:0.378471+0.000979	test-rmse:0.378482+0.004324 
[152]	train-rmse:0.378458+0.000966	test-rmse:0.378470+0.004331 
[153]	train-rmse:0.378444+0.000953	test-rmse:0.378457+0.004339 
[154]	train-rmse:0.378420+0.000954	test-rmse:0.378432+0.004342 
[155]	train-rmse:0.378406+0.000951	test-rmse:0.378419+0.004340 
[156]	train-rmse:0.378356+0.000948	test-rmse:0.378369+0.004334 
[157]	train-rmse:0.378318+0.000928	test-rmse:0.378332+0.004358 
[158]	train-rmse:0.378268+0.000923	test-rmse:0.378284+0.004355 
[159]	train-rmse:0.378243+0.000916	test-rmse:0.378257+0.004372 
[160]	train-rmse:0.378217+0.000918	test-rmse:0.378232+0.004375 
[161]	train-rmse:0.378204+0.000904	test-rmse:0.378219+0.004383 
[162]	train-rmse:0.378203+0.000904	test-rmse:0.378218+0.004383 
[163]	train-rmse:0.378190+0.000908	test-rmse:0.378204+0.004388 
[164]	train-rmse:0.378152+0.000901	test-rmse:0.378165+0.004404 
[165]	train-rmse:0.378138+0.000891	test-rmse:0.378152+0.004416 
[166]	train-rmse:0.378137+0.000891	test-rmse:0.378151+0.004416 
[167]	train-rmse:0.378111+0.000910	test-rmse:0.378126+0.004391 
[168]	train-rmse:0.378061+0.000919	test-rmse:0.378076+0.004379 
[169]	train-rmse:0.378023+0.000943	test-rmse:0.378038+0.004360 
[170]	train-rmse:0.377998+0.000919	test-rmse:0.378013+0.004379 
[171]	train-rmse:0.377984+0.000909	test-rmse:0.378000+0.004391 
[172]	train-rmse:0.377948+0.000902	test-rmse:0.377963+0.004407 
[173]	train-rmse:0.377934+0.000907	test-rmse:0.377949+0.004413 
[174]	train-rmse:0.377921+0.000906	test-rmse:0.377936+0.004411 
[175]	train-rmse:0.377908+0.000905	test-rmse:0.377922+0.004409 
[176]	train-rmse:0.377882+0.000931	test-rmse:0.377896+0.004391 
[177]	train-rmse:0.377831+0.000941	test-rmse:0.377846+0.004379 
[178]	train-rmse:0.377794+0.000932	test-rmse:0.377810+0.004390 
[179]	train-rmse:0.377780+0.000938	test-rmse:0.377796+0.004396 
[180]	train-rmse:0.377718+0.000937	test-rmse:0.377734+0.004396 
[181]	train-rmse:0.377669+0.000948	test-rmse:0.377686+0.004385 
[182]	train-rmse:0.377632+0.000923	test-rmse:0.377650+0.004401 
[183]	train-rmse:0.377618+0.000923	test-rmse:0.377636+0.004399 
[184]	train-rmse:0.377581+0.000935	test-rmse:0.377600+0.004389 
[185]	train-rmse:0.377544+0.000943	test-rmse:0.377563+0.004377 
[186]	train-rmse:0.377519+0.000949	test-rmse:0.377537+0.004381 
[187]	train-rmse:0.377518+0.000949	test-rmse:0.377537+0.004381 
[188]	train-rmse:0.377468+0.000949	test-rmse:0.377488+0.004382 
[189]	train-rmse:0.377443+0.000938	test-rmse:0.377462+0.004392 
[190]	train-rmse:0.377406+0.000931	test-rmse:0.377426+0.004403 
[191]	train-rmse:0.377381+0.000957	test-rmse:0.377400+0.004386 
[192]	train-rmse:0.377343+0.000967	test-rmse:0.377364+0.004377 
[193]	train-rmse:0.377295+0.000978	test-rmse:0.377315+0.004373 
[194]	train-rmse:0.377258+0.000952	test-rmse:0.377279+0.004390 
[195]	train-rmse:0.377257+0.000952	test-rmse:0.377278+0.004390 
[196]	train-rmse:0.377244+0.000971	test-rmse:0.377265+0.004367 
[197]	train-rmse:0.377206+0.000967	test-rmse:0.377227+0.004383 
[198]	train-rmse:0.377193+0.000985	test-rmse:0.377214+0.004360 
[199]	train-rmse:0.377155+0.000994	test-rmse:0.377176+0.004348 
[200]	train-rmse:0.377105+0.000974	test-rmse:0.377126+0.004371 
[201]	train-rmse:0.377080+0.000999	test-rmse:0.377100+0.004354 
[202]	train-rmse:0.377054+0.000991	test-rmse:0.377075+0.004367 
[203]	train-rmse:0.377042+0.000998	test-rmse:0.377062+0.004373 
[204]	train-rmse:0.377028+0.001016	test-rmse:0.377049+0.004349 
[205]	train-rmse:0.377003+0.001024	test-rmse:0.377024+0.004337 
[206]	train-rmse:0.377002+0.001024	test-rmse:0.377023+0.004337 
[207]	train-rmse:0.376965+0.001017	test-rmse:0.376986+0.004333 
[208]	train-rmse:0.376952+0.001023	test-rmse:0.376973+0.004339 
[209]	train-rmse:0.376914+0.001004	test-rmse:0.376936+0.004364 
[210]	train-rmse:0.376876+0.000977	test-rmse:0.376899+0.004380 
[211]	train-rmse:0.376851+0.000995	test-rmse:0.376875+0.004357 
[212]	train-rmse:0.376827+0.000981	test-rmse:0.376851+0.004362 
[213]	train-rmse:0.376801+0.000967	test-rmse:0.376826+0.004366 
[214]	train-rmse:0.376764+0.000960	test-rmse:0.376790+0.004362 
[215]	train-rmse:0.376738+0.000968	test-rmse:0.376765+0.004351 
[216]	train-rmse:0.376700+0.000980	test-rmse:0.376727+0.004340 
[217]	train-rmse:0.376662+0.000954	test-rmse:0.376690+0.004357 
[218]	train-rmse:0.376625+0.000960	test-rmse:0.376654+0.004340 
[219]	train-rmse:0.376588+0.000969	test-rmse:0.376617+0.004327 
[220]	train-rmse:0.376574+0.000955	test-rmse:0.376605+0.004334 
[221]	train-rmse:0.376549+0.000944	test-rmse:0.376580+0.004345 
[222]	train-rmse:0.376535+0.000929	test-rmse:0.376567+0.004352 
[223]	train-rmse:0.376485+0.000909	test-rmse:0.376517+0.004374 
[224]	train-rmse:0.376461+0.000896	test-rmse:0.376494+0.004380 
[225]	train-rmse:0.376448+0.000898	test-rmse:0.376481+0.004378 
[226]	train-rmse:0.376435+0.000902	test-rmse:0.376468+0.004384 
[227]	train-rmse:0.376409+0.000876	test-rmse:0.376443+0.004403 
[228]	train-rmse:0.376396+0.000864	test-rmse:0.376430+0.004415 
[229]	train-rmse:0.376346+0.000863	test-rmse:0.376380+0.004417 
[230]	train-rmse:0.376333+0.000883	test-rmse:0.376368+0.004394 
[231]	train-rmse:0.376320+0.000870	test-rmse:0.376355+0.004401 
[232]	train-rmse:0.376282+0.000861	test-rmse:0.376319+0.004412 
[233]	train-rmse:0.376233+0.000861	test-rmse:0.376270+0.004414 
[234]	train-rmse:0.376232+0.000861	test-rmse:0.376269+0.004414 
[235]	train-rmse:0.376183+0.000857	test-rmse:0.376222+0.004408 
[236]	train-rmse:0.376159+0.000881	test-rmse:0.376197+0.004392 
[237]	train-rmse:0.376121+0.000894	test-rmse:0.376160+0.004382 
[238]	train-rmse:0.376108+0.000882	test-rmse:0.376147+0.004389 
[239]	train-rmse:0.376096+0.000881	test-rmse:0.376135+0.004388 
[240]	train-rmse:0.376083+0.000868	test-rmse:0.376122+0.004399 
[241]	train-rmse:0.376070+0.000856	test-rmse:0.376109+0.004411 
[242]	train-rmse:0.376045+0.000848	test-rmse:0.376085+0.004424 
[243]	train-rmse:0.376032+0.000847	test-rmse:0.376072+0.004422 
[244]	train-rmse:0.376007+0.000835	test-rmse:0.376047+0.004432 
[245]	train-rmse:0.375982+0.000842	test-rmse:0.376024+0.004417 
[246]	train-rmse:0.375982+0.000842	test-rmse:0.376023+0.004417 
[247]	train-rmse:0.375945+0.000835	test-rmse:0.375988+0.004428 
[248]	train-rmse:0.375908+0.000810	test-rmse:0.375951+0.004446 
[249]	train-rmse:0.375895+0.000814	test-rmse:0.375938+0.004451 
[250]	train-rmse:0.375883+0.000818	test-rmse:0.375925+0.004456 
[251]	train-rmse:0.375859+0.000838	test-rmse:0.375901+0.004433 
[252]	train-rmse:0.375823+0.000813	test-rmse:0.375866+0.004450 
[253]	train-rmse:0.375810+0.000833	test-rmse:0.375854+0.004428 
[254]	train-rmse:0.375773+0.000846	test-rmse:0.375817+0.004418 
[255]	train-rmse:0.375760+0.000847	test-rmse:0.375804+0.004416 
[256]	train-rmse:0.375722+0.000857	test-rmse:0.375766+0.004411 
[257]	train-rmse:0.375697+0.000850	test-rmse:0.375742+0.004423 
[258]	train-rmse:0.375672+0.000825	test-rmse:0.375717+0.004442 
[259]	train-rmse:0.375648+0.000801	test-rmse:0.375694+0.004460 
[260]	train-rmse:0.375623+0.000812	test-rmse:0.375670+0.004444 
[261]	train-rmse:0.375585+0.000821	test-rmse:0.375633+0.004427 
[262]	train-rmse:0.375573+0.000842	test-rmse:0.375621+0.004406 
[263]	train-rmse:0.375548+0.000831	test-rmse:0.375596+0.004422 
[264]	train-rmse:0.375523+0.000825	test-rmse:0.375571+0.004436 
[265]	train-rmse:0.375497+0.000820	test-rmse:0.375546+0.004449 
[266]	train-rmse:0.375472+0.000803	test-rmse:0.375521+0.004458 
[267]	train-rmse:0.375434+0.000815	test-rmse:0.375483+0.004452 
[268]	train-rmse:0.375397+0.000805	test-rmse:0.375445+0.004467 
[269]	train-rmse:0.375372+0.000790	test-rmse:0.375421+0.004477 
[270]	train-rmse:0.375336+0.000781	test-rmse:0.375384+0.004492 
[271]	train-rmse:0.375311+0.000768	test-rmse:0.375360+0.004502 
[272]	train-rmse:0.375286+0.000776	test-rmse:0.375335+0.004491 
[273]	train-rmse:0.375248+0.000784	test-rmse:0.375298+0.004473 
[274]	train-rmse:0.375248+0.000784	test-rmse:0.375298+0.004473 
[275]	train-rmse:0.375235+0.000804	test-rmse:0.375285+0.004450 
[276]	train-rmse:0.375211+0.000812	test-rmse:0.375260+0.004441 
[277]	train-rmse:0.375173+0.000802	test-rmse:0.375223+0.004452 
[278]	train-rmse:0.375137+0.000814	test-rmse:0.375187+0.004442 
[279]	train-rmse:0.375111+0.000818	test-rmse:0.375162+0.004446 
[280]	train-rmse:0.375075+0.000793	test-rmse:0.375126+0.004463 
[281]	train-rmse:0.375050+0.000817	test-rmse:0.375102+0.004446 
[282]	train-rmse:0.375013+0.000842	test-rmse:0.375064+0.004427 
[283]	train-rmse:0.374951+0.000842	test-rmse:0.375002+0.004427 
[284]	train-rmse:0.374939+0.000842	test-rmse:0.374990+0.004426 
[285]	train-rmse:0.374914+0.000835	test-rmse:0.374966+0.004438 
[286]	train-rmse:0.374914+0.000835	test-rmse:0.374966+0.004438 
[287]	train-rmse:0.374877+0.000843	test-rmse:0.374930+0.004422 
[288]	train-rmse:0.374852+0.000837	test-rmse:0.374905+0.004435 
[289]	train-rmse:0.374851+0.000837	test-rmse:0.374905+0.004435 
[290]	train-rmse:0.374826+0.000862	test-rmse:0.374880+0.004419 
[291]	train-rmse:0.374789+0.000857	test-rmse:0.374844+0.004414 
[292]	train-rmse:0.374764+0.000852	test-rmse:0.374819+0.004427 
[293]	train-rmse:0.374728+0.000843	test-rmse:0.374783+0.004442 
[294]	train-rmse:0.374691+0.000838	test-rmse:0.374746+0.004453 
[295]	train-rmse:0.374691+0.000838	test-rmse:0.374746+0.004453 
[296]	train-rmse:0.374666+0.000827	test-rmse:0.374722+0.004459 
[297]	train-rmse:0.374665+0.000828	test-rmse:0.374722+0.004459 
[298]	train-rmse:0.374641+0.000819	test-rmse:0.374697+0.004476 
[299]	train-rmse:0.374592+0.000830	test-rmse:0.374648+0.004468 
[300]	train-rmse:0.374591+0.000830	test-rmse:0.374647+0.004468 
[301]	train-rmse:0.374555+0.000826	test-rmse:0.374611+0.004480 
[302]	train-rmse:0.374519+0.000819	test-rmse:0.374575+0.004496 
[303]	train-rmse:0.374484+0.000817	test-rmse:0.374541+0.004507 
[304]	train-rmse:0.374471+0.000835	test-rmse:0.374528+0.004483 
[305]	train-rmse:0.374446+0.000827	test-rmse:0.374503+0.004501 
[306]	train-rmse:0.374396+0.000827	test-rmse:0.374454+0.004502 
[307]	train-rmse:0.374347+0.000827	test-rmse:0.374405+0.004503 
[308]	train-rmse:0.374322+0.000812	test-rmse:0.374380+0.004513 
[309]	train-rmse:0.374297+0.000800	test-rmse:0.374356+0.004518 
[310]	train-rmse:0.374260+0.000798	test-rmse:0.374319+0.004530 
[311]	train-rmse:0.374248+0.000788	test-rmse:0.374308+0.004537 
[312]	train-rmse:0.374212+0.000798	test-rmse:0.374271+0.004530 
[313]	train-rmse:0.374211+0.000798	test-rmse:0.374271+0.004530 
[314]	train-rmse:0.374162+0.000798	test-rmse:0.374223+0.004533 
[315]	train-rmse:0.374137+0.000772	test-rmse:0.374198+0.004551 
[316]	train-rmse:0.374124+0.000757	test-rmse:0.374186+0.004562 
[317]	train-rmse:0.374087+0.000773	test-rmse:0.374149+0.004552 
[318]	train-rmse:0.374074+0.000758	test-rmse:0.374136+0.004563 
[319]	train-rmse:0.374049+0.000741	test-rmse:0.374111+0.004573 
[320]	train-rmse:0.374025+0.000727	test-rmse:0.374087+0.004582 
[321]	train-rmse:0.374001+0.000732	test-rmse:0.374063+0.004570 
[322]	train-rmse:0.373963+0.000705	test-rmse:0.374027+0.004587 
[323]	train-rmse:0.373963+0.000705	test-rmse:0.374026+0.004587 
[324]	train-rmse:0.373951+0.000704	test-rmse:0.374014+0.004585 
[325]	train-rmse:0.373938+0.000692	test-rmse:0.374002+0.004592 
[326]	train-rmse:0.373913+0.000680	test-rmse:0.373978+0.004598 
[327]	train-rmse:0.373877+0.000704	test-rmse:0.373942+0.004581 
[328]	train-rmse:0.373852+0.000712	test-rmse:0.373918+0.004565 
[329]	train-rmse:0.373852+0.000712	test-rmse:0.373917+0.004565 
[330]	train-rmse:0.373839+0.000702	test-rmse:0.373905+0.004572 
[331]	train-rmse:0.373790+0.000717	test-rmse:0.373858+0.004562 
[332]	train-rmse:0.373766+0.000727	test-rmse:0.373835+0.004546 
[333]	train-rmse:0.373754+0.000712	test-rmse:0.373822+0.004557 
[334]	train-rmse:0.373729+0.000688	test-rmse:0.373799+0.004575 
[335]	train-rmse:0.373705+0.000705	test-rmse:0.373775+0.004552 
[336]	train-rmse:0.373693+0.000725	test-rmse:0.373763+0.004530 
[337]	train-rmse:0.373643+0.000725	test-rmse:0.373714+0.004533 
[338]	train-rmse:0.373618+0.000737	test-rmse:0.373690+0.004517 
[339]	train-rmse:0.373593+0.000713	test-rmse:0.373666+0.004536 
[340]	train-rmse:0.373544+0.000708	test-rmse:0.373617+0.004531 
[341]	train-rmse:0.373507+0.000690	test-rmse:0.373582+0.004555 
[342]	train-rmse:0.373483+0.000680	test-rmse:0.373557+0.004572 
[343]	train-rmse:0.373458+0.000693	test-rmse:0.373532+0.004557 
[344]	train-rmse:0.373433+0.000672	test-rmse:0.373508+0.004576 
[345]	train-rmse:0.373409+0.000652	test-rmse:0.373485+0.004594 
[346]	train-rmse:0.373397+0.000648	test-rmse:0.373474+0.004593 
[347]	train-rmse:0.373373+0.000648	test-rmse:0.373449+0.004596 
[348]	train-rmse:0.373361+0.000645	test-rmse:0.373436+0.004594 
[349]	train-rmse:0.373360+0.000645	test-rmse:0.373436+0.004594 
[350]	train-rmse:0.373348+0.000630	test-rmse:0.373424+0.004605 
[351]	train-rmse:0.373336+0.000634	test-rmse:0.373411+0.004610 
[352]	train-rmse:0.373311+0.000612	test-rmse:0.373387+0.004629 
[353]	train-rmse:0.373287+0.000591	test-rmse:0.373364+0.004648 
[354]	train-rmse:0.373263+0.000616	test-rmse:0.373339+0.004631 
[355]	train-rmse:0.373214+0.000621	test-rmse:0.373290+0.004632 
[356]	train-rmse:0.373165+0.000617	test-rmse:0.373243+0.004626 
[357]	train-rmse:0.373153+0.000639	test-rmse:0.373230+0.004603 
[358]	train-rmse:0.373104+0.000646	test-rmse:0.373181+0.004595 
[359]	train-rmse:0.373080+0.000671	test-rmse:0.373156+0.004578 
[360]	train-rmse:0.373079+0.000671	test-rmse:0.373156+0.004578 
[361]	train-rmse:0.373042+0.000663	test-rmse:0.373120+0.004589 
[362]	train-rmse:0.373042+0.000663	test-rmse:0.373119+0.004589 
[363]	train-rmse:0.373017+0.000678	test-rmse:0.373095+0.004574 
[364]	train-rmse:0.373017+0.000678	test-rmse:0.373095+0.004574 
[365]	train-rmse:0.372992+0.000694	test-rmse:0.373071+0.004550 
[366]	train-rmse:0.372957+0.000704	test-rmse:0.373035+0.004545 
[367]	train-rmse:0.372920+0.000714	test-rmse:0.372999+0.004529 
[368]	train-rmse:0.372896+0.000739	test-rmse:0.372974+0.004512 
[369]	train-rmse:0.372883+0.000760	test-rmse:0.372962+0.004489 
[370]	train-rmse:0.372858+0.000769	test-rmse:0.372937+0.004478 
[371]	train-rmse:0.372822+0.000787	test-rmse:0.372901+0.004468 
[372]	train-rmse:0.372797+0.000769	test-rmse:0.372877+0.004477 
[373]	train-rmse:0.372761+0.000779	test-rmse:0.372841+0.004460 
[374]	train-rmse:0.372724+0.000761	test-rmse:0.372805+0.004485 
[375]	train-rmse:0.372711+0.000756	test-rmse:0.372792+0.004483 
[376]	train-rmse:0.372699+0.000750	test-rmse:0.372780+0.004490 
[377]	train-rmse:0.372663+0.000734	test-rmse:0.372744+0.004505 
[378]	train-rmse:0.372650+0.000721	test-rmse:0.372731+0.004516 
[379]	train-rmse:0.372638+0.000743	test-rmse:0.372719+0.004494 
[380]	train-rmse:0.372625+0.000745	test-rmse:0.372706+0.004499 
[381]	train-rmse:0.372578+0.000751	test-rmse:0.372659+0.004493 
[382]	train-rmse:0.372530+0.000756	test-rmse:0.372612+0.004495 
[383]	train-rmse:0.372506+0.000765	test-rmse:0.372588+0.004485 
[384]	train-rmse:0.372494+0.000760	test-rmse:0.372576+0.004482 
[385]	train-rmse:0.372469+0.000747	test-rmse:0.372551+0.004488 
[386]	train-rmse:0.372458+0.000767	test-rmse:0.372540+0.004468 
[387]	train-rmse:0.372446+0.000763	test-rmse:0.372528+0.004466 
[388]	train-rmse:0.372421+0.000773	test-rmse:0.372504+0.004455 
[389]	train-rmse:0.372408+0.000795	test-rmse:0.372491+0.004433 
[390]	train-rmse:0.372396+0.000792	test-rmse:0.372479+0.004430 
[391]	train-rmse:0.372372+0.000801	test-rmse:0.372455+0.004421 
[392]	train-rmse:0.372347+0.000816	test-rmse:0.372431+0.004406 
[393]	train-rmse:0.372335+0.000804	test-rmse:0.372418+0.004417 
[394]	train-rmse:0.372310+0.000797	test-rmse:0.372394+0.004430 
[395]	train-rmse:0.372261+0.000774	test-rmse:0.372345+0.004452 
[396]	train-rmse:0.372248+0.000770	test-rmse:0.372333+0.004450 
[397]	train-rmse:0.372236+0.000763	test-rmse:0.372321+0.004457 
[398]	train-rmse:0.372211+0.000781	test-rmse:0.372296+0.004433 
[399]	train-rmse:0.372163+0.000759	test-rmse:0.372248+0.004455 
[400]	train-rmse:0.372163+0.000759	test-rmse:0.372248+0.004455 
[401]	train-rmse:0.372127+0.000775	test-rmse:0.372213+0.004445 
[402]	train-rmse:0.372103+0.000799	test-rmse:0.372188+0.004427 
[403]	train-rmse:0.372066+0.000816	test-rmse:0.372152+0.004419 
[404]	train-rmse:0.372054+0.000811	test-rmse:0.372139+0.004417 
[405]	train-rmse:0.372006+0.000817	test-rmse:0.372092+0.004418 
[406]	train-rmse:0.371995+0.000837	test-rmse:0.372081+0.004398 
[407]	train-rmse:0.371982+0.000824	test-rmse:0.372068+0.004410 
[408]	train-rmse:0.371957+0.000819	test-rmse:0.372044+0.004423 
[409]	train-rmse:0.371945+0.000821	test-rmse:0.372031+0.004428 
[410]	train-rmse:0.371921+0.000819	test-rmse:0.372007+0.004431 
[411]	train-rmse:0.371897+0.000836	test-rmse:0.371983+0.004407 
[412]	train-rmse:0.371885+0.000823	test-rmse:0.371970+0.004418 
[413]	train-rmse:0.371872+0.000845	test-rmse:0.371958+0.004396 
[414]	train-rmse:0.371848+0.000860	test-rmse:0.371935+0.004381 
[415]	train-rmse:0.371811+0.000852	test-rmse:0.371899+0.004392 
[416]	train-rmse:0.371799+0.000847	test-rmse:0.371886+0.004389 
[417]	train-rmse:0.371799+0.000847	test-rmse:0.371886+0.004389 
[418]	train-rmse:0.371774+0.000844	test-rmse:0.371862+0.004402 
[419]	train-rmse:0.371726+0.000858	test-rmse:0.371814+0.004392 
[420]	train-rmse:0.371701+0.000882	test-rmse:0.371789+0.004375 
[421]	train-rmse:0.371666+0.000876	test-rmse:0.371753+0.004387 
[422]	train-rmse:0.371665+0.000876	test-rmse:0.371753+0.004387 
[423]	train-rmse:0.371653+0.000873	test-rmse:0.371741+0.004385 
[424]	train-rmse:0.371617+0.000875	test-rmse:0.371705+0.004371 
[425]	train-rmse:0.371592+0.000854	test-rmse:0.371681+0.004390 
[426]	train-rmse:0.371556+0.000855	test-rmse:0.371646+0.004386 
[427]	train-rmse:0.371520+0.000867	test-rmse:0.371611+0.004370 
[428]	train-rmse:0.371485+0.000885	test-rmse:0.371576+0.004354 
[429]	train-rmse:0.371473+0.000880	test-rmse:0.371564+0.004361 
[430]	train-rmse:0.371461+0.000901	test-rmse:0.371553+0.004340 
[431]	train-rmse:0.371448+0.000897	test-rmse:0.371540+0.004348 
[432]	train-rmse:0.371435+0.000898	test-rmse:0.371527+0.004354 
[433]	train-rmse:0.371399+0.000913	test-rmse:0.371492+0.004336 
[434]	train-rmse:0.371363+0.000908	test-rmse:0.371457+0.004347 
[435]	train-rmse:0.371326+0.000890	test-rmse:0.371421+0.004372 
[436]	train-rmse:0.371314+0.000911	test-rmse:0.371409+0.004350 
[437]	train-rmse:0.371290+0.000927	test-rmse:0.371385+0.004326 
[438]	train-rmse:0.371278+0.000949	test-rmse:0.371373+0.004304 
[439]	train-rmse:0.371242+0.000967	test-rmse:0.371337+0.004296 
[440]	train-rmse:0.371217+0.000985	test-rmse:0.371313+0.004272 
[441]	train-rmse:0.371204+0.000968	test-rmse:0.371300+0.004283 
[442]	train-rmse:0.371192+0.000970	test-rmse:0.371288+0.004289 
[443]	train-rmse:0.371168+0.000969	test-rmse:0.371263+0.004293 
[444]	train-rmse:0.371144+0.000963	test-rmse:0.371240+0.004298 
[445]	train-rmse:0.371108+0.000964	test-rmse:0.371205+0.004285 
[446]	train-rmse:0.371108+0.000964	test-rmse:0.371204+0.004285 
[447]	train-rmse:0.371085+0.000968	test-rmse:0.371181+0.004275 
[448]	train-rmse:0.371060+0.000950	test-rmse:0.371156+0.004284 
[449]	train-rmse:0.371024+0.000956	test-rmse:0.371121+0.004278 
[450]	train-rmse:0.371011+0.000951	test-rmse:0.371108+0.004286 
[451]	train-rmse:0.370975+0.000929	test-rmse:0.371073+0.004303 
[452]	train-rmse:0.370974+0.000929	test-rmse:0.371072+0.004303 
[453]	train-rmse:0.370962+0.000930	test-rmse:0.371060+0.004308 
[454]	train-rmse:0.370962+0.000930	test-rmse:0.371060+0.004308 
[455]	train-rmse:0.370925+0.000931	test-rmse:0.371024+0.004306 
[456]	train-rmse:0.370913+0.000927	test-rmse:0.371012+0.004314 
[457]	train-rmse:0.370889+0.000946	test-rmse:0.370990+0.004299 
[458]	train-rmse:0.370841+0.000950	test-rmse:0.370942+0.004300 
[459]	train-rmse:0.370817+0.000947	test-rmse:0.370918+0.004303 
[460]	train-rmse:0.370782+0.000962	test-rmse:0.370883+0.004286 
[461]	train-rmse:0.370769+0.000947	test-rmse:0.370871+0.004297 
[462]	train-rmse:0.370744+0.000929	test-rmse:0.370848+0.004316 
[463]	train-rmse:0.370721+0.000934	test-rmse:0.370824+0.004306 
[464]	train-rmse:0.370696+0.000941	test-rmse:0.370800+0.004295 
[465]	train-rmse:0.370672+0.000927	test-rmse:0.370775+0.004311 
[466]	train-rmse:0.370660+0.000927	test-rmse:0.370762+0.004317 
[467]	train-rmse:0.370625+0.000946	test-rmse:0.370728+0.004307 
[468]	train-rmse:0.370625+0.000946	test-rmse:0.370727+0.004307 
[469]	train-rmse:0.370601+0.000929	test-rmse:0.370705+0.004326 
[470]	train-rmse:0.370576+0.000913	test-rmse:0.370681+0.004345 
[471]	train-rmse:0.370553+0.000908	test-rmse:0.370657+0.004348 
[472]	train-rmse:0.370529+0.000929	test-rmse:0.370633+0.004333 
[473]	train-rmse:0.370493+0.000922	test-rmse:0.370597+0.004343 
[474]	train-rmse:0.370458+0.000943	test-rmse:0.370562+0.004334 
[475]	train-rmse:0.370433+0.000942	test-rmse:0.370538+0.004348 
[476]	train-rmse:0.370399+0.000957	test-rmse:0.370503+0.004332 
[477]	train-rmse:0.370352+0.000973	test-rmse:0.370457+0.004322 
[478]	train-rmse:0.370328+0.000988	test-rmse:0.370433+0.004297 
[479]	train-rmse:0.370304+0.001003	test-rmse:0.370410+0.004274 
[480]	train-rmse:0.370304+0.001003	test-rmse:0.370409+0.004274 
[481]	train-rmse:0.370292+0.001006	test-rmse:0.370397+0.004280 
[482]	train-rmse:0.370256+0.001019	test-rmse:0.370363+0.004263 
[483]	train-rmse:0.370244+0.001040	test-rmse:0.370351+0.004241 
[484]	train-rmse:0.370220+0.001045	test-rmse:0.370327+0.004231 
[485]	train-rmse:0.370196+0.001063	test-rmse:0.370304+0.004217 
[486]	train-rmse:0.370184+0.001064	test-rmse:0.370292+0.004223 
[487]	train-rmse:0.370172+0.001062	test-rmse:0.370280+0.004231 
[488]	train-rmse:0.370148+0.001059	test-rmse:0.370256+0.004234 
[489]	train-rmse:0.370148+0.001059	test-rmse:0.370256+0.004234 
[490]	train-rmse:0.370124+0.001045	test-rmse:0.370231+0.004251 
[491]	train-rmse:0.370111+0.001067	test-rmse:0.370219+0.004229 
[492]	train-rmse:0.370076+0.001086	test-rmse:0.370185+0.004223 
[493]	train-rmse:0.370052+0.001109	test-rmse:0.370161+0.004208 
[494]	train-rmse:0.370040+0.001093	test-rmse:0.370149+0.004218 
[495]	train-rmse:0.370016+0.001072	test-rmse:0.370124+0.004226 
[496]	train-rmse:0.370016+0.001072	test-rmse:0.370124+0.004226 
[497]	train-rmse:0.370015+0.001072	test-rmse:0.370124+0.004226 
[498]	train-rmse:0.370003+0.001070	test-rmse:0.370112+0.004234 
[499]	train-rmse:0.369991+0.001064	test-rmse:0.370100+0.004231 
[500]	train-rmse:0.369945+0.001044	test-rmse:0.370055+0.004252 
[501]	train-rmse:0.369945+0.001044	test-rmse:0.370055+0.004252 
[502]	train-rmse:0.369944+0.001044	test-rmse:0.370054+0.004252 
[503]	train-rmse:0.369896+0.001049	test-rmse:0.370007+0.004255 
[504]	train-rmse:0.369872+0.001072	test-rmse:0.369983+0.004240 
[505]	train-rmse:0.369860+0.001057	test-rmse:0.369971+0.004250 
[506]	train-rmse:0.369860+0.001057	test-rmse:0.369970+0.004250 
[507]	train-rmse:0.369848+0.001061	test-rmse:0.369958+0.004257 
[508]	train-rmse:0.369837+0.001080	test-rmse:0.369946+0.004236 
[509]	train-rmse:0.369824+0.001077	test-rmse:0.369935+0.004244 
[510]	train-rmse:0.369800+0.001092	test-rmse:0.369911+0.004219 
[511]	train-rmse:0.369777+0.001090	test-rmse:0.369887+0.004223 
[512]	train-rmse:0.369776+0.001090	test-rmse:0.369887+0.004223 
[513]	train-rmse:0.369752+0.001069	test-rmse:0.369863+0.004230 
[514]	train-rmse:0.369729+0.001086	test-rmse:0.369840+0.004216 
[515]	train-rmse:0.369716+0.001084	test-rmse:0.369829+0.004224 
[516]	train-rmse:0.369680+0.001087	test-rmse:0.369794+0.004221 
[517]	train-rmse:0.369656+0.001105	test-rmse:0.369771+0.004208 
[518]	train-rmse:0.369620+0.001086	test-rmse:0.369734+0.004222 
[519]	train-rmse:0.369609+0.001084	test-rmse:0.369724+0.004229 
[520]	train-rmse:0.369597+0.001105	test-rmse:0.369712+0.004207 
[521]	train-rmse:0.369585+0.001104	test-rmse:0.369701+0.004214 
[522]	train-rmse:0.369549+0.001112	test-rmse:0.369665+0.004209 
[523]	train-rmse:0.369502+0.001114	test-rmse:0.369617+0.004201 
[524]	train-rmse:0.369466+0.001122	test-rmse:0.369581+0.004196 
[525]	train-rmse:0.369431+0.001104	test-rmse:0.369546+0.004210 
[526]	train-rmse:0.369395+0.001114	test-rmse:0.369509+0.004205 
[527]	train-rmse:0.369383+0.001117	test-rmse:0.369497+0.004211 
[528]	train-rmse:0.369383+0.001117	test-rmse:0.369497+0.004211 
[529]	train-rmse:0.369383+0.001117	test-rmse:0.369496+0.004211 
[530]	train-rmse:0.369347+0.001093	test-rmse:0.369462+0.004227 
[531]	train-rmse:0.369323+0.001072	test-rmse:0.369438+0.004235 
[532]	train-rmse:0.369288+0.001083	test-rmse:0.369402+0.004229 
[533]	train-rmse:0.369263+0.001083	test-rmse:0.369378+0.004244 
[534]	train-rmse:0.369227+0.001069	test-rmse:0.369342+0.004269 
[535]	train-rmse:0.369227+0.001069	test-rmse:0.369342+0.004269 
[536]	train-rmse:0.369204+0.001075	test-rmse:0.369319+0.004260 
[537]	train-rmse:0.369180+0.001071	test-rmse:0.369295+0.004262 
[538]	train-rmse:0.369133+0.001050	test-rmse:0.369249+0.004284 
[539]	train-rmse:0.369074+0.001049	test-rmse:0.369190+0.004285 
[540]	train-rmse:0.369050+0.001074	test-rmse:0.369166+0.004269 
[541]	train-rmse:0.369027+0.001075	test-rmse:0.369143+0.004283 
[542]	train-rmse:0.369002+0.001092	test-rmse:0.369120+0.004269 
[543]	train-rmse:0.368980+0.001102	test-rmse:0.369098+0.004247 
[544]	train-rmse:0.368980+0.001102	test-rmse:0.369098+0.004247 
[545]	train-rmse:0.368968+0.001106	test-rmse:0.369086+0.004254 
[546]	train-rmse:0.368956+0.001127	test-rmse:0.369074+0.004233 
[547]	train-rmse:0.368944+0.001119	test-rmse:0.369061+0.004229 
[548]	train-rmse:0.368898+0.001132	test-rmse:0.369016+0.004219 
[549]	train-rmse:0.368886+0.001125	test-rmse:0.369004+0.004216 
[550]	train-rmse:0.368885+0.001125	test-rmse:0.369004+0.004216 
[551]	train-rmse:0.368885+0.001125	test-rmse:0.369004+0.004216 
[552]	train-rmse:0.368849+0.001120	test-rmse:0.368969+0.004227 
[553]	train-rmse:0.368826+0.001124	test-rmse:0.368946+0.004217 
[554]	train-rmse:0.368802+0.001130	test-rmse:0.368923+0.004207 
[555]	train-rmse:0.368755+0.001132	test-rmse:0.368875+0.004201 
[556]	train-rmse:0.368732+0.001157	test-rmse:0.368851+0.004187 
[557]	train-rmse:0.368708+0.001155	test-rmse:0.368827+0.004190 
[558]	train-rmse:0.368696+0.001175	test-rmse:0.368815+0.004168 
[559]	train-rmse:0.368660+0.001175	test-rmse:0.368780+0.004155 
[560]	train-rmse:0.368648+0.001161	test-rmse:0.368767+0.004165 
[561]	train-rmse:0.368612+0.001171	test-rmse:0.368732+0.004148 
[562]	train-rmse:0.368588+0.001161	test-rmse:0.368708+0.004166 
[563]	train-rmse:0.368552+0.001145	test-rmse:0.368672+0.004180 
[564]	train-rmse:0.368530+0.001150	test-rmse:0.368649+0.004171 
[565]	train-rmse:0.368518+0.001137	test-rmse:0.368637+0.004182 
[566]	train-rmse:0.368505+0.001158	test-rmse:0.368625+0.004161 
[567]	train-rmse:0.368470+0.001150	test-rmse:0.368591+0.004172 
[568]	train-rmse:0.368434+0.001125	test-rmse:0.368556+0.004186 
[569]	train-rmse:0.368411+0.001140	test-rmse:0.368533+0.004173 
[570]	train-rmse:0.368389+0.001149	test-rmse:0.368511+0.004162 
[571]	train-rmse:0.368365+0.001164	test-rmse:0.368488+0.004148 
[572]	train-rmse:0.368354+0.001183	test-rmse:0.368477+0.004128 
[573]	train-rmse:0.368330+0.001172	test-rmse:0.368453+0.004132 
[574]	train-rmse:0.368307+0.001196	test-rmse:0.368430+0.004118 
[575]	train-rmse:0.368295+0.001199	test-rmse:0.368418+0.004125 
[576]	train-rmse:0.368272+0.001223	test-rmse:0.368394+0.004110 
[577]	train-rmse:0.368235+0.001207	test-rmse:0.368357+0.004125 
[578]	train-rmse:0.368224+0.001227	test-rmse:0.368345+0.004105 
[579]	train-rmse:0.368212+0.001248	test-rmse:0.368334+0.004084 
[580]	train-rmse:0.368188+0.001273	test-rmse:0.368310+0.004070 
[581]	train-rmse:0.368141+0.001279	test-rmse:0.368263+0.004074 
[582]	train-rmse:0.368129+0.001283	test-rmse:0.368251+0.004081 
[583]	train-rmse:0.368106+0.001275	test-rmse:0.368228+0.004099 
[584]	train-rmse:0.368070+0.001262	test-rmse:0.368192+0.004124 
[585]	train-rmse:0.368046+0.001248	test-rmse:0.368169+0.004127 
[586]	train-rmse:0.368011+0.001252	test-rmse:0.368135+0.004123 
[587]	train-rmse:0.367987+0.001277	test-rmse:0.368111+0.004109 
[588]	train-rmse:0.367940+0.001285	test-rmse:0.368065+0.004113 
[589]	train-rmse:0.367905+0.001288	test-rmse:0.368030+0.004111 
[590]	train-rmse:0.367882+0.001272	test-rmse:0.368008+0.004128 
[591]	train-rmse:0.367858+0.001283	test-rmse:0.367984+0.004103 
[592]	train-rmse:0.367847+0.001302	test-rmse:0.367973+0.004084 
[593]	train-rmse:0.367847+0.001302	test-rmse:0.367973+0.004084 
[594]	train-rmse:0.367812+0.001322	test-rmse:0.367938+0.004078 
[595]	train-rmse:0.367799+0.001310	test-rmse:0.367926+0.004089 
[596]	train-rmse:0.367776+0.001322	test-rmse:0.367903+0.004064 
[597]	train-rmse:0.367728+0.001300	test-rmse:0.367855+0.004086 
[598]	train-rmse:0.367716+0.001288	test-rmse:0.367843+0.004097 
[599]	train-rmse:0.367692+0.001298	test-rmse:0.367819+0.004086 
[600]	train-rmse:0.367645+0.001295	test-rmse:0.367773+0.004079 
[601]	train-rmse:0.367610+0.001271	test-rmse:0.367738+0.004093 
[602]	train-rmse:0.367587+0.001256	test-rmse:0.367716+0.004110 
[603]	train-rmse:0.367575+0.001276	test-rmse:0.367705+0.004090 
[604]	train-rmse:0.367540+0.001265	test-rmse:0.367670+0.004100 
[605]	train-rmse:0.367504+0.001285	test-rmse:0.367636+0.004093 
[606]	train-rmse:0.367504+0.001285	test-rmse:0.367636+0.004093 
[607]	train-rmse:0.367481+0.001279	test-rmse:0.367612+0.004096 
[608]	train-rmse:0.367457+0.001304	test-rmse:0.367588+0.004082 
[609]	train-rmse:0.367446+0.001300	test-rmse:0.367578+0.004088 
[610]	train-rmse:0.367422+0.001309	test-rmse:0.367554+0.004079 
[611]	train-rmse:0.367398+0.001319	test-rmse:0.367530+0.004069 
[612]	train-rmse:0.367351+0.001316	test-rmse:0.367484+0.004062 
[613]	train-rmse:0.367339+0.001306	test-rmse:0.367472+0.004058 
[614]	train-rmse:0.367327+0.001328	test-rmse:0.367460+0.004037 
[615]	train-rmse:0.367303+0.001309	test-rmse:0.367437+0.004043 
[616]	train-rmse:0.367268+0.001292	test-rmse:0.367401+0.004057 
[617]	train-rmse:0.367245+0.001302	test-rmse:0.367378+0.004049 
[618]	train-rmse:0.367199+0.001313	test-rmse:0.367332+0.004037 
[619]	train-rmse:0.367175+0.001329	test-rmse:0.367309+0.004023 
[620]	train-rmse:0.367140+0.001313	test-rmse:0.367274+0.004037 
[621]	train-rmse:0.367140+0.001313	test-rmse:0.367274+0.004037 
[622]	train-rmse:0.367105+0.001327	test-rmse:0.367239+0.004034 
[623]	train-rmse:0.367094+0.001322	test-rmse:0.367229+0.004040 
[624]	train-rmse:0.367082+0.001344	test-rmse:0.367217+0.004019 
[625]	train-rmse:0.367082+0.001344	test-rmse:0.367217+0.004019 
[626]	train-rmse:0.367071+0.001346	test-rmse:0.367205+0.004026 
[627]	train-rmse:0.367047+0.001370	test-rmse:0.367181+0.004012 
[628]	train-rmse:0.367047+0.001370	test-rmse:0.367181+0.004012 
[629]	train-rmse:0.367024+0.001355	test-rmse:0.367159+0.004029 
[630]	train-rmse:0.366977+0.001360	test-rmse:0.367112+0.004022 
[631]	train-rmse:0.366941+0.001378	test-rmse:0.367077+0.004016 
[632]	train-rmse:0.366906+0.001398	test-rmse:0.367041+0.004008 
[633]	train-rmse:0.366894+0.001401	test-rmse:0.367029+0.004016 
[634]	train-rmse:0.366870+0.001417	test-rmse:0.367006+0.004003 
[635]	train-rmse:0.366858+0.001408	test-rmse:0.366994+0.003998 
[636]	train-rmse:0.366846+0.001398	test-rmse:0.366983+0.004009 
[637]	train-rmse:0.366823+0.001396	test-rmse:0.366960+0.004022 
[638]	train-rmse:0.366776+0.001391	test-rmse:0.366914+0.004017 
[639]	train-rmse:0.366753+0.001415	test-rmse:0.366891+0.004004 
[640]	train-rmse:0.366730+0.001440	test-rmse:0.366867+0.003990 
[641]	train-rmse:0.366706+0.001426	test-rmse:0.366845+0.003993 
[642]	train-rmse:0.366682+0.001406	test-rmse:0.366821+0.003999 
[643]	train-rmse:0.366670+0.001409	test-rmse:0.366809+0.004007 
[644]	train-rmse:0.366635+0.001411	test-rmse:0.366773+0.003992 
[645]	train-rmse:0.366624+0.001430	test-rmse:0.366763+0.003974 
[646]	train-rmse:0.366612+0.001425	test-rmse:0.366751+0.003981 
[647]	train-rmse:0.366577+0.001439	test-rmse:0.366716+0.003964 
[648]	train-rmse:0.366543+0.001451	test-rmse:0.366682+0.003963 
[649]	train-rmse:0.366531+0.001454	test-rmse:0.366670+0.003971 
[650]	train-rmse:0.366519+0.001475	test-rmse:0.366658+0.003951 
[651]	train-rmse:0.366507+0.001465	test-rmse:0.366646+0.003962 
[652]	train-rmse:0.366484+0.001489	test-rmse:0.366623+0.003949 
[653]	train-rmse:0.366461+0.001475	test-rmse:0.366601+0.003951 
[654]	train-rmse:0.366461+0.001475	test-rmse:0.366600+0.003951 
[655]	train-rmse:0.366426+0.001481	test-rmse:0.366566+0.003948 
[656]	train-rmse:0.366425+0.001481	test-rmse:0.366566+0.003948 
[657]	train-rmse:0.366414+0.001502	test-rmse:0.366554+0.003928 
[658]	train-rmse:0.366413+0.001502	test-rmse:0.366554+0.003928 
[659]	train-rmse:0.366402+0.001497	test-rmse:0.366543+0.003934 
[660]	train-rmse:0.366366+0.001499	test-rmse:0.366508+0.003920 
[661]	train-rmse:0.366355+0.001489	test-rmse:0.366496+0.003931 
[662]	train-rmse:0.366332+0.001483	test-rmse:0.366472+0.003934 
[663]	train-rmse:0.366320+0.001486	test-rmse:0.366460+0.003941 
[664]	train-rmse:0.366308+0.001477	test-rmse:0.366448+0.003936 
[665]	train-rmse:0.366285+0.001475	test-rmse:0.366425+0.003951 
[666]	train-rmse:0.366261+0.001460	test-rmse:0.366403+0.003968 
[667]	train-rmse:0.366249+0.001450	test-rmse:0.366391+0.003979 
[668]	train-rmse:0.366226+0.001443	test-rmse:0.366367+0.003998 
[669]	train-rmse:0.366191+0.001418	test-rmse:0.366333+0.004011 
[670]	train-rmse:0.366144+0.001397	test-rmse:0.366286+0.004031 
[671]	train-rmse:0.366132+0.001392	test-rmse:0.366275+0.004038 
[672]	train-rmse:0.366120+0.001382	test-rmse:0.366263+0.004050 
[673]	train-rmse:0.366120+0.001382	test-rmse:0.366263+0.004050 
[674]	train-rmse:0.366108+0.001372	test-rmse:0.366251+0.004045 
[675]	train-rmse:0.366085+0.001358	test-rmse:0.366229+0.004047 
[676]	train-rmse:0.366061+0.001370	test-rmse:0.366205+0.004021 
[677]	train-rmse:0.366038+0.001368	test-rmse:0.366182+0.004035 
[678]	train-rmse:0.366016+0.001360	test-rmse:0.366160+0.004053 
[679]	train-rmse:0.365993+0.001376	test-rmse:0.366137+0.004039 
[680]	train-rmse:0.365992+0.001376	test-rmse:0.366137+0.004039 
[681]	train-rmse:0.365958+0.001395	test-rmse:0.366103+0.004034 
[682]	train-rmse:0.365946+0.001416	test-rmse:0.366091+0.004013 
[683]	train-rmse:0.365923+0.001410	test-rmse:0.366068+0.004031 
[684]	train-rmse:0.365922+0.001410	test-rmse:0.366068+0.004031 
[685]	train-rmse:0.365899+0.001395	test-rmse:0.366045+0.004033 
[686]	train-rmse:0.365876+0.001406	test-rmse:0.366022+0.004008 
[687]	train-rmse:0.365841+0.001410	test-rmse:0.365988+0.004008 
[688]	train-rmse:0.365806+0.001424	test-rmse:0.365953+0.004006 
[689]	train-rmse:0.365784+0.001423	test-rmse:0.365931+0.004020 
[690]	train-rmse:0.365748+0.001424	test-rmse:0.365896+0.004006 
[691]	train-rmse:0.365724+0.001410	test-rmse:0.365873+0.004007 
[692]	train-rmse:0.365701+0.001420	test-rmse:0.365850+0.003983 
[693]	train-rmse:0.365677+0.001406	test-rmse:0.365827+0.004001 
[694]	train-rmse:0.365665+0.001427	test-rmse:0.365815+0.003980 
[695]	train-rmse:0.365642+0.001451	test-rmse:0.365791+0.003967 
[696]	train-rmse:0.365630+0.001441	test-rmse:0.365779+0.003978 
[697]	train-rmse:0.365607+0.001465	test-rmse:0.365756+0.003966 
[698]	train-rmse:0.365584+0.001458	test-rmse:0.365732+0.003985 
[699]	train-rmse:0.365537+0.001455	test-rmse:0.365686+0.003977 
[700]	train-rmse:0.365514+0.001478	test-rmse:0.365663+0.003965 
[701]	train-rmse:0.365469+0.001474	test-rmse:0.365619+0.003960 
[702]	train-rmse:0.365435+0.001481	test-rmse:0.365586+0.003942 
[703]	train-rmse:0.365412+0.001493	test-rmse:0.365563+0.003934 
[704]	train-rmse:0.365377+0.001495	test-rmse:0.365529+0.003921 
[705]	train-rmse:0.365353+0.001488	test-rmse:0.365505+0.003939 
[706]	train-rmse:0.365318+0.001475	test-rmse:0.365471+0.003948 
[707]	train-rmse:0.365306+0.001466	test-rmse:0.365459+0.003942 
[708]	train-rmse:0.365272+0.001481	test-rmse:0.365424+0.003924 
[709]	train-rmse:0.365237+0.001496	test-rmse:0.365389+0.003906 
[710]	train-rmse:0.365214+0.001519	test-rmse:0.365366+0.003894 
[711]	train-rmse:0.365203+0.001521	test-rmse:0.365354+0.003901 
[712]	train-rmse:0.365145+0.001522	test-rmse:0.365298+0.003900 
[713]	train-rmse:0.365133+0.001525	test-rmse:0.365286+0.003908 
[714]	train-rmse:0.365110+0.001519	test-rmse:0.365262+0.003911 
[715]	train-rmse:0.365087+0.001505	test-rmse:0.365240+0.003912 
[716]	train-rmse:0.365030+0.001504	test-rmse:0.365184+0.003912 
[717]	train-rmse:0.365008+0.001513	test-rmse:0.365161+0.003904 
[718]	train-rmse:0.364985+0.001510	test-rmse:0.365139+0.003918 
[719]	train-rmse:0.364962+0.001492	test-rmse:0.365116+0.003925 
[720]	train-rmse:0.364950+0.001512	test-rmse:0.365104+0.003905 
[721]	train-rmse:0.364927+0.001526	test-rmse:0.365080+0.003878 
[722]	train-rmse:0.364915+0.001529	test-rmse:0.365068+0.003886 
[723]	train-rmse:0.364881+0.001547	test-rmse:0.365034+0.003880 
[724]	train-rmse:0.364858+0.001558	test-rmse:0.365011+0.003872 
[725]	train-rmse:0.364846+0.001561	test-rmse:0.364999+0.003880 
[726]	train-rmse:0.364835+0.001582	test-rmse:0.364988+0.003859 
[727]	train-rmse:0.364811+0.001597	test-rmse:0.364965+0.003846 
[728]	train-rmse:0.364810+0.001597	test-rmse:0.364965+0.003846 
[729]	train-rmse:0.364787+0.001578	test-rmse:0.364941+0.003852 
[730]	train-rmse:0.364752+0.001566	test-rmse:0.364907+0.003877 
[731]	train-rmse:0.364741+0.001570	test-rmse:0.364895+0.003885 
[732]	train-rmse:0.364730+0.001562	test-rmse:0.364884+0.003880 
[733]	train-rmse:0.364730+0.001562	test-rmse:0.364884+0.003880 
[734]	train-rmse:0.364718+0.001583	test-rmse:0.364872+0.003860 
[735]	train-rmse:0.364695+0.001581	test-rmse:0.364849+0.003874 
[736]	train-rmse:0.364648+0.001560	test-rmse:0.364803+0.003893 
[737]	train-rmse:0.364637+0.001551	test-rmse:0.364792+0.003889 
[738]	train-rmse:0.364613+0.001535	test-rmse:0.364769+0.003906 
[739]	train-rmse:0.364601+0.001526	test-rmse:0.364757+0.003901 
[740]	train-rmse:0.364578+0.001508	test-rmse:0.364735+0.003908 
[741]	train-rmse:0.364567+0.001498	test-rmse:0.364723+0.003919 
[742]	train-rmse:0.364555+0.001492	test-rmse:0.364712+0.003925 
[743]	train-rmse:0.364543+0.001487	test-rmse:0.364701+0.003931 
[744]	train-rmse:0.364508+0.001476	test-rmse:0.364667+0.003940 
[745]	train-rmse:0.364474+0.001460	test-rmse:0.364632+0.003955 
[746]	train-rmse:0.364439+0.001436	test-rmse:0.364598+0.003967 
[747]	train-rmse:0.364428+0.001440	test-rmse:0.364586+0.003975 
[748]	train-rmse:0.364392+0.001429	test-rmse:0.364551+0.003984 
[749]	train-rmse:0.364381+0.001449	test-rmse:0.364540+0.003965 
[750]	train-rmse:0.364358+0.001458	test-rmse:0.364516+0.003956 
[751]	train-rmse:0.364358+0.001458	test-rmse:0.364516+0.003956 
[752]	train-rmse:0.364323+0.001474	test-rmse:0.364481+0.003940 
[753]	train-rmse:0.364288+0.001492	test-rmse:0.364446+0.003934 
[754]	train-rmse:0.364253+0.001468	test-rmse:0.364413+0.003947 
[755]	train-rmse:0.364241+0.001463	test-rmse:0.364402+0.003953 
[756]	train-rmse:0.364218+0.001455	test-rmse:0.364378+0.003972 
[757]	train-rmse:0.364194+0.001450	test-rmse:0.364354+0.003975 
[758]	train-rmse:0.364149+0.001454	test-rmse:0.364309+0.003971 
[759]	train-rmse:0.364137+0.001446	test-rmse:0.364297+0.003966 
[760]	train-rmse:0.364102+0.001460	test-rmse:0.364262+0.003964 
[761]	train-rmse:0.364079+0.001470	test-rmse:0.364239+0.003955 
[762]	train-rmse:0.364079+0.001470	test-rmse:0.364239+0.003955 
[763]	train-rmse:0.364055+0.001454	test-rmse:0.364216+0.003972 
[764]	train-rmse:0.364010+0.001432	test-rmse:0.364171+0.003991 
[765]	train-rmse:0.363964+0.001411	test-rmse:0.364125+0.004012 
[766]	train-rmse:0.363952+0.001416	test-rmse:0.364114+0.004020 
[767]	train-rmse:0.363941+0.001406	test-rmse:0.364102+0.004031 
[768]	train-rmse:0.363929+0.001396	test-rmse:0.364091+0.004042 
[769]	train-rmse:0.363906+0.001407	test-rmse:0.364068+0.004033 
[770]	train-rmse:0.363882+0.001391	test-rmse:0.364045+0.004051 
[771]	train-rmse:0.363860+0.001415	test-rmse:0.364022+0.004039 
[772]	train-rmse:0.363836+0.001440	test-rmse:0.363998+0.004027 
[773]	train-rmse:0.363814+0.001437	test-rmse:0.363976+0.004046 
[774]	train-rmse:0.363792+0.001421	test-rmse:0.363955+0.004046 
[775]	train-rmse:0.363757+0.001426	test-rmse:0.363921+0.004027 
[776]	train-rmse:0.363745+0.001420	test-rmse:0.363910+0.004033 
[777]	train-rmse:0.363722+0.001434	test-rmse:0.363887+0.004019 
[778]	train-rmse:0.363699+0.001433	test-rmse:0.363864+0.004033 
[779]	train-rmse:0.363664+0.001439	test-rmse:0.363831+0.004014 
[780]	train-rmse:0.363619+0.001444	test-rmse:0.363785+0.004009 
[781]	train-rmse:0.363585+0.001428	test-rmse:0.363751+0.004023 
[782]	train-rmse:0.363550+0.001417	test-rmse:0.363717+0.004048 
[783]	train-rmse:0.363516+0.001393	test-rmse:0.363683+0.004060 
[784]	train-rmse:0.363494+0.001402	test-rmse:0.363662+0.004052 
[785]	train-rmse:0.363449+0.001397	test-rmse:0.363618+0.004046 
[786]	train-rmse:0.363438+0.001388	test-rmse:0.363607+0.004041 
[787]	train-rmse:0.363438+0.001388	test-rmse:0.363607+0.004041 
[788]	train-rmse:0.363427+0.001379	test-rmse:0.363596+0.004052 
[789]	train-rmse:0.363426+0.001379	test-rmse:0.363595+0.004052 
[790]	train-rmse:0.363404+0.001361	test-rmse:0.363573+0.004059 
[791]	train-rmse:0.363370+0.001349	test-rmse:0.363539+0.004068 
[792]	train-rmse:0.363335+0.001334	test-rmse:0.363505+0.004083 
[793]	train-rmse:0.363301+0.001339	test-rmse:0.363471+0.004080 
[794]	train-rmse:0.363256+0.001334	test-rmse:0.363427+0.004074 
[795]	train-rmse:0.363233+0.001319	test-rmse:0.363405+0.004091 
[796]	train-rmse:0.363211+0.001343	test-rmse:0.363383+0.004079 
[797]	train-rmse:0.363188+0.001341	test-rmse:0.363360+0.004092 
[798]	train-rmse:0.363165+0.001322	test-rmse:0.363337+0.004098 
[799]	train-rmse:0.363154+0.001325	test-rmse:0.363326+0.004106 
[800]	train-rmse:0.363143+0.001316	test-rmse:0.363314+0.004102 
[801]	train-rmse:0.363120+0.001314	test-rmse:0.363292+0.004114 
[802]	train-rmse:0.363085+0.001289	test-rmse:0.363259+0.004128 
[803]	train-rmse:0.363074+0.001293	test-rmse:0.363247+0.004135 
[804]	train-rmse:0.363062+0.001313	test-rmse:0.363236+0.004115 
[805]	train-rmse:0.363050+0.001308	test-rmse:0.363225+0.004121 
[806]	train-rmse:0.363005+0.001319	test-rmse:0.363181+0.004125 
[807]	train-rmse:0.362981+0.001303	test-rmse:0.363157+0.004126 
[808]	train-rmse:0.362959+0.001314	test-rmse:0.363136+0.004102 
[809]	train-rmse:0.362948+0.001318	test-rmse:0.363124+0.004110 
[810]	train-rmse:0.362936+0.001313	test-rmse:0.363113+0.004116 
[811]	train-rmse:0.362912+0.001329	test-rmse:0.363090+0.004101 
[812]	train-rmse:0.362889+0.001340	test-rmse:0.363067+0.004092 
[813]	train-rmse:0.362867+0.001363	test-rmse:0.363045+0.004081 
[814]	train-rmse:0.362843+0.001348	test-rmse:0.363023+0.004082 
[815]	train-rmse:0.362809+0.001354	test-rmse:0.362989+0.004080 
[816]	train-rmse:0.362763+0.001333	test-rmse:0.362944+0.004101 
[817]	train-rmse:0.362729+0.001310	test-rmse:0.362911+0.004113 
[818]	train-rmse:0.362718+0.001331	test-rmse:0.362900+0.004093 
[819]	train-rmse:0.362695+0.001340	test-rmse:0.362878+0.004069 
[820]	train-rmse:0.362673+0.001349	test-rmse:0.362855+0.004062 
[821]	train-rmse:0.362649+0.001335	test-rmse:0.362832+0.004080 
[822]	train-rmse:0.362626+0.001316	test-rmse:0.362809+0.004087 
[823]	train-rmse:0.362626+0.001316	test-rmse:0.362809+0.004087 
[824]	train-rmse:0.362592+0.001330	test-rmse:0.362775+0.004086 
[825]	train-rmse:0.362570+0.001352	test-rmse:0.362753+0.004075 
[826]	train-rmse:0.362558+0.001373	test-rmse:0.362741+0.004055 
[827]	train-rmse:0.362547+0.001394	test-rmse:0.362729+0.004035 
[828]	train-rmse:0.362536+0.001390	test-rmse:0.362719+0.004040 
[829]	train-rmse:0.362524+0.001411	test-rmse:0.362708+0.004020 
[830]	train-rmse:0.362513+0.001402	test-rmse:0.362697+0.004032 
[831]	train-rmse:0.362501+0.001405	test-rmse:0.362685+0.004039 
[832]	train-rmse:0.362457+0.001400	test-rmse:0.362641+0.004033 
[833]	train-rmse:0.362445+0.001392	test-rmse:0.362630+0.004045 
[834]	train-rmse:0.362423+0.001408	test-rmse:0.362608+0.004031 
[835]	train-rmse:0.362399+0.001389	test-rmse:0.362585+0.004038 
[836]	train-rmse:0.362376+0.001387	test-rmse:0.362562+0.004051 
[837]	train-rmse:0.362376+0.001387	test-rmse:0.362562+0.004051 
[838]	train-rmse:0.362376+0.001387	test-rmse:0.362562+0.004051 
[839]	train-rmse:0.362353+0.001378	test-rmse:0.362539+0.004053 
[840]	train-rmse:0.362319+0.001384	test-rmse:0.362507+0.004035 
[841]	train-rmse:0.362297+0.001366	test-rmse:0.362485+0.004041 
[842]	train-rmse:0.362286+0.001387	test-rmse:0.362473+0.004021 
[843]	train-rmse:0.362252+0.001376	test-rmse:0.362440+0.004046 
[844]	train-rmse:0.362230+0.001374	test-rmse:0.362417+0.004059 
[845]	train-rmse:0.362218+0.001394	test-rmse:0.362406+0.004040 
[846]	train-rmse:0.362186+0.001401	test-rmse:0.362375+0.004039 
[847]	train-rmse:0.362175+0.001422	test-rmse:0.362364+0.004019 
[848]	train-rmse:0.362153+0.001411	test-rmse:0.362342+0.004036 
[849]	train-rmse:0.362130+0.001391	test-rmse:0.362319+0.004043 
[850]	train-rmse:0.362118+0.001380	test-rmse:0.362308+0.004038 
[851]	train-rmse:0.362107+0.001401	test-rmse:0.362296+0.004018 
[852]	train-rmse:0.362085+0.001412	test-rmse:0.362275+0.004012 
[853]	train-rmse:0.362074+0.001414	test-rmse:0.362263+0.004019 
[854]	train-rmse:0.362040+0.001432	test-rmse:0.362230+0.004013 
[855]	train-rmse:0.362017+0.001421	test-rmse:0.362208+0.004030 
[856]	train-rmse:0.361994+0.001411	test-rmse:0.362185+0.004032 
[857]	train-rmse:0.361971+0.001397	test-rmse:0.362162+0.004033 
[858]	train-rmse:0.361936+0.001416	test-rmse:0.362129+0.004026 
[859]	train-rmse:0.361901+0.001417	test-rmse:0.362094+0.004013 
[860]	train-rmse:0.361867+0.001427	test-rmse:0.362061+0.004011 
[861]	train-rmse:0.361822+0.001426	test-rmse:0.362017+0.004004 
[862]	train-rmse:0.361800+0.001436	test-rmse:0.361995+0.003980 
[863]	train-rmse:0.361766+0.001450	test-rmse:0.361961+0.003979 
[864]	train-rmse:0.361754+0.001446	test-rmse:0.361950+0.003985 
[865]	train-rmse:0.361709+0.001453	test-rmse:0.361905+0.003974 
[866]	train-rmse:0.361697+0.001442	test-rmse:0.361894+0.003969 
[867]	train-rmse:0.361685+0.001434	test-rmse:0.361882+0.003981 
[868]	train-rmse:0.361651+0.001416	test-rmse:0.361847+0.003995 
[869]	train-rmse:0.361628+0.001408	test-rmse:0.361824+0.004013 
[870]	train-rmse:0.361628+0.001408	test-rmse:0.361824+0.004013 
[871]	train-rmse:0.361605+0.001394	test-rmse:0.361802+0.004014 
[872]	train-rmse:0.361594+0.001395	test-rmse:0.361790+0.004021 
[873]	train-rmse:0.361570+0.001383	test-rmse:0.361768+0.004039 
[874]	train-rmse:0.361525+0.001394	test-rmse:0.361722+0.004044 
[875]	train-rmse:0.361513+0.001395	test-rmse:0.361711+0.004051 
[876]	train-rmse:0.361459+0.001396	test-rmse:0.361656+0.004050 
[877]	train-rmse:0.361447+0.001389	test-rmse:0.361645+0.004062 
[878]	train-rmse:0.361425+0.001370	test-rmse:0.361622+0.004069 
[879]	train-rmse:0.361413+0.001366	test-rmse:0.361611+0.004075 
[880]	train-rmse:0.361367+0.001370	test-rmse:0.361565+0.004068 
[881]	train-rmse:0.361356+0.001390	test-rmse:0.361554+0.004049 
[882]	train-rmse:0.361311+0.001401	test-rmse:0.361509+0.004055 
[883]	train-rmse:0.361289+0.001390	test-rmse:0.361488+0.004072 
[884]	train-rmse:0.361232+0.001390	test-rmse:0.361432+0.004071 
[885]	train-rmse:0.361209+0.001380	test-rmse:0.361410+0.004089 
[886]	train-rmse:0.361198+0.001377	test-rmse:0.361399+0.004095 
[887]	train-rmse:0.361176+0.001398	test-rmse:0.361377+0.004083 
[888]	train-rmse:0.361132+0.001398	test-rmse:0.361335+0.004076 
[889]	train-rmse:0.361109+0.001389	test-rmse:0.361313+0.004093 
[890]	train-rmse:0.361087+0.001411	test-rmse:0.361290+0.004081 
[891]	train-rmse:0.361065+0.001409	test-rmse:0.361268+0.004094 
[892]	train-rmse:0.361042+0.001422	test-rmse:0.361246+0.004088 
[893]	train-rmse:0.361009+0.001431	test-rmse:0.361212+0.004070 
[894]	train-rmse:0.360987+0.001425	test-rmse:0.361190+0.004088 
[895]	train-rmse:0.360965+0.001446	test-rmse:0.361168+0.004077 
[896]	train-rmse:0.360942+0.001460	test-rmse:0.361145+0.004070 
[897]	train-rmse:0.360897+0.001439	test-rmse:0.361100+0.004088 
[898]	train-rmse:0.360885+0.001440	test-rmse:0.361088+0.004096 
[899]	train-rmse:0.360874+0.001442	test-rmse:0.361077+0.004103 
[900]	train-rmse:0.360852+0.001449	test-rmse:0.361055+0.004079 
[901]	train-rmse:0.360851+0.001449	test-rmse:0.361055+0.004079 
[902]	train-rmse:0.360807+0.001452	test-rmse:0.361010+0.004075 
[903]	train-rmse:0.360795+0.001439	test-rmse:0.360998+0.004069 
[904]	train-rmse:0.360773+0.001453	test-rmse:0.360976+0.004062 
[905]	train-rmse:0.360762+0.001473	test-rmse:0.360965+0.004043 
[906]	train-rmse:0.360740+0.001471	test-rmse:0.360943+0.004056 
[907]	train-rmse:0.360728+0.001491	test-rmse:0.360932+0.004037 
[908]	train-rmse:0.360694+0.001493	test-rmse:0.360898+0.004024 
[909]	train-rmse:0.360672+0.001501	test-rmse:0.360876+0.004001 
[910]	train-rmse:0.360661+0.001495	test-rmse:0.360865+0.004012 
[911]	train-rmse:0.360639+0.001516	test-rmse:0.360843+0.004001 
[912]	train-rmse:0.360605+0.001521	test-rmse:0.360809+0.003981 
[913]	train-rmse:0.360605+0.001521	test-rmse:0.360809+0.003981 
[914]	train-rmse:0.360593+0.001522	test-rmse:0.360798+0.003989 
[915]	train-rmse:0.360571+0.001519	test-rmse:0.360775+0.004001 
[916]	train-rmse:0.360559+0.001515	test-rmse:0.360764+0.004007 
[917]	train-rmse:0.360536+0.001505	test-rmse:0.360741+0.004009 
[918]	train-rmse:0.360524+0.001498	test-rmse:0.360730+0.004021 
[919]	train-rmse:0.360513+0.001494	test-rmse:0.360719+0.004026 
[920]	train-rmse:0.360491+0.001516	test-rmse:0.360696+0.004015 
[921]	train-rmse:0.360459+0.001531	test-rmse:0.360664+0.004016 
[922]	train-rmse:0.360426+0.001534	test-rmse:0.360631+0.004001 
[923]	train-rmse:0.360403+0.001516	test-rmse:0.360608+0.004007 
[924]	train-rmse:0.360370+0.001527	test-rmse:0.360575+0.003989 
[925]	train-rmse:0.360347+0.001543	test-rmse:0.360553+0.003975 
[926]	train-rmse:0.360347+0.001543	test-rmse:0.360553+0.003975 
[927]	train-rmse:0.360325+0.001540	test-rmse:0.360530+0.003988 
[928]	train-rmse:0.360291+0.001523	test-rmse:0.360496+0.004002 
[929]	train-rmse:0.360269+0.001513	test-rmse:0.360473+0.004004 
[930]	train-rmse:0.360257+0.001502	test-rmse:0.360462+0.003998 
[931]	train-rmse:0.360246+0.001523	test-rmse:0.360451+0.003979 
[932]	train-rmse:0.360224+0.001520	test-rmse:0.360429+0.003991 
[933]	train-rmse:0.360212+0.001523	test-rmse:0.360417+0.003999 
[934]	train-rmse:0.360190+0.001511	test-rmse:0.360395+0.004016 
[935]	train-rmse:0.360157+0.001520	test-rmse:0.360363+0.004014 
[936]	train-rmse:0.360146+0.001514	test-rmse:0.360352+0.004026 
[937]	train-rmse:0.360113+0.001518	test-rmse:0.360320+0.004007 
[938]	train-rmse:0.360102+0.001512	test-rmse:0.360309+0.004018 
[939]	train-rmse:0.360079+0.001509	test-rmse:0.360287+0.004031 
[940]	train-rmse:0.360045+0.001487	test-rmse:0.360254+0.004042 
[941]	train-rmse:0.360023+0.001471	test-rmse:0.360232+0.004042 
[942]	train-rmse:0.360001+0.001466	test-rmse:0.360209+0.004061 
[943]	train-rmse:0.359989+0.001460	test-rmse:0.360198+0.004073 
[944]	train-rmse:0.359967+0.001451	test-rmse:0.360176+0.004075 
[945]	train-rmse:0.359946+0.001464	test-rmse:0.360154+0.004068 
[946]	train-rmse:0.359934+0.001458	test-rmse:0.360142+0.004081 
[947]	train-rmse:0.359912+0.001448	test-rmse:0.360120+0.004083 
[948]	train-rmse:0.359867+0.001453	test-rmse:0.360075+0.004078 
[949]	train-rmse:0.359855+0.001447	test-rmse:0.360064+0.004090 
[950]	train-rmse:0.359821+0.001424	test-rmse:0.360030+0.004102 
[951]	train-rmse:0.359799+0.001433	test-rmse:0.360008+0.004077 
[952]	train-rmse:0.359799+0.001433	test-rmse:0.360007+0.004077 
[953]	train-rmse:0.359765+0.001436	test-rmse:0.359974+0.004065 
[954]	train-rmse:0.359753+0.001424	test-rmse:0.359962+0.004060 
[955]	train-rmse:0.359720+0.001436	test-rmse:0.359929+0.004042 
[956]	train-rmse:0.359698+0.001458	test-rmse:0.359907+0.004031 
[957]	train-rmse:0.359676+0.001448	test-rmse:0.359884+0.004033 
[958]	train-rmse:0.359665+0.001469	test-rmse:0.359873+0.004014 
[959]	train-rmse:0.359631+0.001446	test-rmse:0.359840+0.004025 
[960]	train-rmse:0.359631+0.001446	test-rmse:0.359840+0.004025 
[961]	train-rmse:0.359608+0.001434	test-rmse:0.359818+0.004042 
[962]	train-rmse:0.359554+0.001434	test-rmse:0.359765+0.004043 
[963]	train-rmse:0.359531+0.001417	test-rmse:0.359742+0.004050 
[964]	train-rmse:0.359507+0.001400	test-rmse:0.359719+0.004050 
[965]	train-rmse:0.359486+0.001396	test-rmse:0.359698+0.004069 
[966]	train-rmse:0.359454+0.001387	test-rmse:0.359666+0.004092 
[967]	train-rmse:0.359443+0.001376	test-rmse:0.359655+0.004087 
[968]	train-rmse:0.359443+0.001376	test-rmse:0.359655+0.004087 
[969]	train-rmse:0.359421+0.001386	test-rmse:0.359633+0.004064 
[970]	train-rmse:0.359376+0.001392	test-rmse:0.359589+0.004051 
[971]	train-rmse:0.359343+0.001406	test-rmse:0.359556+0.004054 
[972]	train-rmse:0.359321+0.001391	test-rmse:0.359534+0.004062 
[973]	train-rmse:0.359299+0.001374	test-rmse:0.359513+0.004061 
[974]	train-rmse:0.359299+0.001374	test-rmse:0.359513+0.004061 
[975]	train-rmse:0.359299+0.001374	test-rmse:0.359512+0.004061 
[976]	train-rmse:0.359265+0.001363	test-rmse:0.359478+0.004086 
[977]	train-rmse:0.359220+0.001342	test-rmse:0.359435+0.004104 
[978]	train-rmse:0.359209+0.001332	test-rmse:0.359424+0.004100 
[979]	train-rmse:0.359198+0.001326	test-rmse:0.359413+0.004112 
[980]	train-rmse:0.359187+0.001346	test-rmse:0.359403+0.004094 
[981]	train-rmse:0.359176+0.001339	test-rmse:0.359391+0.004099 
[982]	train-rmse:0.359165+0.001334	test-rmse:0.359381+0.004111 
[983]	train-rmse:0.359165+0.001334	test-rmse:0.359381+0.004111 
[984]	train-rmse:0.359154+0.001336	test-rmse:0.359369+0.004118 
[985]	train-rmse:0.359131+0.001331	test-rmse:0.359347+0.004130 
[986]	train-rmse:0.359088+0.001338	test-rmse:0.359303+0.004125 
[987]	train-rmse:0.359065+0.001320	test-rmse:0.359281+0.004125 
[988]	train-rmse:0.359021+0.001317	test-rmse:0.359239+0.004119 
[989]	train-rmse:0.358998+0.001312	test-rmse:0.359216+0.004131 
[990]	train-rmse:0.358976+0.001309	test-rmse:0.359194+0.004150 
[991]	train-rmse:0.358965+0.001297	test-rmse:0.359182+0.004145 
[992]	train-rmse:0.358964+0.001297	test-rmse:0.359182+0.004145 
[993]	train-rmse:0.358921+0.001296	test-rmse:0.359140+0.004139 
[994]	train-rmse:0.358910+0.001316	test-rmse:0.359129+0.004120 
[995]	train-rmse:0.358887+0.001312	test-rmse:0.359107+0.004132 
[996]	train-rmse:0.358842+0.001310	test-rmse:0.359063+0.004124 
[997]	train-rmse:0.358831+0.001304	test-rmse:0.359052+0.004136 
[998]	train-rmse:0.358798+0.001315	test-rmse:0.359019+0.004120 
[999]	train-rmse:0.358777+0.001335	test-rmse:0.358997+0.004110 
[1000]	train-rmse:0.358755+0.001350	test-rmse:0.358975+0.004103 
[1001]	train-rmse:0.358721+0.001335	test-rmse:0.358941+0.004117 
[1002]	train-rmse:0.358711+0.001331	test-rmse:0.358931+0.004128 
[1003]	train-rmse:0.358700+0.001333	test-rmse:0.358920+0.004136 
[1004]	train-rmse:0.358678+0.001354	test-rmse:0.358898+0.004125 
[1005]	train-rmse:0.358634+0.001352	test-rmse:0.358854+0.004118 
[1006]	train-rmse:0.358601+0.001342	test-rmse:0.358822+0.004142 
[1007]	train-rmse:0.358568+0.001347	test-rmse:0.358789+0.004130 
[1008]	train-rmse:0.358545+0.001363	test-rmse:0.358766+0.004124 
[1009]	train-rmse:0.358502+0.001374	test-rmse:0.358724+0.004128 
[1010]	train-rmse:0.358480+0.001397	test-rmse:0.358701+0.004116 
[1011]	train-rmse:0.358469+0.001386	test-rmse:0.358690+0.004111 
[1012]	train-rmse:0.358469+0.001386	test-rmse:0.358690+0.004111 
[1013]	train-rmse:0.358447+0.001377	test-rmse:0.358668+0.004114 
[1014]	train-rmse:0.358435+0.001373	test-rmse:0.358657+0.004127 
[1015]	train-rmse:0.358425+0.001369	test-rmse:0.358646+0.004138 
[1016]	train-rmse:0.358413+0.001362	test-rmse:0.358636+0.004142 
[1017]	train-rmse:0.358402+0.001382	test-rmse:0.358624+0.004123 
[1018]	train-rmse:0.358380+0.001367	test-rmse:0.358602+0.004131 
[1019]	train-rmse:0.358357+0.001361	test-rmse:0.358580+0.004142 
[1020]	train-rmse:0.358334+0.001350	test-rmse:0.358558+0.004159 
[1021]	train-rmse:0.358312+0.001372	test-rmse:0.358535+0.004148 
[1022]	train-rmse:0.358301+0.001368	test-rmse:0.358524+0.004160 
[1023]	train-rmse:0.358279+0.001377	test-rmse:0.358502+0.004136 
[1024]	train-rmse:0.358256+0.001371	test-rmse:0.358480+0.004147 
[1025]	train-rmse:0.358223+0.001381	test-rmse:0.358448+0.004145 
[1026]	train-rmse:0.358212+0.001383	test-rmse:0.358436+0.004152 
[1027]	train-rmse:0.358167+0.001394	test-rmse:0.358392+0.004159 
[1028]	train-rmse:0.358156+0.001396	test-rmse:0.358381+0.004166 
[1029]	train-rmse:0.358133+0.001418	test-rmse:0.358358+0.004156 
[1030]	train-rmse:0.358133+0.001418	test-rmse:0.358358+0.004156 
[1031]	train-rmse:0.358111+0.001400	test-rmse:0.358336+0.004154 
[1032]	train-rmse:0.358089+0.001391	test-rmse:0.358314+0.004157 
[1033]	train-rmse:0.358067+0.001373	test-rmse:0.358293+0.004156 
[1034]	train-rmse:0.358035+0.001382	test-rmse:0.358261+0.004142 
[1035]	train-rmse:0.358035+0.001382	test-rmse:0.358261+0.004142 
[1036]	train-rmse:0.358024+0.001371	test-rmse:0.358250+0.004137 
[1037]	train-rmse:0.357992+0.001380	test-rmse:0.358218+0.004134 
[1038]	train-rmse:0.357970+0.001371	test-rmse:0.358196+0.004137 
[1039]	train-rmse:0.357937+0.001374	test-rmse:0.358164+0.004118 
[1040]	train-rmse:0.357915+0.001365	test-rmse:0.358142+0.004121 
[1041]	train-rmse:0.357882+0.001352	test-rmse:0.358108+0.004136 
[1042]	train-rmse:0.357848+0.001363	test-rmse:0.358075+0.004121 
[1043]	train-rmse:0.357837+0.001367	test-rmse:0.358063+0.004129 
[1044]	train-rmse:0.357814+0.001363	test-rmse:0.358041+0.004141 
[1045]	train-rmse:0.357792+0.001359	test-rmse:0.358019+0.004153 
[1046]	train-rmse:0.357770+0.001357	test-rmse:0.357996+0.004173 
[1047]	train-rmse:0.357736+0.001359	test-rmse:0.357964+0.004154 
[1048]	train-rmse:0.357736+0.001359	test-rmse:0.357964+0.004154 
[1049]	train-rmse:0.357725+0.001353	test-rmse:0.357953+0.004166 
[1050]	train-rmse:0.357703+0.001341	test-rmse:0.357932+0.004181 
[1051]	train-rmse:0.357681+0.001325	test-rmse:0.357910+0.004188 
[1052]	train-rmse:0.357670+0.001319	test-rmse:0.357899+0.004200 
[1053]	train-rmse:0.357626+0.001300	test-rmse:0.357856+0.004218 
[1054]	train-rmse:0.357604+0.001283	test-rmse:0.357834+0.004226 
[1055]	train-rmse:0.357604+0.001283	test-rmse:0.357834+0.004226 
[1056]	train-rmse:0.357593+0.001287	test-rmse:0.357822+0.004234 
[1057]	train-rmse:0.357571+0.001295	test-rmse:0.357801+0.004210 
[1058]	train-rmse:0.357550+0.001302	test-rmse:0.357780+0.004189 
[1059]	train-rmse:0.357527+0.001312	test-rmse:0.357757+0.004165 
[1060]	train-rmse:0.357527+0.001312	test-rmse:0.357757+0.004165 
[1061]	train-rmse:0.357504+0.001293	test-rmse:0.357735+0.004164 
[1062]	train-rmse:0.357493+0.001285	test-rmse:0.357725+0.004168 
[1063]	train-rmse:0.357461+0.001303	test-rmse:0.357692+0.004169 
[1064]	train-rmse:0.357440+0.001310	test-rmse:0.357671+0.004147 
[1065]	train-rmse:0.357429+0.001313	test-rmse:0.357660+0.004155 
[1066]	train-rmse:0.357407+0.001324	test-rmse:0.357638+0.004131 
[1067]	train-rmse:0.357407+0.001324	test-rmse:0.357637+0.004131 
[1068]	train-rmse:0.357395+0.001318	test-rmse:0.357626+0.004144 
[1069]	train-rmse:0.357362+0.001333	test-rmse:0.357593+0.004136 
[1070]	train-rmse:0.357329+0.001321	test-rmse:0.357560+0.004151 
[1071]	train-rmse:0.357329+0.001321	test-rmse:0.357560+0.004151 
[1072]	train-rmse:0.357318+0.001313	test-rmse:0.357550+0.004155 
[1073]	train-rmse:0.357284+0.001319	test-rmse:0.357517+0.004152 
[1074]	train-rmse:0.357262+0.001317	test-rmse:0.357494+0.004172 
[1075]	train-rmse:0.357251+0.001321	test-rmse:0.357483+0.004180 
[1076]	train-rmse:0.357208+0.001301	test-rmse:0.357440+0.004199 
[1077]	train-rmse:0.357185+0.001285	test-rmse:0.357418+0.004206 
[1078]	train-rmse:0.357163+0.001278	test-rmse:0.357395+0.004209 
[1079]	train-rmse:0.357153+0.001274	test-rmse:0.357385+0.004220 
[1080]	train-rmse:0.357110+0.001282	test-rmse:0.357342+0.004218 
[1081]	train-rmse:0.357088+0.001262	test-rmse:0.357321+0.004217 
[1082]	train-rmse:0.357077+0.001266	test-rmse:0.357309+0.004225 
[1083]	train-rmse:0.357077+0.001266	test-rmse:0.357309+0.004225 
[1084]	train-rmse:0.357076+0.001266	test-rmse:0.357309+0.004225 
[1085]	train-rmse:0.357065+0.001261	test-rmse:0.357298+0.004237 
[1086]	train-rmse:0.357054+0.001281	test-rmse:0.357287+0.004218 
[1087]	train-rmse:0.357032+0.001296	test-rmse:0.357265+0.004211 
[1088]	train-rmse:0.357010+0.001296	test-rmse:0.357242+0.004231 
[1089]	train-rmse:0.356977+0.001300	test-rmse:0.357209+0.004221 
[1090]	train-rmse:0.356966+0.001320	test-rmse:0.357199+0.004202 
[1091]	train-rmse:0.356933+0.001334	test-rmse:0.357167+0.004194 
[1092]	train-rmse:0.356889+0.001314	test-rmse:0.357124+0.004212 
[1093]	train-rmse:0.356878+0.001303	test-rmse:0.357113+0.004208 
[1094]	train-rmse:0.356868+0.001307	test-rmse:0.357101+0.004216 
[1095]	train-rmse:0.356845+0.001293	test-rmse:0.357079+0.004223 
[1096]	train-rmse:0.356812+0.001269	test-rmse:0.357047+0.004234 
[1097]	train-rmse:0.356812+0.001269	test-rmse:0.357047+0.004234 
[1098]	train-rmse:0.356812+0.001269	test-rmse:0.357047+0.004234 
[1099]	train-rmse:0.356780+0.001259	test-rmse:0.357015+0.004249 
[1100]	train-rmse:0.356769+0.001249	test-rmse:0.357004+0.004252 
[1101]	train-rmse:0.356757+0.001245	test-rmse:0.356993+0.004264 
[1102]	train-rmse:0.356735+0.001262	test-rmse:0.356971+0.004257 
[1103]	train-rmse:0.356704+0.001273	test-rmse:0.356940+0.004251 
[1104]	train-rmse:0.356671+0.001264	test-rmse:0.356908+0.004274 
[1105]	train-rmse:0.356671+0.001264	test-rmse:0.356908+0.004274 
[1106]	train-rmse:0.356638+0.001271	test-rmse:0.356875+0.004270 
[1107]	train-rmse:0.356616+0.001282	test-rmse:0.356854+0.004254 
[1108]	train-rmse:0.356605+0.001279	test-rmse:0.356844+0.004266 
[1109]	train-rmse:0.356605+0.001279	test-rmse:0.356843+0.004266 
[1110]	train-rmse:0.356561+0.001288	test-rmse:0.356799+0.004263 
[1111]	train-rmse:0.356529+0.001272	test-rmse:0.356768+0.004269 
[1112]	train-rmse:0.356496+0.001262	test-rmse:0.356735+0.004285 
[1113]	train-rmse:0.356485+0.001281	test-rmse:0.356724+0.004267 
[1114]	train-rmse:0.356441+0.001285	test-rmse:0.356680+0.004254 
[1115]	train-rmse:0.356420+0.001307	test-rmse:0.356658+0.004243 
[1116]	train-rmse:0.356386+0.001298	test-rmse:0.356625+0.004267 
[1117]	train-rmse:0.356386+0.001298	test-rmse:0.356625+0.004267 
[1118]	train-rmse:0.356343+0.001301	test-rmse:0.356582+0.004256 
[1119]	train-rmse:0.356333+0.001319	test-rmse:0.356572+0.004238 
[1120]	train-rmse:0.356322+0.001316	test-rmse:0.356561+0.004250 
[1121]	train-rmse:0.356310+0.001305	test-rmse:0.356550+0.004246 
[1122]	train-rmse:0.356310+0.001305	test-rmse:0.356550+0.004246 
[1123]	train-rmse:0.356310+0.001305	test-rmse:0.356549+0.004246 
[1124]	train-rmse:0.356300+0.001296	test-rmse:0.356540+0.004249 
[1125]	train-rmse:0.356288+0.001287	test-rmse:0.356529+0.004252 
[1126]	train-rmse:0.356278+0.001306	test-rmse:0.356519+0.004235 
[1127]	train-rmse:0.356224+0.001304	test-rmse:0.356465+0.004236 
[1128]	train-rmse:0.356202+0.001292	test-rmse:0.356444+0.004251 
[1129]	train-rmse:0.356180+0.001308	test-rmse:0.356422+0.004245 
[1130]	train-rmse:0.356169+0.001305	test-rmse:0.356411+0.004257 
[1131]	train-rmse:0.356125+0.001285	test-rmse:0.356368+0.004275 
[1132]	train-rmse:0.356114+0.001288	test-rmse:0.356356+0.004283 
[1133]	train-rmse:0.356103+0.001286	test-rmse:0.356345+0.004296 
[1134]	train-rmse:0.356071+0.001284	test-rmse:0.356314+0.004277 
[1135]	train-rmse:0.356071+0.001284	test-rmse:0.356313+0.004277 
[1136]	train-rmse:0.356049+0.001279	test-rmse:0.356292+0.004288 
[1137]	train-rmse:0.356027+0.001265	test-rmse:0.356270+0.004295 
[1138]	train-rmse:0.356005+0.001254	test-rmse:0.356249+0.004310 
[1139]	train-rmse:0.355983+0.001243	test-rmse:0.356228+0.004325 
[1140]	train-rmse:0.355983+0.001243	test-rmse:0.356228+0.004325 
[1141]	train-rmse:0.355951+0.001232	test-rmse:0.356196+0.004341 
[1142]	train-rmse:0.355929+0.001239	test-rmse:0.356174+0.004318 
[1143]	train-rmse:0.355917+0.001230	test-rmse:0.356164+0.004321 
[1144]	train-rmse:0.355874+0.001242	test-rmse:0.356121+0.004325 
[1145]	train-rmse:0.355841+0.001256	test-rmse:0.356088+0.004318 
[1146]	train-rmse:0.355841+0.001256	test-rmse:0.356088+0.004318 
[1147]	train-rmse:0.355818+0.001246	test-rmse:0.356066+0.004334 
[1148]	train-rmse:0.355796+0.001257	test-rmse:0.356045+0.004319 
[1149]	train-rmse:0.355762+0.001257	test-rmse:0.356012+0.004299 
[1150]	train-rmse:0.355752+0.001276	test-rmse:0.356002+0.004280 
[1151]	train-rmse:0.355741+0.001265	test-rmse:0.355991+0.004276 
[1152]	train-rmse:0.355708+0.001269	test-rmse:0.355958+0.004265 
[1153]	train-rmse:0.355708+0.001269	test-rmse:0.355958+0.004265 
[1154]	train-rmse:0.355687+0.001251	test-rmse:0.355938+0.004264 
[1155]	train-rmse:0.355643+0.001254	test-rmse:0.355894+0.004252 
[1156]	train-rmse:0.355621+0.001244	test-rmse:0.355873+0.004254 
[1157]	train-rmse:0.355579+0.001256	test-rmse:0.355830+0.004259 
[1158]	train-rmse:0.355567+0.001258	test-rmse:0.355818+0.004266 
[1159]	train-rmse:0.355556+0.001251	test-rmse:0.355808+0.004270 
[1160]	train-rmse:0.355522+0.001267	test-rmse:0.355775+0.004263 
[1161]	train-rmse:0.355501+0.001280	test-rmse:0.355755+0.004248 
[1162]	train-rmse:0.355501+0.001280	test-rmse:0.355754+0.004248 
[1163]	train-rmse:0.355468+0.001285	test-rmse:0.355723+0.004236 
[1164]	train-rmse:0.355447+0.001276	test-rmse:0.355701+0.004238 
[1165]	train-rmse:0.355426+0.001290	test-rmse:0.355680+0.004233 
[1166]	train-rmse:0.355404+0.001280	test-rmse:0.355659+0.004249 
[1167]	train-rmse:0.355393+0.001282	test-rmse:0.355647+0.004257 
[1168]	train-rmse:0.355359+0.001260	test-rmse:0.355615+0.004268 
[1169]	train-rmse:0.355327+0.001247	test-rmse:0.355582+0.004283 
[1170]	train-rmse:0.355305+0.001243	test-rmse:0.355561+0.004294 
[1171]	train-rmse:0.355294+0.001246	test-rmse:0.355549+0.004302 
[1172]	train-rmse:0.355283+0.001249	test-rmse:0.355538+0.004310 
[1173]	train-rmse:0.355261+0.001246	test-rmse:0.355517+0.004321 
[1174]	train-rmse:0.355229+0.001247	test-rmse:0.355485+0.004300 
[1175]	train-rmse:0.355218+0.001235	test-rmse:0.355474+0.004296 
[1176]	train-rmse:0.355195+0.001224	test-rmse:0.355453+0.004312 
[1177]	train-rmse:0.355195+0.001224	test-rmse:0.355453+0.004312 
[1178]	train-rmse:0.355184+0.001244	test-rmse:0.355441+0.004293 
[1179]	train-rmse:0.355173+0.001247	test-rmse:0.355430+0.004301 
[1180]	train-rmse:0.355119+0.001247	test-rmse:0.355377+0.004300 
[1181]	train-rmse:0.355119+0.001247	test-rmse:0.355377+0.004300 
[1182]	train-rmse:0.355097+0.001236	test-rmse:0.355355+0.004316 
[1183]	train-rmse:0.355075+0.001227	test-rmse:0.355334+0.004332 
[1184]	train-rmse:0.355064+0.001230	test-rmse:0.355323+0.004340 
[1185]	train-rmse:0.355054+0.001218	test-rmse:0.355313+0.004335 
[1186]	train-rmse:0.355032+0.001199	test-rmse:0.355291+0.004334 
[1187]	train-rmse:0.354989+0.001212	test-rmse:0.355249+0.004338 
[1188]	train-rmse:0.354945+0.001208	test-rmse:0.355206+0.004332 
[1189]	train-rmse:0.354934+0.001211	test-rmse:0.355195+0.004340 
[1190]	train-rmse:0.354924+0.001206	test-rmse:0.355186+0.004343 
[1191]	train-rmse:0.354913+0.001225	test-rmse:0.355175+0.004325 
[1192]	train-rmse:0.354892+0.001240	test-rmse:0.355154+0.004319 
[1193]	train-rmse:0.354881+0.001237	test-rmse:0.355143+0.004331 
[1194]	train-rmse:0.354859+0.001234	test-rmse:0.355122+0.004342 
[1195]	train-rmse:0.354850+0.001250	test-rmse:0.355112+0.004326 
[1196]	train-rmse:0.354818+0.001267	test-rmse:0.355080+0.004329 
[1197]	train-rmse:0.354797+0.001259	test-rmse:0.355060+0.004345 
[1198]	train-rmse:0.354755+0.001255	test-rmse:0.355018+0.004339 
[1199]	train-rmse:0.354734+0.001245	test-rmse:0.354997+0.004341 
[1200]	train-rmse:0.354723+0.001240	test-rmse:0.354986+0.004345 
[1201]	train-rmse:0.354670+0.001237	test-rmse:0.354934+0.004346 
[1202]	train-rmse:0.354670+0.001237	test-rmse:0.354934+0.004346 
[1203]	train-rmse:0.354637+0.001231	test-rmse:0.354902+0.004370 
[1204]	train-rmse:0.354626+0.001235	test-rmse:0.354890+0.004377 
[1205]	train-rmse:0.354594+0.001243	test-rmse:0.354858+0.004362 
[1206]	train-rmse:0.354573+0.001265	test-rmse:0.354837+0.004351 
[1207]	train-rmse:0.354563+0.001269	test-rmse:0.354826+0.004359 
[1208]	train-rmse:0.354541+0.001291	test-rmse:0.354804+0.004349 
[1209]	train-rmse:0.354520+0.001305	test-rmse:0.354783+0.004343 
[1210]	train-rmse:0.354488+0.001289	test-rmse:0.354751+0.004349 
[1211]	train-rmse:0.354477+0.001286	test-rmse:0.354741+0.004361 
[1212]	train-rmse:0.354445+0.001264	test-rmse:0.354709+0.004372 
[1213]	train-rmse:0.354412+0.001281	test-rmse:0.354678+0.004366 
[1214]	train-rmse:0.354402+0.001285	test-rmse:0.354667+0.004374 
[1215]	train-rmse:0.354401+0.001285	test-rmse:0.354666+0.004374 
[1216]	train-rmse:0.354390+0.001280	test-rmse:0.354656+0.004378 
[1217]	train-rmse:0.354358+0.001276	test-rmse:0.354625+0.004401 
[1218]	train-rmse:0.354358+0.001276	test-rmse:0.354625+0.004401 
[1219]	train-rmse:0.354314+0.001258	test-rmse:0.354581+0.004420 
[1220]	train-rmse:0.354293+0.001259	test-rmse:0.354561+0.004431 
[1221]	train-rmse:0.354271+0.001250	test-rmse:0.354539+0.004435 
[1222]	train-rmse:0.354250+0.001242	test-rmse:0.354519+0.004450 
[1223]	train-rmse:0.354208+0.001256	test-rmse:0.354478+0.004455 
[1224]	train-rmse:0.354186+0.001237	test-rmse:0.354456+0.004454 
[1225]	train-rmse:0.354164+0.001260	test-rmse:0.354434+0.004443 
[1226]	train-rmse:0.354142+0.001262	test-rmse:0.354412+0.004463 
[1227]	train-rmse:0.354110+0.001261	test-rmse:0.354380+0.004452 
[1228]	train-rmse:0.354088+0.001284	test-rmse:0.354358+0.004442 
[1229]	train-rmse:0.354056+0.001282	test-rmse:0.354326+0.004465 
[1230]	train-rmse:0.354045+0.001267	test-rmse:0.354315+0.004460 
[1231]	train-rmse:0.354034+0.001252	test-rmse:0.354304+0.004454 
[1232]	train-rmse:0.354015+0.001245	test-rmse:0.354286+0.004468 
[1233]	train-rmse:0.353993+0.001258	test-rmse:0.354265+0.004463 
[1234]	train-rmse:0.353982+0.001253	test-rmse:0.354255+0.004466 
[1235]	train-rmse:0.353950+0.001241	test-rmse:0.354222+0.004481 
[1236]	train-rmse:0.353928+0.001233	test-rmse:0.354201+0.004496 
[1237]	train-rmse:0.353906+0.001247	test-rmse:0.354180+0.004490 
[1238]	train-rmse:0.353874+0.001246	test-rmse:0.354148+0.004514 
[1239]	train-rmse:0.353841+0.001265	test-rmse:0.354114+0.004515 
[1240]	train-rmse:0.353830+0.001271	test-rmse:0.354103+0.004523 
[1241]	train-rmse:0.353810+0.001282	test-rmse:0.354083+0.004510 
[1242]	train-rmse:0.353787+0.001275	test-rmse:0.354062+0.004525 
[1243]	train-rmse:0.353765+0.001270	test-rmse:0.354041+0.004541 
[1244]	train-rmse:0.353723+0.001255	test-rmse:0.353999+0.004560 
[1245]	train-rmse:0.353712+0.001254	test-rmse:0.353988+0.004572 
[1246]	train-rmse:0.353690+0.001269	test-rmse:0.353967+0.004566 
[1247]	train-rmse:0.353647+0.001252	test-rmse:0.353923+0.004583 
[1248]	train-rmse:0.353614+0.001257	test-rmse:0.353891+0.004568 
[1249]	train-rmse:0.353593+0.001236	test-rmse:0.353870+0.004566 
[1250]	train-rmse:0.353582+0.001233	test-rmse:0.353861+0.004570 
[1251]	train-rmse:0.353540+0.001233	test-rmse:0.353819+0.004559 
[1252]	train-rmse:0.353496+0.001233	test-rmse:0.353776+0.004548 
[1253]	train-rmse:0.353454+0.001229	test-rmse:0.353734+0.004540 
[1254]	train-rmse:0.353432+0.001251	test-rmse:0.353713+0.004530 
[1255]	train-rmse:0.353390+0.001244	test-rmse:0.353671+0.004524 
[1256]	train-rmse:0.353368+0.001265	test-rmse:0.353649+0.004514 
[1257]	train-rmse:0.353326+0.001249	test-rmse:0.353608+0.004531 
[1258]	train-rmse:0.353295+0.001249	test-rmse:0.353577+0.004554 
[1259]	train-rmse:0.353284+0.001246	test-rmse:0.353567+0.004558 
[1260]	train-rmse:0.353262+0.001241	test-rmse:0.353546+0.004574 
[1261]	train-rmse:0.353241+0.001223	test-rmse:0.353525+0.004580 
[1262]	train-rmse:0.353220+0.001205	test-rmse:0.353504+0.004586 
[1263]	train-rmse:0.353209+0.001188	test-rmse:0.353493+0.004581 
[1264]	train-rmse:0.353187+0.001168	test-rmse:0.353472+0.004579 
[1265]	train-rmse:0.353166+0.001170	test-rmse:0.353451+0.004591 
[1266]	train-rmse:0.353155+0.001168	test-rmse:0.353441+0.004595 
[1267]	train-rmse:0.353134+0.001182	test-rmse:0.353421+0.004581 
[1268]	train-rmse:0.353091+0.001183	test-rmse:0.353379+0.004569 
[1269]	train-rmse:0.353070+0.001164	test-rmse:0.353358+0.004575 
[1270]	train-rmse:0.353040+0.001167	test-rmse:0.353327+0.004561 
[1271]	train-rmse:0.353009+0.001153	test-rmse:0.353296+0.004574 
[1272]	train-rmse:0.352977+0.001173	test-rmse:0.353263+0.004575 
[1273]	train-rmse:0.352955+0.001194	test-rmse:0.353241+0.004564 
> hgrid <-
+   dplyr::bind_cols(xgboost_params[index, ], dart.cv$evaluation_log[dart.cv$best_iteration, ], best_iter = dart.cv$best_iteration)
> 
> # write result
> fname <- file.path('data-raw', 'tune', year, 'array', paste0('tune_', index, '.tsv'))
> readr::write_tsv(hgrid, file = fname)
> 
