> 
> # parse arguments
> args <- R.utils::commandArgs(trailingOnly = FALSE, asValues = TRUE)
> index <- as.integer(args$index)
> year <- as.character(args$year)
> nreps <- as.integer(args$nreps)
> seed <- as.integer(args$seed)
> 
> # get number of cores
> wkrs <- length(future::availableWorkers())
> 
> # set seed
> set.seed(seed)
> 
> # read and prepare the cluster features
> fp <- file.path('data-raw', 'features', year)
> clf <-
+   read_features(fp, pattern = 'paris.', recursive = FALSE)
> clf <- prepare_features(
+   clf,
+   feature_map = feature_map,
+   category = c('response', 'bio', 'net'),
+   type = 'list',
+   exclusions = c(
+     'mg2_pairs_count',
+     'mg2_not_pairs_count',
+     'mg2_portion_families_recovered',
+     'cluster_origin',
+     'bocc_origin',
+     'cluster_method',
+     'subcluster_method',
+     'year',
+     'IDs',
+     'go_sig_threshold',
+     'num_new_edges_on_any_node',
+     'HPO_ratio'
+   ),
+   verbose = TRUE
+ )
c('HPO_ratio', 'IDs', 'bocc_origin', 'cluster_method', 'cluster_origin', 'go_sig_threshold', 'max_norm_cell_type_comma_sep_string', 'max_norm_disease_comma_sep_string', 'mg2_not_pairs_count', 'mg2_pairs_count', 'mg2_portion_families_recovered', 'num_new_edges_on_any_node', 'sig_go_enrichment_fdr_corrected_p_vals', 'sig_go_enrichment_p_vals', 'sig_go_enrichment_terms', 'subcluster_method', 'year')

> 
> # prepare grid of parameters
> xgboost_params <- dials::parameters(
+   nrounds = dials::trees(),
+   eta = dials::learn_rate(),
+   gamma = dials::loss_reduction(),
+   dials::tree_depth(),
+   subsample = dials::sample_prop(),
+   rate_drop = dials::dropout(),
+   skip_drop = dials::dropout()
+ )
> xgboost_params <-
+   dials::grid_max_entropy(xgboost_params, size = nreps)
> 
> # tune the dart booster
> dart.param <-
+   list(
+     booster = "dart",
+     objective = "reg:logistic",
+     eval_metric = "rmse",
+     nthread = wkrs,
+     max_depth = xgboost_params$tree_depth[index],
+     eta = xgboost_params$eta[index],
+     gamma = xgboost_params$gamma[index],
+     subsample = xgboost_params$subsample[index],
+     rate_drop = xgboost_params$rate_drop[index],
+     skip_drop = xgboost_params$skip_drop[index]
+   )
> dart.cv <- xgboost::xgb.cv(
+   params = dart.param,
+   nrounds = xgboost_params$nrounds[index],
+   data = as.matrix(clf[, -1]),
+   nfold = 5,
+   label = clf$snowballing_pvalue,
+   early_stopping_rounds = 50
+ )
[1]	train-rmse:0.393762+0.001018	test-rmse:0.394346+0.003799 
Multiple eval metrics are present. Will use test_rmse for early stopping.
Will train until test_rmse hasn't improved in 50 rounds.

[2]	train-rmse:0.372751+0.001196	test-rmse:0.373690+0.004076 
[3]	train-rmse:0.353527+0.001409	test-rmse:0.354970+0.004252 
[4]	train-rmse:0.336556+0.001878	test-rmse:0.338505+0.004429 
[5]	train-rmse:0.323609+0.003945	test-rmse:0.325992+0.005720 
[6]	train-rmse:0.313142+0.005506	test-rmse:0.315547+0.008835 
[7]	train-rmse:0.303431+0.007763	test-rmse:0.306161+0.009383 
[8]	train-rmse:0.292621+0.007213	test-rmse:0.295933+0.009465 
[9]	train-rmse:0.286423+0.005478	test-rmse:0.290401+0.007496 
[10]	train-rmse:0.279708+0.006781	test-rmse:0.283846+0.010078 
[11]	train-rmse:0.275458+0.007045	test-rmse:0.279644+0.012257 
[12]	train-rmse:0.271728+0.008241	test-rmse:0.276253+0.011723 
[13]	train-rmse:0.266226+0.007908	test-rmse:0.271349+0.010750 
[14]	train-rmse:0.261816+0.009435	test-rmse:0.267666+0.010517 
[15]	train-rmse:0.258989+0.009884	test-rmse:0.265104+0.009683 
[16]	train-rmse:0.255481+0.008161	test-rmse:0.261664+0.009758 
[17]	train-rmse:0.253279+0.009077	test-rmse:0.259627+0.009519 
[18]	train-rmse:0.250399+0.009731	test-rmse:0.257448+0.008474 
[19]	train-rmse:0.249110+0.010585	test-rmse:0.256390+0.008611 
[20]	train-rmse:0.247502+0.011263	test-rmse:0.254858+0.009020 
[21]	train-rmse:0.246892+0.011244	test-rmse:0.254293+0.009120 
[22]	train-rmse:0.243727+0.011024	test-rmse:0.251340+0.011328 
[23]	train-rmse:0.240343+0.009651	test-rmse:0.248272+0.011640 
[24]	train-rmse:0.238765+0.008986	test-rmse:0.246886+0.011914 
[25]	train-rmse:0.236797+0.008159	test-rmse:0.245013+0.012041 
[26]	train-rmse:0.235487+0.008622	test-rmse:0.243669+0.012578 
[27]	train-rmse:0.233962+0.008207	test-rmse:0.242122+0.012643 
[28]	train-rmse:0.233460+0.008597	test-rmse:0.241668+0.012556 
[29]	train-rmse:0.231652+0.007434	test-rmse:0.240048+0.013493 
[30]	train-rmse:0.230097+0.007579	test-rmse:0.238568+0.014756 
[31]	train-rmse:0.228689+0.008521	test-rmse:0.237540+0.015145 
[32]	train-rmse:0.228146+0.008166	test-rmse:0.236837+0.015921 
[33]	train-rmse:0.227970+0.008114	test-rmse:0.236656+0.015873 
[34]	train-rmse:0.226871+0.008060	test-rmse:0.235598+0.016246 
[35]	train-rmse:0.226574+0.008225	test-rmse:0.235309+0.016155 
[36]	train-rmse:0.225181+0.007227	test-rmse:0.234218+0.015680 
[37]	train-rmse:0.224755+0.007072	test-rmse:0.233779+0.015617 
[38]	train-rmse:0.224287+0.007500	test-rmse:0.233465+0.015612 
[39]	train-rmse:0.223233+0.006802	test-rmse:0.232483+0.014935 
[40]	train-rmse:0.221879+0.006416	test-rmse:0.231331+0.015350 
[41]	train-rmse:0.221414+0.006185	test-rmse:0.230939+0.015039 
[42]	train-rmse:0.221099+0.006208	test-rmse:0.230618+0.015234 
[43]	train-rmse:0.221015+0.006165	test-rmse:0.230540+0.015277 
[44]	train-rmse:0.220319+0.005728	test-rmse:0.229719+0.015652 
[45]	train-rmse:0.220300+0.005730	test-rmse:0.229684+0.015661 
[46]	train-rmse:0.219727+0.005559	test-rmse:0.229072+0.016227 
[47]	train-rmse:0.219161+0.005192	test-rmse:0.228635+0.016272 
[48]	train-rmse:0.219110+0.005150	test-rmse:0.228601+0.016295 
[49]	train-rmse:0.218989+0.005288	test-rmse:0.228520+0.016245 
[50]	train-rmse:0.218405+0.005081	test-rmse:0.228114+0.016006 
[51]	train-rmse:0.218224+0.004882	test-rmse:0.227894+0.016319 
[52]	train-rmse:0.217768+0.005115	test-rmse:0.227683+0.016185 
[53]	train-rmse:0.217332+0.004816	test-rmse:0.227092+0.016843 
[54]	train-rmse:0.217116+0.004688	test-rmse:0.226882+0.016805 
[55]	train-rmse:0.216674+0.004763	test-rmse:0.226459+0.016860 
[56]	train-rmse:0.216404+0.004671	test-rmse:0.226187+0.016926 
[57]	train-rmse:0.216189+0.005045	test-rmse:0.226032+0.016770 
[58]	train-rmse:0.215327+0.005729	test-rmse:0.225794+0.016570 
[59]	train-rmse:0.215182+0.005760	test-rmse:0.225706+0.016521 
[60]	train-rmse:0.215028+0.005699	test-rmse:0.225581+0.016497 
[61]	train-rmse:0.214954+0.005665	test-rmse:0.225561+0.016518 
[62]	train-rmse:0.214571+0.005714	test-rmse:0.225448+0.016632 
[63]	train-rmse:0.214221+0.005584	test-rmse:0.225067+0.016915 
[64]	train-rmse:0.214136+0.005468	test-rmse:0.225020+0.017035 
[65]	train-rmse:0.214048+0.005345	test-rmse:0.224888+0.017280 
[66]	train-rmse:0.213768+0.005031	test-rmse:0.224692+0.017562 
[67]	train-rmse:0.213684+0.005004	test-rmse:0.224593+0.017631 
[68]	train-rmse:0.213533+0.004929	test-rmse:0.224467+0.017756 
[69]	train-rmse:0.213516+0.004911	test-rmse:0.224370+0.017889 
[70]	train-rmse:0.213410+0.004816	test-rmse:0.224155+0.017919 
[71]	train-rmse:0.213204+0.004780	test-rmse:0.224002+0.018034 
[72]	train-rmse:0.213031+0.004636	test-rmse:0.223851+0.018047 
[73]	train-rmse:0.212654+0.004665	test-rmse:0.223839+0.018049 
[74]	train-rmse:0.212570+0.004692	test-rmse:0.223767+0.017986 
[75]	train-rmse:0.212472+0.004694	test-rmse:0.223676+0.017996 
[76]	train-rmse:0.212116+0.004313	test-rmse:0.223595+0.018104 
[77]	train-rmse:0.211999+0.004353	test-rmse:0.223552+0.018134 
[78]	train-rmse:0.212004+0.004346	test-rmse:0.223600+0.018194 
[79]	train-rmse:0.211696+0.004826	test-rmse:0.223478+0.018196 
[80]	train-rmse:0.211625+0.004753	test-rmse:0.223383+0.018175 
[81]	train-rmse:0.211629+0.004738	test-rmse:0.223359+0.018213 
[82]	train-rmse:0.211637+0.004728	test-rmse:0.223309+0.018315 
[83]	train-rmse:0.211626+0.004721	test-rmse:0.223339+0.018344 
[84]	train-rmse:0.211557+0.004741	test-rmse:0.223336+0.018350 
[85]	train-rmse:0.211563+0.004739	test-rmse:0.223334+0.018355 
[86]	train-rmse:0.211392+0.004578	test-rmse:0.223214+0.018343 
[87]	train-rmse:0.211398+0.004581	test-rmse:0.223214+0.018342 
[88]	train-rmse:0.211195+0.004878	test-rmse:0.223088+0.018189 
[89]	train-rmse:0.211203+0.004859	test-rmse:0.223106+0.018215 
[90]	train-rmse:0.211212+0.004859	test-rmse:0.223035+0.018303 
[91]	train-rmse:0.211197+0.004862	test-rmse:0.223036+0.018291 
[92]	train-rmse:0.211199+0.004854	test-rmse:0.223046+0.018297 
[93]	train-rmse:0.210843+0.004666	test-rmse:0.222726+0.018304 
[94]	train-rmse:0.210852+0.004670	test-rmse:0.222733+0.018303 
[95]	train-rmse:0.210857+0.004673	test-rmse:0.222742+0.018307 
[96]	train-rmse:0.210860+0.004667	test-rmse:0.222745+0.018315 
[97]	train-rmse:0.210867+0.004665	test-rmse:0.222742+0.018318 
[98]	train-rmse:0.210869+0.004661	test-rmse:0.222743+0.018316 
[99]	train-rmse:0.210875+0.004660	test-rmse:0.222739+0.018312 
[100]	train-rmse:0.210890+0.004651	test-rmse:0.222790+0.018355 
[101]	train-rmse:0.210803+0.004536	test-rmse:0.222684+0.018499 
[102]	train-rmse:0.210799+0.004532	test-rmse:0.222714+0.018520 
[103]	train-rmse:0.210540+0.004661	test-rmse:0.222623+0.018436 
[104]	train-rmse:0.210559+0.004650	test-rmse:0.222662+0.018470 
[105]	train-rmse:0.210563+0.004642	test-rmse:0.222669+0.018474 
[106]	train-rmse:0.210561+0.004662	test-rmse:0.222619+0.018533 
[107]	train-rmse:0.210411+0.004748	test-rmse:0.222591+0.018514 
[108]	train-rmse:0.210416+0.004749	test-rmse:0.222591+0.018518 
[109]	train-rmse:0.210422+0.004774	test-rmse:0.222530+0.018585 
[110]	train-rmse:0.210425+0.004775	test-rmse:0.222533+0.018583 
[111]	train-rmse:0.210450+0.004784	test-rmse:0.222501+0.018645 
[112]	train-rmse:0.210207+0.004906	test-rmse:0.222489+0.018683 
[113]	train-rmse:0.210216+0.004901	test-rmse:0.222505+0.018700 
[114]	train-rmse:0.210210+0.004888	test-rmse:0.222501+0.018700 
[115]	train-rmse:0.210224+0.004881	test-rmse:0.222520+0.018719 
[116]	train-rmse:0.210205+0.004843	test-rmse:0.222441+0.018773 
[117]	train-rmse:0.210216+0.004836	test-rmse:0.222432+0.018821 
[118]	train-rmse:0.210161+0.004808	test-rmse:0.222365+0.018864 
[119]	train-rmse:0.210182+0.004814	test-rmse:0.222360+0.018880 
[120]	train-rmse:0.210195+0.004825	test-rmse:0.222331+0.018921 
[121]	train-rmse:0.210232+0.004827	test-rmse:0.222343+0.018980 
[122]	train-rmse:0.210119+0.004901	test-rmse:0.222326+0.018967 
[123]	train-rmse:0.210121+0.004897	test-rmse:0.222326+0.018963 
[124]	train-rmse:0.209563+0.005031	test-rmse:0.222301+0.019040 
[125]	train-rmse:0.209577+0.005034	test-rmse:0.222313+0.019042 
[126]	train-rmse:0.209194+0.004882	test-rmse:0.222084+0.019019 
[127]	train-rmse:0.208953+0.005219	test-rmse:0.221926+0.018829 
[128]	train-rmse:0.208948+0.005221	test-rmse:0.221922+0.018826 
[129]	train-rmse:0.208836+0.005314	test-rmse:0.221891+0.018789 
[130]	train-rmse:0.208854+0.005315	test-rmse:0.221899+0.018798 
[131]	train-rmse:0.208855+0.005325	test-rmse:0.221896+0.018794 
[132]	train-rmse:0.208876+0.005337	test-rmse:0.221883+0.018847 
[133]	train-rmse:0.208893+0.005340	test-rmse:0.221876+0.018852 
[134]	train-rmse:0.208907+0.005343	test-rmse:0.221880+0.018858 
[135]	train-rmse:0.208920+0.005336	test-rmse:0.221892+0.018867 
[136]	train-rmse:0.208923+0.005339	test-rmse:0.221893+0.018865 
[137]	train-rmse:0.208939+0.005340	test-rmse:0.221894+0.018875 
[138]	train-rmse:0.208940+0.005336	test-rmse:0.221901+0.018872 
[139]	train-rmse:0.208958+0.005351	test-rmse:0.221885+0.018912 
[140]	train-rmse:0.208947+0.005339	test-rmse:0.221887+0.018907 
[141]	train-rmse:0.208961+0.005342	test-rmse:0.221902+0.018908 
[142]	train-rmse:0.208854+0.005305	test-rmse:0.221758+0.019008 
[143]	train-rmse:0.208624+0.004962	test-rmse:0.221563+0.019305 
[144]	train-rmse:0.208352+0.005364	test-rmse:0.221505+0.019239 
[145]	train-rmse:0.208356+0.005364	test-rmse:0.221507+0.019237 
[146]	train-rmse:0.208345+0.005357	test-rmse:0.221500+0.019264 
[147]	train-rmse:0.208348+0.005352	test-rmse:0.221504+0.019263 
[148]	train-rmse:0.207941+0.005689	test-rmse:0.221368+0.019135 
[149]	train-rmse:0.207925+0.005680	test-rmse:0.221353+0.019141 
[150]	train-rmse:0.207674+0.005310	test-rmse:0.221460+0.019024 
[151]	train-rmse:0.207684+0.005313	test-rmse:0.221462+0.019025 
[152]	train-rmse:0.207444+0.005019	test-rmse:0.221463+0.019024 
[153]	train-rmse:0.207450+0.005025	test-rmse:0.221457+0.019031 
[154]	train-rmse:0.207466+0.005030	test-rmse:0.221451+0.019042 
[155]	train-rmse:0.207483+0.005035	test-rmse:0.221454+0.019055 
[156]	train-rmse:0.207488+0.005032	test-rmse:0.221459+0.019055 
[157]	train-rmse:0.207503+0.005030	test-rmse:0.221471+0.019067 
[158]	train-rmse:0.207507+0.005020	test-rmse:0.221485+0.019076 
[159]	train-rmse:0.207507+0.005015	test-rmse:0.221482+0.019079 
[160]	train-rmse:0.207530+0.005028	test-rmse:0.221465+0.019095 
[161]	train-rmse:0.207533+0.005020	test-rmse:0.221471+0.019102 
[162]	train-rmse:0.207549+0.005033	test-rmse:0.221474+0.019104 
[163]	train-rmse:0.207334+0.004907	test-rmse:0.221456+0.019106 
[164]	train-rmse:0.207078+0.004806	test-rmse:0.221192+0.019086 
[165]	train-rmse:0.207082+0.004813	test-rmse:0.221183+0.019097 
[166]	train-rmse:0.207087+0.004815	test-rmse:0.221184+0.019094 
[167]	train-rmse:0.207093+0.004814	test-rmse:0.221184+0.019095 
[168]	train-rmse:0.207107+0.004819	test-rmse:0.221186+0.019100 
[169]	train-rmse:0.207110+0.004816	test-rmse:0.221189+0.019099 
[170]	train-rmse:0.207114+0.004812	test-rmse:0.221193+0.019098 
[171]	train-rmse:0.206971+0.004781	test-rmse:0.221126+0.019095 
[172]	train-rmse:0.206980+0.004776	test-rmse:0.221131+0.019102 
[173]	train-rmse:0.206984+0.004774	test-rmse:0.221130+0.019101 
[174]	train-rmse:0.206990+0.004777	test-rmse:0.221129+0.019100 
[175]	train-rmse:0.207005+0.004779	test-rmse:0.221133+0.019106 
[176]	train-rmse:0.207013+0.004783	test-rmse:0.221128+0.019112 
[177]	train-rmse:0.206699+0.005074	test-rmse:0.221149+0.019132 
[178]	train-rmse:0.206705+0.005075	test-rmse:0.221146+0.019129 
[179]	train-rmse:0.206726+0.005095	test-rmse:0.221121+0.019165 
[180]	train-rmse:0.206737+0.005084	test-rmse:0.221133+0.019174 
[181]	train-rmse:0.206549+0.005317	test-rmse:0.221068+0.019119 
[182]	train-rmse:0.206549+0.005321	test-rmse:0.221063+0.019112 
[183]	train-rmse:0.206539+0.005312	test-rmse:0.221081+0.019092 
[184]	train-rmse:0.206550+0.005299	test-rmse:0.221100+0.019107 
[185]	train-rmse:0.206328+0.005131	test-rmse:0.221053+0.019152 
[186]	train-rmse:0.206241+0.005106	test-rmse:0.221021+0.019149 
[187]	train-rmse:0.206233+0.005105	test-rmse:0.221026+0.019142 
[188]	train-rmse:0.206229+0.005107	test-rmse:0.221025+0.019143 
[189]	train-rmse:0.206234+0.005107	test-rmse:0.221024+0.019142 
[190]	train-rmse:0.205932+0.004678	test-rmse:0.221074+0.019114 
[191]	train-rmse:0.205763+0.004910	test-rmse:0.221015+0.019075 
[192]	train-rmse:0.205774+0.004920	test-rmse:0.221021+0.019072 
[193]	train-rmse:0.205769+0.004904	test-rmse:0.221033+0.019061 
[194]	train-rmse:0.205766+0.004909	test-rmse:0.221026+0.019053 
[195]	train-rmse:0.205539+0.005212	test-rmse:0.220959+0.018990 
[196]	train-rmse:0.205537+0.005205	test-rmse:0.220967+0.018988 
[197]	train-rmse:0.205545+0.005202	test-rmse:0.220974+0.018992 
[198]	train-rmse:0.205545+0.005204	test-rmse:0.220973+0.018986 
[199]	train-rmse:0.205548+0.005202	test-rmse:0.220972+0.018985 
[200]	train-rmse:0.205548+0.005198	test-rmse:0.220964+0.018988 
[201]	train-rmse:0.205562+0.005186	test-rmse:0.220983+0.018998 
[202]	train-rmse:0.205573+0.005183	test-rmse:0.220991+0.018999 
[203]	train-rmse:0.205582+0.005182	test-rmse:0.220998+0.018997 
[204]	train-rmse:0.205352+0.005002	test-rmse:0.220895+0.019095 
[205]	train-rmse:0.205347+0.005007	test-rmse:0.220888+0.019080 
[206]	train-rmse:0.205350+0.005003	test-rmse:0.220891+0.019074 
[207]	train-rmse:0.205355+0.005008	test-rmse:0.220885+0.019076 
[208]	train-rmse:0.205361+0.005008	test-rmse:0.220886+0.019075 
[209]	train-rmse:0.205369+0.005000	test-rmse:0.220896+0.019089 
[210]	train-rmse:0.205375+0.005006	test-rmse:0.220891+0.019100 
[211]	train-rmse:0.205378+0.005006	test-rmse:0.220889+0.019098 
[212]	train-rmse:0.205388+0.005005	test-rmse:0.220886+0.019103 
[213]	train-rmse:0.205239+0.004906	test-rmse:0.220902+0.019109 
[214]	train-rmse:0.205241+0.004904	test-rmse:0.220906+0.019112 
[215]	train-rmse:0.205245+0.004903	test-rmse:0.220905+0.019113 
[216]	train-rmse:0.205256+0.004895	test-rmse:0.220918+0.019124 
[217]	train-rmse:0.205264+0.004900	test-rmse:0.220911+0.019146 
[218]	train-rmse:0.205273+0.004903	test-rmse:0.220903+0.019152 
[219]	train-rmse:0.205047+0.004826	test-rmse:0.220889+0.019152 
[220]	train-rmse:0.205045+0.004823	test-rmse:0.220881+0.019152 
[221]	train-rmse:0.205051+0.004824	test-rmse:0.220883+0.019152 
[222]	train-rmse:0.205056+0.004823	test-rmse:0.220881+0.019152 
[223]	train-rmse:0.205058+0.004826	test-rmse:0.220878+0.019159 
[224]	train-rmse:0.205057+0.004824	test-rmse:0.220878+0.019156 
[225]	train-rmse:0.205016+0.004860	test-rmse:0.220827+0.019097 
[226]	train-rmse:0.204622+0.004695	test-rmse:0.220705+0.019189 
[227]	train-rmse:0.204625+0.004696	test-rmse:0.220701+0.019194 
[228]	train-rmse:0.204631+0.004696	test-rmse:0.220702+0.019193 
[229]	train-rmse:0.204409+0.004899	test-rmse:0.220674+0.019137 
[230]	train-rmse:0.204421+0.004894	test-rmse:0.220687+0.019145 
[231]	train-rmse:0.204428+0.004898	test-rmse:0.220694+0.019142 
[232]	train-rmse:0.204441+0.004900	test-rmse:0.220692+0.019162 
[233]	train-rmse:0.204437+0.004906	test-rmse:0.220692+0.019162 
[234]	train-rmse:0.204435+0.004904	test-rmse:0.220693+0.019160 
[235]	train-rmse:0.204427+0.004916	test-rmse:0.220674+0.019151 
[236]	train-rmse:0.204432+0.004915	test-rmse:0.220677+0.019153 
[237]	train-rmse:0.204437+0.004919	test-rmse:0.220680+0.019153 
[238]	train-rmse:0.204436+0.004917	test-rmse:0.220687+0.019149 
[239]	train-rmse:0.204433+0.004920	test-rmse:0.220686+0.019144 
[240]	train-rmse:0.204255+0.005145	test-rmse:0.220690+0.019156 
[241]	train-rmse:0.204263+0.005146	test-rmse:0.220686+0.019162 
[242]	train-rmse:0.204276+0.005159	test-rmse:0.220674+0.019177 
[243]	train-rmse:0.204024+0.004774	test-rmse:0.220617+0.019263 
[244]	train-rmse:0.204025+0.004770	test-rmse:0.220612+0.019262 
[245]	train-rmse:0.204019+0.004765	test-rmse:0.220600+0.019267 
[246]	train-rmse:0.204021+0.004758	test-rmse:0.220605+0.019262 
[247]	train-rmse:0.203764+0.005012	test-rmse:0.220466+0.019092 
[248]	train-rmse:0.203765+0.005016	test-rmse:0.220466+0.019093 
[249]	train-rmse:0.203778+0.005010	test-rmse:0.220474+0.019107 
[250]	train-rmse:0.203791+0.005006	test-rmse:0.220488+0.019114 
[251]	train-rmse:0.203799+0.005009	test-rmse:0.220485+0.019120 
[252]	train-rmse:0.203799+0.005002	test-rmse:0.220491+0.019117 
[253]	train-rmse:0.203801+0.004999	test-rmse:0.220491+0.019118 
[254]	train-rmse:0.203426+0.005160	test-rmse:0.220515+0.019215 
[255]	train-rmse:0.203429+0.005164	test-rmse:0.220514+0.019212 
[256]	train-rmse:0.203437+0.005162	test-rmse:0.220531+0.019206 
[257]	train-rmse:0.203442+0.005164	test-rmse:0.220532+0.019203 
[258]	train-rmse:0.203444+0.005158	test-rmse:0.220534+0.019201 
[259]	train-rmse:0.203444+0.005157	test-rmse:0.220533+0.019201 
[260]	train-rmse:0.203450+0.005157	test-rmse:0.220535+0.019201 
[261]	train-rmse:0.203446+0.005169	test-rmse:0.220524+0.019194 
[262]	train-rmse:0.203450+0.005183	test-rmse:0.220506+0.019192 
[263]	train-rmse:0.203066+0.005731	test-rmse:0.220319+0.019020 
[264]	train-rmse:0.203066+0.005730	test-rmse:0.220320+0.019021 
[265]	train-rmse:0.203061+0.005733	test-rmse:0.220305+0.019019 
[266]	train-rmse:0.202763+0.005997	test-rmse:0.220261+0.018962 
[267]	train-rmse:0.202778+0.005992	test-rmse:0.220264+0.018982 
[268]	train-rmse:0.202770+0.005997	test-rmse:0.220254+0.018976 
[269]	train-rmse:0.202772+0.005994	test-rmse:0.220256+0.018976 
[270]	train-rmse:0.202777+0.005996	test-rmse:0.220257+0.018975 
[271]	train-rmse:0.202626+0.005915	test-rmse:0.220158+0.019046 
[272]	train-rmse:0.202636+0.005908	test-rmse:0.220164+0.019059 
[273]	train-rmse:0.202637+0.005904	test-rmse:0.220165+0.019058 
[274]	train-rmse:0.202638+0.005898	test-rmse:0.220168+0.019054 
[275]	train-rmse:0.202638+0.005890	test-rmse:0.220176+0.019047 
[276]	train-rmse:0.202642+0.005896	test-rmse:0.220178+0.019041 
[277]	train-rmse:0.202642+0.005899	test-rmse:0.220177+0.019040 
[278]	train-rmse:0.202652+0.005900	test-rmse:0.220181+0.019040 
[279]	train-rmse:0.202652+0.005894	test-rmse:0.220185+0.019035 
[280]	train-rmse:0.202661+0.005895	test-rmse:0.220181+0.019043 
[281]	train-rmse:0.202665+0.005895	test-rmse:0.220181+0.019041 
[282]	train-rmse:0.202666+0.005897	test-rmse:0.220179+0.019039 
[283]	train-rmse:0.202673+0.005893	test-rmse:0.220183+0.019043 
[284]	train-rmse:0.202675+0.005897	test-rmse:0.220182+0.019041 
[285]	train-rmse:0.202675+0.005891	test-rmse:0.220180+0.019043 
[286]	train-rmse:0.202686+0.005886	test-rmse:0.220188+0.019052 
[287]	train-rmse:0.202695+0.005881	test-rmse:0.220198+0.019058 
[288]	train-rmse:0.202699+0.005883	test-rmse:0.220205+0.019056 
[289]	train-rmse:0.202705+0.005881	test-rmse:0.220211+0.019059 
[290]	train-rmse:0.202706+0.005874	test-rmse:0.220219+0.019056 
[291]	train-rmse:0.202720+0.005884	test-rmse:0.220206+0.019077 
[292]	train-rmse:0.202727+0.005885	test-rmse:0.220206+0.019079 
[293]	train-rmse:0.202729+0.005878	test-rmse:0.220215+0.019076 
[294]	train-rmse:0.202746+0.005866	test-rmse:0.220246+0.019091 
[295]	train-rmse:0.202723+0.005873	test-rmse:0.220242+0.019066 
[296]	train-rmse:0.202708+0.005875	test-rmse:0.220244+0.019046 
[297]	train-rmse:0.202708+0.005878	test-rmse:0.220240+0.019042 
[298]	train-rmse:0.202712+0.005876	test-rmse:0.220239+0.019042 
[299]	train-rmse:0.202509+0.005764	test-rmse:0.220227+0.019043 
[300]	train-rmse:0.202511+0.005762	test-rmse:0.220225+0.019044 
[301]	train-rmse:0.202511+0.005759	test-rmse:0.220227+0.019042 
[302]	train-rmse:0.202512+0.005754	test-rmse:0.220226+0.019044 
[303]	train-rmse:0.202518+0.005764	test-rmse:0.220217+0.019050 
[304]	train-rmse:0.202533+0.005764	test-rmse:0.220212+0.019063 
[305]	train-rmse:0.202530+0.005771	test-rmse:0.220205+0.019056 
[306]	train-rmse:0.202319+0.005674	test-rmse:0.220235+0.019052 
[307]	train-rmse:0.202325+0.005670	test-rmse:0.220241+0.019058 
[308]	train-rmse:0.202330+0.005685	test-rmse:0.220222+0.019063 
[309]	train-rmse:0.201909+0.005528	test-rmse:0.220069+0.019050 
[310]	train-rmse:0.201920+0.005520	test-rmse:0.220080+0.019061 
[311]	train-rmse:0.201919+0.005528	test-rmse:0.220072+0.019054 
[312]	train-rmse:0.201920+0.005525	test-rmse:0.220077+0.019051 
[313]	train-rmse:0.201916+0.005522	test-rmse:0.220071+0.019054 
[314]	train-rmse:0.201929+0.005522	test-rmse:0.220086+0.019055 
[315]	train-rmse:0.201940+0.005529	test-rmse:0.220084+0.019063 
[316]	train-rmse:0.201942+0.005527	test-rmse:0.220086+0.019062 
[317]	train-rmse:0.201944+0.005531	test-rmse:0.220085+0.019060 
[318]	train-rmse:0.201949+0.005533	test-rmse:0.220086+0.019060 
[319]	train-rmse:0.201950+0.005535	test-rmse:0.220085+0.019058 
[320]	train-rmse:0.201593+0.005495	test-rmse:0.220045+0.019054 
[321]	train-rmse:0.201580+0.005496	test-rmse:0.220048+0.019039 
[322]	train-rmse:0.201571+0.005497	test-rmse:0.220042+0.019035 
[323]	train-rmse:0.201575+0.005497	test-rmse:0.220043+0.019033 
[324]	train-rmse:0.201580+0.005495	test-rmse:0.220046+0.019032 
[325]	train-rmse:0.201582+0.005492	test-rmse:0.220048+0.019030 
[326]	train-rmse:0.201581+0.005494	test-rmse:0.220037+0.019021 
[327]	train-rmse:0.201603+0.005485	test-rmse:0.220053+0.019048 
[328]	train-rmse:0.201611+0.005490	test-rmse:0.220048+0.019055 
[329]	train-rmse:0.201617+0.005490	test-rmse:0.220050+0.019054 
[330]	train-rmse:0.201612+0.005499	test-rmse:0.220041+0.019043 
[331]	train-rmse:0.201617+0.005510	test-rmse:0.220026+0.019041 
[332]	train-rmse:0.201615+0.005510	test-rmse:0.220025+0.019038 
[333]	train-rmse:0.201617+0.005508	test-rmse:0.220027+0.019036 
[334]	train-rmse:0.201626+0.005510	test-rmse:0.220024+0.019043 
[335]	train-rmse:0.201630+0.005510	test-rmse:0.220025+0.019042 
[336]	train-rmse:0.201648+0.005500	test-rmse:0.220046+0.019052 
[337]	train-rmse:0.201653+0.005500	test-rmse:0.220048+0.019051 
[338]	train-rmse:0.201515+0.005284	test-rmse:0.220102+0.018961 
[339]	train-rmse:0.201512+0.005272	test-rmse:0.220111+0.018949 
[340]	train-rmse:0.201512+0.005280	test-rmse:0.220103+0.018950 
[341]	train-rmse:0.201351+0.005017	test-rmse:0.220054+0.019016 
[342]	train-rmse:0.201346+0.005017	test-rmse:0.220047+0.019017 
[343]	train-rmse:0.201353+0.005022	test-rmse:0.220042+0.019020 
[344]	train-rmse:0.201358+0.005022	test-rmse:0.220041+0.019020 
[345]	train-rmse:0.201359+0.005019	test-rmse:0.220044+0.019020 
[346]	train-rmse:0.201359+0.005015	test-rmse:0.220050+0.019017 
[347]	train-rmse:0.201382+0.005014	test-rmse:0.220050+0.019039 
[348]	train-rmse:0.201393+0.005010	test-rmse:0.220058+0.019052 
[349]	train-rmse:0.201398+0.005011	test-rmse:0.220060+0.019052 
[350]	train-rmse:0.201391+0.005007	test-rmse:0.220056+0.019049 
[351]	train-rmse:0.201399+0.005007	test-rmse:0.220058+0.019052 
[352]	train-rmse:0.201408+0.005014	test-rmse:0.220052+0.019063 
[353]	train-rmse:0.201403+0.005015	test-rmse:0.220040+0.019065 
[354]	train-rmse:0.201413+0.005008	test-rmse:0.220050+0.019075 
[355]	train-rmse:0.201416+0.005005	test-rmse:0.220055+0.019078 
[356]	train-rmse:0.201409+0.004990	test-rmse:0.220069+0.019063 
[357]	train-rmse:0.201406+0.004985	test-rmse:0.220076+0.019054 
[358]	train-rmse:0.201408+0.004985	test-rmse:0.220076+0.019054 
[359]	train-rmse:0.201405+0.004982	test-rmse:0.220080+0.019045 
[360]	train-rmse:0.201409+0.004980	test-rmse:0.220083+0.019045 
[361]	train-rmse:0.201409+0.004982	test-rmse:0.220079+0.019040 
[362]	train-rmse:0.201411+0.004985	test-rmse:0.220077+0.019039 
[363]	train-rmse:0.201165+0.004860	test-rmse:0.219957+0.019135 
[364]	train-rmse:0.201152+0.004864	test-rmse:0.219951+0.019111 
[365]	train-rmse:0.201153+0.004864	test-rmse:0.219955+0.019109 
[366]	train-rmse:0.201144+0.004873	test-rmse:0.219941+0.019099 
[367]	train-rmse:0.201153+0.004866	test-rmse:0.219952+0.019109 
[368]	train-rmse:0.201152+0.004860	test-rmse:0.219962+0.019108 
[369]	train-rmse:0.201144+0.004866	test-rmse:0.219953+0.019098 
[370]	train-rmse:0.201147+0.004865	test-rmse:0.219958+0.019097 
[371]	train-rmse:0.201144+0.004868	test-rmse:0.219948+0.019099 
[372]	train-rmse:0.201133+0.004862	test-rmse:0.219956+0.019094 
[373]	train-rmse:0.201133+0.004865	test-rmse:0.219955+0.019097 
[374]	train-rmse:0.201139+0.004862	test-rmse:0.219961+0.019101 
[375]	train-rmse:0.201144+0.004863	test-rmse:0.219960+0.019101 
[376]	train-rmse:0.201148+0.004862	test-rmse:0.219960+0.019102 
[377]	train-rmse:0.201153+0.004862	test-rmse:0.219961+0.019101 
[378]	train-rmse:0.201163+0.004859	test-rmse:0.219969+0.019110 
[379]	train-rmse:0.201150+0.004858	test-rmse:0.219969+0.019096 
[380]	train-rmse:0.201151+0.004859	test-rmse:0.219969+0.019094 
[381]	train-rmse:0.201156+0.004859	test-rmse:0.219969+0.019095 
[382]	train-rmse:0.201159+0.004858	test-rmse:0.219969+0.019096 
[383]	train-rmse:0.201164+0.004859	test-rmse:0.219968+0.019100 
[384]	train-rmse:0.201169+0.004859	test-rmse:0.219969+0.019100 
[385]	train-rmse:0.201161+0.004857	test-rmse:0.219968+0.019096 
[386]	train-rmse:0.201159+0.004856	test-rmse:0.219964+0.019098 
[387]	train-rmse:0.201152+0.004865	test-rmse:0.219953+0.019083 
[388]	train-rmse:0.201168+0.004876	test-rmse:0.219940+0.019101 
[389]	train-rmse:0.201164+0.004871	test-rmse:0.219935+0.019098 
[390]	train-rmse:0.201173+0.004871	test-rmse:0.219941+0.019098 
[391]	train-rmse:0.201179+0.004868	test-rmse:0.219948+0.019103 
[392]	train-rmse:0.201186+0.004865	test-rmse:0.219952+0.019106 
[393]	train-rmse:0.201199+0.004865	test-rmse:0.219942+0.019111 
[394]	train-rmse:0.200993+0.004795	test-rmse:0.219900+0.019158 
[395]	train-rmse:0.200993+0.004790	test-rmse:0.219901+0.019158 
[396]	train-rmse:0.200999+0.004796	test-rmse:0.219899+0.019169 
[397]	train-rmse:0.200997+0.004791	test-rmse:0.219906+0.019168 
[398]	train-rmse:0.200796+0.004953	test-rmse:0.219906+0.019158 
[399]	train-rmse:0.200797+0.004951	test-rmse:0.219908+0.019158 
[400]	train-rmse:0.200802+0.004950	test-rmse:0.219909+0.019159 
[401]	train-rmse:0.200821+0.004984	test-rmse:0.219884+0.019190 
[402]	train-rmse:0.200814+0.005004	test-rmse:0.219857+0.019176 
[403]	train-rmse:0.200818+0.005005	test-rmse:0.219859+0.019175 
[404]	train-rmse:0.200824+0.005003	test-rmse:0.219866+0.019179 
[405]	train-rmse:0.200813+0.005012	test-rmse:0.219855+0.019165 
[406]	train-rmse:0.200822+0.005006	test-rmse:0.219852+0.019166 
[407]	train-rmse:0.200815+0.004990	test-rmse:0.219863+0.019150 
[408]	train-rmse:0.200823+0.004981	test-rmse:0.219876+0.019160 
[409]	train-rmse:0.200824+0.004979	test-rmse:0.219877+0.019159 
[410]	train-rmse:0.200833+0.004977	test-rmse:0.219885+0.019162 
[411]	train-rmse:0.200826+0.004963	test-rmse:0.219895+0.019156 
[412]	train-rmse:0.200645+0.005187	test-rmse:0.219963+0.019226 
[413]	train-rmse:0.200623+0.005206	test-rmse:0.219945+0.019198 
[414]	train-rmse:0.200614+0.005211	test-rmse:0.219939+0.019185 
[415]	train-rmse:0.200617+0.005211	test-rmse:0.219940+0.019185 
[416]	train-rmse:0.200628+0.005212	test-rmse:0.219930+0.019194 
[417]	train-rmse:0.200291+0.005208	test-rmse:0.219829+0.019187 
[418]	train-rmse:0.200303+0.005208	test-rmse:0.219832+0.019190 
[419]	train-rmse:0.200312+0.005215	test-rmse:0.219829+0.019202 
[420]	train-rmse:0.200303+0.005230	test-rmse:0.219815+0.019185 
[421]	train-rmse:0.200131+0.005454	test-rmse:0.219763+0.019142 
[422]	train-rmse:0.200133+0.005454	test-rmse:0.219763+0.019142 
[423]	train-rmse:0.200146+0.005456	test-rmse:0.219767+0.019147 
[424]	train-rmse:0.200153+0.005455	test-rmse:0.219774+0.019146 
[425]	train-rmse:0.200157+0.005452	test-rmse:0.219780+0.019148 
[426]	train-rmse:0.200156+0.005458	test-rmse:0.219775+0.019143 
[427]	train-rmse:0.200154+0.005465	test-rmse:0.219769+0.019136 
[428]	train-rmse:0.200158+0.005463	test-rmse:0.219772+0.019137 
[429]	train-rmse:0.200154+0.005475	test-rmse:0.219763+0.019126 
[430]	train-rmse:0.200160+0.005475	test-rmse:0.219755+0.019130 
[431]	train-rmse:0.200166+0.005467	test-rmse:0.219764+0.019134 
[432]	train-rmse:0.200170+0.005466	test-rmse:0.219765+0.019135 
[433]	train-rmse:0.200165+0.005464	test-rmse:0.219763+0.019137 
[434]	train-rmse:0.200169+0.005452	test-rmse:0.219776+0.019140 
[435]	train-rmse:0.200162+0.005457	test-rmse:0.219769+0.019131 
[436]	train-rmse:0.200166+0.005457	test-rmse:0.219770+0.019131 
[437]	train-rmse:0.200179+0.005460	test-rmse:0.219764+0.019137 
[438]	train-rmse:0.200185+0.005456	test-rmse:0.219770+0.019141 
[439]	train-rmse:0.200190+0.005457	test-rmse:0.219766+0.019144 
[440]	train-rmse:0.200193+0.005455	test-rmse:0.219766+0.019144 
[441]	train-rmse:0.200198+0.005452	test-rmse:0.219770+0.019147 
[442]	train-rmse:0.200200+0.005448	test-rmse:0.219772+0.019147 
[443]	train-rmse:0.200200+0.005450	test-rmse:0.219770+0.019143 
[444]	train-rmse:0.200198+0.005455	test-rmse:0.219765+0.019149 
[445]	train-rmse:0.200185+0.005461	test-rmse:0.219748+0.019136 
[446]	train-rmse:0.200189+0.005461	test-rmse:0.219751+0.019136 
[447]	train-rmse:0.200206+0.005476	test-rmse:0.219744+0.019154 
[448]	train-rmse:0.200204+0.005469	test-rmse:0.219744+0.019155 
[449]	train-rmse:0.200205+0.005468	test-rmse:0.219747+0.019155 
[450]	train-rmse:0.200211+0.005467	test-rmse:0.219748+0.019158 
[451]	train-rmse:0.200213+0.005456	test-rmse:0.219762+0.019149 
[452]	train-rmse:0.200213+0.005457	test-rmse:0.219759+0.019146 
[453]	train-rmse:0.200216+0.005470	test-rmse:0.219745+0.019148 
[454]	train-rmse:0.200228+0.005465	test-rmse:0.219756+0.019159 
[455]	train-rmse:0.200232+0.005463	test-rmse:0.219759+0.019161 
[456]	train-rmse:0.200230+0.005460	test-rmse:0.219757+0.019160 
[457]	train-rmse:0.200232+0.005455	test-rmse:0.219759+0.019156 
[458]	train-rmse:0.200238+0.005456	test-rmse:0.219762+0.019156 
[459]	train-rmse:0.200244+0.005473	test-rmse:0.219747+0.019168 
[460]	train-rmse:0.200254+0.005469	test-rmse:0.219753+0.019177 
[461]	train-rmse:0.200059+0.005620	test-rmse:0.219710+0.019124 
[462]	train-rmse:0.200059+0.005615	test-rmse:0.219712+0.019121 
[463]	train-rmse:0.200069+0.005616	test-rmse:0.219713+0.019123 
[464]	train-rmse:0.200072+0.005616	test-rmse:0.219713+0.019123 
[465]	train-rmse:0.200064+0.005614	test-rmse:0.219716+0.019113 
[466]	train-rmse:0.200068+0.005614	test-rmse:0.219718+0.019113 
[467]	train-rmse:0.200065+0.005622	test-rmse:0.219711+0.019106 
[468]	train-rmse:0.200071+0.005622	test-rmse:0.219715+0.019107 
[469]	train-rmse:0.200076+0.005622	test-rmse:0.219718+0.019109 
[470]	train-rmse:0.200077+0.005621	test-rmse:0.219717+0.019109 
[471]	train-rmse:0.200080+0.005622	test-rmse:0.219718+0.019108 
[472]	train-rmse:0.200075+0.005611	test-rmse:0.219726+0.019098 
[473]	train-rmse:0.200072+0.005622	test-rmse:0.219715+0.019087 
[474]	train-rmse:0.200067+0.005616	test-rmse:0.219722+0.019088 
[475]	train-rmse:0.200078+0.005614	test-rmse:0.219733+0.019090 
[476]	train-rmse:0.200088+0.005622	test-rmse:0.219731+0.019096 
[477]	train-rmse:0.200085+0.005619	test-rmse:0.219734+0.019093 
[478]	train-rmse:0.200097+0.005608	test-rmse:0.219747+0.019107 
[479]	train-rmse:0.200097+0.005605	test-rmse:0.219746+0.019105 
[480]	train-rmse:0.200103+0.005604	test-rmse:0.219750+0.019106 
[481]	train-rmse:0.200105+0.005602	test-rmse:0.219749+0.019106 
[482]	train-rmse:0.200109+0.005604	test-rmse:0.219750+0.019105 
[483]	train-rmse:0.200108+0.005601	test-rmse:0.219756+0.019102 
[484]	train-rmse:0.200120+0.005591	test-rmse:0.219769+0.019115 
[485]	train-rmse:0.200127+0.005591	test-rmse:0.219772+0.019116 
[486]	train-rmse:0.200128+0.005590	test-rmse:0.219771+0.019116 
[487]	train-rmse:0.200131+0.005583	test-rmse:0.219776+0.019124 
[488]	train-rmse:0.200133+0.005582	test-rmse:0.219777+0.019125 
[489]	train-rmse:0.200132+0.005572	test-rmse:0.219783+0.019118 
[490]	train-rmse:0.199950+0.005216	test-rmse:0.219631+0.019408 
[491]	train-rmse:0.199943+0.005217	test-rmse:0.219622+0.019407 
[492]	train-rmse:0.199954+0.005212	test-rmse:0.219625+0.019417 
[493]	train-rmse:0.199955+0.005213	test-rmse:0.219624+0.019419 
[494]	train-rmse:0.199952+0.005213	test-rmse:0.219619+0.019419 
[495]	train-rmse:0.199956+0.005213	test-rmse:0.219621+0.019418 
[496]	train-rmse:0.199954+0.005204	test-rmse:0.219628+0.019411 
[497]	train-rmse:0.199963+0.005213	test-rmse:0.219622+0.019423 
[498]	train-rmse:0.199967+0.005212	test-rmse:0.219621+0.019423 
[499]	train-rmse:0.199967+0.005206	test-rmse:0.219625+0.019418 
[500]	train-rmse:0.199966+0.005214	test-rmse:0.219616+0.019414 
[501]	train-rmse:0.199967+0.005211	test-rmse:0.219618+0.019411 
[502]	train-rmse:0.199972+0.005210	test-rmse:0.219624+0.019416 
[503]	train-rmse:0.199969+0.005217	test-rmse:0.219618+0.019409 
[504]	train-rmse:0.199968+0.005215	test-rmse:0.219622+0.019408 
[505]	train-rmse:0.199975+0.005222	test-rmse:0.219612+0.019408 
[506]	train-rmse:0.199978+0.005221	test-rmse:0.219613+0.019409 
[507]	train-rmse:0.199972+0.005206	test-rmse:0.219628+0.019401 
[508]	train-rmse:0.199975+0.005216	test-rmse:0.219620+0.019408 
[509]	train-rmse:0.199975+0.005222	test-rmse:0.219612+0.019403 
[510]	train-rmse:0.199979+0.005211	test-rmse:0.219627+0.019408 
[511]	train-rmse:0.199980+0.005216	test-rmse:0.219625+0.019404 
[512]	train-rmse:0.199981+0.005216	test-rmse:0.219623+0.019406 
[513]	train-rmse:0.199999+0.005208	test-rmse:0.219642+0.019416 
[514]	train-rmse:0.199994+0.005204	test-rmse:0.219649+0.019410 
[515]	train-rmse:0.199992+0.005209	test-rmse:0.219645+0.019404 
[516]	train-rmse:0.199996+0.005208	test-rmse:0.219646+0.019404 
[517]	train-rmse:0.200002+0.005205	test-rmse:0.219651+0.019407 
[518]	train-rmse:0.200008+0.005204	test-rmse:0.219656+0.019407 
[519]	train-rmse:0.200010+0.005201	test-rmse:0.219658+0.019406 
[520]	train-rmse:0.200015+0.005202	test-rmse:0.219655+0.019408 
[521]	train-rmse:0.200023+0.005208	test-rmse:0.219651+0.019417 
[522]	train-rmse:0.200017+0.005204	test-rmse:0.219657+0.019411 
[523]	train-rmse:0.200024+0.005208	test-rmse:0.219647+0.019413 
[524]	train-rmse:0.200019+0.005208	test-rmse:0.219643+0.019415 
[525]	train-rmse:0.200023+0.005204	test-rmse:0.219639+0.019419 
[526]	train-rmse:0.200025+0.005202	test-rmse:0.219641+0.019417 
[527]	train-rmse:0.200034+0.005209	test-rmse:0.219636+0.019427 
[528]	train-rmse:0.200038+0.005209	test-rmse:0.219639+0.019427 
[529]	train-rmse:0.200041+0.005209	test-rmse:0.219639+0.019427 
[530]	train-rmse:0.200036+0.005204	test-rmse:0.219645+0.019422 
[531]	train-rmse:0.200027+0.005204	test-rmse:0.219641+0.019406 
[532]	train-rmse:0.200019+0.005211	test-rmse:0.219634+0.019392 
[533]	train-rmse:0.200029+0.005210	test-rmse:0.219641+0.019392 
[534]	train-rmse:0.199969+0.005203	test-rmse:0.219629+0.019399 
[535]	train-rmse:0.199960+0.005188	test-rmse:0.219640+0.019383 
[536]	train-rmse:0.199960+0.005193	test-rmse:0.219638+0.019379 
[537]	train-rmse:0.199978+0.005208	test-rmse:0.219628+0.019400 
[538]	train-rmse:0.199982+0.005208	test-rmse:0.219630+0.019400 
[539]	train-rmse:0.199982+0.005204	test-rmse:0.219636+0.019400 
[540]	train-rmse:0.199992+0.005197	test-rmse:0.219646+0.019412 
[541]	train-rmse:0.199817+0.005416	test-rmse:0.219705+0.019471 
[542]	train-rmse:0.199812+0.005412	test-rmse:0.219704+0.019466 
[543]	train-rmse:0.199815+0.005413	test-rmse:0.219703+0.019469 
[544]	train-rmse:0.199809+0.005424	test-rmse:0.219692+0.019458 
[545]	train-rmse:0.199812+0.005421	test-rmse:0.219699+0.019460 
[546]	train-rmse:0.199808+0.005401	test-rmse:0.219712+0.019453 
[547]	train-rmse:0.199809+0.005402	test-rmse:0.219713+0.019453 
[548]	train-rmse:0.199824+0.005405	test-rmse:0.219706+0.019466 
[549]	train-rmse:0.199816+0.005407	test-rmse:0.219698+0.019460 
[550]	train-rmse:0.199819+0.005408	test-rmse:0.219699+0.019460 
[551]	train-rmse:0.199823+0.005407	test-rmse:0.219699+0.019459 
[552]	train-rmse:0.199825+0.005408	test-rmse:0.219701+0.019460 
[553]	train-rmse:0.199818+0.005407	test-rmse:0.219702+0.019441 
[554]	train-rmse:0.199824+0.005411	test-rmse:0.219698+0.019447 
[555]	train-rmse:0.199828+0.005411	test-rmse:0.219697+0.019448 
Stopping. Best iteration:
[505]	train-rmse:0.199975+0.005222	test-rmse:0.219612+0.019408

> hgrid <-
+   dplyr::bind_cols(xgboost_params[index, ], dart.cv$evaluation_log[dart.cv$best_iteration, ], best_iter = dart.cv$best_iteration)
> 
> # write result
> fname <- file.path('data-raw', 'tune', year, 'array', paste0('tune_', index, '.tsv'))
> readr::write_tsv(hgrid, file = fname)
> 
