> 
> # parse arguments
> args <- R.utils::commandArgs(trailingOnly = FALSE, asValues = TRUE)
> index <- as.integer(args$index)
> year <- as.character(args$year)
> nreps <- as.integer(args$nreps)
> seed <- as.integer(args$seed)
> 
> # get number of cores
> wkrs <- length(future::availableWorkers())
> 
> # set seed
> set.seed(seed)
> 
> # read and prepare the cluster features
> fp <- file.path('data-raw', 'features', year)
> clf <-
+   read_features(fp, pattern = 'paris.', recursive = FALSE)
> clf <- prepare_features(
+   clf,
+   feature_map = feature_map,
+   category = c('response', 'bio', 'net'),
+   type = 'list',
+   exclusions = c(
+     'mg2_pairs_count',
+     'mg2_not_pairs_count',
+     'mg2_portion_families_recovered',
+     'cluster_origin',
+     'bocc_origin',
+     'cluster_method',
+     'subcluster_method',
+     'year',
+     'IDs',
+     'go_sig_threshold',
+     'num_new_edges_on_any_node',
+     'HPO_ratio'
+   ),
+   verbose = TRUE
+ )
c('HPO_ratio', 'IDs', 'bocc_origin', 'cluster_method', 'cluster_origin', 'go_sig_threshold', 'max_norm_cell_type_comma_sep_string', 'max_norm_disease_comma_sep_string', 'mg2_not_pairs_count', 'mg2_pairs_count', 'mg2_portion_families_recovered', 'num_new_edges_on_any_node', 'sig_go_enrichment_fdr_corrected_p_vals', 'sig_go_enrichment_p_vals', 'sig_go_enrichment_terms', 'subcluster_method', 'year')

> 
> # prepare grid of parameters
> xgboost_params <- dials::parameters(
+   nrounds = dials::trees(),
+   eta = dials::learn_rate(),
+   gamma = dials::loss_reduction(),
+   dials::tree_depth(),
+   subsample = dials::sample_prop(),
+   rate_drop = dials::dropout(),
+   skip_drop = dials::dropout()
+ )
> xgboost_params <-
+   dials::grid_max_entropy(xgboost_params, size = nreps)
> 
> # tune the dart booster
> dart.param <-
+   list(
+     booster = "dart",
+     objective = "reg:logistic",
+     eval_metric = "rmse",
+     nthread = wkrs,
+     max_depth = xgboost_params$tree_depth[index],
+     eta = xgboost_params$eta[index],
+     gamma = xgboost_params$gamma[index],
+     subsample = xgboost_params$subsample[index],
+     rate_drop = xgboost_params$rate_drop[index],
+     skip_drop = xgboost_params$skip_drop[index]
+   )
> dart.cv <- xgboost::xgb.cv(
+   params = dart.param,
+   nrounds = xgboost_params$nrounds[index],
+   data = as.matrix(clf[, -1]),
+   nfold = 5,
+   label = clf$snowballing_pvalue,
+   early_stopping_rounds = 50
+ )
[1]	train-rmse:0.414300+0.001010	test-rmse:0.414295+0.004066 
Multiple eval metrics are present. Will use test_rmse for early stopping.
Will train until test_rmse hasn't improved in 50 rounds.

[2]	train-rmse:0.410883+0.001081	test-rmse:0.410883+0.003998 
[3]	train-rmse:0.408181+0.000951	test-rmse:0.408217+0.004587 
[4]	train-rmse:0.405794+0.001348	test-rmse:0.405826+0.004159 
[5]	train-rmse:0.403610+0.001597	test-rmse:0.403577+0.003666 
[6]	train-rmse:0.401698+0.001576	test-rmse:0.401728+0.004119 
[7]	train-rmse:0.400090+0.002579	test-rmse:0.400164+0.004022 
[8]	train-rmse:0.398467+0.002362	test-rmse:0.398542+0.004864 
[9]	train-rmse:0.397566+0.003180	test-rmse:0.397687+0.005585 
[10]	train-rmse:0.396207+0.004331	test-rmse:0.396384+0.005853 
[11]	train-rmse:0.394312+0.004652	test-rmse:0.394528+0.006363 
[12]	train-rmse:0.393499+0.005585	test-rmse:0.393765+0.007205 
[13]	train-rmse:0.392176+0.006362	test-rmse:0.392432+0.008102 
[14]	train-rmse:0.390250+0.007105	test-rmse:0.390608+0.008064 
[15]	train-rmse:0.388035+0.007324	test-rmse:0.388457+0.008032 
[16]	train-rmse:0.386255+0.008176	test-rmse:0.386776+0.008203 
[17]	train-rmse:0.385076+0.007227	test-rmse:0.385510+0.007791 
[18]	train-rmse:0.383808+0.007018	test-rmse:0.384176+0.007195 
[19]	train-rmse:0.382156+0.006350	test-rmse:0.382435+0.006585 
[20]	train-rmse:0.381485+0.007248	test-rmse:0.381823+0.007465 
[21]	train-rmse:0.379303+0.007584	test-rmse:0.379596+0.007814 
[22]	train-rmse:0.378683+0.007458	test-rmse:0.378912+0.007990 
[23]	train-rmse:0.377078+0.007325	test-rmse:0.377368+0.008075 
[24]	train-rmse:0.375242+0.006513	test-rmse:0.375545+0.006978 
[25]	train-rmse:0.373528+0.007294	test-rmse:0.373940+0.006852 
[26]	train-rmse:0.372419+0.007747	test-rmse:0.372813+0.007630 
[27]	train-rmse:0.370330+0.007611	test-rmse:0.370730+0.007953 
[28]	train-rmse:0.368804+0.006988	test-rmse:0.369096+0.007679 
[29]	train-rmse:0.367332+0.007326	test-rmse:0.367639+0.007771 
[30]	train-rmse:0.364876+0.007353	test-rmse:0.365190+0.007665 
[31]	train-rmse:0.363824+0.006603	test-rmse:0.364146+0.007221 
[32]	train-rmse:0.362467+0.006783	test-rmse:0.362858+0.007434 
[33]	train-rmse:0.361814+0.006928	test-rmse:0.362205+0.006865 
[34]	train-rmse:0.360302+0.007674	test-rmse:0.360719+0.007381 
[35]	train-rmse:0.358494+0.007840	test-rmse:0.358935+0.007089 
[36]	train-rmse:0.357913+0.007560	test-rmse:0.358399+0.006526 
[37]	train-rmse:0.356984+0.007514	test-rmse:0.357440+0.006442 
[38]	train-rmse:0.354758+0.007256	test-rmse:0.355196+0.006333 
[39]	train-rmse:0.353873+0.006593	test-rmse:0.354218+0.006587 
[40]	train-rmse:0.352908+0.006719	test-rmse:0.353223+0.007125 
[41]	train-rmse:0.351450+0.006217	test-rmse:0.351741+0.006300 
[42]	train-rmse:0.349754+0.006642	test-rmse:0.350093+0.006095 
[43]	train-rmse:0.349324+0.006925	test-rmse:0.349663+0.005858 
[44]	train-rmse:0.347929+0.005869	test-rmse:0.348210+0.005613 
[45]	train-rmse:0.346533+0.005822	test-rmse:0.346881+0.005617 
[46]	train-rmse:0.345226+0.006568	test-rmse:0.345681+0.005126 
[47]	train-rmse:0.344386+0.006876	test-rmse:0.344838+0.005856 
[48]	train-rmse:0.343424+0.006674	test-rmse:0.343838+0.005654 
[49]	train-rmse:0.342680+0.006897	test-rmse:0.343083+0.006254 
[50]	train-rmse:0.341491+0.007485	test-rmse:0.341888+0.006741 
[51]	train-rmse:0.341036+0.007274	test-rmse:0.341475+0.006197 
[52]	train-rmse:0.339776+0.007523	test-rmse:0.340252+0.006508 
[53]	train-rmse:0.338532+0.006722	test-rmse:0.338944+0.006539 
[54]	train-rmse:0.338067+0.006707	test-rmse:0.338525+0.006139 
[55]	train-rmse:0.336984+0.007351	test-rmse:0.337538+0.005721 
[56]	train-rmse:0.336256+0.008012	test-rmse:0.336867+0.005741 
[57]	train-rmse:0.335146+0.008474	test-rmse:0.335748+0.006256 
[58]	train-rmse:0.334833+0.008936	test-rmse:0.335484+0.006596 
[59]	train-rmse:0.333724+0.008967	test-rmse:0.334439+0.006505 
[60]	train-rmse:0.332621+0.009279	test-rmse:0.333307+0.006891 
[61]	train-rmse:0.331960+0.009869	test-rmse:0.332695+0.006976 
[62]	train-rmse:0.331223+0.009615	test-rmse:0.331929+0.006602 
[63]	train-rmse:0.330503+0.009442	test-rmse:0.331179+0.006338 
[64]	train-rmse:0.329480+0.009517	test-rmse:0.330183+0.006471 
[65]	train-rmse:0.328783+0.009924	test-rmse:0.329584+0.006379 
[66]	train-rmse:0.328427+0.009682	test-rmse:0.329160+0.006704 
[67]	train-rmse:0.327704+0.009653	test-rmse:0.328366+0.006926 
[68]	train-rmse:0.326007+0.009357	test-rmse:0.326656+0.006691 
[69]	train-rmse:0.324652+0.009259	test-rmse:0.325242+0.007032 
[70]	train-rmse:0.323985+0.009387	test-rmse:0.324615+0.006499 
[71]	train-rmse:0.322640+0.009394	test-rmse:0.323329+0.005945 
[72]	train-rmse:0.321934+0.009144	test-rmse:0.322601+0.005935 
[73]	train-rmse:0.321281+0.008994	test-rmse:0.321935+0.005986 
[74]	train-rmse:0.320937+0.009216	test-rmse:0.321590+0.005864 
[75]	train-rmse:0.320378+0.009311	test-rmse:0.320975+0.006238 
[76]	train-rmse:0.319705+0.008819	test-rmse:0.320313+0.005613 
[77]	train-rmse:0.318710+0.009166	test-rmse:0.319327+0.005964 
[78]	train-rmse:0.317483+0.009229	test-rmse:0.318163+0.005466 
[79]	train-rmse:0.316836+0.009398	test-rmse:0.317502+0.006236 
[80]	train-rmse:0.315990+0.009462	test-rmse:0.316634+0.006380 
[81]	train-rmse:0.315178+0.009821	test-rmse:0.315802+0.007014 
[82]	train-rmse:0.314642+0.010343	test-rmse:0.315318+0.007115 
[83]	train-rmse:0.313345+0.010224	test-rmse:0.314014+0.007154 
[84]	train-rmse:0.312732+0.009927	test-rmse:0.313368+0.006870 
[85]	train-rmse:0.312259+0.010415	test-rmse:0.312944+0.006994 
[86]	train-rmse:0.311853+0.010836	test-rmse:0.312582+0.007126 
[87]	train-rmse:0.311424+0.011018	test-rmse:0.312182+0.006928 
[88]	train-rmse:0.310541+0.011056	test-rmse:0.311348+0.006554 
[89]	train-rmse:0.309795+0.010609	test-rmse:0.310508+0.006755 
[90]	train-rmse:0.309331+0.010497	test-rmse:0.310018+0.006685 
[91]	train-rmse:0.308741+0.010360	test-rmse:0.309453+0.006591 
[92]	train-rmse:0.308275+0.009876	test-rmse:0.308905+0.006867 
[93]	train-rmse:0.307279+0.010176	test-rmse:0.307955+0.006909 
[94]	train-rmse:0.306591+0.009868	test-rmse:0.307178+0.007268 
[95]	train-rmse:0.306154+0.010355	test-rmse:0.306792+0.007388 
[96]	train-rmse:0.305388+0.010171	test-rmse:0.306083+0.006945 
[97]	train-rmse:0.304401+0.009736	test-rmse:0.305032+0.007008 
[98]	train-rmse:0.303710+0.010028	test-rmse:0.304319+0.007561 
[99]	train-rmse:0.303212+0.010220	test-rmse:0.303913+0.007190 
[100]	train-rmse:0.302564+0.010245	test-rmse:0.303269+0.007461 
[101]	train-rmse:0.302017+0.009647	test-rmse:0.302623+0.007798 
[102]	train-rmse:0.301850+0.009805	test-rmse:0.302453+0.007828 
[103]	train-rmse:0.301449+0.010249	test-rmse:0.302101+0.007896 
[104]	train-rmse:0.300994+0.010053	test-rmse:0.301611+0.008071 
[105]	train-rmse:0.300622+0.010455	test-rmse:0.301280+0.008137 
[106]	train-rmse:0.299936+0.009904	test-rmse:0.300525+0.008276 
[107]	train-rmse:0.299530+0.009945	test-rmse:0.300049+0.008791 
[108]	train-rmse:0.299521+0.009943	test-rmse:0.300039+0.008790 
[109]	train-rmse:0.298941+0.009975	test-rmse:0.299473+0.008753 
[110]	train-rmse:0.298286+0.009775	test-rmse:0.298867+0.008412 
[111]	train-rmse:0.298019+0.009732	test-rmse:0.298642+0.008069 
[112]	train-rmse:0.298012+0.009731	test-rmse:0.298635+0.008070 
[113]	train-rmse:0.297546+0.009611	test-rmse:0.298188+0.008033 
[114]	train-rmse:0.297070+0.009930	test-rmse:0.297776+0.007839 
[115]	train-rmse:0.296904+0.009806	test-rmse:0.297561+0.008159 
[116]	train-rmse:0.296578+0.009859	test-rmse:0.297219+0.008526 
[117]	train-rmse:0.295977+0.009952	test-rmse:0.296660+0.008536 
[118]	train-rmse:0.295471+0.010265	test-rmse:0.296221+0.008317 
[119]	train-rmse:0.294982+0.010020	test-rmse:0.295682+0.008666 
[120]	train-rmse:0.294380+0.009524	test-rmse:0.295014+0.008857 
[121]	train-rmse:0.293767+0.009361	test-rmse:0.294450+0.008550 
[122]	train-rmse:0.293193+0.009199	test-rmse:0.293824+0.008888 
[123]	train-rmse:0.292703+0.008975	test-rmse:0.293265+0.009152 
[124]	train-rmse:0.292323+0.008816	test-rmse:0.292849+0.009385 
[125]	train-rmse:0.291830+0.008468	test-rmse:0.292370+0.009114 
[126]	train-rmse:0.290814+0.008334	test-rmse:0.291347+0.009273 
[127]	train-rmse:0.290651+0.008462	test-rmse:0.291182+0.009248 
[128]	train-rmse:0.290267+0.008612	test-rmse:0.290835+0.008986 
[129]	train-rmse:0.289789+0.008658	test-rmse:0.290365+0.009179 
[130]	train-rmse:0.289258+0.008539	test-rmse:0.289879+0.008952 
[131]	train-rmse:0.288790+0.008515	test-rmse:0.289378+0.009184 
[132]	train-rmse:0.288427+0.008323	test-rmse:0.288983+0.009194 
[133]	train-rmse:0.288116+0.008214	test-rmse:0.288646+0.009219 
[134]	train-rmse:0.287777+0.007824	test-rmse:0.288228+0.009613 
[135]	train-rmse:0.287387+0.007658	test-rmse:0.287802+0.009689 
[136]	train-rmse:0.287094+0.007664	test-rmse:0.287487+0.009738 
[137]	train-rmse:0.286499+0.007537	test-rmse:0.286830+0.010174 
[138]	train-rmse:0.285789+0.007540	test-rmse:0.286105+0.010380 
[139]	train-rmse:0.285785+0.007539	test-rmse:0.286100+0.010380 
[140]	train-rmse:0.285325+0.007322	test-rmse:0.285596+0.010747 
[141]	train-rmse:0.284851+0.007335	test-rmse:0.285137+0.010593 
[142]	train-rmse:0.284433+0.007300	test-rmse:0.284709+0.010646 
[143]	train-rmse:0.283707+0.007151	test-rmse:0.283963+0.010861 
[144]	train-rmse:0.283409+0.007031	test-rmse:0.283633+0.010969 
[145]	train-rmse:0.283405+0.007031	test-rmse:0.283629+0.010970 
[146]	train-rmse:0.283024+0.007087	test-rmse:0.283266+0.011003 
[147]	train-rmse:0.282617+0.007027	test-rmse:0.282898+0.010889 
[148]	train-rmse:0.282384+0.007015	test-rmse:0.282678+0.010939 
[149]	train-rmse:0.281995+0.006956	test-rmse:0.282299+0.010865 
[150]	train-rmse:0.281593+0.006727	test-rmse:0.281810+0.011285 
[151]	train-rmse:0.281475+0.006858	test-rmse:0.281730+0.011229 
[152]	train-rmse:0.281246+0.007003	test-rmse:0.281563+0.011061 
[153]	train-rmse:0.280827+0.006672	test-rmse:0.281085+0.011364 
[154]	train-rmse:0.280283+0.006555	test-rmse:0.280552+0.011461 
[155]	train-rmse:0.279941+0.006553	test-rmse:0.280226+0.011509 
[156]	train-rmse:0.279858+0.006626	test-rmse:0.280140+0.011492 
[157]	train-rmse:0.279505+0.006425	test-rmse:0.279736+0.011856 
[158]	train-rmse:0.279275+0.006171	test-rmse:0.279438+0.012191 
[159]	train-rmse:0.278987+0.006307	test-rmse:0.279180+0.012011 
[160]	train-rmse:0.278861+0.006185	test-rmse:0.279031+0.012126 
[161]	train-rmse:0.278803+0.006237	test-rmse:0.278972+0.012114 
[162]	train-rmse:0.278728+0.006309	test-rmse:0.278895+0.012099 
[163]	train-rmse:0.278389+0.006314	test-rmse:0.278548+0.012211 
[164]	train-rmse:0.278294+0.006408	test-rmse:0.278450+0.012195 
[165]	train-rmse:0.278187+0.006277	test-rmse:0.278296+0.012420 
[166]	train-rmse:0.277742+0.006389	test-rmse:0.277874+0.012444 
[167]	train-rmse:0.277441+0.006481	test-rmse:0.277558+0.012610 
[168]	train-rmse:0.277382+0.006540	test-rmse:0.277497+0.012603 
[169]	train-rmse:0.277006+0.006404	test-rmse:0.277089+0.012751 
[170]	train-rmse:0.276722+0.006292	test-rmse:0.276821+0.012692 
[171]	train-rmse:0.276440+0.006352	test-rmse:0.276535+0.012696 
[172]	train-rmse:0.276322+0.006475	test-rmse:0.276460+0.012633 
[173]	train-rmse:0.276161+0.006537	test-rmse:0.276328+0.012511 
[174]	train-rmse:0.275863+0.006599	test-rmse:0.276082+0.012410 
[175]	train-rmse:0.275552+0.006568	test-rmse:0.275769+0.012409 
[176]	train-rmse:0.275202+0.006609	test-rmse:0.275412+0.012548 
[177]	train-rmse:0.274891+0.006564	test-rmse:0.275124+0.012555 
[178]	train-rmse:0.274525+0.006649	test-rmse:0.274788+0.012511 
[179]	train-rmse:0.274355+0.006624	test-rmse:0.274625+0.012565 
[180]	train-rmse:0.274037+0.006683	test-rmse:0.274333+0.012560 
[181]	train-rmse:0.273834+0.006830	test-rmse:0.274195+0.012416 
[182]	train-rmse:0.273623+0.006587	test-rmse:0.273914+0.012739 
[183]	train-rmse:0.273511+0.006528	test-rmse:0.273782+0.012877 
[184]	train-rmse:0.273376+0.006359	test-rmse:0.273592+0.013124 
[185]	train-rmse:0.273159+0.006182	test-rmse:0.273313+0.013392 
[186]	train-rmse:0.272907+0.006380	test-rmse:0.273117+0.013253 
[187]	train-rmse:0.272792+0.006421	test-rmse:0.273031+0.013156 
[188]	train-rmse:0.272626+0.006231	test-rmse:0.272809+0.013407 
[189]	train-rmse:0.272358+0.006217	test-rmse:0.272516+0.013510 
[190]	train-rmse:0.272357+0.006216	test-rmse:0.272514+0.013511 
[191]	train-rmse:0.272304+0.006261	test-rmse:0.272459+0.013499 
[192]	train-rmse:0.272086+0.006294	test-rmse:0.272240+0.013542 
[193]	train-rmse:0.271859+0.006364	test-rmse:0.272054+0.013492 
[194]	train-rmse:0.271609+0.006336	test-rmse:0.271800+0.013623 
[195]	train-rmse:0.271510+0.006237	test-rmse:0.271681+0.013716 
[196]	train-rmse:0.271443+0.006172	test-rmse:0.271598+0.013781 
[197]	train-rmse:0.271274+0.006134	test-rmse:0.271435+0.013795 
[198]	train-rmse:0.271200+0.006170	test-rmse:0.271381+0.013736 
[199]	train-rmse:0.271066+0.006020	test-rmse:0.271201+0.013937 
[200]	train-rmse:0.270719+0.005958	test-rmse:0.270852+0.014084 
[201]	train-rmse:0.270575+0.005945	test-rmse:0.270688+0.014141 
[202]	train-rmse:0.270408+0.006016	test-rmse:0.270553+0.014132 
[203]	train-rmse:0.270175+0.006133	test-rmse:0.270378+0.014053 
[204]	train-rmse:0.270125+0.006190	test-rmse:0.270349+0.014028 
[205]	train-rmse:0.269994+0.006019	test-rmse:0.270158+0.014278 
[206]	train-rmse:0.269801+0.005912	test-rmse:0.269931+0.014492 
[207]	train-rmse:0.269517+0.005867	test-rmse:0.269641+0.014652 
[208]	train-rmse:0.269188+0.005769	test-rmse:0.269271+0.014829 
[209]	train-rmse:0.268983+0.005816	test-rmse:0.269096+0.014827 
[210]	train-rmse:0.268839+0.005747	test-rmse:0.268906+0.014972 
[211]	train-rmse:0.268838+0.005747	test-rmse:0.268905+0.014972 
[212]	train-rmse:0.268642+0.005646	test-rmse:0.268675+0.015188 
[213]	train-rmse:0.268599+0.005671	test-rmse:0.268629+0.015173 
[214]	train-rmse:0.268496+0.005729	test-rmse:0.268539+0.015116 
[215]	train-rmse:0.268364+0.005578	test-rmse:0.268354+0.015335 
[216]	train-rmse:0.268304+0.005650	test-rmse:0.268322+0.015305 
[217]	train-rmse:0.268153+0.005672	test-rmse:0.268184+0.015357 
[218]	train-rmse:0.267985+0.005719	test-rmse:0.268026+0.015381 
[219]	train-rmse:0.267779+0.005732	test-rmse:0.267834+0.015439 
[220]	train-rmse:0.267717+0.005765	test-rmse:0.267769+0.015418 
[221]	train-rmse:0.267583+0.005822	test-rmse:0.267644+0.015442 
[222]	train-rmse:0.267395+0.005831	test-rmse:0.267468+0.015501 
[223]	train-rmse:0.267395+0.005831	test-rmse:0.267467+0.015502 
[224]	train-rmse:0.267394+0.005831	test-rmse:0.267466+0.015502 
[225]	train-rmse:0.267325+0.005866	test-rmse:0.267410+0.015461 
[226]	train-rmse:0.267203+0.005970	test-rmse:0.267311+0.015413 
[227]	train-rmse:0.267093+0.005845	test-rmse:0.267152+0.015600 
[228]	train-rmse:0.266973+0.005808	test-rmse:0.267027+0.015646 
[229]	train-rmse:0.266880+0.005786	test-rmse:0.266918+0.015696 
[230]	train-rmse:0.266769+0.005882	test-rmse:0.266853+0.015631 
[231]	train-rmse:0.266769+0.005882	test-rmse:0.266852+0.015631 
[232]	train-rmse:0.266701+0.005947	test-rmse:0.266804+0.015604 
[233]	train-rmse:0.266667+0.005921	test-rmse:0.266761+0.015642 
[234]	train-rmse:0.266487+0.005891	test-rmse:0.266573+0.015764 
[235]	train-rmse:0.266424+0.005796	test-rmse:0.266470+0.015913 
[236]	train-rmse:0.266365+0.005825	test-rmse:0.266430+0.015871 
[237]	train-rmse:0.266262+0.005784	test-rmse:0.266308+0.016002 
[238]	train-rmse:0.266193+0.005749	test-rmse:0.266223+0.016100 
[239]	train-rmse:0.266102+0.005838	test-rmse:0.266159+0.016064 
[240]	train-rmse:0.265981+0.005853	test-rmse:0.266052+0.016081 
[241]	train-rmse:0.265728+0.005878	test-rmse:0.265815+0.016136 
[242]	train-rmse:0.265635+0.005963	test-rmse:0.265747+0.016101 
[243]	train-rmse:0.265591+0.005930	test-rmse:0.265692+0.016149 
[244]	train-rmse:0.265494+0.005931	test-rmse:0.265597+0.016206 
[245]	train-rmse:0.265369+0.005883	test-rmse:0.265458+0.016288 
[246]	train-rmse:0.265270+0.005767	test-rmse:0.265309+0.016473 
[247]	train-rmse:0.265253+0.005755	test-rmse:0.265286+0.016493 
[248]	train-rmse:0.265112+0.005772	test-rmse:0.265160+0.016525 
[249]	train-rmse:0.265051+0.005736	test-rmse:0.265081+0.016621 
[250]	train-rmse:0.264929+0.005663	test-rmse:0.264915+0.016752 
[251]	train-rmse:0.264851+0.005712	test-rmse:0.264854+0.016746 
[252]	train-rmse:0.264751+0.005698	test-rmse:0.264736+0.016780 
[253]	train-rmse:0.264652+0.005745	test-rmse:0.264657+0.016723 
[254]	train-rmse:0.264541+0.005785	test-rmse:0.264568+0.016741 
[255]	train-rmse:0.264399+0.005754	test-rmse:0.264405+0.016885 
[256]	train-rmse:0.264337+0.005734	test-rmse:0.264331+0.016920 
[257]	train-rmse:0.264212+0.005643	test-rmse:0.264157+0.017077 
[258]	train-rmse:0.264024+0.005671	test-rmse:0.263974+0.017154 
[259]	train-rmse:0.263896+0.005697	test-rmse:0.263862+0.017128 
[260]	train-rmse:0.263832+0.005698	test-rmse:0.263797+0.017192 
[261]	train-rmse:0.263748+0.005678	test-rmse:0.263696+0.017283 
[262]	train-rmse:0.263638+0.005613	test-rmse:0.263558+0.017401 
[263]	train-rmse:0.263576+0.005636	test-rmse:0.263496+0.017393 
[264]	train-rmse:0.263420+0.005584	test-rmse:0.263321+0.017507 
[265]	train-rmse:0.263306+0.005534	test-rmse:0.263165+0.017615 
[266]	train-rmse:0.263273+0.005552	test-rmse:0.263143+0.017593 
[267]	train-rmse:0.263225+0.005561	test-rmse:0.263087+0.017596 
[268]	train-rmse:0.263193+0.005529	test-rmse:0.263034+0.017657 
[269]	train-rmse:0.263052+0.005594	test-rmse:0.262929+0.017628 
[270]	train-rmse:0.262963+0.005610	test-rmse:0.262849+0.017661 
[271]	train-rmse:0.262928+0.005627	test-rmse:0.262816+0.017646 
[272]	train-rmse:0.262896+0.005642	test-rmse:0.262781+0.017634 
[273]	train-rmse:0.262833+0.005684	test-rmse:0.262736+0.017624 
[274]	train-rmse:0.262766+0.005693	test-rmse:0.262670+0.017644 
[275]	train-rmse:0.262766+0.005693	test-rmse:0.262670+0.017644 
[276]	train-rmse:0.262752+0.005699	test-rmse:0.262655+0.017640 
[277]	train-rmse:0.262636+0.005772	test-rmse:0.262573+0.017581 
[278]	train-rmse:0.262524+0.005792	test-rmse:0.262473+0.017608 
[279]	train-rmse:0.262442+0.005750	test-rmse:0.262360+0.017696 
[280]	train-rmse:0.262377+0.005799	test-rmse:0.262314+0.017670 
[281]	train-rmse:0.262281+0.005824	test-rmse:0.262238+0.017679 
[282]	train-rmse:0.262267+0.005840	test-rmse:0.262234+0.017675 
[283]	train-rmse:0.262229+0.005825	test-rmse:0.262179+0.017714 
[284]	train-rmse:0.262127+0.005780	test-rmse:0.262042+0.017825 
[285]	train-rmse:0.262078+0.005779	test-rmse:0.261997+0.017831 
[286]	train-rmse:0.262018+0.005772	test-rmse:0.261925+0.017852 
[287]	train-rmse:0.261947+0.005696	test-rmse:0.261815+0.017975 
[288]	train-rmse:0.261925+0.005699	test-rmse:0.261787+0.017980 
[289]	train-rmse:0.261826+0.005755	test-rmse:0.261714+0.017958 
[290]	train-rmse:0.261763+0.005730	test-rmse:0.261636+0.018020 
[291]	train-rmse:0.261664+0.005750	test-rmse:0.261552+0.018062 
[292]	train-rmse:0.261616+0.005711	test-rmse:0.261479+0.018135 
[293]	train-rmse:0.261560+0.005739	test-rmse:0.261443+0.018149 
[294]	train-rmse:0.261523+0.005770	test-rmse:0.261417+0.018138 
[295]	train-rmse:0.261477+0.005747	test-rmse:0.261358+0.018216 
[296]	train-rmse:0.261405+0.005776	test-rmse:0.261308+0.018222 
[297]	train-rmse:0.261382+0.005755	test-rmse:0.261273+0.018264 
[298]	train-rmse:0.261317+0.005706	test-rmse:0.261173+0.018357 
[299]	train-rmse:0.261229+0.005727	test-rmse:0.261101+0.018385 
[300]	train-rmse:0.261198+0.005756	test-rmse:0.261085+0.018378 
[301]	train-rmse:0.261113+0.005796	test-rmse:0.261026+0.018373 
[302]	train-rmse:0.261054+0.005739	test-rmse:0.260932+0.018492 
[303]	train-rmse:0.260980+0.005686	test-rmse:0.260823+0.018586 
[304]	train-rmse:0.260931+0.005646	test-rmse:0.260740+0.018672 
[305]	train-rmse:0.260884+0.005629	test-rmse:0.260669+0.018723 
[306]	train-rmse:0.260853+0.005629	test-rmse:0.260638+0.018763 
[307]	train-rmse:0.260823+0.005646	test-rmse:0.260621+0.018746 
[308]	train-rmse:0.260782+0.005661	test-rmse:0.260593+0.018762 
[309]	train-rmse:0.260776+0.005646	test-rmse:0.260582+0.018781 
[310]	train-rmse:0.260721+0.005693	test-rmse:0.260560+0.018758 
[311]	train-rmse:0.260673+0.005709	test-rmse:0.260525+0.018777 
[312]	train-rmse:0.260637+0.005744	test-rmse:0.260509+0.018771 
[313]	train-rmse:0.260568+0.005771	test-rmse:0.260452+0.018780 
[314]	train-rmse:0.260524+0.005766	test-rmse:0.260395+0.018821 
[315]	train-rmse:0.260518+0.005769	test-rmse:0.260390+0.018818 
[316]	train-rmse:0.260505+0.005787	test-rmse:0.260378+0.018800 
[317]	train-rmse:0.260494+0.005800	test-rmse:0.260376+0.018799 
[318]	train-rmse:0.260431+0.005815	test-rmse:0.260329+0.018807 
[319]	train-rmse:0.260416+0.005788	test-rmse:0.260297+0.018843 
[320]	train-rmse:0.260393+0.005769	test-rmse:0.260258+0.018887 
[321]	train-rmse:0.260381+0.005785	test-rmse:0.260257+0.018887 
[322]	train-rmse:0.260375+0.005792	test-rmse:0.260257+0.018887 
[323]	train-rmse:0.260323+0.005782	test-rmse:0.260201+0.018919 
[324]	train-rmse:0.260239+0.005770	test-rmse:0.260113+0.019000 
[325]	train-rmse:0.260232+0.005779	test-rmse:0.260113+0.018999 
[326]	train-rmse:0.260191+0.005802	test-rmse:0.260083+0.018980 
[327]	train-rmse:0.260151+0.005825	test-rmse:0.260054+0.018961 
[328]	train-rmse:0.260086+0.005798	test-rmse:0.259970+0.019045 
[329]	train-rmse:0.260082+0.005799	test-rmse:0.259965+0.019044 
[330]	train-rmse:0.260043+0.005800	test-rmse:0.259925+0.019067 
[331]	train-rmse:0.260032+0.005791	test-rmse:0.259910+0.019079 
[332]	train-rmse:0.259964+0.005779	test-rmse:0.259835+0.019164 
[333]	train-rmse:0.259957+0.005769	test-rmse:0.259820+0.019186 
[334]	train-rmse:0.259957+0.005769	test-rmse:0.259820+0.019186 
[335]	train-rmse:0.259922+0.005731	test-rmse:0.259758+0.019269 
[336]	train-rmse:0.259922+0.005731	test-rmse:0.259758+0.019269 
[337]	train-rmse:0.259888+0.005694	test-rmse:0.259700+0.019335 
[338]	train-rmse:0.259848+0.005668	test-rmse:0.259643+0.019399 
[339]	train-rmse:0.259844+0.005674	test-rmse:0.259643+0.019399 
[340]	train-rmse:0.259789+0.005670	test-rmse:0.259581+0.019448 
[341]	train-rmse:0.259714+0.005691	test-rmse:0.259518+0.019448 
[342]	train-rmse:0.259688+0.005673	test-rmse:0.259472+0.019496 
[343]	train-rmse:0.259613+0.005659	test-rmse:0.259380+0.019554 
[344]	train-rmse:0.259614+0.005659	test-rmse:0.259380+0.019554 
[345]	train-rmse:0.259573+0.005666	test-rmse:0.259344+0.019573 
[346]	train-rmse:0.259562+0.005680	test-rmse:0.259344+0.019573 
[347]	train-rmse:0.259505+0.005645	test-rmse:0.259259+0.019652 
[348]	train-rmse:0.259471+0.005659	test-rmse:0.259234+0.019658 
[349]	train-rmse:0.259425+0.005646	test-rmse:0.259169+0.019729 
[350]	train-rmse:0.259365+0.005646	test-rmse:0.259099+0.019783 
[351]	train-rmse:0.259330+0.005656	test-rmse:0.259073+0.019786 
[352]	train-rmse:0.259295+0.005671	test-rmse:0.259045+0.019788 
[353]	train-rmse:0.259284+0.005667	test-rmse:0.259027+0.019802 
[354]	train-rmse:0.259250+0.005661	test-rmse:0.258992+0.019817 
[355]	train-rmse:0.259222+0.005675	test-rmse:0.258973+0.019819 
[356]	train-rmse:0.259212+0.005679	test-rmse:0.258961+0.019815 
[357]	train-rmse:0.259163+0.005693	test-rmse:0.258925+0.019825 
[358]	train-rmse:0.259143+0.005692	test-rmse:0.258899+0.019827 
[359]	train-rmse:0.259110+0.005673	test-rmse:0.258846+0.019874 
[360]	train-rmse:0.259093+0.005687	test-rmse:0.258839+0.019868 
[361]	train-rmse:0.259076+0.005708	test-rmse:0.258842+0.019870 
[362]	train-rmse:0.259037+0.005683	test-rmse:0.258774+0.019953 
[363]	train-rmse:0.259021+0.005669	test-rmse:0.258750+0.019971 
[364]	train-rmse:0.259006+0.005674	test-rmse:0.258732+0.019966 
[365]	train-rmse:0.258974+0.005684	test-rmse:0.258708+0.019967 
[366]	train-rmse:0.258943+0.005671	test-rmse:0.258658+0.020017 
[367]	train-rmse:0.258896+0.005645	test-rmse:0.258591+0.020083 
[368]	train-rmse:0.258867+0.005665	test-rmse:0.258576+0.020073 
[369]	train-rmse:0.258829+0.005670	test-rmse:0.258550+0.020098 
[370]	train-rmse:0.258785+0.005709	test-rmse:0.258535+0.020084 
[371]	train-rmse:0.258762+0.005704	test-rmse:0.258510+0.020097 
[372]	train-rmse:0.258743+0.005716	test-rmse:0.258501+0.020107 
[373]	train-rmse:0.258731+0.005709	test-rmse:0.258480+0.020129 
[374]	train-rmse:0.258707+0.005717	test-rmse:0.258466+0.020141 
[375]	train-rmse:0.258660+0.005735	test-rmse:0.258435+0.020157 
[376]	train-rmse:0.258630+0.005726	test-rmse:0.258403+0.020195 
[377]	train-rmse:0.258630+0.005727	test-rmse:0.258402+0.020189 
[378]	train-rmse:0.258584+0.005732	test-rmse:0.258367+0.020217 
[379]	train-rmse:0.258567+0.005731	test-rmse:0.258347+0.020218 
[380]	train-rmse:0.258567+0.005731	test-rmse:0.258347+0.020218 
[381]	train-rmse:0.258537+0.005718	test-rmse:0.258304+0.020238 
[382]	train-rmse:0.258537+0.005724	test-rmse:0.258311+0.020230 
[383]	train-rmse:0.258511+0.005749	test-rmse:0.258310+0.020236 
[384]	train-rmse:0.258480+0.005748	test-rmse:0.258271+0.020265 
[385]	train-rmse:0.258468+0.005739	test-rmse:0.258254+0.020278 
[386]	train-rmse:0.258461+0.005728	test-rmse:0.258235+0.020306 
[387]	train-rmse:0.258442+0.005729	test-rmse:0.258219+0.020319 
[388]	train-rmse:0.258436+0.005713	test-rmse:0.258199+0.020360 
[389]	train-rmse:0.258408+0.005738	test-rmse:0.258196+0.020361 
[390]	train-rmse:0.258400+0.005739	test-rmse:0.258188+0.020370 
[391]	train-rmse:0.258407+0.005731	test-rmse:0.258185+0.020366 
[392]	train-rmse:0.258398+0.005724	test-rmse:0.258171+0.020377 
[393]	train-rmse:0.258364+0.005731	test-rmse:0.258142+0.020391 
[394]	train-rmse:0.258347+0.005718	test-rmse:0.258110+0.020434 
[395]	train-rmse:0.258331+0.005704	test-rmse:0.258085+0.020455 
[396]	train-rmse:0.258318+0.005714	test-rmse:0.258081+0.020451 
[397]	train-rmse:0.258294+0.005733	test-rmse:0.258070+0.020445 
[398]	train-rmse:0.258262+0.005728	test-rmse:0.258028+0.020487 
[399]	train-rmse:0.258262+0.005728	test-rmse:0.258028+0.020487 
[400]	train-rmse:0.258268+0.005736	test-rmse:0.258043+0.020465 
[401]	train-rmse:0.258258+0.005721	test-rmse:0.258017+0.020503 
[402]	train-rmse:0.258243+0.005705	test-rmse:0.257983+0.020559 
[403]	train-rmse:0.258222+0.005691	test-rmse:0.257947+0.020596 
[404]	train-rmse:0.258200+0.005686	test-rmse:0.257915+0.020628 
[405]	train-rmse:0.258184+0.005700	test-rmse:0.257911+0.020624 
[406]	train-rmse:0.258164+0.005711	test-rmse:0.257898+0.020624 
[407]	train-rmse:0.258160+0.005705	test-rmse:0.257886+0.020644 
[408]	train-rmse:0.258154+0.005707	test-rmse:0.257878+0.020642 
[409]	train-rmse:0.258139+0.005719	test-rmse:0.257873+0.020644 
[410]	train-rmse:0.258113+0.005713	test-rmse:0.257842+0.020702 
[411]	train-rmse:0.258108+0.005715	test-rmse:0.257836+0.020700 
[412]	train-rmse:0.258087+0.005705	test-rmse:0.257807+0.020720 
[413]	train-rmse:0.258071+0.005694	test-rmse:0.257779+0.020744 
[414]	train-rmse:0.258051+0.005681	test-rmse:0.257744+0.020794 
[415]	train-rmse:0.258046+0.005690	test-rmse:0.257751+0.020794 
[416]	train-rmse:0.258023+0.005711	test-rmse:0.257751+0.020795 
[417]	train-rmse:0.258005+0.005691	test-rmse:0.257715+0.020821 
[418]	train-rmse:0.257991+0.005701	test-rmse:0.257708+0.020817 
[419]	train-rmse:0.257989+0.005701	test-rmse:0.257706+0.020817 
[420]	train-rmse:0.257969+0.005704	test-rmse:0.257685+0.020845 
[421]	train-rmse:0.257954+0.005720	test-rmse:0.257688+0.020846 
[422]	train-rmse:0.257945+0.005722	test-rmse:0.257682+0.020849 
[423]	train-rmse:0.257915+0.005710	test-rmse:0.257635+0.020900 
[424]	train-rmse:0.257915+0.005710	test-rmse:0.257635+0.020900 
[425]	train-rmse:0.257911+0.005712	test-rmse:0.257629+0.020898 
[426]	train-rmse:0.257924+0.005699	test-rmse:0.257631+0.020899 
[427]	train-rmse:0.257917+0.005691	test-rmse:0.257615+0.020919 
[428]	train-rmse:0.257906+0.005696	test-rmse:0.257612+0.020929 
[429]	train-rmse:0.257897+0.005711	test-rmse:0.257616+0.020906 
[430]	train-rmse:0.257896+0.005711	test-rmse:0.257614+0.020905 
[431]	train-rmse:0.257878+0.005690	test-rmse:0.257573+0.020956 
[432]	train-rmse:0.257853+0.005685	test-rmse:0.257546+0.021010 
[433]	train-rmse:0.257823+0.005674	test-rmse:0.257501+0.021045 
[434]	train-rmse:0.257804+0.005677	test-rmse:0.257481+0.021066 
[435]	train-rmse:0.257788+0.005691	test-rmse:0.257480+0.021064 
[436]	train-rmse:0.257789+0.005691	test-rmse:0.257480+0.021063 
[437]	train-rmse:0.257783+0.005693	test-rmse:0.257479+0.021072 
[438]	train-rmse:0.257783+0.005699	test-rmse:0.257483+0.021056 
[439]	train-rmse:0.257782+0.005698	test-rmse:0.257481+0.021059 
[440]	train-rmse:0.257777+0.005694	test-rmse:0.257473+0.021066 
[441]	train-rmse:0.257762+0.005700	test-rmse:0.257462+0.021082 
[442]	train-rmse:0.257760+0.005700	test-rmse:0.257459+0.021081 
[443]	train-rmse:0.257760+0.005702	test-rmse:0.257464+0.021083 
[444]	train-rmse:0.257740+0.005707	test-rmse:0.257442+0.021100 
[445]	train-rmse:0.257735+0.005715	test-rmse:0.257444+0.021095 
[446]	train-rmse:0.257727+0.005703	test-rmse:0.257420+0.021131 
[447]	train-rmse:0.257722+0.005705	test-rmse:0.257413+0.021129 
[448]	train-rmse:0.257735+0.005698	test-rmse:0.257413+0.021116 
[449]	train-rmse:0.257742+0.005704	test-rmse:0.257426+0.021113 
[450]	train-rmse:0.257740+0.005702	test-rmse:0.257422+0.021119 
[451]	train-rmse:0.257728+0.005704	test-rmse:0.257410+0.021132 
[452]	train-rmse:0.257723+0.005700	test-rmse:0.257401+0.021140 
[453]	train-rmse:0.257700+0.005712	test-rmse:0.257392+0.021148 
[454]	train-rmse:0.257698+0.005718	test-rmse:0.257399+0.021149 
[455]	train-rmse:0.257690+0.005722	test-rmse:0.257394+0.021156 
[456]	train-rmse:0.257670+0.005709	test-rmse:0.257360+0.021178 
[457]	train-rmse:0.257668+0.005708	test-rmse:0.257357+0.021181 
[458]	train-rmse:0.257667+0.005711	test-rmse:0.257363+0.021189 
[459]	train-rmse:0.257653+0.005705	test-rmse:0.257339+0.021226 
[460]	train-rmse:0.257643+0.005716	test-rmse:0.257339+0.021214 
[461]	train-rmse:0.257638+0.005717	test-rmse:0.257334+0.021222 
[462]	train-rmse:0.257634+0.005715	test-rmse:0.257327+0.021235 
[463]	train-rmse:0.257631+0.005717	test-rmse:0.257325+0.021235 
[464]	train-rmse:0.257624+0.005713	test-rmse:0.257315+0.021244 
[465]	train-rmse:0.257624+0.005713	test-rmse:0.257315+0.021244 
[466]	train-rmse:0.257625+0.005712	test-rmse:0.257315+0.021244 
[467]	train-rmse:0.257621+0.005710	test-rmse:0.257309+0.021249 
[468]	train-rmse:0.257606+0.005705	test-rmse:0.257291+0.021266 
[469]	train-rmse:0.257603+0.005707	test-rmse:0.257289+0.021283 
[470]	train-rmse:0.257594+0.005708	test-rmse:0.257281+0.021288 
[471]	train-rmse:0.257599+0.005708	test-rmse:0.257289+0.021284 
[472]	train-rmse:0.257582+0.005706	test-rmse:0.257265+0.021292 
[473]	train-rmse:0.257580+0.005707	test-rmse:0.257262+0.021291 
[474]	train-rmse:0.257579+0.005703	test-rmse:0.257256+0.021299 
[475]	train-rmse:0.257580+0.005705	test-rmse:0.257261+0.021293 
[476]	train-rmse:0.257576+0.005702	test-rmse:0.257253+0.021299 
[477]	train-rmse:0.257574+0.005708	test-rmse:0.257258+0.021296 
[478]	train-rmse:0.257572+0.005702	test-rmse:0.257248+0.021313 
[479]	train-rmse:0.257549+0.005717	test-rmse:0.257250+0.021331 
[480]	train-rmse:0.257542+0.005706	test-rmse:0.257226+0.021346 
[481]	train-rmse:0.257541+0.005708	test-rmse:0.257232+0.021350 
[482]	train-rmse:0.257541+0.005715	test-rmse:0.257244+0.021341 
[483]	train-rmse:0.257540+0.005712	test-rmse:0.257237+0.021357 
[484]	train-rmse:0.257538+0.005709	test-rmse:0.257229+0.021376 
[485]	train-rmse:0.257527+0.005717	test-rmse:0.257228+0.021381 
[486]	train-rmse:0.257526+0.005717	test-rmse:0.257226+0.021381 
[487]	train-rmse:0.257515+0.005704	test-rmse:0.257197+0.021418 
[488]	train-rmse:0.257509+0.005709	test-rmse:0.257197+0.021421 
[489]	train-rmse:0.257512+0.005712	test-rmse:0.257205+0.021412 
[490]	train-rmse:0.257516+0.005707	test-rmse:0.257203+0.021413 
[491]	train-rmse:0.257509+0.005717	test-rmse:0.257212+0.021415 
[492]	train-rmse:0.257505+0.005714	test-rmse:0.257205+0.021422 
[493]	train-rmse:0.257502+0.005736	test-rmse:0.257238+0.021396 
[494]	train-rmse:0.257495+0.005734	test-rmse:0.257231+0.021421 
[495]	train-rmse:0.257491+0.005741	test-rmse:0.257232+0.021409 
[496]	train-rmse:0.257482+0.005730	test-rmse:0.257199+0.021432 
[497]	train-rmse:0.257483+0.005733	test-rmse:0.257211+0.021440 
[498]	train-rmse:0.257476+0.005719	test-rmse:0.257182+0.021474 
[499]	train-rmse:0.257476+0.005719	test-rmse:0.257182+0.021474 
[500]	train-rmse:0.257466+0.005718	test-rmse:0.257171+0.021501 
[501]	train-rmse:0.257450+0.005716	test-rmse:0.257144+0.021531 
[502]	train-rmse:0.257451+0.005713	test-rmse:0.257141+0.021541 
[503]	train-rmse:0.257453+0.005715	test-rmse:0.257146+0.021537 
[504]	train-rmse:0.257444+0.005717	test-rmse:0.257145+0.021551 
[505]	train-rmse:0.257442+0.005717	test-rmse:0.257143+0.021551 
[506]	train-rmse:0.257427+0.005712	test-rmse:0.257128+0.021576 
[507]	train-rmse:0.257428+0.005704	test-rmse:0.257109+0.021574 
[508]	train-rmse:0.257432+0.005704	test-rmse:0.257111+0.021565 
[509]	train-rmse:0.257438+0.005703	test-rmse:0.257115+0.021560 
[510]	train-rmse:0.257439+0.005703	test-rmse:0.257117+0.021560 
[511]	train-rmse:0.257427+0.005690	test-rmse:0.257091+0.021601 
[512]	train-rmse:0.257429+0.005693	test-rmse:0.257098+0.021589 
[513]	train-rmse:0.257425+0.005688	test-rmse:0.257087+0.021606 
[514]	train-rmse:0.257416+0.005691	test-rmse:0.257080+0.021611 
[515]	train-rmse:0.257417+0.005691	test-rmse:0.257081+0.021612 
[516]	train-rmse:0.257412+0.005694	test-rmse:0.257084+0.021616 
[517]	train-rmse:0.257401+0.005702	test-rmse:0.257085+0.021623 
[518]	train-rmse:0.257401+0.005702	test-rmse:0.257085+0.021623 
[519]	train-rmse:0.257397+0.005703	test-rmse:0.257081+0.021623 
[520]	train-rmse:0.257392+0.005700	test-rmse:0.257070+0.021629 
[521]	train-rmse:0.257385+0.005694	test-rmse:0.257056+0.021640 
[522]	train-rmse:0.257385+0.005695	test-rmse:0.257056+0.021641 
[523]	train-rmse:0.257378+0.005689	test-rmse:0.257036+0.021663 
[524]	train-rmse:0.257366+0.005674	test-rmse:0.256999+0.021712 
[525]	train-rmse:0.257370+0.005671	test-rmse:0.256994+0.021703 
[526]	train-rmse:0.257371+0.005677	test-rmse:0.257006+0.021687 
[527]	train-rmse:0.257372+0.005678	test-rmse:0.257009+0.021682 
[528]	train-rmse:0.257365+0.005669	test-rmse:0.256986+0.021722 
[529]	train-rmse:0.257365+0.005669	test-rmse:0.256985+0.021721 
[530]	train-rmse:0.257362+0.005670	test-rmse:0.256981+0.021720 
[531]	train-rmse:0.257362+0.005669	test-rmse:0.256980+0.021719 
[532]	train-rmse:0.257358+0.005679	test-rmse:0.256993+0.021721 
[533]	train-rmse:0.257345+0.005662	test-rmse:0.256949+0.021781 
[534]	train-rmse:0.257346+0.005656	test-rmse:0.256937+0.021791 
[535]	train-rmse:0.257340+0.005664	test-rmse:0.256947+0.021797 
[536]	train-rmse:0.257331+0.005673	test-rmse:0.256957+0.021806 
[537]	train-rmse:0.257324+0.005675	test-rmse:0.256950+0.021822 
[538]	train-rmse:0.257320+0.005667	test-rmse:0.256929+0.021857 
[539]	train-rmse:0.257314+0.005674	test-rmse:0.256935+0.021857 
[540]	train-rmse:0.257307+0.005663	test-rmse:0.256906+0.021881 
[541]	train-rmse:0.257297+0.005664	test-rmse:0.256902+0.021896 
[542]	train-rmse:0.257294+0.005663	test-rmse:0.256895+0.021910 
[543]	train-rmse:0.257292+0.005658	test-rmse:0.256882+0.021925 
[544]	train-rmse:0.257290+0.005655	test-rmse:0.256878+0.021942 
[545]	train-rmse:0.257290+0.005655	test-rmse:0.256878+0.021942 
[546]	train-rmse:0.257287+0.005651	test-rmse:0.256869+0.021947 
[547]	train-rmse:0.257287+0.005651	test-rmse:0.256869+0.021947 
[548]	train-rmse:0.257282+0.005647	test-rmse:0.256857+0.021956 
[549]	train-rmse:0.257276+0.005652	test-rmse:0.256863+0.021962 
[550]	train-rmse:0.257279+0.005662	test-rmse:0.256888+0.021933 
[551]	train-rmse:0.257275+0.005663	test-rmse:0.256883+0.021936 
[552]	train-rmse:0.257275+0.005661	test-rmse:0.256878+0.021935 
[553]	train-rmse:0.257275+0.005660	test-rmse:0.256876+0.021936 
[554]	train-rmse:0.257275+0.005652	test-rmse:0.256856+0.021952 
[555]	train-rmse:0.257273+0.005653	test-rmse:0.256859+0.021955 
[556]	train-rmse:0.257265+0.005655	test-rmse:0.256854+0.021976 
[557]	train-rmse:0.257261+0.005658	test-rmse:0.256855+0.021984 
[558]	train-rmse:0.257259+0.005657	test-rmse:0.256851+0.021985 
[559]	train-rmse:0.257258+0.005660	test-rmse:0.256857+0.021986 
[560]	train-rmse:0.257258+0.005660	test-rmse:0.256859+0.021987 
[561]	train-rmse:0.257258+0.005660	test-rmse:0.256859+0.021987 
[562]	train-rmse:0.257258+0.005660	test-rmse:0.256859+0.021987 
[563]	train-rmse:0.257256+0.005663	test-rmse:0.256864+0.021992 
[564]	train-rmse:0.257244+0.005670	test-rmse:0.256859+0.021994 
[565]	train-rmse:0.257240+0.005670	test-rmse:0.256857+0.022009 
[566]	train-rmse:0.257234+0.005661	test-rmse:0.256825+0.022049 
[567]	train-rmse:0.257233+0.005660	test-rmse:0.256823+0.022050 
[568]	train-rmse:0.257232+0.005661	test-rmse:0.256825+0.022052 
[569]	train-rmse:0.257233+0.005660	test-rmse:0.256825+0.022062 
[570]	train-rmse:0.257233+0.005660	test-rmse:0.256825+0.022062 
[571]	train-rmse:0.257237+0.005655	test-rmse:0.256822+0.022063 
[572]	train-rmse:0.257232+0.005653	test-rmse:0.256811+0.022068 
[573]	train-rmse:0.257224+0.005653	test-rmse:0.256802+0.022075 
[574]	train-rmse:0.257228+0.005652	test-rmse:0.256808+0.022076 
[575]	train-rmse:0.257223+0.005650	test-rmse:0.256802+0.022105 
[576]	train-rmse:0.257221+0.005652	test-rmse:0.256805+0.022109 
[577]	train-rmse:0.257221+0.005649	test-rmse:0.256795+0.022119 
[578]	train-rmse:0.257216+0.005649	test-rmse:0.256786+0.022117 
[579]	train-rmse:0.257208+0.005652	test-rmse:0.256784+0.022126 
[580]	train-rmse:0.257208+0.005656	test-rmse:0.256797+0.022123 
[581]	train-rmse:0.257204+0.005656	test-rmse:0.256795+0.022131 
[582]	train-rmse:0.257202+0.005658	test-rmse:0.256801+0.022136 
[583]	train-rmse:0.257203+0.005656	test-rmse:0.256799+0.022134 
[584]	train-rmse:0.257199+0.005661	test-rmse:0.256809+0.022145 
[585]	train-rmse:0.257201+0.005663	test-rmse:0.256814+0.022141 
[586]	train-rmse:0.257201+0.005663	test-rmse:0.256814+0.022141 
[587]	train-rmse:0.257197+0.005660	test-rmse:0.256801+0.022155 
[588]	train-rmse:0.257190+0.005656	test-rmse:0.256780+0.022193 
[589]	train-rmse:0.257187+0.005656	test-rmse:0.256772+0.022190 
[590]	train-rmse:0.257188+0.005657	test-rmse:0.256779+0.022173 
[591]	train-rmse:0.257185+0.005652	test-rmse:0.256761+0.022201 
[592]	train-rmse:0.257185+0.005652	test-rmse:0.256762+0.022202 
[593]	train-rmse:0.257180+0.005648	test-rmse:0.256744+0.022232 
[594]	train-rmse:0.257181+0.005648	test-rmse:0.256747+0.022227 
[595]	train-rmse:0.257179+0.005649	test-rmse:0.256742+0.022224 
[596]	train-rmse:0.257184+0.005653	test-rmse:0.256760+0.022191 
[597]	train-rmse:0.257180+0.005649	test-rmse:0.256747+0.022208 
[598]	train-rmse:0.257179+0.005649	test-rmse:0.256748+0.022210 
[599]	train-rmse:0.257178+0.005648	test-rmse:0.256745+0.022212 
[600]	train-rmse:0.257175+0.005653	test-rmse:0.256752+0.022213 
[601]	train-rmse:0.257166+0.005659	test-rmse:0.256766+0.022235 
[602]	train-rmse:0.257164+0.005656	test-rmse:0.256758+0.022241 
[603]	train-rmse:0.257160+0.005656	test-rmse:0.256751+0.022249 
[604]	train-rmse:0.257156+0.005652	test-rmse:0.256736+0.022267 
[605]	train-rmse:0.257156+0.005648	test-rmse:0.256724+0.022278 
[606]	train-rmse:0.257157+0.005648	test-rmse:0.256726+0.022276 
[607]	train-rmse:0.257153+0.005647	test-rmse:0.256711+0.022308 
[608]	train-rmse:0.257156+0.005653	test-rmse:0.256731+0.022277 
[609]	train-rmse:0.257155+0.005654	test-rmse:0.256732+0.022277 
[610]	train-rmse:0.257155+0.005655	test-rmse:0.256737+0.022281 
[611]	train-rmse:0.257153+0.005659	test-rmse:0.256748+0.022290 
[612]	train-rmse:0.257151+0.005657	test-rmse:0.256741+0.022290 
[613]	train-rmse:0.257153+0.005651	test-rmse:0.256724+0.022301 
[614]	train-rmse:0.257147+0.005648	test-rmse:0.256715+0.022329 
[615]	train-rmse:0.257146+0.005653	test-rmse:0.256728+0.022314 
[616]	train-rmse:0.257144+0.005655	test-rmse:0.256740+0.022328 
[617]	train-rmse:0.257139+0.005654	test-rmse:0.256728+0.022354 
[618]	train-rmse:0.257137+0.005651	test-rmse:0.256718+0.022367 
[619]	train-rmse:0.257132+0.005650	test-rmse:0.256706+0.022385 
[620]	train-rmse:0.257135+0.005650	test-rmse:0.256711+0.022387 
[621]	train-rmse:0.257135+0.005650	test-rmse:0.256711+0.022387 
[622]	train-rmse:0.257134+0.005647	test-rmse:0.256699+0.022395 
[623]	train-rmse:0.257132+0.005649	test-rmse:0.256703+0.022401 
[624]	train-rmse:0.257129+0.005653	test-rmse:0.256711+0.022405 
[625]	train-rmse:0.257127+0.005650	test-rmse:0.256694+0.022421 
[626]	train-rmse:0.257127+0.005648	test-rmse:0.256689+0.022428 
[627]	train-rmse:0.257126+0.005648	test-rmse:0.256686+0.022430 
[628]	train-rmse:0.257124+0.005646	test-rmse:0.256680+0.022434 
[629]	train-rmse:0.257123+0.005646	test-rmse:0.256676+0.022426 
[630]	train-rmse:0.257117+0.005641	test-rmse:0.256658+0.022450 
[631]	train-rmse:0.257118+0.005648	test-rmse:0.256687+0.022427 
[632]	train-rmse:0.257112+0.005647	test-rmse:0.256675+0.022433 
[633]	train-rmse:0.257109+0.005647	test-rmse:0.256665+0.022433 
[634]	train-rmse:0.257108+0.005645	test-rmse:0.256660+0.022432 
[635]	train-rmse:0.257107+0.005646	test-rmse:0.256660+0.022429 
[636]	train-rmse:0.257106+0.005646	test-rmse:0.256656+0.022430 
[637]	train-rmse:0.257104+0.005645	test-rmse:0.256652+0.022430 
[638]	train-rmse:0.257103+0.005644	test-rmse:0.256650+0.022431 
[639]	train-rmse:0.257100+0.005643	test-rmse:0.256644+0.022454 
[640]	train-rmse:0.257099+0.005645	test-rmse:0.256650+0.022453 
[641]	train-rmse:0.257097+0.005646	test-rmse:0.256658+0.022462 
[642]	train-rmse:0.257094+0.005647	test-rmse:0.256653+0.022478 
[643]	train-rmse:0.257091+0.005651	test-rmse:0.256664+0.022475 
[644]	train-rmse:0.257089+0.005645	test-rmse:0.256637+0.022505 
[645]	train-rmse:0.257088+0.005646	test-rmse:0.256639+0.022508 
[646]	train-rmse:0.257088+0.005647	test-rmse:0.256643+0.022498 
[647]	train-rmse:0.257087+0.005650	test-rmse:0.256653+0.022494 
[648]	train-rmse:0.257088+0.005650	test-rmse:0.256652+0.022493 
[649]	train-rmse:0.257091+0.005656	test-rmse:0.256679+0.022454 
[650]	train-rmse:0.257091+0.005653	test-rmse:0.256668+0.022458 
[651]	train-rmse:0.257090+0.005652	test-rmse:0.256664+0.022466 
[652]	train-rmse:0.257089+0.005652	test-rmse:0.256666+0.022474 
[653]	train-rmse:0.257088+0.005653	test-rmse:0.256668+0.022476 
[654]	train-rmse:0.257093+0.005656	test-rmse:0.256676+0.022455 
[655]	train-rmse:0.257091+0.005655	test-rmse:0.256668+0.022463 
[656]	train-rmse:0.257090+0.005653	test-rmse:0.256662+0.022466 
[657]	train-rmse:0.257093+0.005650	test-rmse:0.256657+0.022461 
[658]	train-rmse:0.257092+0.005653	test-rmse:0.256662+0.022458 
[659]	train-rmse:0.257090+0.005651	test-rmse:0.256653+0.022472 
[660]	train-rmse:0.257089+0.005651	test-rmse:0.256653+0.022474 
[661]	train-rmse:0.257087+0.005651	test-rmse:0.256653+0.022483 
[662]	train-rmse:0.257087+0.005653	test-rmse:0.256662+0.022484 
[663]	train-rmse:0.257086+0.005650	test-rmse:0.256651+0.022505 
[664]	train-rmse:0.257082+0.005649	test-rmse:0.256643+0.022518 
[665]	train-rmse:0.257079+0.005647	test-rmse:0.256628+0.022541 
[666]	train-rmse:0.257079+0.005647	test-rmse:0.256626+0.022547 
[667]	train-rmse:0.257080+0.005647	test-rmse:0.256625+0.022546 
[668]	train-rmse:0.257081+0.005648	test-rmse:0.256629+0.022543 
[669]	train-rmse:0.257081+0.005649	test-rmse:0.256630+0.022538 
[670]	train-rmse:0.257078+0.005650	test-rmse:0.256637+0.022557 
[671]	train-rmse:0.257077+0.005649	test-rmse:0.256634+0.022556 
[672]	train-rmse:0.257073+0.005645	test-rmse:0.256606+0.022596 
[673]	train-rmse:0.257075+0.005643	test-rmse:0.256600+0.022591 
[674]	train-rmse:0.257075+0.005647	test-rmse:0.256622+0.022583 
[675]	train-rmse:0.257076+0.005645	test-rmse:0.256617+0.022581 
[676]	train-rmse:0.257076+0.005644	test-rmse:0.256618+0.022586 
[677]	train-rmse:0.257070+0.005645	test-rmse:0.256611+0.022605 
[678]	train-rmse:0.257067+0.005647	test-rmse:0.256615+0.022606 
[679]	train-rmse:0.257066+0.005648	test-rmse:0.256627+0.022618 
[680]	train-rmse:0.257064+0.005646	test-rmse:0.256616+0.022639 
[681]	train-rmse:0.257064+0.005646	test-rmse:0.256608+0.022634 
[682]	train-rmse:0.257064+0.005645	test-rmse:0.256605+0.022636 
[683]	train-rmse:0.257065+0.005645	test-rmse:0.256604+0.022635 
[684]	train-rmse:0.257062+0.005643	test-rmse:0.256598+0.022654 
[685]	train-rmse:0.257067+0.005644	test-rmse:0.256596+0.022628 
[686]	train-rmse:0.257066+0.005644	test-rmse:0.256592+0.022631 
[687]	train-rmse:0.257065+0.005643	test-rmse:0.256589+0.022633 
[688]	train-rmse:0.257069+0.005641	test-rmse:0.256586+0.022610 
[689]	train-rmse:0.257069+0.005642	test-rmse:0.256592+0.022592 
[690]	train-rmse:0.257069+0.005641	test-rmse:0.256589+0.022597 
[691]	train-rmse:0.257072+0.005637	test-rmse:0.256574+0.022583 
[692]	train-rmse:0.257072+0.005637	test-rmse:0.256573+0.022583 
[693]	train-rmse:0.257071+0.005641	test-rmse:0.256588+0.022572 
[694]	train-rmse:0.257069+0.005639	test-rmse:0.256570+0.022597 
[695]	train-rmse:0.257069+0.005639	test-rmse:0.256570+0.022597 
[696]	train-rmse:0.257069+0.005639	test-rmse:0.256568+0.022593 
[697]	train-rmse:0.257067+0.005638	test-rmse:0.256563+0.022597 
[698]	train-rmse:0.257065+0.005641	test-rmse:0.256572+0.022589 
[699]	train-rmse:0.257066+0.005642	test-rmse:0.256573+0.022585 
[700]	train-rmse:0.257063+0.005640	test-rmse:0.256557+0.022615 
[701]	train-rmse:0.257062+0.005641	test-rmse:0.256561+0.022628 
[702]	train-rmse:0.257059+0.005641	test-rmse:0.256558+0.022656 
[703]	train-rmse:0.257058+0.005640	test-rmse:0.256556+0.022659 
[704]	train-rmse:0.257057+0.005643	test-rmse:0.256573+0.022660 
[705]	train-rmse:0.257057+0.005642	test-rmse:0.256561+0.022683 
[706]	train-rmse:0.257059+0.005641	test-rmse:0.256562+0.022679 
[707]	train-rmse:0.257058+0.005642	test-rmse:0.256562+0.022679 
[708]	train-rmse:0.257055+0.005643	test-rmse:0.256570+0.022692 
[709]	train-rmse:0.257054+0.005642	test-rmse:0.256564+0.022696 
[710]	train-rmse:0.257054+0.005642	test-rmse:0.256563+0.022694 
[711]	train-rmse:0.257054+0.005646	test-rmse:0.256580+0.022692 
[712]	train-rmse:0.257055+0.005644	test-rmse:0.256572+0.022696 
[713]	train-rmse:0.257054+0.005643	test-rmse:0.256563+0.022707 
[714]	train-rmse:0.257054+0.005642	test-rmse:0.256565+0.022711 
[715]	train-rmse:0.257053+0.005639	test-rmse:0.256546+0.022740 
[716]	train-rmse:0.257057+0.005642	test-rmse:0.256561+0.022726 
[717]	train-rmse:0.257055+0.005644	test-rmse:0.256565+0.022730 
[718]	train-rmse:0.257053+0.005643	test-rmse:0.256559+0.022732 
[719]	train-rmse:0.257050+0.005642	test-rmse:0.256551+0.022747 
[720]	train-rmse:0.257050+0.005642	test-rmse:0.256549+0.022749 
[721]	train-rmse:0.257049+0.005643	test-rmse:0.256554+0.022749 
[722]	train-rmse:0.257049+0.005642	test-rmse:0.256553+0.022758 
[723]	train-rmse:0.257049+0.005641	test-rmse:0.256547+0.022762 
[724]	train-rmse:0.257048+0.005642	test-rmse:0.256552+0.022772 
[725]	train-rmse:0.257047+0.005641	test-rmse:0.256553+0.022795 
[726]	train-rmse:0.257047+0.005642	test-rmse:0.256564+0.022805 
[727]	train-rmse:0.257047+0.005643	test-rmse:0.256561+0.022791 
[728]	train-rmse:0.257048+0.005643	test-rmse:0.256562+0.022791 
[729]	train-rmse:0.257048+0.005643	test-rmse:0.256564+0.022791 
[730]	train-rmse:0.257048+0.005644	test-rmse:0.256568+0.022802 
[731]	train-rmse:0.257049+0.005643	test-rmse:0.256553+0.022806 
[732]	train-rmse:0.257048+0.005643	test-rmse:0.256547+0.022809 
[733]	train-rmse:0.257048+0.005642	test-rmse:0.256541+0.022804 
[734]	train-rmse:0.257049+0.005644	test-rmse:0.256550+0.022805 
[735]	train-rmse:0.257048+0.005644	test-rmse:0.256551+0.022805 
[736]	train-rmse:0.257047+0.005642	test-rmse:0.256542+0.022808 
[737]	train-rmse:0.257046+0.005642	test-rmse:0.256529+0.022839 
[738]	train-rmse:0.257046+0.005642	test-rmse:0.256540+0.022850 
[739]	train-rmse:0.257046+0.005643	test-rmse:0.256538+0.022847 
[740]	train-rmse:0.257046+0.005642	test-rmse:0.256534+0.022847 
[741]	train-rmse:0.257045+0.005641	test-rmse:0.256529+0.022844 
[742]	train-rmse:0.257044+0.005642	test-rmse:0.256531+0.022851 
[743]	train-rmse:0.257043+0.005642	test-rmse:0.256532+0.022847 
[744]	train-rmse:0.257042+0.005642	test-rmse:0.256521+0.022859 
[745]	train-rmse:0.257041+0.005643	test-rmse:0.256526+0.022864 
[746]	train-rmse:0.257040+0.005643	test-rmse:0.256523+0.022877 
[747]	train-rmse:0.257043+0.005644	test-rmse:0.256522+0.022889 
[748]	train-rmse:0.257043+0.005644	test-rmse:0.256532+0.022877 
[749]	train-rmse:0.257043+0.005644	test-rmse:0.256525+0.022887 
[750]	train-rmse:0.257046+0.005645	test-rmse:0.256547+0.022850 
[751]	train-rmse:0.257044+0.005645	test-rmse:0.256534+0.022855 
[752]	train-rmse:0.257043+0.005646	test-rmse:0.256535+0.022857 
[753]	train-rmse:0.257044+0.005645	test-rmse:0.256526+0.022850 
[754]	train-rmse:0.257044+0.005645	test-rmse:0.256527+0.022850 
[755]	train-rmse:0.257043+0.005645	test-rmse:0.256509+0.022864 
[756]	train-rmse:0.257044+0.005645	test-rmse:0.256516+0.022859 
[757]	train-rmse:0.257044+0.005645	test-rmse:0.256517+0.022857 
[758]	train-rmse:0.257044+0.005645	test-rmse:0.256524+0.022846 
[759]	train-rmse:0.257044+0.005646	test-rmse:0.256527+0.022849 
[760]	train-rmse:0.257045+0.005648	test-rmse:0.256551+0.022835 
[761]	train-rmse:0.257046+0.005649	test-rmse:0.256575+0.022816 
[762]	train-rmse:0.257045+0.005650	test-rmse:0.256583+0.022812 
[763]	train-rmse:0.257045+0.005650	test-rmse:0.256576+0.022806 
[764]	train-rmse:0.257045+0.005650	test-rmse:0.256574+0.022820 
[765]	train-rmse:0.257045+0.005650	test-rmse:0.256572+0.022819 
[766]	train-rmse:0.257043+0.005649	test-rmse:0.256578+0.022837 
[767]	train-rmse:0.257042+0.005648	test-rmse:0.256570+0.022851 
[768]	train-rmse:0.257041+0.005647	test-rmse:0.256566+0.022845 
[769]	train-rmse:0.257044+0.005647	test-rmse:0.256557+0.022808 
[770]	train-rmse:0.257043+0.005647	test-rmse:0.256559+0.022812 
[771]	train-rmse:0.257043+0.005647	test-rmse:0.256559+0.022813 
[772]	train-rmse:0.257043+0.005647	test-rmse:0.256555+0.022810 
[773]	train-rmse:0.257043+0.005648	test-rmse:0.256566+0.022788 
[774]	train-rmse:0.257043+0.005646	test-rmse:0.256551+0.022815 
[775]	train-rmse:0.257042+0.005646	test-rmse:0.256544+0.022834 
[776]	train-rmse:0.257040+0.005645	test-rmse:0.256551+0.022835 
[777]	train-rmse:0.257040+0.005648	test-rmse:0.256561+0.022826 
[778]	train-rmse:0.257041+0.005648	test-rmse:0.256571+0.022816 
[779]	train-rmse:0.257041+0.005648	test-rmse:0.256562+0.022830 
[780]	train-rmse:0.257041+0.005648	test-rmse:0.256570+0.022837 
[781]	train-rmse:0.257042+0.005648	test-rmse:0.256580+0.022836 
[782]	train-rmse:0.257043+0.005650	test-rmse:0.256601+0.022848 
[783]	train-rmse:0.257043+0.005650	test-rmse:0.256600+0.022847 
[784]	train-rmse:0.257041+0.005649	test-rmse:0.256593+0.022850 
[785]	train-rmse:0.257041+0.005649	test-rmse:0.256593+0.022851 
[786]	train-rmse:0.257042+0.005648	test-rmse:0.256589+0.022854 
[787]	train-rmse:0.257043+0.005647	test-rmse:0.256583+0.022848 
[788]	train-rmse:0.257044+0.005648	test-rmse:0.256589+0.022849 
[789]	train-rmse:0.257043+0.005648	test-rmse:0.256602+0.022828 
[790]	train-rmse:0.257044+0.005648	test-rmse:0.256605+0.022826 
[791]	train-rmse:0.257044+0.005650	test-rmse:0.256607+0.022833 
[792]	train-rmse:0.257043+0.005649	test-rmse:0.256600+0.022848 
[793]	train-rmse:0.257042+0.005648	test-rmse:0.256591+0.022861 
[794]	train-rmse:0.257042+0.005647	test-rmse:0.256589+0.022865 
[795]	train-rmse:0.257046+0.005647	test-rmse:0.256593+0.022853 
[796]	train-rmse:0.257047+0.005649	test-rmse:0.256598+0.022848 
[797]	train-rmse:0.257047+0.005648	test-rmse:0.256603+0.022859 
[798]	train-rmse:0.257050+0.005648	test-rmse:0.256614+0.022828 
[799]	train-rmse:0.257049+0.005648	test-rmse:0.256616+0.022831 
[800]	train-rmse:0.257048+0.005649	test-rmse:0.256620+0.022835 
[801]	train-rmse:0.257051+0.005651	test-rmse:0.256643+0.022791 
[802]	train-rmse:0.257054+0.005651	test-rmse:0.256645+0.022787 
[803]	train-rmse:0.257051+0.005649	test-rmse:0.256629+0.022791 
[804]	train-rmse:0.257050+0.005648	test-rmse:0.256611+0.022814 
[805]	train-rmse:0.257051+0.005645	test-rmse:0.256606+0.022817 
Stopping. Best iteration:
[755]	train-rmse:0.257043+0.005645	test-rmse:0.256509+0.022864

> hgrid <-
+   dplyr::bind_cols(xgboost_params[index, ], dart.cv$evaluation_log[dart.cv$best_iteration, ], best_iter = dart.cv$best_iteration)
> 
> # write result
> fname <- file.path('data-raw', 'tune', year, 'array', paste0('tune_', index, '.tsv'))
> readr::write_tsv(hgrid, file = fname)
> 
