> 
> # parse arguments
> args <- R.utils::commandArgs(trailingOnly = FALSE, asValues = TRUE)
> index <- as.integer(args$index)
> year <- as.character(args$year)
> nreps <- as.integer(args$nreps)
> seed <- as.integer(args$seed)
> 
> # get number of cores
> wkrs <- length(future::availableWorkers())
> 
> # set seed
> set.seed(seed)
> 
> # read and prepare the cluster features
> fp <- file.path('data-raw', 'features', year)
> clf <-
+   read_features(fp, pattern = 'paris.', recursive = FALSE)
> clf <- prepare_features(
+   clf,
+   feature_map = feature_map,
+   category = c('response', 'bio', 'net'),
+   type = 'list',
+   exclusions = c(
+     'mg2_pairs_count',
+     'mg2_not_pairs_count',
+     'mg2_portion_families_recovered',
+     'cluster_origin',
+     'bocc_origin',
+     'cluster_method',
+     'subcluster_method',
+     'year',
+     'IDs',
+     'go_sig_threshold',
+     'num_new_edges_on_any_node',
+     'HPO_ratio'
+   ),
+   verbose = TRUE
+ )
c('HPO_ratio', 'IDs', 'bocc_origin', 'cluster_method', 'cluster_origin', 'go_sig_threshold', 'max_norm_cell_type_comma_sep_string', 'max_norm_disease_comma_sep_string', 'mg2_not_pairs_count', 'mg2_pairs_count', 'mg2_portion_families_recovered', 'num_new_edges_on_any_node', 'sig_go_enrichment_fdr_corrected_p_vals', 'sig_go_enrichment_p_vals', 'sig_go_enrichment_terms', 'subcluster_method', 'year')

> 
> # prepare grid of parameters
> xgboost_params <- dials::parameters(
+   nrounds = dials::trees(),
+   eta = dials::learn_rate(),
+   gamma = dials::loss_reduction(),
+   dials::tree_depth(),
+   subsample = dials::sample_prop(),
+   rate_drop = dials::dropout(),
+   skip_drop = dials::dropout()
+ )
> xgboost_params <-
+   dials::grid_max_entropy(xgboost_params, size = nreps)
> 
> # tune the dart booster
> dart.param <-
+   list(
+     booster = "dart",
+     objective = "reg:logistic",
+     eval_metric = "rmse",
+     nthread = wkrs,
+     max_depth = xgboost_params$tree_depth[index],
+     eta = xgboost_params$eta[index],
+     gamma = xgboost_params$gamma[index],
+     subsample = xgboost_params$subsample[index],
+     rate_drop = xgboost_params$rate_drop[index],
+     skip_drop = xgboost_params$skip_drop[index]
+   )
> dart.cv <- xgboost::xgb.cv(
+   params = dart.param,
+   nrounds = xgboost_params$nrounds[index],
+   data = as.matrix(clf[, -1]),
+   nfold = 5,
+   label = clf$snowballing_pvalue,
+   early_stopping_rounds = 50
+ )
[1]	train-rmse:0.417710+0.001019	test-rmse:0.417689+0.004059 
Multiple eval metrics are present. Will use test_rmse for early stopping.
Will train until test_rmse hasn't improved in 50 rounds.

[2]	train-rmse:0.417707+0.001019	test-rmse:0.417686+0.004059 
[3]	train-rmse:0.417705+0.001019	test-rmse:0.417684+0.004059 
[4]	train-rmse:0.417702+0.001019	test-rmse:0.417681+0.004059 
[5]	train-rmse:0.417699+0.001019	test-rmse:0.417679+0.004059 
[6]	train-rmse:0.417696+0.001019	test-rmse:0.417676+0.004059 
[7]	train-rmse:0.417693+0.001019	test-rmse:0.417674+0.004059 
[8]	train-rmse:0.417691+0.001019	test-rmse:0.417671+0.004059 
[9]	train-rmse:0.417688+0.001019	test-rmse:0.417668+0.004059 
[10]	train-rmse:0.417685+0.001019	test-rmse:0.417666+0.004059 
[11]	train-rmse:0.417683+0.001019	test-rmse:0.417664+0.004059 
[12]	train-rmse:0.417680+0.001019	test-rmse:0.417661+0.004059 
[13]	train-rmse:0.417677+0.001019	test-rmse:0.417659+0.004059 
[14]	train-rmse:0.417675+0.001018	test-rmse:0.417656+0.004059 
[15]	train-rmse:0.417673+0.001019	test-rmse:0.417655+0.004059 
[16]	train-rmse:0.417672+0.001019	test-rmse:0.417654+0.004059 
[17]	train-rmse:0.417670+0.001018	test-rmse:0.417652+0.004059 
[18]	train-rmse:0.417668+0.001019	test-rmse:0.417650+0.004059 
[19]	train-rmse:0.417666+0.001019	test-rmse:0.417649+0.004058 
[20]	train-rmse:0.417664+0.001019	test-rmse:0.417647+0.004058 
[21]	train-rmse:0.417663+0.001019	test-rmse:0.417646+0.004058 
[22]	train-rmse:0.417661+0.001020	test-rmse:0.417644+0.004057 
[23]	train-rmse:0.417659+0.001020	test-rmse:0.417642+0.004058 
[24]	train-rmse:0.417658+0.001020	test-rmse:0.417641+0.004058 
[25]	train-rmse:0.417656+0.001019	test-rmse:0.417639+0.004058 
[26]	train-rmse:0.417655+0.001019	test-rmse:0.417638+0.004058 
[27]	train-rmse:0.417654+0.001020	test-rmse:0.417637+0.004058 
[28]	train-rmse:0.417653+0.001019	test-rmse:0.417637+0.004058 
[29]	train-rmse:0.417651+0.001019	test-rmse:0.417635+0.004058 
[30]	train-rmse:0.417650+0.001019	test-rmse:0.417634+0.004058 
[31]	train-rmse:0.417648+0.001020	test-rmse:0.417632+0.004058 
[32]	train-rmse:0.417647+0.001021	test-rmse:0.417631+0.004057 
[33]	train-rmse:0.417646+0.001021	test-rmse:0.417630+0.004057 
[34]	train-rmse:0.417645+0.001020	test-rmse:0.417629+0.004057 
[35]	train-rmse:0.417643+0.001021	test-rmse:0.417628+0.004056 
[36]	train-rmse:0.417642+0.001021	test-rmse:0.417626+0.004056 
[37]	train-rmse:0.417640+0.001020	test-rmse:0.417625+0.004057 
[38]	train-rmse:0.417640+0.001021	test-rmse:0.417625+0.004057 
[39]	train-rmse:0.417639+0.001021	test-rmse:0.417624+0.004056 
[40]	train-rmse:0.417638+0.001021	test-rmse:0.417623+0.004056 
[41]	train-rmse:0.417636+0.001021	test-rmse:0.417622+0.004056 
[42]	train-rmse:0.417636+0.001021	test-rmse:0.417621+0.004057 
[43]	train-rmse:0.417634+0.001021	test-rmse:0.417619+0.004056 
[44]	train-rmse:0.417633+0.001021	test-rmse:0.417619+0.004056 
[45]	train-rmse:0.417633+0.001021	test-rmse:0.417618+0.004056 
[46]	train-rmse:0.417632+0.001021	test-rmse:0.417618+0.004056 
[47]	train-rmse:0.417632+0.001021	test-rmse:0.417617+0.004056 
[48]	train-rmse:0.417631+0.001020	test-rmse:0.417616+0.004057 
[49]	train-rmse:0.417630+0.001020	test-rmse:0.417616+0.004057 
[50]	train-rmse:0.417629+0.001020	test-rmse:0.417615+0.004057 
[51]	train-rmse:0.417628+0.001020	test-rmse:0.417614+0.004057 
[52]	train-rmse:0.417628+0.001020	test-rmse:0.417614+0.004057 
[53]	train-rmse:0.417627+0.001020	test-rmse:0.417613+0.004057 
[54]	train-rmse:0.417626+0.001020	test-rmse:0.417613+0.004057 
[55]	train-rmse:0.417625+0.001020	test-rmse:0.417612+0.004057 
[56]	train-rmse:0.417625+0.001019	test-rmse:0.417611+0.004057 
[57]	train-rmse:0.417624+0.001019	test-rmse:0.417610+0.004058 
[58]	train-rmse:0.417623+0.001018	test-rmse:0.417609+0.004058 
[59]	train-rmse:0.417622+0.001018	test-rmse:0.417609+0.004059 
[60]	train-rmse:0.417621+0.001018	test-rmse:0.417608+0.004059 
[61]	train-rmse:0.417621+0.001018	test-rmse:0.417608+0.004059 
[62]	train-rmse:0.417621+0.001018	test-rmse:0.417607+0.004059 
[63]	train-rmse:0.417620+0.001018	test-rmse:0.417607+0.004059 
[64]	train-rmse:0.417619+0.001018	test-rmse:0.417606+0.004059 
[65]	train-rmse:0.417619+0.001018	test-rmse:0.417606+0.004059 
[66]	train-rmse:0.417619+0.001018	test-rmse:0.417606+0.004059 
[67]	train-rmse:0.417617+0.001018	test-rmse:0.417604+0.004059 
[68]	train-rmse:0.417617+0.001018	test-rmse:0.417604+0.004059 
[69]	train-rmse:0.417616+0.001018	test-rmse:0.417603+0.004059 
[70]	train-rmse:0.417616+0.001018	test-rmse:0.417603+0.004059 
[71]	train-rmse:0.417615+0.001018	test-rmse:0.417603+0.004059 
[72]	train-rmse:0.417615+0.001018	test-rmse:0.417602+0.004059 
[73]	train-rmse:0.417614+0.001018	test-rmse:0.417602+0.004059 
[74]	train-rmse:0.417614+0.001018	test-rmse:0.417601+0.004059 
[75]	train-rmse:0.417613+0.001018	test-rmse:0.417600+0.004058 
[76]	train-rmse:0.417612+0.001018	test-rmse:0.417600+0.004058 
[77]	train-rmse:0.417612+0.001018	test-rmse:0.417600+0.004058 
[78]	train-rmse:0.417612+0.001018	test-rmse:0.417599+0.004058 
[79]	train-rmse:0.417611+0.001018	test-rmse:0.417599+0.004058 
[80]	train-rmse:0.417611+0.001018	test-rmse:0.417598+0.004058 
[81]	train-rmse:0.417610+0.001018	test-rmse:0.417598+0.004058 
[82]	train-rmse:0.417610+0.001018	test-rmse:0.417597+0.004058 
[83]	train-rmse:0.417609+0.001018	test-rmse:0.417596+0.004058 
[84]	train-rmse:0.417608+0.001019	test-rmse:0.417596+0.004058 
[85]	train-rmse:0.417608+0.001018	test-rmse:0.417596+0.004058 
[86]	train-rmse:0.417607+0.001018	test-rmse:0.417595+0.004058 
[87]	train-rmse:0.417606+0.001018	test-rmse:0.417594+0.004058 
[88]	train-rmse:0.417606+0.001018	test-rmse:0.417594+0.004058 
[89]	train-rmse:0.417606+0.001018	test-rmse:0.417594+0.004058 
[90]	train-rmse:0.417606+0.001018	test-rmse:0.417594+0.004058 
[91]	train-rmse:0.417605+0.001018	test-rmse:0.417593+0.004058 
[92]	train-rmse:0.417605+0.001018	test-rmse:0.417593+0.004058 
[93]	train-rmse:0.417605+0.001019	test-rmse:0.417593+0.004058 
[94]	train-rmse:0.417604+0.001019	test-rmse:0.417592+0.004058 
[95]	train-rmse:0.417604+0.001019	test-rmse:0.417592+0.004058 
[96]	train-rmse:0.417603+0.001019	test-rmse:0.417592+0.004058 
[97]	train-rmse:0.417603+0.001019	test-rmse:0.417591+0.004058 
[98]	train-rmse:0.417602+0.001018	test-rmse:0.417590+0.004058 
[99]	train-rmse:0.417602+0.001018	test-rmse:0.417590+0.004058 
[100]	train-rmse:0.417601+0.001018	test-rmse:0.417589+0.004058 
[101]	train-rmse:0.417601+0.001018	test-rmse:0.417589+0.004058 
[102]	train-rmse:0.417600+0.001018	test-rmse:0.417588+0.004059 
[103]	train-rmse:0.417600+0.001018	test-rmse:0.417588+0.004059 
[104]	train-rmse:0.417599+0.001018	test-rmse:0.417588+0.004059 
[105]	train-rmse:0.417599+0.001018	test-rmse:0.417588+0.004059 
[106]	train-rmse:0.417598+0.001018	test-rmse:0.417587+0.004059 
[107]	train-rmse:0.417598+0.001018	test-rmse:0.417587+0.004059 
[108]	train-rmse:0.417597+0.001019	test-rmse:0.417586+0.004058 
[109]	train-rmse:0.417597+0.001020	test-rmse:0.417585+0.004057 
[110]	train-rmse:0.417596+0.001020	test-rmse:0.417585+0.004057 
[111]	train-rmse:0.417596+0.001020	test-rmse:0.417585+0.004057 
[112]	train-rmse:0.417596+0.001020	test-rmse:0.417585+0.004057 
[113]	train-rmse:0.417595+0.001020	test-rmse:0.417584+0.004057 
[114]	train-rmse:0.417594+0.001020	test-rmse:0.417583+0.004057 
[115]	train-rmse:0.417593+0.001019	test-rmse:0.417582+0.004057 
[116]	train-rmse:0.417592+0.001019	test-rmse:0.417582+0.004057 
[117]	train-rmse:0.417592+0.001020	test-rmse:0.417581+0.004056 
[118]	train-rmse:0.417591+0.001020	test-rmse:0.417581+0.004056 
[119]	train-rmse:0.417591+0.001020	test-rmse:0.417580+0.004056 
[120]	train-rmse:0.417590+0.001020	test-rmse:0.417579+0.004056 
[121]	train-rmse:0.417590+0.001020	test-rmse:0.417579+0.004056 
[122]	train-rmse:0.417588+0.001020	test-rmse:0.417578+0.004056 
[123]	train-rmse:0.417588+0.001020	test-rmse:0.417577+0.004056 
[124]	train-rmse:0.417587+0.001020	test-rmse:0.417577+0.004056 
[125]	train-rmse:0.417587+0.001021	test-rmse:0.417576+0.004055 
[126]	train-rmse:0.417586+0.001021	test-rmse:0.417576+0.004055 
[127]	train-rmse:0.417585+0.001021	test-rmse:0.417575+0.004055 
[128]	train-rmse:0.417584+0.001021	test-rmse:0.417574+0.004056 
[129]	train-rmse:0.417584+0.001021	test-rmse:0.417574+0.004056 
[130]	train-rmse:0.417584+0.001021	test-rmse:0.417573+0.004056 
[131]	train-rmse:0.417583+0.001020	test-rmse:0.417573+0.004056 
[132]	train-rmse:0.417583+0.001020	test-rmse:0.417573+0.004056 
[133]	train-rmse:0.417582+0.001020	test-rmse:0.417572+0.004056 
[134]	train-rmse:0.417582+0.001020	test-rmse:0.417572+0.004056 
[135]	train-rmse:0.417582+0.001020	test-rmse:0.417572+0.004056 
[136]	train-rmse:0.417581+0.001020	test-rmse:0.417571+0.004056 
[137]	train-rmse:0.417581+0.001019	test-rmse:0.417571+0.004057 
[138]	train-rmse:0.417580+0.001019	test-rmse:0.417571+0.004057 
[139]	train-rmse:0.417580+0.001019	test-rmse:0.417570+0.004057 
[140]	train-rmse:0.417580+0.001019	test-rmse:0.417570+0.004057 
[141]	train-rmse:0.417579+0.001019	test-rmse:0.417570+0.004057 
[142]	train-rmse:0.417579+0.001019	test-rmse:0.417569+0.004057 
[143]	train-rmse:0.417578+0.001020	test-rmse:0.417568+0.004056 
[144]	train-rmse:0.417577+0.001021	test-rmse:0.417568+0.004056 
[145]	train-rmse:0.417577+0.001021	test-rmse:0.417567+0.004056 
[146]	train-rmse:0.417576+0.001022	test-rmse:0.417567+0.004055 
[147]	train-rmse:0.417575+0.001023	test-rmse:0.417566+0.004054 
[148]	train-rmse:0.417574+0.001022	test-rmse:0.417564+0.004054 
[149]	train-rmse:0.417573+0.001022	test-rmse:0.417564+0.004054 
[150]	train-rmse:0.417572+0.001023	test-rmse:0.417563+0.004053 
[151]	train-rmse:0.417572+0.001023	test-rmse:0.417562+0.004054 
[152]	train-rmse:0.417571+0.001023	test-rmse:0.417562+0.004054 
[153]	train-rmse:0.417571+0.001022	test-rmse:0.417562+0.004054 
[154]	train-rmse:0.417570+0.001022	test-rmse:0.417561+0.004054 
[155]	train-rmse:0.417569+0.001022	test-rmse:0.417560+0.004054 
[156]	train-rmse:0.417569+0.001023	test-rmse:0.417560+0.004053 
[157]	train-rmse:0.417568+0.001023	test-rmse:0.417559+0.004053 
[158]	train-rmse:0.417568+0.001023	test-rmse:0.417559+0.004053 
[159]	train-rmse:0.417568+0.001022	test-rmse:0.417559+0.004054 
[160]	train-rmse:0.417567+0.001022	test-rmse:0.417559+0.004054 
[161]	train-rmse:0.417567+0.001022	test-rmse:0.417558+0.004054 
[162]	train-rmse:0.417567+0.001022	test-rmse:0.417558+0.004054 
[163]	train-rmse:0.417566+0.001022	test-rmse:0.417557+0.004054 
[164]	train-rmse:0.417566+0.001022	test-rmse:0.417557+0.004054 
[165]	train-rmse:0.417566+0.001022	test-rmse:0.417557+0.004054 
[166]	train-rmse:0.417565+0.001022	test-rmse:0.417557+0.004054 
[167]	train-rmse:0.417565+0.001022	test-rmse:0.417557+0.004054 
[168]	train-rmse:0.417565+0.001022	test-rmse:0.417557+0.004054 
[169]	train-rmse:0.417565+0.001022	test-rmse:0.417556+0.004054 
[170]	train-rmse:0.417563+0.001023	test-rmse:0.417555+0.004053 
[171]	train-rmse:0.417562+0.001023	test-rmse:0.417554+0.004053 
[172]	train-rmse:0.417562+0.001022	test-rmse:0.417553+0.004054 
[173]	train-rmse:0.417562+0.001022	test-rmse:0.417553+0.004054 
[174]	train-rmse:0.417561+0.001022	test-rmse:0.417553+0.004054 
[175]	train-rmse:0.417561+0.001022	test-rmse:0.417553+0.004054 
[176]	train-rmse:0.417561+0.001022	test-rmse:0.417552+0.004054 
[177]	train-rmse:0.417560+0.001022	test-rmse:0.417552+0.004054 
[178]	train-rmse:0.417559+0.001022	test-rmse:0.417551+0.004054 
[179]	train-rmse:0.417559+0.001022	test-rmse:0.417551+0.004054 
[180]	train-rmse:0.417558+0.001023	test-rmse:0.417550+0.004053 
[181]	train-rmse:0.417558+0.001023	test-rmse:0.417550+0.004053 
[182]	train-rmse:0.417556+0.001023	test-rmse:0.417549+0.004053 
[183]	train-rmse:0.417555+0.001022	test-rmse:0.417547+0.004054 
[184]	train-rmse:0.417554+0.001021	test-rmse:0.417546+0.004055 
[185]	train-rmse:0.417553+0.001022	test-rmse:0.417546+0.004054 
[186]	train-rmse:0.417552+0.001022	test-rmse:0.417545+0.004054 
[187]	train-rmse:0.417552+0.001022	test-rmse:0.417544+0.004054 
[188]	train-rmse:0.417552+0.001022	test-rmse:0.417544+0.004054 
[189]	train-rmse:0.417551+0.001022	test-rmse:0.417544+0.004054 
[190]	train-rmse:0.417551+0.001022	test-rmse:0.417544+0.004054 
[191]	train-rmse:0.417551+0.001022	test-rmse:0.417543+0.004054 
[192]	train-rmse:0.417550+0.001022	test-rmse:0.417543+0.004054 
[193]	train-rmse:0.417550+0.001022	test-rmse:0.417543+0.004054 
[194]	train-rmse:0.417549+0.001022	test-rmse:0.417542+0.004054 
[195]	train-rmse:0.417549+0.001022	test-rmse:0.417542+0.004054 
[196]	train-rmse:0.417549+0.001022	test-rmse:0.417542+0.004054 
[197]	train-rmse:0.417549+0.001022	test-rmse:0.417542+0.004054 
[198]	train-rmse:0.417548+0.001022	test-rmse:0.417541+0.004054 
[199]	train-rmse:0.417548+0.001022	test-rmse:0.417541+0.004054 
[200]	train-rmse:0.417547+0.001021	test-rmse:0.417540+0.004055 
[201]	train-rmse:0.417547+0.001021	test-rmse:0.417540+0.004055 
[202]	train-rmse:0.417547+0.001021	test-rmse:0.417540+0.004055 
[203]	train-rmse:0.417546+0.001021	test-rmse:0.417539+0.004055 
[204]	train-rmse:0.417546+0.001022	test-rmse:0.417539+0.004054 
[205]	train-rmse:0.417545+0.001022	test-rmse:0.417539+0.004054 
[206]	train-rmse:0.417545+0.001022	test-rmse:0.417539+0.004054 
[207]	train-rmse:0.417545+0.001022	test-rmse:0.417538+0.004054 
[208]	train-rmse:0.417543+0.001022	test-rmse:0.417537+0.004054 
[209]	train-rmse:0.417543+0.001023	test-rmse:0.417536+0.004053 
[210]	train-rmse:0.417542+0.001022	test-rmse:0.417536+0.004054 
[211]	train-rmse:0.417541+0.001023	test-rmse:0.417534+0.004053 
[212]	train-rmse:0.417540+0.001024	test-rmse:0.417534+0.004052 
[213]	train-rmse:0.417540+0.001024	test-rmse:0.417534+0.004052 
[214]	train-rmse:0.417540+0.001024	test-rmse:0.417534+0.004052 
[215]	train-rmse:0.417539+0.001024	test-rmse:0.417533+0.004052 
[216]	train-rmse:0.417539+0.001024	test-rmse:0.417533+0.004052 
[217]	train-rmse:0.417539+0.001025	test-rmse:0.417532+0.004051 
[218]	train-rmse:0.417538+0.001025	test-rmse:0.417532+0.004051 
[219]	train-rmse:0.417538+0.001025	test-rmse:0.417532+0.004051 
[220]	train-rmse:0.417538+0.001025	test-rmse:0.417532+0.004051 
[221]	train-rmse:0.417538+0.001024	test-rmse:0.417531+0.004052 
[222]	train-rmse:0.417537+0.001024	test-rmse:0.417531+0.004051 
[223]	train-rmse:0.417537+0.001024	test-rmse:0.417531+0.004051 
[224]	train-rmse:0.417537+0.001024	test-rmse:0.417530+0.004051 
[225]	train-rmse:0.417536+0.001024	test-rmse:0.417530+0.004051 
[226]	train-rmse:0.417536+0.001024	test-rmse:0.417530+0.004051 
[227]	train-rmse:0.417536+0.001024	test-rmse:0.417530+0.004052 
[228]	train-rmse:0.417536+0.001024	test-rmse:0.417530+0.004052 
[229]	train-rmse:0.417535+0.001023	test-rmse:0.417529+0.004053 
[230]	train-rmse:0.417534+0.001022	test-rmse:0.417528+0.004053 
[231]	train-rmse:0.417534+0.001023	test-rmse:0.417528+0.004052 
[232]	train-rmse:0.417533+0.001023	test-rmse:0.417527+0.004053 
[233]	train-rmse:0.417532+0.001023	test-rmse:0.417527+0.004053 
[234]	train-rmse:0.417531+0.001023	test-rmse:0.417525+0.004053 
[235]	train-rmse:0.417530+0.001023	test-rmse:0.417525+0.004053 
[236]	train-rmse:0.417530+0.001023	test-rmse:0.417525+0.004053 
[237]	train-rmse:0.417529+0.001023	test-rmse:0.417524+0.004053 
[238]	train-rmse:0.417528+0.001022	test-rmse:0.417523+0.004053 
[239]	train-rmse:0.417527+0.001022	test-rmse:0.417522+0.004053 
[240]	train-rmse:0.417526+0.001023	test-rmse:0.417521+0.004052 
[241]	train-rmse:0.417526+0.001023	test-rmse:0.417521+0.004052 
[242]	train-rmse:0.417526+0.001023	test-rmse:0.417521+0.004053 
[243]	train-rmse:0.417525+0.001023	test-rmse:0.417520+0.004053 
[244]	train-rmse:0.417524+0.001022	test-rmse:0.417519+0.004053 
[245]	train-rmse:0.417524+0.001022	test-rmse:0.417519+0.004053 
[246]	train-rmse:0.417524+0.001022	test-rmse:0.417519+0.004053 
[247]	train-rmse:0.417523+0.001022	test-rmse:0.417518+0.004053 
[248]	train-rmse:0.417523+0.001022	test-rmse:0.417518+0.004053 
[249]	train-rmse:0.417522+0.001023	test-rmse:0.417517+0.004052 
[250]	train-rmse:0.417522+0.001023	test-rmse:0.417517+0.004052 
[251]	train-rmse:0.417521+0.001023	test-rmse:0.417517+0.004053 
[252]	train-rmse:0.417520+0.001024	test-rmse:0.417516+0.004052 
[253]	train-rmse:0.417520+0.001023	test-rmse:0.417515+0.004052 
[254]	train-rmse:0.417519+0.001023	test-rmse:0.417515+0.004052 
[255]	train-rmse:0.417519+0.001023	test-rmse:0.417514+0.004052 
[256]	train-rmse:0.417517+0.001022	test-rmse:0.417513+0.004053 
[257]	train-rmse:0.417516+0.001022	test-rmse:0.417512+0.004054 
[258]	train-rmse:0.417516+0.001021	test-rmse:0.417511+0.004054 
[259]	train-rmse:0.417515+0.001021	test-rmse:0.417511+0.004055 
[260]	train-rmse:0.417515+0.001021	test-rmse:0.417511+0.004055 
[261]	train-rmse:0.417514+0.001021	test-rmse:0.417510+0.004055 
[262]	train-rmse:0.417514+0.001020	test-rmse:0.417510+0.004055 
[263]	train-rmse:0.417513+0.001020	test-rmse:0.417509+0.004056 
[264]	train-rmse:0.417512+0.001019	test-rmse:0.417508+0.004056 
[265]	train-rmse:0.417512+0.001019	test-rmse:0.417508+0.004056 
[266]	train-rmse:0.417512+0.001019	test-rmse:0.417508+0.004056 
[267]	train-rmse:0.417511+0.001020	test-rmse:0.417507+0.004055 
[268]	train-rmse:0.417510+0.001021	test-rmse:0.417506+0.004054 
[269]	train-rmse:0.417510+0.001021	test-rmse:0.417506+0.004054 
[270]	train-rmse:0.417510+0.001021	test-rmse:0.417506+0.004054 
[271]	train-rmse:0.417510+0.001021	test-rmse:0.417506+0.004054 
[272]	train-rmse:0.417510+0.001021	test-rmse:0.417506+0.004054 
[273]	train-rmse:0.417509+0.001021	test-rmse:0.417506+0.004054 
[274]	train-rmse:0.417509+0.001022	test-rmse:0.417505+0.004053 
[275]	train-rmse:0.417509+0.001022	test-rmse:0.417505+0.004053 
[276]	train-rmse:0.417508+0.001022	test-rmse:0.417504+0.004053 
[277]	train-rmse:0.417508+0.001022	test-rmse:0.417504+0.004053 
[278]	train-rmse:0.417508+0.001022	test-rmse:0.417504+0.004053 
[279]	train-rmse:0.417508+0.001022	test-rmse:0.417504+0.004053 
[280]	train-rmse:0.417508+0.001022	test-rmse:0.417504+0.004053 
[281]	train-rmse:0.417506+0.001023	test-rmse:0.417503+0.004053 
[282]	train-rmse:0.417506+0.001022	test-rmse:0.417502+0.004053 
[283]	train-rmse:0.417506+0.001022	test-rmse:0.417502+0.004053 
[284]	train-rmse:0.417504+0.001023	test-rmse:0.417501+0.004053 
[285]	train-rmse:0.417504+0.001023	test-rmse:0.417501+0.004053 
[286]	train-rmse:0.417504+0.001023	test-rmse:0.417501+0.004053 
[287]	train-rmse:0.417504+0.001023	test-rmse:0.417501+0.004053 
[288]	train-rmse:0.417504+0.001023	test-rmse:0.417501+0.004053 
[289]	train-rmse:0.417504+0.001023	test-rmse:0.417501+0.004053 
[290]	train-rmse:0.417504+0.001023	test-rmse:0.417501+0.004053 
[291]	train-rmse:0.417503+0.001023	test-rmse:0.417500+0.004052 
[292]	train-rmse:0.417503+0.001022	test-rmse:0.417499+0.004053 
[293]	train-rmse:0.417503+0.001022	test-rmse:0.417499+0.004053 
[294]	train-rmse:0.417502+0.001022	test-rmse:0.417499+0.004053 
[295]	train-rmse:0.417502+0.001022	test-rmse:0.417499+0.004053 
[296]	train-rmse:0.417502+0.001022	test-rmse:0.417499+0.004053 
[297]	train-rmse:0.417502+0.001022	test-rmse:0.417499+0.004053 
[298]	train-rmse:0.417502+0.001022	test-rmse:0.417498+0.004053 
[299]	train-rmse:0.417501+0.001022	test-rmse:0.417498+0.004053 
[300]	train-rmse:0.417501+0.001022	test-rmse:0.417498+0.004053 
[301]	train-rmse:0.417500+0.001021	test-rmse:0.417497+0.004054 
[302]	train-rmse:0.417499+0.001021	test-rmse:0.417497+0.004054 
[303]	train-rmse:0.417499+0.001021	test-rmse:0.417496+0.004054 
[304]	train-rmse:0.417499+0.001022	test-rmse:0.417496+0.004054 
[305]	train-rmse:0.417499+0.001022	test-rmse:0.417496+0.004054 
[306]	train-rmse:0.417499+0.001022	test-rmse:0.417496+0.004054 
[307]	train-rmse:0.417498+0.001022	test-rmse:0.417495+0.004053 
[308]	train-rmse:0.417497+0.001023	test-rmse:0.417494+0.004052 
[309]	train-rmse:0.417495+0.001024	test-rmse:0.417493+0.004051 
[310]	train-rmse:0.417495+0.001024	test-rmse:0.417493+0.004051 
[311]	train-rmse:0.417495+0.001025	test-rmse:0.417492+0.004051 
[312]	train-rmse:0.417495+0.001025	test-rmse:0.417492+0.004051 
[313]	train-rmse:0.417495+0.001025	test-rmse:0.417492+0.004051 
[314]	train-rmse:0.417494+0.001025	test-rmse:0.417492+0.004051 
[315]	train-rmse:0.417494+0.001025	test-rmse:0.417492+0.004051 
[316]	train-rmse:0.417493+0.001025	test-rmse:0.417491+0.004051 
[317]	train-rmse:0.417492+0.001024	test-rmse:0.417490+0.004051 
[318]	train-rmse:0.417492+0.001024	test-rmse:0.417490+0.004051 
[319]	train-rmse:0.417491+0.001024	test-rmse:0.417489+0.004051 
[320]	train-rmse:0.417491+0.001024	test-rmse:0.417489+0.004051 
[321]	train-rmse:0.417491+0.001025	test-rmse:0.417489+0.004051 
[322]	train-rmse:0.417490+0.001025	test-rmse:0.417488+0.004050 
[323]	train-rmse:0.417489+0.001025	test-rmse:0.417487+0.004050 
[324]	train-rmse:0.417489+0.001025	test-rmse:0.417487+0.004050 
[325]	train-rmse:0.417489+0.001025	test-rmse:0.417487+0.004050 
[326]	train-rmse:0.417489+0.001025	test-rmse:0.417487+0.004050 
[327]	train-rmse:0.417488+0.001024	test-rmse:0.417487+0.004051 
[328]	train-rmse:0.417488+0.001024	test-rmse:0.417486+0.004051 
[329]	train-rmse:0.417488+0.001024	test-rmse:0.417486+0.004052 
[330]	train-rmse:0.417488+0.001024	test-rmse:0.417486+0.004052 
[331]	train-rmse:0.417488+0.001023	test-rmse:0.417486+0.004052 
[332]	train-rmse:0.417487+0.001023	test-rmse:0.417485+0.004052 
[333]	train-rmse:0.417487+0.001023	test-rmse:0.417485+0.004052 
[334]	train-rmse:0.417486+0.001023	test-rmse:0.417485+0.004052 
[335]	train-rmse:0.417486+0.001022	test-rmse:0.417484+0.004053 
[336]	train-rmse:0.417486+0.001022	test-rmse:0.417484+0.004053 
[337]	train-rmse:0.417485+0.001022	test-rmse:0.417484+0.004053 
[338]	train-rmse:0.417485+0.001023	test-rmse:0.417483+0.004052 
[339]	train-rmse:0.417485+0.001023	test-rmse:0.417483+0.004052 
[340]	train-rmse:0.417483+0.001023	test-rmse:0.417482+0.004052 
[341]	train-rmse:0.417483+0.001023	test-rmse:0.417482+0.004052 
[342]	train-rmse:0.417482+0.001023	test-rmse:0.417480+0.004052 
[343]	train-rmse:0.417481+0.001023	test-rmse:0.417480+0.004052 
[344]	train-rmse:0.417481+0.001023	test-rmse:0.417480+0.004052 
[345]	train-rmse:0.417481+0.001023	test-rmse:0.417480+0.004052 
[346]	train-rmse:0.417481+0.001023	test-rmse:0.417480+0.004052 
[347]	train-rmse:0.417481+0.001023	test-rmse:0.417480+0.004052 
[348]	train-rmse:0.417481+0.001023	test-rmse:0.417480+0.004052 
[349]	train-rmse:0.417481+0.001023	test-rmse:0.417479+0.004052 
[350]	train-rmse:0.417480+0.001023	test-rmse:0.417479+0.004052 
[351]	train-rmse:0.417479+0.001023	test-rmse:0.417478+0.004051 
[352]	train-rmse:0.417478+0.001022	test-rmse:0.417477+0.004052 
[353]	train-rmse:0.417477+0.001022	test-rmse:0.417477+0.004052 
[354]	train-rmse:0.417477+0.001022	test-rmse:0.417477+0.004052 
[355]	train-rmse:0.417477+0.001022	test-rmse:0.417476+0.004052 
[356]	train-rmse:0.417477+0.001022	test-rmse:0.417476+0.004052 
[357]	train-rmse:0.417477+0.001023	test-rmse:0.417476+0.004052 
[358]	train-rmse:0.417475+0.001024	test-rmse:0.417475+0.004051 
[359]	train-rmse:0.417475+0.001024	test-rmse:0.417474+0.004051 
[360]	train-rmse:0.417473+0.001024	test-rmse:0.417473+0.004050 
[361]	train-rmse:0.417473+0.001024	test-rmse:0.417472+0.004050 
[362]	train-rmse:0.417473+0.001024	test-rmse:0.417472+0.004050 
[363]	train-rmse:0.417472+0.001024	test-rmse:0.417472+0.004050 
[364]	train-rmse:0.417472+0.001024	test-rmse:0.417472+0.004050 
[365]	train-rmse:0.417472+0.001024	test-rmse:0.417472+0.004050 
[366]	train-rmse:0.417471+0.001024	test-rmse:0.417471+0.004051 
[367]	train-rmse:0.417471+0.001024	test-rmse:0.417471+0.004051 
[368]	train-rmse:0.417470+0.001024	test-rmse:0.417470+0.004051 
[369]	train-rmse:0.417470+0.001023	test-rmse:0.417469+0.004051 
[370]	train-rmse:0.417469+0.001023	test-rmse:0.417469+0.004051 
[371]	train-rmse:0.417469+0.001023	test-rmse:0.417469+0.004051 
[372]	train-rmse:0.417469+0.001023	test-rmse:0.417469+0.004052 
[373]	train-rmse:0.417469+0.001023	test-rmse:0.417469+0.004052 
[374]	train-rmse:0.417469+0.001023	test-rmse:0.417469+0.004052 
[375]	train-rmse:0.417469+0.001023	test-rmse:0.417468+0.004052 
[376]	train-rmse:0.417467+0.001022	test-rmse:0.417467+0.004052 
[377]	train-rmse:0.417466+0.001021	test-rmse:0.417466+0.004053 
[378]	train-rmse:0.417466+0.001021	test-rmse:0.417466+0.004053 
[379]	train-rmse:0.417466+0.001021	test-rmse:0.417466+0.004053 
[380]	train-rmse:0.417465+0.001021	test-rmse:0.417466+0.004054 
[381]	train-rmse:0.417465+0.001020	test-rmse:0.417465+0.004054 
[382]	train-rmse:0.417465+0.001020	test-rmse:0.417465+0.004054 
[383]	train-rmse:0.417465+0.001020	test-rmse:0.417465+0.004054 
[384]	train-rmse:0.417465+0.001020	test-rmse:0.417465+0.004054 
[385]	train-rmse:0.417464+0.001021	test-rmse:0.417464+0.004053 
[386]	train-rmse:0.417463+0.001021	test-rmse:0.417464+0.004053 
[387]	train-rmse:0.417463+0.001021	test-rmse:0.417463+0.004053 
[388]	train-rmse:0.417462+0.001020	test-rmse:0.417462+0.004054 
[389]	train-rmse:0.417461+0.001020	test-rmse:0.417462+0.004054 
[390]	train-rmse:0.417461+0.001020	test-rmse:0.417462+0.004054 
[391]	train-rmse:0.417461+0.001020	test-rmse:0.417462+0.004054 
[392]	train-rmse:0.417461+0.001020	test-rmse:0.417461+0.004054 
[393]	train-rmse:0.417460+0.001020	test-rmse:0.417461+0.004054 
[394]	train-rmse:0.417460+0.001020	test-rmse:0.417461+0.004054 
[395]	train-rmse:0.417459+0.001020	test-rmse:0.417460+0.004054 
[396]	train-rmse:0.417458+0.001019	test-rmse:0.417459+0.004055 
[397]	train-rmse:0.417457+0.001019	test-rmse:0.417458+0.004055 
[398]	train-rmse:0.417457+0.001019	test-rmse:0.417458+0.004055 
[399]	train-rmse:0.417456+0.001019	test-rmse:0.417457+0.004055 
[400]	train-rmse:0.417456+0.001019	test-rmse:0.417457+0.004055 
[401]	train-rmse:0.417456+0.001019	test-rmse:0.417457+0.004055 
[402]	train-rmse:0.417456+0.001019	test-rmse:0.417456+0.004055 
[403]	train-rmse:0.417455+0.001019	test-rmse:0.417456+0.004055 
[404]	train-rmse:0.417455+0.001018	test-rmse:0.417456+0.004056 
[405]	train-rmse:0.417455+0.001018	test-rmse:0.417456+0.004056 
[406]	train-rmse:0.417455+0.001018	test-rmse:0.417456+0.004056 
[407]	train-rmse:0.417454+0.001018	test-rmse:0.417455+0.004056 
[408]	train-rmse:0.417454+0.001018	test-rmse:0.417455+0.004056 
[409]	train-rmse:0.417454+0.001018	test-rmse:0.417455+0.004056 
[410]	train-rmse:0.417453+0.001018	test-rmse:0.417454+0.004056 
[411]	train-rmse:0.417453+0.001018	test-rmse:0.417454+0.004056 
[412]	train-rmse:0.417453+0.001018	test-rmse:0.417454+0.004056 
[413]	train-rmse:0.417453+0.001018	test-rmse:0.417454+0.004056 
[414]	train-rmse:0.417453+0.001018	test-rmse:0.417454+0.004056 
[415]	train-rmse:0.417451+0.001018	test-rmse:0.417453+0.004056 
[416]	train-rmse:0.417451+0.001018	test-rmse:0.417452+0.004056 
[417]	train-rmse:0.417450+0.001017	test-rmse:0.417452+0.004057 
[418]	train-rmse:0.417450+0.001017	test-rmse:0.417452+0.004057 
[419]	train-rmse:0.417450+0.001017	test-rmse:0.417451+0.004057 
[420]	train-rmse:0.417449+0.001016	test-rmse:0.417450+0.004058 
[421]	train-rmse:0.417449+0.001016	test-rmse:0.417450+0.004058 
[422]	train-rmse:0.417448+0.001016	test-rmse:0.417450+0.004058 
[423]	train-rmse:0.417448+0.001016	test-rmse:0.417450+0.004058 
[424]	train-rmse:0.417447+0.001016	test-rmse:0.417449+0.004058 
[425]	train-rmse:0.417447+0.001017	test-rmse:0.417449+0.004057 
[426]	train-rmse:0.417447+0.001017	test-rmse:0.417448+0.004057 
[427]	train-rmse:0.417447+0.001017	test-rmse:0.417448+0.004057 
[428]	train-rmse:0.417447+0.001017	test-rmse:0.417448+0.004057 
[429]	train-rmse:0.417447+0.001017	test-rmse:0.417448+0.004057 
[430]	train-rmse:0.417446+0.001017	test-rmse:0.417448+0.004057 
[431]	train-rmse:0.417445+0.001017	test-rmse:0.417447+0.004057 
[432]	train-rmse:0.417445+0.001017	test-rmse:0.417447+0.004057 
[433]	train-rmse:0.417445+0.001017	test-rmse:0.417447+0.004057 
[434]	train-rmse:0.417445+0.001017	test-rmse:0.417446+0.004057 
[435]	train-rmse:0.417445+0.001017	test-rmse:0.417446+0.004057 
[436]	train-rmse:0.417444+0.001017	test-rmse:0.417446+0.004057 
[437]	train-rmse:0.417444+0.001017	test-rmse:0.417446+0.004057 
[438]	train-rmse:0.417444+0.001017	test-rmse:0.417446+0.004057 
[439]	train-rmse:0.417444+0.001017	test-rmse:0.417446+0.004057 
[440]	train-rmse:0.417443+0.001016	test-rmse:0.417445+0.004057 
[441]	train-rmse:0.417443+0.001016	test-rmse:0.417444+0.004057 
[442]	train-rmse:0.417442+0.001016	test-rmse:0.417444+0.004058 
[443]	train-rmse:0.417441+0.001017	test-rmse:0.417443+0.004057 
[444]	train-rmse:0.417441+0.001017	test-rmse:0.417443+0.004057 
[445]	train-rmse:0.417440+0.001017	test-rmse:0.417442+0.004057 
[446]	train-rmse:0.417440+0.001017	test-rmse:0.417442+0.004057 
[447]	train-rmse:0.417439+0.001017	test-rmse:0.417441+0.004057 
[448]	train-rmse:0.417439+0.001018	test-rmse:0.417441+0.004056 
[449]	train-rmse:0.417438+0.001018	test-rmse:0.417440+0.004056 
[450]	train-rmse:0.417438+0.001018	test-rmse:0.417440+0.004056 
[451]	train-rmse:0.417438+0.001018	test-rmse:0.417440+0.004056 
[452]	train-rmse:0.417438+0.001018	test-rmse:0.417440+0.004056 
[453]	train-rmse:0.417437+0.001018	test-rmse:0.417440+0.004056 
[454]	train-rmse:0.417437+0.001017	test-rmse:0.417439+0.004056 
[455]	train-rmse:0.417437+0.001017	test-rmse:0.417439+0.004056 
[456]	train-rmse:0.417435+0.001018	test-rmse:0.417438+0.004056 
[457]	train-rmse:0.417435+0.001017	test-rmse:0.417437+0.004056 
[458]	train-rmse:0.417434+0.001016	test-rmse:0.417436+0.004057 
[459]	train-rmse:0.417434+0.001016	test-rmse:0.417436+0.004057 
[460]	train-rmse:0.417434+0.001016	test-rmse:0.417436+0.004057 
[461]	train-rmse:0.417433+0.001016	test-rmse:0.417436+0.004057 
[462]	train-rmse:0.417433+0.001016	test-rmse:0.417436+0.004057 
[463]	train-rmse:0.417433+0.001016	test-rmse:0.417436+0.004058 
[464]	train-rmse:0.417432+0.001017	test-rmse:0.417435+0.004057 
[465]	train-rmse:0.417432+0.001017	test-rmse:0.417435+0.004057 
[466]	train-rmse:0.417432+0.001016	test-rmse:0.417434+0.004057 
[467]	train-rmse:0.417431+0.001016	test-rmse:0.417434+0.004057 
[468]	train-rmse:0.417431+0.001016	test-rmse:0.417434+0.004057 
[469]	train-rmse:0.417430+0.001016	test-rmse:0.417433+0.004058 
[470]	train-rmse:0.417430+0.001016	test-rmse:0.417433+0.004058 
[471]	train-rmse:0.417430+0.001016	test-rmse:0.417433+0.004058 
[472]	train-rmse:0.417430+0.001016	test-rmse:0.417433+0.004058 
[473]	train-rmse:0.417429+0.001016	test-rmse:0.417432+0.004058 
[474]	train-rmse:0.417429+0.001016	test-rmse:0.417432+0.004058 
[475]	train-rmse:0.417429+0.001016	test-rmse:0.417432+0.004058 
[476]	train-rmse:0.417429+0.001016	test-rmse:0.417432+0.004058 
[477]	train-rmse:0.417428+0.001015	test-rmse:0.417431+0.004058 
[478]	train-rmse:0.417428+0.001015	test-rmse:0.417431+0.004058 
[479]	train-rmse:0.417427+0.001015	test-rmse:0.417430+0.004058 
[480]	train-rmse:0.417426+0.001016	test-rmse:0.417430+0.004058 
[481]	train-rmse:0.417426+0.001016	test-rmse:0.417429+0.004058 
[482]	train-rmse:0.417426+0.001016	test-rmse:0.417429+0.004058 
[483]	train-rmse:0.417426+0.001015	test-rmse:0.417429+0.004058 
[484]	train-rmse:0.417425+0.001015	test-rmse:0.417428+0.004058 
[485]	train-rmse:0.417424+0.001015	test-rmse:0.417428+0.004058 
[486]	train-rmse:0.417423+0.001015	test-rmse:0.417427+0.004058 
[487]	train-rmse:0.417422+0.001015	test-rmse:0.417426+0.004058 
[488]	train-rmse:0.417422+0.001015	test-rmse:0.417426+0.004058 
[489]	train-rmse:0.417422+0.001015	test-rmse:0.417425+0.004058 
[490]	train-rmse:0.417422+0.001015	test-rmse:0.417425+0.004058 
[491]	train-rmse:0.417421+0.001015	test-rmse:0.417424+0.004058 
[492]	train-rmse:0.417421+0.001015	test-rmse:0.417424+0.004058 
[493]	train-rmse:0.417420+0.001016	test-rmse:0.417424+0.004057 
[494]	train-rmse:0.417419+0.001016	test-rmse:0.417423+0.004057 
[495]	train-rmse:0.417419+0.001016	test-rmse:0.417423+0.004057 
[496]	train-rmse:0.417418+0.001016	test-rmse:0.417422+0.004057 
[497]	train-rmse:0.417418+0.001016	test-rmse:0.417422+0.004057 
[498]	train-rmse:0.417417+0.001016	test-rmse:0.417421+0.004057 
[499]	train-rmse:0.417417+0.001016	test-rmse:0.417421+0.004057 
[500]	train-rmse:0.417417+0.001016	test-rmse:0.417421+0.004057 
[501]	train-rmse:0.417417+0.001016	test-rmse:0.417421+0.004057 
[502]	train-rmse:0.417417+0.001016	test-rmse:0.417421+0.004057 
[503]	train-rmse:0.417417+0.001016	test-rmse:0.417421+0.004057 
[504]	train-rmse:0.417416+0.001017	test-rmse:0.417420+0.004056 
[505]	train-rmse:0.417415+0.001018	test-rmse:0.417419+0.004055 
[506]	train-rmse:0.417415+0.001018	test-rmse:0.417419+0.004055 
[507]	train-rmse:0.417414+0.001017	test-rmse:0.417418+0.004056 
[508]	train-rmse:0.417413+0.001017	test-rmse:0.417417+0.004057 
[509]	train-rmse:0.417413+0.001017	test-rmse:0.417417+0.004057 
[510]	train-rmse:0.417412+0.001017	test-rmse:0.417416+0.004056 
[511]	train-rmse:0.417411+0.001016	test-rmse:0.417415+0.004057 
[512]	train-rmse:0.417410+0.001016	test-rmse:0.417415+0.004057 
[513]	train-rmse:0.417410+0.001016	test-rmse:0.417415+0.004057 
[514]	train-rmse:0.417410+0.001016	test-rmse:0.417415+0.004057 
[515]	train-rmse:0.417410+0.001015	test-rmse:0.417414+0.004058 
[516]	train-rmse:0.417409+0.001016	test-rmse:0.417413+0.004057 
[517]	train-rmse:0.417408+0.001017	test-rmse:0.417413+0.004057 
[518]	train-rmse:0.417406+0.001016	test-rmse:0.417411+0.004057 
[519]	train-rmse:0.417406+0.001016	test-rmse:0.417411+0.004057 
[520]	train-rmse:0.417406+0.001016	test-rmse:0.417410+0.004057 
[521]	train-rmse:0.417405+0.001016	test-rmse:0.417410+0.004057 
[522]	train-rmse:0.417405+0.001016	test-rmse:0.417410+0.004057 
[523]	train-rmse:0.417405+0.001016	test-rmse:0.417410+0.004057 
[524]	train-rmse:0.417405+0.001016	test-rmse:0.417410+0.004057 
[525]	train-rmse:0.417405+0.001016	test-rmse:0.417410+0.004057 
[526]	train-rmse:0.417405+0.001016	test-rmse:0.417410+0.004057 
[527]	train-rmse:0.417405+0.001016	test-rmse:0.417410+0.004057 
[528]	train-rmse:0.417404+0.001016	test-rmse:0.417409+0.004057 
[529]	train-rmse:0.417403+0.001014	test-rmse:0.417408+0.004058 
[530]	train-rmse:0.417402+0.001015	test-rmse:0.417407+0.004058 
[531]	train-rmse:0.417401+0.001014	test-rmse:0.417406+0.004058 
[532]	train-rmse:0.417401+0.001014	test-rmse:0.417406+0.004058 
[533]	train-rmse:0.417401+0.001014	test-rmse:0.417406+0.004058 
[534]	train-rmse:0.417401+0.001014	test-rmse:0.417406+0.004058 
[535]	train-rmse:0.417400+0.001014	test-rmse:0.417405+0.004059 
[536]	train-rmse:0.417400+0.001014	test-rmse:0.417405+0.004059 
[537]	train-rmse:0.417399+0.001014	test-rmse:0.417405+0.004059 
[538]	train-rmse:0.417399+0.001014	test-rmse:0.417405+0.004059 
[539]	train-rmse:0.417399+0.001014	test-rmse:0.417405+0.004059 
[540]	train-rmse:0.417398+0.001013	test-rmse:0.417404+0.004059 
[541]	train-rmse:0.417398+0.001013	test-rmse:0.417404+0.004059 
[542]	train-rmse:0.417397+0.001014	test-rmse:0.417403+0.004058 
[543]	train-rmse:0.417397+0.001014	test-rmse:0.417403+0.004058 
[544]	train-rmse:0.417396+0.001014	test-rmse:0.417402+0.004059 
[545]	train-rmse:0.417395+0.001013	test-rmse:0.417401+0.004059 
[546]	train-rmse:0.417394+0.001014	test-rmse:0.417400+0.004058 
[547]	train-rmse:0.417393+0.001014	test-rmse:0.417399+0.004059 
[548]	train-rmse:0.417393+0.001014	test-rmse:0.417399+0.004059 
[549]	train-rmse:0.417393+0.001014	test-rmse:0.417399+0.004059 
[550]	train-rmse:0.417393+0.001014	test-rmse:0.417399+0.004059 
[551]	train-rmse:0.417392+0.001015	test-rmse:0.417398+0.004058 
[552]	train-rmse:0.417392+0.001015	test-rmse:0.417398+0.004058 
[553]	train-rmse:0.417391+0.001016	test-rmse:0.417398+0.004057 
[554]	train-rmse:0.417391+0.001015	test-rmse:0.417397+0.004057 
[555]	train-rmse:0.417391+0.001015	test-rmse:0.417397+0.004057 
[556]	train-rmse:0.417390+0.001015	test-rmse:0.417397+0.004057 
[557]	train-rmse:0.417389+0.001015	test-rmse:0.417395+0.004058 
[558]	train-rmse:0.417389+0.001015	test-rmse:0.417395+0.004058 
[559]	train-rmse:0.417388+0.001014	test-rmse:0.417395+0.004058 
[560]	train-rmse:0.417387+0.001013	test-rmse:0.417394+0.004059 
[561]	train-rmse:0.417386+0.001014	test-rmse:0.417393+0.004058 
[562]	train-rmse:0.417386+0.001014	test-rmse:0.417393+0.004058 
[563]	train-rmse:0.417385+0.001014	test-rmse:0.417392+0.004059 
[564]	train-rmse:0.417385+0.001014	test-rmse:0.417392+0.004059 
[565]	train-rmse:0.417385+0.001013	test-rmse:0.417392+0.004059 
[566]	train-rmse:0.417385+0.001013	test-rmse:0.417391+0.004059 
[567]	train-rmse:0.417384+0.001013	test-rmse:0.417391+0.004059 
[568]	train-rmse:0.417383+0.001013	test-rmse:0.417390+0.004060 
[569]	train-rmse:0.417382+0.001013	test-rmse:0.417389+0.004060 
[570]	train-rmse:0.417381+0.001014	test-rmse:0.417388+0.004059 
[571]	train-rmse:0.417380+0.001014	test-rmse:0.417388+0.004059 
[572]	train-rmse:0.417380+0.001013	test-rmse:0.417387+0.004059 
[573]	train-rmse:0.417380+0.001013	test-rmse:0.417387+0.004059 
[574]	train-rmse:0.417379+0.001012	test-rmse:0.417386+0.004060 
[575]	train-rmse:0.417379+0.001013	test-rmse:0.417386+0.004059 
[576]	train-rmse:0.417378+0.001013	test-rmse:0.417386+0.004059 
[577]	train-rmse:0.417378+0.001013	test-rmse:0.417386+0.004059 
[578]	train-rmse:0.417378+0.001013	test-rmse:0.417385+0.004059 
[579]	train-rmse:0.417377+0.001012	test-rmse:0.417385+0.004060 
[580]	train-rmse:0.417377+0.001012	test-rmse:0.417385+0.004060 
[581]	train-rmse:0.417377+0.001012	test-rmse:0.417384+0.004060 
[582]	train-rmse:0.417376+0.001012	test-rmse:0.417384+0.004060 
[583]	train-rmse:0.417376+0.001012	test-rmse:0.417384+0.004060 
[584]	train-rmse:0.417376+0.001012	test-rmse:0.417384+0.004060 
[585]	train-rmse:0.417375+0.001012	test-rmse:0.417382+0.004060 
[586]	train-rmse:0.417375+0.001012	test-rmse:0.417382+0.004060 
[587]	train-rmse:0.417375+0.001012	test-rmse:0.417382+0.004060 
[588]	train-rmse:0.417375+0.001012	test-rmse:0.417382+0.004060 
[589]	train-rmse:0.417373+0.001012	test-rmse:0.417381+0.004060 
[590]	train-rmse:0.417373+0.001012	test-rmse:0.417381+0.004060 
[591]	train-rmse:0.417372+0.001011	test-rmse:0.417380+0.004061 
[592]	train-rmse:0.417371+0.001012	test-rmse:0.417379+0.004060 
[593]	train-rmse:0.417371+0.001012	test-rmse:0.417379+0.004060 
[594]	train-rmse:0.417370+0.001012	test-rmse:0.417378+0.004060 
[595]	train-rmse:0.417370+0.001012	test-rmse:0.417378+0.004060 
[596]	train-rmse:0.417370+0.001012	test-rmse:0.417378+0.004060 
[597]	train-rmse:0.417370+0.001012	test-rmse:0.417378+0.004060 
[598]	train-rmse:0.417369+0.001012	test-rmse:0.417377+0.004060 
[599]	train-rmse:0.417369+0.001012	test-rmse:0.417377+0.004060 
[600]	train-rmse:0.417368+0.001012	test-rmse:0.417377+0.004060 
[601]	train-rmse:0.417368+0.001012	test-rmse:0.417377+0.004060 
[602]	train-rmse:0.417368+0.001012	test-rmse:0.417377+0.004060 
[603]	train-rmse:0.417368+0.001011	test-rmse:0.417376+0.004061 
[604]	train-rmse:0.417367+0.001010	test-rmse:0.417375+0.004061 
[605]	train-rmse:0.417367+0.001010	test-rmse:0.417375+0.004061 
[606]	train-rmse:0.417366+0.001010	test-rmse:0.417374+0.004062 
[607]	train-rmse:0.417365+0.001010	test-rmse:0.417374+0.004062 
[608]	train-rmse:0.417365+0.001010	test-rmse:0.417373+0.004062 
[609]	train-rmse:0.417363+0.001009	test-rmse:0.417372+0.004063 
[610]	train-rmse:0.417363+0.001009	test-rmse:0.417372+0.004063 
[611]	train-rmse:0.417362+0.001010	test-rmse:0.417371+0.004062 
[612]	train-rmse:0.417361+0.001010	test-rmse:0.417370+0.004062 
[613]	train-rmse:0.417361+0.001010	test-rmse:0.417370+0.004062 
[614]	train-rmse:0.417360+0.001010	test-rmse:0.417369+0.004062 
[615]	train-rmse:0.417360+0.001009	test-rmse:0.417369+0.004062 
[616]	train-rmse:0.417359+0.001009	test-rmse:0.417368+0.004063 
[617]	train-rmse:0.417359+0.001009	test-rmse:0.417368+0.004063 
[618]	train-rmse:0.417358+0.001010	test-rmse:0.417367+0.004062 
[619]	train-rmse:0.417358+0.001010	test-rmse:0.417367+0.004062 
[620]	train-rmse:0.417358+0.001010	test-rmse:0.417367+0.004062 
[621]	train-rmse:0.417358+0.001010	test-rmse:0.417367+0.004062 
[622]	train-rmse:0.417357+0.001010	test-rmse:0.417366+0.004062 
[623]	train-rmse:0.417356+0.001010	test-rmse:0.417365+0.004062 
[624]	train-rmse:0.417356+0.001010	test-rmse:0.417365+0.004062 
[625]	train-rmse:0.417356+0.001010	test-rmse:0.417365+0.004062 
[626]	train-rmse:0.417355+0.001011	test-rmse:0.417365+0.004061 
[627]	train-rmse:0.417355+0.001011	test-rmse:0.417365+0.004061 
[628]	train-rmse:0.417355+0.001011	test-rmse:0.417365+0.004061 
[629]	train-rmse:0.417355+0.001012	test-rmse:0.417364+0.004060 
[630]	train-rmse:0.417355+0.001012	test-rmse:0.417364+0.004060 
[631]	train-rmse:0.417354+0.001012	test-rmse:0.417364+0.004060 
[632]	train-rmse:0.417354+0.001011	test-rmse:0.417364+0.004060 
[633]	train-rmse:0.417354+0.001011	test-rmse:0.417364+0.004060 
[634]	train-rmse:0.417354+0.001011	test-rmse:0.417363+0.004060 
[635]	train-rmse:0.417354+0.001011	test-rmse:0.417363+0.004060 
[636]	train-rmse:0.417354+0.001011	test-rmse:0.417363+0.004060 
[637]	train-rmse:0.417353+0.001011	test-rmse:0.417362+0.004061 
[638]	train-rmse:0.417352+0.001012	test-rmse:0.417362+0.004060 
[639]	train-rmse:0.417352+0.001012	test-rmse:0.417362+0.004060 
[640]	train-rmse:0.417351+0.001011	test-rmse:0.417361+0.004060 
[641]	train-rmse:0.417351+0.001011	test-rmse:0.417361+0.004060 
[642]	train-rmse:0.417351+0.001011	test-rmse:0.417361+0.004060 
[643]	train-rmse:0.417351+0.001011	test-rmse:0.417361+0.004060 
[644]	train-rmse:0.417351+0.001010	test-rmse:0.417361+0.004061 
[645]	train-rmse:0.417350+0.001010	test-rmse:0.417361+0.004061 
[646]	train-rmse:0.417349+0.001011	test-rmse:0.417359+0.004060 
[647]	train-rmse:0.417348+0.001011	test-rmse:0.417358+0.004061 
[648]	train-rmse:0.417347+0.001011	test-rmse:0.417358+0.004061 
[649]	train-rmse:0.417347+0.001011	test-rmse:0.417357+0.004061 
[650]	train-rmse:0.417347+0.001011	test-rmse:0.417357+0.004061 
[651]	train-rmse:0.417346+0.001010	test-rmse:0.417357+0.004061 
[652]	train-rmse:0.417346+0.001010	test-rmse:0.417357+0.004061 
[653]	train-rmse:0.417346+0.001010	test-rmse:0.417356+0.004061 
[654]	train-rmse:0.417346+0.001010	test-rmse:0.417356+0.004061 
[655]	train-rmse:0.417346+0.001010	test-rmse:0.417356+0.004061 
[656]	train-rmse:0.417345+0.001010	test-rmse:0.417356+0.004061 
[657]	train-rmse:0.417345+0.001010	test-rmse:0.417356+0.004061 
[658]	train-rmse:0.417345+0.001010	test-rmse:0.417356+0.004061 
[659]	train-rmse:0.417345+0.001010	test-rmse:0.417356+0.004061 
[660]	train-rmse:0.417345+0.001011	test-rmse:0.417355+0.004060 
[661]	train-rmse:0.417345+0.001011	test-rmse:0.417355+0.004060 
[662]	train-rmse:0.417344+0.001011	test-rmse:0.417355+0.004060 
[663]	train-rmse:0.417344+0.001011	test-rmse:0.417355+0.004060 
[664]	train-rmse:0.417344+0.001011	test-rmse:0.417355+0.004060 
[665]	train-rmse:0.417343+0.001010	test-rmse:0.417354+0.004061 
[666]	train-rmse:0.417343+0.001010	test-rmse:0.417353+0.004061 
[667]	train-rmse:0.417342+0.001010	test-rmse:0.417353+0.004061 
[668]	train-rmse:0.417341+0.001010	test-rmse:0.417352+0.004061 
[669]	train-rmse:0.417340+0.001010	test-rmse:0.417351+0.004062 
[670]	train-rmse:0.417340+0.001010	test-rmse:0.417351+0.004062 
[671]	train-rmse:0.417340+0.001010	test-rmse:0.417351+0.004062 
[672]	train-rmse:0.417340+0.001011	test-rmse:0.417351+0.004061 
[673]	train-rmse:0.417339+0.001010	test-rmse:0.417350+0.004061 
[674]	train-rmse:0.417337+0.001009	test-rmse:0.417348+0.004062 
[675]	train-rmse:0.417337+0.001009	test-rmse:0.417348+0.004062 
[676]	train-rmse:0.417336+0.001010	test-rmse:0.417347+0.004061 
[677]	train-rmse:0.417336+0.001009	test-rmse:0.417347+0.004062 
[678]	train-rmse:0.417336+0.001009	test-rmse:0.417347+0.004062 
[679]	train-rmse:0.417335+0.001009	test-rmse:0.417346+0.004062 
[680]	train-rmse:0.417335+0.001009	test-rmse:0.417346+0.004062 
[681]	train-rmse:0.417334+0.001008	test-rmse:0.417346+0.004063 
[682]	train-rmse:0.417334+0.001008	test-rmse:0.417346+0.004063 
[683]	train-rmse:0.417334+0.001008	test-rmse:0.417346+0.004063 
[684]	train-rmse:0.417334+0.001008	test-rmse:0.417345+0.004063 
[685]	train-rmse:0.417334+0.001008	test-rmse:0.417345+0.004063 
[686]	train-rmse:0.417332+0.001008	test-rmse:0.417344+0.004063 
[687]	train-rmse:0.417332+0.001008	test-rmse:0.417344+0.004063 
[688]	train-rmse:0.417332+0.001008	test-rmse:0.417344+0.004063 
[689]	train-rmse:0.417332+0.001008	test-rmse:0.417344+0.004063 
[690]	train-rmse:0.417332+0.001008	test-rmse:0.417343+0.004063 
[691]	train-rmse:0.417332+0.001008	test-rmse:0.417343+0.004063 
[692]	train-rmse:0.417332+0.001008	test-rmse:0.417343+0.004063 
[693]	train-rmse:0.417332+0.001008	test-rmse:0.417343+0.004063 
[694]	train-rmse:0.417332+0.001008	test-rmse:0.417343+0.004063 
[695]	train-rmse:0.417331+0.001007	test-rmse:0.417343+0.004064 
[696]	train-rmse:0.417330+0.001008	test-rmse:0.417342+0.004063 
[697]	train-rmse:0.417329+0.001008	test-rmse:0.417341+0.004063 
[698]	train-rmse:0.417329+0.001008	test-rmse:0.417340+0.004063 
[699]	train-rmse:0.417328+0.001008	test-rmse:0.417340+0.004063 
[700]	train-rmse:0.417327+0.001009	test-rmse:0.417339+0.004062 
[701]	train-rmse:0.417326+0.001010	test-rmse:0.417338+0.004061 
[702]	train-rmse:0.417326+0.001009	test-rmse:0.417338+0.004062 
[703]	train-rmse:0.417326+0.001009	test-rmse:0.417338+0.004062 
[704]	train-rmse:0.417325+0.001009	test-rmse:0.417337+0.004062 
[705]	train-rmse:0.417324+0.001010	test-rmse:0.417336+0.004061 
[706]	train-rmse:0.417324+0.001009	test-rmse:0.417336+0.004061 
[707]	train-rmse:0.417324+0.001009	test-rmse:0.417336+0.004061 
[708]	train-rmse:0.417323+0.001009	test-rmse:0.417335+0.004061 
[709]	train-rmse:0.417323+0.001010	test-rmse:0.417335+0.004061 
[710]	train-rmse:0.417323+0.001009	test-rmse:0.417335+0.004061 
[711]	train-rmse:0.417322+0.001009	test-rmse:0.417335+0.004062 
[712]	train-rmse:0.417322+0.001009	test-rmse:0.417334+0.004062 
[713]	train-rmse:0.417322+0.001009	test-rmse:0.417334+0.004062 
[714]	train-rmse:0.417322+0.001009	test-rmse:0.417334+0.004062 
[715]	train-rmse:0.417322+0.001009	test-rmse:0.417334+0.004062 
[716]	train-rmse:0.417320+0.001010	test-rmse:0.417333+0.004061 
[717]	train-rmse:0.417320+0.001010	test-rmse:0.417333+0.004061 
[718]	train-rmse:0.417320+0.001010	test-rmse:0.417332+0.004061 
[719]	train-rmse:0.417320+0.001010	test-rmse:0.417332+0.004061 
[720]	train-rmse:0.417320+0.001010	test-rmse:0.417332+0.004061 
[721]	train-rmse:0.417320+0.001009	test-rmse:0.417332+0.004061 
[722]	train-rmse:0.417319+0.001009	test-rmse:0.417332+0.004062 
[723]	train-rmse:0.417318+0.001008	test-rmse:0.417331+0.004062 
[724]	train-rmse:0.417318+0.001008	test-rmse:0.417331+0.004062 
[725]	train-rmse:0.417318+0.001008	test-rmse:0.417331+0.004062 
[726]	train-rmse:0.417318+0.001008	test-rmse:0.417331+0.004063 
[727]	train-rmse:0.417318+0.001008	test-rmse:0.417331+0.004063 
[728]	train-rmse:0.417318+0.001008	test-rmse:0.417331+0.004063 
[729]	train-rmse:0.417317+0.001007	test-rmse:0.417330+0.004063 
[730]	train-rmse:0.417317+0.001008	test-rmse:0.417329+0.004063 
[731]	train-rmse:0.417317+0.001008	test-rmse:0.417329+0.004063 
[732]	train-rmse:0.417316+0.001008	test-rmse:0.417329+0.004063 
[733]	train-rmse:0.417316+0.001007	test-rmse:0.417329+0.004063 
[734]	train-rmse:0.417316+0.001007	test-rmse:0.417329+0.004063 
[735]	train-rmse:0.417316+0.001007	test-rmse:0.417329+0.004063 
[736]	train-rmse:0.417315+0.001007	test-rmse:0.417328+0.004063 
[737]	train-rmse:0.417315+0.001007	test-rmse:0.417328+0.004063 
[738]	train-rmse:0.417315+0.001007	test-rmse:0.417328+0.004063 
[739]	train-rmse:0.417314+0.001008	test-rmse:0.417327+0.004062 
[740]	train-rmse:0.417313+0.001009	test-rmse:0.417327+0.004061 
[741]	train-rmse:0.417313+0.001010	test-rmse:0.417326+0.004060 
[742]	train-rmse:0.417313+0.001010	test-rmse:0.417326+0.004060 
[743]	train-rmse:0.417313+0.001010	test-rmse:0.417326+0.004060 
[744]	train-rmse:0.417312+0.001010	test-rmse:0.417325+0.004061 
[745]	train-rmse:0.417311+0.001010	test-rmse:0.417325+0.004061 
[746]	train-rmse:0.417311+0.001010	test-rmse:0.417324+0.004061 
[747]	train-rmse:0.417310+0.001009	test-rmse:0.417323+0.004061 
[748]	train-rmse:0.417309+0.001009	test-rmse:0.417323+0.004062 
[749]	train-rmse:0.417309+0.001009	test-rmse:0.417322+0.004062 
[750]	train-rmse:0.417307+0.001010	test-rmse:0.417321+0.004061 
[751]	train-rmse:0.417307+0.001009	test-rmse:0.417320+0.004061 
[752]	train-rmse:0.417307+0.001009	test-rmse:0.417320+0.004061 
[753]	train-rmse:0.417307+0.001009	test-rmse:0.417320+0.004061 
[754]	train-rmse:0.417306+0.001009	test-rmse:0.417320+0.004061 
[755]	train-rmse:0.417306+0.001009	test-rmse:0.417320+0.004061 
[756]	train-rmse:0.417305+0.001009	test-rmse:0.417319+0.004062 
[757]	train-rmse:0.417305+0.001009	test-rmse:0.417319+0.004062 
[758]	train-rmse:0.417305+0.001009	test-rmse:0.417319+0.004062 
[759]	train-rmse:0.417304+0.001009	test-rmse:0.417318+0.004062 
[760]	train-rmse:0.417304+0.001010	test-rmse:0.417317+0.004061 
[761]	train-rmse:0.417304+0.001010	test-rmse:0.417317+0.004061 
[762]	train-rmse:0.417303+0.001009	test-rmse:0.417317+0.004061 
[763]	train-rmse:0.417303+0.001009	test-rmse:0.417317+0.004061 
[764]	train-rmse:0.417303+0.001009	test-rmse:0.417317+0.004061 
[765]	train-rmse:0.417302+0.001009	test-rmse:0.417316+0.004062 
[766]	train-rmse:0.417301+0.001009	test-rmse:0.417315+0.004062 
[767]	train-rmse:0.417300+0.001010	test-rmse:0.417315+0.004061 
[768]	train-rmse:0.417300+0.001010	test-rmse:0.417315+0.004061 
[769]	train-rmse:0.417300+0.001010	test-rmse:0.417314+0.004061 
[770]	train-rmse:0.417300+0.001010	test-rmse:0.417314+0.004061 
[771]	train-rmse:0.417299+0.001010	test-rmse:0.417314+0.004061 
[772]	train-rmse:0.417299+0.001010	test-rmse:0.417313+0.004061 
[773]	train-rmse:0.417298+0.001010	test-rmse:0.417312+0.004061 
[774]	train-rmse:0.417298+0.001010	test-rmse:0.417312+0.004061 
[775]	train-rmse:0.417297+0.001010	test-rmse:0.417312+0.004061 
[776]	train-rmse:0.417297+0.001010	test-rmse:0.417312+0.004061 
[777]	train-rmse:0.417297+0.001010	test-rmse:0.417312+0.004061 
[778]	train-rmse:0.417297+0.001010	test-rmse:0.417312+0.004061 
[779]	train-rmse:0.417297+0.001010	test-rmse:0.417312+0.004061 
[780]	train-rmse:0.417297+0.001009	test-rmse:0.417311+0.004061 
[781]	train-rmse:0.417297+0.001009	test-rmse:0.417311+0.004061 
[782]	train-rmse:0.417297+0.001009	test-rmse:0.417311+0.004061 
[783]	train-rmse:0.417296+0.001009	test-rmse:0.417311+0.004061 
[784]	train-rmse:0.417295+0.001009	test-rmse:0.417310+0.004062 
[785]	train-rmse:0.417295+0.001009	test-rmse:0.417310+0.004062 
[786]	train-rmse:0.417295+0.001010	test-rmse:0.417309+0.004061 
[787]	train-rmse:0.417293+0.001009	test-rmse:0.417308+0.004062 
[788]	train-rmse:0.417292+0.001008	test-rmse:0.417307+0.004062 
[789]	train-rmse:0.417292+0.001008	test-rmse:0.417307+0.004062 
[790]	train-rmse:0.417292+0.001008	test-rmse:0.417307+0.004062 
[791]	train-rmse:0.417291+0.001008	test-rmse:0.417306+0.004062 
[792]	train-rmse:0.417290+0.001009	test-rmse:0.417306+0.004061 
[793]	train-rmse:0.417290+0.001009	test-rmse:0.417306+0.004061 
[794]	train-rmse:0.417290+0.001009	test-rmse:0.417305+0.004061 
[795]	train-rmse:0.417290+0.001009	test-rmse:0.417305+0.004061 
[796]	train-rmse:0.417290+0.001009	test-rmse:0.417305+0.004061 
[797]	train-rmse:0.417290+0.001009	test-rmse:0.417305+0.004061 
[798]	train-rmse:0.417290+0.001009	test-rmse:0.417305+0.004061 
[799]	train-rmse:0.417290+0.001009	test-rmse:0.417305+0.004061 
[800]	train-rmse:0.417290+0.001009	test-rmse:0.417305+0.004061 
[801]	train-rmse:0.417290+0.001009	test-rmse:0.417305+0.004061 
[802]	train-rmse:0.417289+0.001009	test-rmse:0.417304+0.004061 
[803]	train-rmse:0.417288+0.001009	test-rmse:0.417304+0.004061 
[804]	train-rmse:0.417287+0.001008	test-rmse:0.417303+0.004062 
[805]	train-rmse:0.417285+0.001009	test-rmse:0.417301+0.004061 
[806]	train-rmse:0.417285+0.001009	test-rmse:0.417301+0.004061 
[807]	train-rmse:0.417284+0.001010	test-rmse:0.417300+0.004060 
[808]	train-rmse:0.417284+0.001010	test-rmse:0.417299+0.004061 
[809]	train-rmse:0.417284+0.001010	test-rmse:0.417299+0.004061 
[810]	train-rmse:0.417283+0.001009	test-rmse:0.417299+0.004061 
[811]	train-rmse:0.417282+0.001010	test-rmse:0.417298+0.004060 
[812]	train-rmse:0.417282+0.001011	test-rmse:0.417298+0.004060 
[813]	train-rmse:0.417282+0.001011	test-rmse:0.417298+0.004060 
[814]	train-rmse:0.417281+0.001010	test-rmse:0.417297+0.004060 
[815]	train-rmse:0.417280+0.001011	test-rmse:0.417296+0.004059 
[816]	train-rmse:0.417279+0.001011	test-rmse:0.417296+0.004060 
[817]	train-rmse:0.417278+0.001010	test-rmse:0.417295+0.004060 
[818]	train-rmse:0.417278+0.001010	test-rmse:0.417294+0.004060 
[819]	train-rmse:0.417278+0.001010	test-rmse:0.417294+0.004060 
[820]	train-rmse:0.417278+0.001010	test-rmse:0.417294+0.004060 
[821]	train-rmse:0.417278+0.001010	test-rmse:0.417294+0.004060 
[822]	train-rmse:0.417278+0.001010	test-rmse:0.417294+0.004060 
[823]	train-rmse:0.417277+0.001010	test-rmse:0.417294+0.004060 
[824]	train-rmse:0.417277+0.001010	test-rmse:0.417293+0.004060 
[825]	train-rmse:0.417277+0.001010	test-rmse:0.417293+0.004060 
[826]	train-rmse:0.417277+0.001010	test-rmse:0.417293+0.004060 
[827]	train-rmse:0.417277+0.001010	test-rmse:0.417293+0.004060 
[828]	train-rmse:0.417276+0.001011	test-rmse:0.417293+0.004059 
[829]	train-rmse:0.417276+0.001011	test-rmse:0.417293+0.004059 
[830]	train-rmse:0.417276+0.001011	test-rmse:0.417293+0.004059 
[831]	train-rmse:0.417276+0.001011	test-rmse:0.417293+0.004059 
[832]	train-rmse:0.417276+0.001011	test-rmse:0.417292+0.004059 
[833]	train-rmse:0.417276+0.001011	test-rmse:0.417292+0.004059 
[834]	train-rmse:0.417275+0.001011	test-rmse:0.417292+0.004059 
[835]	train-rmse:0.417275+0.001011	test-rmse:0.417291+0.004060 
[836]	train-rmse:0.417275+0.001011	test-rmse:0.417291+0.004060 
[837]	train-rmse:0.417275+0.001011	test-rmse:0.417291+0.004060 
[838]	train-rmse:0.417274+0.001011	test-rmse:0.417291+0.004060 
[839]	train-rmse:0.417274+0.001010	test-rmse:0.417290+0.004060 
[840]	train-rmse:0.417274+0.001010	test-rmse:0.417290+0.004060 
[841]	train-rmse:0.417273+0.001010	test-rmse:0.417290+0.004060 
[842]	train-rmse:0.417273+0.001010	test-rmse:0.417290+0.004060 
[843]	train-rmse:0.417273+0.001010	test-rmse:0.417290+0.004060 
[844]	train-rmse:0.417273+0.001010	test-rmse:0.417290+0.004060 
[845]	train-rmse:0.417273+0.001010	test-rmse:0.417290+0.004060 
[846]	train-rmse:0.417273+0.001010	test-rmse:0.417289+0.004061 
[847]	train-rmse:0.417272+0.001009	test-rmse:0.417289+0.004061 
[848]	train-rmse:0.417272+0.001009	test-rmse:0.417289+0.004061 
[849]	train-rmse:0.417272+0.001009	test-rmse:0.417288+0.004061 
[850]	train-rmse:0.417272+0.001009	test-rmse:0.417288+0.004061 
[851]	train-rmse:0.417271+0.001009	test-rmse:0.417288+0.004061 
[852]	train-rmse:0.417271+0.001009	test-rmse:0.417288+0.004061 
[853]	train-rmse:0.417271+0.001009	test-rmse:0.417288+0.004061 
[854]	train-rmse:0.417271+0.001009	test-rmse:0.417288+0.004061 
[855]	train-rmse:0.417271+0.001009	test-rmse:0.417288+0.004061 
[856]	train-rmse:0.417270+0.001008	test-rmse:0.417287+0.004062 
[857]	train-rmse:0.417270+0.001008	test-rmse:0.417287+0.004062 
[858]	train-rmse:0.417270+0.001009	test-rmse:0.417286+0.004061 
[859]	train-rmse:0.417269+0.001009	test-rmse:0.417286+0.004061 
[860]	train-rmse:0.417268+0.001009	test-rmse:0.417285+0.004061 
[861]	train-rmse:0.417268+0.001009	test-rmse:0.417285+0.004061 
[862]	train-rmse:0.417268+0.001009	test-rmse:0.417285+0.004061 
[863]	train-rmse:0.417267+0.001009	test-rmse:0.417284+0.004061 
[864]	train-rmse:0.417267+0.001009	test-rmse:0.417284+0.004061 
[865]	train-rmse:0.417267+0.001009	test-rmse:0.417284+0.004061 
[866]	train-rmse:0.417267+0.001009	test-rmse:0.417284+0.004061 
[867]	train-rmse:0.417266+0.001009	test-rmse:0.417284+0.004061 
[868]	train-rmse:0.417266+0.001009	test-rmse:0.417284+0.004061 
[869]	train-rmse:0.417266+0.001009	test-rmse:0.417284+0.004061 
[870]	train-rmse:0.417265+0.001010	test-rmse:0.417283+0.004060 
[871]	train-rmse:0.417265+0.001011	test-rmse:0.417282+0.004059 
[872]	train-rmse:0.417264+0.001011	test-rmse:0.417281+0.004059 
[873]	train-rmse:0.417263+0.001010	test-rmse:0.417281+0.004060 
[874]	train-rmse:0.417263+0.001010	test-rmse:0.417280+0.004060 
[875]	train-rmse:0.417262+0.001010	test-rmse:0.417280+0.004060 
[876]	train-rmse:0.417262+0.001010	test-rmse:0.417280+0.004060 
[877]	train-rmse:0.417262+0.001011	test-rmse:0.417279+0.004059 
[878]	train-rmse:0.417260+0.001010	test-rmse:0.417278+0.004060 
[879]	train-rmse:0.417260+0.001010	test-rmse:0.417278+0.004060 
[880]	train-rmse:0.417259+0.001009	test-rmse:0.417277+0.004061 
[881]	train-rmse:0.417259+0.001009	test-rmse:0.417277+0.004061 
[882]	train-rmse:0.417259+0.001010	test-rmse:0.417276+0.004060 
[883]	train-rmse:0.417259+0.001010	test-rmse:0.417276+0.004060 
[884]	train-rmse:0.417259+0.001010	test-rmse:0.417276+0.004060 
[885]	train-rmse:0.417257+0.001010	test-rmse:0.417275+0.004060 
[886]	train-rmse:0.417257+0.001010	test-rmse:0.417275+0.004060 
[887]	train-rmse:0.417257+0.001010	test-rmse:0.417275+0.004060 
[888]	train-rmse:0.417257+0.001010	test-rmse:0.417275+0.004060 
[889]	train-rmse:0.417256+0.001011	test-rmse:0.417274+0.004059 
[890]	train-rmse:0.417256+0.001011	test-rmse:0.417274+0.004059 
[891]	train-rmse:0.417256+0.001011	test-rmse:0.417274+0.004059 
[892]	train-rmse:0.417256+0.001011	test-rmse:0.417274+0.004059 
[893]	train-rmse:0.417256+0.001011	test-rmse:0.417274+0.004059 
[894]	train-rmse:0.417256+0.001011	test-rmse:0.417274+0.004059 
[895]	train-rmse:0.417255+0.001010	test-rmse:0.417273+0.004060 
[896]	train-rmse:0.417255+0.001010	test-rmse:0.417273+0.004060 
[897]	train-rmse:0.417255+0.001010	test-rmse:0.417273+0.004060 
[898]	train-rmse:0.417255+0.001010	test-rmse:0.417273+0.004060 
[899]	train-rmse:0.417255+0.001010	test-rmse:0.417273+0.004060 
[900]	train-rmse:0.417255+0.001010	test-rmse:0.417273+0.004060 
[901]	train-rmse:0.417254+0.001010	test-rmse:0.417272+0.004060 
[902]	train-rmse:0.417253+0.001010	test-rmse:0.417271+0.004059 
[903]	train-rmse:0.417252+0.001010	test-rmse:0.417271+0.004060 
[904]	train-rmse:0.417252+0.001010	test-rmse:0.417271+0.004060 
[905]	train-rmse:0.417252+0.001010	test-rmse:0.417271+0.004060 
[906]	train-rmse:0.417252+0.001010	test-rmse:0.417270+0.004060 
[907]	train-rmse:0.417251+0.001010	test-rmse:0.417270+0.004060 
[908]	train-rmse:0.417251+0.001010	test-rmse:0.417270+0.004060 
[909]	train-rmse:0.417251+0.001010	test-rmse:0.417270+0.004060 
[910]	train-rmse:0.417250+0.001009	test-rmse:0.417269+0.004061 
[911]	train-rmse:0.417250+0.001009	test-rmse:0.417268+0.004061 
[912]	train-rmse:0.417250+0.001009	test-rmse:0.417268+0.004061 
[913]	train-rmse:0.417250+0.001009	test-rmse:0.417268+0.004061 
[914]	train-rmse:0.417250+0.001009	test-rmse:0.417268+0.004061 
[915]	train-rmse:0.417250+0.001009	test-rmse:0.417268+0.004061 
[916]	train-rmse:0.417250+0.001009	test-rmse:0.417268+0.004061 
[917]	train-rmse:0.417250+0.001009	test-rmse:0.417268+0.004061 
[918]	train-rmse:0.417250+0.001009	test-rmse:0.417268+0.004061 
[919]	train-rmse:0.417249+0.001009	test-rmse:0.417268+0.004061 
[920]	train-rmse:0.417249+0.001009	test-rmse:0.417268+0.004061 
[921]	train-rmse:0.417249+0.001009	test-rmse:0.417268+0.004061 
[922]	train-rmse:0.417249+0.001009	test-rmse:0.417268+0.004061 
[923]	train-rmse:0.417249+0.001009	test-rmse:0.417268+0.004061 
[924]	train-rmse:0.417249+0.001009	test-rmse:0.417268+0.004061 
[925]	train-rmse:0.417248+0.001009	test-rmse:0.417267+0.004061 
[926]	train-rmse:0.417248+0.001008	test-rmse:0.417267+0.004062 
[927]	train-rmse:0.417248+0.001008	test-rmse:0.417267+0.004062 
[928]	train-rmse:0.417246+0.001009	test-rmse:0.417265+0.004061 
[929]	train-rmse:0.417246+0.001009	test-rmse:0.417265+0.004061 
[930]	train-rmse:0.417244+0.001009	test-rmse:0.417263+0.004061 
[931]	train-rmse:0.417244+0.001009	test-rmse:0.417263+0.004061 
[932]	train-rmse:0.417243+0.001010	test-rmse:0.417263+0.004060 
[933]	train-rmse:0.417243+0.001010	test-rmse:0.417263+0.004060 
[934]	train-rmse:0.417243+0.001010	test-rmse:0.417263+0.004060 
[935]	train-rmse:0.417243+0.001010	test-rmse:0.417263+0.004060 
[936]	train-rmse:0.417243+0.001010	test-rmse:0.417263+0.004060 
[937]	train-rmse:0.417243+0.001010	test-rmse:0.417263+0.004060 
[938]	train-rmse:0.417242+0.001010	test-rmse:0.417262+0.004059 
[939]	train-rmse:0.417242+0.001010	test-rmse:0.417262+0.004059 
[940]	train-rmse:0.417242+0.001010	test-rmse:0.417261+0.004059 
[941]	train-rmse:0.417242+0.001010	test-rmse:0.417261+0.004059 
[942]	train-rmse:0.417241+0.001010	test-rmse:0.417261+0.004060 
[943]	train-rmse:0.417241+0.001010	test-rmse:0.417261+0.004060 
[944]	train-rmse:0.417241+0.001010	test-rmse:0.417261+0.004060 
[945]	train-rmse:0.417240+0.001011	test-rmse:0.417260+0.004059 
[946]	train-rmse:0.417240+0.001011	test-rmse:0.417260+0.004059 
[947]	train-rmse:0.417240+0.001011	test-rmse:0.417260+0.004059 
[948]	train-rmse:0.417240+0.001012	test-rmse:0.417259+0.004058 
[949]	train-rmse:0.417239+0.001013	test-rmse:0.417259+0.004057 
[950]	train-rmse:0.417239+0.001013	test-rmse:0.417259+0.004057 
[951]	train-rmse:0.417239+0.001013	test-rmse:0.417259+0.004057 
[952]	train-rmse:0.417239+0.001013	test-rmse:0.417259+0.004057 
[953]	train-rmse:0.417239+0.001013	test-rmse:0.417259+0.004057 
[954]	train-rmse:0.417238+0.001014	test-rmse:0.417258+0.004056 
[955]	train-rmse:0.417238+0.001013	test-rmse:0.417257+0.004056 
[956]	train-rmse:0.417237+0.001013	test-rmse:0.417257+0.004056 
[957]	train-rmse:0.417236+0.001013	test-rmse:0.417256+0.004057 
[958]	train-rmse:0.417235+0.001012	test-rmse:0.417255+0.004057 
[959]	train-rmse:0.417234+0.001012	test-rmse:0.417254+0.004057 
[960]	train-rmse:0.417234+0.001012	test-rmse:0.417254+0.004057 
[961]	train-rmse:0.417233+0.001012	test-rmse:0.417254+0.004057 
[962]	train-rmse:0.417233+0.001012	test-rmse:0.417253+0.004057 
[963]	train-rmse:0.417233+0.001012	test-rmse:0.417253+0.004057 
[964]	train-rmse:0.417232+0.001012	test-rmse:0.417253+0.004058 
[965]	train-rmse:0.417232+0.001013	test-rmse:0.417252+0.004057 
[966]	train-rmse:0.417232+0.001013	test-rmse:0.417252+0.004057 
[967]	train-rmse:0.417231+0.001012	test-rmse:0.417251+0.004058 
[968]	train-rmse:0.417230+0.001013	test-rmse:0.417251+0.004057 
[969]	train-rmse:0.417230+0.001013	test-rmse:0.417250+0.004057 
[970]	train-rmse:0.417229+0.001013	test-rmse:0.417250+0.004057 
[971]	train-rmse:0.417229+0.001013	test-rmse:0.417249+0.004057 
[972]	train-rmse:0.417229+0.001013	test-rmse:0.417249+0.004057 
[973]	train-rmse:0.417228+0.001013	test-rmse:0.417249+0.004057 
[974]	train-rmse:0.417228+0.001013	test-rmse:0.417249+0.004057 
[975]	train-rmse:0.417227+0.001013	test-rmse:0.417248+0.004057 
[976]	train-rmse:0.417227+0.001013	test-rmse:0.417248+0.004057 
[977]	train-rmse:0.417227+0.001014	test-rmse:0.417248+0.004056 
[978]	train-rmse:0.417226+0.001013	test-rmse:0.417246+0.004057 
[979]	train-rmse:0.417226+0.001013	test-rmse:0.417246+0.004057 
[980]	train-rmse:0.417224+0.001013	test-rmse:0.417245+0.004057 
[981]	train-rmse:0.417223+0.001012	test-rmse:0.417244+0.004057 
[982]	train-rmse:0.417223+0.001012	test-rmse:0.417244+0.004057 
[983]	train-rmse:0.417223+0.001012	test-rmse:0.417244+0.004057 
[984]	train-rmse:0.417223+0.001012	test-rmse:0.417244+0.004057 
[985]	train-rmse:0.417223+0.001012	test-rmse:0.417244+0.004057 
[986]	train-rmse:0.417222+0.001011	test-rmse:0.417243+0.004058 
[987]	train-rmse:0.417221+0.001012	test-rmse:0.417243+0.004057 
[988]	train-rmse:0.417221+0.001012	test-rmse:0.417243+0.004057 
[989]	train-rmse:0.417221+0.001012	test-rmse:0.417242+0.004057 
[990]	train-rmse:0.417220+0.001013	test-rmse:0.417241+0.004056 
[991]	train-rmse:0.417218+0.001013	test-rmse:0.417240+0.004056 
[992]	train-rmse:0.417218+0.001013	test-rmse:0.417240+0.004056 
[993]	train-rmse:0.417218+0.001014	test-rmse:0.417239+0.004056 
[994]	train-rmse:0.417217+0.001015	test-rmse:0.417238+0.004055 
[995]	train-rmse:0.417215+0.001015	test-rmse:0.417237+0.004055 
[996]	train-rmse:0.417215+0.001015	test-rmse:0.417237+0.004055 
[997]	train-rmse:0.417214+0.001014	test-rmse:0.417236+0.004056 
[998]	train-rmse:0.417214+0.001014	test-rmse:0.417236+0.004056 
[999]	train-rmse:0.417214+0.001013	test-rmse:0.417235+0.004056 
[1000]	train-rmse:0.417213+0.001013	test-rmse:0.417235+0.004057 
[1001]	train-rmse:0.417213+0.001013	test-rmse:0.417235+0.004057 
[1002]	train-rmse:0.417213+0.001013	test-rmse:0.417235+0.004057 
[1003]	train-rmse:0.417212+0.001012	test-rmse:0.417234+0.004057 
[1004]	train-rmse:0.417212+0.001013	test-rmse:0.417234+0.004056 
[1005]	train-rmse:0.417212+0.001013	test-rmse:0.417234+0.004056 
[1006]	train-rmse:0.417211+0.001014	test-rmse:0.417233+0.004056 
[1007]	train-rmse:0.417211+0.001014	test-rmse:0.417233+0.004056 
[1008]	train-rmse:0.417211+0.001014	test-rmse:0.417233+0.004056 
[1009]	train-rmse:0.417210+0.001014	test-rmse:0.417233+0.004056 
[1010]	train-rmse:0.417210+0.001013	test-rmse:0.417232+0.004056 
[1011]	train-rmse:0.417210+0.001013	test-rmse:0.417232+0.004056 
[1012]	train-rmse:0.417209+0.001013	test-rmse:0.417231+0.004056 
[1013]	train-rmse:0.417209+0.001013	test-rmse:0.417231+0.004056 
[1014]	train-rmse:0.417209+0.001013	test-rmse:0.417231+0.004056 
[1015]	train-rmse:0.417209+0.001013	test-rmse:0.417231+0.004056 
[1016]	train-rmse:0.417209+0.001014	test-rmse:0.417231+0.004056 
[1017]	train-rmse:0.417209+0.001014	test-rmse:0.417231+0.004056 
[1018]	train-rmse:0.417209+0.001014	test-rmse:0.417231+0.004056 
[1019]	train-rmse:0.417207+0.001014	test-rmse:0.417230+0.004056 
[1020]	train-rmse:0.417207+0.001014	test-rmse:0.417229+0.004056 
[1021]	train-rmse:0.417206+0.001015	test-rmse:0.417229+0.004055 
[1022]	train-rmse:0.417206+0.001016	test-rmse:0.417228+0.004054 
[1023]	train-rmse:0.417206+0.001016	test-rmse:0.417228+0.004054 
[1024]	train-rmse:0.417206+0.001016	test-rmse:0.417228+0.004054 
[1025]	train-rmse:0.417205+0.001016	test-rmse:0.417227+0.004054 
[1026]	train-rmse:0.417205+0.001016	test-rmse:0.417227+0.004054 
[1027]	train-rmse:0.417205+0.001016	test-rmse:0.417227+0.004054 
[1028]	train-rmse:0.417205+0.001016	test-rmse:0.417227+0.004054 
[1029]	train-rmse:0.417205+0.001016	test-rmse:0.417227+0.004054 
[1030]	train-rmse:0.417205+0.001016	test-rmse:0.417227+0.004054 
[1031]	train-rmse:0.417205+0.001016	test-rmse:0.417227+0.004054 
[1032]	train-rmse:0.417204+0.001015	test-rmse:0.417227+0.004055 
[1033]	train-rmse:0.417204+0.001015	test-rmse:0.417226+0.004055 
[1034]	train-rmse:0.417204+0.001015	test-rmse:0.417226+0.004055 
[1035]	train-rmse:0.417203+0.001016	test-rmse:0.417226+0.004054 
[1036]	train-rmse:0.417203+0.001016	test-rmse:0.417226+0.004054 
[1037]	train-rmse:0.417202+0.001016	test-rmse:0.417225+0.004054 
[1038]	train-rmse:0.417202+0.001016	test-rmse:0.417225+0.004054 
[1039]	train-rmse:0.417202+0.001016	test-rmse:0.417225+0.004054 
[1040]	train-rmse:0.417202+0.001016	test-rmse:0.417225+0.004054 
[1041]	train-rmse:0.417202+0.001016	test-rmse:0.417225+0.004054 
[1042]	train-rmse:0.417202+0.001016	test-rmse:0.417225+0.004054 
[1043]	train-rmse:0.417201+0.001014	test-rmse:0.417224+0.004055 
[1044]	train-rmse:0.417201+0.001014	test-rmse:0.417224+0.004055 
[1045]	train-rmse:0.417201+0.001014	test-rmse:0.417223+0.004055 
[1046]	train-rmse:0.417200+0.001014	test-rmse:0.417223+0.004056 
[1047]	train-rmse:0.417199+0.001014	test-rmse:0.417222+0.004056 
[1048]	train-rmse:0.417199+0.001014	test-rmse:0.417222+0.004056 
[1049]	train-rmse:0.417199+0.001014	test-rmse:0.417222+0.004056 
[1050]	train-rmse:0.417198+0.001014	test-rmse:0.417221+0.004056 
[1051]	train-rmse:0.417198+0.001014	test-rmse:0.417220+0.004056 
[1052]	train-rmse:0.417197+0.001014	test-rmse:0.417220+0.004056 
[1053]	train-rmse:0.417197+0.001013	test-rmse:0.417220+0.004056 
[1054]	train-rmse:0.417196+0.001014	test-rmse:0.417219+0.004055 
[1055]	train-rmse:0.417196+0.001014	test-rmse:0.417219+0.004055 
[1056]	train-rmse:0.417194+0.001014	test-rmse:0.417218+0.004055 
[1057]	train-rmse:0.417194+0.001015	test-rmse:0.417217+0.004054 
[1058]	train-rmse:0.417193+0.001015	test-rmse:0.417217+0.004054 
[1059]	train-rmse:0.417193+0.001014	test-rmse:0.417216+0.004055 
[1060]	train-rmse:0.417192+0.001015	test-rmse:0.417216+0.004054 
[1061]	train-rmse:0.417192+0.001015	test-rmse:0.417216+0.004054 
[1062]	train-rmse:0.417192+0.001015	test-rmse:0.417215+0.004054 
[1063]	train-rmse:0.417191+0.001015	test-rmse:0.417215+0.004054 
[1064]	train-rmse:0.417191+0.001015	test-rmse:0.417214+0.004054 
[1065]	train-rmse:0.417191+0.001015	test-rmse:0.417214+0.004054 
[1066]	train-rmse:0.417191+0.001015	test-rmse:0.417214+0.004054 
[1067]	train-rmse:0.417191+0.001015	test-rmse:0.417214+0.004054 
[1068]	train-rmse:0.417191+0.001015	test-rmse:0.417214+0.004054 
[1069]	train-rmse:0.417191+0.001015	test-rmse:0.417214+0.004054 
[1070]	train-rmse:0.417191+0.001015	test-rmse:0.417214+0.004054 
[1071]	train-rmse:0.417191+0.001015	test-rmse:0.417214+0.004054 
[1072]	train-rmse:0.417190+0.001015	test-rmse:0.417213+0.004054 
[1073]	train-rmse:0.417190+0.001015	test-rmse:0.417213+0.004054 
[1074]	train-rmse:0.417189+0.001016	test-rmse:0.417213+0.004053 
[1075]	train-rmse:0.417189+0.001016	test-rmse:0.417213+0.004053 
[1076]	train-rmse:0.417188+0.001016	test-rmse:0.417212+0.004054 
[1077]	train-rmse:0.417188+0.001016	test-rmse:0.417212+0.004054 
[1078]	train-rmse:0.417188+0.001017	test-rmse:0.417211+0.004053 
[1079]	train-rmse:0.417187+0.001016	test-rmse:0.417210+0.004053 
[1080]	train-rmse:0.417186+0.001017	test-rmse:0.417210+0.004052 
[1081]	train-rmse:0.417186+0.001017	test-rmse:0.417210+0.004052 
[1082]	train-rmse:0.417186+0.001017	test-rmse:0.417210+0.004052 
[1083]	train-rmse:0.417185+0.001017	test-rmse:0.417209+0.004053 
[1084]	train-rmse:0.417184+0.001018	test-rmse:0.417208+0.004052 
[1085]	train-rmse:0.417184+0.001018	test-rmse:0.417208+0.004052 
[1086]	train-rmse:0.417183+0.001018	test-rmse:0.417207+0.004052 
[1087]	train-rmse:0.417183+0.001018	test-rmse:0.417207+0.004052 
[1088]	train-rmse:0.417182+0.001019	test-rmse:0.417207+0.004051 
[1089]	train-rmse:0.417182+0.001019	test-rmse:0.417207+0.004051 
[1090]	train-rmse:0.417181+0.001018	test-rmse:0.417205+0.004051 
[1091]	train-rmse:0.417181+0.001018	test-rmse:0.417205+0.004051 
[1092]	train-rmse:0.417181+0.001018	test-rmse:0.417205+0.004051 
[1093]	train-rmse:0.417180+0.001018	test-rmse:0.417204+0.004051 
[1094]	train-rmse:0.417179+0.001018	test-rmse:0.417204+0.004051 
[1095]	train-rmse:0.417179+0.001018	test-rmse:0.417204+0.004051 
[1096]	train-rmse:0.417179+0.001018	test-rmse:0.417204+0.004051 
[1097]	train-rmse:0.417178+0.001017	test-rmse:0.417203+0.004052 
[1098]	train-rmse:0.417177+0.001018	test-rmse:0.417202+0.004051 
[1099]	train-rmse:0.417177+0.001019	test-rmse:0.417202+0.004050 
[1100]	train-rmse:0.417176+0.001019	test-rmse:0.417201+0.004050 
[1101]	train-rmse:0.417176+0.001020	test-rmse:0.417201+0.004049 
[1102]	train-rmse:0.417175+0.001020	test-rmse:0.417200+0.004049 
[1103]	train-rmse:0.417175+0.001020	test-rmse:0.417200+0.004049 
[1104]	train-rmse:0.417175+0.001020	test-rmse:0.417200+0.004049 
[1105]	train-rmse:0.417174+0.001020	test-rmse:0.417199+0.004049 
[1106]	train-rmse:0.417174+0.001020	test-rmse:0.417199+0.004049 
[1107]	train-rmse:0.417174+0.001020	test-rmse:0.417199+0.004049 
[1108]	train-rmse:0.417174+0.001020	test-rmse:0.417199+0.004049 
[1109]	train-rmse:0.417174+0.001020	test-rmse:0.417199+0.004049 
[1110]	train-rmse:0.417174+0.001020	test-rmse:0.417199+0.004049 
[1111]	train-rmse:0.417174+0.001020	test-rmse:0.417199+0.004049 
[1112]	train-rmse:0.417173+0.001020	test-rmse:0.417198+0.004050 
[1113]	train-rmse:0.417173+0.001020	test-rmse:0.417198+0.004050 
[1114]	train-rmse:0.417172+0.001020	test-rmse:0.417197+0.004050 
[1115]	train-rmse:0.417171+0.001020	test-rmse:0.417197+0.004050 
[1116]	train-rmse:0.417171+0.001021	test-rmse:0.417196+0.004049 
[1117]	train-rmse:0.417171+0.001021	test-rmse:0.417196+0.004049 
[1118]	train-rmse:0.417170+0.001021	test-rmse:0.417195+0.004049 
[1119]	train-rmse:0.417170+0.001021	test-rmse:0.417195+0.004049 
[1120]	train-rmse:0.417170+0.001021	test-rmse:0.417195+0.004049 
[1121]	train-rmse:0.417170+0.001021	test-rmse:0.417195+0.004049 
[1122]	train-rmse:0.417170+0.001021	test-rmse:0.417195+0.004049 
[1123]	train-rmse:0.417169+0.001020	test-rmse:0.417194+0.004049 
[1124]	train-rmse:0.417169+0.001020	test-rmse:0.417194+0.004049 
[1125]	train-rmse:0.417168+0.001020	test-rmse:0.417194+0.004050 
[1126]	train-rmse:0.417168+0.001019	test-rmse:0.417193+0.004050 
[1127]	train-rmse:0.417168+0.001019	test-rmse:0.417193+0.004050 
[1128]	train-rmse:0.417167+0.001019	test-rmse:0.417193+0.004050 
[1129]	train-rmse:0.417167+0.001019	test-rmse:0.417193+0.004050 
[1130]	train-rmse:0.417166+0.001018	test-rmse:0.417192+0.004051 
[1131]	train-rmse:0.417166+0.001018	test-rmse:0.417192+0.004051 
[1132]	train-rmse:0.417166+0.001018	test-rmse:0.417192+0.004051 
[1133]	train-rmse:0.417166+0.001018	test-rmse:0.417191+0.004051 
[1134]	train-rmse:0.417166+0.001018	test-rmse:0.417191+0.004051 
[1135]	train-rmse:0.417165+0.001017	test-rmse:0.417191+0.004052 
[1136]	train-rmse:0.417165+0.001018	test-rmse:0.417191+0.004052 
[1137]	train-rmse:0.417165+0.001018	test-rmse:0.417190+0.004052 
[1138]	train-rmse:0.417163+0.001017	test-rmse:0.417189+0.004052 
[1139]	train-rmse:0.417163+0.001017	test-rmse:0.417189+0.004052 
[1140]	train-rmse:0.417163+0.001017	test-rmse:0.417189+0.004052 
[1141]	train-rmse:0.417163+0.001017	test-rmse:0.417189+0.004052 
[1142]	train-rmse:0.417163+0.001017	test-rmse:0.417189+0.004052 
[1143]	train-rmse:0.417163+0.001017	test-rmse:0.417189+0.004052 
[1144]	train-rmse:0.417163+0.001017	test-rmse:0.417189+0.004052 
[1145]	train-rmse:0.417162+0.001016	test-rmse:0.417188+0.004053 
[1146]	train-rmse:0.417162+0.001016	test-rmse:0.417188+0.004053 
[1147]	train-rmse:0.417162+0.001017	test-rmse:0.417187+0.004052 
[1148]	train-rmse:0.417161+0.001017	test-rmse:0.417187+0.004052 
[1149]	train-rmse:0.417160+0.001018	test-rmse:0.417186+0.004051 
[1150]	train-rmse:0.417160+0.001018	test-rmse:0.417186+0.004051 
[1151]	train-rmse:0.417159+0.001019	test-rmse:0.417185+0.004050 
[1152]	train-rmse:0.417159+0.001018	test-rmse:0.417185+0.004051 
[1153]	train-rmse:0.417157+0.001018	test-rmse:0.417184+0.004051 
[1154]	train-rmse:0.417157+0.001019	test-rmse:0.417183+0.004050 
[1155]	train-rmse:0.417156+0.001018	test-rmse:0.417183+0.004051 
[1156]	train-rmse:0.417156+0.001018	test-rmse:0.417183+0.004051 
[1157]	train-rmse:0.417156+0.001018	test-rmse:0.417182+0.004051 
[1158]	train-rmse:0.417156+0.001018	test-rmse:0.417182+0.004051 
[1159]	train-rmse:0.417156+0.001018	test-rmse:0.417182+0.004051 
[1160]	train-rmse:0.417155+0.001018	test-rmse:0.417182+0.004051 
[1161]	train-rmse:0.417155+0.001018	test-rmse:0.417181+0.004051 
[1162]	train-rmse:0.417154+0.001019	test-rmse:0.417181+0.004050 
[1163]	train-rmse:0.417154+0.001019	test-rmse:0.417181+0.004050 
[1164]	train-rmse:0.417154+0.001019	test-rmse:0.417181+0.004050 
[1165]	train-rmse:0.417154+0.001019	test-rmse:0.417181+0.004050 
[1166]	train-rmse:0.417154+0.001019	test-rmse:0.417181+0.004050 
[1167]	train-rmse:0.417154+0.001018	test-rmse:0.417180+0.004051 
[1168]	train-rmse:0.417154+0.001018	test-rmse:0.417180+0.004051 
[1169]	train-rmse:0.417152+0.001018	test-rmse:0.417179+0.004051 
[1170]	train-rmse:0.417152+0.001018	test-rmse:0.417179+0.004051 
[1171]	train-rmse:0.417152+0.001018	test-rmse:0.417179+0.004051 
[1172]	train-rmse:0.417151+0.001019	test-rmse:0.417177+0.004050 
[1173]	train-rmse:0.417150+0.001019	test-rmse:0.417177+0.004050 
[1174]	train-rmse:0.417149+0.001019	test-rmse:0.417176+0.004050 
[1175]	train-rmse:0.417149+0.001019	test-rmse:0.417176+0.004050 
[1176]	train-rmse:0.417149+0.001019	test-rmse:0.417176+0.004050 
[1177]	train-rmse:0.417149+0.001019	test-rmse:0.417176+0.004050 
[1178]	train-rmse:0.417149+0.001019	test-rmse:0.417176+0.004050 
[1179]	train-rmse:0.417149+0.001019	test-rmse:0.417176+0.004050 
[1180]	train-rmse:0.417149+0.001019	test-rmse:0.417176+0.004050 
[1181]	train-rmse:0.417149+0.001019	test-rmse:0.417176+0.004050 
[1182]	train-rmse:0.417148+0.001018	test-rmse:0.417175+0.004051 
[1183]	train-rmse:0.417148+0.001018	test-rmse:0.417175+0.004051 
[1184]	train-rmse:0.417148+0.001018	test-rmse:0.417175+0.004051 
[1185]	train-rmse:0.417147+0.001018	test-rmse:0.417174+0.004051 
[1186]	train-rmse:0.417146+0.001017	test-rmse:0.417174+0.004052 
[1187]	train-rmse:0.417145+0.001016	test-rmse:0.417173+0.004052 
[1188]	train-rmse:0.417145+0.001016	test-rmse:0.417172+0.004053 
[1189]	train-rmse:0.417145+0.001016	test-rmse:0.417172+0.004053 
[1190]	train-rmse:0.417145+0.001016	test-rmse:0.417172+0.004053 
[1191]	train-rmse:0.417144+0.001016	test-rmse:0.417172+0.004053 
[1192]	train-rmse:0.417144+0.001016	test-rmse:0.417172+0.004053 
[1193]	train-rmse:0.417144+0.001015	test-rmse:0.417171+0.004054 
[1194]	train-rmse:0.417144+0.001015	test-rmse:0.417171+0.004054 
[1195]	train-rmse:0.417144+0.001015	test-rmse:0.417171+0.004054 
[1196]	train-rmse:0.417143+0.001016	test-rmse:0.417171+0.004053 
[1197]	train-rmse:0.417143+0.001016	test-rmse:0.417171+0.004053 
[1198]	train-rmse:0.417143+0.001016	test-rmse:0.417171+0.004053 
[1199]	train-rmse:0.417143+0.001015	test-rmse:0.417170+0.004053 
[1200]	train-rmse:0.417142+0.001015	test-rmse:0.417170+0.004054 
[1201]	train-rmse:0.417141+0.001015	test-rmse:0.417169+0.004054 
[1202]	train-rmse:0.417141+0.001015	test-rmse:0.417169+0.004054 
[1203]	train-rmse:0.417141+0.001015	test-rmse:0.417169+0.004054 
[1204]	train-rmse:0.417140+0.001015	test-rmse:0.417168+0.004054 
[1205]	train-rmse:0.417139+0.001016	test-rmse:0.417167+0.004053 
[1206]	train-rmse:0.417139+0.001016	test-rmse:0.417167+0.004053 
[1207]	train-rmse:0.417138+0.001017	test-rmse:0.417166+0.004052 
[1208]	train-rmse:0.417137+0.001017	test-rmse:0.417165+0.004051 
[1209]	train-rmse:0.417137+0.001017	test-rmse:0.417165+0.004051 
[1210]	train-rmse:0.417137+0.001017	test-rmse:0.417165+0.004051 
[1211]	train-rmse:0.417136+0.001017	test-rmse:0.417164+0.004052 
[1212]	train-rmse:0.417136+0.001017	test-rmse:0.417164+0.004052 
[1213]	train-rmse:0.417136+0.001018	test-rmse:0.417164+0.004051 
[1214]	train-rmse:0.417134+0.001017	test-rmse:0.417163+0.004051 
[1215]	train-rmse:0.417134+0.001017	test-rmse:0.417163+0.004051 
[1216]	train-rmse:0.417134+0.001017	test-rmse:0.417162+0.004051 
[1217]	train-rmse:0.417134+0.001017	test-rmse:0.417162+0.004051 
[1218]	train-rmse:0.417134+0.001017	test-rmse:0.417162+0.004052 
[1219]	train-rmse:0.417134+0.001017	test-rmse:0.417162+0.004052 
[1220]	train-rmse:0.417134+0.001017	test-rmse:0.417162+0.004052 
[1221]	train-rmse:0.417134+0.001017	test-rmse:0.417162+0.004052 
[1222]	train-rmse:0.417133+0.001018	test-rmse:0.417161+0.004051 
[1223]	train-rmse:0.417132+0.001017	test-rmse:0.417161+0.004051 
[1224]	train-rmse:0.417132+0.001017	test-rmse:0.417161+0.004051 
[1225]	train-rmse:0.417132+0.001017	test-rmse:0.417160+0.004051 
[1226]	train-rmse:0.417131+0.001017	test-rmse:0.417160+0.004051 
[1227]	train-rmse:0.417130+0.001018	test-rmse:0.417159+0.004051 
[1228]	train-rmse:0.417129+0.001018	test-rmse:0.417158+0.004051 
[1229]	train-rmse:0.417129+0.001018	test-rmse:0.417158+0.004051 
[1230]	train-rmse:0.417129+0.001018	test-rmse:0.417158+0.004051 
[1231]	train-rmse:0.417129+0.001018	test-rmse:0.417158+0.004051 
[1232]	train-rmse:0.417129+0.001018	test-rmse:0.417158+0.004051 
[1233]	train-rmse:0.417129+0.001018	test-rmse:0.417157+0.004051 
[1234]	train-rmse:0.417129+0.001018	test-rmse:0.417157+0.004051 
[1235]	train-rmse:0.417129+0.001018	test-rmse:0.417157+0.004051 
[1236]	train-rmse:0.417129+0.001018	test-rmse:0.417157+0.004051 
[1237]	train-rmse:0.417128+0.001017	test-rmse:0.417157+0.004051 
[1238]	train-rmse:0.417128+0.001018	test-rmse:0.417156+0.004050 
[1239]	train-rmse:0.417128+0.001018	test-rmse:0.417156+0.004050 
[1240]	train-rmse:0.417128+0.001018	test-rmse:0.417156+0.004050 
[1241]	train-rmse:0.417127+0.001018	test-rmse:0.417156+0.004050 
[1242]	train-rmse:0.417127+0.001018	test-rmse:0.417156+0.004050 
[1243]	train-rmse:0.417127+0.001018	test-rmse:0.417156+0.004050 
[1244]	train-rmse:0.417127+0.001018	test-rmse:0.417156+0.004050 
[1245]	train-rmse:0.417127+0.001018	test-rmse:0.417156+0.004050 
[1246]	train-rmse:0.417126+0.001018	test-rmse:0.417155+0.004050 
[1247]	train-rmse:0.417126+0.001018	test-rmse:0.417154+0.004050 
[1248]	train-rmse:0.417126+0.001018	test-rmse:0.417154+0.004050 
[1249]	train-rmse:0.417124+0.001019	test-rmse:0.417153+0.004049 
[1250]	train-rmse:0.417124+0.001020	test-rmse:0.417153+0.004048 
[1251]	train-rmse:0.417123+0.001020	test-rmse:0.417152+0.004048 
[1252]	train-rmse:0.417122+0.001020	test-rmse:0.417151+0.004048 
[1253]	train-rmse:0.417122+0.001020	test-rmse:0.417151+0.004048 
[1254]	train-rmse:0.417122+0.001020	test-rmse:0.417151+0.004048 
[1255]	train-rmse:0.417121+0.001020	test-rmse:0.417151+0.004048 
[1256]	train-rmse:0.417121+0.001020	test-rmse:0.417150+0.004049 
[1257]	train-rmse:0.417120+0.001021	test-rmse:0.417149+0.004048 
[1258]	train-rmse:0.417120+0.001020	test-rmse:0.417149+0.004049 
[1259]	train-rmse:0.417119+0.001020	test-rmse:0.417148+0.004049 
[1260]	train-rmse:0.417119+0.001020	test-rmse:0.417148+0.004049 
[1261]	train-rmse:0.417119+0.001020	test-rmse:0.417148+0.004049 
[1262]	train-rmse:0.417119+0.001020	test-rmse:0.417148+0.004049 
[1263]	train-rmse:0.417119+0.001020	test-rmse:0.417148+0.004049 
[1264]	train-rmse:0.417119+0.001020	test-rmse:0.417148+0.004049 
[1265]	train-rmse:0.417119+0.001020	test-rmse:0.417148+0.004049 
[1266]	train-rmse:0.417119+0.001020	test-rmse:0.417148+0.004049 
[1267]	train-rmse:0.417119+0.001020	test-rmse:0.417148+0.004049 
[1268]	train-rmse:0.417119+0.001020	test-rmse:0.417148+0.004049 
[1269]	train-rmse:0.417118+0.001020	test-rmse:0.417148+0.004049 
[1270]	train-rmse:0.417118+0.001019	test-rmse:0.417147+0.004049 
[1271]	train-rmse:0.417117+0.001019	test-rmse:0.417147+0.004049 
[1272]	train-rmse:0.417117+0.001019	test-rmse:0.417147+0.004049 
[1273]	train-rmse:0.417117+0.001019	test-rmse:0.417147+0.004049 
[1274]	train-rmse:0.417117+0.001018	test-rmse:0.417146+0.004050 
[1275]	train-rmse:0.417117+0.001018	test-rmse:0.417146+0.004050 
[1276]	train-rmse:0.417116+0.001018	test-rmse:0.417145+0.004050 
[1277]	train-rmse:0.417115+0.001018	test-rmse:0.417145+0.004051 
[1278]	train-rmse:0.417115+0.001017	test-rmse:0.417144+0.004051 
[1279]	train-rmse:0.417114+0.001017	test-rmse:0.417144+0.004051 
[1280]	train-rmse:0.417114+0.001017	test-rmse:0.417144+0.004051 
[1281]	train-rmse:0.417113+0.001017	test-rmse:0.417143+0.004052 
[1282]	train-rmse:0.417113+0.001017	test-rmse:0.417143+0.004052 
[1283]	train-rmse:0.417113+0.001016	test-rmse:0.417143+0.004052 
[1284]	train-rmse:0.417112+0.001016	test-rmse:0.417142+0.004052 
[1285]	train-rmse:0.417112+0.001016	test-rmse:0.417142+0.004052 
[1286]	train-rmse:0.417112+0.001017	test-rmse:0.417142+0.004052 
[1287]	train-rmse:0.417112+0.001017	test-rmse:0.417142+0.004052 
[1288]	train-rmse:0.417111+0.001016	test-rmse:0.417141+0.004052 
[1289]	train-rmse:0.417110+0.001016	test-rmse:0.417140+0.004052 
[1290]	train-rmse:0.417109+0.001016	test-rmse:0.417140+0.004052 
[1291]	train-rmse:0.417109+0.001016	test-rmse:0.417139+0.004052 
[1292]	train-rmse:0.417109+0.001016	test-rmse:0.417139+0.004052 
[1293]	train-rmse:0.417108+0.001015	test-rmse:0.417138+0.004053 
[1294]	train-rmse:0.417107+0.001015	test-rmse:0.417138+0.004053 
[1295]	train-rmse:0.417107+0.001015	test-rmse:0.417138+0.004053 
[1296]	train-rmse:0.417107+0.001015	test-rmse:0.417138+0.004053 
[1297]	train-rmse:0.417107+0.001015	test-rmse:0.417137+0.004053 
[1298]	train-rmse:0.417107+0.001015	test-rmse:0.417137+0.004053 
[1299]	train-rmse:0.417107+0.001015	test-rmse:0.417137+0.004053 
[1300]	train-rmse:0.417106+0.001014	test-rmse:0.417137+0.004053 
[1301]	train-rmse:0.417106+0.001015	test-rmse:0.417136+0.004053 
[1302]	train-rmse:0.417106+0.001015	test-rmse:0.417136+0.004053 
[1303]	train-rmse:0.417106+0.001015	test-rmse:0.417136+0.004053 
[1304]	train-rmse:0.417106+0.001015	test-rmse:0.417136+0.004053 
[1305]	train-rmse:0.417106+0.001015	test-rmse:0.417136+0.004053 
[1306]	train-rmse:0.417106+0.001015	test-rmse:0.417136+0.004053 
[1307]	train-rmse:0.417105+0.001015	test-rmse:0.417136+0.004052 
[1308]	train-rmse:0.417105+0.001015	test-rmse:0.417136+0.004052 
[1309]	train-rmse:0.417104+0.001016	test-rmse:0.417135+0.004052 
[1310]	train-rmse:0.417104+0.001016	test-rmse:0.417135+0.004052 
[1311]	train-rmse:0.417104+0.001016	test-rmse:0.417135+0.004052 
[1312]	train-rmse:0.417103+0.001017	test-rmse:0.417134+0.004051 
[1313]	train-rmse:0.417103+0.001017	test-rmse:0.417134+0.004051 
[1314]	train-rmse:0.417103+0.001017	test-rmse:0.417133+0.004051 
[1315]	train-rmse:0.417102+0.001017	test-rmse:0.417133+0.004051 
[1316]	train-rmse:0.417102+0.001017	test-rmse:0.417133+0.004051 
[1317]	train-rmse:0.417102+0.001017	test-rmse:0.417133+0.004051 
[1318]	train-rmse:0.417102+0.001017	test-rmse:0.417133+0.004051 
[1319]	train-rmse:0.417101+0.001017	test-rmse:0.417132+0.004051 
[1320]	train-rmse:0.417101+0.001017	test-rmse:0.417132+0.004051 
[1321]	train-rmse:0.417100+0.001017	test-rmse:0.417131+0.004051 
> hgrid <-
+   dplyr::bind_cols(xgboost_params[index, ], dart.cv$evaluation_log[dart.cv$best_iteration, ], best_iter = dart.cv$best_iteration)
> 
> # write result
> fname <- file.path('data-raw', 'tune', year, 'array', paste0('tune_', index, '.tsv'))
> readr::write_tsv(hgrid, file = fname)
