> 
> # parse arguments
> args <- R.utils::commandArgs(trailingOnly = FALSE, asValues = TRUE)
> index <- as.integer(args$index)
> year <- as.character(args$year)
> nreps <- as.integer(args$nreps)
> seed <- as.integer(args$seed)
> 
> # get number of cores
> wkrs <- length(future::availableWorkers())
> 
> # set seed
> set.seed(seed)
> 
> # read and prepare the cluster features
> fp <- file.path('data-raw', 'features', year)
> clf <-
+   read_features(fp, pattern = 'paris.', recursive = FALSE)
> clf <- prepare_features(
+   clf,
+   feature_map = feature_map,
+   category = c('response', 'bio', 'net'),
+   type = 'list',
+   exclusions = c(
+     'mg2_pairs_count',
+     'mg2_not_pairs_count',
+     'mg2_portion_families_recovered',
+     'cluster_origin',
+     'bocc_origin',
+     'cluster_method',
+     'subcluster_method',
+     'year',
+     'IDs',
+     'go_sig_threshold',
+     'num_new_edges_on_any_node',
+     'HPO_ratio'
+   ),
+   verbose = TRUE
+ )
c('HPO_ratio', 'IDs', 'bocc_origin', 'cluster_method', 'cluster_origin', 'go_sig_threshold', 'max_norm_cell_type_comma_sep_string', 'max_norm_disease_comma_sep_string', 'mg2_not_pairs_count', 'mg2_pairs_count', 'mg2_portion_families_recovered', 'num_new_edges_on_any_node', 'sig_go_enrichment_fdr_corrected_p_vals', 'sig_go_enrichment_p_vals', 'sig_go_enrichment_terms', 'subcluster_method', 'year')

> 
> # prepare grid of parameters
> xgboost_params <- dials::parameters(
+   nrounds = dials::trees(),
+   eta = dials::learn_rate(),
+   gamma = dials::loss_reduction(),
+   dials::tree_depth(),
+   subsample = dials::sample_prop(),
+   rate_drop = dials::dropout(),
+   skip_drop = dials::dropout()
+ )
> xgboost_params <-
+   dials::grid_max_entropy(xgboost_params, size = nreps)
> 
> # tune the dart booster
> dart.param <-
+   list(
+     booster = "dart",
+     objective = "reg:logistic",
+     eval_metric = "rmse",
+     nthread = wkrs,
+     max_depth = xgboost_params$tree_depth[index],
+     eta = xgboost_params$eta[index],
+     gamma = xgboost_params$gamma[index],
+     subsample = xgboost_params$subsample[index],
+     rate_drop = xgboost_params$rate_drop[index],
+     skip_drop = xgboost_params$skip_drop[index]
+   )
> dart.cv <- xgboost::xgb.cv(
+   params = dart.param,
+   nrounds = xgboost_params$nrounds[index],
+   data = as.matrix(clf[, -1]),
+   nfold = 5,
+   label = clf$snowballing_pvalue,
+   early_stopping_rounds = 50
+ )
[1]	train-rmse:0.399019+0.000849	test-rmse:0.399032+0.003829 
Multiple eval metrics are present. Will use test_rmse for early stopping.
Will train until test_rmse hasn't improved in 50 rounds.

[2]	train-rmse:0.381964+0.001240	test-rmse:0.382366+0.003670 
[3]	train-rmse:0.370219+0.002546	test-rmse:0.370653+0.007209 
[4]	train-rmse:0.357560+0.002338	test-rmse:0.358161+0.005750 
[5]	train-rmse:0.347890+0.004650	test-rmse:0.348630+0.009412 
[6]	train-rmse:0.340633+0.007423	test-rmse:0.341300+0.012965 
[7]	train-rmse:0.334881+0.005021	test-rmse:0.335743+0.010248 
[8]	train-rmse:0.330560+0.004814	test-rmse:0.331504+0.010227 
[9]	train-rmse:0.322917+0.004619	test-rmse:0.324015+0.008574 
[10]	train-rmse:0.317590+0.003147	test-rmse:0.318467+0.008899 
[11]	train-rmse:0.315788+0.003231	test-rmse:0.316677+0.009118 
[12]	train-rmse:0.313499+0.003013	test-rmse:0.314396+0.009221 
[13]	train-rmse:0.311431+0.003069	test-rmse:0.312302+0.009541 
[14]	train-rmse:0.310242+0.002851	test-rmse:0.311169+0.009491 
[15]	train-rmse:0.307132+0.004013	test-rmse:0.307904+0.010902 
[16]	train-rmse:0.306012+0.004006	test-rmse:0.306833+0.010762 
[17]	train-rmse:0.304848+0.003824	test-rmse:0.305665+0.010919 
[18]	train-rmse:0.300459+0.003217	test-rmse:0.301491+0.009431 
[19]	train-rmse:0.299544+0.003312	test-rmse:0.300602+0.009410 
[20]	train-rmse:0.297164+0.004187	test-rmse:0.298478+0.008902 
[21]	train-rmse:0.294924+0.006140	test-rmse:0.296368+0.009263 
[22]	train-rmse:0.294263+0.006057	test-rmse:0.295709+0.009311 
[23]	train-rmse:0.292193+0.005423	test-rmse:0.294026+0.007597 
[24]	train-rmse:0.289198+0.007506	test-rmse:0.291179+0.009517 
[25]	train-rmse:0.285977+0.009510	test-rmse:0.288536+0.008554 
[26]	train-rmse:0.284229+0.010010	test-rmse:0.286948+0.007436 
[27]	train-rmse:0.283770+0.010005	test-rmse:0.286519+0.007476 
[28]	train-rmse:0.283234+0.010005	test-rmse:0.285999+0.007542 
[29]	train-rmse:0.281579+0.008461	test-rmse:0.284084+0.008549 
[30]	train-rmse:0.278960+0.011033	test-rmse:0.281823+0.008398 
[31]	train-rmse:0.277443+0.010122	test-rmse:0.280141+0.009744 
[32]	train-rmse:0.277086+0.010041	test-rmse:0.279791+0.009703 
[33]	train-rmse:0.276733+0.009950	test-rmse:0.279439+0.009669 
[34]	train-rmse:0.275641+0.011112	test-rmse:0.278566+0.010046 
[35]	train-rmse:0.275305+0.011045	test-rmse:0.278221+0.009946 
[36]	train-rmse:0.272961+0.011375	test-rmse:0.275843+0.011174 
[37]	train-rmse:0.271875+0.012492	test-rmse:0.274909+0.011552 
[38]	train-rmse:0.271629+0.012395	test-rmse:0.274652+0.011445 
[39]	train-rmse:0.270217+0.011663	test-rmse:0.273178+0.011814 
[40]	train-rmse:0.270018+0.011618	test-rmse:0.272988+0.011811 
[41]	train-rmse:0.268137+0.012320	test-rmse:0.271004+0.013599 
[42]	train-rmse:0.267079+0.012209	test-rmse:0.269781+0.015076 
[43]	train-rmse:0.266865+0.012111	test-rmse:0.269561+0.015010 
[44]	train-rmse:0.266665+0.012051	test-rmse:0.269353+0.014987 
[45]	train-rmse:0.266468+0.012000	test-rmse:0.269154+0.014983 
[46]	train-rmse:0.266272+0.011958	test-rmse:0.268953+0.015003 
[47]	train-rmse:0.265362+0.012044	test-rmse:0.267943+0.016340 
[48]	train-rmse:0.265193+0.012013	test-rmse:0.267779+0.016327 
[49]	train-rmse:0.264158+0.011507	test-rmse:0.266563+0.016601 
[50]	train-rmse:0.261798+0.009040	test-rmse:0.264096+0.015422 
[51]	train-rmse:0.261663+0.009000	test-rmse:0.263957+0.015418 
[52]	train-rmse:0.261491+0.008945	test-rmse:0.263793+0.015417 
[53]	train-rmse:0.261343+0.008915	test-rmse:0.263651+0.015402 
[54]	train-rmse:0.261211+0.008879	test-rmse:0.263521+0.015398 
[55]	train-rmse:0.261072+0.008815	test-rmse:0.263383+0.015371 
[56]	train-rmse:0.260949+0.008775	test-rmse:0.263265+0.015360 
[57]	train-rmse:0.260826+0.008744	test-rmse:0.263137+0.015335 
[58]	train-rmse:0.260724+0.008728	test-rmse:0.263045+0.015339 
[59]	train-rmse:0.259961+0.008831	test-rmse:0.262176+0.016535 
[60]	train-rmse:0.257952+0.007496	test-rmse:0.260325+0.014731 
[61]	train-rmse:0.257843+0.007476	test-rmse:0.260220+0.014728 
[62]	train-rmse:0.257093+0.007908	test-rmse:0.259565+0.014229 
[63]	train-rmse:0.256286+0.007509	test-rmse:0.258721+0.014647 
[64]	train-rmse:0.255621+0.007551	test-rmse:0.257847+0.015911 
[65]	train-rmse:0.255527+0.007528	test-rmse:0.257757+0.015899 
[66]	train-rmse:0.255431+0.007498	test-rmse:0.257661+0.015894 
[67]	train-rmse:0.254778+0.008174	test-rmse:0.257099+0.015744 
[68]	train-rmse:0.254057+0.008641	test-rmse:0.256548+0.015377 
[69]	train-rmse:0.253547+0.008692	test-rmse:0.255899+0.016372 
[70]	train-rmse:0.252768+0.008398	test-rmse:0.254969+0.016839 
[71]	train-rmse:0.252692+0.008373	test-rmse:0.254896+0.016828 
[72]	train-rmse:0.252622+0.008354	test-rmse:0.254821+0.016840 
[73]	train-rmse:0.251505+0.008811	test-rmse:0.253813+0.017106 
[74]	train-rmse:0.250465+0.009628	test-rmse:0.253021+0.016630 
[75]	train-rmse:0.250403+0.009615	test-rmse:0.252963+0.016629 
[76]	train-rmse:0.249457+0.008080	test-rmse:0.251983+0.015497 
[77]	train-rmse:0.248926+0.008493	test-rmse:0.251530+0.015174 
[78]	train-rmse:0.248882+0.008475	test-rmse:0.251487+0.015171 
[79]	train-rmse:0.248304+0.008370	test-rmse:0.250868+0.015589 
[80]	train-rmse:0.248253+0.008341	test-rmse:0.250808+0.015589 
[81]	train-rmse:0.247349+0.009219	test-rmse:0.250182+0.015274 
[82]	train-rmse:0.246814+0.009714	test-rmse:0.249743+0.015008 
[83]	train-rmse:0.246294+0.009662	test-rmse:0.249200+0.015432 
[84]	train-rmse:0.245891+0.010012	test-rmse:0.248878+0.015330 
[85]	train-rmse:0.245477+0.010014	test-rmse:0.248335+0.015799 
[86]	train-rmse:0.244960+0.009792	test-rmse:0.247672+0.016648 
[87]	train-rmse:0.244923+0.009773	test-rmse:0.247634+0.016641 
[88]	train-rmse:0.244473+0.010163	test-rmse:0.247335+0.016455 
[89]	train-rmse:0.244440+0.010147	test-rmse:0.247300+0.016460 
[90]	train-rmse:0.243779+0.010025	test-rmse:0.246432+0.017454 
[91]	train-rmse:0.243539+0.010039	test-rmse:0.246079+0.017748 
[92]	train-rmse:0.243506+0.010022	test-rmse:0.246043+0.017737 
[93]	train-rmse:0.242996+0.010450	test-rmse:0.245696+0.017593 
[94]	train-rmse:0.242962+0.010425	test-rmse:0.245660+0.017584 
[95]	train-rmse:0.242932+0.010401	test-rmse:0.245631+0.017577 
[96]	train-rmse:0.242570+0.010310	test-rmse:0.245149+0.018220 
[97]	train-rmse:0.242215+0.010341	test-rmse:0.244798+0.018496 
[98]	train-rmse:0.241135+0.009072	test-rmse:0.243822+0.017427 
[99]	train-rmse:0.241112+0.009057	test-rmse:0.243798+0.017418 
[100]	train-rmse:0.241089+0.009034	test-rmse:0.243774+0.017409 
[101]	train-rmse:0.240792+0.009071	test-rmse:0.243473+0.017673 
[102]	train-rmse:0.240497+0.009326	test-rmse:0.243254+0.017570 
[103]	train-rmse:0.240226+0.009579	test-rmse:0.243015+0.017468 
[104]	train-rmse:0.239575+0.009504	test-rmse:0.242262+0.018356 
[105]	train-rmse:0.239552+0.009483	test-rmse:0.242236+0.018338 
[106]	train-rmse:0.239237+0.009789	test-rmse:0.242004+0.018250 
[107]	train-rmse:0.239227+0.009775	test-rmse:0.241990+0.018250 
[108]	train-rmse:0.238996+0.009692	test-rmse:0.241570+0.018799 
[109]	train-rmse:0.238853+0.009821	test-rmse:0.241519+0.018781 
[110]	train-rmse:0.238557+0.009873	test-rmse:0.241118+0.019138 
[111]	train-rmse:0.238336+0.009931	test-rmse:0.240896+0.019340 
[112]	train-rmse:0.238014+0.010113	test-rmse:0.240669+0.019160 
[113]	train-rmse:0.237457+0.010257	test-rmse:0.240142+0.019593 
[114]	train-rmse:0.237442+0.010239	test-rmse:0.240126+0.019581 
[115]	train-rmse:0.237426+0.010219	test-rmse:0.240108+0.019569 
[116]	train-rmse:0.237203+0.010433	test-rmse:0.239912+0.019485 
[117]	train-rmse:0.237188+0.010418	test-rmse:0.239898+0.019474 
[118]	train-rmse:0.237174+0.010396	test-rmse:0.239884+0.019468 
[119]	train-rmse:0.236598+0.009394	test-rmse:0.239334+0.018861 
[120]	train-rmse:0.236487+0.009352	test-rmse:0.239110+0.019162 
[121]	train-rmse:0.236146+0.009571	test-rmse:0.238909+0.018994 
[122]	train-rmse:0.235503+0.008486	test-rmse:0.238274+0.018345 
[123]	train-rmse:0.235119+0.008696	test-rmse:0.237826+0.018539 
[124]	train-rmse:0.234987+0.008629	test-rmse:0.237547+0.018918 
[125]	train-rmse:0.234981+0.008622	test-rmse:0.237541+0.018913 
[126]	train-rmse:0.234782+0.008537	test-rmse:0.237386+0.019129 
[127]	train-rmse:0.234774+0.008527	test-rmse:0.237378+0.019124 
[128]	train-rmse:0.234735+0.008567	test-rmse:0.237376+0.019122 
[129]	train-rmse:0.233915+0.007706	test-rmse:0.236541+0.018793 
[130]	train-rmse:0.233860+0.007759	test-rmse:0.236547+0.018800 
[131]	train-rmse:0.233622+0.007650	test-rmse:0.236312+0.019125 
[132]	train-rmse:0.233149+0.006878	test-rmse:0.235807+0.018711 
[133]	train-rmse:0.233148+0.006874	test-rmse:0.235808+0.018710 
[134]	train-rmse:0.232868+0.007055	test-rmse:0.235602+0.018510 
[135]	train-rmse:0.232690+0.006972	test-rmse:0.235369+0.018840 
[136]	train-rmse:0.232119+0.006247	test-rmse:0.234636+0.018898 
[137]	train-rmse:0.231717+0.005652	test-rmse:0.234254+0.018632 
[138]	train-rmse:0.231712+0.005647	test-rmse:0.234249+0.018632 
[139]	train-rmse:0.231705+0.005642	test-rmse:0.234242+0.018629 
[140]	train-rmse:0.231645+0.005636	test-rmse:0.234112+0.018743 
[141]	train-rmse:0.231640+0.005634	test-rmse:0.234103+0.018743 
[142]	train-rmse:0.231634+0.005626	test-rmse:0.234100+0.018744 
[143]	train-rmse:0.231631+0.005623	test-rmse:0.234092+0.018744 
[144]	train-rmse:0.231449+0.005834	test-rmse:0.233879+0.018713 
[145]	train-rmse:0.231447+0.005829	test-rmse:0.233877+0.018715 
[146]	train-rmse:0.231256+0.005715	test-rmse:0.233667+0.019012 
[147]	train-rmse:0.231214+0.005707	test-rmse:0.233554+0.019106 
[148]	train-rmse:0.231080+0.005817	test-rmse:0.233530+0.019075 
[149]	train-rmse:0.231044+0.005857	test-rmse:0.233551+0.019093 
[150]	train-rmse:0.231040+0.005853	test-rmse:0.233546+0.019090 
[151]	train-rmse:0.231039+0.005848	test-rmse:0.233544+0.019089 
[152]	train-rmse:0.230908+0.005834	test-rmse:0.233370+0.019241 
[153]	train-rmse:0.230798+0.005771	test-rmse:0.233248+0.019413 
[154]	train-rmse:0.230756+0.005750	test-rmse:0.233117+0.019605 
[155]	train-rmse:0.230754+0.005747	test-rmse:0.233117+0.019603 
[156]	train-rmse:0.230507+0.005378	test-rmse:0.232893+0.019456 
[157]	train-rmse:0.230504+0.005372	test-rmse:0.232892+0.019454 
[158]	train-rmse:0.230171+0.004908	test-rmse:0.232429+0.019184 
[159]	train-rmse:0.229866+0.004529	test-rmse:0.232023+0.018980 
[160]	train-rmse:0.229612+0.004253	test-rmse:0.231787+0.018876 
[161]	train-rmse:0.229588+0.004289	test-rmse:0.231817+0.018898 
[162]	train-rmse:0.229472+0.004474	test-rmse:0.231760+0.018855 
[163]	train-rmse:0.229470+0.004472	test-rmse:0.231761+0.018855 
[164]	train-rmse:0.229105+0.004460	test-rmse:0.231467+0.018616 
[165]	train-rmse:0.229104+0.004457	test-rmse:0.231467+0.018614 
[166]	train-rmse:0.229010+0.004375	test-rmse:0.231390+0.018584 
[167]	train-rmse:0.229010+0.004372	test-rmse:0.231392+0.018585 
[168]	train-rmse:0.228910+0.004462	test-rmse:0.231399+0.018582 
[169]	train-rmse:0.228800+0.004411	test-rmse:0.231302+0.018669 
[170]	train-rmse:0.228673+0.004368	test-rmse:0.231263+0.018704 
[171]	train-rmse:0.228673+0.004367	test-rmse:0.231261+0.018704 
[172]	train-rmse:0.228629+0.004400	test-rmse:0.231250+0.018691 
[173]	train-rmse:0.228597+0.004364	test-rmse:0.231142+0.018846 
[174]	train-rmse:0.228579+0.004357	test-rmse:0.231068+0.018911 
[175]	train-rmse:0.228341+0.004189	test-rmse:0.230797+0.019213 
[176]	train-rmse:0.228341+0.004189	test-rmse:0.230796+0.019212 
[177]	train-rmse:0.228340+0.004188	test-rmse:0.230795+0.019211 
[178]	train-rmse:0.228119+0.004382	test-rmse:0.230688+0.019082 
[179]	train-rmse:0.228119+0.004381	test-rmse:0.230688+0.019081 
[180]	train-rmse:0.228115+0.004384	test-rmse:0.230696+0.019091 
[181]	train-rmse:0.228110+0.004392	test-rmse:0.230719+0.019109 
[182]	train-rmse:0.228021+0.004310	test-rmse:0.230610+0.019121 
[183]	train-rmse:0.228023+0.004310	test-rmse:0.230611+0.019122 
[184]	train-rmse:0.228023+0.004309	test-rmse:0.230611+0.019122 
[185]	train-rmse:0.228024+0.004310	test-rmse:0.230610+0.019122 
[186]	train-rmse:0.227934+0.004243	test-rmse:0.230595+0.019139 
[187]	train-rmse:0.227935+0.004243	test-rmse:0.230593+0.019138 
[188]	train-rmse:0.227793+0.004093	test-rmse:0.230498+0.019320 
[189]	train-rmse:0.227794+0.004090	test-rmse:0.230500+0.019320 
[190]	train-rmse:0.227792+0.004090	test-rmse:0.230487+0.019329 
[191]	train-rmse:0.227792+0.004088	test-rmse:0.230486+0.019328 
[192]	train-rmse:0.227791+0.004086	test-rmse:0.230486+0.019329 
[193]	train-rmse:0.227775+0.004071	test-rmse:0.230374+0.019463 
[194]	train-rmse:0.227777+0.004072	test-rmse:0.230377+0.019463 
[195]	train-rmse:0.227595+0.003908	test-rmse:0.230177+0.019391 
[196]	train-rmse:0.227539+0.003960	test-rmse:0.230176+0.019386 
[197]	train-rmse:0.227528+0.003948	test-rmse:0.230116+0.019474 
[198]	train-rmse:0.227526+0.003947	test-rmse:0.230113+0.019472 
[199]	train-rmse:0.227484+0.003907	test-rmse:0.230021+0.019566 
[200]	train-rmse:0.227313+0.004075	test-rmse:0.229935+0.019539 
[201]	train-rmse:0.227314+0.004077	test-rmse:0.229936+0.019537 
[202]	train-rmse:0.227111+0.003996	test-rmse:0.229862+0.019657 
[203]	train-rmse:0.227112+0.003996	test-rmse:0.229862+0.019656 
[204]	train-rmse:0.227112+0.003996	test-rmse:0.229862+0.019655 
[205]	train-rmse:0.227112+0.003994	test-rmse:0.229842+0.019687 
[206]	train-rmse:0.227113+0.003995	test-rmse:0.229841+0.019686 
[207]	train-rmse:0.227115+0.003992	test-rmse:0.229837+0.019694 
[208]	train-rmse:0.227116+0.003993	test-rmse:0.229835+0.019693 
[209]	train-rmse:0.227116+0.003993	test-rmse:0.229837+0.019693 
[210]	train-rmse:0.226719+0.003872	test-rmse:0.229383+0.019686 
[211]	train-rmse:0.226599+0.003779	test-rmse:0.229364+0.019680 
[212]	train-rmse:0.226576+0.003807	test-rmse:0.229372+0.019687 
[213]	train-rmse:0.226578+0.003807	test-rmse:0.229374+0.019686 
[214]	train-rmse:0.226458+0.003954	test-rmse:0.229270+0.019573 
[215]	train-rmse:0.226458+0.003954	test-rmse:0.229242+0.019598 
[216]	train-rmse:0.226461+0.003951	test-rmse:0.229265+0.019618 
[217]	train-rmse:0.226438+0.003935	test-rmse:0.229251+0.019611 
[218]	train-rmse:0.226439+0.003936	test-rmse:0.229252+0.019609 
[219]	train-rmse:0.226428+0.003950	test-rmse:0.229297+0.019649 
[220]	train-rmse:0.226429+0.003952	test-rmse:0.229274+0.019668 
[221]	train-rmse:0.226430+0.003954	test-rmse:0.229275+0.019668 
[222]	train-rmse:0.226326+0.003833	test-rmse:0.229194+0.019790 
[223]	train-rmse:0.226323+0.003827	test-rmse:0.229120+0.019902 
[224]	train-rmse:0.226327+0.003828	test-rmse:0.229098+0.019923 
[225]	train-rmse:0.226328+0.003829	test-rmse:0.229099+0.019921 
[226]	train-rmse:0.226241+0.003768	test-rmse:0.229039+0.019901 
[227]	train-rmse:0.226236+0.003763	test-rmse:0.229037+0.019901 
[228]	train-rmse:0.226237+0.003763	test-rmse:0.229038+0.019901 
[229]	train-rmse:0.226237+0.003763	test-rmse:0.229038+0.019899 
[230]	train-rmse:0.226239+0.003764	test-rmse:0.229041+0.019897 
[231]	train-rmse:0.226239+0.003764	test-rmse:0.229042+0.019896 
[232]	train-rmse:0.225728+0.003979	test-rmse:0.228524+0.019587 
[233]	train-rmse:0.225583+0.003930	test-rmse:0.228361+0.019545 
[234]	train-rmse:0.225584+0.003930	test-rmse:0.228360+0.019544 
[235]	train-rmse:0.225586+0.003932	test-rmse:0.228360+0.019543 
[236]	train-rmse:0.225449+0.004126	test-rmse:0.228241+0.019414 
[237]	train-rmse:0.225450+0.004124	test-rmse:0.228244+0.019414 
[238]	train-rmse:0.225454+0.004128	test-rmse:0.228221+0.019434 
[239]	train-rmse:0.225327+0.004099	test-rmse:0.228069+0.019400 
[240]	train-rmse:0.225328+0.004099	test-rmse:0.228070+0.019400 
[241]	train-rmse:0.225329+0.004100	test-rmse:0.228073+0.019402 
[242]	train-rmse:0.225037+0.004341	test-rmse:0.227932+0.019305 
[243]	train-rmse:0.225031+0.004339	test-rmse:0.227932+0.019306 
[244]	train-rmse:0.224950+0.004290	test-rmse:0.227891+0.019339 
[245]	train-rmse:0.224948+0.004288	test-rmse:0.227896+0.019342 
[246]	train-rmse:0.224948+0.004288	test-rmse:0.227896+0.019341 
[247]	train-rmse:0.224949+0.004287	test-rmse:0.227899+0.019342 
[248]	train-rmse:0.224951+0.004288	test-rmse:0.227901+0.019342 
[249]	train-rmse:0.224816+0.004281	test-rmse:0.227786+0.019337 
[250]	train-rmse:0.224818+0.004280	test-rmse:0.227789+0.019337 
[251]	train-rmse:0.224820+0.004280	test-rmse:0.227791+0.019338 
[252]	train-rmse:0.224821+0.004281	test-rmse:0.227793+0.019337 
[253]	train-rmse:0.224823+0.004280	test-rmse:0.227794+0.019337 
[254]	train-rmse:0.224824+0.004281	test-rmse:0.227795+0.019336 
[255]	train-rmse:0.224826+0.004281	test-rmse:0.227796+0.019335 
[256]	train-rmse:0.224826+0.004282	test-rmse:0.227796+0.019334 
[257]	train-rmse:0.224832+0.004284	test-rmse:0.227773+0.019354 
[258]	train-rmse:0.224833+0.004284	test-rmse:0.227775+0.019356 
[259]	train-rmse:0.224833+0.004285	test-rmse:0.227776+0.019356 
[260]	train-rmse:0.224834+0.004283	test-rmse:0.227720+0.019438 
[261]	train-rmse:0.224844+0.004288	test-rmse:0.227689+0.019463 
[262]	train-rmse:0.224846+0.004288	test-rmse:0.227689+0.019464 
[263]	train-rmse:0.224854+0.004293	test-rmse:0.227669+0.019479 
[264]	train-rmse:0.224855+0.004292	test-rmse:0.227671+0.019479 
[265]	train-rmse:0.224852+0.004298	test-rmse:0.227686+0.019493 
[266]	train-rmse:0.224854+0.004296	test-rmse:0.227688+0.019494 
[267]	train-rmse:0.224856+0.004297	test-rmse:0.227689+0.019493 
[268]	train-rmse:0.224858+0.004304	test-rmse:0.227690+0.019515 
[269]	train-rmse:0.224858+0.004304	test-rmse:0.227697+0.019516 
[270]	train-rmse:0.224861+0.004305	test-rmse:0.227697+0.019515 
[271]	train-rmse:0.224863+0.004302	test-rmse:0.227700+0.019518 
[272]	train-rmse:0.224865+0.004303	test-rmse:0.227700+0.019518 
[273]	train-rmse:0.224865+0.004303	test-rmse:0.227700+0.019517 
[274]	train-rmse:0.224866+0.004302	test-rmse:0.227701+0.019518 
[275]	train-rmse:0.224768+0.004296	test-rmse:0.227626+0.019504 
[276]	train-rmse:0.224779+0.004302	test-rmse:0.227609+0.019519 
[277]	train-rmse:0.224782+0.004304	test-rmse:0.227554+0.019600 
[278]	train-rmse:0.224783+0.004305	test-rmse:0.227534+0.019627 
[279]	train-rmse:0.224785+0.004305	test-rmse:0.227532+0.019632 
[280]	train-rmse:0.224792+0.004302	test-rmse:0.227578+0.019669 
[281]	train-rmse:0.224801+0.004307	test-rmse:0.227567+0.019680 
[282]	train-rmse:0.224720+0.004447	test-rmse:0.227478+0.019607 
[283]	train-rmse:0.224724+0.004446	test-rmse:0.227484+0.019609 
[284]	train-rmse:0.224726+0.004446	test-rmse:0.227487+0.019609 
[285]	train-rmse:0.224724+0.004449	test-rmse:0.227518+0.019639 
[286]	train-rmse:0.224731+0.004445	test-rmse:0.227572+0.019694 
[287]	train-rmse:0.224727+0.004441	test-rmse:0.227578+0.019690 
[288]	train-rmse:0.224728+0.004441	test-rmse:0.227581+0.019690 
[289]	train-rmse:0.224616+0.004512	test-rmse:0.227445+0.019549 
[290]	train-rmse:0.224625+0.004505	test-rmse:0.227494+0.019600 
[291]	train-rmse:0.224626+0.004505	test-rmse:0.227495+0.019600 
[292]	train-rmse:0.224631+0.004501	test-rmse:0.227513+0.019617 
[293]	train-rmse:0.224632+0.004502	test-rmse:0.227513+0.019616 
[294]	train-rmse:0.224634+0.004502	test-rmse:0.227513+0.019616 
[295]	train-rmse:0.224639+0.004500	test-rmse:0.227528+0.019630 
[296]	train-rmse:0.224640+0.004501	test-rmse:0.227528+0.019629 
[297]	train-rmse:0.224557+0.004622	test-rmse:0.227469+0.019564 
[298]	train-rmse:0.224563+0.004625	test-rmse:0.227462+0.019572 
[299]	train-rmse:0.224480+0.004676	test-rmse:0.227404+0.019512 
[300]	train-rmse:0.224269+0.004689	test-rmse:0.227242+0.019582 
[301]	train-rmse:0.224279+0.004684	test-rmse:0.227264+0.019631 
[302]	train-rmse:0.224289+0.004687	test-rmse:0.227249+0.019683 
[303]	train-rmse:0.224285+0.004686	test-rmse:0.227252+0.019678 
[304]	train-rmse:0.224277+0.004692	test-rmse:0.227222+0.019647 
[305]	train-rmse:0.224278+0.004692	test-rmse:0.227224+0.019646 
[306]	train-rmse:0.224286+0.004686	test-rmse:0.227250+0.019672 
[307]	train-rmse:0.224297+0.004696	test-rmse:0.227222+0.019723 
[308]	train-rmse:0.224299+0.004697	test-rmse:0.227223+0.019724 
[309]	train-rmse:0.224309+0.004710	test-rmse:0.227188+0.019777 
[310]	train-rmse:0.224309+0.004709	test-rmse:0.227189+0.019779 
[311]	train-rmse:0.224199+0.004785	test-rmse:0.227059+0.019646 
[312]	train-rmse:0.224202+0.004785	test-rmse:0.227061+0.019647 
[313]	train-rmse:0.224215+0.004778	test-rmse:0.227099+0.019677 
[314]	train-rmse:0.224216+0.004779	test-rmse:0.227100+0.019676 
[315]	train-rmse:0.224219+0.004778	test-rmse:0.227103+0.019677 
[316]	train-rmse:0.224229+0.004776	test-rmse:0.227125+0.019685 
[317]	train-rmse:0.224230+0.004777	test-rmse:0.227126+0.019683 
[318]	train-rmse:0.224228+0.004775	test-rmse:0.227131+0.019679 
[319]	train-rmse:0.224230+0.004775	test-rmse:0.227133+0.019679 
[320]	train-rmse:0.224231+0.004775	test-rmse:0.227134+0.019678 
[321]	train-rmse:0.224230+0.004775	test-rmse:0.227133+0.019676 
[322]	train-rmse:0.224230+0.004775	test-rmse:0.227133+0.019676 
[323]	train-rmse:0.224137+0.004906	test-rmse:0.227007+0.019541 
[324]	train-rmse:0.224138+0.004905	test-rmse:0.227009+0.019541 
[325]	train-rmse:0.224137+0.004905	test-rmse:0.227009+0.019540 
[326]	train-rmse:0.224070+0.004989	test-rmse:0.226853+0.019444 
[327]	train-rmse:0.224076+0.004985	test-rmse:0.226874+0.019461 
[328]	train-rmse:0.223925+0.005029	test-rmse:0.226765+0.019546 
[329]	train-rmse:0.223861+0.004970	test-rmse:0.226806+0.019570 
[330]	train-rmse:0.223873+0.004957	test-rmse:0.226839+0.019605 
[331]	train-rmse:0.223877+0.004954	test-rmse:0.226849+0.019613 
[332]	train-rmse:0.223891+0.004942	test-rmse:0.226889+0.019654 
[333]	train-rmse:0.223895+0.004938	test-rmse:0.226899+0.019662 
[334]	train-rmse:0.223896+0.004937	test-rmse:0.226901+0.019662 
[335]	train-rmse:0.223909+0.004929	test-rmse:0.226935+0.019695 
[336]	train-rmse:0.223910+0.004927	test-rmse:0.226938+0.019695 
[337]	train-rmse:0.223911+0.004927	test-rmse:0.226939+0.019694 
[338]	train-rmse:0.223750+0.005049	test-rmse:0.226917+0.019673 
[339]	train-rmse:0.223752+0.005048	test-rmse:0.226919+0.019674 
[340]	train-rmse:0.223758+0.005047	test-rmse:0.226928+0.019678 
[341]	train-rmse:0.223759+0.005048	test-rmse:0.226928+0.019677 
[342]	train-rmse:0.223656+0.005138	test-rmse:0.226777+0.019529 
[343]	train-rmse:0.223657+0.005138	test-rmse:0.226777+0.019530 
[344]	train-rmse:0.223657+0.005138	test-rmse:0.226777+0.019530 
[345]	train-rmse:0.223658+0.005138	test-rmse:0.226778+0.019530 
[346]	train-rmse:0.223659+0.005138	test-rmse:0.226780+0.019530 
[347]	train-rmse:0.223662+0.005140	test-rmse:0.226775+0.019540 
[348]	train-rmse:0.223662+0.005140	test-rmse:0.226775+0.019538 
[349]	train-rmse:0.223588+0.005221	test-rmse:0.226654+0.019446 
[350]	train-rmse:0.223603+0.005219	test-rmse:0.226665+0.019489 
[351]	train-rmse:0.223607+0.005221	test-rmse:0.226661+0.019494 
[352]	train-rmse:0.223607+0.005220	test-rmse:0.226660+0.019493 
[353]	train-rmse:0.223607+0.005221	test-rmse:0.226659+0.019491 
[354]	train-rmse:0.223608+0.005221	test-rmse:0.226659+0.019491 
[355]	train-rmse:0.223608+0.005222	test-rmse:0.226659+0.019489 
[356]	train-rmse:0.223610+0.005222	test-rmse:0.226660+0.019489 
[357]	train-rmse:0.223613+0.005222	test-rmse:0.226666+0.019490 
[358]	train-rmse:0.223614+0.005221	test-rmse:0.226668+0.019491 
[359]	train-rmse:0.223620+0.005225	test-rmse:0.226660+0.019496 
[360]	train-rmse:0.223628+0.005216	test-rmse:0.226679+0.019516 
[361]	train-rmse:0.223629+0.005216	test-rmse:0.226679+0.019515 
[362]	train-rmse:0.223630+0.005216	test-rmse:0.226680+0.019516 
[363]	train-rmse:0.223638+0.005226	test-rmse:0.226661+0.019544 
[364]	train-rmse:0.223639+0.005225	test-rmse:0.226663+0.019544 
[365]	train-rmse:0.223647+0.005221	test-rmse:0.226689+0.019534 
[366]	train-rmse:0.223647+0.005221	test-rmse:0.226689+0.019534 
[367]	train-rmse:0.223641+0.005226	test-rmse:0.226671+0.019516 
[368]	train-rmse:0.223643+0.005226	test-rmse:0.226673+0.019516 
[369]	train-rmse:0.223651+0.005224	test-rmse:0.226685+0.019532 
[370]	train-rmse:0.223654+0.005224	test-rmse:0.226686+0.019532 
[371]	train-rmse:0.223670+0.005206	test-rmse:0.226723+0.019570 
[372]	train-rmse:0.223672+0.005205	test-rmse:0.226724+0.019571 
[373]	train-rmse:0.223580+0.005202	test-rmse:0.226644+0.019556 
[374]	train-rmse:0.223586+0.005201	test-rmse:0.226660+0.019556 
[375]	train-rmse:0.223588+0.005200	test-rmse:0.226661+0.019557 
[376]	train-rmse:0.223589+0.005201	test-rmse:0.226661+0.019556 
[377]	train-rmse:0.223595+0.005205	test-rmse:0.226654+0.019562 
[378]	train-rmse:0.223594+0.005204	test-rmse:0.226655+0.019562 
[379]	train-rmse:0.223525+0.005291	test-rmse:0.226594+0.019494 
[380]	train-rmse:0.223473+0.005290	test-rmse:0.226634+0.019502 
[381]	train-rmse:0.223473+0.005290	test-rmse:0.226634+0.019501 
[382]	train-rmse:0.223477+0.005285	test-rmse:0.226643+0.019510 
[383]	train-rmse:0.223478+0.005285	test-rmse:0.226645+0.019509 
[384]	train-rmse:0.223479+0.005285	test-rmse:0.226646+0.019509 
[385]	train-rmse:0.223480+0.005284	test-rmse:0.226647+0.019510 
[386]	train-rmse:0.223481+0.005283	test-rmse:0.226649+0.019510 
[387]	train-rmse:0.223484+0.005285	test-rmse:0.226644+0.019517 
[388]	train-rmse:0.223505+0.005299	test-rmse:0.226635+0.019551 
[389]	train-rmse:0.223504+0.005314	test-rmse:0.226619+0.019525 
[390]	train-rmse:0.223505+0.005314	test-rmse:0.226620+0.019526 
[391]	train-rmse:0.223507+0.005314	test-rmse:0.226622+0.019526 
[392]	train-rmse:0.223508+0.005313	test-rmse:0.226623+0.019526 
[393]	train-rmse:0.223513+0.005308	test-rmse:0.226633+0.019535 
[394]	train-rmse:0.223513+0.005309	test-rmse:0.226633+0.019534 
[395]	train-rmse:0.223514+0.005308	test-rmse:0.226633+0.019534 
[396]	train-rmse:0.223517+0.005305	test-rmse:0.226639+0.019539 
[397]	train-rmse:0.223518+0.005305	test-rmse:0.226640+0.019538 
[398]	train-rmse:0.223401+0.005134	test-rmse:0.226629+0.019569 
[399]	train-rmse:0.223218+0.005316	test-rmse:0.226472+0.019416 
[400]	train-rmse:0.223232+0.005303	test-rmse:0.226510+0.019450 
[401]	train-rmse:0.223233+0.005303	test-rmse:0.226510+0.019449 
[402]	train-rmse:0.223238+0.005307	test-rmse:0.226506+0.019453 
[403]	train-rmse:0.223238+0.005306	test-rmse:0.226505+0.019452 
[404]	train-rmse:0.223238+0.005306	test-rmse:0.226506+0.019452 
[405]	train-rmse:0.223248+0.005296	test-rmse:0.226531+0.019474 
[406]	train-rmse:0.223249+0.005296	test-rmse:0.226532+0.019474 
[407]	train-rmse:0.223265+0.005279	test-rmse:0.226573+0.019510 
[408]	train-rmse:0.223266+0.005279	test-rmse:0.226574+0.019511 
[409]	train-rmse:0.223260+0.005272	test-rmse:0.226584+0.019505 
[410]	train-rmse:0.223261+0.005273	test-rmse:0.226585+0.019505 
[411]	train-rmse:0.223261+0.005273	test-rmse:0.226585+0.019504 
[412]	train-rmse:0.223267+0.005268	test-rmse:0.226599+0.019516 
[413]	train-rmse:0.223268+0.005267	test-rmse:0.226600+0.019517 
[414]	train-rmse:0.223260+0.005278	test-rmse:0.226581+0.019494 
[415]	train-rmse:0.223261+0.005278	test-rmse:0.226581+0.019494 
[416]	train-rmse:0.223260+0.005277	test-rmse:0.226582+0.019493 
[417]	train-rmse:0.223261+0.005276	test-rmse:0.226583+0.019493 
[418]	train-rmse:0.223265+0.005277	test-rmse:0.226582+0.019490 
[419]	train-rmse:0.223266+0.005276	test-rmse:0.226583+0.019491 
[420]	train-rmse:0.223277+0.005261	test-rmse:0.226610+0.019519 
[421]	train-rmse:0.223283+0.005269	test-rmse:0.226599+0.019521 
[422]	train-rmse:0.223301+0.005292	test-rmse:0.226559+0.019582 
[423]	train-rmse:0.223285+0.005279	test-rmse:0.226576+0.019569 
[424]	train-rmse:0.223297+0.005288	test-rmse:0.226570+0.019590 
[425]	train-rmse:0.223297+0.005287	test-rmse:0.226571+0.019589 
[426]	train-rmse:0.223286+0.005298	test-rmse:0.226544+0.019563 
[427]	train-rmse:0.223288+0.005297	test-rmse:0.226545+0.019564 
[428]	train-rmse:0.223288+0.005297	test-rmse:0.226547+0.019565 
[429]	train-rmse:0.223289+0.005297	test-rmse:0.226548+0.019564 
[430]	train-rmse:0.223295+0.005296	test-rmse:0.226555+0.019566 
[431]	train-rmse:0.223297+0.005298	test-rmse:0.226553+0.019571 
[432]	train-rmse:0.223298+0.005298	test-rmse:0.226553+0.019571 
[433]	train-rmse:0.223299+0.005297	test-rmse:0.226554+0.019571 
[434]	train-rmse:0.223302+0.005305	test-rmse:0.226544+0.019590 
[435]	train-rmse:0.223246+0.005224	test-rmse:0.226409+0.019790 
[436]	train-rmse:0.223245+0.005225	test-rmse:0.226405+0.019785 
[437]	train-rmse:0.223245+0.005225	test-rmse:0.226405+0.019784 
[438]	train-rmse:0.223151+0.005066	test-rmse:0.226475+0.019745 
[439]	train-rmse:0.223152+0.005067	test-rmse:0.226475+0.019744 
[440]	train-rmse:0.223152+0.005065	test-rmse:0.226476+0.019744 
[441]	train-rmse:0.223055+0.004934	test-rmse:0.226439+0.019800 
[442]	train-rmse:0.223056+0.004934	test-rmse:0.226439+0.019801 
[443]	train-rmse:0.223056+0.004934	test-rmse:0.226439+0.019801 
[444]	train-rmse:0.223056+0.004933	test-rmse:0.226439+0.019800 
[445]	train-rmse:0.223056+0.004934	test-rmse:0.226439+0.019800 
[446]	train-rmse:0.223052+0.004934	test-rmse:0.226433+0.019798 
[447]	train-rmse:0.223054+0.004934	test-rmse:0.226434+0.019798 
[448]	train-rmse:0.223072+0.004932	test-rmse:0.226461+0.019810 
[449]	train-rmse:0.223073+0.004932	test-rmse:0.226461+0.019809 
[450]	train-rmse:0.223073+0.004932	test-rmse:0.226460+0.019808 
[451]	train-rmse:0.223086+0.004922	test-rmse:0.226492+0.019830 
[452]	train-rmse:0.222891+0.004923	test-rmse:0.226283+0.019805 
[453]	train-rmse:0.222896+0.004926	test-rmse:0.226278+0.019810 
[454]	train-rmse:0.222897+0.004925	test-rmse:0.226279+0.019811 
[455]	train-rmse:0.222898+0.004925	test-rmse:0.226280+0.019810 
[456]	train-rmse:0.222834+0.005007	test-rmse:0.226274+0.019799 
[457]	train-rmse:0.222842+0.004998	test-rmse:0.226289+0.019816 
[458]	train-rmse:0.222842+0.004999	test-rmse:0.226289+0.019815 
[459]	train-rmse:0.222853+0.005006	test-rmse:0.226280+0.019825 
[460]	train-rmse:0.222854+0.005006	test-rmse:0.226280+0.019824 
[461]	train-rmse:0.222844+0.005006	test-rmse:0.226267+0.019821 
[462]	train-rmse:0.222864+0.005012	test-rmse:0.226260+0.019870 
[463]	train-rmse:0.222864+0.005011	test-rmse:0.226260+0.019870 
[464]	train-rmse:0.222867+0.005013	test-rmse:0.226259+0.019874 
[465]	train-rmse:0.222867+0.005013	test-rmse:0.226259+0.019873 
[466]	train-rmse:0.222868+0.005012	test-rmse:0.226259+0.019872 
[467]	train-rmse:0.222867+0.005012	test-rmse:0.226259+0.019871 
[468]	train-rmse:0.222877+0.005024	test-rmse:0.226244+0.019894 
[469]	train-rmse:0.222878+0.005025	test-rmse:0.226244+0.019895 
[470]	train-rmse:0.222736+0.004904	test-rmse:0.225962+0.020128 
[471]	train-rmse:0.222736+0.004903	test-rmse:0.225963+0.020128 
[472]	train-rmse:0.222734+0.004905	test-rmse:0.225959+0.020124 
[473]	train-rmse:0.222728+0.004912	test-rmse:0.225942+0.020107 
[474]	train-rmse:0.222728+0.004912	test-rmse:0.225943+0.020107 
[475]	train-rmse:0.222730+0.004912	test-rmse:0.225944+0.020106 
[476]	train-rmse:0.222719+0.004911	test-rmse:0.225930+0.020103 
[477]	train-rmse:0.222728+0.004922	test-rmse:0.225917+0.020122 
[478]	train-rmse:0.222729+0.004922	test-rmse:0.225918+0.020121 
[479]	train-rmse:0.222519+0.004772	test-rmse:0.225906+0.020132 
[480]	train-rmse:0.222530+0.004786	test-rmse:0.225912+0.020115 
[481]	train-rmse:0.222537+0.004784	test-rmse:0.225931+0.020115 
[482]	train-rmse:0.222534+0.004784	test-rmse:0.225926+0.020113 
[483]	train-rmse:0.222538+0.004784	test-rmse:0.225932+0.020114 
[484]	train-rmse:0.222539+0.004783	test-rmse:0.225932+0.020114 
[485]	train-rmse:0.222530+0.004792	test-rmse:0.225909+0.020093 
[486]	train-rmse:0.222553+0.004827	test-rmse:0.225875+0.020143 
[487]	train-rmse:0.222570+0.004828	test-rmse:0.225897+0.020148 
[488]	train-rmse:0.222571+0.004828	test-rmse:0.225897+0.020147 
[489]	train-rmse:0.222572+0.004829	test-rmse:0.225897+0.020147 
[490]	train-rmse:0.222574+0.004828	test-rmse:0.225899+0.020147 
[491]	train-rmse:0.222467+0.004668	test-rmse:0.225862+0.020203 
[492]	train-rmse:0.222468+0.004667	test-rmse:0.225863+0.020204 
[493]	train-rmse:0.222469+0.004668	test-rmse:0.225863+0.020204 
[494]	train-rmse:0.222470+0.004668	test-rmse:0.225864+0.020203 
[495]	train-rmse:0.222471+0.004668	test-rmse:0.225865+0.020203 
[496]	train-rmse:0.222473+0.004663	test-rmse:0.225867+0.020188 
[497]	train-rmse:0.222259+0.004668	test-rmse:0.225622+0.020136 
[498]	train-rmse:0.222260+0.004667	test-rmse:0.225623+0.020135 
[499]	train-rmse:0.222253+0.004677	test-rmse:0.225608+0.020118 
[500]	train-rmse:0.222247+0.004685	test-rmse:0.225595+0.020102 
[501]	train-rmse:0.222250+0.004683	test-rmse:0.225600+0.020106 
[502]	train-rmse:0.222255+0.004682	test-rmse:0.225607+0.020109 
[503]	train-rmse:0.222265+0.004696	test-rmse:0.225592+0.020131 
[504]	train-rmse:0.222265+0.004696	test-rmse:0.225592+0.020130 
[505]	train-rmse:0.222096+0.004857	test-rmse:0.225493+0.020036 
[506]	train-rmse:0.222100+0.004855	test-rmse:0.225500+0.020042 
[507]	train-rmse:0.222101+0.004855	test-rmse:0.225500+0.020041 
[508]	train-rmse:0.222097+0.004859	test-rmse:0.225492+0.020032 
[509]	train-rmse:0.222101+0.004858	test-rmse:0.225492+0.020028 
[510]	train-rmse:0.222103+0.004858	test-rmse:0.225492+0.020029 
[511]	train-rmse:0.222112+0.004849	test-rmse:0.225511+0.020049 
[512]	train-rmse:0.222100+0.004849	test-rmse:0.225495+0.020046 
[513]	train-rmse:0.222041+0.004762	test-rmse:0.225492+0.020049 
[514]	train-rmse:0.222045+0.004777	test-rmse:0.225466+0.020040 
[515]	train-rmse:0.222050+0.004784	test-rmse:0.225458+0.020052 
[516]	train-rmse:0.221952+0.004645	test-rmse:0.225490+0.019999 
[517]	train-rmse:0.221956+0.004647	test-rmse:0.225489+0.020001 
[518]	train-rmse:0.221956+0.004647	test-rmse:0.225489+0.020001 
[519]	train-rmse:0.221957+0.004647	test-rmse:0.225489+0.020002 
[520]	train-rmse:0.221957+0.004646	test-rmse:0.225490+0.020001 
[521]	train-rmse:0.221961+0.004648	test-rmse:0.225488+0.020003 
[522]	train-rmse:0.221965+0.004648	test-rmse:0.225493+0.020004 
[523]	train-rmse:0.221962+0.004651	test-rmse:0.225478+0.020005 
[524]	train-rmse:0.221962+0.004652	test-rmse:0.225479+0.020004 
[525]	train-rmse:0.221963+0.004651	test-rmse:0.225480+0.020004 
[526]	train-rmse:0.221964+0.004650	test-rmse:0.225481+0.020004 
[527]	train-rmse:0.221965+0.004650	test-rmse:0.225482+0.020005 
[528]	train-rmse:0.221965+0.004650	test-rmse:0.225483+0.020004 
[529]	train-rmse:0.221966+0.004650	test-rmse:0.225483+0.020004 
[530]	train-rmse:0.221967+0.004650	test-rmse:0.225484+0.020005 
[531]	train-rmse:0.221968+0.004649	test-rmse:0.225486+0.020004 
[532]	train-rmse:0.221952+0.004650	test-rmse:0.225463+0.020000 
[533]	train-rmse:0.221953+0.004650	test-rmse:0.225464+0.019999 
[534]	train-rmse:0.221959+0.004656	test-rmse:0.225456+0.020014 
[535]	train-rmse:0.221979+0.004677	test-rmse:0.225430+0.020048 
[536]	train-rmse:0.221973+0.004683	test-rmse:0.225418+0.020033 
[537]	train-rmse:0.221986+0.004700	test-rmse:0.225401+0.020032 
[538]	train-rmse:0.221982+0.004693	test-rmse:0.225410+0.020018 
[539]	train-rmse:0.221979+0.004674	test-rmse:0.225439+0.020033 
[540]	train-rmse:0.221980+0.004674	test-rmse:0.225440+0.020033 
[541]	train-rmse:0.221978+0.004676	test-rmse:0.225436+0.020027 
[542]	train-rmse:0.221979+0.004676	test-rmse:0.225436+0.020026 
[543]	train-rmse:0.221974+0.004672	test-rmse:0.225440+0.020024 
[544]	train-rmse:0.221975+0.004671	test-rmse:0.225441+0.020024 
[545]	train-rmse:0.221976+0.004671	test-rmse:0.225443+0.020024 
[546]	train-rmse:0.221984+0.004664	test-rmse:0.225458+0.020041 
[547]	train-rmse:0.221880+0.004585	test-rmse:0.225387+0.020096 
[548]	train-rmse:0.221881+0.004585	test-rmse:0.225388+0.020096 
[549]	train-rmse:0.221882+0.004585	test-rmse:0.225388+0.020096 
[550]	train-rmse:0.221883+0.004585	test-rmse:0.225390+0.020096 
[551]	train-rmse:0.221882+0.004575	test-rmse:0.225405+0.020092 
[552]	train-rmse:0.221883+0.004574	test-rmse:0.225406+0.020093 
[553]	train-rmse:0.221884+0.004575	test-rmse:0.225406+0.020093 
[554]	train-rmse:0.221890+0.004570	test-rmse:0.225418+0.020107 
[555]	train-rmse:0.221891+0.004571	test-rmse:0.225418+0.020107 
[556]	train-rmse:0.221892+0.004571	test-rmse:0.225419+0.020108 
[557]	train-rmse:0.221892+0.004570	test-rmse:0.225419+0.020107 
[558]	train-rmse:0.221898+0.004578	test-rmse:0.225408+0.020123 
[559]	train-rmse:0.221897+0.004580	test-rmse:0.225403+0.020117 
[560]	train-rmse:0.221898+0.004580	test-rmse:0.225404+0.020117 
[561]	train-rmse:0.221890+0.004581	test-rmse:0.225392+0.020116 
[562]	train-rmse:0.221890+0.004581	test-rmse:0.225393+0.020115 
[563]	train-rmse:0.221892+0.004583	test-rmse:0.225390+0.020120 
[564]	train-rmse:0.221898+0.004587	test-rmse:0.225386+0.020123 
[565]	train-rmse:0.221899+0.004586	test-rmse:0.225388+0.020124 
[566]	train-rmse:0.221911+0.004584	test-rmse:0.225396+0.020141 
[567]	train-rmse:0.221909+0.004580	test-rmse:0.225402+0.020134 
[568]	train-rmse:0.221929+0.004607	test-rmse:0.225369+0.020183 
[569]	train-rmse:0.221931+0.004607	test-rmse:0.225370+0.020183 
[570]	train-rmse:0.221931+0.004607	test-rmse:0.225370+0.020183 
[571]	train-rmse:0.221922+0.004608	test-rmse:0.225355+0.020180 
[572]	train-rmse:0.221923+0.004608	test-rmse:0.225356+0.020180 
[573]	train-rmse:0.221907+0.004625	test-rmse:0.225314+0.020140 
[574]	train-rmse:0.221907+0.004624	test-rmse:0.225314+0.020140 
[575]	train-rmse:0.221908+0.004624	test-rmse:0.225316+0.020140 
[576]	train-rmse:0.221916+0.004637	test-rmse:0.225300+0.020159 
[577]	train-rmse:0.221917+0.004637	test-rmse:0.225300+0.020160 
[578]	train-rmse:0.221846+0.004519	test-rmse:0.225225+0.020293 
[579]	train-rmse:0.221843+0.004504	test-rmse:0.225249+0.020282 
[580]	train-rmse:0.221844+0.004504	test-rmse:0.225250+0.020282 
[581]	train-rmse:0.221864+0.004510	test-rmse:0.225254+0.020332 
[582]	train-rmse:0.221887+0.004512	test-rmse:0.225262+0.020358 
[583]	train-rmse:0.221887+0.004512	test-rmse:0.225262+0.020358 
[584]	train-rmse:0.221887+0.004510	test-rmse:0.225264+0.020357 
[585]	train-rmse:0.221898+0.004527	test-rmse:0.225243+0.020385 
[586]	train-rmse:0.221898+0.004527	test-rmse:0.225243+0.020385 
[587]	train-rmse:0.221891+0.004520	test-rmse:0.225248+0.020381 
[588]	train-rmse:0.221891+0.004521	test-rmse:0.225248+0.020381 
[589]	train-rmse:0.221898+0.004515	test-rmse:0.225264+0.020395 
[590]	train-rmse:0.221926+0.004513	test-rmse:0.225304+0.020402 
[591]	train-rmse:0.221927+0.004513	test-rmse:0.225306+0.020402 
[592]	train-rmse:0.221928+0.004512	test-rmse:0.225307+0.020402 
[593]	train-rmse:0.221935+0.004521	test-rmse:0.225297+0.020417 
[594]	train-rmse:0.221945+0.004516	test-rmse:0.225315+0.020430 
[595]	train-rmse:0.221949+0.004517	test-rmse:0.225320+0.020431 
[596]	train-rmse:0.221949+0.004516	test-rmse:0.225320+0.020430 
[597]	train-rmse:0.221952+0.004519	test-rmse:0.225318+0.020431 
[598]	train-rmse:0.221950+0.004530	test-rmse:0.225301+0.020407 
[599]	train-rmse:0.221950+0.004531	test-rmse:0.225301+0.020406 
[600]	train-rmse:0.221960+0.004521	test-rmse:0.225326+0.020429 
[601]	train-rmse:0.221961+0.004521	test-rmse:0.225326+0.020429 
[602]	train-rmse:0.221957+0.004526	test-rmse:0.225315+0.020418 
[603]	train-rmse:0.221924+0.004527	test-rmse:0.225297+0.020379 
[604]	train-rmse:0.221925+0.004527	test-rmse:0.225297+0.020379 
[605]	train-rmse:0.221918+0.004537	test-rmse:0.225280+0.020359 
[606]	train-rmse:0.221919+0.004537	test-rmse:0.225281+0.020359 
[607]	train-rmse:0.221920+0.004537	test-rmse:0.225281+0.020359 
[608]	train-rmse:0.221920+0.004537	test-rmse:0.225281+0.020359 
[609]	train-rmse:0.221923+0.004537	test-rmse:0.225281+0.020361 
[610]	train-rmse:0.221923+0.004538	test-rmse:0.225281+0.020360 
[611]	train-rmse:0.221901+0.004538	test-rmse:0.225260+0.020337 
[612]	train-rmse:0.221894+0.004532	test-rmse:0.225269+0.020331 
[613]	train-rmse:0.221903+0.004523	test-rmse:0.225291+0.020352 
[614]	train-rmse:0.221903+0.004523	test-rmse:0.225291+0.020352 
[615]	train-rmse:0.221903+0.004522	test-rmse:0.225292+0.020351 
[616]	train-rmse:0.221912+0.004529	test-rmse:0.225284+0.020357 
[617]	train-rmse:0.221912+0.004528	test-rmse:0.225284+0.020356 
[618]	train-rmse:0.221913+0.004528	test-rmse:0.225285+0.020356 
[619]	train-rmse:0.221914+0.004528	test-rmse:0.225285+0.020356 
[620]	train-rmse:0.221914+0.004528	test-rmse:0.225286+0.020356 
[621]	train-rmse:0.221914+0.004528	test-rmse:0.225286+0.020356 
[622]	train-rmse:0.221921+0.004537	test-rmse:0.225278+0.020368 
[623]	train-rmse:0.221922+0.004537	test-rmse:0.225278+0.020369 
[624]	train-rmse:0.221938+0.004536	test-rmse:0.225301+0.020373 
[625]	train-rmse:0.221953+0.004536	test-rmse:0.225322+0.020378 
[626]	train-rmse:0.221950+0.004540	test-rmse:0.225313+0.020369 
[627]	train-rmse:0.221951+0.004540	test-rmse:0.225313+0.020369 
[628]	train-rmse:0.221951+0.004539	test-rmse:0.225313+0.020368 
Stopping. Best iteration:
[578]	train-rmse:0.221846+0.004519	test-rmse:0.225225+0.020293

> hgrid <-
+   dplyr::bind_cols(xgboost_params[index, ], dart.cv$evaluation_log[dart.cv$best_iteration, ], best_iter = dart.cv$best_iteration)
> 
> # write result
> fname <- file.path('data-raw', 'tune', year, 'array', paste0('tune_', index, '.tsv'))
> readr::write_tsv(hgrid, file = fname)
