> 
> # parse arguments
> args <- R.utils::commandArgs(trailingOnly = FALSE, asValues = TRUE)
> index <- as.integer(args$index)
> year <- as.character(args$year)
> nreps <- as.integer(args$nreps)
> seed <- as.integer(args$seed)
> 
> # get number of cores
> wkrs <- length(future::availableWorkers())
> 
> # set seed
> set.seed(seed)
> 
> # read and prepare the cluster features
> fp <- file.path('data-raw', 'features', year)
> clf <-
+   read_features(fp, pattern = 'paris.', recursive = FALSE)
> clf <- prepare_features(
+   clf,
+   feature_map = feature_map,
+   category = c('response', 'bio', 'net'),
+   type = 'list',
+   exclusions = c(
+     'mg2_pairs_count',
+     'mg2_not_pairs_count',
+     'mg2_portion_families_recovered',
+     'cluster_origin',
+     'bocc_origin',
+     'cluster_method',
+     'subcluster_method',
+     'year',
+     'IDs',
+     'go_sig_threshold',
+     'num_new_edges_on_any_node',
+     'HPO_ratio'
+   ),
+   verbose = TRUE
+ )
c('HPO_ratio', 'IDs', 'bocc_origin', 'cluster_method', 'cluster_origin', 'go_sig_threshold', 'max_norm_cell_type_comma_sep_string', 'max_norm_disease_comma_sep_string', 'mg2_not_pairs_count', 'mg2_pairs_count', 'mg2_portion_families_recovered', 'num_new_edges_on_any_node', 'sig_go_enrichment_fdr_corrected_p_vals', 'sig_go_enrichment_p_vals', 'sig_go_enrichment_terms', 'subcluster_method', 'year')

> 
> # prepare grid of parameters
> xgboost_params <- dials::parameters(
+   nrounds = dials::trees(),
+   eta = dials::learn_rate(),
+   gamma = dials::loss_reduction(),
+   dials::tree_depth(),
+   subsample = dials::sample_prop(),
+   rate_drop = dials::dropout(),
+   skip_drop = dials::dropout()
+ )
> xgboost_params <-
+   dials::grid_max_entropy(xgboost_params, size = nreps)
> 
> # tune the dart booster
> dart.param <-
+   list(
+     booster = "dart",
+     objective = "reg:logistic",
+     eval_metric = "rmse",
+     nthread = wkrs,
+     max_depth = xgboost_params$tree_depth[index],
+     eta = xgboost_params$eta[index],
+     gamma = xgboost_params$gamma[index],
+     subsample = xgboost_params$subsample[index],
+     rate_drop = xgboost_params$rate_drop[index],
+     skip_drop = xgboost_params$skip_drop[index]
+   )
> dart.cv <- xgboost::xgb.cv(
+   params = dart.param,
+   nrounds = xgboost_params$nrounds[index],
+   data = as.matrix(clf[, -1]),
+   nfold = 5,
+   label = clf$snowballing_pvalue,
+   early_stopping_rounds = 50
+ )
[1]	train-rmse:0.417713+0.001019	test-rmse:0.417691+0.004059 
Multiple eval metrics are present. Will use test_rmse for early stopping.
Will train until test_rmse hasn't improved in 50 rounds.

[2]	train-rmse:0.417713+0.001019	test-rmse:0.417691+0.004059 
[3]	train-rmse:0.417712+0.001019	test-rmse:0.417691+0.004059 
[4]	train-rmse:0.417712+0.001019	test-rmse:0.417691+0.004059 
[5]	train-rmse:0.417712+0.001019	test-rmse:0.417690+0.004060 
[6]	train-rmse:0.417712+0.001019	test-rmse:0.417690+0.004060 
[7]	train-rmse:0.417712+0.001019	test-rmse:0.417690+0.004060 
[8]	train-rmse:0.417711+0.001019	test-rmse:0.417690+0.004060 
[9]	train-rmse:0.417711+0.001019	test-rmse:0.417690+0.004060 
[10]	train-rmse:0.417711+0.001019	test-rmse:0.417690+0.004060 
[11]	train-rmse:0.417711+0.001019	test-rmse:0.417690+0.004059 
[12]	train-rmse:0.417711+0.001019	test-rmse:0.417689+0.004059 
[13]	train-rmse:0.417711+0.001019	test-rmse:0.417689+0.004059 
[14]	train-rmse:0.417711+0.001019	test-rmse:0.417689+0.004059 
[15]	train-rmse:0.417711+0.001019	test-rmse:0.417689+0.004059 
[16]	train-rmse:0.417711+0.001019	test-rmse:0.417689+0.004059 
[17]	train-rmse:0.417711+0.001019	test-rmse:0.417689+0.004059 
[18]	train-rmse:0.417711+0.001019	test-rmse:0.417689+0.004059 
[19]	train-rmse:0.417710+0.001019	test-rmse:0.417689+0.004059 
[20]	train-rmse:0.417710+0.001019	test-rmse:0.417689+0.004059 
[21]	train-rmse:0.417710+0.001019	test-rmse:0.417689+0.004059 
[22]	train-rmse:0.417710+0.001019	test-rmse:0.417689+0.004059 
[23]	train-rmse:0.417710+0.001019	test-rmse:0.417689+0.004059 
[24]	train-rmse:0.417710+0.001019	test-rmse:0.417689+0.004059 
[25]	train-rmse:0.417710+0.001019	test-rmse:0.417688+0.004060 
[26]	train-rmse:0.417710+0.001019	test-rmse:0.417688+0.004060 
[27]	train-rmse:0.417710+0.001019	test-rmse:0.417688+0.004060 
[28]	train-rmse:0.417710+0.001019	test-rmse:0.417688+0.004060 
[29]	train-rmse:0.417710+0.001019	test-rmse:0.417688+0.004060 
[30]	train-rmse:0.417710+0.001019	test-rmse:0.417688+0.004060 
[31]	train-rmse:0.417710+0.001019	test-rmse:0.417688+0.004059 
[32]	train-rmse:0.417710+0.001019	test-rmse:0.417688+0.004059 
[33]	train-rmse:0.417709+0.001019	test-rmse:0.417688+0.004059 
[34]	train-rmse:0.417709+0.001019	test-rmse:0.417688+0.004059 
[35]	train-rmse:0.417709+0.001019	test-rmse:0.417688+0.004059 
[36]	train-rmse:0.417709+0.001019	test-rmse:0.417688+0.004059 
[37]	train-rmse:0.417709+0.001019	test-rmse:0.417688+0.004059 
[38]	train-rmse:0.417709+0.001019	test-rmse:0.417688+0.004059 
[39]	train-rmse:0.417709+0.001019	test-rmse:0.417688+0.004060 
[40]	train-rmse:0.417709+0.001019	test-rmse:0.417688+0.004060 
[41]	train-rmse:0.417709+0.001019	test-rmse:0.417688+0.004060 
[42]	train-rmse:0.417709+0.001019	test-rmse:0.417688+0.004060 
[43]	train-rmse:0.417709+0.001019	test-rmse:0.417687+0.004060 
[44]	train-rmse:0.417709+0.001019	test-rmse:0.417687+0.004060 
[45]	train-rmse:0.417709+0.001019	test-rmse:0.417687+0.004060 
[46]	train-rmse:0.417709+0.001019	test-rmse:0.417687+0.004060 
[47]	train-rmse:0.417709+0.001019	test-rmse:0.417687+0.004060 
[48]	train-rmse:0.417709+0.001019	test-rmse:0.417687+0.004060 
[49]	train-rmse:0.417709+0.001019	test-rmse:0.417687+0.004060 
[50]	train-rmse:0.417709+0.001019	test-rmse:0.417687+0.004060 
[51]	train-rmse:0.417709+0.001019	test-rmse:0.417687+0.004060 
[52]	train-rmse:0.417709+0.001019	test-rmse:0.417687+0.004060 
[53]	train-rmse:0.417709+0.001019	test-rmse:0.417687+0.004060 
[54]	train-rmse:0.417709+0.001019	test-rmse:0.417687+0.004060 
[55]	train-rmse:0.417709+0.001019	test-rmse:0.417687+0.004060 
[56]	train-rmse:0.417709+0.001019	test-rmse:0.417687+0.004060 
[57]	train-rmse:0.417709+0.001019	test-rmse:0.417687+0.004060 
[58]	train-rmse:0.417708+0.001019	test-rmse:0.417687+0.004060 
[59]	train-rmse:0.417708+0.001019	test-rmse:0.417687+0.004060 
[60]	train-rmse:0.417708+0.001019	test-rmse:0.417687+0.004060 
[61]	train-rmse:0.417708+0.001019	test-rmse:0.417687+0.004060 
[62]	train-rmse:0.417708+0.001019	test-rmse:0.417687+0.004060 
[63]	train-rmse:0.417708+0.001019	test-rmse:0.417687+0.004060 
[64]	train-rmse:0.417708+0.001019	test-rmse:0.417687+0.004060 
[65]	train-rmse:0.417708+0.001019	test-rmse:0.417687+0.004060 
[66]	train-rmse:0.417708+0.001019	test-rmse:0.417687+0.004060 
[67]	train-rmse:0.417708+0.001019	test-rmse:0.417687+0.004059 
[68]	train-rmse:0.417708+0.001019	test-rmse:0.417687+0.004059 
[69]	train-rmse:0.417708+0.001019	test-rmse:0.417687+0.004059 
[70]	train-rmse:0.417708+0.001019	test-rmse:0.417686+0.004059 
[71]	train-rmse:0.417708+0.001019	test-rmse:0.417686+0.004059 
[72]	train-rmse:0.417708+0.001019	test-rmse:0.417686+0.004059 
[73]	train-rmse:0.417708+0.001019	test-rmse:0.417686+0.004059 
[74]	train-rmse:0.417708+0.001019	test-rmse:0.417686+0.004059 
[75]	train-rmse:0.417708+0.001019	test-rmse:0.417686+0.004060 
[76]	train-rmse:0.417708+0.001019	test-rmse:0.417686+0.004060 
[77]	train-rmse:0.417708+0.001019	test-rmse:0.417686+0.004060 
[78]	train-rmse:0.417708+0.001019	test-rmse:0.417686+0.004059 
[79]	train-rmse:0.417708+0.001019	test-rmse:0.417686+0.004059 
[80]	train-rmse:0.417708+0.001019	test-rmse:0.417686+0.004059 
[81]	train-rmse:0.417708+0.001019	test-rmse:0.417686+0.004059 
[82]	train-rmse:0.417708+0.001019	test-rmse:0.417686+0.004059 
[83]	train-rmse:0.417707+0.001019	test-rmse:0.417686+0.004059 
[84]	train-rmse:0.417707+0.001019	test-rmse:0.417686+0.004059 
[85]	train-rmse:0.417707+0.001019	test-rmse:0.417686+0.004059 
[86]	train-rmse:0.417707+0.001019	test-rmse:0.417686+0.004059 
[87]	train-rmse:0.417707+0.001019	test-rmse:0.417686+0.004059 
[88]	train-rmse:0.417707+0.001019	test-rmse:0.417686+0.004059 
[89]	train-rmse:0.417707+0.001019	test-rmse:0.417686+0.004059 
[90]	train-rmse:0.417707+0.001019	test-rmse:0.417686+0.004059 
[91]	train-rmse:0.417707+0.001019	test-rmse:0.417686+0.004059 
[92]	train-rmse:0.417707+0.001019	test-rmse:0.417686+0.004059 
[93]	train-rmse:0.417707+0.001019	test-rmse:0.417686+0.004059 
[94]	train-rmse:0.417707+0.001019	test-rmse:0.417686+0.004060 
[95]	train-rmse:0.417707+0.001019	test-rmse:0.417686+0.004060 
[96]	train-rmse:0.417707+0.001019	test-rmse:0.417685+0.004060 
[97]	train-rmse:0.417707+0.001019	test-rmse:0.417685+0.004060 
[98]	train-rmse:0.417707+0.001019	test-rmse:0.417685+0.004060 
[99]	train-rmse:0.417707+0.001019	test-rmse:0.417685+0.004060 
[100]	train-rmse:0.417707+0.001019	test-rmse:0.417685+0.004060 
[101]	train-rmse:0.417707+0.001019	test-rmse:0.417685+0.004060 
[102]	train-rmse:0.417707+0.001019	test-rmse:0.417685+0.004060 
[103]	train-rmse:0.417707+0.001019	test-rmse:0.417685+0.004060 
[104]	train-rmse:0.417707+0.001019	test-rmse:0.417685+0.004060 
[105]	train-rmse:0.417707+0.001019	test-rmse:0.417685+0.004060 
[106]	train-rmse:0.417706+0.001019	test-rmse:0.417685+0.004060 
[107]	train-rmse:0.417706+0.001019	test-rmse:0.417685+0.004060 
[108]	train-rmse:0.417706+0.001019	test-rmse:0.417685+0.004060 
[109]	train-rmse:0.417706+0.001019	test-rmse:0.417685+0.004060 
[110]	train-rmse:0.417706+0.001019	test-rmse:0.417685+0.004060 
[111]	train-rmse:0.417706+0.001019	test-rmse:0.417685+0.004060 
[112]	train-rmse:0.417706+0.001018	test-rmse:0.417685+0.004060 
[113]	train-rmse:0.417706+0.001018	test-rmse:0.417685+0.004060 
[114]	train-rmse:0.417706+0.001018	test-rmse:0.417685+0.004060 
[115]	train-rmse:0.417706+0.001019	test-rmse:0.417684+0.004060 
[116]	train-rmse:0.417706+0.001019	test-rmse:0.417684+0.004060 
[117]	train-rmse:0.417706+0.001019	test-rmse:0.417684+0.004060 
[118]	train-rmse:0.417706+0.001019	test-rmse:0.417684+0.004060 
[119]	train-rmse:0.417706+0.001019	test-rmse:0.417684+0.004060 
[120]	train-rmse:0.417706+0.001019	test-rmse:0.417684+0.004060 
[121]	train-rmse:0.417706+0.001019	test-rmse:0.417684+0.004060 
[122]	train-rmse:0.417706+0.001018	test-rmse:0.417684+0.004060 
[123]	train-rmse:0.417706+0.001018	test-rmse:0.417684+0.004060 
[124]	train-rmse:0.417706+0.001018	test-rmse:0.417684+0.004060 
[125]	train-rmse:0.417706+0.001019	test-rmse:0.417684+0.004060 
[126]	train-rmse:0.417706+0.001019	test-rmse:0.417684+0.004060 
[127]	train-rmse:0.417706+0.001019	test-rmse:0.417684+0.004060 
[128]	train-rmse:0.417706+0.001019	test-rmse:0.417684+0.004060 
[129]	train-rmse:0.417706+0.001019	test-rmse:0.417684+0.004060 
[130]	train-rmse:0.417706+0.001019	test-rmse:0.417684+0.004060 
[131]	train-rmse:0.417705+0.001018	test-rmse:0.417684+0.004060 
[132]	train-rmse:0.417705+0.001018	test-rmse:0.417684+0.004060 
[133]	train-rmse:0.417705+0.001018	test-rmse:0.417684+0.004060 
[134]	train-rmse:0.417705+0.001018	test-rmse:0.417684+0.004060 
[135]	train-rmse:0.417705+0.001018	test-rmse:0.417684+0.004060 
[136]	train-rmse:0.417705+0.001018	test-rmse:0.417684+0.004060 
[137]	train-rmse:0.417705+0.001018	test-rmse:0.417684+0.004060 
[138]	train-rmse:0.417705+0.001018	test-rmse:0.417684+0.004060 
[139]	train-rmse:0.417705+0.001018	test-rmse:0.417684+0.004060 
[140]	train-rmse:0.417705+0.001018	test-rmse:0.417684+0.004060 
[141]	train-rmse:0.417705+0.001018	test-rmse:0.417684+0.004060 
[142]	train-rmse:0.417705+0.001018	test-rmse:0.417684+0.004060 
[143]	train-rmse:0.417705+0.001018	test-rmse:0.417684+0.004060 
[144]	train-rmse:0.417705+0.001018	test-rmse:0.417684+0.004060 
[145]	train-rmse:0.417705+0.001018	test-rmse:0.417684+0.004060 
[146]	train-rmse:0.417705+0.001018	test-rmse:0.417683+0.004060 
[147]	train-rmse:0.417705+0.001018	test-rmse:0.417683+0.004060 
[148]	train-rmse:0.417705+0.001018	test-rmse:0.417683+0.004060 
[149]	train-rmse:0.417705+0.001018	test-rmse:0.417683+0.004060 
[150]	train-rmse:0.417705+0.001018	test-rmse:0.417683+0.004060 
[151]	train-rmse:0.417705+0.001018	test-rmse:0.417683+0.004060 
[152]	train-rmse:0.417705+0.001018	test-rmse:0.417683+0.004060 
[153]	train-rmse:0.417705+0.001018	test-rmse:0.417683+0.004060 
[154]	train-rmse:0.417705+0.001018	test-rmse:0.417683+0.004060 
[155]	train-rmse:0.417704+0.001018	test-rmse:0.417683+0.004060 
[156]	train-rmse:0.417704+0.001018	test-rmse:0.417683+0.004060 
[157]	train-rmse:0.417704+0.001018	test-rmse:0.417683+0.004060 
[158]	train-rmse:0.417704+0.001018	test-rmse:0.417683+0.004060 
[159]	train-rmse:0.417704+0.001018	test-rmse:0.417683+0.004060 
[160]	train-rmse:0.417704+0.001018	test-rmse:0.417683+0.004060 
[161]	train-rmse:0.417704+0.001018	test-rmse:0.417683+0.004060 
[162]	train-rmse:0.417704+0.001018	test-rmse:0.417683+0.004060 
[163]	train-rmse:0.417704+0.001018	test-rmse:0.417683+0.004060 
[164]	train-rmse:0.417704+0.001018	test-rmse:0.417683+0.004060 
[165]	train-rmse:0.417704+0.001018	test-rmse:0.417683+0.004060 
[166]	train-rmse:0.417704+0.001018	test-rmse:0.417683+0.004060 
[167]	train-rmse:0.417704+0.001018	test-rmse:0.417683+0.004060 
[168]	train-rmse:0.417704+0.001018	test-rmse:0.417682+0.004060 
[169]	train-rmse:0.417704+0.001018	test-rmse:0.417682+0.004060 
[170]	train-rmse:0.417704+0.001019	test-rmse:0.417682+0.004060 
[171]	train-rmse:0.417704+0.001018	test-rmse:0.417682+0.004060 
[172]	train-rmse:0.417704+0.001018	test-rmse:0.417682+0.004060 
[173]	train-rmse:0.417704+0.001018	test-rmse:0.417682+0.004060 
[174]	train-rmse:0.417704+0.001019	test-rmse:0.417682+0.004060 
[175]	train-rmse:0.417704+0.001019	test-rmse:0.417682+0.004060 
[176]	train-rmse:0.417703+0.001019	test-rmse:0.417682+0.004060 
[177]	train-rmse:0.417703+0.001019	test-rmse:0.417682+0.004060 
[178]	train-rmse:0.417703+0.001018	test-rmse:0.417682+0.004060 
[179]	train-rmse:0.417703+0.001019	test-rmse:0.417682+0.004060 
[180]	train-rmse:0.417703+0.001019	test-rmse:0.417682+0.004060 
[181]	train-rmse:0.417703+0.001019	test-rmse:0.417682+0.004060 
[182]	train-rmse:0.417703+0.001019	test-rmse:0.417682+0.004060 
[183]	train-rmse:0.417703+0.001019	test-rmse:0.417682+0.004060 
[184]	train-rmse:0.417703+0.001019	test-rmse:0.417682+0.004060 
[185]	train-rmse:0.417703+0.001019	test-rmse:0.417682+0.004059 
[186]	train-rmse:0.417703+0.001019	test-rmse:0.417682+0.004059 
[187]	train-rmse:0.417703+0.001019	test-rmse:0.417681+0.004059 
[188]	train-rmse:0.417703+0.001019	test-rmse:0.417681+0.004059 
[189]	train-rmse:0.417703+0.001019	test-rmse:0.417681+0.004059 
[190]	train-rmse:0.417703+0.001019	test-rmse:0.417681+0.004059 
[191]	train-rmse:0.417703+0.001019	test-rmse:0.417681+0.004059 
[192]	train-rmse:0.417703+0.001019	test-rmse:0.417681+0.004059 
[193]	train-rmse:0.417703+0.001019	test-rmse:0.417681+0.004059 
[194]	train-rmse:0.417703+0.001019	test-rmse:0.417681+0.004059 
[195]	train-rmse:0.417702+0.001019	test-rmse:0.417681+0.004059 
[196]	train-rmse:0.417702+0.001019	test-rmse:0.417681+0.004059 
[197]	train-rmse:0.417702+0.001019	test-rmse:0.417681+0.004059 
[198]	train-rmse:0.417702+0.001019	test-rmse:0.417681+0.004059 
[199]	train-rmse:0.417702+0.001019	test-rmse:0.417681+0.004059 
[200]	train-rmse:0.417702+0.001019	test-rmse:0.417681+0.004060 
[201]	train-rmse:0.417702+0.001019	test-rmse:0.417681+0.004060 
[202]	train-rmse:0.417702+0.001019	test-rmse:0.417681+0.004060 
[203]	train-rmse:0.417702+0.001019	test-rmse:0.417681+0.004059 
[204]	train-rmse:0.417702+0.001019	test-rmse:0.417681+0.004059 
[205]	train-rmse:0.417702+0.001019	test-rmse:0.417681+0.004059 
[206]	train-rmse:0.417702+0.001019	test-rmse:0.417681+0.004059 
[207]	train-rmse:0.417702+0.001019	test-rmse:0.417681+0.004059 
[208]	train-rmse:0.417702+0.001019	test-rmse:0.417681+0.004059 
[209]	train-rmse:0.417702+0.001019	test-rmse:0.417681+0.004059 
[210]	train-rmse:0.417702+0.001019	test-rmse:0.417681+0.004059 
[211]	train-rmse:0.417702+0.001019	test-rmse:0.417680+0.004059 
[212]	train-rmse:0.417702+0.001019	test-rmse:0.417680+0.004059 
[213]	train-rmse:0.417702+0.001019	test-rmse:0.417680+0.004059 
[214]	train-rmse:0.417702+0.001019	test-rmse:0.417680+0.004059 
[215]	train-rmse:0.417702+0.001019	test-rmse:0.417680+0.004059 
[216]	train-rmse:0.417702+0.001019	test-rmse:0.417680+0.004059 
[217]	train-rmse:0.417702+0.001019	test-rmse:0.417680+0.004059 
[218]	train-rmse:0.417702+0.001019	test-rmse:0.417680+0.004059 
[219]	train-rmse:0.417701+0.001019	test-rmse:0.417680+0.004059 
[220]	train-rmse:0.417701+0.001019	test-rmse:0.417680+0.004059 
[221]	train-rmse:0.417701+0.001019	test-rmse:0.417680+0.004059 
[222]	train-rmse:0.417701+0.001019	test-rmse:0.417680+0.004060 
[223]	train-rmse:0.417701+0.001019	test-rmse:0.417680+0.004060 
[224]	train-rmse:0.417701+0.001019	test-rmse:0.417680+0.004060 
[225]	train-rmse:0.417701+0.001019	test-rmse:0.417680+0.004060 
[226]	train-rmse:0.417701+0.001019	test-rmse:0.417680+0.004060 
[227]	train-rmse:0.417701+0.001019	test-rmse:0.417680+0.004060 
[228]	train-rmse:0.417701+0.001019	test-rmse:0.417680+0.004060 
[229]	train-rmse:0.417701+0.001019	test-rmse:0.417680+0.004060 
[230]	train-rmse:0.417701+0.001019	test-rmse:0.417680+0.004060 
[231]	train-rmse:0.417701+0.001019	test-rmse:0.417680+0.004060 
[232]	train-rmse:0.417701+0.001019	test-rmse:0.417680+0.004060 
[233]	train-rmse:0.417701+0.001019	test-rmse:0.417680+0.004060 
[234]	train-rmse:0.417701+0.001019	test-rmse:0.417680+0.004060 
[235]	train-rmse:0.417701+0.001019	test-rmse:0.417680+0.004060 
[236]	train-rmse:0.417701+0.001019	test-rmse:0.417679+0.004060 
[237]	train-rmse:0.417701+0.001019	test-rmse:0.417679+0.004060 
[238]	train-rmse:0.417701+0.001019	test-rmse:0.417679+0.004060 
[239]	train-rmse:0.417701+0.001019	test-rmse:0.417679+0.004060 
[240]	train-rmse:0.417701+0.001018	test-rmse:0.417679+0.004060 
[241]	train-rmse:0.417701+0.001019	test-rmse:0.417679+0.004060 
[242]	train-rmse:0.417701+0.001019	test-rmse:0.417679+0.004060 
[243]	train-rmse:0.417701+0.001019	test-rmse:0.417679+0.004060 
[244]	train-rmse:0.417701+0.001019	test-rmse:0.417679+0.004060 
[245]	train-rmse:0.417701+0.001019	test-rmse:0.417679+0.004060 
[246]	train-rmse:0.417700+0.001019	test-rmse:0.417679+0.004060 
[247]	train-rmse:0.417700+0.001019	test-rmse:0.417679+0.004060 
[248]	train-rmse:0.417700+0.001019	test-rmse:0.417679+0.004060 
[249]	train-rmse:0.417700+0.001019	test-rmse:0.417679+0.004060 
[250]	train-rmse:0.417700+0.001019	test-rmse:0.417679+0.004060 
[251]	train-rmse:0.417700+0.001019	test-rmse:0.417679+0.004060 
[252]	train-rmse:0.417700+0.001019	test-rmse:0.417679+0.004060 
[253]	train-rmse:0.417700+0.001019	test-rmse:0.417679+0.004060 
[254]	train-rmse:0.417700+0.001019	test-rmse:0.417679+0.004060 
[255]	train-rmse:0.417700+0.001019	test-rmse:0.417679+0.004060 
[256]	train-rmse:0.417700+0.001018	test-rmse:0.417679+0.004060 
[257]	train-rmse:0.417700+0.001018	test-rmse:0.417679+0.004060 
[258]	train-rmse:0.417700+0.001018	test-rmse:0.417679+0.004060 
[259]	train-rmse:0.417700+0.001019	test-rmse:0.417679+0.004060 
[260]	train-rmse:0.417700+0.001019	test-rmse:0.417679+0.004060 
[261]	train-rmse:0.417700+0.001019	test-rmse:0.417679+0.004059 
[262]	train-rmse:0.417700+0.001019	test-rmse:0.417679+0.004059 
[263]	train-rmse:0.417700+0.001019	test-rmse:0.417679+0.004059 
[264]	train-rmse:0.417700+0.001019	test-rmse:0.417678+0.004059 
[265]	train-rmse:0.417700+0.001019	test-rmse:0.417678+0.004059 
[266]	train-rmse:0.417700+0.001019	test-rmse:0.417678+0.004059 
[267]	train-rmse:0.417700+0.001019	test-rmse:0.417678+0.004059 
[268]	train-rmse:0.417700+0.001019	test-rmse:0.417678+0.004059 
[269]	train-rmse:0.417700+0.001019	test-rmse:0.417678+0.004059 
[270]	train-rmse:0.417700+0.001019	test-rmse:0.417678+0.004059 
[271]	train-rmse:0.417700+0.001019	test-rmse:0.417678+0.004059 
[272]	train-rmse:0.417700+0.001019	test-rmse:0.417678+0.004059 
[273]	train-rmse:0.417700+0.001019	test-rmse:0.417678+0.004059 
[274]	train-rmse:0.417700+0.001019	test-rmse:0.417678+0.004059 
[275]	train-rmse:0.417700+0.001019	test-rmse:0.417678+0.004059 
[276]	train-rmse:0.417700+0.001019	test-rmse:0.417678+0.004060 
[277]	train-rmse:0.417700+0.001019	test-rmse:0.417678+0.004060 
[278]	train-rmse:0.417700+0.001019	test-rmse:0.417678+0.004060 
[279]	train-rmse:0.417699+0.001019	test-rmse:0.417678+0.004060 
[280]	train-rmse:0.417699+0.001019	test-rmse:0.417678+0.004059 
[281]	train-rmse:0.417699+0.001019	test-rmse:0.417678+0.004059 
[282]	train-rmse:0.417699+0.001019	test-rmse:0.417678+0.004059 
[283]	train-rmse:0.417699+0.001019	test-rmse:0.417678+0.004059 
[284]	train-rmse:0.417699+0.001019	test-rmse:0.417678+0.004059 
[285]	train-rmse:0.417699+0.001019	test-rmse:0.417678+0.004059 
[286]	train-rmse:0.417699+0.001019	test-rmse:0.417678+0.004059 
[287]	train-rmse:0.417699+0.001019	test-rmse:0.417678+0.004059 
[288]	train-rmse:0.417699+0.001019	test-rmse:0.417678+0.004059 
[289]	train-rmse:0.417699+0.001019	test-rmse:0.417678+0.004059 
[290]	train-rmse:0.417699+0.001019	test-rmse:0.417678+0.004059 
[291]	train-rmse:0.417699+0.001019	test-rmse:0.417678+0.004059 
[292]	train-rmse:0.417699+0.001019	test-rmse:0.417678+0.004060 
[293]	train-rmse:0.417699+0.001019	test-rmse:0.417678+0.004060 
[294]	train-rmse:0.417699+0.001019	test-rmse:0.417678+0.004059 
[295]	train-rmse:0.417699+0.001019	test-rmse:0.417678+0.004059 
[296]	train-rmse:0.417699+0.001019	test-rmse:0.417678+0.004060 
[297]	train-rmse:0.417699+0.001019	test-rmse:0.417678+0.004060 
[298]	train-rmse:0.417699+0.001019	test-rmse:0.417678+0.004059 
[299]	train-rmse:0.417699+0.001019	test-rmse:0.417678+0.004059 
[300]	train-rmse:0.417699+0.001019	test-rmse:0.417678+0.004059 
[301]	train-rmse:0.417699+0.001019	test-rmse:0.417678+0.004059 
[302]	train-rmse:0.417699+0.001019	test-rmse:0.417677+0.004059 
[303]	train-rmse:0.417699+0.001019	test-rmse:0.417677+0.004059 
[304]	train-rmse:0.417699+0.001019	test-rmse:0.417677+0.004059 
[305]	train-rmse:0.417699+0.001019	test-rmse:0.417677+0.004059 
[306]	train-rmse:0.417699+0.001019	test-rmse:0.417677+0.004059 
[307]	train-rmse:0.417699+0.001019	test-rmse:0.417677+0.004059 
[308]	train-rmse:0.417699+0.001019	test-rmse:0.417677+0.004059 
[309]	train-rmse:0.417699+0.001019	test-rmse:0.417677+0.004059 
[310]	train-rmse:0.417699+0.001019	test-rmse:0.417677+0.004059 
[311]	train-rmse:0.417699+0.001019	test-rmse:0.417677+0.004059 
[312]	train-rmse:0.417699+0.001019	test-rmse:0.417677+0.004059 
[313]	train-rmse:0.417698+0.001019	test-rmse:0.417677+0.004059 
[314]	train-rmse:0.417698+0.001019	test-rmse:0.417677+0.004059 
[315]	train-rmse:0.417698+0.001019	test-rmse:0.417677+0.004059 
[316]	train-rmse:0.417698+0.001019	test-rmse:0.417677+0.004059 
[317]	train-rmse:0.417698+0.001019	test-rmse:0.417677+0.004059 
[318]	train-rmse:0.417698+0.001019	test-rmse:0.417677+0.004059 
[319]	train-rmse:0.417698+0.001019	test-rmse:0.417677+0.004059 
[320]	train-rmse:0.417698+0.001019	test-rmse:0.417677+0.004059 
[321]	train-rmse:0.417698+0.001019	test-rmse:0.417677+0.004059 
[322]	train-rmse:0.417698+0.001019	test-rmse:0.417677+0.004059 
[323]	train-rmse:0.417698+0.001019	test-rmse:0.417677+0.004059 
[324]	train-rmse:0.417698+0.001019	test-rmse:0.417677+0.004059 
[325]	train-rmse:0.417698+0.001019	test-rmse:0.417676+0.004059 
[326]	train-rmse:0.417698+0.001019	test-rmse:0.417676+0.004059 
[327]	train-rmse:0.417698+0.001019	test-rmse:0.417676+0.004059 
[328]	train-rmse:0.417698+0.001019	test-rmse:0.417676+0.004059 
[329]	train-rmse:0.417698+0.001019	test-rmse:0.417676+0.004059 
[330]	train-rmse:0.417698+0.001019	test-rmse:0.417676+0.004059 
[331]	train-rmse:0.417698+0.001019	test-rmse:0.417676+0.004059 
[332]	train-rmse:0.417698+0.001019	test-rmse:0.417676+0.004059 
[333]	train-rmse:0.417698+0.001019	test-rmse:0.417676+0.004059 
[334]	train-rmse:0.417698+0.001019	test-rmse:0.417676+0.004059 
[335]	train-rmse:0.417698+0.001019	test-rmse:0.417676+0.004059 
[336]	train-rmse:0.417697+0.001019	test-rmse:0.417676+0.004059 
[337]	train-rmse:0.417697+0.001019	test-rmse:0.417676+0.004059 
[338]	train-rmse:0.417697+0.001019	test-rmse:0.417676+0.004059 
[339]	train-rmse:0.417697+0.001019	test-rmse:0.417676+0.004059 
[340]	train-rmse:0.417697+0.001019	test-rmse:0.417676+0.004059 
[341]	train-rmse:0.417697+0.001019	test-rmse:0.417676+0.004059 
[342]	train-rmse:0.417697+0.001019	test-rmse:0.417676+0.004059 
[343]	train-rmse:0.417697+0.001019	test-rmse:0.417676+0.004059 
[344]	train-rmse:0.417697+0.001019	test-rmse:0.417676+0.004059 
[345]	train-rmse:0.417697+0.001019	test-rmse:0.417676+0.004059 
[346]	train-rmse:0.417697+0.001019	test-rmse:0.417676+0.004059 
[347]	train-rmse:0.417697+0.001019	test-rmse:0.417676+0.004059 
[348]	train-rmse:0.417697+0.001019	test-rmse:0.417676+0.004059 
[349]	train-rmse:0.417697+0.001019	test-rmse:0.417675+0.004059 
[350]	train-rmse:0.417697+0.001019	test-rmse:0.417675+0.004059 
[351]	train-rmse:0.417697+0.001019	test-rmse:0.417675+0.004059 
[352]	train-rmse:0.417697+0.001019	test-rmse:0.417675+0.004059 
[353]	train-rmse:0.417697+0.001019	test-rmse:0.417675+0.004059 
[354]	train-rmse:0.417697+0.001019	test-rmse:0.417675+0.004059 
[355]	train-rmse:0.417697+0.001019	test-rmse:0.417675+0.004059 
[356]	train-rmse:0.417697+0.001019	test-rmse:0.417675+0.004059 
[357]	train-rmse:0.417697+0.001019	test-rmse:0.417675+0.004059 
[358]	train-rmse:0.417696+0.001019	test-rmse:0.417675+0.004059 
[359]	train-rmse:0.417696+0.001019	test-rmse:0.417675+0.004059 
[360]	train-rmse:0.417696+0.001019	test-rmse:0.417675+0.004059 
[361]	train-rmse:0.417696+0.001019	test-rmse:0.417675+0.004059 
[362]	train-rmse:0.417696+0.001019	test-rmse:0.417675+0.004059 
[363]	train-rmse:0.417696+0.001019	test-rmse:0.417675+0.004059 
[364]	train-rmse:0.417696+0.001019	test-rmse:0.417675+0.004059 
[365]	train-rmse:0.417696+0.001019	test-rmse:0.417675+0.004059 
[366]	train-rmse:0.417696+0.001019	test-rmse:0.417675+0.004059 
[367]	train-rmse:0.417696+0.001019	test-rmse:0.417675+0.004059 
[368]	train-rmse:0.417696+0.001019	test-rmse:0.417675+0.004059 
[369]	train-rmse:0.417696+0.001019	test-rmse:0.417675+0.004059 
[370]	train-rmse:0.417696+0.001019	test-rmse:0.417675+0.004059 
[371]	train-rmse:0.417696+0.001019	test-rmse:0.417675+0.004059 
[372]	train-rmse:0.417696+0.001019	test-rmse:0.417675+0.004059 
[373]	train-rmse:0.417696+0.001019	test-rmse:0.417675+0.004059 
[374]	train-rmse:0.417696+0.001020	test-rmse:0.417675+0.004059 
[375]	train-rmse:0.417696+0.001020	test-rmse:0.417675+0.004059 
[376]	train-rmse:0.417696+0.001019	test-rmse:0.417674+0.004059 
[377]	train-rmse:0.417696+0.001019	test-rmse:0.417674+0.004059 
[378]	train-rmse:0.417696+0.001019	test-rmse:0.417674+0.004059 
[379]	train-rmse:0.417696+0.001019	test-rmse:0.417674+0.004059 
[380]	train-rmse:0.417696+0.001019	test-rmse:0.417674+0.004059 
[381]	train-rmse:0.417696+0.001019	test-rmse:0.417674+0.004059 
[382]	train-rmse:0.417696+0.001019	test-rmse:0.417674+0.004059 
[383]	train-rmse:0.417696+0.001019	test-rmse:0.417674+0.004059 
[384]	train-rmse:0.417696+0.001019	test-rmse:0.417674+0.004059 
[385]	train-rmse:0.417695+0.001020	test-rmse:0.417674+0.004059 
[386]	train-rmse:0.417695+0.001020	test-rmse:0.417674+0.004059 
[387]	train-rmse:0.417695+0.001020	test-rmse:0.417674+0.004059 
[388]	train-rmse:0.417695+0.001020	test-rmse:0.417674+0.004059 
[389]	train-rmse:0.417695+0.001020	test-rmse:0.417674+0.004059 
[390]	train-rmse:0.417695+0.001020	test-rmse:0.417674+0.004059 
[391]	train-rmse:0.417695+0.001020	test-rmse:0.417674+0.004059 
[392]	train-rmse:0.417695+0.001020	test-rmse:0.417674+0.004059 
[393]	train-rmse:0.417695+0.001020	test-rmse:0.417674+0.004059 
[394]	train-rmse:0.417695+0.001020	test-rmse:0.417674+0.004059 
[395]	train-rmse:0.417695+0.001020	test-rmse:0.417674+0.004059 
[396]	train-rmse:0.417695+0.001020	test-rmse:0.417674+0.004059 
[397]	train-rmse:0.417695+0.001020	test-rmse:0.417674+0.004059 
[398]	train-rmse:0.417695+0.001020	test-rmse:0.417674+0.004059 
[399]	train-rmse:0.417695+0.001020	test-rmse:0.417674+0.004058 
[400]	train-rmse:0.417695+0.001020	test-rmse:0.417674+0.004058 
[401]	train-rmse:0.417695+0.001020	test-rmse:0.417674+0.004058 
[402]	train-rmse:0.417695+0.001020	test-rmse:0.417674+0.004058 
[403]	train-rmse:0.417695+0.001020	test-rmse:0.417673+0.004058 
[404]	train-rmse:0.417695+0.001020	test-rmse:0.417673+0.004058 
[405]	train-rmse:0.417695+0.001020	test-rmse:0.417673+0.004058 
[406]	train-rmse:0.417695+0.001020	test-rmse:0.417673+0.004058 
[407]	train-rmse:0.417695+0.001020	test-rmse:0.417673+0.004058 
[408]	train-rmse:0.417695+0.001020	test-rmse:0.417673+0.004058 
[409]	train-rmse:0.417695+0.001020	test-rmse:0.417673+0.004058 
[410]	train-rmse:0.417694+0.001020	test-rmse:0.417673+0.004058 
[411]	train-rmse:0.417694+0.001020	test-rmse:0.417673+0.004058 
[412]	train-rmse:0.417694+0.001020	test-rmse:0.417673+0.004058 
[413]	train-rmse:0.417694+0.001020	test-rmse:0.417673+0.004058 
[414]	train-rmse:0.417694+0.001020	test-rmse:0.417673+0.004058 
[415]	train-rmse:0.417694+0.001020	test-rmse:0.417673+0.004058 
[416]	train-rmse:0.417694+0.001020	test-rmse:0.417673+0.004058 
[417]	train-rmse:0.417694+0.001020	test-rmse:0.417673+0.004058 
[418]	train-rmse:0.417694+0.001020	test-rmse:0.417673+0.004058 
[419]	train-rmse:0.417694+0.001020	test-rmse:0.417673+0.004058 
[420]	train-rmse:0.417694+0.001020	test-rmse:0.417673+0.004058 
[421]	train-rmse:0.417694+0.001020	test-rmse:0.417673+0.004058 
[422]	train-rmse:0.417694+0.001020	test-rmse:0.417673+0.004058 
[423]	train-rmse:0.417694+0.001020	test-rmse:0.417673+0.004058 
[424]	train-rmse:0.417694+0.001020	test-rmse:0.417672+0.004058 
[425]	train-rmse:0.417694+0.001020	test-rmse:0.417672+0.004058 
[426]	train-rmse:0.417694+0.001020	test-rmse:0.417672+0.004058 
[427]	train-rmse:0.417694+0.001020	test-rmse:0.417672+0.004058 
[428]	train-rmse:0.417694+0.001020	test-rmse:0.417672+0.004058 
[429]	train-rmse:0.417694+0.001020	test-rmse:0.417672+0.004058 
[430]	train-rmse:0.417693+0.001020	test-rmse:0.417672+0.004058 
[431]	train-rmse:0.417693+0.001020	test-rmse:0.417672+0.004058 
[432]	train-rmse:0.417693+0.001020	test-rmse:0.417672+0.004058 
[433]	train-rmse:0.417693+0.001020	test-rmse:0.417672+0.004058 
[434]	train-rmse:0.417693+0.001020	test-rmse:0.417672+0.004058 
[435]	train-rmse:0.417693+0.001020	test-rmse:0.417672+0.004058 
[436]	train-rmse:0.417693+0.001020	test-rmse:0.417672+0.004058 
[437]	train-rmse:0.417693+0.001020	test-rmse:0.417672+0.004058 
[438]	train-rmse:0.417693+0.001020	test-rmse:0.417672+0.004058 
[439]	train-rmse:0.417693+0.001020	test-rmse:0.417672+0.004058 
[440]	train-rmse:0.417693+0.001020	test-rmse:0.417672+0.004058 
[441]	train-rmse:0.417693+0.001020	test-rmse:0.417672+0.004058 
[442]	train-rmse:0.417693+0.001020	test-rmse:0.417672+0.004058 
[443]	train-rmse:0.417693+0.001020	test-rmse:0.417672+0.004058 
[444]	train-rmse:0.417693+0.001020	test-rmse:0.417672+0.004058 
[445]	train-rmse:0.417693+0.001020	test-rmse:0.417672+0.004058 
[446]	train-rmse:0.417693+0.001020	test-rmse:0.417672+0.004058 
[447]	train-rmse:0.417693+0.001020	test-rmse:0.417672+0.004058 
[448]	train-rmse:0.417693+0.001020	test-rmse:0.417672+0.004058 
[449]	train-rmse:0.417693+0.001020	test-rmse:0.417672+0.004058 
[450]	train-rmse:0.417693+0.001020	test-rmse:0.417672+0.004058 
[451]	train-rmse:0.417693+0.001020	test-rmse:0.417672+0.004058 
[452]	train-rmse:0.417693+0.001020	test-rmse:0.417672+0.004058 
[453]	train-rmse:0.417693+0.001020	test-rmse:0.417672+0.004058 
[454]	train-rmse:0.417693+0.001020	test-rmse:0.417672+0.004058 
[455]	train-rmse:0.417693+0.001020	test-rmse:0.417671+0.004058 
[456]	train-rmse:0.417693+0.001020	test-rmse:0.417671+0.004058 
[457]	train-rmse:0.417693+0.001020	test-rmse:0.417671+0.004058 
[458]	train-rmse:0.417693+0.001020	test-rmse:0.417671+0.004058 
[459]	train-rmse:0.417693+0.001020	test-rmse:0.417671+0.004058 
[460]	train-rmse:0.417692+0.001020	test-rmse:0.417671+0.004058 
[461]	train-rmse:0.417692+0.001020	test-rmse:0.417671+0.004058 
[462]	train-rmse:0.417692+0.001020	test-rmse:0.417671+0.004058 
[463]	train-rmse:0.417692+0.001020	test-rmse:0.417671+0.004058 
[464]	train-rmse:0.417692+0.001020	test-rmse:0.417671+0.004058 
[465]	train-rmse:0.417692+0.001020	test-rmse:0.417671+0.004058 
[466]	train-rmse:0.417692+0.001020	test-rmse:0.417671+0.004058 
[467]	train-rmse:0.417692+0.001020	test-rmse:0.417671+0.004058 
[468]	train-rmse:0.417692+0.001020	test-rmse:0.417671+0.004058 
[469]	train-rmse:0.417692+0.001020	test-rmse:0.417671+0.004058 
[470]	train-rmse:0.417692+0.001020	test-rmse:0.417671+0.004058 
[471]	train-rmse:0.417692+0.001020	test-rmse:0.417671+0.004058 
[472]	train-rmse:0.417692+0.001020	test-rmse:0.417671+0.004058 
[473]	train-rmse:0.417692+0.001020	test-rmse:0.417671+0.004058 
[474]	train-rmse:0.417692+0.001020	test-rmse:0.417671+0.004058 
[475]	train-rmse:0.417692+0.001020	test-rmse:0.417671+0.004058 
[476]	train-rmse:0.417692+0.001020	test-rmse:0.417671+0.004058 
[477]	train-rmse:0.417692+0.001020	test-rmse:0.417671+0.004058 
[478]	train-rmse:0.417692+0.001020	test-rmse:0.417671+0.004058 
[479]	train-rmse:0.417692+0.001020	test-rmse:0.417671+0.004059 
[480]	train-rmse:0.417692+0.001020	test-rmse:0.417671+0.004058 
[481]	train-rmse:0.417692+0.001020	test-rmse:0.417670+0.004058 
[482]	train-rmse:0.417692+0.001020	test-rmse:0.417670+0.004058 
[483]	train-rmse:0.417692+0.001020	test-rmse:0.417670+0.004058 
[484]	train-rmse:0.417692+0.001020	test-rmse:0.417670+0.004058 
[485]	train-rmse:0.417692+0.001020	test-rmse:0.417670+0.004058 
[486]	train-rmse:0.417692+0.001020	test-rmse:0.417670+0.004058 
[487]	train-rmse:0.417692+0.001020	test-rmse:0.417670+0.004058 
[488]	train-rmse:0.417692+0.001020	test-rmse:0.417670+0.004059 
[489]	train-rmse:0.417691+0.001020	test-rmse:0.417670+0.004059 
[490]	train-rmse:0.417691+0.001020	test-rmse:0.417670+0.004058 
[491]	train-rmse:0.417691+0.001020	test-rmse:0.417670+0.004058 
[492]	train-rmse:0.417691+0.001020	test-rmse:0.417670+0.004058 
[493]	train-rmse:0.417691+0.001020	test-rmse:0.417670+0.004058 
[494]	train-rmse:0.417691+0.001020	test-rmse:0.417670+0.004058 
[495]	train-rmse:0.417691+0.001020	test-rmse:0.417670+0.004058 
[496]	train-rmse:0.417691+0.001020	test-rmse:0.417670+0.004059 
[497]	train-rmse:0.417691+0.001020	test-rmse:0.417670+0.004059 
[498]	train-rmse:0.417691+0.001020	test-rmse:0.417670+0.004059 
[499]	train-rmse:0.417691+0.001020	test-rmse:0.417670+0.004059 
[500]	train-rmse:0.417691+0.001020	test-rmse:0.417670+0.004058 
[501]	train-rmse:0.417691+0.001020	test-rmse:0.417670+0.004058 
[502]	train-rmse:0.417691+0.001020	test-rmse:0.417670+0.004058 
[503]	train-rmse:0.417691+0.001020	test-rmse:0.417670+0.004059 
[504]	train-rmse:0.417691+0.001019	test-rmse:0.417670+0.004059 
[505]	train-rmse:0.417691+0.001019	test-rmse:0.417670+0.004059 
[506]	train-rmse:0.417691+0.001019	test-rmse:0.417670+0.004059 
[507]	train-rmse:0.417691+0.001019	test-rmse:0.417669+0.004059 
[508]	train-rmse:0.417691+0.001019	test-rmse:0.417669+0.004059 
[509]	train-rmse:0.417691+0.001019	test-rmse:0.417669+0.004059 
[510]	train-rmse:0.417691+0.001019	test-rmse:0.417669+0.004059 
[511]	train-rmse:0.417691+0.001019	test-rmse:0.417669+0.004059 
[512]	train-rmse:0.417691+0.001019	test-rmse:0.417669+0.004059 
[513]	train-rmse:0.417691+0.001019	test-rmse:0.417669+0.004059 
[514]	train-rmse:0.417691+0.001019	test-rmse:0.417669+0.004059 
[515]	train-rmse:0.417690+0.001019	test-rmse:0.417669+0.004059 
[516]	train-rmse:0.417690+0.001019	test-rmse:0.417669+0.004059 
[517]	train-rmse:0.417690+0.001019	test-rmse:0.417669+0.004059 
[518]	train-rmse:0.417690+0.001019	test-rmse:0.417669+0.004059 
[519]	train-rmse:0.417690+0.001019	test-rmse:0.417669+0.004059 
[520]	train-rmse:0.417690+0.001019	test-rmse:0.417669+0.004059 
[521]	train-rmse:0.417690+0.001019	test-rmse:0.417669+0.004059 
[522]	train-rmse:0.417690+0.001019	test-rmse:0.417669+0.004059 
[523]	train-rmse:0.417690+0.001019	test-rmse:0.417669+0.004059 
[524]	train-rmse:0.417690+0.001019	test-rmse:0.417669+0.004059 
[525]	train-rmse:0.417690+0.001019	test-rmse:0.417669+0.004059 
[526]	train-rmse:0.417690+0.001019	test-rmse:0.417669+0.004059 
[527]	train-rmse:0.417690+0.001019	test-rmse:0.417669+0.004059 
[528]	train-rmse:0.417690+0.001019	test-rmse:0.417669+0.004059 
[529]	train-rmse:0.417690+0.001019	test-rmse:0.417669+0.004059 
[530]	train-rmse:0.417690+0.001019	test-rmse:0.417668+0.004059 
[531]	train-rmse:0.417690+0.001019	test-rmse:0.417668+0.004059 
[532]	train-rmse:0.417690+0.001019	test-rmse:0.417668+0.004059 
[533]	train-rmse:0.417690+0.001019	test-rmse:0.417668+0.004059 
[534]	train-rmse:0.417690+0.001019	test-rmse:0.417668+0.004059 
[535]	train-rmse:0.417690+0.001019	test-rmse:0.417668+0.004059 
[536]	train-rmse:0.417690+0.001019	test-rmse:0.417668+0.004059 
[537]	train-rmse:0.417689+0.001019	test-rmse:0.417668+0.004059 
[538]	train-rmse:0.417689+0.001019	test-rmse:0.417668+0.004059 
[539]	train-rmse:0.417689+0.001019	test-rmse:0.417668+0.004059 
[540]	train-rmse:0.417689+0.001019	test-rmse:0.417668+0.004059 
[541]	train-rmse:0.417689+0.001019	test-rmse:0.417668+0.004059 
[542]	train-rmse:0.417689+0.001019	test-rmse:0.417668+0.004059 
[543]	train-rmse:0.417689+0.001019	test-rmse:0.417668+0.004059 
[544]	train-rmse:0.417689+0.001019	test-rmse:0.417668+0.004059 
[545]	train-rmse:0.417689+0.001019	test-rmse:0.417668+0.004059 
[546]	train-rmse:0.417689+0.001019	test-rmse:0.417668+0.004059 
[547]	train-rmse:0.417689+0.001019	test-rmse:0.417668+0.004059 
[548]	train-rmse:0.417689+0.001019	test-rmse:0.417668+0.004059 
[549]	train-rmse:0.417689+0.001019	test-rmse:0.417668+0.004059 
[550]	train-rmse:0.417689+0.001019	test-rmse:0.417668+0.004059 
[551]	train-rmse:0.417689+0.001019	test-rmse:0.417668+0.004059 
[552]	train-rmse:0.417689+0.001019	test-rmse:0.417668+0.004059 
[553]	train-rmse:0.417689+0.001019	test-rmse:0.417667+0.004059 
[554]	train-rmse:0.417689+0.001019	test-rmse:0.417667+0.004059 
[555]	train-rmse:0.417689+0.001019	test-rmse:0.417667+0.004059 
[556]	train-rmse:0.417689+0.001019	test-rmse:0.417667+0.004059 
[557]	train-rmse:0.417689+0.001019	test-rmse:0.417667+0.004059 
[558]	train-rmse:0.417689+0.001019	test-rmse:0.417667+0.004059 
[559]	train-rmse:0.417689+0.001019	test-rmse:0.417667+0.004059 
[560]	train-rmse:0.417688+0.001019	test-rmse:0.417667+0.004059 
[561]	train-rmse:0.417688+0.001019	test-rmse:0.417667+0.004059 
[562]	train-rmse:0.417688+0.001019	test-rmse:0.417667+0.004059 
[563]	train-rmse:0.417688+0.001019	test-rmse:0.417667+0.004059 
[564]	train-rmse:0.417688+0.001019	test-rmse:0.417667+0.004059 
[565]	train-rmse:0.417688+0.001019	test-rmse:0.417667+0.004059 
[566]	train-rmse:0.417688+0.001019	test-rmse:0.417667+0.004059 
[567]	train-rmse:0.417688+0.001019	test-rmse:0.417667+0.004059 
[568]	train-rmse:0.417688+0.001019	test-rmse:0.417667+0.004059 
[569]	train-rmse:0.417688+0.001019	test-rmse:0.417667+0.004059 
[570]	train-rmse:0.417688+0.001019	test-rmse:0.417667+0.004059 
[571]	train-rmse:0.417688+0.001019	test-rmse:0.417667+0.004059 
[572]	train-rmse:0.417688+0.001019	test-rmse:0.417667+0.004059 
[573]	train-rmse:0.417688+0.001019	test-rmse:0.417667+0.004059 
[574]	train-rmse:0.417688+0.001019	test-rmse:0.417667+0.004059 
[575]	train-rmse:0.417688+0.001019	test-rmse:0.417666+0.004059 
[576]	train-rmse:0.417688+0.001019	test-rmse:0.417666+0.004059 
[577]	train-rmse:0.417688+0.001019	test-rmse:0.417666+0.004059 
[578]	train-rmse:0.417687+0.001019	test-rmse:0.417666+0.004059 
[579]	train-rmse:0.417687+0.001019	test-rmse:0.417666+0.004059 
[580]	train-rmse:0.417687+0.001019	test-rmse:0.417666+0.004059 
[581]	train-rmse:0.417687+0.001019	test-rmse:0.417666+0.004059 
[582]	train-rmse:0.417687+0.001019	test-rmse:0.417666+0.004059 
[583]	train-rmse:0.417687+0.001019	test-rmse:0.417666+0.004059 
[584]	train-rmse:0.417687+0.001019	test-rmse:0.417666+0.004059 
[585]	train-rmse:0.417687+0.001019	test-rmse:0.417666+0.004059 
[586]	train-rmse:0.417687+0.001019	test-rmse:0.417666+0.004059 
[587]	train-rmse:0.417687+0.001019	test-rmse:0.417666+0.004059 
[588]	train-rmse:0.417687+0.001019	test-rmse:0.417666+0.004059 
[589]	train-rmse:0.417687+0.001019	test-rmse:0.417666+0.004059 
[590]	train-rmse:0.417687+0.001019	test-rmse:0.417666+0.004059 
[591]	train-rmse:0.417687+0.001019	test-rmse:0.417666+0.004059 
[592]	train-rmse:0.417687+0.001019	test-rmse:0.417666+0.004059 
[593]	train-rmse:0.417687+0.001019	test-rmse:0.417666+0.004059 
[594]	train-rmse:0.417687+0.001019	test-rmse:0.417666+0.004059 
[595]	train-rmse:0.417687+0.001019	test-rmse:0.417666+0.004059 
[596]	train-rmse:0.417687+0.001019	test-rmse:0.417666+0.004059 
[597]	train-rmse:0.417687+0.001019	test-rmse:0.417666+0.004059 
[598]	train-rmse:0.417687+0.001019	test-rmse:0.417666+0.004059 
[599]	train-rmse:0.417687+0.001019	test-rmse:0.417666+0.004059 
[600]	train-rmse:0.417687+0.001019	test-rmse:0.417666+0.004059 
[601]	train-rmse:0.417687+0.001019	test-rmse:0.417666+0.004059 
[602]	train-rmse:0.417687+0.001019	test-rmse:0.417666+0.004059 
[603]	train-rmse:0.417687+0.001019	test-rmse:0.417665+0.004059 
[604]	train-rmse:0.417687+0.001019	test-rmse:0.417665+0.004059 
[605]	train-rmse:0.417687+0.001019	test-rmse:0.417665+0.004059 
[606]	train-rmse:0.417686+0.001018	test-rmse:0.417665+0.004059 
[607]	train-rmse:0.417686+0.001019	test-rmse:0.417665+0.004059 
[608]	train-rmse:0.417686+0.001019	test-rmse:0.417665+0.004059 
[609]	train-rmse:0.417686+0.001018	test-rmse:0.417665+0.004060 
[610]	train-rmse:0.417686+0.001018	test-rmse:0.417665+0.004060 
[611]	train-rmse:0.417686+0.001018	test-rmse:0.417665+0.004060 
[612]	train-rmse:0.417686+0.001019	test-rmse:0.417665+0.004059 
[613]	train-rmse:0.417686+0.001018	test-rmse:0.417665+0.004059 
[614]	train-rmse:0.417686+0.001019	test-rmse:0.417665+0.004059 
[615]	train-rmse:0.417686+0.001019	test-rmse:0.417665+0.004059 
[616]	train-rmse:0.417686+0.001019	test-rmse:0.417665+0.004059 
[617]	train-rmse:0.417686+0.001019	test-rmse:0.417665+0.004059 
[618]	train-rmse:0.417686+0.001019	test-rmse:0.417665+0.004059 
[619]	train-rmse:0.417686+0.001019	test-rmse:0.417665+0.004059 
[620]	train-rmse:0.417686+0.001019	test-rmse:0.417665+0.004059 
[621]	train-rmse:0.417686+0.001019	test-rmse:0.417665+0.004059 
[622]	train-rmse:0.417686+0.001019	test-rmse:0.417664+0.004059 
[623]	train-rmse:0.417686+0.001019	test-rmse:0.417664+0.004059 
[624]	train-rmse:0.417686+0.001019	test-rmse:0.417664+0.004059 
[625]	train-rmse:0.417686+0.001019	test-rmse:0.417664+0.004059 
[626]	train-rmse:0.417686+0.001019	test-rmse:0.417664+0.004059 
[627]	train-rmse:0.417685+0.001019	test-rmse:0.417664+0.004059 
[628]	train-rmse:0.417685+0.001019	test-rmse:0.417664+0.004059 
[629]	train-rmse:0.417685+0.001019	test-rmse:0.417664+0.004059 
[630]	train-rmse:0.417685+0.001019	test-rmse:0.417664+0.004059 
[631]	train-rmse:0.417685+0.001019	test-rmse:0.417664+0.004059 
[632]	train-rmse:0.417685+0.001019	test-rmse:0.417664+0.004059 
[633]	train-rmse:0.417685+0.001019	test-rmse:0.417664+0.004059 
[634]	train-rmse:0.417685+0.001019	test-rmse:0.417664+0.004059 
[635]	train-rmse:0.417685+0.001019	test-rmse:0.417664+0.004059 
[636]	train-rmse:0.417685+0.001019	test-rmse:0.417664+0.004059 
[637]	train-rmse:0.417685+0.001019	test-rmse:0.417664+0.004059 
[638]	train-rmse:0.417685+0.001019	test-rmse:0.417664+0.004059 
[639]	train-rmse:0.417685+0.001018	test-rmse:0.417664+0.004059 
[640]	train-rmse:0.417685+0.001018	test-rmse:0.417664+0.004059 
[641]	train-rmse:0.417685+0.001018	test-rmse:0.417664+0.004059 
[642]	train-rmse:0.417685+0.001018	test-rmse:0.417664+0.004059 
[643]	train-rmse:0.417685+0.001018	test-rmse:0.417664+0.004059 
[644]	train-rmse:0.417685+0.001018	test-rmse:0.417664+0.004059 
[645]	train-rmse:0.417685+0.001018	test-rmse:0.417664+0.004060 
[646]	train-rmse:0.417685+0.001018	test-rmse:0.417663+0.004060 
[647]	train-rmse:0.417685+0.001018	test-rmse:0.417663+0.004060 
[648]	train-rmse:0.417685+0.001018	test-rmse:0.417663+0.004060 
[649]	train-rmse:0.417685+0.001018	test-rmse:0.417663+0.004060 
[650]	train-rmse:0.417685+0.001018	test-rmse:0.417663+0.004060 
[651]	train-rmse:0.417685+0.001018	test-rmse:0.417663+0.004060 
[652]	train-rmse:0.417685+0.001018	test-rmse:0.417663+0.004060 
[653]	train-rmse:0.417685+0.001018	test-rmse:0.417663+0.004060 
[654]	train-rmse:0.417684+0.001018	test-rmse:0.417663+0.004060 
[655]	train-rmse:0.417684+0.001018	test-rmse:0.417663+0.004060 
[656]	train-rmse:0.417684+0.001018	test-rmse:0.417663+0.004060 
[657]	train-rmse:0.417684+0.001018	test-rmse:0.417663+0.004060 
[658]	train-rmse:0.417684+0.001018	test-rmse:0.417663+0.004060 
[659]	train-rmse:0.417684+0.001018	test-rmse:0.417663+0.004060 
[660]	train-rmse:0.417684+0.001018	test-rmse:0.417663+0.004060 
[661]	train-rmse:0.417684+0.001018	test-rmse:0.417663+0.004060 
[662]	train-rmse:0.417684+0.001018	test-rmse:0.417663+0.004060 
[663]	train-rmse:0.417684+0.001018	test-rmse:0.417663+0.004060 
[664]	train-rmse:0.417684+0.001018	test-rmse:0.417663+0.004060 
[665]	train-rmse:0.417684+0.001018	test-rmse:0.417663+0.004060 
[666]	train-rmse:0.417684+0.001018	test-rmse:0.417663+0.004060 
[667]	train-rmse:0.417684+0.001018	test-rmse:0.417663+0.004060 
[668]	train-rmse:0.417684+0.001018	test-rmse:0.417663+0.004060 
[669]	train-rmse:0.417684+0.001018	test-rmse:0.417663+0.004060 
[670]	train-rmse:0.417684+0.001018	test-rmse:0.417663+0.004060 
[671]	train-rmse:0.417684+0.001018	test-rmse:0.417663+0.004060 
[672]	train-rmse:0.417684+0.001018	test-rmse:0.417663+0.004060 
[673]	train-rmse:0.417684+0.001018	test-rmse:0.417662+0.004060 
[674]	train-rmse:0.417684+0.001018	test-rmse:0.417662+0.004060 
[675]	train-rmse:0.417684+0.001018	test-rmse:0.417662+0.004060 
[676]	train-rmse:0.417684+0.001018	test-rmse:0.417662+0.004060 
[677]	train-rmse:0.417684+0.001018	test-rmse:0.417662+0.004060 
[678]	train-rmse:0.417683+0.001018	test-rmse:0.417662+0.004060 
[679]	train-rmse:0.417683+0.001018	test-rmse:0.417662+0.004060 
[680]	train-rmse:0.417683+0.001018	test-rmse:0.417662+0.004060 
[681]	train-rmse:0.417683+0.001018	test-rmse:0.417662+0.004060 
[682]	train-rmse:0.417683+0.001018	test-rmse:0.417662+0.004060 
[683]	train-rmse:0.417683+0.001018	test-rmse:0.417662+0.004060 
[684]	train-rmse:0.417683+0.001018	test-rmse:0.417662+0.004060 
[685]	train-rmse:0.417683+0.001018	test-rmse:0.417662+0.004060 
[686]	train-rmse:0.417683+0.001018	test-rmse:0.417662+0.004060 
[687]	train-rmse:0.417683+0.001018	test-rmse:0.417662+0.004060 
[688]	train-rmse:0.417683+0.001018	test-rmse:0.417662+0.004060 
[689]	train-rmse:0.417683+0.001018	test-rmse:0.417662+0.004060 
[690]	train-rmse:0.417683+0.001018	test-rmse:0.417662+0.004060 
[691]	train-rmse:0.417683+0.001018	test-rmse:0.417662+0.004060 
[692]	train-rmse:0.417683+0.001018	test-rmse:0.417662+0.004060 
[693]	train-rmse:0.417683+0.001018	test-rmse:0.417662+0.004060 
[694]	train-rmse:0.417683+0.001018	test-rmse:0.417662+0.004060 
[695]	train-rmse:0.417683+0.001018	test-rmse:0.417662+0.004060 
[696]	train-rmse:0.417683+0.001018	test-rmse:0.417662+0.004060 
[697]	train-rmse:0.417683+0.001018	test-rmse:0.417662+0.004060 
[698]	train-rmse:0.417683+0.001018	test-rmse:0.417662+0.004060 
[699]	train-rmse:0.417683+0.001018	test-rmse:0.417661+0.004060 
[700]	train-rmse:0.417683+0.001018	test-rmse:0.417661+0.004060 
[701]	train-rmse:0.417683+0.001018	test-rmse:0.417661+0.004060 
[702]	train-rmse:0.417682+0.001018	test-rmse:0.417661+0.004060 
[703]	train-rmse:0.417682+0.001018	test-rmse:0.417661+0.004060 
[704]	train-rmse:0.417682+0.001018	test-rmse:0.417661+0.004059 
[705]	train-rmse:0.417682+0.001018	test-rmse:0.417661+0.004059 
[706]	train-rmse:0.417682+0.001018	test-rmse:0.417661+0.004059 
[707]	train-rmse:0.417682+0.001018	test-rmse:0.417661+0.004059 
[708]	train-rmse:0.417682+0.001018	test-rmse:0.417661+0.004059 
[709]	train-rmse:0.417682+0.001018	test-rmse:0.417661+0.004059 
[710]	train-rmse:0.417682+0.001018	test-rmse:0.417661+0.004059 
[711]	train-rmse:0.417682+0.001018	test-rmse:0.417661+0.004059 
[712]	train-rmse:0.417682+0.001018	test-rmse:0.417661+0.004059 
[713]	train-rmse:0.417682+0.001018	test-rmse:0.417661+0.004059 
[714]	train-rmse:0.417682+0.001018	test-rmse:0.417661+0.004059 
[715]	train-rmse:0.417682+0.001018	test-rmse:0.417661+0.004059 
[716]	train-rmse:0.417682+0.001018	test-rmse:0.417661+0.004059 
[717]	train-rmse:0.417682+0.001018	test-rmse:0.417661+0.004060 
[718]	train-rmse:0.417682+0.001018	test-rmse:0.417661+0.004060 
[719]	train-rmse:0.417682+0.001018	test-rmse:0.417661+0.004060 
[720]	train-rmse:0.417682+0.001018	test-rmse:0.417661+0.004060 
[721]	train-rmse:0.417682+0.001018	test-rmse:0.417661+0.004060 
[722]	train-rmse:0.417682+0.001018	test-rmse:0.417661+0.004060 
[723]	train-rmse:0.417682+0.001018	test-rmse:0.417661+0.004060 
[724]	train-rmse:0.417682+0.001018	test-rmse:0.417661+0.004060 
[725]	train-rmse:0.417682+0.001018	test-rmse:0.417661+0.004060 
[726]	train-rmse:0.417682+0.001018	test-rmse:0.417661+0.004060 
[727]	train-rmse:0.417682+0.001018	test-rmse:0.417661+0.004059 
[728]	train-rmse:0.417682+0.001018	test-rmse:0.417661+0.004059 
[729]	train-rmse:0.417682+0.001018	test-rmse:0.417660+0.004059 
[730]	train-rmse:0.417682+0.001018	test-rmse:0.417660+0.004059 
[731]	train-rmse:0.417682+0.001018	test-rmse:0.417660+0.004059 
[732]	train-rmse:0.417682+0.001018	test-rmse:0.417660+0.004059 
[733]	train-rmse:0.417681+0.001018	test-rmse:0.417660+0.004059 
[734]	train-rmse:0.417681+0.001018	test-rmse:0.417660+0.004059 
[735]	train-rmse:0.417681+0.001018	test-rmse:0.417660+0.004059 
[736]	train-rmse:0.417681+0.001018	test-rmse:0.417660+0.004059 
[737]	train-rmse:0.417681+0.001018	test-rmse:0.417660+0.004059 
[738]	train-rmse:0.417681+0.001018	test-rmse:0.417660+0.004059 
> hgrid <-
+   dplyr::bind_cols(xgboost_params[index, ], dart.cv$evaluation_log[dart.cv$best_iteration, ], best_iter = dart.cv$best_iteration)
> 
> # write result
> fname <- file.path('data-raw', 'tune', year, 'array', paste0('tune_', index, '.tsv'))
> readr::write_tsv(hgrid, file = fname)
> 
