> 
> # parse arguments
> args <- R.utils::commandArgs(trailingOnly = FALSE, asValues = TRUE)
> index <- as.integer(args$index)
> year <- as.character(args$year)
> nreps <- as.integer(args$nreps)
> seed <- as.integer(args$seed)
> 
> # get number of cores
> wkrs <- length(future::availableWorkers())
> 
> # set seed
> set.seed(seed)
> 
> # read and prepare the cluster features
> fp <- file.path('data-raw', 'features', year)
> clf <-
+   read_features(fp, pattern = 'paris.', recursive = FALSE)
> clf <- prepare_features(
+   clf,
+   feature_map = feature_map,
+   category = c('response', 'bio', 'net'),
+   type = 'list',
+   exclusions = c(
+     'mg2_pairs_count',
+     'mg2_not_pairs_count',
+     'mg2_portion_families_recovered',
+     'cluster_origin',
+     'bocc_origin',
+     'cluster_method',
+     'subcluster_method',
+     'year',
+     'IDs',
+     'go_sig_threshold',
+     'num_new_edges_on_any_node',
+     'HPO_ratio'
+   ),
+   verbose = TRUE
+ )
c('HPO_ratio', 'IDs', 'bocc_origin', 'cluster_method', 'cluster_origin', 'go_sig_threshold', 'max_norm_cell_type_comma_sep_string', 'max_norm_disease_comma_sep_string', 'mg2_not_pairs_count', 'mg2_pairs_count', 'mg2_portion_families_recovered', 'num_new_edges_on_any_node', 'sig_go_enrichment_fdr_corrected_p_vals', 'sig_go_enrichment_p_vals', 'sig_go_enrichment_terms', 'subcluster_method', 'year')

> 
> # prepare grid of parameters
> xgboost_params <- dials::parameters(
+   nrounds = dials::trees(),
+   eta = dials::learn_rate(),
+   gamma = dials::loss_reduction(),
+   dials::tree_depth(),
+   subsample = dials::sample_prop(),
+   rate_drop = dials::dropout(),
+   skip_drop = dials::dropout()
+ )
> xgboost_params <-
+   dials::grid_max_entropy(xgboost_params, size = nreps)
> 
> # tune the dart booster
> dart.param <-
+   list(
+     booster = "dart",
+     objective = "reg:logistic",
+     eval_metric = "rmse",
+     nthread = wkrs,
+     max_depth = xgboost_params$tree_depth[index],
+     eta = xgboost_params$eta[index],
+     gamma = xgboost_params$gamma[index],
+     subsample = xgboost_params$subsample[index],
+     rate_drop = xgboost_params$rate_drop[index],
+     skip_drop = xgboost_params$skip_drop[index]
+   )
> dart.cv <- xgboost::xgb.cv(
+   params = dart.param,
+   nrounds = xgboost_params$nrounds[index],
+   data = as.matrix(clf[, -1]),
+   nfold = 5,
+   label = clf$snowballing_pvalue,
+   early_stopping_rounds = 50
+ )
[1]	train-rmse:0.417669+0.001018	test-rmse:0.417649+0.004060 
Multiple eval metrics are present. Will use test_rmse for early stopping.
Will train until test_rmse hasn't improved in 50 rounds.

[2]	train-rmse:0.417625+0.001019	test-rmse:0.417606+0.004058 
[3]	train-rmse:0.417585+0.001018	test-rmse:0.417566+0.004058 
[4]	train-rmse:0.417549+0.001021	test-rmse:0.417531+0.004054 
[5]	train-rmse:0.417526+0.001025	test-rmse:0.417508+0.004049 
[6]	train-rmse:0.417493+0.001033	test-rmse:0.417476+0.004041 
[7]	train-rmse:0.417455+0.001033	test-rmse:0.417439+0.004041 
[8]	train-rmse:0.417433+0.001047	test-rmse:0.417418+0.004027 
[9]	train-rmse:0.417410+0.001055	test-rmse:0.417396+0.004019 
[10]	train-rmse:0.417389+0.001050	test-rmse:0.417375+0.004024 
[11]	train-rmse:0.417375+0.001064	test-rmse:0.417362+0.004010 
[12]	train-rmse:0.417362+0.001059	test-rmse:0.417349+0.004016 
[13]	train-rmse:0.417334+0.001044	test-rmse:0.417321+0.004030 
[14]	train-rmse:0.417298+0.001043	test-rmse:0.417287+0.004030 
[15]	train-rmse:0.417294+0.001044	test-rmse:0.417283+0.004029 
[16]	train-rmse:0.417274+0.001049	test-rmse:0.417263+0.004024 
[17]	train-rmse:0.417229+0.001049	test-rmse:0.417220+0.004021 
[18]	train-rmse:0.417218+0.001063	test-rmse:0.417209+0.004008 
[19]	train-rmse:0.417215+0.001063	test-rmse:0.417206+0.004008 
[20]	train-rmse:0.417195+0.001054	test-rmse:0.417188+0.004016 
[21]	train-rmse:0.417183+0.001055	test-rmse:0.417177+0.004015 
[22]	train-rmse:0.417163+0.001046	test-rmse:0.417159+0.004023 
[23]	train-rmse:0.417144+0.001046	test-rmse:0.417140+0.004023 
[24]	train-rmse:0.417125+0.001039	test-rmse:0.417121+0.004028 
[25]	train-rmse:0.417114+0.001034	test-rmse:0.417110+0.004034 
[26]	train-rmse:0.417104+0.001034	test-rmse:0.417099+0.004033 
[27]	train-rmse:0.417102+0.001034	test-rmse:0.417097+0.004033 
[28]	train-rmse:0.417075+0.001049	test-rmse:0.417070+0.004017 
[29]	train-rmse:0.417047+0.001054	test-rmse:0.417044+0.004011 
[30]	train-rmse:0.417012+0.001054	test-rmse:0.417009+0.004011 
[31]	train-rmse:0.416977+0.001053	test-rmse:0.416974+0.004011 
[32]	train-rmse:0.416950+0.001057	test-rmse:0.416948+0.004006 
[33]	train-rmse:0.416924+0.001063	test-rmse:0.416923+0.004000 
[34]	train-rmse:0.416922+0.001063	test-rmse:0.416922+0.004000 
[35]	train-rmse:0.416903+0.001072	test-rmse:0.416903+0.003990 
[36]	train-rmse:0.416884+0.001072	test-rmse:0.416884+0.003990 
[37]	train-rmse:0.416857+0.001078	test-rmse:0.416859+0.003984 
[38]	train-rmse:0.416847+0.001077	test-rmse:0.416848+0.003983 
[39]	train-rmse:0.416821+0.001072	test-rmse:0.416822+0.003988 
[40]	train-rmse:0.416811+0.001087	test-rmse:0.416812+0.003973 
[41]	train-rmse:0.416792+0.001102	test-rmse:0.416794+0.003957 
[42]	train-rmse:0.416748+0.001102	test-rmse:0.416750+0.003957 
[43]	train-rmse:0.416738+0.001092	test-rmse:0.416741+0.003966 
[44]	train-rmse:0.416719+0.001101	test-rmse:0.416722+0.003956 
[45]	train-rmse:0.416693+0.001106	test-rmse:0.416696+0.003951 
[46]	train-rmse:0.416674+0.001097	test-rmse:0.416679+0.003960 
[47]	train-rmse:0.416656+0.001091	test-rmse:0.416660+0.003965 
[48]	train-rmse:0.416646+0.001106	test-rmse:0.416650+0.003950 
[49]	train-rmse:0.416628+0.001100	test-rmse:0.416633+0.003956 
[50]	train-rmse:0.416618+0.001091	test-rmse:0.416623+0.003965 
[51]	train-rmse:0.416608+0.001085	test-rmse:0.416614+0.003971 
[52]	train-rmse:0.416591+0.001101	test-rmse:0.416597+0.003955 
[53]	train-rmse:0.416555+0.001106	test-rmse:0.416562+0.003949 
[54]	train-rmse:0.416529+0.001113	test-rmse:0.416537+0.003943 
[55]	train-rmse:0.416519+0.001112	test-rmse:0.416526+0.003942 
[56]	train-rmse:0.416509+0.001113	test-rmse:0.416517+0.003942 
[57]	train-rmse:0.416491+0.001120	test-rmse:0.416500+0.003936 
[58]	train-rmse:0.416482+0.001119	test-rmse:0.416490+0.003936 
[59]	train-rmse:0.416447+0.001117	test-rmse:0.416456+0.003936 
[60]	train-rmse:0.416429+0.001118	test-rmse:0.416438+0.003935 
[61]	train-rmse:0.416428+0.001118	test-rmse:0.416437+0.003935 
[62]	train-rmse:0.416418+0.001111	test-rmse:0.416428+0.003941 
[63]	train-rmse:0.416401+0.001106	test-rmse:0.416411+0.003946 
[64]	train-rmse:0.416382+0.001090	test-rmse:0.416393+0.003962 
[65]	train-rmse:0.416365+0.001105	test-rmse:0.416375+0.003946 
[66]	train-rmse:0.416355+0.001104	test-rmse:0.416366+0.003946 
[67]	train-rmse:0.416329+0.001110	test-rmse:0.416339+0.003941 
[68]	train-rmse:0.416311+0.001125	test-rmse:0.416320+0.003925 
[69]	train-rmse:0.416293+0.001119	test-rmse:0.416302+0.003931 
[70]	train-rmse:0.416267+0.001128	test-rmse:0.416276+0.003921 
[71]	train-rmse:0.416257+0.001122	test-rmse:0.416266+0.003927 
[72]	train-rmse:0.416231+0.001122	test-rmse:0.416241+0.003928 
[73]	train-rmse:0.416222+0.001116	test-rmse:0.416232+0.003934 
[74]	train-rmse:0.416212+0.001131	test-rmse:0.416223+0.003919 
[75]	train-rmse:0.416195+0.001142	test-rmse:0.416205+0.003909 
[76]	train-rmse:0.416185+0.001132	test-rmse:0.416196+0.003918 
[77]	train-rmse:0.416159+0.001138	test-rmse:0.416170+0.003913 
[78]	train-rmse:0.416158+0.001138	test-rmse:0.416169+0.003913 
[79]	train-rmse:0.416131+0.001123	test-rmse:0.416144+0.003927 
[80]	train-rmse:0.416113+0.001112	test-rmse:0.416128+0.003935 
[81]	train-rmse:0.416087+0.001122	test-rmse:0.416101+0.003926 
[82]	train-rmse:0.416051+0.001122	test-rmse:0.416066+0.003926 
[83]	train-rmse:0.416033+0.001129	test-rmse:0.416049+0.003920 
[84]	train-rmse:0.416025+0.001145	test-rmse:0.416039+0.003905 
[85]	train-rmse:0.415999+0.001159	test-rmse:0.416014+0.003888 
[86]	train-rmse:0.415998+0.001159	test-rmse:0.416013+0.003888 
[87]	train-rmse:0.415963+0.001165	test-rmse:0.415979+0.003882 
[88]	train-rmse:0.415962+0.001165	test-rmse:0.415978+0.003882 
[89]	train-rmse:0.415936+0.001179	test-rmse:0.415952+0.003866 
[90]	train-rmse:0.415909+0.001188	test-rmse:0.415927+0.003857 
[91]	train-rmse:0.415883+0.001195	test-rmse:0.415901+0.003850 
[92]	train-rmse:0.415856+0.001179	test-rmse:0.415876+0.003864 
[93]	train-rmse:0.415829+0.001164	test-rmse:0.415849+0.003880 
[94]	train-rmse:0.415795+0.001172	test-rmse:0.415815+0.003871 
[95]	train-rmse:0.415794+0.001172	test-rmse:0.415815+0.003871 
[96]	train-rmse:0.415768+0.001172	test-rmse:0.415789+0.003872 
[97]	train-rmse:0.415751+0.001182	test-rmse:0.415772+0.003863 
[98]	train-rmse:0.415750+0.001182	test-rmse:0.415771+0.003863 
[99]	train-rmse:0.415733+0.001189	test-rmse:0.415754+0.003858 
[100]	train-rmse:0.415698+0.001195	test-rmse:0.415722+0.003850 
[101]	train-rmse:0.415689+0.001189	test-rmse:0.415712+0.003856 
[102]	train-rmse:0.415671+0.001205	test-rmse:0.415694+0.003840 
[103]	train-rmse:0.415654+0.001196	test-rmse:0.415677+0.003850 
[104]	train-rmse:0.415628+0.001180	test-rmse:0.415652+0.003864 
[105]	train-rmse:0.415592+0.001164	test-rmse:0.415617+0.003878 
[106]	train-rmse:0.415567+0.001173	test-rmse:0.415592+0.003870 
[107]	train-rmse:0.415549+0.001180	test-rmse:0.415575+0.003865 
[108]	train-rmse:0.415523+0.001194	test-rmse:0.415549+0.003849 
[109]	train-rmse:0.415488+0.001200	test-rmse:0.415515+0.003843 
[110]	train-rmse:0.415453+0.001206	test-rmse:0.415481+0.003835 
[111]	train-rmse:0.415435+0.001197	test-rmse:0.415464+0.003845 
[112]	train-rmse:0.415426+0.001213	test-rmse:0.415455+0.003830 
[113]	train-rmse:0.415408+0.001212	test-rmse:0.415437+0.003828 
[114]	train-rmse:0.415382+0.001226	test-rmse:0.415411+0.003812 
[115]	train-rmse:0.415374+0.001220	test-rmse:0.415402+0.003818 
[116]	train-rmse:0.415356+0.001213	test-rmse:0.415386+0.003822 
[117]	train-rmse:0.415347+0.001204	test-rmse:0.415378+0.003831 
[118]	train-rmse:0.415329+0.001198	test-rmse:0.415360+0.003837 
[119]	train-rmse:0.415320+0.001189	test-rmse:0.415351+0.003847 
[120]	train-rmse:0.415302+0.001188	test-rmse:0.415334+0.003846 
[121]	train-rmse:0.415276+0.001202	test-rmse:0.415307+0.003830 
[122]	train-rmse:0.415267+0.001193	test-rmse:0.415299+0.003840 
[123]	train-rmse:0.415232+0.001193	test-rmse:0.415265+0.003840 
[124]	train-rmse:0.415205+0.001202	test-rmse:0.415240+0.003830 
[125]	train-rmse:0.415196+0.001194	test-rmse:0.415231+0.003839 
[126]	train-rmse:0.415169+0.001186	test-rmse:0.415206+0.003843 
[127]	train-rmse:0.415160+0.001178	test-rmse:0.415198+0.003853 
[128]	train-rmse:0.415143+0.001171	test-rmse:0.415181+0.003857 
[129]	train-rmse:0.415134+0.001170	test-rmse:0.415171+0.003858 
[130]	train-rmse:0.415116+0.001164	test-rmse:0.415154+0.003863 
[131]	train-rmse:0.415080+0.001170	test-rmse:0.415120+0.003857 
[132]	train-rmse:0.415071+0.001170	test-rmse:0.415112+0.003856 
[133]	train-rmse:0.415045+0.001176	test-rmse:0.415086+0.003851 
[134]	train-rmse:0.415020+0.001181	test-rmse:0.415061+0.003846 
[135]	train-rmse:0.414993+0.001197	test-rmse:0.415035+0.003830 
[136]	train-rmse:0.414975+0.001181	test-rmse:0.415018+0.003846 
[137]	train-rmse:0.414966+0.001181	test-rmse:0.415009+0.003845 
[138]	train-rmse:0.414948+0.001165	test-rmse:0.414992+0.003860 
[139]	train-rmse:0.414930+0.001182	test-rmse:0.414975+0.003843 
[140]	train-rmse:0.414904+0.001166	test-rmse:0.414950+0.003858 
[141]	train-rmse:0.414878+0.001151	test-rmse:0.414925+0.003872 
[142]	train-rmse:0.414860+0.001144	test-rmse:0.414908+0.003876 
[143]	train-rmse:0.414843+0.001159	test-rmse:0.414891+0.003862 
[144]	train-rmse:0.414843+0.001159	test-rmse:0.414890+0.003862 
[145]	train-rmse:0.414833+0.001159	test-rmse:0.414882+0.003861 
[146]	train-rmse:0.414825+0.001174	test-rmse:0.414873+0.003847 
[147]	train-rmse:0.414807+0.001168	test-rmse:0.414856+0.003851 
[148]	train-rmse:0.414789+0.001184	test-rmse:0.414840+0.003835 
[149]	train-rmse:0.414754+0.001191	test-rmse:0.414806+0.003829 
[150]	train-rmse:0.414736+0.001205	test-rmse:0.414788+0.003814 
[151]	train-rmse:0.414719+0.001198	test-rmse:0.414769+0.003820 
[152]	train-rmse:0.414701+0.001182	test-rmse:0.414752+0.003835 
[153]	train-rmse:0.414692+0.001181	test-rmse:0.414743+0.003836 
[154]	train-rmse:0.414675+0.001174	test-rmse:0.414725+0.003841 
[155]	train-rmse:0.414666+0.001175	test-rmse:0.414717+0.003840 
[156]	train-rmse:0.414648+0.001168	test-rmse:0.414700+0.003846 
[157]	train-rmse:0.414639+0.001184	test-rmse:0.414690+0.003830 
[158]	train-rmse:0.414639+0.001184	test-rmse:0.414690+0.003830 
[159]	train-rmse:0.414630+0.001175	test-rmse:0.414682+0.003839 
[160]	train-rmse:0.414621+0.001174	test-rmse:0.414672+0.003840 
[161]	train-rmse:0.414612+0.001165	test-rmse:0.414664+0.003849 
[162]	train-rmse:0.414611+0.001165	test-rmse:0.414664+0.003849 
[163]	train-rmse:0.414593+0.001149	test-rmse:0.414647+0.003865 
[164]	train-rmse:0.414567+0.001142	test-rmse:0.414622+0.003870 
[165]	train-rmse:0.414550+0.001151	test-rmse:0.414605+0.003860 
[166]	train-rmse:0.414524+0.001160	test-rmse:0.414578+0.003851 
[167]	train-rmse:0.414506+0.001151	test-rmse:0.414562+0.003860 
[168]	train-rmse:0.414497+0.001151	test-rmse:0.414553+0.003860 
[169]	train-rmse:0.414454+0.001150	test-rmse:0.414511+0.003860 
[170]	train-rmse:0.414445+0.001150	test-rmse:0.414501+0.003860 
[171]	train-rmse:0.414418+0.001134	test-rmse:0.414475+0.003876 
[172]	train-rmse:0.414409+0.001150	test-rmse:0.414465+0.003860 
[173]	train-rmse:0.414391+0.001134	test-rmse:0.414448+0.003875 
[174]	train-rmse:0.414365+0.001128	test-rmse:0.414422+0.003881 
[175]	train-rmse:0.414348+0.001118	test-rmse:0.414405+0.003891 
[176]	train-rmse:0.414338+0.001109	test-rmse:0.414397+0.003900 
[177]	train-rmse:0.414320+0.001102	test-rmse:0.414379+0.003905 
[178]	train-rmse:0.414311+0.001093	test-rmse:0.414370+0.003915 
[179]	train-rmse:0.414302+0.001084	test-rmse:0.414362+0.003924 
[180]	train-rmse:0.414267+0.001093	test-rmse:0.414328+0.003914 
[181]	train-rmse:0.414250+0.001093	test-rmse:0.414312+0.003913 
[182]	train-rmse:0.414232+0.001086	test-rmse:0.414294+0.003920 
[183]	train-rmse:0.414223+0.001077	test-rmse:0.414285+0.003929 
[184]	train-rmse:0.414206+0.001086	test-rmse:0.414268+0.003919 
[185]	train-rmse:0.414188+0.001077	test-rmse:0.414250+0.003929 
[186]	train-rmse:0.414171+0.001093	test-rmse:0.414233+0.003913 
[187]	train-rmse:0.414162+0.001083	test-rmse:0.414225+0.003922 
[188]	train-rmse:0.414161+0.001083	test-rmse:0.414224+0.003922 
[189]	train-rmse:0.414153+0.001084	test-rmse:0.414215+0.003923 
[190]	train-rmse:0.414144+0.001099	test-rmse:0.414206+0.003908 
[191]	train-rmse:0.414126+0.001083	test-rmse:0.414189+0.003924 
[192]	train-rmse:0.414109+0.001099	test-rmse:0.414172+0.003906 
[193]	train-rmse:0.414099+0.001090	test-rmse:0.414163+0.003916 
[194]	train-rmse:0.414082+0.001105	test-rmse:0.414146+0.003902 
[195]	train-rmse:0.414046+0.001105	test-rmse:0.414112+0.003901 
[196]	train-rmse:0.414011+0.001105	test-rmse:0.414078+0.003899 
[197]	train-rmse:0.413985+0.001096	test-rmse:0.414053+0.003908 
[198]	train-rmse:0.413967+0.001089	test-rmse:0.414036+0.003913 
[199]	train-rmse:0.413949+0.001105	test-rmse:0.414019+0.003898 
[200]	train-rmse:0.413923+0.001105	test-rmse:0.413994+0.003897 
[201]	train-rmse:0.413906+0.001120	test-rmse:0.413975+0.003882 
[202]	train-rmse:0.413897+0.001120	test-rmse:0.413967+0.003881 
[203]	train-rmse:0.413870+0.001129	test-rmse:0.413942+0.003873 
[204]	train-rmse:0.413861+0.001129	test-rmse:0.413934+0.003872 
[205]	train-rmse:0.413853+0.001128	test-rmse:0.413925+0.003873 
[206]	train-rmse:0.413836+0.001129	test-rmse:0.413907+0.003872 
[207]	train-rmse:0.413818+0.001121	test-rmse:0.413889+0.003878 
[208]	train-rmse:0.413801+0.001114	test-rmse:0.413871+0.003885 
[209]	train-rmse:0.413766+0.001113	test-rmse:0.413838+0.003884 
[210]	train-rmse:0.413748+0.001129	test-rmse:0.413822+0.003869 
[211]	train-rmse:0.413731+0.001135	test-rmse:0.413805+0.003863 
[212]	train-rmse:0.413722+0.001136	test-rmse:0.413797+0.003862 
[213]	train-rmse:0.413695+0.001119	test-rmse:0.413771+0.003878 
[214]	train-rmse:0.413686+0.001110	test-rmse:0.413762+0.003888 
[215]	train-rmse:0.413668+0.001118	test-rmse:0.413745+0.003881 
[216]	train-rmse:0.413643+0.001133	test-rmse:0.413719+0.003866 
[217]	train-rmse:0.413616+0.001116	test-rmse:0.413693+0.003882 
[218]	train-rmse:0.413598+0.001125	test-rmse:0.413675+0.003872 
[219]	train-rmse:0.413589+0.001124	test-rmse:0.413666+0.003873 
[220]	train-rmse:0.413563+0.001108	test-rmse:0.413640+0.003889 
[221]	train-rmse:0.413537+0.001099	test-rmse:0.413615+0.003898 
[222]	train-rmse:0.413528+0.001115	test-rmse:0.413606+0.003883 
[223]	train-rmse:0.413493+0.001115	test-rmse:0.413572+0.003882 
[224]	train-rmse:0.413467+0.001115	test-rmse:0.413547+0.003883 
[225]	train-rmse:0.413458+0.001108	test-rmse:0.413538+0.003889 
[226]	train-rmse:0.413440+0.001123	test-rmse:0.413520+0.003874 
[227]	train-rmse:0.413414+0.001123	test-rmse:0.413495+0.003875 
[228]	train-rmse:0.413379+0.001107	test-rmse:0.413462+0.003890 
[229]	train-rmse:0.413370+0.001098	test-rmse:0.413453+0.003900 
[230]	train-rmse:0.413344+0.001107	test-rmse:0.413427+0.003891 
[231]	train-rmse:0.413318+0.001099	test-rmse:0.413401+0.003896 
[232]	train-rmse:0.413292+0.001090	test-rmse:0.413375+0.003905 
[233]	train-rmse:0.413266+0.001099	test-rmse:0.413348+0.003896 
[234]	train-rmse:0.413266+0.001099	test-rmse:0.413348+0.003896 
[235]	train-rmse:0.413249+0.001091	test-rmse:0.413332+0.003900 
[236]	train-rmse:0.413232+0.001100	test-rmse:0.413315+0.003891 
[237]	train-rmse:0.413232+0.001100	test-rmse:0.413314+0.003891 
[238]	train-rmse:0.413231+0.001100	test-rmse:0.413314+0.003891 
[239]	train-rmse:0.413223+0.001094	test-rmse:0.413305+0.003897 
[240]	train-rmse:0.413214+0.001093	test-rmse:0.413296+0.003898 
[241]	train-rmse:0.413187+0.001108	test-rmse:0.413270+0.003882 
[242]	train-rmse:0.413179+0.001099	test-rmse:0.413262+0.003891 
[243]	train-rmse:0.413169+0.001099	test-rmse:0.413254+0.003890 
[244]	train-rmse:0.413169+0.001099	test-rmse:0.413254+0.003890 
[245]	train-rmse:0.413134+0.001099	test-rmse:0.413220+0.003889 
[246]	train-rmse:0.413125+0.001090	test-rmse:0.413212+0.003899 
[247]	train-rmse:0.413107+0.001107	test-rmse:0.413194+0.003883 
[248]	train-rmse:0.413107+0.001107	test-rmse:0.413194+0.003883 
[249]	train-rmse:0.413098+0.001098	test-rmse:0.413185+0.003893 
[250]	train-rmse:0.413063+0.001098	test-rmse:0.413152+0.003894 
[251]	train-rmse:0.413046+0.001098	test-rmse:0.413135+0.003893 
[252]	train-rmse:0.413028+0.001089	test-rmse:0.413119+0.003901 
[253]	train-rmse:0.413019+0.001089	test-rmse:0.413111+0.003899 
[254]	train-rmse:0.412985+0.001096	test-rmse:0.413077+0.003890 
[255]	train-rmse:0.412967+0.001088	test-rmse:0.413060+0.003900 
[256]	train-rmse:0.412941+0.001095	test-rmse:0.413034+0.003895 
[257]	train-rmse:0.412924+0.001087	test-rmse:0.413017+0.003905 
[258]	train-rmse:0.412890+0.001072	test-rmse:0.412984+0.003919 
[259]	train-rmse:0.412872+0.001064	test-rmse:0.412967+0.003927 
[260]	train-rmse:0.412836+0.001072	test-rmse:0.412933+0.003920 
[261]	train-rmse:0.412819+0.001072	test-rmse:0.412916+0.003920 
[262]	train-rmse:0.412810+0.001064	test-rmse:0.412908+0.003929 
[263]	train-rmse:0.412793+0.001048	test-rmse:0.412891+0.003944 
[264]	train-rmse:0.412784+0.001048	test-rmse:0.412883+0.003943 
[265]	train-rmse:0.412749+0.001033	test-rmse:0.412849+0.003958 
[266]	train-rmse:0.412732+0.001048	test-rmse:0.412833+0.003941 
[267]	train-rmse:0.412714+0.001041	test-rmse:0.412816+0.003946 
[268]	train-rmse:0.412705+0.001042	test-rmse:0.412808+0.003945 
[269]	train-rmse:0.412696+0.001034	test-rmse:0.412799+0.003950 
[270]	train-rmse:0.412678+0.001027	test-rmse:0.412782+0.003955 
[271]	train-rmse:0.412661+0.001018	test-rmse:0.412765+0.003961 
[272]	train-rmse:0.412661+0.001018	test-rmse:0.412764+0.003961 
[273]	train-rmse:0.412660+0.001018	test-rmse:0.412764+0.003961 
[274]	train-rmse:0.412652+0.001011	test-rmse:0.412755+0.003967 
[275]	train-rmse:0.412643+0.001003	test-rmse:0.412747+0.003973 
[276]	train-rmse:0.412634+0.001019	test-rmse:0.412738+0.003957 
[277]	train-rmse:0.412625+0.001010	test-rmse:0.412730+0.003966 
[278]	train-rmse:0.412608+0.001026	test-rmse:0.412712+0.003951 
[279]	train-rmse:0.412591+0.001041	test-rmse:0.412694+0.003936 
[280]	train-rmse:0.412574+0.001033	test-rmse:0.412677+0.003947 
[281]	train-rmse:0.412548+0.001049	test-rmse:0.412651+0.003931 
[282]	train-rmse:0.412531+0.001041	test-rmse:0.412634+0.003941 
[283]	train-rmse:0.412497+0.001049	test-rmse:0.412601+0.003934 
[284]	train-rmse:0.412480+0.001042	test-rmse:0.412585+0.003944 
[285]	train-rmse:0.412455+0.001050	test-rmse:0.412559+0.003940 
[286]	train-rmse:0.412438+0.001066	test-rmse:0.412542+0.003925 
[287]	train-rmse:0.412420+0.001074	test-rmse:0.412524+0.003915 
[288]	train-rmse:0.412403+0.001089	test-rmse:0.412506+0.003901 
[289]	train-rmse:0.412377+0.001098	test-rmse:0.412481+0.003896 
[290]	train-rmse:0.412377+0.001098	test-rmse:0.412481+0.003896 
[291]	train-rmse:0.412369+0.001099	test-rmse:0.412472+0.003898 
[292]	train-rmse:0.412352+0.001116	test-rmse:0.412454+0.003883 
[293]	train-rmse:0.412335+0.001109	test-rmse:0.412436+0.003890 
[294]	train-rmse:0.412308+0.001126	test-rmse:0.412410+0.003874 
[295]	train-rmse:0.412274+0.001134	test-rmse:0.412376+0.003864 
[296]	train-rmse:0.412248+0.001143	test-rmse:0.412350+0.003859 
[297]	train-rmse:0.412240+0.001135	test-rmse:0.412342+0.003864 
[298]	train-rmse:0.412239+0.001135	test-rmse:0.412342+0.003864 
[299]	train-rmse:0.412222+0.001129	test-rmse:0.412324+0.003875 
[300]	train-rmse:0.412205+0.001123	test-rmse:0.412307+0.003886 
[301]	train-rmse:0.412196+0.001115	test-rmse:0.412298+0.003891 
[302]	train-rmse:0.412178+0.001129	test-rmse:0.412281+0.003874 
[303]	train-rmse:0.412170+0.001120	test-rmse:0.412272+0.003880 
[304]	train-rmse:0.412161+0.001112	test-rmse:0.412264+0.003886 
[305]	train-rmse:0.412144+0.001119	test-rmse:0.412247+0.003876 
[306]	train-rmse:0.412118+0.001135	test-rmse:0.412221+0.003860 
[307]	train-rmse:0.412118+0.001135	test-rmse:0.412221+0.003860 
[308]	train-rmse:0.412109+0.001126	test-rmse:0.412212+0.003870 
[309]	train-rmse:0.412083+0.001132	test-rmse:0.412189+0.003862 
[310]	train-rmse:0.412083+0.001132	test-rmse:0.412189+0.003862 
[311]	train-rmse:0.412075+0.001125	test-rmse:0.412181+0.003868 
[312]	train-rmse:0.412049+0.001117	test-rmse:0.412157+0.003877 
[313]	train-rmse:0.412014+0.001125	test-rmse:0.412121+0.003867 
[314]	train-rmse:0.411996+0.001118	test-rmse:0.412104+0.003879 
[315]	train-rmse:0.411970+0.001111	test-rmse:0.412079+0.003888 
[316]	train-rmse:0.411952+0.001102	test-rmse:0.412063+0.003891 
[317]	train-rmse:0.411934+0.001109	test-rmse:0.412045+0.003881 
[318]	train-rmse:0.411917+0.001110	test-rmse:0.412029+0.003881 
[319]	train-rmse:0.411884+0.001117	test-rmse:0.411996+0.003875 
[320]	train-rmse:0.411875+0.001109	test-rmse:0.411988+0.003884 
[321]	train-rmse:0.411858+0.001111	test-rmse:0.411972+0.003884 
[322]	train-rmse:0.411840+0.001118	test-rmse:0.411955+0.003878 
[323]	train-rmse:0.411814+0.001112	test-rmse:0.411930+0.003887 
[324]	train-rmse:0.411797+0.001103	test-rmse:0.411914+0.003890 
[325]	train-rmse:0.411763+0.001112	test-rmse:0.411881+0.003885 
[326]	train-rmse:0.411755+0.001126	test-rmse:0.411872+0.003870 
[327]	train-rmse:0.411729+0.001125	test-rmse:0.411847+0.003868 
[328]	train-rmse:0.411695+0.001133	test-rmse:0.411814+0.003858 
[329]	train-rmse:0.411686+0.001135	test-rmse:0.411804+0.003859 
[330]	train-rmse:0.411678+0.001127	test-rmse:0.411796+0.003865 
[331]	train-rmse:0.411678+0.001127	test-rmse:0.411796+0.003865 
[332]	train-rmse:0.411678+0.001127	test-rmse:0.411796+0.003865 
[333]	train-rmse:0.411661+0.001144	test-rmse:0.411779+0.003851 
[334]	train-rmse:0.411628+0.001152	test-rmse:0.411747+0.003845 
[335]	train-rmse:0.411619+0.001155	test-rmse:0.411737+0.003847 
[336]	train-rmse:0.411584+0.001163	test-rmse:0.411704+0.003841 
[337]	train-rmse:0.411584+0.001163	test-rmse:0.411703+0.003841 
[338]	train-rmse:0.411584+0.001163	test-rmse:0.411703+0.003841 
[339]	train-rmse:0.411550+0.001163	test-rmse:0.411670+0.003842 
[340]	train-rmse:0.411533+0.001159	test-rmse:0.411653+0.003853 
[341]	train-rmse:0.411507+0.001165	test-rmse:0.411628+0.003844 
[342]	train-rmse:0.411473+0.001166	test-rmse:0.411595+0.003845 
[343]	train-rmse:0.411456+0.001159	test-rmse:0.411578+0.003852 
[344]	train-rmse:0.411439+0.001143	test-rmse:0.411562+0.003867 
[345]	train-rmse:0.411422+0.001138	test-rmse:0.411545+0.003878 
[346]	train-rmse:0.411404+0.001128	test-rmse:0.411528+0.003881 
[347]	train-rmse:0.411404+0.001128	test-rmse:0.411528+0.003881 
[348]	train-rmse:0.411387+0.001134	test-rmse:0.411510+0.003870 
[349]	train-rmse:0.411387+0.001134	test-rmse:0.411510+0.003870 
[350]	train-rmse:0.411378+0.001137	test-rmse:0.411502+0.003872 
[351]	train-rmse:0.411362+0.001131	test-rmse:0.411485+0.003879 
[352]	train-rmse:0.411353+0.001123	test-rmse:0.411477+0.003888 
[353]	train-rmse:0.411345+0.001114	test-rmse:0.411469+0.003894 
[354]	train-rmse:0.411328+0.001127	test-rmse:0.411452+0.003877 
[355]	train-rmse:0.411301+0.001136	test-rmse:0.411425+0.003868 
[356]	train-rmse:0.411284+0.001144	test-rmse:0.411408+0.003863 
[357]	train-rmse:0.411284+0.001144	test-rmse:0.411408+0.003863 
[358]	train-rmse:0.411267+0.001139	test-rmse:0.411392+0.003873 
[359]	train-rmse:0.411241+0.001155	test-rmse:0.411366+0.003858 
[360]	train-rmse:0.411224+0.001150	test-rmse:0.411348+0.003865 
[361]	train-rmse:0.411207+0.001168	test-rmse:0.411331+0.003852 
[362]	train-rmse:0.411180+0.001150	test-rmse:0.411306+0.003865 
[363]	train-rmse:0.411163+0.001151	test-rmse:0.411289+0.003864 
[364]	train-rmse:0.411146+0.001141	test-rmse:0.411273+0.003868 
[365]	train-rmse:0.411112+0.001150	test-rmse:0.411240+0.003862 
[366]	train-rmse:0.411104+0.001153	test-rmse:0.411231+0.003864 
[367]	train-rmse:0.411086+0.001144	test-rmse:0.411215+0.003872 
[368]	train-rmse:0.411044+0.001144	test-rmse:0.411173+0.003870 
[369]	train-rmse:0.411018+0.001152	test-rmse:0.411147+0.003863 
[370]	train-rmse:0.410993+0.001162	test-rmse:0.411122+0.003860 
[371]	train-rmse:0.410976+0.001168	test-rmse:0.411105+0.003849 
[372]	train-rmse:0.410951+0.001184	test-rmse:0.411079+0.003834 
[373]	train-rmse:0.410925+0.001194	test-rmse:0.411054+0.003830 
[374]	train-rmse:0.410899+0.001193	test-rmse:0.411030+0.003829 
[375]	train-rmse:0.410891+0.001191	test-rmse:0.411022+0.003827 
[376]	train-rmse:0.410874+0.001193	test-rmse:0.411005+0.003827 
[377]	train-rmse:0.410857+0.001198	test-rmse:0.410989+0.003819 
[378]	train-rmse:0.410848+0.001213	test-rmse:0.410979+0.003803 
[379]	train-rmse:0.410831+0.001208	test-rmse:0.410963+0.003814 
[380]	train-rmse:0.410831+0.001208	test-rmse:0.410963+0.003815 
[381]	train-rmse:0.410822+0.001207	test-rmse:0.410955+0.003812 
[382]	train-rmse:0.410814+0.001205	test-rmse:0.410947+0.003810 
[383]	train-rmse:0.410805+0.001198	test-rmse:0.410939+0.003820 
[384]	train-rmse:0.410805+0.001198	test-rmse:0.410939+0.003820 
[385]	train-rmse:0.410788+0.001192	test-rmse:0.410922+0.003827 
[386]	train-rmse:0.410762+0.001174	test-rmse:0.410897+0.003839 
[387]	train-rmse:0.410753+0.001173	test-rmse:0.410890+0.003837 
[388]	train-rmse:0.410753+0.001173	test-rmse:0.410889+0.003837 
[389]	train-rmse:0.410727+0.001166	test-rmse:0.410864+0.003843 
[390]	train-rmse:0.410718+0.001158	test-rmse:0.410856+0.003852 
[391]	train-rmse:0.410710+0.001172	test-rmse:0.410847+0.003838 
[392]	train-rmse:0.410684+0.001159	test-rmse:0.410822+0.003855 
[393]	train-rmse:0.410666+0.001149	test-rmse:0.410805+0.003858 
[394]	train-rmse:0.410649+0.001167	test-rmse:0.410787+0.003844 
[395]	train-rmse:0.410633+0.001163	test-rmse:0.410772+0.003855 
[396]	train-rmse:0.410616+0.001145	test-rmse:0.410755+0.003870 
[397]	train-rmse:0.410599+0.001151	test-rmse:0.410738+0.003860 
[398]	train-rmse:0.410573+0.001161	test-rmse:0.410712+0.003856 
[399]	train-rmse:0.410556+0.001157	test-rmse:0.410695+0.003867 
[400]	train-rmse:0.410547+0.001172	test-rmse:0.410686+0.003852 
[401]	train-rmse:0.410521+0.001183	test-rmse:0.410661+0.003848 
[402]	train-rmse:0.410504+0.001180	test-rmse:0.410644+0.003860 
[403]	train-rmse:0.410504+0.001180	test-rmse:0.410644+0.003860 
[404]	train-rmse:0.410487+0.001199	test-rmse:0.410626+0.003847 
[405]	train-rmse:0.410470+0.001206	test-rmse:0.410610+0.003841 
[406]	train-rmse:0.410453+0.001197	test-rmse:0.410594+0.003848 
[407]	train-rmse:0.410427+0.001179	test-rmse:0.410570+0.003860 
[408]	train-rmse:0.410419+0.001193	test-rmse:0.410562+0.003846 
[409]	train-rmse:0.410402+0.001190	test-rmse:0.410545+0.003858 
[410]	train-rmse:0.410384+0.001203	test-rmse:0.410528+0.003840 
[411]	train-rmse:0.410358+0.001206	test-rmse:0.410502+0.003827 
[412]	train-rmse:0.410333+0.001194	test-rmse:0.410478+0.003844 
[413]	train-rmse:0.410324+0.001192	test-rmse:0.410470+0.003842 
[414]	train-rmse:0.410289+0.001200	test-rmse:0.410436+0.003837 
[415]	train-rmse:0.410272+0.001213	test-rmse:0.410419+0.003820 
[416]	train-rmse:0.410255+0.001231	test-rmse:0.410402+0.003808 
[417]	train-rmse:0.410238+0.001225	test-rmse:0.410384+0.003816 
[418]	train-rmse:0.410229+0.001228	test-rmse:0.410375+0.003818 
[419]	train-rmse:0.410204+0.001221	test-rmse:0.410350+0.003823 
[420]	train-rmse:0.410204+0.001221	test-rmse:0.410350+0.003823 
[421]	train-rmse:0.410178+0.001223	test-rmse:0.410325+0.003812 
[422]	train-rmse:0.410143+0.001208	test-rmse:0.410291+0.003826 
[423]	train-rmse:0.410118+0.001206	test-rmse:0.410267+0.003826 
[424]	train-rmse:0.410092+0.001217	test-rmse:0.410242+0.003824 
[425]	train-rmse:0.410066+0.001214	test-rmse:0.410216+0.003824 
[426]	train-rmse:0.410031+0.001210	test-rmse:0.410183+0.003821 
[427]	train-rmse:0.410006+0.001226	test-rmse:0.410158+0.003806 
[428]	train-rmse:0.409988+0.001217	test-rmse:0.410142+0.003813 
[429]	train-rmse:0.409979+0.001231	test-rmse:0.410133+0.003798 
[430]	train-rmse:0.409954+0.001237	test-rmse:0.410108+0.003791 
[431]	train-rmse:0.409936+0.001220	test-rmse:0.410092+0.003805 
[432]	train-rmse:0.409919+0.001229	test-rmse:0.410076+0.003799 
[433]	train-rmse:0.409902+0.001246	test-rmse:0.410058+0.003787 
[434]	train-rmse:0.409886+0.001264	test-rmse:0.410041+0.003774 
[435]	train-rmse:0.409860+0.001276	test-rmse:0.410015+0.003770 
[436]	train-rmse:0.409852+0.001266	test-rmse:0.410007+0.003775 
[437]	train-rmse:0.409826+0.001269	test-rmse:0.409982+0.003762 
[438]	train-rmse:0.409818+0.001261	test-rmse:0.409974+0.003767 
[439]	train-rmse:0.409800+0.001245	test-rmse:0.409957+0.003781 
[440]	train-rmse:0.409783+0.001236	test-rmse:0.409942+0.003789 
[441]	train-rmse:0.409757+0.001248	test-rmse:0.409916+0.003785 
[442]	train-rmse:0.409740+0.001261	test-rmse:0.409899+0.003767 
[443]	train-rmse:0.409731+0.001264	test-rmse:0.409890+0.003769 
[444]	train-rmse:0.409723+0.001254	test-rmse:0.409882+0.003774 
[445]	train-rmse:0.409688+0.001251	test-rmse:0.409849+0.003772 
[446]	train-rmse:0.409679+0.001242	test-rmse:0.409841+0.003777 
[447]	train-rmse:0.409655+0.001253	test-rmse:0.409816+0.003773 
[448]	train-rmse:0.409620+0.001238	test-rmse:0.409783+0.003787 
[449]	train-rmse:0.409604+0.001232	test-rmse:0.409766+0.003795 
[450]	train-rmse:0.409595+0.001223	test-rmse:0.409758+0.003800 
[451]	train-rmse:0.409578+0.001229	test-rmse:0.409741+0.003790 
[452]	train-rmse:0.409553+0.001240	test-rmse:0.409716+0.003787 
[453]	train-rmse:0.409536+0.001234	test-rmse:0.409699+0.003795 
[454]	train-rmse:0.409511+0.001244	test-rmse:0.409673+0.003788 
[455]	train-rmse:0.409502+0.001258	test-rmse:0.409664+0.003773 
[456]	train-rmse:0.409468+0.001243	test-rmse:0.409631+0.003787 
[457]	train-rmse:0.409460+0.001237	test-rmse:0.409623+0.003796 
[458]	train-rmse:0.409451+0.001228	test-rmse:0.409615+0.003802 
[459]	train-rmse:0.409442+0.001222	test-rmse:0.409606+0.003811 
[460]	train-rmse:0.409425+0.001233	test-rmse:0.409590+0.003794 
[461]	train-rmse:0.409399+0.001226	test-rmse:0.409565+0.003803 
[462]	train-rmse:0.409390+0.001220	test-rmse:0.409557+0.003812 
[463]	train-rmse:0.409364+0.001235	test-rmse:0.409532+0.003797 
[464]	train-rmse:0.409339+0.001223	test-rmse:0.409507+0.003814 
[465]	train-rmse:0.409330+0.001220	test-rmse:0.409499+0.003811 
[466]	train-rmse:0.409296+0.001223	test-rmse:0.409464+0.003813 
[467]	train-rmse:0.409270+0.001235	test-rmse:0.409439+0.003810 
[468]	train-rmse:0.409270+0.001235	test-rmse:0.409439+0.003810 
[469]	train-rmse:0.409261+0.001251	test-rmse:0.409430+0.003795 
[470]	train-rmse:0.409243+0.001238	test-rmse:0.409413+0.003797 
[471]	train-rmse:0.409226+0.001223	test-rmse:0.409397+0.003812 
[472]	train-rmse:0.409217+0.001220	test-rmse:0.409389+0.003809 
[473]	train-rmse:0.409201+0.001238	test-rmse:0.409372+0.003797 
[474]	train-rmse:0.409175+0.001253	test-rmse:0.409347+0.003782 
[475]	train-rmse:0.409167+0.001268	test-rmse:0.409338+0.003767 
[476]	train-rmse:0.409141+0.001250	test-rmse:0.409314+0.003779 
[477]	train-rmse:0.409124+0.001256	test-rmse:0.409297+0.003770 
[478]	train-rmse:0.409116+0.001259	test-rmse:0.409288+0.003772 
[479]	train-rmse:0.409090+0.001263	test-rmse:0.409263+0.003759 
[480]	train-rmse:0.409072+0.001259	test-rmse:0.409245+0.003772 
[481]	train-rmse:0.409046+0.001259	test-rmse:0.409220+0.003772 
[482]	train-rmse:0.409020+0.001263	test-rmse:0.409195+0.003759 
[483]	train-rmse:0.409012+0.001254	test-rmse:0.409187+0.003765 
[484]	train-rmse:0.408994+0.001239	test-rmse:0.409170+0.003780 
[485]	train-rmse:0.408986+0.001254	test-rmse:0.409161+0.003765 
[486]	train-rmse:0.408977+0.001246	test-rmse:0.409153+0.003771 
[487]	train-rmse:0.408952+0.001257	test-rmse:0.409126+0.003764 
[488]	train-rmse:0.408943+0.001250	test-rmse:0.409118+0.003773 
[489]	train-rmse:0.408917+0.001252	test-rmse:0.409092+0.003773 
[490]	train-rmse:0.408908+0.001254	test-rmse:0.409083+0.003775 
[491]	train-rmse:0.408891+0.001244	test-rmse:0.409068+0.003782 
[492]	train-rmse:0.408866+0.001245	test-rmse:0.409043+0.003782 
[493]	train-rmse:0.408849+0.001252	test-rmse:0.409026+0.003774 
[494]	train-rmse:0.408832+0.001250	test-rmse:0.409009+0.003773 
[495]	train-rmse:0.408807+0.001259	test-rmse:0.408983+0.003767 
[496]	train-rmse:0.408798+0.001255	test-rmse:0.408976+0.003764 
[497]	train-rmse:0.408764+0.001259	test-rmse:0.408942+0.003767 
[498]	train-rmse:0.408764+0.001259	test-rmse:0.408942+0.003767 
[499]	train-rmse:0.408747+0.001249	test-rmse:0.408927+0.003773 
[500]	train-rmse:0.408721+0.001251	test-rmse:0.408901+0.003773 
[501]	train-rmse:0.408703+0.001263	test-rmse:0.408885+0.003755 
[502]	train-rmse:0.408669+0.001269	test-rmse:0.408851+0.003746 
[503]	train-rmse:0.408652+0.001257	test-rmse:0.408834+0.003748 
[504]	train-rmse:0.408644+0.001250	test-rmse:0.408826+0.003754 
[505]	train-rmse:0.408627+0.001258	test-rmse:0.408809+0.003745 
[506]	train-rmse:0.408609+0.001244	test-rmse:0.408793+0.003760 
[507]	train-rmse:0.408601+0.001259	test-rmse:0.408785+0.003746 
[508]	train-rmse:0.408601+0.001259	test-rmse:0.408785+0.003746 
[509]	train-rmse:0.408584+0.001271	test-rmse:0.408769+0.003729 
[510]	train-rmse:0.408559+0.001283	test-rmse:0.408743+0.003725 
[511]	train-rmse:0.408533+0.001293	test-rmse:0.408717+0.003719 
[512]	train-rmse:0.408499+0.001277	test-rmse:0.408684+0.003733 
[513]	train-rmse:0.408481+0.001267	test-rmse:0.408667+0.003738 
[514]	train-rmse:0.408472+0.001263	test-rmse:0.408659+0.003735 
[515]	train-rmse:0.408447+0.001251	test-rmse:0.408635+0.003752 
[516]	train-rmse:0.408430+0.001245	test-rmse:0.408617+0.003760 
[517]	train-rmse:0.408413+0.001240	test-rmse:0.408600+0.003768 
[518]	train-rmse:0.408396+0.001235	test-rmse:0.408583+0.003776 
[519]	train-rmse:0.408371+0.001224	test-rmse:0.408558+0.003794 
[520]	train-rmse:0.408346+0.001235	test-rmse:0.408533+0.003791 
[521]	train-rmse:0.408329+0.001231	test-rmse:0.408516+0.003799 
[522]	train-rmse:0.408313+0.001227	test-rmse:0.408500+0.003807 
[523]	train-rmse:0.408313+0.001227	test-rmse:0.408499+0.003807 
[524]	train-rmse:0.408295+0.001215	test-rmse:0.408483+0.003810 
[525]	train-rmse:0.408279+0.001212	test-rmse:0.408466+0.003818 
[526]	train-rmse:0.408254+0.001217	test-rmse:0.408442+0.003805 
[527]	train-rmse:0.408237+0.001213	test-rmse:0.408424+0.003814 
[528]	train-rmse:0.408237+0.001213	test-rmse:0.408424+0.003814 
[529]	train-rmse:0.408220+0.001200	test-rmse:0.408408+0.003829 
[530]	train-rmse:0.408211+0.001195	test-rmse:0.408400+0.003826 
[531]	train-rmse:0.408177+0.001203	test-rmse:0.408367+0.003816 
[532]	train-rmse:0.408143+0.001211	test-rmse:0.408332+0.003806 
[533]	train-rmse:0.408126+0.001218	test-rmse:0.408316+0.003801 
[534]	train-rmse:0.408093+0.001202	test-rmse:0.408284+0.003815 
[535]	train-rmse:0.408067+0.001205	test-rmse:0.408259+0.003814 
[536]	train-rmse:0.408051+0.001192	test-rmse:0.408243+0.003829 
[537]	train-rmse:0.408034+0.001201	test-rmse:0.408226+0.003822 
[538]	train-rmse:0.408008+0.001183	test-rmse:0.408202+0.003834 
[539]	train-rmse:0.407999+0.001178	test-rmse:0.408194+0.003830 
[540]	train-rmse:0.407991+0.001180	test-rmse:0.408186+0.003833 
[541]	train-rmse:0.407973+0.001167	test-rmse:0.408170+0.003838 
[542]	train-rmse:0.407948+0.001169	test-rmse:0.408145+0.003839 
[543]	train-rmse:0.407939+0.001165	test-rmse:0.408137+0.003836 
[544]	train-rmse:0.407921+0.001173	test-rmse:0.408121+0.003831 
[545]	train-rmse:0.407921+0.001173	test-rmse:0.408120+0.003831 
[546]	train-rmse:0.407905+0.001169	test-rmse:0.408104+0.003839 
[547]	train-rmse:0.407897+0.001171	test-rmse:0.408095+0.003841 
[548]	train-rmse:0.407897+0.001171	test-rmse:0.408095+0.003841 
[549]	train-rmse:0.407888+0.001187	test-rmse:0.408087+0.003826 
[550]	train-rmse:0.407862+0.001191	test-rmse:0.408062+0.003817 
[551]	train-rmse:0.407845+0.001187	test-rmse:0.408045+0.003826 
[552]	train-rmse:0.407828+0.001205	test-rmse:0.408027+0.003814 
[553]	train-rmse:0.407811+0.001194	test-rmse:0.408010+0.003817 
[554]	train-rmse:0.407802+0.001190	test-rmse:0.408003+0.003813 
[555]	train-rmse:0.407785+0.001184	test-rmse:0.407986+0.003825 
[556]	train-rmse:0.407768+0.001194	test-rmse:0.407970+0.003807 
[557]	train-rmse:0.407752+0.001184	test-rmse:0.407955+0.003810 
[558]	train-rmse:0.407743+0.001177	test-rmse:0.407947+0.003818 
[559]	train-rmse:0.407718+0.001178	test-rmse:0.407922+0.003820 
[560]	train-rmse:0.407684+0.001163	test-rmse:0.407890+0.003834 
[561]	train-rmse:0.407676+0.001165	test-rmse:0.407881+0.003836 
[562]	train-rmse:0.407642+0.001162	test-rmse:0.407849+0.003833 
[563]	train-rmse:0.407617+0.001166	test-rmse:0.407825+0.003825 
[564]	train-rmse:0.407600+0.001162	test-rmse:0.407807+0.003833 
[565]	train-rmse:0.407591+0.001158	test-rmse:0.407799+0.003830 
[566]	train-rmse:0.407566+0.001169	test-rmse:0.407774+0.003824 
[567]	train-rmse:0.407532+0.001167	test-rmse:0.407741+0.003822 
[568]	train-rmse:0.407523+0.001183	test-rmse:0.407732+0.003807 
[569]	train-rmse:0.407514+0.001175	test-rmse:0.407724+0.003816 
[570]	train-rmse:0.407514+0.001175	test-rmse:0.407724+0.003816 
[571]	train-rmse:0.407497+0.001162	test-rmse:0.407708+0.003831 
[572]	train-rmse:0.407480+0.001174	test-rmse:0.407692+0.003813 
[573]	train-rmse:0.407463+0.001184	test-rmse:0.407675+0.003805 
[574]	train-rmse:0.407438+0.001196	test-rmse:0.407650+0.003789 
[575]	train-rmse:0.407412+0.001179	test-rmse:0.407625+0.003802 
[576]	train-rmse:0.407403+0.001172	test-rmse:0.407617+0.003810 
[577]	train-rmse:0.407403+0.001172	test-rmse:0.407617+0.003810 
[578]	train-rmse:0.407395+0.001165	test-rmse:0.407609+0.003819 
[579]	train-rmse:0.407386+0.001160	test-rmse:0.407601+0.003815 
[580]	train-rmse:0.407351+0.001159	test-rmse:0.407567+0.003813 
[581]	train-rmse:0.407343+0.001153	test-rmse:0.407559+0.003819 
[582]	train-rmse:0.407326+0.001144	test-rmse:0.407543+0.003822 
[583]	train-rmse:0.407309+0.001139	test-rmse:0.407525+0.003831 
[584]	train-rmse:0.407300+0.001134	test-rmse:0.407517+0.003837 
[585]	train-rmse:0.407274+0.001117	test-rmse:0.407493+0.003849 
[586]	train-rmse:0.407257+0.001105	test-rmse:0.407477+0.003855 
[587]	train-rmse:0.407231+0.001110	test-rmse:0.407452+0.003856 
[588]	train-rmse:0.407214+0.001121	test-rmse:0.407435+0.003838 
[589]	train-rmse:0.407205+0.001138	test-rmse:0.407427+0.003823 
[590]	train-rmse:0.407189+0.001126	test-rmse:0.407411+0.003838 
[591]	train-rmse:0.407180+0.001122	test-rmse:0.407403+0.003835 
[592]	train-rmse:0.407154+0.001106	test-rmse:0.407380+0.003846 
[593]	train-rmse:0.407146+0.001106	test-rmse:0.407371+0.003848 
[594]	train-rmse:0.407113+0.001112	test-rmse:0.407338+0.003839 
[595]	train-rmse:0.407095+0.001100	test-rmse:0.407322+0.003855 
[596]	train-rmse:0.407070+0.001108	test-rmse:0.407297+0.003853 
[597]	train-rmse:0.407053+0.001120	test-rmse:0.407281+0.003835 
[598]	train-rmse:0.407028+0.001127	test-rmse:0.407256+0.003825 
[599]	train-rmse:0.407011+0.001119	test-rmse:0.407240+0.003828 
[600]	train-rmse:0.406994+0.001110	test-rmse:0.407224+0.003832 
[601]	train-rmse:0.406986+0.001127	test-rmse:0.407216+0.003818 
[602]	train-rmse:0.406977+0.001122	test-rmse:0.407207+0.003825 
[603]	train-rmse:0.406968+0.001118	test-rmse:0.407199+0.003831 
[604]	train-rmse:0.406960+0.001117	test-rmse:0.407191+0.003833 
[605]	train-rmse:0.406935+0.001126	test-rmse:0.407166+0.003822 
[606]	train-rmse:0.406919+0.001121	test-rmse:0.407149+0.003830 
[607]	train-rmse:0.406893+0.001109	test-rmse:0.407125+0.003837 
[608]	train-rmse:0.406876+0.001105	test-rmse:0.407108+0.003845 
[609]	train-rmse:0.406868+0.001101	test-rmse:0.407100+0.003852 
[610]	train-rmse:0.406859+0.001097	test-rmse:0.407091+0.003859 
[611]	train-rmse:0.406834+0.001105	test-rmse:0.407066+0.003855 
[612]	train-rmse:0.406826+0.001105	test-rmse:0.407058+0.003857 
[613]	train-rmse:0.406808+0.001112	test-rmse:0.407041+0.003852 
[614]	train-rmse:0.406800+0.001108	test-rmse:0.407033+0.003848 
[615]	train-rmse:0.406783+0.001104	test-rmse:0.407016+0.003857 
[616]	train-rmse:0.406749+0.001108	test-rmse:0.406982+0.003849 
[617]	train-rmse:0.406731+0.001096	test-rmse:0.406967+0.003854 
[618]	train-rmse:0.406715+0.001083	test-rmse:0.406951+0.003870 
[619]	train-rmse:0.406714+0.001083	test-rmse:0.406951+0.003870 
[620]	train-rmse:0.406690+0.001076	test-rmse:0.406926+0.003875 
[621]	train-rmse:0.406681+0.001092	test-rmse:0.406917+0.003859 
[622]	train-rmse:0.406664+0.001080	test-rmse:0.406902+0.003874 
[623]	train-rmse:0.406664+0.001080	test-rmse:0.406902+0.003874 
[624]	train-rmse:0.406664+0.001080	test-rmse:0.406901+0.003874 
[625]	train-rmse:0.406655+0.001072	test-rmse:0.406893+0.003883 
[626]	train-rmse:0.406647+0.001088	test-rmse:0.406885+0.003869 
[627]	train-rmse:0.406638+0.001083	test-rmse:0.406878+0.003866 
[628]	train-rmse:0.406613+0.001091	test-rmse:0.406854+0.003856 
[629]	train-rmse:0.406597+0.001087	test-rmse:0.406838+0.003864 
[630]	train-rmse:0.406581+0.001099	test-rmse:0.406822+0.003848 
[631]	train-rmse:0.406564+0.001094	test-rmse:0.406805+0.003846 
[632]	train-rmse:0.406538+0.001104	test-rmse:0.406781+0.003835 
[633]	train-rmse:0.406529+0.001100	test-rmse:0.406772+0.003842 
[634]	train-rmse:0.406504+0.001087	test-rmse:0.406747+0.003860 
[635]	train-rmse:0.406504+0.001087	test-rmse:0.406747+0.003860 
[636]	train-rmse:0.406487+0.001083	test-rmse:0.406730+0.003858 
[637]	train-rmse:0.406461+0.001087	test-rmse:0.406705+0.003859 
[638]	train-rmse:0.406444+0.001083	test-rmse:0.406689+0.003858 
[639]	train-rmse:0.406428+0.001079	test-rmse:0.406671+0.003867 
[640]	train-rmse:0.406410+0.001075	test-rmse:0.406655+0.003865 
[641]	train-rmse:0.406386+0.001063	test-rmse:0.406630+0.003882 
[642]	train-rmse:0.406377+0.001054	test-rmse:0.406622+0.003891 
[643]	train-rmse:0.406377+0.001054	test-rmse:0.406622+0.003891 
[644]	train-rmse:0.406360+0.001070	test-rmse:0.406605+0.003879 
[645]	train-rmse:0.406327+0.001054	test-rmse:0.406573+0.003892 
[646]	train-rmse:0.406293+0.001058	test-rmse:0.406540+0.003893 
[647]	train-rmse:0.406276+0.001050	test-rmse:0.406523+0.003904 
[648]	train-rmse:0.406259+0.001062	test-rmse:0.406507+0.003886 
[649]	train-rmse:0.406243+0.001054	test-rmse:0.406491+0.003896 
[650]	train-rmse:0.406217+0.001058	test-rmse:0.406466+0.003886 
[651]	train-rmse:0.406208+0.001054	test-rmse:0.406458+0.003893 
[652]	train-rmse:0.406200+0.001046	test-rmse:0.406450+0.003902 
[653]	train-rmse:0.406175+0.001058	test-rmse:0.406424+0.003897 
[654]	train-rmse:0.406150+0.001061	test-rmse:0.406401+0.003888 
[655]	train-rmse:0.406132+0.001053	test-rmse:0.406385+0.003892 
[656]	train-rmse:0.406116+0.001046	test-rmse:0.406368+0.003896 
[657]	train-rmse:0.406098+0.001034	test-rmse:0.406352+0.003912 
[658]	train-rmse:0.406066+0.001034	test-rmse:0.406320+0.003910 
[659]	train-rmse:0.406049+0.001046	test-rmse:0.406304+0.003904 
[660]	train-rmse:0.406033+0.001035	test-rmse:0.406288+0.003919 
[661]	train-rmse:0.406016+0.001032	test-rmse:0.406271+0.003928 
[662]	train-rmse:0.405999+0.001023	test-rmse:0.406254+0.003938 
[663]	train-rmse:0.405966+0.001024	test-rmse:0.406223+0.003935 
[664]	train-rmse:0.405949+0.001014	test-rmse:0.406206+0.003945 
[665]	train-rmse:0.405941+0.001014	test-rmse:0.406198+0.003947 
[666]	train-rmse:0.405924+0.001030	test-rmse:0.406181+0.003934 
[667]	train-rmse:0.405908+0.001037	test-rmse:0.406165+0.003929 
[668]	train-rmse:0.405891+0.001032	test-rmse:0.406148+0.003928 
[669]	train-rmse:0.405873+0.001028	test-rmse:0.406132+0.003926 
[670]	train-rmse:0.405857+0.001019	test-rmse:0.406115+0.003937 
[671]	train-rmse:0.405823+0.001003	test-rmse:0.406083+0.003950 
[672]	train-rmse:0.405814+0.000995	test-rmse:0.406075+0.003958 
[673]	train-rmse:0.405797+0.000982	test-rmse:0.406060+0.003963 
[674]	train-rmse:0.405771+0.000986	test-rmse:0.406035+0.003953 
[675]	train-rmse:0.405762+0.000979	test-rmse:0.406027+0.003962 
[676]	train-rmse:0.405754+0.000979	test-rmse:0.406019+0.003964 
[677]	train-rmse:0.405746+0.000979	test-rmse:0.406010+0.003966 
[678]	train-rmse:0.405738+0.000972	test-rmse:0.406003+0.003974 
[679]	train-rmse:0.405737+0.000972	test-rmse:0.406003+0.003974 
[680]	train-rmse:0.405737+0.000972	test-rmse:0.406003+0.003974 
[681]	train-rmse:0.405737+0.000972	test-rmse:0.406002+0.003974 
[682]	train-rmse:0.405713+0.000983	test-rmse:0.405978+0.003968 
[683]	train-rmse:0.405688+0.000967	test-rmse:0.405953+0.003980 
[684]	train-rmse:0.405671+0.000976	test-rmse:0.405937+0.003974 
[685]	train-rmse:0.405638+0.000980	test-rmse:0.405905+0.003966 
[686]	train-rmse:0.405621+0.000973	test-rmse:0.405889+0.003977 
[687]	train-rmse:0.405596+0.000977	test-rmse:0.405865+0.003968 
[688]	train-rmse:0.405571+0.000968	test-rmse:0.405841+0.003973 
[689]	train-rmse:0.405562+0.000963	test-rmse:0.405833+0.003970 
[690]	train-rmse:0.405562+0.000963	test-rmse:0.405833+0.003970 
[691]	train-rmse:0.405545+0.000973	test-rmse:0.405816+0.003963 
[692]	train-rmse:0.405520+0.000964	test-rmse:0.405791+0.003968 
[693]	train-rmse:0.405512+0.000980	test-rmse:0.405783+0.003954 
[694]	train-rmse:0.405495+0.000971	test-rmse:0.405766+0.003957 
[695]	train-rmse:0.405487+0.000971	test-rmse:0.405758+0.003959 
[696]	train-rmse:0.405470+0.000967	test-rmse:0.405741+0.003958 
[697]	train-rmse:0.405445+0.000980	test-rmse:0.405717+0.003942 
[698]	train-rmse:0.405437+0.000975	test-rmse:0.405709+0.003949 
[699]	train-rmse:0.405429+0.000976	test-rmse:0.405700+0.003951 
[700]	train-rmse:0.405412+0.000963	test-rmse:0.405684+0.003966 
[701]	train-rmse:0.405395+0.000959	test-rmse:0.405668+0.003965 
[702]	train-rmse:0.405387+0.000952	test-rmse:0.405660+0.003973 
[703]	train-rmse:0.405353+0.000959	test-rmse:0.405627+0.003965 
[704]	train-rmse:0.405345+0.000955	test-rmse:0.405620+0.003962 
[705]	train-rmse:0.405328+0.000963	test-rmse:0.405603+0.003955 
[706]	train-rmse:0.405319+0.000960	test-rmse:0.405595+0.003952 
[707]	train-rmse:0.405311+0.000960	test-rmse:0.405586+0.003955 
[708]	train-rmse:0.405286+0.000972	test-rmse:0.405561+0.003949 
[709]	train-rmse:0.405286+0.000972	test-rmse:0.405561+0.003949 
[710]	train-rmse:0.405277+0.000964	test-rmse:0.405553+0.003957 
[711]	train-rmse:0.405252+0.000968	test-rmse:0.405529+0.003956 
[712]	train-rmse:0.405235+0.000959	test-rmse:0.405512+0.003959 
[713]	train-rmse:0.405235+0.000959	test-rmse:0.405512+0.003959 
[714]	train-rmse:0.405226+0.000975	test-rmse:0.405504+0.003944 
[715]	train-rmse:0.405201+0.000963	test-rmse:0.405479+0.003961 
[716]	train-rmse:0.405184+0.000971	test-rmse:0.405463+0.003955 
[717]	train-rmse:0.405168+0.000965	test-rmse:0.405447+0.003965 
[718]	train-rmse:0.405159+0.000960	test-rmse:0.405439+0.003962 
[719]	train-rmse:0.405151+0.000955	test-rmse:0.405430+0.003968 
[720]	train-rmse:0.405134+0.000946	test-rmse:0.405415+0.003972 
[721]	train-rmse:0.405117+0.000957	test-rmse:0.405398+0.003964 
[722]	train-rmse:0.405109+0.000953	test-rmse:0.405390+0.003961 
[723]	train-rmse:0.405092+0.000961	test-rmse:0.405375+0.003955 
[724]	train-rmse:0.405066+0.000965	test-rmse:0.405351+0.003947 
[725]	train-rmse:0.405041+0.000954	test-rmse:0.405327+0.003954 
[726]	train-rmse:0.405032+0.000949	test-rmse:0.405319+0.003961 
[727]	train-rmse:0.405024+0.000949	test-rmse:0.405310+0.003963 
[728]	train-rmse:0.404999+0.000938	test-rmse:0.405286+0.003971 
[729]	train-rmse:0.404966+0.000945	test-rmse:0.405253+0.003962 
[730]	train-rmse:0.404949+0.000942	test-rmse:0.405236+0.003962 
[731]	train-rmse:0.404941+0.000937	test-rmse:0.405228+0.003968 
[732]	train-rmse:0.404916+0.000946	test-rmse:0.405203+0.003965 
[733]	train-rmse:0.404899+0.000943	test-rmse:0.405187+0.003964 
[734]	train-rmse:0.404891+0.000944	test-rmse:0.405178+0.003966 
[735]	train-rmse:0.404857+0.000943	test-rmse:0.405146+0.003963 
[736]	train-rmse:0.404823+0.000948	test-rmse:0.405113+0.003955 
[737]	train-rmse:0.404798+0.000931	test-rmse:0.405088+0.003968 
[738]	train-rmse:0.404790+0.000932	test-rmse:0.405079+0.003970 
[739]	train-rmse:0.404755+0.000916	test-rmse:0.405046+0.003985 
[740]	train-rmse:0.404747+0.000913	test-rmse:0.405039+0.003982 
[741]	train-rmse:0.404738+0.000905	test-rmse:0.405031+0.003990 
[742]	train-rmse:0.404730+0.000921	test-rmse:0.405023+0.003976 
[743]	train-rmse:0.404704+0.000913	test-rmse:0.404997+0.003981 
[744]	train-rmse:0.404696+0.000914	test-rmse:0.404989+0.003984 
[745]	train-rmse:0.404680+0.000924	test-rmse:0.404972+0.003975 
[746]	train-rmse:0.404663+0.000910	test-rmse:0.404955+0.003990 
[747]	train-rmse:0.404654+0.000907	test-rmse:0.404948+0.003988 
[748]	train-rmse:0.404621+0.000911	test-rmse:0.404916+0.003989 
[749]	train-rmse:0.404613+0.000903	test-rmse:0.404908+0.003997 
[750]	train-rmse:0.404587+0.000887	test-rmse:0.404884+0.004008 
[751]	train-rmse:0.404570+0.000880	test-rmse:0.404868+0.004019 
[752]	train-rmse:0.404562+0.000874	test-rmse:0.404859+0.004026 
[753]	train-rmse:0.404527+0.000880	test-rmse:0.404825+0.004019 
[754]	train-rmse:0.404502+0.000870	test-rmse:0.404801+0.004026 
[755]	train-rmse:0.404485+0.000868	test-rmse:0.404784+0.004025 
[756]	train-rmse:0.404477+0.000865	test-rmse:0.404777+0.004022 
[757]	train-rmse:0.404452+0.000874	test-rmse:0.404752+0.004020 
[758]	train-rmse:0.404444+0.000889	test-rmse:0.404744+0.004006 
[759]	train-rmse:0.404444+0.000889	test-rmse:0.404744+0.004006 
[760]	train-rmse:0.404420+0.000899	test-rmse:0.404719+0.004000 
[761]	train-rmse:0.404420+0.000899	test-rmse:0.404719+0.004000 
[762]	train-rmse:0.404378+0.000898	test-rmse:0.404677+0.004000 
[763]	train-rmse:0.404369+0.000914	test-rmse:0.404669+0.003986 
[764]	train-rmse:0.404361+0.000929	test-rmse:0.404661+0.003972 
[765]	train-rmse:0.404353+0.000926	test-rmse:0.404653+0.003969 
[766]	train-rmse:0.404327+0.000936	test-rmse:0.404628+0.003965 
[767]	train-rmse:0.404310+0.000925	test-rmse:0.404612+0.003971 
[768]	train-rmse:0.404277+0.000933	test-rmse:0.404579+0.003961 
[769]	train-rmse:0.404252+0.000947	test-rmse:0.404554+0.003946 
[770]	train-rmse:0.404235+0.000933	test-rmse:0.404538+0.003960 
[771]	train-rmse:0.404227+0.000948	test-rmse:0.404531+0.003947 
[772]	train-rmse:0.404202+0.000948	test-rmse:0.404506+0.003948 
[773]	train-rmse:0.404186+0.000946	test-rmse:0.404490+0.003948 
[774]	train-rmse:0.404169+0.000941	test-rmse:0.404475+0.003958 
[775]	train-rmse:0.404144+0.000932	test-rmse:0.404450+0.003966 
[776]	train-rmse:0.404127+0.000922	test-rmse:0.404434+0.003972 
[777]	train-rmse:0.404102+0.000909	test-rmse:0.404409+0.003990 
[778]	train-rmse:0.404093+0.000906	test-rmse:0.404401+0.003986 
[779]	train-rmse:0.404084+0.000904	test-rmse:0.404393+0.003983 
[780]	train-rmse:0.404059+0.000913	test-rmse:0.404367+0.003977 
[781]	train-rmse:0.404034+0.000928	test-rmse:0.404342+0.003962 
[782]	train-rmse:0.404026+0.000920	test-rmse:0.404334+0.003968 
[783]	train-rmse:0.404001+0.000921	test-rmse:0.404310+0.003969 
[784]	train-rmse:0.403993+0.000919	test-rmse:0.404302+0.003966 
[785]	train-rmse:0.403976+0.000927	test-rmse:0.404285+0.003957 
[786]	train-rmse:0.403959+0.000944	test-rmse:0.404267+0.003944 
[787]	train-rmse:0.403917+0.000943	test-rmse:0.404227+0.003943 
[788]	train-rmse:0.403909+0.000958	test-rmse:0.404219+0.003929 
[789]	train-rmse:0.403901+0.000960	test-rmse:0.404210+0.003932 
[790]	train-rmse:0.403884+0.000967	test-rmse:0.404194+0.003927 
[791]	train-rmse:0.403876+0.000983	test-rmse:0.404185+0.003912 
[792]	train-rmse:0.403868+0.000981	test-rmse:0.404178+0.003909 
[793]	train-rmse:0.403842+0.000987	test-rmse:0.404154+0.003899 
[794]	train-rmse:0.403817+0.001000	test-rmse:0.404129+0.003885 
[795]	train-rmse:0.403817+0.001000	test-rmse:0.404129+0.003885 
[796]	train-rmse:0.403809+0.001001	test-rmse:0.404121+0.003887 
[797]	train-rmse:0.403784+0.001007	test-rmse:0.404096+0.003875 
[798]	train-rmse:0.403776+0.001022	test-rmse:0.404088+0.003861 
[799]	train-rmse:0.403760+0.001013	test-rmse:0.404073+0.003863 
[800]	train-rmse:0.403752+0.001014	test-rmse:0.404065+0.003866 
[801]	train-rmse:0.403752+0.001014	test-rmse:0.404065+0.003866 
[802]	train-rmse:0.403736+0.001030	test-rmse:0.404048+0.003855 
[803]	train-rmse:0.403719+0.001030	test-rmse:0.404031+0.003855 
[804]	train-rmse:0.403695+0.001022	test-rmse:0.404008+0.003860 
[805]	train-rmse:0.403670+0.001006	test-rmse:0.403985+0.003872 
[806]	train-rmse:0.403661+0.000998	test-rmse:0.403976+0.003879 
[807]	train-rmse:0.403652+0.000997	test-rmse:0.403968+0.003875 
[808]	train-rmse:0.403628+0.001005	test-rmse:0.403943+0.003871 
[809]	train-rmse:0.403619+0.001006	test-rmse:0.403934+0.003874 
[810]	train-rmse:0.403594+0.001022	test-rmse:0.403909+0.003859 
[811]	train-rmse:0.403560+0.001029	test-rmse:0.403877+0.003852 
[812]	train-rmse:0.403543+0.001020	test-rmse:0.403861+0.003855 
[813]	train-rmse:0.403527+0.001014	test-rmse:0.403845+0.003866 
[814]	train-rmse:0.403494+0.001015	test-rmse:0.403812+0.003869 
[815]	train-rmse:0.403469+0.001020	test-rmse:0.403788+0.003860 
[816]	train-rmse:0.403460+0.001019	test-rmse:0.403780+0.003857 
[817]	train-rmse:0.403452+0.001020	test-rmse:0.403772+0.003860 
[818]	train-rmse:0.403435+0.001027	test-rmse:0.403756+0.003855 
[819]	train-rmse:0.403419+0.001021	test-rmse:0.403739+0.003864 
[820]	train-rmse:0.403419+0.001021	test-rmse:0.403739+0.003864 
[821]	train-rmse:0.403411+0.001013	test-rmse:0.403731+0.003870 
[822]	train-rmse:0.403378+0.001020	test-rmse:0.403700+0.003866 
[823]	train-rmse:0.403361+0.001005	test-rmse:0.403684+0.003880 
[824]	train-rmse:0.403345+0.000999	test-rmse:0.403667+0.003889 
[825]	train-rmse:0.403321+0.001008	test-rmse:0.403643+0.003886 
[826]	train-rmse:0.403304+0.001003	test-rmse:0.403627+0.003896 
[827]	train-rmse:0.403279+0.000985	test-rmse:0.403604+0.003908 
[828]	train-rmse:0.403262+0.000998	test-rmse:0.403588+0.003890 
[829]	train-rmse:0.403246+0.000993	test-rmse:0.403571+0.003899 
[830]	train-rmse:0.403229+0.001000	test-rmse:0.403556+0.003894 
[831]	train-rmse:0.403221+0.001002	test-rmse:0.403547+0.003897 
[832]	train-rmse:0.403196+0.001007	test-rmse:0.403523+0.003889 
[833]	train-rmse:0.403188+0.001005	test-rmse:0.403516+0.003885 
[834]	train-rmse:0.403188+0.001005	test-rmse:0.403515+0.003885 
[835]	train-rmse:0.403171+0.001000	test-rmse:0.403499+0.003897 
[836]	train-rmse:0.403154+0.000985	test-rmse:0.403483+0.003911 
[837]	train-rmse:0.403130+0.000978	test-rmse:0.403460+0.003916 
[838]	train-rmse:0.403121+0.000971	test-rmse:0.403452+0.003925 
[839]	train-rmse:0.403105+0.000988	test-rmse:0.403435+0.003913 
[840]	train-rmse:0.403096+0.000979	test-rmse:0.403426+0.003919 
[841]	train-rmse:0.403079+0.000992	test-rmse:0.403410+0.003901 
[842]	train-rmse:0.403054+0.000986	test-rmse:0.403386+0.003909 
[843]	train-rmse:0.403029+0.000994	test-rmse:0.403361+0.003904 
[844]	train-rmse:0.403013+0.000989	test-rmse:0.403345+0.003916 
[845]	train-rmse:0.402989+0.000982	test-rmse:0.403322+0.003921 
[846]	train-rmse:0.402972+0.000977	test-rmse:0.403305+0.003933 
[847]	train-rmse:0.402955+0.000984	test-rmse:0.403288+0.003924 
[848]	train-rmse:0.402930+0.000983	test-rmse:0.403264+0.003924 
[849]	train-rmse:0.402913+0.000969	test-rmse:0.403248+0.003938 
[850]	train-rmse:0.402906+0.000971	test-rmse:0.403240+0.003941 
[851]	train-rmse:0.402880+0.000963	test-rmse:0.403215+0.003947 
[852]	train-rmse:0.402864+0.000953	test-rmse:0.403199+0.003949 
[853]	train-rmse:0.402855+0.000945	test-rmse:0.403191+0.003958 
[854]	train-rmse:0.402839+0.000941	test-rmse:0.403175+0.003967 
[855]	train-rmse:0.402807+0.000948	test-rmse:0.403143+0.003958 
[856]	train-rmse:0.402790+0.000960	test-rmse:0.403126+0.003940 
[857]	train-rmse:0.402748+0.000960	test-rmse:0.403086+0.003939 
[858]	train-rmse:0.402731+0.000950	test-rmse:0.403070+0.003942 
[859]	train-rmse:0.402715+0.000957	test-rmse:0.403053+0.003934 
[860]	train-rmse:0.402706+0.000960	test-rmse:0.403045+0.003937 
[861]	train-rmse:0.402698+0.000963	test-rmse:0.403037+0.003940 
[862]	train-rmse:0.402673+0.000961	test-rmse:0.403012+0.003940 
[863]	train-rmse:0.402640+0.000968	test-rmse:0.402980+0.003934 
[864]	train-rmse:0.402631+0.000965	test-rmse:0.402972+0.003930 
[865]	train-rmse:0.402615+0.000972	test-rmse:0.402956+0.003923 
[866]	train-rmse:0.402598+0.000962	test-rmse:0.402941+0.003927 
[867]	train-rmse:0.402582+0.000979	test-rmse:0.402925+0.003916 
[868]	train-rmse:0.402574+0.000971	test-rmse:0.402917+0.003924 
[869]	train-rmse:0.402548+0.000982	test-rmse:0.402892+0.003919 
[870]	train-rmse:0.402548+0.000982	test-rmse:0.402891+0.003919 
[871]	train-rmse:0.402524+0.000986	test-rmse:0.402867+0.003908 
[872]	train-rmse:0.402491+0.000993	test-rmse:0.402835+0.003902 
[873]	train-rmse:0.402475+0.000989	test-rmse:0.402819+0.003911 
[874]	train-rmse:0.402450+0.000998	test-rmse:0.402795+0.003907 
[875]	train-rmse:0.402425+0.001013	test-rmse:0.402770+0.003893 
[876]	train-rmse:0.402401+0.001027	test-rmse:0.402746+0.003880 
[877]	train-rmse:0.402384+0.001040	test-rmse:0.402731+0.003862 
[878]	train-rmse:0.402376+0.001032	test-rmse:0.402723+0.003869 
[879]	train-rmse:0.402359+0.001023	test-rmse:0.402707+0.003871 
[880]	train-rmse:0.402342+0.001014	test-rmse:0.402691+0.003874 
[881]	train-rmse:0.402325+0.001003	test-rmse:0.402676+0.003879 
[882]	train-rmse:0.402309+0.000997	test-rmse:0.402660+0.003891 
[883]	train-rmse:0.402284+0.000991	test-rmse:0.402635+0.003897 
[884]	train-rmse:0.402259+0.001002	test-rmse:0.402610+0.003892 
[885]	train-rmse:0.402250+0.001016	test-rmse:0.402601+0.003877 
[886]	train-rmse:0.402226+0.001009	test-rmse:0.402578+0.003885 
[887]	train-rmse:0.402201+0.001008	test-rmse:0.402553+0.003883 
[888]	train-rmse:0.402201+0.001008	test-rmse:0.402553+0.003883 
[889]	train-rmse:0.402193+0.001001	test-rmse:0.402545+0.003889 
[890]	train-rmse:0.402159+0.001008	test-rmse:0.402513+0.003882 
[891]	train-rmse:0.402151+0.001007	test-rmse:0.402505+0.003879 
[892]	train-rmse:0.402117+0.001014	test-rmse:0.402472+0.003873 
[893]	train-rmse:0.402109+0.001007	test-rmse:0.402464+0.003878 
[894]	train-rmse:0.402084+0.001011	test-rmse:0.402441+0.003868 
[895]	train-rmse:0.402075+0.001003	test-rmse:0.402433+0.003876 
[896]	train-rmse:0.402042+0.001012	test-rmse:0.402401+0.003867 
[897]	train-rmse:0.402026+0.001019	test-rmse:0.402385+0.003859 
[898]	train-rmse:0.402018+0.001034	test-rmse:0.402376+0.003844 
[899]	train-rmse:0.402001+0.001028	test-rmse:0.402360+0.003855 
[900]	train-rmse:0.401977+0.001033	test-rmse:0.402336+0.003844 
[901]	train-rmse:0.401951+0.001038	test-rmse:0.402312+0.003834 
[902]	train-rmse:0.401925+0.001044	test-rmse:0.402288+0.003824 
[903]	train-rmse:0.401899+0.001049	test-rmse:0.402262+0.003813 
[904]	train-rmse:0.401874+0.001033	test-rmse:0.402239+0.003824 
[905]	train-rmse:0.401858+0.001040	test-rmse:0.402223+0.003816 
[906]	train-rmse:0.401842+0.001034	test-rmse:0.402206+0.003825 
[907]	train-rmse:0.401825+0.001040	test-rmse:0.402190+0.003820 
[908]	train-rmse:0.401809+0.001031	test-rmse:0.402175+0.003823 
[909]	train-rmse:0.401784+0.001046	test-rmse:0.402151+0.003808 
[910]	train-rmse:0.401784+0.001046	test-rmse:0.402151+0.003808 
[911]	train-rmse:0.401760+0.001031	test-rmse:0.402128+0.003818 
[912]	train-rmse:0.401751+0.001023	test-rmse:0.402119+0.003825 
[913]	train-rmse:0.401743+0.001024	test-rmse:0.402111+0.003828 
[914]	train-rmse:0.401726+0.001009	test-rmse:0.402095+0.003842 
[915]	train-rmse:0.401701+0.001015	test-rmse:0.402071+0.003831 
[916]	train-rmse:0.401677+0.001023	test-rmse:0.402047+0.003827 
[917]	train-rmse:0.401669+0.001015	test-rmse:0.402039+0.003835 
[918]	train-rmse:0.401668+0.001015	test-rmse:0.402039+0.003835 
[919]	train-rmse:0.401652+0.001022	test-rmse:0.402023+0.003829 
[920]	train-rmse:0.401643+0.001014	test-rmse:0.402015+0.003837 
[921]	train-rmse:0.401635+0.001016	test-rmse:0.402006+0.003840 
[922]	train-rmse:0.401610+0.001022	test-rmse:0.401983+0.003830 
[923]	train-rmse:0.401594+0.001038	test-rmse:0.401966+0.003819 
[924]	train-rmse:0.401586+0.001053	test-rmse:0.401958+0.003805 
[925]	train-rmse:0.401577+0.001051	test-rmse:0.401950+0.003801 
[926]	train-rmse:0.401561+0.001045	test-rmse:0.401933+0.003811 
[927]	train-rmse:0.401553+0.001037	test-rmse:0.401925+0.003817 
[928]	train-rmse:0.401536+0.001028	test-rmse:0.401910+0.003821 
[929]	train-rmse:0.401511+0.001037	test-rmse:0.401885+0.003818 
[930]	train-rmse:0.401495+0.001053	test-rmse:0.401869+0.003808 
[931]	train-rmse:0.401462+0.001060	test-rmse:0.401836+0.003799 
[932]	train-rmse:0.401438+0.001070	test-rmse:0.401811+0.003794 
[933]	train-rmse:0.401412+0.001069	test-rmse:0.401786+0.003794 
[934]	train-rmse:0.401387+0.001075	test-rmse:0.401762+0.003782 
[935]	train-rmse:0.401387+0.001075	test-rmse:0.401762+0.003782 
[936]	train-rmse:0.401346+0.001075	test-rmse:0.401722+0.003783 
[937]	train-rmse:0.401346+0.001075	test-rmse:0.401722+0.003783 
[938]	train-rmse:0.401322+0.001067	test-rmse:0.401698+0.003789 
[939]	train-rmse:0.401305+0.001059	test-rmse:0.401682+0.003791 
[940]	train-rmse:0.401288+0.001072	test-rmse:0.401666+0.003774 
[941]	train-rmse:0.401272+0.001072	test-rmse:0.401650+0.003774 
[942]	train-rmse:0.401263+0.001088	test-rmse:0.401642+0.003759 
[943]	train-rmse:0.401263+0.001088	test-rmse:0.401642+0.003759 
[944]	train-rmse:0.401255+0.001081	test-rmse:0.401633+0.003765 
[945]	train-rmse:0.401238+0.001066	test-rmse:0.401618+0.003779 
[946]	train-rmse:0.401230+0.001065	test-rmse:0.401610+0.003776 
[947]	train-rmse:0.401221+0.001080	test-rmse:0.401602+0.003761 
[948]	train-rmse:0.401213+0.001081	test-rmse:0.401593+0.003765 
[949]	train-rmse:0.401213+0.001081	test-rmse:0.401593+0.003765 
[950]	train-rmse:0.401188+0.001081	test-rmse:0.401568+0.003764 
[951]	train-rmse:0.401179+0.001080	test-rmse:0.401561+0.003761 
[952]	train-rmse:0.401171+0.001073	test-rmse:0.401552+0.003767 
[953]	train-rmse:0.401154+0.001059	test-rmse:0.401536+0.003781 
[954]	train-rmse:0.401146+0.001050	test-rmse:0.401529+0.003789 
[955]	train-rmse:0.401113+0.001059	test-rmse:0.401497+0.003780 
[956]	train-rmse:0.401080+0.001066	test-rmse:0.401465+0.003772 
[957]	train-rmse:0.401064+0.001075	test-rmse:0.401448+0.003765 
[958]	train-rmse:0.401048+0.001082	test-rmse:0.401433+0.003758 
[959]	train-rmse:0.401023+0.001088	test-rmse:0.401409+0.003748 
[960]	train-rmse:0.401006+0.001095	test-rmse:0.401393+0.003741 
[961]	train-rmse:0.400998+0.001094	test-rmse:0.401385+0.003737 
[962]	train-rmse:0.400964+0.001078	test-rmse:0.401353+0.003752 
[963]	train-rmse:0.400940+0.001092	test-rmse:0.401330+0.003738 
[964]	train-rmse:0.400932+0.001092	test-rmse:0.401321+0.003741 
[965]	train-rmse:0.400916+0.001106	test-rmse:0.401306+0.003724 
[966]	train-rmse:0.400907+0.001099	test-rmse:0.401297+0.003731 
[967]	train-rmse:0.400890+0.001092	test-rmse:0.401280+0.003741 
[968]	train-rmse:0.400874+0.001102	test-rmse:0.401263+0.003732 
[969]	train-rmse:0.400866+0.001102	test-rmse:0.401254+0.003735 
[970]	train-rmse:0.400842+0.001103	test-rmse:0.401231+0.003736 
[971]	train-rmse:0.400841+0.001103	test-rmse:0.401231+0.003736 
[972]	train-rmse:0.400817+0.001094	test-rmse:0.401208+0.003743 
[973]	train-rmse:0.400800+0.001085	test-rmse:0.401192+0.003747 
[974]	train-rmse:0.400783+0.001084	test-rmse:0.401176+0.003747 
[975]	train-rmse:0.400767+0.001077	test-rmse:0.401160+0.003750 
[976]	train-rmse:0.400759+0.001091	test-rmse:0.401152+0.003736 
[977]	train-rmse:0.400743+0.001084	test-rmse:0.401136+0.003747 
> hgrid <-
+   dplyr::bind_cols(xgboost_params[index, ], dart.cv$evaluation_log[dart.cv$best_iteration, ], best_iter = dart.cv$best_iteration)
> 
> # write result
> fname <- file.path('data-raw', 'tune', year, 'array', paste0('tune_', index, '.tsv'))
> readr::write_tsv(hgrid, file = fname)
