> 
> # parse arguments
> args <- R.utils::commandArgs(trailingOnly = FALSE, asValues = TRUE)
> index <- as.integer(args$index)
> year <- as.character(args$year)
> nreps <- as.integer(args$nreps)
> seed <- as.integer(args$seed)
> 
> # get number of cores
> wkrs <- length(future::availableWorkers())
> 
> # set seed
> set.seed(seed)
> 
> # read and prepare the cluster features
> fp <- file.path('data-raw', 'features', year)
> clf <-
+   read_features(fp, pattern = 'paris.', recursive = FALSE)
> clf <- prepare_features(
+   clf,
+   feature_map = feature_map,
+   category = c('response', 'bio', 'net'),
+   type = 'list',
+   exclusions = c(
+     'mg2_pairs_count',
+     'mg2_not_pairs_count',
+     'mg2_portion_families_recovered',
+     'cluster_origin',
+     'bocc_origin',
+     'cluster_method',
+     'subcluster_method',
+     'year',
+     'IDs',
+     'go_sig_threshold',
+     'num_new_edges_on_any_node',
+     'HPO_ratio'
+   ),
+   verbose = TRUE
+ )
c('HPO_ratio', 'IDs', 'bocc_origin', 'cluster_method', 'cluster_origin', 'go_sig_threshold', 'max_norm_cell_type_comma_sep_string', 'max_norm_disease_comma_sep_string', 'mg2_not_pairs_count', 'mg2_pairs_count', 'mg2_portion_families_recovered', 'num_new_edges_on_any_node', 'sig_go_enrichment_fdr_corrected_p_vals', 'sig_go_enrichment_p_vals', 'sig_go_enrichment_terms', 'subcluster_method', 'year')

> 
> # prepare grid of parameters
> xgboost_params <- dials::parameters(
+   nrounds = dials::trees(),
+   eta = dials::learn_rate(),
+   gamma = dials::loss_reduction(),
+   dials::tree_depth(),
+   subsample = dials::sample_prop(),
+   rate_drop = dials::dropout(),
+   skip_drop = dials::dropout()
+ )
> xgboost_params <-
+   dials::grid_max_entropy(xgboost_params, size = nreps)
> 
> # tune the dart booster
> dart.param <-
+   list(
+     booster = "dart",
+     objective = "reg:logistic",
+     eval_metric = "rmse",
+     nthread = wkrs,
+     max_depth = xgboost_params$tree_depth[index],
+     eta = xgboost_params$eta[index],
+     gamma = xgboost_params$gamma[index],
+     subsample = xgboost_params$subsample[index],
+     rate_drop = xgboost_params$rate_drop[index],
+     skip_drop = xgboost_params$skip_drop[index]
+   )
> dart.cv <- xgboost::xgb.cv(
+   params = dart.param,
+   nrounds = xgboost_params$nrounds[index],
+   data = as.matrix(clf[, -1]),
+   nfold = 5,
+   label = clf$snowballing_pvalue,
+   early_stopping_rounds = 50
+ )
[1]	train-rmse:0.417518+0.001017	test-rmse:0.417510+0.004059 
Multiple eval metrics are present. Will use test_rmse for early stopping.
Will train until test_rmse hasn't improved in 50 rounds.

[2]	train-rmse:0.417322+0.001015	test-rmse:0.417329+0.004058 
[3]	train-rmse:0.417147+0.001013	test-rmse:0.417167+0.004059 
[4]	train-rmse:0.417030+0.001029	test-rmse:0.417060+0.004043 
[5]	train-rmse:0.416894+0.000998	test-rmse:0.416934+0.004071 
[6]	train-rmse:0.416788+0.000975	test-rmse:0.416839+0.004098 
[7]	train-rmse:0.416657+0.000923	test-rmse:0.416719+0.004151 
[8]	train-rmse:0.416497+0.000955	test-rmse:0.416568+0.004113 
[9]	train-rmse:0.416335+0.000963	test-rmse:0.416419+0.004112 
[10]	train-rmse:0.416209+0.001005	test-rmse:0.416305+0.004089 
[11]	train-rmse:0.416013+0.001003	test-rmse:0.416123+0.004087 
[12]	train-rmse:0.415923+0.000991	test-rmse:0.416044+0.004125 
[13]	train-rmse:0.415800+0.001044	test-rmse:0.415931+0.004105 
[14]	train-rmse:0.415676+0.001024	test-rmse:0.415817+0.004141 
[15]	train-rmse:0.415520+0.001002	test-rmse:0.415669+0.004137 
[16]	train-rmse:0.415362+0.001022	test-rmse:0.415523+0.004139 
[17]	train-rmse:0.415241+0.001067	test-rmse:0.415412+0.004101 
[18]	train-rmse:0.415048+0.001067	test-rmse:0.415234+0.004099 
[19]	train-rmse:0.414890+0.001008	test-rmse:0.415087+0.004156 
[20]	train-rmse:0.414769+0.000978	test-rmse:0.414978+0.004218 
[21]	train-rmse:0.414611+0.001011	test-rmse:0.414834+0.004223 
[22]	train-rmse:0.414529+0.001037	test-rmse:0.414754+0.004154 
[23]	train-rmse:0.414410+0.001048	test-rmse:0.414642+0.004130 
[24]	train-rmse:0.414328+0.001075	test-rmse:0.414565+0.004092 
[25]	train-rmse:0.414135+0.001073	test-rmse:0.414386+0.004092 
[26]	train-rmse:0.413980+0.001108	test-rmse:0.414242+0.004068 
[27]	train-rmse:0.413898+0.001155	test-rmse:0.414166+0.004050 
[28]	train-rmse:0.413705+0.001154	test-rmse:0.413988+0.004047 
[29]	train-rmse:0.413588+0.001169	test-rmse:0.413879+0.004054 
[30]	train-rmse:0.413433+0.001105	test-rmse:0.413736+0.004109 
[31]	train-rmse:0.413352+0.001062	test-rmse:0.413664+0.004171 
[32]	train-rmse:0.413234+0.001040	test-rmse:0.413557+0.004235 
[33]	train-rmse:0.413041+0.001040	test-rmse:0.413377+0.004234 
[34]	train-rmse:0.412999+0.001010	test-rmse:0.413337+0.004256 
[35]	train-rmse:0.412844+0.000950	test-rmse:0.413193+0.004314 
[36]	train-rmse:0.412690+0.000893	test-rmse:0.413049+0.004370 
[37]	train-rmse:0.412573+0.000947	test-rmse:0.412942+0.004334 
[38]	train-rmse:0.412493+0.000951	test-rmse:0.412867+0.004359 
[39]	train-rmse:0.412301+0.000952	test-rmse:0.412690+0.004355 
[40]	train-rmse:0.412220+0.000892	test-rmse:0.412615+0.004388 
[41]	train-rmse:0.412068+0.000868	test-rmse:0.412471+0.004388 
[42]	train-rmse:0.411876+0.000868	test-rmse:0.412292+0.004385 
[43]	train-rmse:0.411685+0.000868	test-rmse:0.412116+0.004383 
[44]	train-rmse:0.411494+0.000869	test-rmse:0.411939+0.004379 
[45]	train-rmse:0.411378+0.000793	test-rmse:0.411830+0.004438 
[46]	train-rmse:0.411337+0.000796	test-rmse:0.411793+0.004480 
[47]	train-rmse:0.411259+0.000830	test-rmse:0.411718+0.004445 
[48]	train-rmse:0.411105+0.000853	test-rmse:0.411575+0.004417 
[49]	train-rmse:0.410951+0.000798	test-rmse:0.411435+0.004472 
[50]	train-rmse:0.410798+0.000745	test-rmse:0.411293+0.004531 
[51]	train-rmse:0.410680+0.000828	test-rmse:0.411190+0.004511 
[52]	train-rmse:0.410564+0.000839	test-rmse:0.411085+0.004575 
[53]	train-rmse:0.410450+0.000853	test-rmse:0.410977+0.004507 
[54]	train-rmse:0.410335+0.000820	test-rmse:0.410866+0.004463 
[55]	train-rmse:0.410182+0.000849	test-rmse:0.410725+0.004435 
[56]	train-rmse:0.409992+0.000850	test-rmse:0.410549+0.004436 
[57]	train-rmse:0.409875+0.000797	test-rmse:0.410439+0.004452 
[58]	train-rmse:0.409686+0.000798	test-rmse:0.410264+0.004449 
[59]	train-rmse:0.409607+0.000879	test-rmse:0.410193+0.004386 
[60]	train-rmse:0.409419+0.000878	test-rmse:0.410017+0.004387 
[61]	train-rmse:0.409268+0.000848	test-rmse:0.409874+0.004384 
[62]	train-rmse:0.409115+0.000799	test-rmse:0.409734+0.004442 
[63]	train-rmse:0.408926+0.000799	test-rmse:0.409559+0.004439 
[64]	train-rmse:0.408775+0.000832	test-rmse:0.409418+0.004412 
[65]	train-rmse:0.408624+0.000832	test-rmse:0.409276+0.004369 
[66]	train-rmse:0.408434+0.000834	test-rmse:0.409100+0.004366 
[67]	train-rmse:0.408322+0.000807	test-rmse:0.408991+0.004327 
[68]	train-rmse:0.408172+0.000818	test-rmse:0.408851+0.004285 
[69]	train-rmse:0.407984+0.000819	test-rmse:0.408676+0.004283 
[70]	train-rmse:0.407834+0.000790	test-rmse:0.408535+0.004285 
[71]	train-rmse:0.407721+0.000835	test-rmse:0.408429+0.004221 
[72]	train-rmse:0.407608+0.000891	test-rmse:0.408326+0.004184 
[73]	train-rmse:0.407455+0.000933	test-rmse:0.408187+0.004182 
[74]	train-rmse:0.407305+0.000954	test-rmse:0.408046+0.004142 
[75]	train-rmse:0.407154+0.000980	test-rmse:0.407905+0.004101 
[76]	train-rmse:0.406966+0.000979	test-rmse:0.407729+0.004100 
[77]	train-rmse:0.406855+0.000979	test-rmse:0.407623+0.004064 
[78]	train-rmse:0.406742+0.000973	test-rmse:0.407517+0.004039 
[79]	train-rmse:0.406592+0.000997	test-rmse:0.407379+0.004012 
[80]	train-rmse:0.406441+0.001026	test-rmse:0.407238+0.003985 
[81]	train-rmse:0.406254+0.001025	test-rmse:0.407067+0.003985 
[82]	train-rmse:0.406104+0.000966	test-rmse:0.406930+0.004043 
[83]	train-rmse:0.405991+0.000972	test-rmse:0.406826+0.004046 
[84]	train-rmse:0.405840+0.000951	test-rmse:0.406685+0.004047 
[85]	train-rmse:0.405727+0.000912	test-rmse:0.406579+0.004068 
[86]	train-rmse:0.405576+0.000851	test-rmse:0.406440+0.004127 
[87]	train-rmse:0.405465+0.000856	test-rmse:0.406332+0.004094 
[88]	train-rmse:0.405390+0.000806	test-rmse:0.406259+0.004123 
[89]	train-rmse:0.405205+0.000806	test-rmse:0.406086+0.004123 
[90]	train-rmse:0.405057+0.000788	test-rmse:0.405948+0.004125 
[91]	train-rmse:0.404944+0.000850	test-rmse:0.405843+0.004087 
[92]	train-rmse:0.404831+0.000817	test-rmse:0.405742+0.004145 
[93]	train-rmse:0.404644+0.000816	test-rmse:0.405569+0.004144 
[94]	train-rmse:0.404532+0.000735	test-rmse:0.405466+0.004207 
[95]	train-rmse:0.404421+0.000806	test-rmse:0.405364+0.004170 
[96]	train-rmse:0.404273+0.000788	test-rmse:0.405224+0.004179 
[97]	train-rmse:0.404123+0.000726	test-rmse:0.405087+0.004238 
[98]	train-rmse:0.403937+0.000727	test-rmse:0.404914+0.004234 
[99]	train-rmse:0.403751+0.000728	test-rmse:0.404742+0.004230 
[100]	train-rmse:0.403639+0.000752	test-rmse:0.404638+0.004237 
[101]	train-rmse:0.403528+0.000681	test-rmse:0.404535+0.004302 
[102]	train-rmse:0.403343+0.000680	test-rmse:0.404365+0.004300 
[103]	train-rmse:0.403194+0.000617	test-rmse:0.404228+0.004358 
[104]	train-rmse:0.403118+0.000652	test-rmse:0.404160+0.004333 
[105]	train-rmse:0.402971+0.000590	test-rmse:0.404024+0.004390 
[106]	train-rmse:0.402860+0.000663	test-rmse:0.403925+0.004352 
[107]	train-rmse:0.402711+0.000693	test-rmse:0.403786+0.004316 
[108]	train-rmse:0.402562+0.000740	test-rmse:0.403650+0.004315 
[109]	train-rmse:0.402413+0.000791	test-rmse:0.403514+0.004315 
[110]	train-rmse:0.402228+0.000789	test-rmse:0.403343+0.004312 
[111]	train-rmse:0.402115+0.000727	test-rmse:0.403241+0.004338 
[112]	train-rmse:0.401967+0.000725	test-rmse:0.403105+0.004307 
[113]	train-rmse:0.401894+0.000732	test-rmse:0.403034+0.004247 
[114]	train-rmse:0.401748+0.000741	test-rmse:0.402900+0.004216 
[115]	train-rmse:0.401638+0.000769	test-rmse:0.402797+0.004222 
[116]	train-rmse:0.401564+0.000814	test-rmse:0.402729+0.004200 
[117]	train-rmse:0.401379+0.000814	test-rmse:0.402561+0.004199 
[118]	train-rmse:0.401304+0.000888	test-rmse:0.402493+0.004132 
[119]	train-rmse:0.401157+0.000877	test-rmse:0.402353+0.004143 
[120]	train-rmse:0.400973+0.000875	test-rmse:0.402182+0.004141 
[121]	train-rmse:0.400827+0.000869	test-rmse:0.402044+0.004150 
[122]	train-rmse:0.400679+0.000916	test-rmse:0.401911+0.004152 
[123]	train-rmse:0.400569+0.000937	test-rmse:0.401809+0.004086 
[124]	train-rmse:0.400494+0.000935	test-rmse:0.401742+0.004106 
[125]	train-rmse:0.400382+0.000925	test-rmse:0.401641+0.004165 
[126]	train-rmse:0.400235+0.000977	test-rmse:0.401506+0.004169 
[127]	train-rmse:0.400089+0.000965	test-rmse:0.401368+0.004178 
[128]	train-rmse:0.399906+0.000964	test-rmse:0.401200+0.004177 
[129]	train-rmse:0.399796+0.001011	test-rmse:0.401097+0.004190 
[130]	train-rmse:0.399650+0.001014	test-rmse:0.400962+0.004159 
[131]	train-rmse:0.399540+0.001064	test-rmse:0.400862+0.004170 
[132]	train-rmse:0.399430+0.001065	test-rmse:0.400764+0.004228 
[133]	train-rmse:0.399248+0.001065	test-rmse:0.400593+0.004228 
[134]	train-rmse:0.399137+0.001073	test-rmse:0.400493+0.004287 
[135]	train-rmse:0.399062+0.001088	test-rmse:0.400429+0.004315 
[136]	train-rmse:0.398881+0.001088	test-rmse:0.400263+0.004313 
[137]	train-rmse:0.398736+0.001152	test-rmse:0.400132+0.004317 
[138]	train-rmse:0.398555+0.001152	test-rmse:0.399965+0.004315 
[139]	train-rmse:0.398409+0.001217	test-rmse:0.399834+0.004319 
[140]	train-rmse:0.398263+0.001219	test-rmse:0.399701+0.004286 
[141]	train-rmse:0.398225+0.001230	test-rmse:0.399667+0.004325 
[142]	train-rmse:0.398079+0.001189	test-rmse:0.399534+0.004377 
[143]	train-rmse:0.397935+0.001178	test-rmse:0.399395+0.004334 
[144]	train-rmse:0.397863+0.001157	test-rmse:0.399326+0.004273 
[145]	train-rmse:0.397682+0.001157	test-rmse:0.399159+0.004272 
[146]	train-rmse:0.397575+0.001105	test-rmse:0.399059+0.004286 
[147]	train-rmse:0.397464+0.001129	test-rmse:0.398961+0.004346 
[148]	train-rmse:0.397355+0.001094	test-rmse:0.398862+0.004369 
[149]	train-rmse:0.397209+0.001059	test-rmse:0.398729+0.004423 
[150]	train-rmse:0.397029+0.001059	test-rmse:0.398562+0.004423 
[151]	train-rmse:0.396919+0.001034	test-rmse:0.398463+0.004449 
[152]	train-rmse:0.396882+0.001029	test-rmse:0.398429+0.004477 
[153]	train-rmse:0.396773+0.001086	test-rmse:0.398329+0.004442 
[154]	train-rmse:0.396628+0.001059	test-rmse:0.398194+0.004497 
[155]	train-rmse:0.396519+0.001026	test-rmse:0.398091+0.004517 
[156]	train-rmse:0.396340+0.001028	test-rmse:0.397927+0.004513 
[157]	train-rmse:0.396231+0.001020	test-rmse:0.397825+0.004447 
[158]	train-rmse:0.396159+0.001053	test-rmse:0.397760+0.004424 
[159]	train-rmse:0.396014+0.001027	test-rmse:0.397627+0.004481 
[160]	train-rmse:0.395833+0.001028	test-rmse:0.397459+0.004477 
[161]	train-rmse:0.395691+0.000995	test-rmse:0.397326+0.004481 
[162]	train-rmse:0.395511+0.000997	test-rmse:0.397161+0.004477 
[163]	train-rmse:0.395331+0.000999	test-rmse:0.396995+0.004476 
[164]	train-rmse:0.395152+0.001000	test-rmse:0.396829+0.004475 
[165]	train-rmse:0.395044+0.000994	test-rmse:0.396729+0.004410 
[166]	train-rmse:0.394901+0.000962	test-rmse:0.396595+0.004414 
[167]	train-rmse:0.394757+0.000935	test-rmse:0.396463+0.004468 
[168]	train-rmse:0.394650+0.000972	test-rmse:0.396363+0.004474 
[169]	train-rmse:0.394543+0.001015	test-rmse:0.396266+0.004481 
[170]	train-rmse:0.394364+0.001015	test-rmse:0.396100+0.004482 
[171]	train-rmse:0.394222+0.001003	test-rmse:0.395966+0.004447 
[172]	train-rmse:0.394186+0.001009	test-rmse:0.395932+0.004478 
[173]	train-rmse:0.394079+0.001057	test-rmse:0.395835+0.004488 
[174]	train-rmse:0.393970+0.001022	test-rmse:0.395735+0.004510 
[175]	train-rmse:0.393828+0.001018	test-rmse:0.395606+0.004478 
[176]	train-rmse:0.393756+0.000981	test-rmse:0.395537+0.004420 
[177]	train-rmse:0.393612+0.000951	test-rmse:0.395405+0.004474 
[178]	train-rmse:0.393468+0.000925	test-rmse:0.395275+0.004528 
[179]	train-rmse:0.393396+0.000878	test-rmse:0.395209+0.004561 
[180]	train-rmse:0.393218+0.000881	test-rmse:0.395046+0.004561 
[181]	train-rmse:0.393113+0.000928	test-rmse:0.394948+0.004570 
[182]	train-rmse:0.392971+0.000911	test-rmse:0.394814+0.004578 
[183]	train-rmse:0.392792+0.000913	test-rmse:0.394652+0.004575 
[184]	train-rmse:0.392615+0.000913	test-rmse:0.394488+0.004574 
[185]	train-rmse:0.392541+0.000958	test-rmse:0.394424+0.004600 
[186]	train-rmse:0.392434+0.000933	test-rmse:0.394327+0.004535 
[187]	train-rmse:0.392259+0.000936	test-rmse:0.394164+0.004534 
[188]	train-rmse:0.392223+0.000962	test-rmse:0.394130+0.004478 
[189]	train-rmse:0.392151+0.001013	test-rmse:0.394064+0.004412 
[190]	train-rmse:0.392009+0.001024	test-rmse:0.393935+0.004381 
[191]	train-rmse:0.391902+0.000971	test-rmse:0.393836+0.004443 
[192]	train-rmse:0.391761+0.000948	test-rmse:0.393704+0.004405 
[193]	train-rmse:0.391583+0.000950	test-rmse:0.393541+0.004402 
[194]	train-rmse:0.391442+0.001015	test-rmse:0.393414+0.004400 
[195]	train-rmse:0.391334+0.000997	test-rmse:0.393319+0.004425 
[196]	train-rmse:0.391264+0.000963	test-rmse:0.393252+0.004370 
[197]	train-rmse:0.391193+0.000929	test-rmse:0.393187+0.004362 
[198]	train-rmse:0.391051+0.000951	test-rmse:0.393058+0.004330 
[199]	train-rmse:0.390909+0.000977	test-rmse:0.392929+0.004303 
[200]	train-rmse:0.390767+0.000960	test-rmse:0.392799+0.004265 
[201]	train-rmse:0.390662+0.000915	test-rmse:0.392699+0.004237 
[202]	train-rmse:0.390556+0.000915	test-rmse:0.392600+0.004217 
[203]	train-rmse:0.390451+0.000946	test-rmse:0.392503+0.004223 
[204]	train-rmse:0.390312+0.000927	test-rmse:0.392373+0.004235 
[205]	train-rmse:0.390240+0.000893	test-rmse:0.392307+0.004227 
[206]	train-rmse:0.390135+0.000856	test-rmse:0.392205+0.004201 
[207]	train-rmse:0.390029+0.000869	test-rmse:0.392105+0.004185 
[208]	train-rmse:0.389887+0.000902	test-rmse:0.391977+0.004159 
[209]	train-rmse:0.389816+0.000890	test-rmse:0.391913+0.004221 
[210]	train-rmse:0.389745+0.000875	test-rmse:0.391848+0.004234 
[211]	train-rmse:0.389571+0.000874	test-rmse:0.391688+0.004235 
[212]	train-rmse:0.389535+0.000849	test-rmse:0.391655+0.004262 
[213]	train-rmse:0.389465+0.000913	test-rmse:0.391591+0.004242 
[214]	train-rmse:0.389359+0.000897	test-rmse:0.391493+0.004268 
[215]	train-rmse:0.389358+0.000897	test-rmse:0.391492+0.004268 
[216]	train-rmse:0.389220+0.000886	test-rmse:0.391363+0.004280 
[217]	train-rmse:0.389149+0.000848	test-rmse:0.391298+0.004272 
[218]	train-rmse:0.389044+0.000795	test-rmse:0.391199+0.004339 
[219]	train-rmse:0.388905+0.000768	test-rmse:0.391069+0.004304 
[220]	train-rmse:0.388833+0.000736	test-rmse:0.391003+0.004297 
[221]	train-rmse:0.388797+0.000762	test-rmse:0.390972+0.004331 
[222]	train-rmse:0.388692+0.000776	test-rmse:0.390880+0.004378 
[223]	train-rmse:0.388586+0.000781	test-rmse:0.390784+0.004406 
[224]	train-rmse:0.388445+0.000831	test-rmse:0.390658+0.004398 
[225]	train-rmse:0.388306+0.000808	test-rmse:0.390529+0.004452 
[226]	train-rmse:0.388235+0.000787	test-rmse:0.390463+0.004448 
[227]	train-rmse:0.388130+0.000807	test-rmse:0.390370+0.004405 
[228]	train-rmse:0.387992+0.000782	test-rmse:0.390241+0.004370 
[229]	train-rmse:0.387920+0.000833	test-rmse:0.390176+0.004347 
[230]	train-rmse:0.387816+0.000864	test-rmse:0.390082+0.004308 
[231]	train-rmse:0.387710+0.000947	test-rmse:0.389989+0.004275 
[232]	train-rmse:0.387607+0.000971	test-rmse:0.389895+0.004282 
[233]	train-rmse:0.387537+0.000950	test-rmse:0.389829+0.004233 
[234]	train-rmse:0.387435+0.000905	test-rmse:0.389729+0.004209 
[235]	train-rmse:0.387331+0.000846	test-rmse:0.389636+0.004274 
[236]	train-rmse:0.387192+0.000877	test-rmse:0.389507+0.004247 
[237]	train-rmse:0.387088+0.000821	test-rmse:0.389410+0.004313 
[238]	train-rmse:0.387017+0.000804	test-rmse:0.389345+0.004354 
[239]	train-rmse:0.386914+0.000759	test-rmse:0.389246+0.004331 
[240]	train-rmse:0.386844+0.000749	test-rmse:0.389180+0.004374 
[241]	train-rmse:0.386671+0.000749	test-rmse:0.389019+0.004373 
[242]	train-rmse:0.386532+0.000717	test-rmse:0.388893+0.004340 
[243]	train-rmse:0.386396+0.000710	test-rmse:0.388766+0.004353 
[244]	train-rmse:0.386223+0.000710	test-rmse:0.388606+0.004354 
[245]	train-rmse:0.386120+0.000676	test-rmse:0.388508+0.004337 
[246]	train-rmse:0.385982+0.000649	test-rmse:0.388379+0.004305 
[247]	train-rmse:0.385877+0.000672	test-rmse:0.388286+0.004264 
[248]	train-rmse:0.385704+0.000672	test-rmse:0.388126+0.004265 
[249]	train-rmse:0.385564+0.000658	test-rmse:0.387997+0.004234 
[250]	train-rmse:0.385425+0.000703	test-rmse:0.387871+0.004225 
[251]	train-rmse:0.385287+0.000653	test-rmse:0.387747+0.004278 
[252]	train-rmse:0.385115+0.000653	test-rmse:0.387588+0.004277 
[253]	train-rmse:0.384976+0.000682	test-rmse:0.387461+0.004250 
[254]	train-rmse:0.384871+0.000622	test-rmse:0.387363+0.004272 
[255]	train-rmse:0.384699+0.000624	test-rmse:0.387203+0.004271 
[256]	train-rmse:0.384595+0.000561	test-rmse:0.387105+0.004342 
[257]	train-rmse:0.384457+0.000518	test-rmse:0.386979+0.004397 
[258]	train-rmse:0.384320+0.000505	test-rmse:0.386852+0.004412 
[259]	train-rmse:0.384183+0.000555	test-rmse:0.386726+0.004400 
[260]	train-rmse:0.384148+0.000571	test-rmse:0.386696+0.004386 
[261]	train-rmse:0.383976+0.000572	test-rmse:0.386539+0.004385 
[262]	train-rmse:0.383907+0.000546	test-rmse:0.386475+0.004382 
[263]	train-rmse:0.383770+0.000517	test-rmse:0.386351+0.004435 
[264]	train-rmse:0.383599+0.000518	test-rmse:0.386192+0.004436 
[265]	train-rmse:0.383496+0.000526	test-rmse:0.386097+0.004423 
[266]	train-rmse:0.383324+0.000528	test-rmse:0.385937+0.004425 
[267]	train-rmse:0.383186+0.000501	test-rmse:0.385813+0.004478 
[268]	train-rmse:0.383081+0.000586	test-rmse:0.385721+0.004439 
[269]	train-rmse:0.382943+0.000628	test-rmse:0.385598+0.004414 
[270]	train-rmse:0.382842+0.000646	test-rmse:0.385505+0.004416 
[271]	train-rmse:0.382670+0.000646	test-rmse:0.385349+0.004416 
[272]	train-rmse:0.382535+0.000628	test-rmse:0.385226+0.004430 
[273]	train-rmse:0.382399+0.000668	test-rmse:0.385102+0.004405 
[274]	train-rmse:0.382260+0.000711	test-rmse:0.384977+0.004393 
[275]	train-rmse:0.382158+0.000737	test-rmse:0.384881+0.004379 
[276]	train-rmse:0.382057+0.000672	test-rmse:0.384788+0.004400 
[277]	train-rmse:0.381921+0.000715	test-rmse:0.384665+0.004388 
[278]	train-rmse:0.381785+0.000690	test-rmse:0.384543+0.004440 
[279]	train-rmse:0.381716+0.000697	test-rmse:0.384481+0.004498 
[280]	train-rmse:0.381579+0.000733	test-rmse:0.384358+0.004472 
[281]	train-rmse:0.381444+0.000719	test-rmse:0.384232+0.004489 
[282]	train-rmse:0.381343+0.000690	test-rmse:0.384137+0.004557 
[283]	train-rmse:0.381241+0.000626	test-rmse:0.384042+0.004579 
[284]	train-rmse:0.381071+0.000628	test-rmse:0.383889+0.004578 
[285]	train-rmse:0.381003+0.000611	test-rmse:0.383828+0.004588 
[286]	train-rmse:0.380867+0.000661	test-rmse:0.383709+0.004575 
[287]	train-rmse:0.380732+0.000713	test-rmse:0.383587+0.004565 
[288]	train-rmse:0.380561+0.000714	test-rmse:0.383431+0.004562 
[289]	train-rmse:0.380460+0.000663	test-rmse:0.383336+0.004584 
[290]	train-rmse:0.380325+0.000688	test-rmse:0.383213+0.004557 
[291]	train-rmse:0.380189+0.000650	test-rmse:0.383088+0.004525 
[292]	train-rmse:0.380056+0.000625	test-rmse:0.382964+0.004541 
[293]	train-rmse:0.379921+0.000678	test-rmse:0.382842+0.004528 
[294]	train-rmse:0.379786+0.000643	test-rmse:0.382717+0.004499 
[295]	train-rmse:0.379618+0.000645	test-rmse:0.382565+0.004500 
[296]	train-rmse:0.379450+0.000647	test-rmse:0.382410+0.004500 
[297]	train-rmse:0.379279+0.000649	test-rmse:0.382255+0.004502 
[298]	train-rmse:0.379178+0.000613	test-rmse:0.382162+0.004569 
[299]	train-rmse:0.379111+0.000668	test-rmse:0.382100+0.004548 
[300]	train-rmse:0.378978+0.000630	test-rmse:0.381974+0.004516 
[301]	train-rmse:0.378842+0.000618	test-rmse:0.381853+0.004567 
[302]	train-rmse:0.378741+0.000557	test-rmse:0.381756+0.004555 
[303]	train-rmse:0.378607+0.000614	test-rmse:0.381638+0.004545 
[304]	train-rmse:0.378506+0.000584	test-rmse:0.381543+0.004615 
[305]	train-rmse:0.378406+0.000630	test-rmse:0.381452+0.004621 
[306]	train-rmse:0.378306+0.000682	test-rmse:0.381362+0.004628 
[307]	train-rmse:0.378205+0.000729	test-rmse:0.381274+0.004668 
[308]	train-rmse:0.378105+0.000721	test-rmse:0.381178+0.004737 
[309]	train-rmse:0.378004+0.000675	test-rmse:0.381086+0.004679 
[310]	train-rmse:0.377904+0.000668	test-rmse:0.380993+0.004748 
[311]	train-rmse:0.377769+0.000669	test-rmse:0.380871+0.004798 
[312]	train-rmse:0.377668+0.000727	test-rmse:0.380783+0.004836 
[313]	train-rmse:0.377569+0.000734	test-rmse:0.380691+0.004903 
[314]	train-rmse:0.377435+0.000786	test-rmse:0.380570+0.004894 
[315]	train-rmse:0.377268+0.000788	test-rmse:0.380419+0.004893 
[316]	train-rmse:0.377102+0.000788	test-rmse:0.380264+0.004894 
[317]	train-rmse:0.377002+0.000733	test-rmse:0.380170+0.004835 
[318]	train-rmse:0.376869+0.000788	test-rmse:0.380051+0.004824 
[319]	train-rmse:0.376769+0.000738	test-rmse:0.379960+0.004768 
[320]	train-rmse:0.376768+0.000738	test-rmse:0.379959+0.004768 
[321]	train-rmse:0.376668+0.000800	test-rmse:0.379872+0.004808 
[322]	train-rmse:0.376568+0.000809	test-rmse:0.379784+0.004829 
[323]	train-rmse:0.376468+0.000775	test-rmse:0.379692+0.004851 
[324]	train-rmse:0.376368+0.000812	test-rmse:0.379601+0.004856 
[325]	train-rmse:0.376302+0.000748	test-rmse:0.379539+0.004817 
[326]	train-rmse:0.376168+0.000804	test-rmse:0.379419+0.004805 
[327]	train-rmse:0.376100+0.000815	test-rmse:0.379357+0.004734 
[328]	train-rmse:0.375967+0.000873	test-rmse:0.379239+0.004723 
[329]	train-rmse:0.375835+0.000836	test-rmse:0.379117+0.004697 
[330]	train-rmse:0.375738+0.000781	test-rmse:0.379026+0.004686 
[331]	train-rmse:0.375669+0.000838	test-rmse:0.378968+0.004698 
[332]	train-rmse:0.375537+0.000839	test-rmse:0.378847+0.004668 
[333]	train-rmse:0.375371+0.000840	test-rmse:0.378695+0.004666 
[334]	train-rmse:0.375238+0.000846	test-rmse:0.378576+0.004637 
[335]	train-rmse:0.375172+0.000891	test-rmse:0.378516+0.004613 
[336]	train-rmse:0.375074+0.000885	test-rmse:0.378426+0.004602 
[337]	train-rmse:0.374941+0.000882	test-rmse:0.378305+0.004652 
[338]	train-rmse:0.374839+0.000950	test-rmse:0.378216+0.004612 
[339]	train-rmse:0.374739+0.000924	test-rmse:0.378121+0.004553 
[340]	train-rmse:0.374606+0.000922	test-rmse:0.378002+0.004602 
[341]	train-rmse:0.374442+0.000924	test-rmse:0.377854+0.004604 
[342]	train-rmse:0.374343+0.000923	test-rmse:0.377762+0.004593 
[343]	train-rmse:0.374211+0.000973	test-rmse:0.377643+0.004583 
[344]	train-rmse:0.374145+0.000931	test-rmse:0.377580+0.004544 
[345]	train-rmse:0.374046+0.000908	test-rmse:0.377489+0.004611 
[346]	train-rmse:0.373947+0.000913	test-rmse:0.377402+0.004569 
[347]	train-rmse:0.373782+0.000914	test-rmse:0.377251+0.004569 
[348]	train-rmse:0.373651+0.000910	test-rmse:0.377132+0.004619 
[349]	train-rmse:0.373585+0.000962	test-rmse:0.377072+0.004598 
[350]	train-rmse:0.373421+0.000963	test-rmse:0.376923+0.004599 
[351]	train-rmse:0.373322+0.000970	test-rmse:0.376834+0.004587 
[352]	train-rmse:0.373224+0.001008	test-rmse:0.376744+0.004594 
[353]	train-rmse:0.373092+0.001058	test-rmse:0.376627+0.004586 
[354]	train-rmse:0.373026+0.001116	test-rmse:0.376571+0.004597 
[355]	train-rmse:0.372960+0.001118	test-rmse:0.376510+0.004637 
[356]	train-rmse:0.372862+0.001130	test-rmse:0.376420+0.004632 
[357]	train-rmse:0.372796+0.001096	test-rmse:0.376359+0.004624 
[358]	train-rmse:0.372631+0.001097	test-rmse:0.376210+0.004625 
[359]	train-rmse:0.372500+0.001142	test-rmse:0.376093+0.004615 
[360]	train-rmse:0.372370+0.001133	test-rmse:0.375975+0.004632 
[361]	train-rmse:0.372273+0.001076	test-rmse:0.375882+0.004621 
[362]	train-rmse:0.372273+0.001076	test-rmse:0.375882+0.004621 
[363]	train-rmse:0.372206+0.001135	test-rmse:0.375825+0.004633 
[364]	train-rmse:0.372041+0.001137	test-rmse:0.375677+0.004631 
[365]	train-rmse:0.371910+0.001183	test-rmse:0.375558+0.004622 
[366]	train-rmse:0.371780+0.001177	test-rmse:0.375436+0.004640 
[367]	train-rmse:0.371683+0.001196	test-rmse:0.375347+0.004635 
[368]	train-rmse:0.371554+0.001145	test-rmse:0.375225+0.004605 
[369]	train-rmse:0.371519+0.001150	test-rmse:0.375198+0.004586 
[370]	train-rmse:0.371422+0.001169	test-rmse:0.375109+0.004580 
[371]	train-rmse:0.371293+0.001118	test-rmse:0.374988+0.004550 
[372]	train-rmse:0.371194+0.001188	test-rmse:0.374901+0.004511 
[373]	train-rmse:0.371064+0.001218	test-rmse:0.374782+0.004488 
[374]	train-rmse:0.370934+0.001171	test-rmse:0.374664+0.004459 
[375]	train-rmse:0.370773+0.001173	test-rmse:0.374519+0.004458 
[376]	train-rmse:0.370644+0.001129	test-rmse:0.374399+0.004427 
[377]	train-rmse:0.370514+0.001162	test-rmse:0.374281+0.004402 
[378]	train-rmse:0.370384+0.001148	test-rmse:0.374165+0.004449 
[379]	train-rmse:0.370255+0.001138	test-rmse:0.374045+0.004468 
[380]	train-rmse:0.370128+0.001131	test-rmse:0.373925+0.004490 
[381]	train-rmse:0.370063+0.001156	test-rmse:0.373867+0.004422 
[382]	train-rmse:0.369901+0.001156	test-rmse:0.373720+0.004424 
[383]	train-rmse:0.369804+0.001184	test-rmse:0.373629+0.004419 
[384]	train-rmse:0.369707+0.001175	test-rmse:0.373540+0.004366 
[385]	train-rmse:0.369578+0.001155	test-rmse:0.373423+0.004413 
[386]	train-rmse:0.369480+0.001177	test-rmse:0.373338+0.004437 
[387]	train-rmse:0.369351+0.001131	test-rmse:0.373219+0.004407 
[388]	train-rmse:0.369286+0.001163	test-rmse:0.373161+0.004339 
[389]	train-rmse:0.369157+0.001152	test-rmse:0.373042+0.004357 
[390]	train-rmse:0.369029+0.001144	test-rmse:0.372925+0.004376 
[391]	train-rmse:0.368932+0.001079	test-rmse:0.372836+0.004396 
[392]	train-rmse:0.368803+0.001116	test-rmse:0.372721+0.004381 
[393]	train-rmse:0.368674+0.001154	test-rmse:0.372606+0.004367 
[394]	train-rmse:0.368578+0.001153	test-rmse:0.372520+0.004325 
[395]	train-rmse:0.368515+0.001135	test-rmse:0.372460+0.004292 
[396]	train-rmse:0.368419+0.001135	test-rmse:0.372371+0.004239 
[397]	train-rmse:0.368323+0.001098	test-rmse:0.372281+0.004308 
[398]	train-rmse:0.368290+0.001139	test-rmse:0.372252+0.004336 
[399]	train-rmse:0.368192+0.001157	test-rmse:0.372167+0.004368 
[400]	train-rmse:0.368095+0.001095	test-rmse:0.372078+0.004387 
[401]	train-rmse:0.367933+0.001097	test-rmse:0.371934+0.004387 
[402]	train-rmse:0.367773+0.001098	test-rmse:0.371788+0.004388 
[403]	train-rmse:0.367677+0.001122	test-rmse:0.371700+0.004383 
[404]	train-rmse:0.367518+0.001123	test-rmse:0.371554+0.004384 
[405]	train-rmse:0.367422+0.001120	test-rmse:0.371466+0.004342 
[406]	train-rmse:0.367294+0.001081	test-rmse:0.371346+0.004315 
[407]	train-rmse:0.367199+0.001047	test-rmse:0.371258+0.004383 
[408]	train-rmse:0.367071+0.001088	test-rmse:0.371143+0.004368 
[409]	train-rmse:0.366943+0.001132	test-rmse:0.371030+0.004354 
[410]	train-rmse:0.366815+0.001177	test-rmse:0.370917+0.004341 
[411]	train-rmse:0.366720+0.001185	test-rmse:0.370831+0.004300 
[412]	train-rmse:0.366593+0.001171	test-rmse:0.370714+0.004322 
[413]	train-rmse:0.366465+0.001220	test-rmse:0.370601+0.004310 
[414]	train-rmse:0.366370+0.001188	test-rmse:0.370514+0.004375 
[415]	train-rmse:0.366306+0.001251	test-rmse:0.370456+0.004357 
[416]	train-rmse:0.366181+0.001243	test-rmse:0.370341+0.004381 
[417]	train-rmse:0.366055+0.001240	test-rmse:0.370226+0.004403 
[418]	train-rmse:0.365897+0.001239	test-rmse:0.370082+0.004405 
[419]	train-rmse:0.365801+0.001308	test-rmse:0.369999+0.004368 
[420]	train-rmse:0.365642+0.001310	test-rmse:0.369853+0.004369 
[421]	train-rmse:0.365483+0.001311	test-rmse:0.369709+0.004371 
[422]	train-rmse:0.365387+0.001247	test-rmse:0.369621+0.004388 
[423]	train-rmse:0.365291+0.001275	test-rmse:0.369537+0.004422 
[424]	train-rmse:0.365165+0.001297	test-rmse:0.369423+0.004397 
[425]	train-rmse:0.365038+0.001292	test-rmse:0.369305+0.004420 
[426]	train-rmse:0.364910+0.001339	test-rmse:0.369192+0.004410 
[427]	train-rmse:0.364817+0.001315	test-rmse:0.369105+0.004477 
[428]	train-rmse:0.364658+0.001316	test-rmse:0.368960+0.004475 
[429]	train-rmse:0.364532+0.001301	test-rmse:0.368847+0.004519 
[430]	train-rmse:0.364468+0.001364	test-rmse:0.368791+0.004505 
[431]	train-rmse:0.364373+0.001347	test-rmse:0.368704+0.004571 
[432]	train-rmse:0.364277+0.001354	test-rmse:0.368620+0.004590 
[433]	train-rmse:0.364119+0.001355	test-rmse:0.368476+0.004591 
[434]	train-rmse:0.363995+0.001355	test-rmse:0.368363+0.004614 
[435]	train-rmse:0.363900+0.001293	test-rmse:0.368276+0.004630 
[436]	train-rmse:0.363772+0.001338	test-rmse:0.368164+0.004619 
[437]	train-rmse:0.363679+0.001327	test-rmse:0.368077+0.004686 
[438]	train-rmse:0.363522+0.001327	test-rmse:0.367935+0.004688 
[439]	train-rmse:0.363429+0.001321	test-rmse:0.367848+0.004755 
[440]	train-rmse:0.363302+0.001315	test-rmse:0.367735+0.004800 
[441]	train-rmse:0.363239+0.001357	test-rmse:0.367679+0.004853 
[442]	train-rmse:0.363113+0.001372	test-rmse:0.367565+0.004829 
[443]	train-rmse:0.363018+0.001360	test-rmse:0.367478+0.004787 
[444]	train-rmse:0.362894+0.001405	test-rmse:0.367368+0.004776 
[445]	train-rmse:0.362769+0.001402	test-rmse:0.367253+0.004820 
[446]	train-rmse:0.362673+0.001460	test-rmse:0.367169+0.004782 
[447]	train-rmse:0.362548+0.001408	test-rmse:0.367053+0.004755 
[448]	train-rmse:0.362425+0.001423	test-rmse:0.366940+0.004729 
[449]	train-rmse:0.362300+0.001441	test-rmse:0.366828+0.004703 
[450]	train-rmse:0.362239+0.001406	test-rmse:0.366769+0.004673 
[451]	train-rmse:0.362146+0.001426	test-rmse:0.366683+0.004670 
[452]	train-rmse:0.361989+0.001427	test-rmse:0.366542+0.004670 
[453]	train-rmse:0.361895+0.001491	test-rmse:0.366458+0.004634 
[454]	train-rmse:0.361801+0.001530	test-rmse:0.366373+0.004645 
[455]	train-rmse:0.361737+0.001583	test-rmse:0.366320+0.004652 
[456]	train-rmse:0.361610+0.001625	test-rmse:0.366209+0.004638 
[457]	train-rmse:0.361516+0.001690	test-rmse:0.366128+0.004604 
[458]	train-rmse:0.361392+0.001688	test-rmse:0.366014+0.004627 
[459]	train-rmse:0.361237+0.001688	test-rmse:0.365873+0.004628 
[460]	train-rmse:0.361142+0.001682	test-rmse:0.365785+0.004588 
[461]	train-rmse:0.361018+0.001634	test-rmse:0.365675+0.004559 
[462]	train-rmse:0.360893+0.001624	test-rmse:0.365564+0.004601 
[463]	train-rmse:0.360770+0.001619	test-rmse:0.365452+0.004622 
[464]	train-rmse:0.360676+0.001654	test-rmse:0.365371+0.004652 
[465]	train-rmse:0.360583+0.001670	test-rmse:0.365287+0.004650 
[466]	train-rmse:0.360522+0.001639	test-rmse:0.365228+0.004621 
[467]	train-rmse:0.360459+0.001600	test-rmse:0.365171+0.004609 
[468]	train-rmse:0.360366+0.001593	test-rmse:0.365085+0.004569 
[469]	train-rmse:0.360212+0.001593	test-rmse:0.364945+0.004570 
[470]	train-rmse:0.360151+0.001531	test-rmse:0.364887+0.004606 
[471]	train-rmse:0.360057+0.001505	test-rmse:0.364802+0.004555 
[472]	train-rmse:0.359932+0.001494	test-rmse:0.364690+0.004598 
[473]	train-rmse:0.359808+0.001487	test-rmse:0.364577+0.004642 
[474]	train-rmse:0.359714+0.001552	test-rmse:0.364497+0.004607 
[475]	train-rmse:0.359561+0.001552	test-rmse:0.364355+0.004610 
[476]	train-rmse:0.359498+0.001519	test-rmse:0.364300+0.004602 
[477]	train-rmse:0.359374+0.001560	test-rmse:0.364191+0.004589 
[478]	train-rmse:0.359283+0.001504	test-rmse:0.364104+0.004585 
[479]	train-rmse:0.359128+0.001505	test-rmse:0.363965+0.004586 
[480]	train-rmse:0.358974+0.001505	test-rmse:0.363827+0.004587 
[481]	train-rmse:0.358852+0.001459	test-rmse:0.363715+0.004563 
[482]	train-rmse:0.358790+0.001466	test-rmse:0.363660+0.004603 
[483]	train-rmse:0.358635+0.001467	test-rmse:0.363517+0.004603 
[484]	train-rmse:0.358514+0.001461	test-rmse:0.363406+0.004626 
[485]	train-rmse:0.358362+0.001461	test-rmse:0.363271+0.004628 
[486]	train-rmse:0.358240+0.001504	test-rmse:0.363161+0.004614 
[487]	train-rmse:0.358118+0.001457	test-rmse:0.363048+0.004589 
[488]	train-rmse:0.357965+0.001457	test-rmse:0.362908+0.004590 
[489]	train-rmse:0.357842+0.001480	test-rmse:0.362798+0.004565 
[490]	train-rmse:0.357689+0.001481	test-rmse:0.362661+0.004565 
[491]	train-rmse:0.357627+0.001541	test-rmse:0.362606+0.004552 
[492]	train-rmse:0.357473+0.001541	test-rmse:0.362469+0.004553 
[493]	train-rmse:0.357383+0.001537	test-rmse:0.362388+0.004515 
[494]	train-rmse:0.357293+0.001554	test-rmse:0.362304+0.004517 
[495]	train-rmse:0.357200+0.001568	test-rmse:0.362222+0.004536 
[496]	train-rmse:0.357079+0.001562	test-rmse:0.362112+0.004560 
[497]	train-rmse:0.357017+0.001543	test-rmse:0.362058+0.004559 
[498]	train-rmse:0.356926+0.001608	test-rmse:0.361979+0.004521 
[499]	train-rmse:0.356836+0.001643	test-rmse:0.361898+0.004531 
[500]	train-rmse:0.356683+0.001644	test-rmse:0.361762+0.004535 
[501]	train-rmse:0.356593+0.001594	test-rmse:0.361677+0.004535 
[502]	train-rmse:0.356471+0.001636	test-rmse:0.361568+0.004523 
[503]	train-rmse:0.356319+0.001637	test-rmse:0.361432+0.004525 
[504]	train-rmse:0.356197+0.001594	test-rmse:0.361322+0.004499 
[505]	train-rmse:0.356075+0.001618	test-rmse:0.361212+0.004476 
[506]	train-rmse:0.355954+0.001643	test-rmse:0.361105+0.004454 
[507]	train-rmse:0.355862+0.001623	test-rmse:0.361021+0.004519 
[508]	train-rmse:0.355832+0.001584	test-rmse:0.360992+0.004534 
[509]	train-rmse:0.355711+0.001610	test-rmse:0.360883+0.004513 
[510]	train-rmse:0.355620+0.001603	test-rmse:0.360804+0.004474 
[511]	train-rmse:0.355500+0.001559	test-rmse:0.360695+0.004449 
[512]	train-rmse:0.355348+0.001559	test-rmse:0.360560+0.004450 
[513]	train-rmse:0.355257+0.001538	test-rmse:0.360477+0.004515 
[514]	train-rmse:0.355166+0.001535	test-rmse:0.360396+0.004475 
[515]	train-rmse:0.355106+0.001554	test-rmse:0.360341+0.004525 
[516]	train-rmse:0.354956+0.001555	test-rmse:0.360202+0.004528 
[517]	train-rmse:0.354866+0.001575	test-rmse:0.360121+0.004531 
[518]	train-rmse:0.354804+0.001627	test-rmse:0.360069+0.004532 
[519]	train-rmse:0.354713+0.001623	test-rmse:0.359987+0.004492 
[520]	train-rmse:0.354621+0.001653	test-rmse:0.359908+0.004518 
[521]	train-rmse:0.354501+0.001641	test-rmse:0.359798+0.004561 
[522]	train-rmse:0.354411+0.001590	test-rmse:0.359713+0.004559 
[523]	train-rmse:0.354321+0.001539	test-rmse:0.359626+0.004561 
[524]	train-rmse:0.354261+0.001564	test-rmse:0.359573+0.004610 
[525]	train-rmse:0.354171+0.001515	test-rmse:0.359489+0.004612 
[526]	train-rmse:0.354080+0.001558	test-rmse:0.359409+0.004622 
[527]	train-rmse:0.353991+0.001577	test-rmse:0.359328+0.004625 
[528]	train-rmse:0.353901+0.001517	test-rmse:0.359244+0.004640 
[529]	train-rmse:0.353810+0.001548	test-rmse:0.359164+0.004665 
[530]	train-rmse:0.353750+0.001489	test-rmse:0.359106+0.004706 
[531]	train-rmse:0.353630+0.001533	test-rmse:0.359002+0.004691 
[532]	train-rmse:0.353509+0.001549	test-rmse:0.358895+0.004663 
[533]	train-rmse:0.353419+0.001566	test-rmse:0.358813+0.004664 
[534]	train-rmse:0.353299+0.001568	test-rmse:0.358704+0.004694 
[535]	train-rmse:0.353208+0.001507	test-rmse:0.358624+0.004709 
[536]	train-rmse:0.353090+0.001461	test-rmse:0.358513+0.004686 
[537]	train-rmse:0.353001+0.001506	test-rmse:0.358430+0.004699 
[538]	train-rmse:0.352852+0.001506	test-rmse:0.358298+0.004703 
[539]	train-rmse:0.352703+0.001506	test-rmse:0.358163+0.004706 
[540]	train-rmse:0.352643+0.001520	test-rmse:0.358110+0.004643 
[541]	train-rmse:0.352523+0.001476	test-rmse:0.358001+0.004618 
[542]	train-rmse:0.352434+0.001522	test-rmse:0.357920+0.004630 
[543]	train-rmse:0.352404+0.001508	test-rmse:0.357891+0.004658 
[544]	train-rmse:0.352344+0.001541	test-rmse:0.357837+0.004709 
[545]	train-rmse:0.352223+0.001552	test-rmse:0.357728+0.004682 
[546]	train-rmse:0.352193+0.001598	test-rmse:0.357704+0.004704 
[547]	train-rmse:0.352132+0.001642	test-rmse:0.357652+0.004703 
[548]	train-rmse:0.352041+0.001583	test-rmse:0.357570+0.004719 
[549]	train-rmse:0.351950+0.001552	test-rmse:0.357489+0.004671 
[550]	train-rmse:0.351860+0.001495	test-rmse:0.357408+0.004686 
[551]	train-rmse:0.351741+0.001512	test-rmse:0.357301+0.004658 
[552]	train-rmse:0.351651+0.001498	test-rmse:0.357219+0.004723 
[553]	train-rmse:0.351592+0.001440	test-rmse:0.357162+0.004765 
[554]	train-rmse:0.351502+0.001447	test-rmse:0.357082+0.004780 
[555]	train-rmse:0.351442+0.001409	test-rmse:0.357028+0.004773 
[556]	train-rmse:0.351380+0.001422	test-rmse:0.356976+0.004709 
[557]	train-rmse:0.351264+0.001377	test-rmse:0.356869+0.004689 
[558]	train-rmse:0.351175+0.001415	test-rmse:0.356790+0.004699 
[559]	train-rmse:0.351056+0.001371	test-rmse:0.356681+0.004675 
[560]	train-rmse:0.350967+0.001346	test-rmse:0.356600+0.004630 
[561]	train-rmse:0.350848+0.001335	test-rmse:0.356494+0.004669 
[562]	train-rmse:0.350730+0.001358	test-rmse:0.356388+0.004645 
[563]	train-rmse:0.350582+0.001358	test-rmse:0.356254+0.004649 
[564]	train-rmse:0.350493+0.001341	test-rmse:0.356174+0.004713 
[565]	train-rmse:0.350344+0.001343	test-rmse:0.356039+0.004716 
[566]	train-rmse:0.350226+0.001386	test-rmse:0.355937+0.004700 
[567]	train-rmse:0.350136+0.001448	test-rmse:0.355860+0.004659 
[568]	train-rmse:0.350079+0.001417	test-rmse:0.355805+0.004639 
[569]	train-rmse:0.350019+0.001475	test-rmse:0.355753+0.004624 
[570]	train-rmse:0.349932+0.001493	test-rmse:0.355672+0.004628 
[571]	train-rmse:0.349844+0.001479	test-rmse:0.355591+0.004693 
[572]	train-rmse:0.349786+0.001420	test-rmse:0.355534+0.004737 
[573]	train-rmse:0.349727+0.001479	test-rmse:0.355482+0.004723 
[574]	train-rmse:0.349668+0.001540	test-rmse:0.355430+0.004709 
[575]	train-rmse:0.349580+0.001480	test-rmse:0.355350+0.004725 
[576]	train-rmse:0.349521+0.001460	test-rmse:0.355298+0.004725 
[577]	train-rmse:0.349403+0.001460	test-rmse:0.355190+0.004755 
[578]	train-rmse:0.349343+0.001473	test-rmse:0.355140+0.004694 
[579]	train-rmse:0.349255+0.001470	test-rmse:0.355064+0.004655 
[580]	train-rmse:0.349167+0.001469	test-rmse:0.354985+0.004619 
[581]	train-rmse:0.349021+0.001470	test-rmse:0.354854+0.004622 
[582]	train-rmse:0.348905+0.001467	test-rmse:0.354746+0.004652 
[583]	train-rmse:0.348788+0.001468	test-rmse:0.354639+0.004679 
[584]	train-rmse:0.348729+0.001469	test-rmse:0.354585+0.004669 
[585]	train-rmse:0.348672+0.001447	test-rmse:0.354530+0.004652 
[586]	train-rmse:0.348554+0.001405	test-rmse:0.354424+0.004634 
[587]	train-rmse:0.348408+0.001406	test-rmse:0.354291+0.004637 
[588]	train-rmse:0.348289+0.001386	test-rmse:0.354183+0.004676 
[589]	train-rmse:0.348201+0.001325	test-rmse:0.354103+0.004696 
[590]	train-rmse:0.348112+0.001352	test-rmse:0.354024+0.004716 
[591]	train-rmse:0.348024+0.001356	test-rmse:0.353947+0.004681 
[592]	train-rmse:0.347994+0.001359	test-rmse:0.353923+0.004655 
[593]	train-rmse:0.347849+0.001359	test-rmse:0.353792+0.004658 
[594]	train-rmse:0.347703+0.001361	test-rmse:0.353662+0.004659 
[595]	train-rmse:0.347644+0.001302	test-rmse:0.353605+0.004705 
[596]	train-rmse:0.347529+0.001263	test-rmse:0.353500+0.004688 
[597]	train-rmse:0.347383+0.001263	test-rmse:0.353367+0.004690 
[598]	train-rmse:0.347239+0.001264	test-rmse:0.353237+0.004694 
[599]	train-rmse:0.347122+0.001226	test-rmse:0.353131+0.004675 
[600]	train-rmse:0.346978+0.001228	test-rmse:0.353001+0.004681 
[601]	train-rmse:0.346861+0.001224	test-rmse:0.352895+0.004709 
[602]	train-rmse:0.346802+0.001248	test-rmse:0.352844+0.004648 
[603]	train-rmse:0.346744+0.001239	test-rmse:0.352791+0.004685 
[604]	train-rmse:0.346656+0.001253	test-rmse:0.352711+0.004687 
[605]	train-rmse:0.346540+0.001253	test-rmse:0.352605+0.004716 
[606]	train-rmse:0.346451+0.001279	test-rmse:0.352529+0.004732 
[607]	train-rmse:0.346336+0.001239	test-rmse:0.352423+0.004718 
[608]	train-rmse:0.346192+0.001238	test-rmse:0.352292+0.004722 
[609]	train-rmse:0.346046+0.001238	test-rmse:0.352161+0.004725 
[610]	train-rmse:0.345930+0.001221	test-rmse:0.352060+0.004760 
[611]	train-rmse:0.345814+0.001235	test-rmse:0.351957+0.004734 
[612]	train-rmse:0.345755+0.001280	test-rmse:0.351908+0.004726 
[613]	train-rmse:0.345669+0.001321	test-rmse:0.351832+0.004736 
[614]	train-rmse:0.345581+0.001327	test-rmse:0.351757+0.004703 
[615]	train-rmse:0.345551+0.001367	test-rmse:0.351733+0.004720 
[616]	train-rmse:0.345436+0.001384	test-rmse:0.351629+0.004697 
[617]	train-rmse:0.345292+0.001385	test-rmse:0.351499+0.004702 
[618]	train-rmse:0.345263+0.001341	test-rmse:0.351470+0.004722 
[619]	train-rmse:0.345176+0.001344	test-rmse:0.351394+0.004734 
[620]	train-rmse:0.345061+0.001365	test-rmse:0.351293+0.004710 
[621]	train-rmse:0.344974+0.001394	test-rmse:0.351219+0.004728 
[622]	train-rmse:0.344830+0.001395	test-rmse:0.351092+0.004727 
[623]	train-rmse:0.344714+0.001416	test-rmse:0.350990+0.004705 
[624]	train-rmse:0.344657+0.001354	test-rmse:0.350935+0.004751 
[625]	train-rmse:0.344514+0.001356	test-rmse:0.350807+0.004754 
[626]	train-rmse:0.344427+0.001391	test-rmse:0.350730+0.004763 
[627]	train-rmse:0.344370+0.001410	test-rmse:0.350680+0.004702 
[628]	train-rmse:0.344255+0.001399	test-rmse:0.350577+0.004739 
[629]	train-rmse:0.344168+0.001346	test-rmse:0.350498+0.004759 
[630]	train-rmse:0.344083+0.001328	test-rmse:0.350422+0.004820 
[631]	train-rmse:0.343968+0.001321	test-rmse:0.350320+0.004858 
[632]	train-rmse:0.343826+0.001322	test-rmse:0.350192+0.004862 
[633]	train-rmse:0.343770+0.001313	test-rmse:0.350140+0.004851 
[634]	train-rmse:0.343655+0.001331	test-rmse:0.350041+0.004827 
[635]	train-rmse:0.343512+0.001333	test-rmse:0.349914+0.004832 
[636]	train-rmse:0.343455+0.001360	test-rmse:0.349864+0.004875 
[637]	train-rmse:0.343342+0.001317	test-rmse:0.349764+0.004860 
[638]	train-rmse:0.343227+0.001362	test-rmse:0.349664+0.004845 
[639]	train-rmse:0.343141+0.001371	test-rmse:0.349589+0.004857 
[640]	train-rmse:0.343057+0.001405	test-rmse:0.349513+0.004866 
[641]	train-rmse:0.343028+0.001414	test-rmse:0.349489+0.004840 
[642]	train-rmse:0.342942+0.001450	test-rmse:0.349411+0.004849 
[643]	train-rmse:0.342855+0.001423	test-rmse:0.349335+0.004807 
[644]	train-rmse:0.342771+0.001433	test-rmse:0.349257+0.004810 
[645]	train-rmse:0.342687+0.001385	test-rmse:0.349177+0.004821 
[646]	train-rmse:0.342574+0.001376	test-rmse:0.349076+0.004859 
[647]	train-rmse:0.342460+0.001370	test-rmse:0.348975+0.004896 
[648]	train-rmse:0.342374+0.001369	test-rmse:0.348901+0.004862 
[649]	train-rmse:0.342260+0.001413	test-rmse:0.348801+0.004845 
[650]	train-rmse:0.342146+0.001372	test-rmse:0.348699+0.004829 
[651]	train-rmse:0.342061+0.001379	test-rmse:0.348624+0.004795 
[652]	train-rmse:0.341977+0.001416	test-rmse:0.348548+0.004805 
[653]	train-rmse:0.341921+0.001466	test-rmse:0.348499+0.004789 
[654]	train-rmse:0.341837+0.001524	test-rmse:0.348425+0.004747 
[655]	train-rmse:0.341750+0.001527	test-rmse:0.348350+0.004757 
[656]	train-rmse:0.341608+0.001528	test-rmse:0.348223+0.004758 
[657]	train-rmse:0.341524+0.001565	test-rmse:0.348147+0.004771 
[658]	train-rmse:0.341438+0.001569	test-rmse:0.348073+0.004781 
[659]	train-rmse:0.341325+0.001529	test-rmse:0.347970+0.004765 
[660]	train-rmse:0.341241+0.001536	test-rmse:0.347894+0.004770 
[661]	train-rmse:0.341126+0.001581	test-rmse:0.347797+0.004754 
[662]	train-rmse:0.341099+0.001593	test-rmse:0.347771+0.004720 
[663]	train-rmse:0.341070+0.001602	test-rmse:0.347747+0.004693 
[664]	train-rmse:0.340929+0.001603	test-rmse:0.347623+0.004696 
[665]	train-rmse:0.340873+0.001601	test-rmse:0.347571+0.004690 
[666]	train-rmse:0.340759+0.001563	test-rmse:0.347469+0.004675 
[667]	train-rmse:0.340619+0.001564	test-rmse:0.347344+0.004678 
[668]	train-rmse:0.340477+0.001566	test-rmse:0.347218+0.004683 
[669]	train-rmse:0.340421+0.001558	test-rmse:0.347166+0.004719 
[670]	train-rmse:0.340310+0.001552	test-rmse:0.347065+0.004750 
[671]	train-rmse:0.340198+0.001514	test-rmse:0.346963+0.004732 
[672]	train-rmse:0.340115+0.001470	test-rmse:0.346885+0.004746 
[673]	train-rmse:0.340003+0.001434	test-rmse:0.346782+0.004733 
[674]	train-rmse:0.339918+0.001433	test-rmse:0.346708+0.004742 
[675]	train-rmse:0.339808+0.001428	test-rmse:0.346606+0.004772 
[676]	train-rmse:0.339668+0.001428	test-rmse:0.346483+0.004773 
[677]	train-rmse:0.339583+0.001408	test-rmse:0.346407+0.004732 
[678]	train-rmse:0.339472+0.001372	test-rmse:0.346307+0.004720 
[679]	train-rmse:0.339415+0.001392	test-rmse:0.346257+0.004762 
[680]	train-rmse:0.339305+0.001386	test-rmse:0.346156+0.004795 
[681]	train-rmse:0.339248+0.001411	test-rmse:0.346106+0.004837 
[682]	train-rmse:0.339137+0.001409	test-rmse:0.346004+0.004867 
[683]	train-rmse:0.338998+0.001410	test-rmse:0.345878+0.004872 
[684]	train-rmse:0.338887+0.001409	test-rmse:0.345780+0.004904 
[685]	train-rmse:0.338748+0.001410	test-rmse:0.345652+0.004909 
[686]	train-rmse:0.338664+0.001424	test-rmse:0.345576+0.004912 
[687]	train-rmse:0.338581+0.001442	test-rmse:0.345501+0.004919 
[688]	train-rmse:0.338497+0.001498	test-rmse:0.345431+0.004876 
[689]	train-rmse:0.338414+0.001462	test-rmse:0.345352+0.004893 
[690]	train-rmse:0.338302+0.001480	test-rmse:0.345252+0.004871 
[691]	train-rmse:0.338189+0.001462	test-rmse:0.345153+0.004904 
[692]	train-rmse:0.338105+0.001461	test-rmse:0.345079+0.004912 
[693]	train-rmse:0.338022+0.001460	test-rmse:0.345006+0.004878 
[694]	train-rmse:0.337939+0.001446	test-rmse:0.344929+0.004941 
[695]	train-rmse:0.337828+0.001464	test-rmse:0.344832+0.004922 
[696]	train-rmse:0.337717+0.001423	test-rmse:0.344732+0.004908 
[697]	train-rmse:0.337606+0.001424	test-rmse:0.344632+0.004942 
[698]	train-rmse:0.337524+0.001401	test-rmse:0.344557+0.004903 
[699]	train-rmse:0.337412+0.001440	test-rmse:0.344460+0.004882 
[700]	train-rmse:0.337300+0.001460	test-rmse:0.344362+0.004860 
[701]	train-rmse:0.337161+0.001460	test-rmse:0.344242+0.004863 
[702]	train-rmse:0.337023+0.001462	test-rmse:0.344120+0.004863 
[703]	train-rmse:0.336886+0.001462	test-rmse:0.343997+0.004866 
[704]	train-rmse:0.336832+0.001444	test-rmse:0.343945+0.004860 
[705]	train-rmse:0.336721+0.001423	test-rmse:0.343848+0.004891 
[706]	train-rmse:0.336638+0.001386	test-rmse:0.343772+0.004906 
[707]	train-rmse:0.336555+0.001444	test-rmse:0.343702+0.004863 
[708]	train-rmse:0.336471+0.001462	test-rmse:0.343632+0.004873 
[709]	train-rmse:0.336390+0.001501	test-rmse:0.343560+0.004884 
[710]	train-rmse:0.336250+0.001501	test-rmse:0.343434+0.004886 
[711]	train-rmse:0.336167+0.001559	test-rmse:0.343364+0.004844 
[712]	train-rmse:0.336086+0.001560	test-rmse:0.343292+0.004809 
[713]	train-rmse:0.336004+0.001600	test-rmse:0.343221+0.004820 
[714]	train-rmse:0.335948+0.001561	test-rmse:0.343173+0.004811 
[715]	train-rmse:0.335838+0.001602	test-rmse:0.343078+0.004792 
[716]	train-rmse:0.335754+0.001624	test-rmse:0.343006+0.004804 
[717]	train-rmse:0.335700+0.001680	test-rmse:0.342959+0.004791 
[718]	train-rmse:0.335617+0.001738	test-rmse:0.342889+0.004748 
[719]	train-rmse:0.335536+0.001718	test-rmse:0.342815+0.004809 
[720]	train-rmse:0.335452+0.001743	test-rmse:0.342744+0.004821 
[721]	train-rmse:0.335341+0.001728	test-rmse:0.342646+0.004854 
[722]	train-rmse:0.335205+0.001727	test-rmse:0.342526+0.004858 
[723]	train-rmse:0.335068+0.001727	test-rmse:0.342406+0.004863 
[724]	train-rmse:0.334929+0.001728	test-rmse:0.342286+0.004866 
[725]	train-rmse:0.334794+0.001729	test-rmse:0.342165+0.004869 
[726]	train-rmse:0.334684+0.001746	test-rmse:0.342068+0.004848 
[727]	train-rmse:0.334630+0.001689	test-rmse:0.342017+0.004892 
[728]	train-rmse:0.334519+0.001730	test-rmse:0.341921+0.004873 
[729]	train-rmse:0.334410+0.001772	test-rmse:0.341828+0.004857 
[730]	train-rmse:0.334274+0.001773	test-rmse:0.341707+0.004861 
[731]	train-rmse:0.334192+0.001774	test-rmse:0.341636+0.004866 
[732]	train-rmse:0.334109+0.001722	test-rmse:0.341563+0.004882 
[733]	train-rmse:0.333999+0.001712	test-rmse:0.341468+0.004914 
[734]	train-rmse:0.333890+0.001729	test-rmse:0.341372+0.004891 
[735]	train-rmse:0.333753+0.001731	test-rmse:0.341250+0.004894 
[736]	train-rmse:0.333644+0.001726	test-rmse:0.341151+0.004927 
[737]	train-rmse:0.333590+0.001729	test-rmse:0.341100+0.004965 
[738]	train-rmse:0.333509+0.001719	test-rmse:0.341026+0.005025 
[739]	train-rmse:0.333454+0.001765	test-rmse:0.340981+0.005012 
[740]	train-rmse:0.333345+0.001759	test-rmse:0.340885+0.005044 
[741]	train-rmse:0.333265+0.001712	test-rmse:0.340810+0.005058 
[742]	train-rmse:0.333157+0.001711	test-rmse:0.340710+0.005090 
[743]	train-rmse:0.333076+0.001660	test-rmse:0.340637+0.005106 
[744]	train-rmse:0.332995+0.001714	test-rmse:0.340568+0.005066 
[745]	train-rmse:0.332887+0.001750	test-rmse:0.340473+0.005047 
[746]	train-rmse:0.332806+0.001741	test-rmse:0.340401+0.005106 
[747]	train-rmse:0.332697+0.001697	test-rmse:0.340304+0.005095 
[748]	train-rmse:0.332642+0.001708	test-rmse:0.340259+0.005040 
[749]	train-rmse:0.332509+0.001706	test-rmse:0.340141+0.005044 
[750]	train-rmse:0.332428+0.001696	test-rmse:0.340067+0.005104 
[751]	train-rmse:0.332319+0.001735	test-rmse:0.339975+0.005087 
[752]	train-rmse:0.332238+0.001728	test-rmse:0.339902+0.005146 
[753]	train-rmse:0.332183+0.001692	test-rmse:0.339853+0.005139 
[754]	train-rmse:0.332076+0.001731	test-rmse:0.339758+0.005121 
[755]	train-rmse:0.331968+0.001771	test-rmse:0.339666+0.005105 
[756]	train-rmse:0.331886+0.001826	test-rmse:0.339598+0.005063 
[757]	train-rmse:0.331805+0.001836	test-rmse:0.339525+0.005070 
[758]	train-rmse:0.331697+0.001852	test-rmse:0.339431+0.005051 
[759]	train-rmse:0.331591+0.001849	test-rmse:0.339333+0.005080 
[760]	train-rmse:0.331511+0.001804	test-rmse:0.339260+0.005094 
[761]	train-rmse:0.331377+0.001804	test-rmse:0.339142+0.005099 
[762]	train-rmse:0.331322+0.001850	test-rmse:0.339097+0.005086 
[763]	train-rmse:0.331215+0.001808	test-rmse:0.338999+0.005070 
[764]	train-rmse:0.331107+0.001767	test-rmse:0.338902+0.005057 
[765]	train-rmse:0.331028+0.001780	test-rmse:0.338830+0.005066 
[766]	train-rmse:0.330894+0.001782	test-rmse:0.338711+0.005069 
[767]	train-rmse:0.330788+0.001740	test-rmse:0.338615+0.005058 
[768]	train-rmse:0.330707+0.001756	test-rmse:0.338542+0.005066 
[769]	train-rmse:0.330652+0.001701	test-rmse:0.338492+0.005110 
[770]	train-rmse:0.330600+0.001727	test-rmse:0.338447+0.005147 
[771]	train-rmse:0.330573+0.001712	test-rmse:0.338422+0.005170 
[772]	train-rmse:0.330493+0.001741	test-rmse:0.338355+0.005180 
[773]	train-rmse:0.330386+0.001756	test-rmse:0.338262+0.005163 
[774]	train-rmse:0.330279+0.001795	test-rmse:0.338170+0.005146 
[775]	train-rmse:0.330171+0.001810	test-rmse:0.338076+0.005126 
[776]	train-rmse:0.330038+0.001811	test-rmse:0.337956+0.005127 
[777]	train-rmse:0.329932+0.001769	test-rmse:0.337862+0.005113 
[778]	train-rmse:0.329852+0.001799	test-rmse:0.337791+0.005123 
[779]	train-rmse:0.329746+0.001756	test-rmse:0.337695+0.005110 
[780]	train-rmse:0.329640+0.001715	test-rmse:0.337600+0.005104 
[781]	train-rmse:0.329532+0.001674	test-rmse:0.337504+0.005092 
[782]	train-rmse:0.329452+0.001663	test-rmse:0.337432+0.005150 
[783]	train-rmse:0.329426+0.001650	test-rmse:0.337408+0.005174 
[784]	train-rmse:0.329319+0.001690	test-rmse:0.337314+0.005158 
[785]	train-rmse:0.329212+0.001685	test-rmse:0.337220+0.005190 
[786]	train-rmse:0.329159+0.001717	test-rmse:0.337174+0.005227 
[787]	train-rmse:0.329081+0.001725	test-rmse:0.337104+0.005232 
[788]	train-rmse:0.329001+0.001723	test-rmse:0.337035+0.005199 
[789]	train-rmse:0.328895+0.001718	test-rmse:0.336941+0.005233 
[790]	train-rmse:0.328841+0.001684	test-rmse:0.336893+0.005227 
[791]	train-rmse:0.328709+0.001683	test-rmse:0.336776+0.005230 
[792]	train-rmse:0.328602+0.001696	test-rmse:0.336684+0.005211 
[793]	train-rmse:0.328521+0.001695	test-rmse:0.336614+0.005179 
[794]	train-rmse:0.328416+0.001690	test-rmse:0.336520+0.005211 
[795]	train-rmse:0.328363+0.001639	test-rmse:0.336471+0.005256 
[796]	train-rmse:0.328283+0.001596	test-rmse:0.336399+0.005275 
[797]	train-rmse:0.328177+0.001638	test-rmse:0.336308+0.005257 
[798]	train-rmse:0.328126+0.001601	test-rmse:0.336259+0.005250 
[799]	train-rmse:0.328073+0.001613	test-rmse:0.336214+0.005196 
[800]	train-rmse:0.327967+0.001611	test-rmse:0.336122+0.005228 
[801]	train-rmse:0.327889+0.001663	test-rmse:0.336057+0.005188 
[802]	train-rmse:0.327809+0.001674	test-rmse:0.335987+0.005196 
[803]	train-rmse:0.327676+0.001675	test-rmse:0.335872+0.005202 
[804]	train-rmse:0.327625+0.001638	test-rmse:0.335824+0.005196 
[805]	train-rmse:0.327546+0.001597	test-rmse:0.335752+0.005216 
[806]	train-rmse:0.327469+0.001627	test-rmse:0.335686+0.005222 
[807]	train-rmse:0.327415+0.001597	test-rmse:0.335638+0.005218 
[808]	train-rmse:0.327337+0.001599	test-rmse:0.335572+0.005187 
[809]	train-rmse:0.327310+0.001602	test-rmse:0.335548+0.005159 
[810]	train-rmse:0.327232+0.001606	test-rmse:0.335479+0.005163 
[811]	train-rmse:0.327127+0.001597	test-rmse:0.335383+0.005193 
[812]	train-rmse:0.327022+0.001593	test-rmse:0.335290+0.005226 
[813]	train-rmse:0.326943+0.001647	test-rmse:0.335226+0.005187 
[814]	train-rmse:0.326837+0.001687	test-rmse:0.335137+0.005169 
[815]	train-rmse:0.326785+0.001659	test-rmse:0.335090+0.005164 
[816]	train-rmse:0.326731+0.001711	test-rmse:0.335048+0.005150 
[817]	train-rmse:0.326655+0.001689	test-rmse:0.334978+0.005117 
[818]	train-rmse:0.326577+0.001716	test-rmse:0.334911+0.005122 
[819]	train-rmse:0.326552+0.001721	test-rmse:0.334889+0.005096 
[820]	train-rmse:0.326498+0.001772	test-rmse:0.334846+0.005081 
[821]	train-rmse:0.326420+0.001775	test-rmse:0.334778+0.005050 
[822]	train-rmse:0.326289+0.001777	test-rmse:0.334660+0.005050 
[823]	train-rmse:0.326262+0.001784	test-rmse:0.334636+0.005022 
[824]	train-rmse:0.326211+0.001752	test-rmse:0.334586+0.005015 
[825]	train-rmse:0.326106+0.001793	test-rmse:0.334495+0.004997 
[826]	train-rmse:0.325977+0.001794	test-rmse:0.334380+0.005000 
[827]	train-rmse:0.325872+0.001759	test-rmse:0.334287+0.004991 
[828]	train-rmse:0.325820+0.001758	test-rmse:0.334241+0.004990 
[829]	train-rmse:0.325716+0.001751	test-rmse:0.334152+0.005021 
[830]	train-rmse:0.325639+0.001702	test-rmse:0.334081+0.005039 
[831]	train-rmse:0.325613+0.001689	test-rmse:0.334058+0.005063 
[832]	train-rmse:0.325507+0.001683	test-rmse:0.333966+0.005094 
[833]	train-rmse:0.325404+0.001696	test-rmse:0.333877+0.005074 
[834]	train-rmse:0.325353+0.001717	test-rmse:0.333833+0.005109 
[835]	train-rmse:0.325249+0.001731	test-rmse:0.333739+0.005089 
[836]	train-rmse:0.325196+0.001733	test-rmse:0.333695+0.005088 
[837]	train-rmse:0.325144+0.001679	test-rmse:0.333645+0.005135 
[838]	train-rmse:0.325067+0.001629	test-rmse:0.333574+0.005155 
[839]	train-rmse:0.324989+0.001638	test-rmse:0.333508+0.005124 
[840]	train-rmse:0.324937+0.001630	test-rmse:0.333462+0.005156 
[841]	train-rmse:0.324884+0.001671	test-rmse:0.333416+0.005139 
[842]	train-rmse:0.324808+0.001623	test-rmse:0.333345+0.005158 
[843]	train-rmse:0.324677+0.001621	test-rmse:0.333227+0.005163 
[844]	train-rmse:0.324598+0.001630	test-rmse:0.333159+0.005135 
[845]	train-rmse:0.324470+0.001632	test-rmse:0.333045+0.005136 
[846]	train-rmse:0.324366+0.001645	test-rmse:0.332955+0.005114 
[847]	train-rmse:0.324289+0.001700	test-rmse:0.332890+0.005073 
[848]	train-rmse:0.324236+0.001672	test-rmse:0.332845+0.005068 
[849]	train-rmse:0.324133+0.001687	test-rmse:0.332754+0.005048 
[850]	train-rmse:0.324031+0.001727	test-rmse:0.332667+0.005032 
[851]	train-rmse:0.323954+0.001711	test-rmse:0.332600+0.005004 
[852]	train-rmse:0.323850+0.001705	test-rmse:0.332510+0.005035 
[853]	train-rmse:0.323746+0.001700	test-rmse:0.332420+0.005065 
[854]	train-rmse:0.323643+0.001718	test-rmse:0.332334+0.005043 
[855]	train-rmse:0.323565+0.001754	test-rmse:0.332267+0.005051 
[856]	train-rmse:0.323462+0.001751	test-rmse:0.332178+0.005081 
[857]	train-rmse:0.323410+0.001756	test-rmse:0.332135+0.005082 
[858]	train-rmse:0.323334+0.001703	test-rmse:0.332065+0.005101 
[859]	train-rmse:0.323231+0.001673	test-rmse:0.331975+0.005095 
[860]	train-rmse:0.323103+0.001675	test-rmse:0.331861+0.005098 
[861]	train-rmse:0.323026+0.001653	test-rmse:0.331794+0.005153 
[862]	train-rmse:0.322949+0.001667	test-rmse:0.331727+0.005161 
[863]	train-rmse:0.322898+0.001655	test-rmse:0.331681+0.005158 
[864]	train-rmse:0.322797+0.001625	test-rmse:0.331592+0.005153 
[865]	train-rmse:0.322721+0.001608	test-rmse:0.331526+0.005126 
[866]	train-rmse:0.322670+0.001643	test-rmse:0.331482+0.005108 
[867]	train-rmse:0.322593+0.001640	test-rmse:0.331412+0.005112 
[868]	train-rmse:0.322490+0.001682	test-rmse:0.331324+0.005093 
[869]	train-rmse:0.322415+0.001668	test-rmse:0.331255+0.005062 
[870]	train-rmse:0.322339+0.001655	test-rmse:0.331188+0.005032 
[871]	train-rmse:0.322260+0.001668	test-rmse:0.331120+0.005041 
[872]	train-rmse:0.322134+0.001669	test-rmse:0.331010+0.005046 
[873]	train-rmse:0.322031+0.001641	test-rmse:0.330917+0.005042 
[874]	train-rmse:0.321953+0.001613	test-rmse:0.330848+0.005098 
[875]	train-rmse:0.321902+0.001606	test-rmse:0.330804+0.005131 
[876]	train-rmse:0.321775+0.001606	test-rmse:0.330692+0.005138 
[877]	train-rmse:0.321649+0.001610	test-rmse:0.330582+0.005143 
[878]	train-rmse:0.321573+0.001600	test-rmse:0.330514+0.005114 
[879]	train-rmse:0.321523+0.001637	test-rmse:0.330470+0.005097 
[880]	train-rmse:0.321446+0.001668	test-rmse:0.330406+0.005102 
[881]	train-rmse:0.321345+0.001666	test-rmse:0.330317+0.005131 
[882]	train-rmse:0.321245+0.001646	test-rmse:0.330226+0.005161 
[883]	train-rmse:0.321118+0.001648	test-rmse:0.330116+0.005164 
[884]	train-rmse:0.321040+0.001666	test-rmse:0.330051+0.005171 
[885]	train-rmse:0.320938+0.001703	test-rmse:0.329961+0.005150 
[886]	train-rmse:0.320837+0.001684	test-rmse:0.329871+0.005177 
[887]	train-rmse:0.320759+0.001703	test-rmse:0.329805+0.005185 
[888]	train-rmse:0.320631+0.001705	test-rmse:0.329691+0.005189 
[889]	train-rmse:0.320582+0.001672	test-rmse:0.329644+0.005188 
[890]	train-rmse:0.320479+0.001710	test-rmse:0.329558+0.005166 
[891]	train-rmse:0.320428+0.001763	test-rmse:0.329518+0.005151 
[892]	train-rmse:0.320353+0.001753	test-rmse:0.329451+0.005124 
[893]	train-rmse:0.320226+0.001755	test-rmse:0.329342+0.005128 
[894]	train-rmse:0.320101+0.001755	test-rmse:0.329232+0.005134 
[895]	train-rmse:0.320025+0.001759	test-rmse:0.329168+0.005103 
[896]	train-rmse:0.319900+0.001761	test-rmse:0.329056+0.005106 
[897]	train-rmse:0.319823+0.001818	test-rmse:0.328994+0.005064 
[898]	train-rmse:0.319747+0.001819	test-rmse:0.328927+0.005072 
[899]	train-rmse:0.319672+0.001877	test-rmse:0.328863+0.005031 
[900]	train-rmse:0.319620+0.001931	test-rmse:0.328822+0.005015 
[901]	train-rmse:0.319494+0.001931	test-rmse:0.328710+0.005020 
[902]	train-rmse:0.319418+0.001964	test-rmse:0.328646+0.005024 
[903]	train-rmse:0.319344+0.001956	test-rmse:0.328579+0.004998 
[904]	train-rmse:0.319320+0.001961	test-rmse:0.328558+0.004973 
[905]	train-rmse:0.319270+0.001962	test-rmse:0.328515+0.004969 
[906]	train-rmse:0.319220+0.001945	test-rmse:0.328471+0.004963 
[907]	train-rmse:0.319169+0.001975	test-rmse:0.328427+0.004910 
[908]	train-rmse:0.319093+0.001941	test-rmse:0.328360+0.004931 
[909]	train-rmse:0.319069+0.001946	test-rmse:0.328338+0.004905 
[910]	train-rmse:0.319020+0.001997	test-rmse:0.328298+0.004891 
[911]	train-rmse:0.318969+0.002049	test-rmse:0.328258+0.004876 
[912]	train-rmse:0.318894+0.002022	test-rmse:0.328192+0.004930 
[913]	train-rmse:0.318794+0.001995	test-rmse:0.328103+0.004924 
[914]	train-rmse:0.318744+0.002025	test-rmse:0.328061+0.004873 
[915]	train-rmse:0.318668+0.001994	test-rmse:0.327994+0.004894 
[916]	train-rmse:0.318592+0.002013	test-rmse:0.327931+0.004903 
[917]	train-rmse:0.318493+0.001988	test-rmse:0.327842+0.004932 
[918]	train-rmse:0.318369+0.001990	test-rmse:0.327734+0.004937 
[919]	train-rmse:0.318269+0.001989	test-rmse:0.327649+0.004967 
[920]	train-rmse:0.318220+0.002019	test-rmse:0.327606+0.004949 
[921]	train-rmse:0.318147+0.001967	test-rmse:0.327538+0.004968 
[922]	train-rmse:0.318096+0.002021	test-rmse:0.327496+0.004954 
[923]	train-rmse:0.318020+0.002016	test-rmse:0.327430+0.004929 
[924]	train-rmse:0.317947+0.002014	test-rmse:0.327364+0.004937 
[925]	train-rmse:0.317822+0.002015	test-rmse:0.327255+0.004941 
[926]	train-rmse:0.317698+0.002017	test-rmse:0.327149+0.004947 
[927]	train-rmse:0.317599+0.002052	test-rmse:0.327064+0.004925 
[928]	train-rmse:0.317499+0.002050	test-rmse:0.326975+0.004956 
> hgrid <-
+   dplyr::bind_cols(xgboost_params[index, ], dart.cv$evaluation_log[dart.cv$best_iteration, ], best_iter = dart.cv$best_iteration)
> 
> # write result
> fname <- file.path('data-raw', 'tune', year, 'array', paste0('tune_', index, '.tsv'))
> readr::write_tsv(hgrid, file = fname)
> 
