> 
> # parse arguments
> args <- R.utils::commandArgs(trailingOnly = FALSE, asValues = TRUE)
> index <- as.integer(args$index)
> year <- as.character(args$year)
> nreps <- as.integer(args$nreps)
> seed <- as.integer(args$seed)
> 
> # get number of cores
> wkrs <- length(future::availableWorkers())
> 
> # set seed
> set.seed(seed)
> 
> # read and prepare the cluster features
> fp <- file.path('data-raw', 'features', year)
> clf <-
+   read_features(fp, pattern = 'paris.', recursive = FALSE)
> clf <- prepare_features(
+   clf,
+   feature_map = feature_map,
+   category = c('response', 'bio', 'net'),
+   type = 'list',
+   exclusions = c(
+     'mg2_pairs_count',
+     'mg2_not_pairs_count',
+     'mg2_portion_families_recovered',
+     'cluster_origin',
+     'bocc_origin',
+     'cluster_method',
+     'subcluster_method',
+     'year',
+     'IDs',
+     'go_sig_threshold',
+     'num_new_edges_on_any_node',
+     'HPO_ratio'
+   ),
+   verbose = TRUE
+ )
c('HPO_ratio', 'IDs', 'bocc_origin', 'cluster_method', 'cluster_origin', 'go_sig_threshold', 'max_norm_cell_type_comma_sep_string', 'max_norm_disease_comma_sep_string', 'mg2_not_pairs_count', 'mg2_pairs_count', 'mg2_portion_families_recovered', 'num_new_edges_on_any_node', 'sig_go_enrichment_fdr_corrected_p_vals', 'sig_go_enrichment_p_vals', 'sig_go_enrichment_terms', 'subcluster_method', 'year')

> 
> # prepare grid of parameters
> xgboost_params <- dials::parameters(
+   nrounds = dials::trees(),
+   eta = dials::learn_rate(),
+   gamma = dials::loss_reduction(),
+   dials::tree_depth(),
+   subsample = dials::sample_prop(),
+   rate_drop = dials::dropout(),
+   skip_drop = dials::dropout()
+ )
> xgboost_params <-
+   dials::grid_max_entropy(xgboost_params, size = nreps)
> 
> # tune the dart booster
> dart.param <-
+   list(
+     booster = "dart",
+     objective = "reg:logistic",
+     eval_metric = "rmse",
+     nthread = wkrs,
+     max_depth = xgboost_params$tree_depth[index],
+     eta = xgboost_params$eta[index],
+     gamma = xgboost_params$gamma[index],
+     subsample = xgboost_params$subsample[index],
+     rate_drop = xgboost_params$rate_drop[index],
+     skip_drop = xgboost_params$skip_drop[index]
+   )
> dart.cv <- xgboost::xgb.cv(
+   params = dart.param,
+   nrounds = xgboost_params$nrounds[index],
+   data = as.matrix(clf[, -1]),
+   nfold = 5,
+   label = clf$snowballing_pvalue,
+   early_stopping_rounds = 50
+ )
[1]	train-rmse:0.417713+0.001019	test-rmse:0.417691+0.004059 
Multiple eval metrics are present. Will use test_rmse for early stopping.
Will train until test_rmse hasn't improved in 50 rounds.

[2]	train-rmse:0.417713+0.001019	test-rmse:0.417691+0.004059 
[3]	train-rmse:0.417713+0.001019	test-rmse:0.417691+0.004059 
[4]	train-rmse:0.417713+0.001019	test-rmse:0.417691+0.004059 
[5]	train-rmse:0.417712+0.001019	test-rmse:0.417691+0.004059 
[6]	train-rmse:0.417712+0.001019	test-rmse:0.417691+0.004059 
[7]	train-rmse:0.417712+0.001019	test-rmse:0.417691+0.004059 
[8]	train-rmse:0.417712+0.001019	test-rmse:0.417691+0.004059 
[9]	train-rmse:0.417712+0.001019	test-rmse:0.417690+0.004059 
[10]	train-rmse:0.417712+0.001019	test-rmse:0.417690+0.004059 
[11]	train-rmse:0.417712+0.001019	test-rmse:0.417690+0.004059 
[12]	train-rmse:0.417712+0.001019	test-rmse:0.417690+0.004059 
[13]	train-rmse:0.417711+0.001019	test-rmse:0.417690+0.004059 
[14]	train-rmse:0.417711+0.001019	test-rmse:0.417690+0.004059 
[15]	train-rmse:0.417711+0.001019	test-rmse:0.417690+0.004059 
[16]	train-rmse:0.417711+0.001019	test-rmse:0.417690+0.004059 
[17]	train-rmse:0.417711+0.001019	test-rmse:0.417689+0.004059 
[18]	train-rmse:0.417711+0.001019	test-rmse:0.417689+0.004059 
[19]	train-rmse:0.417711+0.001019	test-rmse:0.417689+0.004059 
[20]	train-rmse:0.417710+0.001019	test-rmse:0.417689+0.004059 
[21]	train-rmse:0.417710+0.001019	test-rmse:0.417689+0.004059 
[22]	train-rmse:0.417710+0.001019	test-rmse:0.417689+0.004059 
[23]	train-rmse:0.417710+0.001019	test-rmse:0.417689+0.004059 
[24]	train-rmse:0.417710+0.001019	test-rmse:0.417688+0.004059 
[25]	train-rmse:0.417710+0.001019	test-rmse:0.417688+0.004059 
[26]	train-rmse:0.417710+0.001019	test-rmse:0.417688+0.004059 
[27]	train-rmse:0.417709+0.001019	test-rmse:0.417688+0.004059 
[28]	train-rmse:0.417709+0.001019	test-rmse:0.417688+0.004059 
[29]	train-rmse:0.417709+0.001019	test-rmse:0.417688+0.004059 
[30]	train-rmse:0.417709+0.001019	test-rmse:0.417688+0.004059 
[31]	train-rmse:0.417709+0.001019	test-rmse:0.417688+0.004059 
[32]	train-rmse:0.417709+0.001019	test-rmse:0.417687+0.004059 
[33]	train-rmse:0.417709+0.001019	test-rmse:0.417687+0.004059 
[34]	train-rmse:0.417709+0.001019	test-rmse:0.417687+0.004059 
[35]	train-rmse:0.417709+0.001019	test-rmse:0.417687+0.004059 
[36]	train-rmse:0.417708+0.001019	test-rmse:0.417687+0.004059 
[37]	train-rmse:0.417708+0.001019	test-rmse:0.417687+0.004059 
[38]	train-rmse:0.417708+0.001019	test-rmse:0.417687+0.004059 
[39]	train-rmse:0.417708+0.001019	test-rmse:0.417687+0.004059 
[40]	train-rmse:0.417708+0.001019	test-rmse:0.417687+0.004059 
[41]	train-rmse:0.417708+0.001019	test-rmse:0.417686+0.004059 
[42]	train-rmse:0.417708+0.001019	test-rmse:0.417686+0.004059 
[43]	train-rmse:0.417708+0.001019	test-rmse:0.417686+0.004059 
[44]	train-rmse:0.417707+0.001019	test-rmse:0.417686+0.004059 
[45]	train-rmse:0.417707+0.001019	test-rmse:0.417686+0.004059 
[46]	train-rmse:0.417707+0.001019	test-rmse:0.417686+0.004059 
[47]	train-rmse:0.417707+0.001019	test-rmse:0.417686+0.004059 
[48]	train-rmse:0.417707+0.001019	test-rmse:0.417686+0.004059 
[49]	train-rmse:0.417707+0.001019	test-rmse:0.417685+0.004059 
[50]	train-rmse:0.417707+0.001019	test-rmse:0.417685+0.004059 
[51]	train-rmse:0.417707+0.001019	test-rmse:0.417685+0.004059 
[52]	train-rmse:0.417706+0.001019	test-rmse:0.417685+0.004059 
[53]	train-rmse:0.417706+0.001019	test-rmse:0.417685+0.004059 
[54]	train-rmse:0.417706+0.001019	test-rmse:0.417685+0.004059 
[55]	train-rmse:0.417706+0.001019	test-rmse:0.417685+0.004059 
[56]	train-rmse:0.417706+0.001019	test-rmse:0.417685+0.004059 
[57]	train-rmse:0.417706+0.001019	test-rmse:0.417685+0.004059 
[58]	train-rmse:0.417706+0.001019	test-rmse:0.417684+0.004059 
[59]	train-rmse:0.417706+0.001019	test-rmse:0.417684+0.004059 
[60]	train-rmse:0.417706+0.001019	test-rmse:0.417684+0.004059 
[61]	train-rmse:0.417705+0.001019	test-rmse:0.417684+0.004059 
[62]	train-rmse:0.417705+0.001019	test-rmse:0.417684+0.004059 
[63]	train-rmse:0.417705+0.001019	test-rmse:0.417684+0.004059 
[64]	train-rmse:0.417705+0.001019	test-rmse:0.417684+0.004059 
[65]	train-rmse:0.417705+0.001019	test-rmse:0.417684+0.004059 
[66]	train-rmse:0.417705+0.001019	test-rmse:0.417683+0.004059 
[67]	train-rmse:0.417705+0.001019	test-rmse:0.417683+0.004059 
[68]	train-rmse:0.417704+0.001019	test-rmse:0.417683+0.004059 
[69]	train-rmse:0.417704+0.001019	test-rmse:0.417683+0.004059 
[70]	train-rmse:0.417704+0.001019	test-rmse:0.417683+0.004059 
[71]	train-rmse:0.417704+0.001019	test-rmse:0.417683+0.004059 
[72]	train-rmse:0.417704+0.001019	test-rmse:0.417683+0.004059 
[73]	train-rmse:0.417704+0.001019	test-rmse:0.417682+0.004059 
[74]	train-rmse:0.417704+0.001019	test-rmse:0.417682+0.004059 
[75]	train-rmse:0.417704+0.001019	test-rmse:0.417682+0.004059 
[76]	train-rmse:0.417704+0.001019	test-rmse:0.417682+0.004059 
[77]	train-rmse:0.417703+0.001019	test-rmse:0.417682+0.004059 
[78]	train-rmse:0.417703+0.001019	test-rmse:0.417682+0.004059 
[79]	train-rmse:0.417703+0.001019	test-rmse:0.417682+0.004059 
[80]	train-rmse:0.417703+0.001019	test-rmse:0.417682+0.004059 
[81]	train-rmse:0.417703+0.001019	test-rmse:0.417682+0.004059 
[82]	train-rmse:0.417703+0.001019	test-rmse:0.417681+0.004059 
[83]	train-rmse:0.417703+0.001019	test-rmse:0.417681+0.004059 
[84]	train-rmse:0.417703+0.001019	test-rmse:0.417681+0.004059 
[85]	train-rmse:0.417703+0.001019	test-rmse:0.417681+0.004059 
[86]	train-rmse:0.417702+0.001019	test-rmse:0.417681+0.004059 
[87]	train-rmse:0.417702+0.001019	test-rmse:0.417681+0.004059 
[88]	train-rmse:0.417702+0.001019	test-rmse:0.417681+0.004059 
[89]	train-rmse:0.417702+0.001019	test-rmse:0.417681+0.004059 
[90]	train-rmse:0.417702+0.001019	test-rmse:0.417681+0.004059 
[91]	train-rmse:0.417702+0.001019	test-rmse:0.417680+0.004059 
[92]	train-rmse:0.417702+0.001019	test-rmse:0.417680+0.004059 
[93]	train-rmse:0.417702+0.001019	test-rmse:0.417680+0.004059 
[94]	train-rmse:0.417701+0.001019	test-rmse:0.417680+0.004059 
[95]	train-rmse:0.417701+0.001019	test-rmse:0.417680+0.004059 
[96]	train-rmse:0.417701+0.001019	test-rmse:0.417680+0.004059 
[97]	train-rmse:0.417701+0.001019	test-rmse:0.417680+0.004059 
[98]	train-rmse:0.417701+0.001019	test-rmse:0.417680+0.004059 
[99]	train-rmse:0.417701+0.001019	test-rmse:0.417679+0.004059 
[100]	train-rmse:0.417701+0.001019	test-rmse:0.417679+0.004059 
[101]	train-rmse:0.417701+0.001019	test-rmse:0.417679+0.004059 
[102]	train-rmse:0.417700+0.001019	test-rmse:0.417679+0.004059 
[103]	train-rmse:0.417700+0.001019	test-rmse:0.417679+0.004059 
[104]	train-rmse:0.417700+0.001019	test-rmse:0.417679+0.004059 
[105]	train-rmse:0.417700+0.001019	test-rmse:0.417679+0.004059 
[106]	train-rmse:0.417700+0.001019	test-rmse:0.417679+0.004059 
[107]	train-rmse:0.417700+0.001019	test-rmse:0.417679+0.004059 
[108]	train-rmse:0.417700+0.001019	test-rmse:0.417678+0.004059 
[109]	train-rmse:0.417700+0.001019	test-rmse:0.417678+0.004059 
[110]	train-rmse:0.417700+0.001019	test-rmse:0.417678+0.004059 
[111]	train-rmse:0.417699+0.001019	test-rmse:0.417678+0.004059 
[112]	train-rmse:0.417699+0.001019	test-rmse:0.417678+0.004059 
[113]	train-rmse:0.417699+0.001019	test-rmse:0.417678+0.004059 
[114]	train-rmse:0.417699+0.001019	test-rmse:0.417678+0.004059 
[115]	train-rmse:0.417699+0.001019	test-rmse:0.417678+0.004059 
[116]	train-rmse:0.417699+0.001019	test-rmse:0.417677+0.004059 
[117]	train-rmse:0.417699+0.001019	test-rmse:0.417677+0.004059 
[118]	train-rmse:0.417699+0.001019	test-rmse:0.417677+0.004059 
[119]	train-rmse:0.417698+0.001019	test-rmse:0.417677+0.004059 
[120]	train-rmse:0.417698+0.001019	test-rmse:0.417677+0.004059 
[121]	train-rmse:0.417698+0.001019	test-rmse:0.417677+0.004059 
[122]	train-rmse:0.417698+0.001019	test-rmse:0.417677+0.004059 
[123]	train-rmse:0.417698+0.001019	test-rmse:0.417677+0.004059 
[124]	train-rmse:0.417698+0.001019	test-rmse:0.417676+0.004059 
[125]	train-rmse:0.417698+0.001019	test-rmse:0.417676+0.004059 
[126]	train-rmse:0.417697+0.001019	test-rmse:0.417676+0.004059 
[127]	train-rmse:0.417697+0.001019	test-rmse:0.417676+0.004059 
[128]	train-rmse:0.417697+0.001019	test-rmse:0.417676+0.004059 
[129]	train-rmse:0.417697+0.001019	test-rmse:0.417676+0.004059 
[130]	train-rmse:0.417697+0.001019	test-rmse:0.417676+0.004059 
[131]	train-rmse:0.417697+0.001019	test-rmse:0.417675+0.004059 
[132]	train-rmse:0.417697+0.001019	test-rmse:0.417675+0.004059 
[133]	train-rmse:0.417697+0.001019	test-rmse:0.417675+0.004059 
[134]	train-rmse:0.417696+0.001019	test-rmse:0.417675+0.004059 
[135]	train-rmse:0.417696+0.001019	test-rmse:0.417675+0.004059 
[136]	train-rmse:0.417696+0.001019	test-rmse:0.417675+0.004059 
[137]	train-rmse:0.417696+0.001019	test-rmse:0.417675+0.004059 
[138]	train-rmse:0.417696+0.001019	test-rmse:0.417675+0.004059 
[139]	train-rmse:0.417696+0.001019	test-rmse:0.417674+0.004059 
[140]	train-rmse:0.417696+0.001019	test-rmse:0.417674+0.004059 
[141]	train-rmse:0.417695+0.001019	test-rmse:0.417674+0.004059 
[142]	train-rmse:0.417695+0.001019	test-rmse:0.417674+0.004059 
[143]	train-rmse:0.417695+0.001019	test-rmse:0.417674+0.004059 
[144]	train-rmse:0.417695+0.001019	test-rmse:0.417674+0.004059 
[145]	train-rmse:0.417695+0.001019	test-rmse:0.417674+0.004059 
[146]	train-rmse:0.417695+0.001019	test-rmse:0.417674+0.004059 
[147]	train-rmse:0.417695+0.001019	test-rmse:0.417673+0.004059 
[148]	train-rmse:0.417695+0.001019	test-rmse:0.417673+0.004059 
[149]	train-rmse:0.417694+0.001019	test-rmse:0.417673+0.004059 
[150]	train-rmse:0.417694+0.001019	test-rmse:0.417673+0.004059 
[151]	train-rmse:0.417694+0.001019	test-rmse:0.417673+0.004059 
[152]	train-rmse:0.417694+0.001019	test-rmse:0.417673+0.004059 
[153]	train-rmse:0.417694+0.001019	test-rmse:0.417673+0.004059 
[154]	train-rmse:0.417694+0.001019	test-rmse:0.417673+0.004059 
[155]	train-rmse:0.417694+0.001019	test-rmse:0.417673+0.004059 
[156]	train-rmse:0.417694+0.001019	test-rmse:0.417672+0.004059 
[157]	train-rmse:0.417694+0.001019	test-rmse:0.417672+0.004059 
[158]	train-rmse:0.417693+0.001019	test-rmse:0.417672+0.004059 
[159]	train-rmse:0.417693+0.001019	test-rmse:0.417672+0.004059 
[160]	train-rmse:0.417693+0.001019	test-rmse:0.417672+0.004059 
[161]	train-rmse:0.417693+0.001019	test-rmse:0.417672+0.004059 
[162]	train-rmse:0.417693+0.001019	test-rmse:0.417672+0.004059 
[163]	train-rmse:0.417693+0.001019	test-rmse:0.417672+0.004059 
[164]	train-rmse:0.417693+0.001019	test-rmse:0.417671+0.004059 
[165]	train-rmse:0.417692+0.001019	test-rmse:0.417671+0.004059 
[166]	train-rmse:0.417692+0.001019	test-rmse:0.417671+0.004059 
[167]	train-rmse:0.417692+0.001019	test-rmse:0.417671+0.004059 
[168]	train-rmse:0.417692+0.001019	test-rmse:0.417671+0.004059 
[169]	train-rmse:0.417692+0.001019	test-rmse:0.417671+0.004059 
[170]	train-rmse:0.417692+0.001019	test-rmse:0.417671+0.004059 
[171]	train-rmse:0.417692+0.001019	test-rmse:0.417671+0.004059 
[172]	train-rmse:0.417692+0.001019	test-rmse:0.417670+0.004059 
[173]	train-rmse:0.417692+0.001019	test-rmse:0.417670+0.004059 
[174]	train-rmse:0.417691+0.001019	test-rmse:0.417670+0.004059 
[175]	train-rmse:0.417691+0.001019	test-rmse:0.417670+0.004059 
[176]	train-rmse:0.417691+0.001019	test-rmse:0.417670+0.004059 
[177]	train-rmse:0.417691+0.001019	test-rmse:0.417670+0.004059 
[178]	train-rmse:0.417691+0.001019	test-rmse:0.417670+0.004059 
[179]	train-rmse:0.417691+0.001019	test-rmse:0.417670+0.004059 
[180]	train-rmse:0.417691+0.001019	test-rmse:0.417669+0.004059 
[181]	train-rmse:0.417691+0.001019	test-rmse:0.417669+0.004059 
[182]	train-rmse:0.417690+0.001019	test-rmse:0.417669+0.004059 
[183]	train-rmse:0.417690+0.001020	test-rmse:0.417669+0.004058 
[184]	train-rmse:0.417690+0.001020	test-rmse:0.417669+0.004058 
[185]	train-rmse:0.417690+0.001020	test-rmse:0.417669+0.004058 
[186]	train-rmse:0.417690+0.001019	test-rmse:0.417669+0.004059 
[187]	train-rmse:0.417690+0.001020	test-rmse:0.417669+0.004058 
[188]	train-rmse:0.417690+0.001020	test-rmse:0.417669+0.004058 
[189]	train-rmse:0.417690+0.001020	test-rmse:0.417668+0.004058 
[190]	train-rmse:0.417690+0.001020	test-rmse:0.417668+0.004058 
[191]	train-rmse:0.417689+0.001020	test-rmse:0.417668+0.004058 
[192]	train-rmse:0.417689+0.001020	test-rmse:0.417668+0.004058 
[193]	train-rmse:0.417689+0.001019	test-rmse:0.417668+0.004058 
[194]	train-rmse:0.417689+0.001019	test-rmse:0.417668+0.004058 
[195]	train-rmse:0.417689+0.001019	test-rmse:0.417668+0.004059 
[196]	train-rmse:0.417689+0.001019	test-rmse:0.417668+0.004059 
[197]	train-rmse:0.417689+0.001019	test-rmse:0.417668+0.004059 
[198]	train-rmse:0.417689+0.001019	test-rmse:0.417667+0.004059 
[199]	train-rmse:0.417688+0.001019	test-rmse:0.417667+0.004059 
[200]	train-rmse:0.417688+0.001019	test-rmse:0.417667+0.004059 
[201]	train-rmse:0.417688+0.001019	test-rmse:0.417667+0.004059 
[202]	train-rmse:0.417688+0.001019	test-rmse:0.417667+0.004059 
[203]	train-rmse:0.417688+0.001019	test-rmse:0.417667+0.004059 
[204]	train-rmse:0.417688+0.001019	test-rmse:0.417667+0.004059 
[205]	train-rmse:0.417688+0.001019	test-rmse:0.417667+0.004059 
[206]	train-rmse:0.417688+0.001019	test-rmse:0.417666+0.004059 
[207]	train-rmse:0.417687+0.001019	test-rmse:0.417666+0.004059 
[208]	train-rmse:0.417687+0.001019	test-rmse:0.417666+0.004059 
[209]	train-rmse:0.417687+0.001019	test-rmse:0.417666+0.004059 
[210]	train-rmse:0.417687+0.001019	test-rmse:0.417666+0.004059 
[211]	train-rmse:0.417687+0.001019	test-rmse:0.417666+0.004059 
[212]	train-rmse:0.417687+0.001019	test-rmse:0.417666+0.004059 
[213]	train-rmse:0.417687+0.001019	test-rmse:0.417666+0.004059 
[214]	train-rmse:0.417687+0.001019	test-rmse:0.417665+0.004059 
[215]	train-rmse:0.417686+0.001019	test-rmse:0.417665+0.004059 
[216]	train-rmse:0.417686+0.001019	test-rmse:0.417665+0.004059 
[217]	train-rmse:0.417686+0.001019	test-rmse:0.417665+0.004059 
[218]	train-rmse:0.417686+0.001019	test-rmse:0.417665+0.004059 
[219]	train-rmse:0.417686+0.001019	test-rmse:0.417665+0.004059 
[220]	train-rmse:0.417686+0.001019	test-rmse:0.417665+0.004059 
[221]	train-rmse:0.417686+0.001019	test-rmse:0.417665+0.004059 
[222]	train-rmse:0.417686+0.001019	test-rmse:0.417664+0.004059 
[223]	train-rmse:0.417685+0.001019	test-rmse:0.417664+0.004059 
[224]	train-rmse:0.417685+0.001019	test-rmse:0.417664+0.004059 
[225]	train-rmse:0.417685+0.001019	test-rmse:0.417664+0.004059 
[226]	train-rmse:0.417685+0.001019	test-rmse:0.417664+0.004059 
[227]	train-rmse:0.417685+0.001019	test-rmse:0.417664+0.004059 
[228]	train-rmse:0.417685+0.001019	test-rmse:0.417664+0.004059 
[229]	train-rmse:0.417685+0.001019	test-rmse:0.417664+0.004059 
[230]	train-rmse:0.417685+0.001019	test-rmse:0.417664+0.004059 
[231]	train-rmse:0.417684+0.001019	test-rmse:0.417663+0.004059 
[232]	train-rmse:0.417684+0.001019	test-rmse:0.417663+0.004059 
[233]	train-rmse:0.417684+0.001019	test-rmse:0.417663+0.004059 
[234]	train-rmse:0.417684+0.001019	test-rmse:0.417663+0.004059 
[235]	train-rmse:0.417684+0.001019	test-rmse:0.417663+0.004059 
[236]	train-rmse:0.417684+0.001019	test-rmse:0.417663+0.004059 
[237]	train-rmse:0.417684+0.001019	test-rmse:0.417663+0.004059 
[238]	train-rmse:0.417684+0.001019	test-rmse:0.417663+0.004059 
[239]	train-rmse:0.417684+0.001019	test-rmse:0.417662+0.004059 
[240]	train-rmse:0.417683+0.001019	test-rmse:0.417662+0.004059 
[241]	train-rmse:0.417683+0.001019	test-rmse:0.417662+0.004059 
[242]	train-rmse:0.417683+0.001019	test-rmse:0.417662+0.004059 
[243]	train-rmse:0.417683+0.001019	test-rmse:0.417662+0.004059 
[244]	train-rmse:0.417683+0.001019	test-rmse:0.417662+0.004059 
[245]	train-rmse:0.417683+0.001019	test-rmse:0.417662+0.004059 
[246]	train-rmse:0.417683+0.001019	test-rmse:0.417662+0.004059 
[247]	train-rmse:0.417683+0.001019	test-rmse:0.417661+0.004059 
[248]	train-rmse:0.417682+0.001019	test-rmse:0.417661+0.004059 
[249]	train-rmse:0.417682+0.001019	test-rmse:0.417661+0.004059 
[250]	train-rmse:0.417682+0.001019	test-rmse:0.417661+0.004059 
[251]	train-rmse:0.417682+0.001019	test-rmse:0.417661+0.004059 
[252]	train-rmse:0.417682+0.001019	test-rmse:0.417661+0.004059 
[253]	train-rmse:0.417682+0.001019	test-rmse:0.417661+0.004059 
[254]	train-rmse:0.417682+0.001019	test-rmse:0.417661+0.004059 
[255]	train-rmse:0.417682+0.001019	test-rmse:0.417661+0.004059 
[256]	train-rmse:0.417682+0.001019	test-rmse:0.417660+0.004059 
[257]	train-rmse:0.417681+0.001019	test-rmse:0.417660+0.004059 
[258]	train-rmse:0.417681+0.001019	test-rmse:0.417660+0.004059 
[259]	train-rmse:0.417681+0.001019	test-rmse:0.417660+0.004059 
[260]	train-rmse:0.417681+0.001019	test-rmse:0.417660+0.004059 
[261]	train-rmse:0.417681+0.001019	test-rmse:0.417660+0.004059 
[262]	train-rmse:0.417681+0.001019	test-rmse:0.417660+0.004059 
[263]	train-rmse:0.417681+0.001019	test-rmse:0.417660+0.004059 
[264]	train-rmse:0.417681+0.001019	test-rmse:0.417660+0.004059 
[265]	train-rmse:0.417681+0.001019	test-rmse:0.417659+0.004059 
[266]	train-rmse:0.417680+0.001019	test-rmse:0.417659+0.004059 
[267]	train-rmse:0.417680+0.001019	test-rmse:0.417659+0.004059 
[268]	train-rmse:0.417680+0.001019	test-rmse:0.417659+0.004059 
[269]	train-rmse:0.417680+0.001019	test-rmse:0.417659+0.004059 
[270]	train-rmse:0.417680+0.001019	test-rmse:0.417659+0.004059 
[271]	train-rmse:0.417680+0.001019	test-rmse:0.417659+0.004059 
[272]	train-rmse:0.417680+0.001019	test-rmse:0.417659+0.004059 
[273]	train-rmse:0.417680+0.001019	test-rmse:0.417659+0.004059 
[274]	train-rmse:0.417680+0.001019	test-rmse:0.417658+0.004059 
[275]	train-rmse:0.417679+0.001019	test-rmse:0.417658+0.004059 
[276]	train-rmse:0.417679+0.001019	test-rmse:0.417658+0.004059 
[277]	train-rmse:0.417679+0.001019	test-rmse:0.417658+0.004059 
[278]	train-rmse:0.417679+0.001019	test-rmse:0.417658+0.004059 
[279]	train-rmse:0.417679+0.001019	test-rmse:0.417658+0.004059 
[280]	train-rmse:0.417679+0.001019	test-rmse:0.417658+0.004059 
[281]	train-rmse:0.417679+0.001019	test-rmse:0.417658+0.004058 
[282]	train-rmse:0.417678+0.001019	test-rmse:0.417657+0.004058 
[283]	train-rmse:0.417678+0.001019	test-rmse:0.417657+0.004058 
[284]	train-rmse:0.417678+0.001019	test-rmse:0.417657+0.004058 
[285]	train-rmse:0.417678+0.001019	test-rmse:0.417657+0.004058 
[286]	train-rmse:0.417678+0.001019	test-rmse:0.417657+0.004058 
[287]	train-rmse:0.417678+0.001019	test-rmse:0.417657+0.004058 
[288]	train-rmse:0.417678+0.001019	test-rmse:0.417657+0.004058 
[289]	train-rmse:0.417678+0.001019	test-rmse:0.417657+0.004059 
[290]	train-rmse:0.417677+0.001019	test-rmse:0.417656+0.004058 
[291]	train-rmse:0.417677+0.001019	test-rmse:0.417656+0.004058 
[292]	train-rmse:0.417677+0.001019	test-rmse:0.417656+0.004058 
[293]	train-rmse:0.417677+0.001019	test-rmse:0.417656+0.004058 
[294]	train-rmse:0.417677+0.001019	test-rmse:0.417656+0.004058 
[295]	train-rmse:0.417677+0.001019	test-rmse:0.417656+0.004058 
[296]	train-rmse:0.417677+0.001019	test-rmse:0.417656+0.004058 
[297]	train-rmse:0.417677+0.001019	test-rmse:0.417656+0.004058 
[298]	train-rmse:0.417676+0.001019	test-rmse:0.417655+0.004058 
[299]	train-rmse:0.417676+0.001019	test-rmse:0.417655+0.004058 
[300]	train-rmse:0.417676+0.001019	test-rmse:0.417655+0.004058 
[301]	train-rmse:0.417676+0.001019	test-rmse:0.417655+0.004058 
[302]	train-rmse:0.417676+0.001019	test-rmse:0.417655+0.004058 
[303]	train-rmse:0.417676+0.001019	test-rmse:0.417655+0.004058 
[304]	train-rmse:0.417676+0.001019	test-rmse:0.417655+0.004058 
[305]	train-rmse:0.417676+0.001019	test-rmse:0.417655+0.004058 
[306]	train-rmse:0.417676+0.001019	test-rmse:0.417655+0.004058 
[307]	train-rmse:0.417675+0.001019	test-rmse:0.417655+0.004058 
[308]	train-rmse:0.417675+0.001019	test-rmse:0.417654+0.004058 
[309]	train-rmse:0.417675+0.001019	test-rmse:0.417654+0.004058 
[310]	train-rmse:0.417675+0.001019	test-rmse:0.417654+0.004058 
[311]	train-rmse:0.417675+0.001019	test-rmse:0.417654+0.004058 
[312]	train-rmse:0.417675+0.001019	test-rmse:0.417654+0.004058 
[313]	train-rmse:0.417675+0.001019	test-rmse:0.417654+0.004058 
[314]	train-rmse:0.417675+0.001019	test-rmse:0.417654+0.004058 
[315]	train-rmse:0.417674+0.001019	test-rmse:0.417653+0.004058 
[316]	train-rmse:0.417674+0.001019	test-rmse:0.417653+0.004058 
[317]	train-rmse:0.417674+0.001019	test-rmse:0.417653+0.004058 
[318]	train-rmse:0.417674+0.001019	test-rmse:0.417653+0.004058 
[319]	train-rmse:0.417674+0.001019	test-rmse:0.417653+0.004058 
[320]	train-rmse:0.417674+0.001020	test-rmse:0.417653+0.004058 
[321]	train-rmse:0.417674+0.001019	test-rmse:0.417653+0.004058 
[322]	train-rmse:0.417674+0.001019	test-rmse:0.417653+0.004058 
[323]	train-rmse:0.417674+0.001019	test-rmse:0.417653+0.004058 
[324]	train-rmse:0.417673+0.001019	test-rmse:0.417652+0.004058 
[325]	train-rmse:0.417673+0.001019	test-rmse:0.417652+0.004058 
[326]	train-rmse:0.417673+0.001019	test-rmse:0.417652+0.004058 
[327]	train-rmse:0.417673+0.001019	test-rmse:0.417652+0.004058 
[328]	train-rmse:0.417673+0.001019	test-rmse:0.417652+0.004058 
[329]	train-rmse:0.417673+0.001019	test-rmse:0.417652+0.004058 
[330]	train-rmse:0.417673+0.001019	test-rmse:0.417652+0.004058 
[331]	train-rmse:0.417673+0.001019	test-rmse:0.417652+0.004058 
[332]	train-rmse:0.417672+0.001020	test-rmse:0.417651+0.004058 
[333]	train-rmse:0.417672+0.001020	test-rmse:0.417651+0.004058 
[334]	train-rmse:0.417672+0.001019	test-rmse:0.417651+0.004058 
[335]	train-rmse:0.417672+0.001019	test-rmse:0.417651+0.004058 
[336]	train-rmse:0.417672+0.001019	test-rmse:0.417651+0.004058 
[337]	train-rmse:0.417672+0.001019	test-rmse:0.417651+0.004058 
[338]	train-rmse:0.417672+0.001019	test-rmse:0.417651+0.004058 
[339]	train-rmse:0.417672+0.001019	test-rmse:0.417651+0.004058 
[340]	train-rmse:0.417671+0.001020	test-rmse:0.417651+0.004058 
[341]	train-rmse:0.417671+0.001020	test-rmse:0.417650+0.004058 
[342]	train-rmse:0.417671+0.001020	test-rmse:0.417650+0.004058 
[343]	train-rmse:0.417671+0.001020	test-rmse:0.417650+0.004058 
[344]	train-rmse:0.417671+0.001020	test-rmse:0.417650+0.004058 
[345]	train-rmse:0.417671+0.001020	test-rmse:0.417650+0.004058 
[346]	train-rmse:0.417671+0.001020	test-rmse:0.417650+0.004058 
[347]	train-rmse:0.417671+0.001020	test-rmse:0.417650+0.004058 
[348]	train-rmse:0.417670+0.001020	test-rmse:0.417650+0.004058 
[349]	train-rmse:0.417670+0.001020	test-rmse:0.417649+0.004058 
[350]	train-rmse:0.417670+0.001020	test-rmse:0.417649+0.004058 
[351]	train-rmse:0.417670+0.001019	test-rmse:0.417649+0.004058 
[352]	train-rmse:0.417670+0.001019	test-rmse:0.417649+0.004058 
[353]	train-rmse:0.417670+0.001019	test-rmse:0.417649+0.004058 
[354]	train-rmse:0.417670+0.001019	test-rmse:0.417649+0.004058 
[355]	train-rmse:0.417670+0.001019	test-rmse:0.417649+0.004058 
[356]	train-rmse:0.417670+0.001019	test-rmse:0.417649+0.004058 
[357]	train-rmse:0.417669+0.001019	test-rmse:0.417648+0.004058 
[358]	train-rmse:0.417669+0.001019	test-rmse:0.417648+0.004058 
[359]	train-rmse:0.417669+0.001019	test-rmse:0.417648+0.004058 
[360]	train-rmse:0.417669+0.001019	test-rmse:0.417648+0.004058 
[361]	train-rmse:0.417669+0.001019	test-rmse:0.417648+0.004058 
[362]	train-rmse:0.417669+0.001019	test-rmse:0.417648+0.004058 
[363]	train-rmse:0.417669+0.001019	test-rmse:0.417648+0.004058 
[364]	train-rmse:0.417669+0.001019	test-rmse:0.417648+0.004058 
[365]	train-rmse:0.417669+0.001019	test-rmse:0.417648+0.004058 
[366]	train-rmse:0.417668+0.001019	test-rmse:0.417648+0.004058 
[367]	train-rmse:0.417668+0.001019	test-rmse:0.417647+0.004058 
[368]	train-rmse:0.417668+0.001019	test-rmse:0.417647+0.004058 
[369]	train-rmse:0.417668+0.001019	test-rmse:0.417647+0.004058 
[370]	train-rmse:0.417668+0.001019	test-rmse:0.417647+0.004058 
[371]	train-rmse:0.417668+0.001019	test-rmse:0.417647+0.004058 
[372]	train-rmse:0.417668+0.001019	test-rmse:0.417647+0.004058 
[373]	train-rmse:0.417668+0.001019	test-rmse:0.417647+0.004058 
[374]	train-rmse:0.417668+0.001019	test-rmse:0.417647+0.004058 
[375]	train-rmse:0.417667+0.001019	test-rmse:0.417647+0.004058 
[376]	train-rmse:0.417667+0.001019	test-rmse:0.417646+0.004058 
[377]	train-rmse:0.417667+0.001019	test-rmse:0.417646+0.004058 
[378]	train-rmse:0.417667+0.001019	test-rmse:0.417646+0.004058 
[379]	train-rmse:0.417667+0.001019	test-rmse:0.417646+0.004058 
[380]	train-rmse:0.417667+0.001019	test-rmse:0.417646+0.004058 
[381]	train-rmse:0.417667+0.001019	test-rmse:0.417646+0.004058 
[382]	train-rmse:0.417667+0.001019	test-rmse:0.417646+0.004058 
[383]	train-rmse:0.417666+0.001019	test-rmse:0.417646+0.004058 
[384]	train-rmse:0.417666+0.001019	test-rmse:0.417645+0.004058 
[385]	train-rmse:0.417666+0.001019	test-rmse:0.417645+0.004058 
[386]	train-rmse:0.417666+0.001019	test-rmse:0.417645+0.004058 
[387]	train-rmse:0.417666+0.001019	test-rmse:0.417645+0.004058 
[388]	train-rmse:0.417666+0.001019	test-rmse:0.417645+0.004058 
[389]	train-rmse:0.417666+0.001019	test-rmse:0.417645+0.004058 
[390]	train-rmse:0.417665+0.001019	test-rmse:0.417645+0.004058 
[391]	train-rmse:0.417665+0.001019	test-rmse:0.417644+0.004058 
[392]	train-rmse:0.417665+0.001019	test-rmse:0.417644+0.004058 
[393]	train-rmse:0.417665+0.001019	test-rmse:0.417644+0.004058 
[394]	train-rmse:0.417665+0.001019	test-rmse:0.417644+0.004058 
[395]	train-rmse:0.417665+0.001019	test-rmse:0.417644+0.004058 
[396]	train-rmse:0.417665+0.001019	test-rmse:0.417644+0.004058 
[397]	train-rmse:0.417665+0.001019	test-rmse:0.417644+0.004058 
[398]	train-rmse:0.417665+0.001019	test-rmse:0.417644+0.004058 
[399]	train-rmse:0.417664+0.001019	test-rmse:0.417644+0.004058 
[400]	train-rmse:0.417664+0.001019	test-rmse:0.417643+0.004058 
[401]	train-rmse:0.417664+0.001019	test-rmse:0.417643+0.004058 
[402]	train-rmse:0.417664+0.001019	test-rmse:0.417643+0.004058 
[403]	train-rmse:0.417664+0.001019	test-rmse:0.417643+0.004058 
[404]	train-rmse:0.417664+0.001019	test-rmse:0.417643+0.004058 
[405]	train-rmse:0.417664+0.001019	test-rmse:0.417643+0.004058 
[406]	train-rmse:0.417664+0.001019	test-rmse:0.417643+0.004058 
[407]	train-rmse:0.417663+0.001019	test-rmse:0.417643+0.004058 
[408]	train-rmse:0.417663+0.001019	test-rmse:0.417643+0.004058 
[409]	train-rmse:0.417663+0.001019	test-rmse:0.417642+0.004058 
[410]	train-rmse:0.417663+0.001019	test-rmse:0.417642+0.004058 
[411]	train-rmse:0.417663+0.001019	test-rmse:0.417642+0.004058 
[412]	train-rmse:0.417663+0.001019	test-rmse:0.417642+0.004058 
[413]	train-rmse:0.417663+0.001019	test-rmse:0.417642+0.004058 
[414]	train-rmse:0.417663+0.001019	test-rmse:0.417642+0.004058 
[415]	train-rmse:0.417662+0.001019	test-rmse:0.417642+0.004058 
[416]	train-rmse:0.417662+0.001019	test-rmse:0.417642+0.004058 
[417]	train-rmse:0.417662+0.001019	test-rmse:0.417641+0.004058 
[418]	train-rmse:0.417662+0.001019	test-rmse:0.417641+0.004058 
[419]	train-rmse:0.417662+0.001019	test-rmse:0.417641+0.004058 
[420]	train-rmse:0.417662+0.001019	test-rmse:0.417641+0.004058 
[421]	train-rmse:0.417662+0.001019	test-rmse:0.417641+0.004058 
[422]	train-rmse:0.417662+0.001019	test-rmse:0.417641+0.004058 
[423]	train-rmse:0.417661+0.001019	test-rmse:0.417641+0.004058 
[424]	train-rmse:0.417661+0.001019	test-rmse:0.417641+0.004058 
[425]	train-rmse:0.417661+0.001019	test-rmse:0.417640+0.004058 
[426]	train-rmse:0.417661+0.001019	test-rmse:0.417640+0.004058 
[427]	train-rmse:0.417661+0.001019	test-rmse:0.417640+0.004058 
[428]	train-rmse:0.417661+0.001019	test-rmse:0.417640+0.004058 
[429]	train-rmse:0.417661+0.001019	test-rmse:0.417640+0.004058 
[430]	train-rmse:0.417661+0.001019	test-rmse:0.417640+0.004058 
[431]	train-rmse:0.417661+0.001019	test-rmse:0.417640+0.004058 
[432]	train-rmse:0.417660+0.001019	test-rmse:0.417640+0.004058 
[433]	train-rmse:0.417660+0.001019	test-rmse:0.417639+0.004058 
[434]	train-rmse:0.417660+0.001019	test-rmse:0.417639+0.004058 
[435]	train-rmse:0.417660+0.001019	test-rmse:0.417639+0.004058 
[436]	train-rmse:0.417660+0.001019	test-rmse:0.417639+0.004058 
[437]	train-rmse:0.417660+0.001019	test-rmse:0.417639+0.004058 
[438]	train-rmse:0.417660+0.001019	test-rmse:0.417639+0.004058 
[439]	train-rmse:0.417660+0.001019	test-rmse:0.417639+0.004058 
[440]	train-rmse:0.417659+0.001019	test-rmse:0.417639+0.004058 
[441]	train-rmse:0.417659+0.001019	test-rmse:0.417639+0.004058 
[442]	train-rmse:0.417659+0.001019	test-rmse:0.417638+0.004058 
[443]	train-rmse:0.417659+0.001019	test-rmse:0.417638+0.004058 
[444]	train-rmse:0.417659+0.001019	test-rmse:0.417638+0.004058 
[445]	train-rmse:0.417659+0.001019	test-rmse:0.417638+0.004058 
[446]	train-rmse:0.417659+0.001019	test-rmse:0.417638+0.004058 
[447]	train-rmse:0.417659+0.001019	test-rmse:0.417638+0.004058 
[448]	train-rmse:0.417658+0.001019	test-rmse:0.417638+0.004058 
[449]	train-rmse:0.417658+0.001019	test-rmse:0.417638+0.004058 
[450]	train-rmse:0.417658+0.001019	test-rmse:0.417637+0.004058 
[451]	train-rmse:0.417658+0.001019	test-rmse:0.417637+0.004058 
[452]	train-rmse:0.417658+0.001019	test-rmse:0.417637+0.004058 
[453]	train-rmse:0.417658+0.001019	test-rmse:0.417637+0.004058 
[454]	train-rmse:0.417658+0.001019	test-rmse:0.417637+0.004058 
[455]	train-rmse:0.417658+0.001019	test-rmse:0.417637+0.004058 
[456]	train-rmse:0.417658+0.001019	test-rmse:0.417637+0.004058 
[457]	train-rmse:0.417658+0.001019	test-rmse:0.417637+0.004058 
[458]	train-rmse:0.417657+0.001019	test-rmse:0.417637+0.004058 
[459]	train-rmse:0.417657+0.001019	test-rmse:0.417636+0.004058 
[460]	train-rmse:0.417657+0.001019	test-rmse:0.417636+0.004058 
[461]	train-rmse:0.417657+0.001019	test-rmse:0.417636+0.004058 
[462]	train-rmse:0.417657+0.001019	test-rmse:0.417636+0.004058 
[463]	train-rmse:0.417657+0.001019	test-rmse:0.417636+0.004058 
[464]	train-rmse:0.417657+0.001019	test-rmse:0.417636+0.004058 
[465]	train-rmse:0.417657+0.001019	test-rmse:0.417636+0.004058 
[466]	train-rmse:0.417656+0.001019	test-rmse:0.417636+0.004058 
[467]	train-rmse:0.417656+0.001019	test-rmse:0.417636+0.004058 
[468]	train-rmse:0.417656+0.001019	test-rmse:0.417635+0.004058 
[469]	train-rmse:0.417656+0.001019	test-rmse:0.417635+0.004058 
[470]	train-rmse:0.417656+0.001019	test-rmse:0.417635+0.004058 
[471]	train-rmse:0.417656+0.001019	test-rmse:0.417635+0.004058 
[472]	train-rmse:0.417656+0.001019	test-rmse:0.417635+0.004058 
[473]	train-rmse:0.417656+0.001019	test-rmse:0.417635+0.004058 
[474]	train-rmse:0.417656+0.001019	test-rmse:0.417635+0.004058 
[475]	train-rmse:0.417655+0.001019	test-rmse:0.417635+0.004058 
[476]	train-rmse:0.417655+0.001019	test-rmse:0.417635+0.004058 
[477]	train-rmse:0.417655+0.001019	test-rmse:0.417634+0.004058 
[478]	train-rmse:0.417655+0.001019	test-rmse:0.417634+0.004058 
[479]	train-rmse:0.417655+0.001019	test-rmse:0.417634+0.004058 
[480]	train-rmse:0.417655+0.001019	test-rmse:0.417634+0.004058 
[481]	train-rmse:0.417655+0.001019	test-rmse:0.417634+0.004058 
[482]	train-rmse:0.417655+0.001019	test-rmse:0.417634+0.004058 
[483]	train-rmse:0.417654+0.001019	test-rmse:0.417634+0.004058 
[484]	train-rmse:0.417654+0.001019	test-rmse:0.417634+0.004058 
[485]	train-rmse:0.417654+0.001019	test-rmse:0.417633+0.004058 
[486]	train-rmse:0.417654+0.001019	test-rmse:0.417633+0.004058 
[487]	train-rmse:0.417654+0.001019	test-rmse:0.417633+0.004058 
[488]	train-rmse:0.417654+0.001019	test-rmse:0.417633+0.004058 
[489]	train-rmse:0.417654+0.001019	test-rmse:0.417633+0.004058 
[490]	train-rmse:0.417654+0.001019	test-rmse:0.417633+0.004058 
[491]	train-rmse:0.417653+0.001019	test-rmse:0.417633+0.004058 
[492]	train-rmse:0.417653+0.001019	test-rmse:0.417633+0.004058 
[493]	train-rmse:0.417653+0.001019	test-rmse:0.417632+0.004058 
[494]	train-rmse:0.417653+0.001019	test-rmse:0.417632+0.004058 
[495]	train-rmse:0.417653+0.001019	test-rmse:0.417632+0.004058 
[496]	train-rmse:0.417653+0.001019	test-rmse:0.417632+0.004058 
[497]	train-rmse:0.417653+0.001019	test-rmse:0.417632+0.004058 
[498]	train-rmse:0.417653+0.001019	test-rmse:0.417632+0.004058 
[499]	train-rmse:0.417652+0.001019	test-rmse:0.417632+0.004058 
[500]	train-rmse:0.417652+0.001019	test-rmse:0.417632+0.004058 
[501]	train-rmse:0.417652+0.001019	test-rmse:0.417632+0.004058 
[502]	train-rmse:0.417652+0.001019	test-rmse:0.417631+0.004058 
[503]	train-rmse:0.417652+0.001019	test-rmse:0.417631+0.004058 
[504]	train-rmse:0.417652+0.001019	test-rmse:0.417631+0.004058 
[505]	train-rmse:0.417652+0.001019	test-rmse:0.417631+0.004058 
[506]	train-rmse:0.417652+0.001019	test-rmse:0.417631+0.004058 
[507]	train-rmse:0.417652+0.001019	test-rmse:0.417631+0.004058 
[508]	train-rmse:0.417651+0.001019	test-rmse:0.417631+0.004058 
[509]	train-rmse:0.417651+0.001019	test-rmse:0.417631+0.004058 
[510]	train-rmse:0.417651+0.001019	test-rmse:0.417630+0.004058 
[511]	train-rmse:0.417651+0.001019	test-rmse:0.417630+0.004058 
[512]	train-rmse:0.417651+0.001019	test-rmse:0.417630+0.004058 
[513]	train-rmse:0.417651+0.001019	test-rmse:0.417630+0.004058 
[514]	train-rmse:0.417651+0.001019	test-rmse:0.417630+0.004058 
[515]	train-rmse:0.417651+0.001019	test-rmse:0.417630+0.004058 
[516]	train-rmse:0.417650+0.001019	test-rmse:0.417630+0.004058 
[517]	train-rmse:0.417650+0.001019	test-rmse:0.417630+0.004058 
[518]	train-rmse:0.417650+0.001019	test-rmse:0.417630+0.004058 
[519]	train-rmse:0.417650+0.001019	test-rmse:0.417629+0.004058 
[520]	train-rmse:0.417650+0.001019	test-rmse:0.417629+0.004058 
[521]	train-rmse:0.417650+0.001019	test-rmse:0.417629+0.004058 
[522]	train-rmse:0.417650+0.001019	test-rmse:0.417629+0.004058 
[523]	train-rmse:0.417650+0.001019	test-rmse:0.417629+0.004058 
[524]	train-rmse:0.417650+0.001019	test-rmse:0.417629+0.004058 
[525]	train-rmse:0.417649+0.001019	test-rmse:0.417629+0.004058 
[526]	train-rmse:0.417649+0.001019	test-rmse:0.417629+0.004058 
[527]	train-rmse:0.417649+0.001019	test-rmse:0.417628+0.004058 
[528]	train-rmse:0.417649+0.001019	test-rmse:0.417628+0.004058 
[529]	train-rmse:0.417649+0.001019	test-rmse:0.417628+0.004058 
[530]	train-rmse:0.417649+0.001019	test-rmse:0.417628+0.004058 
[531]	train-rmse:0.417649+0.001019	test-rmse:0.417628+0.004058 
[532]	train-rmse:0.417649+0.001019	test-rmse:0.417628+0.004058 
[533]	train-rmse:0.417649+0.001019	test-rmse:0.417628+0.004058 
[534]	train-rmse:0.417648+0.001019	test-rmse:0.417628+0.004058 
[535]	train-rmse:0.417648+0.001019	test-rmse:0.417628+0.004058 
[536]	train-rmse:0.417648+0.001019	test-rmse:0.417628+0.004058 
[537]	train-rmse:0.417648+0.001019	test-rmse:0.417627+0.004058 
[538]	train-rmse:0.417648+0.001019	test-rmse:0.417627+0.004058 
[539]	train-rmse:0.417648+0.001019	test-rmse:0.417627+0.004058 
[540]	train-rmse:0.417648+0.001019	test-rmse:0.417627+0.004058 
[541]	train-rmse:0.417648+0.001019	test-rmse:0.417627+0.004058 
[542]	train-rmse:0.417647+0.001019	test-rmse:0.417627+0.004058 
[543]	train-rmse:0.417647+0.001019	test-rmse:0.417627+0.004058 
[544]	train-rmse:0.417647+0.001019	test-rmse:0.417627+0.004058 
[545]	train-rmse:0.417647+0.001019	test-rmse:0.417626+0.004058 
[546]	train-rmse:0.417647+0.001019	test-rmse:0.417626+0.004058 
[547]	train-rmse:0.417647+0.001019	test-rmse:0.417626+0.004058 
[548]	train-rmse:0.417647+0.001019	test-rmse:0.417626+0.004058 
[549]	train-rmse:0.417647+0.001019	test-rmse:0.417626+0.004058 
[550]	train-rmse:0.417647+0.001019	test-rmse:0.417626+0.004058 
[551]	train-rmse:0.417646+0.001019	test-rmse:0.417626+0.004058 
[552]	train-rmse:0.417646+0.001019	test-rmse:0.417626+0.004058 
[553]	train-rmse:0.417646+0.001019	test-rmse:0.417625+0.004058 
[554]	train-rmse:0.417646+0.001019	test-rmse:0.417625+0.004058 
[555]	train-rmse:0.417646+0.001019	test-rmse:0.417625+0.004058 
[556]	train-rmse:0.417646+0.001019	test-rmse:0.417625+0.004058 
[557]	train-rmse:0.417646+0.001019	test-rmse:0.417625+0.004058 
[558]	train-rmse:0.417645+0.001019	test-rmse:0.417625+0.004058 
[559]	train-rmse:0.417645+0.001019	test-rmse:0.417625+0.004058 
[560]	train-rmse:0.417645+0.001019	test-rmse:0.417625+0.004058 
[561]	train-rmse:0.417645+0.001019	test-rmse:0.417625+0.004058 
[562]	train-rmse:0.417645+0.001019	test-rmse:0.417624+0.004058 
[563]	train-rmse:0.417645+0.001019	test-rmse:0.417624+0.004058 
[564]	train-rmse:0.417645+0.001019	test-rmse:0.417624+0.004058 
[565]	train-rmse:0.417645+0.001019	test-rmse:0.417624+0.004058 
[566]	train-rmse:0.417645+0.001019	test-rmse:0.417624+0.004058 
[567]	train-rmse:0.417644+0.001019	test-rmse:0.417624+0.004058 
[568]	train-rmse:0.417644+0.001019	test-rmse:0.417624+0.004058 
[569]	train-rmse:0.417644+0.001019	test-rmse:0.417624+0.004058 
[570]	train-rmse:0.417644+0.001019	test-rmse:0.417623+0.004058 
[571]	train-rmse:0.417644+0.001019	test-rmse:0.417623+0.004058 
[572]	train-rmse:0.417644+0.001019	test-rmse:0.417623+0.004058 
[573]	train-rmse:0.417644+0.001019	test-rmse:0.417623+0.004058 
[574]	train-rmse:0.417643+0.001019	test-rmse:0.417623+0.004058 
[575]	train-rmse:0.417643+0.001019	test-rmse:0.417623+0.004058 
[576]	train-rmse:0.417643+0.001019	test-rmse:0.417623+0.004058 
[577]	train-rmse:0.417643+0.001019	test-rmse:0.417623+0.004058 
[578]	train-rmse:0.417643+0.001019	test-rmse:0.417622+0.004058 
[579]	train-rmse:0.417643+0.001019	test-rmse:0.417622+0.004058 
[580]	train-rmse:0.417643+0.001019	test-rmse:0.417622+0.004058 
[581]	train-rmse:0.417643+0.001019	test-rmse:0.417622+0.004058 
[582]	train-rmse:0.417643+0.001019	test-rmse:0.417622+0.004058 
[583]	train-rmse:0.417642+0.001019	test-rmse:0.417622+0.004058 
[584]	train-rmse:0.417642+0.001019	test-rmse:0.417622+0.004058 
[585]	train-rmse:0.417642+0.001019	test-rmse:0.417622+0.004058 
[586]	train-rmse:0.417642+0.001019	test-rmse:0.417622+0.004058 
[587]	train-rmse:0.417642+0.001019	test-rmse:0.417621+0.004058 
[588]	train-rmse:0.417642+0.001019	test-rmse:0.417621+0.004058 
[589]	train-rmse:0.417642+0.001019	test-rmse:0.417621+0.004058 
[590]	train-rmse:0.417642+0.001019	test-rmse:0.417621+0.004058 
[591]	train-rmse:0.417641+0.001019	test-rmse:0.417621+0.004058 
[592]	train-rmse:0.417641+0.001019	test-rmse:0.417621+0.004058 
[593]	train-rmse:0.417641+0.001019	test-rmse:0.417621+0.004058 
[594]	train-rmse:0.417641+0.001019	test-rmse:0.417621+0.004058 
[595]	train-rmse:0.417641+0.001019	test-rmse:0.417620+0.004057 
[596]	train-rmse:0.417641+0.001019	test-rmse:0.417620+0.004058 
[597]	train-rmse:0.417641+0.001019	test-rmse:0.417620+0.004058 
[598]	train-rmse:0.417641+0.001019	test-rmse:0.417620+0.004058 
[599]	train-rmse:0.417641+0.001019	test-rmse:0.417620+0.004058 
[600]	train-rmse:0.417641+0.001019	test-rmse:0.417620+0.004058 
[601]	train-rmse:0.417640+0.001019	test-rmse:0.417620+0.004058 
[602]	train-rmse:0.417640+0.001019	test-rmse:0.417620+0.004058 
[603]	train-rmse:0.417640+0.001019	test-rmse:0.417620+0.004058 
[604]	train-rmse:0.417640+0.001019	test-rmse:0.417620+0.004058 
[605]	train-rmse:0.417640+0.001019	test-rmse:0.417619+0.004058 
[606]	train-rmse:0.417640+0.001019	test-rmse:0.417619+0.004058 
[607]	train-rmse:0.417640+0.001019	test-rmse:0.417619+0.004058 
[608]	train-rmse:0.417640+0.001019	test-rmse:0.417619+0.004058 
[609]	train-rmse:0.417639+0.001019	test-rmse:0.417619+0.004058 
[610]	train-rmse:0.417639+0.001019	test-rmse:0.417619+0.004058 
[611]	train-rmse:0.417639+0.001019	test-rmse:0.417619+0.004058 
[612]	train-rmse:0.417639+0.001019	test-rmse:0.417618+0.004058 
[613]	train-rmse:0.417639+0.001019	test-rmse:0.417618+0.004058 
[614]	train-rmse:0.417639+0.001019	test-rmse:0.417618+0.004058 
[615]	train-rmse:0.417639+0.001019	test-rmse:0.417618+0.004058 
[616]	train-rmse:0.417639+0.001019	test-rmse:0.417618+0.004058 
[617]	train-rmse:0.417638+0.001019	test-rmse:0.417618+0.004058 
[618]	train-rmse:0.417638+0.001019	test-rmse:0.417618+0.004058 
[619]	train-rmse:0.417638+0.001019	test-rmse:0.417618+0.004058 
[620]	train-rmse:0.417638+0.001019	test-rmse:0.417618+0.004058 
[621]	train-rmse:0.417638+0.001019	test-rmse:0.417617+0.004058 
[622]	train-rmse:0.417638+0.001019	test-rmse:0.417617+0.004058 
[623]	train-rmse:0.417638+0.001019	test-rmse:0.417617+0.004058 
[624]	train-rmse:0.417638+0.001019	test-rmse:0.417617+0.004058 
[625]	train-rmse:0.417638+0.001019	test-rmse:0.417617+0.004058 
[626]	train-rmse:0.417637+0.001019	test-rmse:0.417617+0.004058 
[627]	train-rmse:0.417637+0.001019	test-rmse:0.417617+0.004058 
[628]	train-rmse:0.417637+0.001019	test-rmse:0.417617+0.004058 
[629]	train-rmse:0.417637+0.001019	test-rmse:0.417616+0.004058 
[630]	train-rmse:0.417637+0.001019	test-rmse:0.417616+0.004058 
[631]	train-rmse:0.417637+0.001019	test-rmse:0.417616+0.004058 
[632]	train-rmse:0.417637+0.001019	test-rmse:0.417616+0.004058 
[633]	train-rmse:0.417637+0.001019	test-rmse:0.417616+0.004058 
[634]	train-rmse:0.417636+0.001019	test-rmse:0.417616+0.004058 
[635]	train-rmse:0.417636+0.001019	test-rmse:0.417616+0.004058 
[636]	train-rmse:0.417636+0.001019	test-rmse:0.417616+0.004058 
[637]	train-rmse:0.417636+0.001019	test-rmse:0.417616+0.004058 
[638]	train-rmse:0.417636+0.001019	test-rmse:0.417616+0.004058 
[639]	train-rmse:0.417636+0.001019	test-rmse:0.417616+0.004058 
[640]	train-rmse:0.417636+0.001019	test-rmse:0.417615+0.004058 
[641]	train-rmse:0.417636+0.001019	test-rmse:0.417615+0.004058 
[642]	train-rmse:0.417636+0.001019	test-rmse:0.417615+0.004058 
[643]	train-rmse:0.417636+0.001019	test-rmse:0.417615+0.004058 
[644]	train-rmse:0.417636+0.001019	test-rmse:0.417615+0.004058 
[645]	train-rmse:0.417635+0.001019	test-rmse:0.417615+0.004058 
[646]	train-rmse:0.417635+0.001019	test-rmse:0.417615+0.004058 
[647]	train-rmse:0.417635+0.001019	test-rmse:0.417615+0.004058 
[648]	train-rmse:0.417635+0.001019	test-rmse:0.417615+0.004058 
[649]	train-rmse:0.417635+0.001019	test-rmse:0.417614+0.004058 
[650]	train-rmse:0.417635+0.001019	test-rmse:0.417614+0.004058 
[651]	train-rmse:0.417635+0.001019	test-rmse:0.417614+0.004058 
[652]	train-rmse:0.417635+0.001019	test-rmse:0.417614+0.004058 
[653]	train-rmse:0.417634+0.001019	test-rmse:0.417614+0.004058 
[654]	train-rmse:0.417634+0.001019	test-rmse:0.417614+0.004058 
[655]	train-rmse:0.417634+0.001019	test-rmse:0.417614+0.004058 
[656]	train-rmse:0.417634+0.001019	test-rmse:0.417614+0.004058 
[657]	train-rmse:0.417634+0.001019	test-rmse:0.417614+0.004058 
[658]	train-rmse:0.417634+0.001019	test-rmse:0.417613+0.004058 
[659]	train-rmse:0.417634+0.001019	test-rmse:0.417613+0.004058 
[660]	train-rmse:0.417634+0.001019	test-rmse:0.417613+0.004058 
[661]	train-rmse:0.417634+0.001019	test-rmse:0.417613+0.004058 
[662]	train-rmse:0.417633+0.001019	test-rmse:0.417613+0.004058 
[663]	train-rmse:0.417633+0.001019	test-rmse:0.417613+0.004058 
[664]	train-rmse:0.417633+0.001019	test-rmse:0.417613+0.004058 
[665]	train-rmse:0.417633+0.001019	test-rmse:0.417613+0.004058 
[666]	train-rmse:0.417633+0.001019	test-rmse:0.417612+0.004058 
[667]	train-rmse:0.417633+0.001019	test-rmse:0.417612+0.004058 
[668]	train-rmse:0.417633+0.001019	test-rmse:0.417612+0.004058 
[669]	train-rmse:0.417632+0.001019	test-rmse:0.417612+0.004058 
[670]	train-rmse:0.417632+0.001019	test-rmse:0.417612+0.004058 
[671]	train-rmse:0.417632+0.001019	test-rmse:0.417612+0.004058 
[672]	train-rmse:0.417632+0.001019	test-rmse:0.417612+0.004058 
[673]	train-rmse:0.417632+0.001019	test-rmse:0.417612+0.004058 
[674]	train-rmse:0.417632+0.001019	test-rmse:0.417611+0.004058 
[675]	train-rmse:0.417632+0.001019	test-rmse:0.417611+0.004058 
[676]	train-rmse:0.417632+0.001019	test-rmse:0.417611+0.004058 
[677]	train-rmse:0.417631+0.001019	test-rmse:0.417611+0.004058 
[678]	train-rmse:0.417631+0.001019	test-rmse:0.417611+0.004058 
[679]	train-rmse:0.417631+0.001019	test-rmse:0.417611+0.004058 
[680]	train-rmse:0.417631+0.001019	test-rmse:0.417611+0.004058 
[681]	train-rmse:0.417631+0.001019	test-rmse:0.417610+0.004058 
[682]	train-rmse:0.417631+0.001019	test-rmse:0.417610+0.004058 
[683]	train-rmse:0.417631+0.001019	test-rmse:0.417610+0.004058 
[684]	train-rmse:0.417631+0.001019	test-rmse:0.417610+0.004058 
[685]	train-rmse:0.417631+0.001019	test-rmse:0.417610+0.004058 
[686]	train-rmse:0.417630+0.001019	test-rmse:0.417610+0.004058 
[687]	train-rmse:0.417630+0.001019	test-rmse:0.417610+0.004058 
[688]	train-rmse:0.417630+0.001019	test-rmse:0.417610+0.004058 
[689]	train-rmse:0.417630+0.001019	test-rmse:0.417610+0.004058 
[690]	train-rmse:0.417630+0.001019	test-rmse:0.417610+0.004058 
[691]	train-rmse:0.417630+0.001019	test-rmse:0.417609+0.004058 
[692]	train-rmse:0.417630+0.001019	test-rmse:0.417609+0.004058 
[693]	train-rmse:0.417630+0.001019	test-rmse:0.417609+0.004058 
[694]	train-rmse:0.417629+0.001019	test-rmse:0.417609+0.004058 
[695]	train-rmse:0.417629+0.001019	test-rmse:0.417609+0.004058 
[696]	train-rmse:0.417629+0.001019	test-rmse:0.417609+0.004058 
[697]	train-rmse:0.417629+0.001019	test-rmse:0.417609+0.004058 
[698]	train-rmse:0.417629+0.001019	test-rmse:0.417609+0.004058 
[699]	train-rmse:0.417629+0.001019	test-rmse:0.417608+0.004058 
[700]	train-rmse:0.417629+0.001019	test-rmse:0.417608+0.004058 
[701]	train-rmse:0.417629+0.001019	test-rmse:0.417608+0.004058 
[702]	train-rmse:0.417628+0.001019	test-rmse:0.417608+0.004058 
[703]	train-rmse:0.417628+0.001019	test-rmse:0.417608+0.004058 
[704]	train-rmse:0.417628+0.001019	test-rmse:0.417608+0.004058 
[705]	train-rmse:0.417628+0.001019	test-rmse:0.417608+0.004058 
[706]	train-rmse:0.417628+0.001019	test-rmse:0.417608+0.004058 
[707]	train-rmse:0.417628+0.001019	test-rmse:0.417608+0.004058 
[708]	train-rmse:0.417628+0.001019	test-rmse:0.417607+0.004058 
[709]	train-rmse:0.417628+0.001019	test-rmse:0.417607+0.004058 
[710]	train-rmse:0.417628+0.001019	test-rmse:0.417607+0.004058 
[711]	train-rmse:0.417628+0.001019	test-rmse:0.417607+0.004058 
[712]	train-rmse:0.417627+0.001019	test-rmse:0.417607+0.004058 
[713]	train-rmse:0.417627+0.001019	test-rmse:0.417607+0.004058 
[714]	train-rmse:0.417627+0.001019	test-rmse:0.417607+0.004058 
[715]	train-rmse:0.417627+0.001019	test-rmse:0.417607+0.004058 
[716]	train-rmse:0.417627+0.001019	test-rmse:0.417607+0.004058 
[717]	train-rmse:0.417627+0.001019	test-rmse:0.417606+0.004058 
[718]	train-rmse:0.417627+0.001019	test-rmse:0.417606+0.004058 
[719]	train-rmse:0.417627+0.001019	test-rmse:0.417606+0.004058 
[720]	train-rmse:0.417627+0.001019	test-rmse:0.417606+0.004058 
[721]	train-rmse:0.417626+0.001019	test-rmse:0.417606+0.004058 
[722]	train-rmse:0.417626+0.001019	test-rmse:0.417606+0.004058 
[723]	train-rmse:0.417626+0.001019	test-rmse:0.417606+0.004058 
[724]	train-rmse:0.417626+0.001019	test-rmse:0.417606+0.004058 
[725]	train-rmse:0.417626+0.001019	test-rmse:0.417606+0.004058 
[726]	train-rmse:0.417626+0.001019	test-rmse:0.417605+0.004058 
[727]	train-rmse:0.417626+0.001019	test-rmse:0.417605+0.004058 
[728]	train-rmse:0.417626+0.001019	test-rmse:0.417605+0.004058 
[729]	train-rmse:0.417625+0.001019	test-rmse:0.417605+0.004058 
[730]	train-rmse:0.417625+0.001019	test-rmse:0.417605+0.004058 
[731]	train-rmse:0.417625+0.001019	test-rmse:0.417605+0.004058 
[732]	train-rmse:0.417625+0.001019	test-rmse:0.417605+0.004058 
[733]	train-rmse:0.417625+0.001019	test-rmse:0.417605+0.004058 
[734]	train-rmse:0.417625+0.001019	test-rmse:0.417604+0.004058 
[735]	train-rmse:0.417625+0.001019	test-rmse:0.417604+0.004058 
[736]	train-rmse:0.417625+0.001019	test-rmse:0.417604+0.004058 
[737]	train-rmse:0.417624+0.001019	test-rmse:0.417604+0.004058 
[738]	train-rmse:0.417624+0.001019	test-rmse:0.417604+0.004058 
[739]	train-rmse:0.417624+0.001019	test-rmse:0.417604+0.004058 
[740]	train-rmse:0.417624+0.001019	test-rmse:0.417604+0.004058 
[741]	train-rmse:0.417624+0.001019	test-rmse:0.417604+0.004058 
[742]	train-rmse:0.417624+0.001019	test-rmse:0.417603+0.004058 
[743]	train-rmse:0.417624+0.001019	test-rmse:0.417603+0.004058 
[744]	train-rmse:0.417624+0.001019	test-rmse:0.417603+0.004058 
[745]	train-rmse:0.417623+0.001019	test-rmse:0.417603+0.004058 
[746]	train-rmse:0.417623+0.001019	test-rmse:0.417603+0.004058 
[747]	train-rmse:0.417623+0.001019	test-rmse:0.417603+0.004058 
[748]	train-rmse:0.417623+0.001019	test-rmse:0.417603+0.004058 
[749]	train-rmse:0.417623+0.001019	test-rmse:0.417603+0.004058 
[750]	train-rmse:0.417623+0.001019	test-rmse:0.417602+0.004058 
[751]	train-rmse:0.417623+0.001019	test-rmse:0.417602+0.004058 
[752]	train-rmse:0.417623+0.001019	test-rmse:0.417602+0.004058 
[753]	train-rmse:0.417622+0.001019	test-rmse:0.417602+0.004058 
[754]	train-rmse:0.417622+0.001019	test-rmse:0.417602+0.004058 
[755]	train-rmse:0.417622+0.001019	test-rmse:0.417602+0.004058 
[756]	train-rmse:0.417622+0.001019	test-rmse:0.417602+0.004058 
[757]	train-rmse:0.417622+0.001019	test-rmse:0.417602+0.004058 
[758]	train-rmse:0.417622+0.001019	test-rmse:0.417601+0.004058 
[759]	train-rmse:0.417622+0.001019	test-rmse:0.417601+0.004058 
[760]	train-rmse:0.417622+0.001019	test-rmse:0.417601+0.004058 
[761]	train-rmse:0.417621+0.001019	test-rmse:0.417601+0.004058 
[762]	train-rmse:0.417621+0.001019	test-rmse:0.417601+0.004058 
[763]	train-rmse:0.417621+0.001019	test-rmse:0.417601+0.004058 
[764]	train-rmse:0.417621+0.001019	test-rmse:0.417601+0.004058 
[765]	train-rmse:0.417621+0.001019	test-rmse:0.417601+0.004058 
[766]	train-rmse:0.417621+0.001019	test-rmse:0.417601+0.004058 
[767]	train-rmse:0.417621+0.001019	test-rmse:0.417600+0.004058 
[768]	train-rmse:0.417621+0.001019	test-rmse:0.417600+0.004058 
[769]	train-rmse:0.417620+0.001019	test-rmse:0.417600+0.004058 
[770]	train-rmse:0.417620+0.001019	test-rmse:0.417600+0.004058 
[771]	train-rmse:0.417620+0.001019	test-rmse:0.417600+0.004058 
[772]	train-rmse:0.417620+0.001019	test-rmse:0.417600+0.004058 
[773]	train-rmse:0.417620+0.001019	test-rmse:0.417600+0.004058 
[774]	train-rmse:0.417620+0.001019	test-rmse:0.417600+0.004058 
[775]	train-rmse:0.417620+0.001019	test-rmse:0.417599+0.004058 
[776]	train-rmse:0.417620+0.001019	test-rmse:0.417599+0.004058 
[777]	train-rmse:0.417619+0.001019	test-rmse:0.417599+0.004058 
[778]	train-rmse:0.417619+0.001019	test-rmse:0.417599+0.004058 
[779]	train-rmse:0.417619+0.001019	test-rmse:0.417599+0.004058 
[780]	train-rmse:0.417619+0.001019	test-rmse:0.417599+0.004058 
[781]	train-rmse:0.417619+0.001019	test-rmse:0.417599+0.004058 
[782]	train-rmse:0.417619+0.001019	test-rmse:0.417599+0.004058 
[783]	train-rmse:0.417619+0.001019	test-rmse:0.417598+0.004058 
[784]	train-rmse:0.417619+0.001019	test-rmse:0.417598+0.004058 
[785]	train-rmse:0.417618+0.001019	test-rmse:0.417598+0.004058 
[786]	train-rmse:0.417618+0.001019	test-rmse:0.417598+0.004058 
[787]	train-rmse:0.417618+0.001019	test-rmse:0.417598+0.004058 
[788]	train-rmse:0.417618+0.001019	test-rmse:0.417598+0.004058 
[789]	train-rmse:0.417618+0.001019	test-rmse:0.417598+0.004058 
[790]	train-rmse:0.417618+0.001019	test-rmse:0.417598+0.004058 
[791]	train-rmse:0.417618+0.001019	test-rmse:0.417598+0.004058 
[792]	train-rmse:0.417618+0.001019	test-rmse:0.417597+0.004058 
[793]	train-rmse:0.417618+0.001019	test-rmse:0.417597+0.004058 
[794]	train-rmse:0.417617+0.001019	test-rmse:0.417597+0.004058 
[795]	train-rmse:0.417617+0.001019	test-rmse:0.417597+0.004058 
[796]	train-rmse:0.417617+0.001019	test-rmse:0.417597+0.004058 
[797]	train-rmse:0.417617+0.001019	test-rmse:0.417597+0.004058 
[798]	train-rmse:0.417617+0.001019	test-rmse:0.417597+0.004058 
[799]	train-rmse:0.417617+0.001019	test-rmse:0.417597+0.004058 
[800]	train-rmse:0.417617+0.001019	test-rmse:0.417597+0.004058 
[801]	train-rmse:0.417617+0.001019	test-rmse:0.417596+0.004058 
[802]	train-rmse:0.417616+0.001019	test-rmse:0.417596+0.004058 
[803]	train-rmse:0.417616+0.001019	test-rmse:0.417596+0.004058 
[804]	train-rmse:0.417616+0.001019	test-rmse:0.417596+0.004058 
[805]	train-rmse:0.417616+0.001019	test-rmse:0.417596+0.004058 
[806]	train-rmse:0.417616+0.001019	test-rmse:0.417596+0.004058 
[807]	train-rmse:0.417616+0.001019	test-rmse:0.417596+0.004058 
[808]	train-rmse:0.417616+0.001019	test-rmse:0.417596+0.004058 
[809]	train-rmse:0.417616+0.001019	test-rmse:0.417596+0.004058 
[810]	train-rmse:0.417616+0.001019	test-rmse:0.417595+0.004058 
[811]	train-rmse:0.417616+0.001019	test-rmse:0.417595+0.004058 
[812]	train-rmse:0.417615+0.001019	test-rmse:0.417595+0.004058 
[813]	train-rmse:0.417615+0.001019	test-rmse:0.417595+0.004058 
[814]	train-rmse:0.417615+0.001019	test-rmse:0.417595+0.004058 
[815]	train-rmse:0.417615+0.001019	test-rmse:0.417595+0.004058 
[816]	train-rmse:0.417615+0.001019	test-rmse:0.417595+0.004058 
[817]	train-rmse:0.417615+0.001019	test-rmse:0.417595+0.004058 
[818]	train-rmse:0.417615+0.001019	test-rmse:0.417595+0.004058 
[819]	train-rmse:0.417615+0.001019	test-rmse:0.417594+0.004058 
[820]	train-rmse:0.417615+0.001019	test-rmse:0.417594+0.004058 
[821]	train-rmse:0.417614+0.001019	test-rmse:0.417594+0.004058 
[822]	train-rmse:0.417614+0.001019	test-rmse:0.417594+0.004058 
[823]	train-rmse:0.417614+0.001019	test-rmse:0.417594+0.004058 
[824]	train-rmse:0.417614+0.001019	test-rmse:0.417594+0.004058 
[825]	train-rmse:0.417614+0.001019	test-rmse:0.417594+0.004058 
[826]	train-rmse:0.417614+0.001019	test-rmse:0.417594+0.004058 
[827]	train-rmse:0.417614+0.001019	test-rmse:0.417593+0.004058 
[828]	train-rmse:0.417614+0.001019	test-rmse:0.417593+0.004058 
[829]	train-rmse:0.417613+0.001019	test-rmse:0.417593+0.004058 
[830]	train-rmse:0.417613+0.001019	test-rmse:0.417593+0.004058 
[831]	train-rmse:0.417613+0.001019	test-rmse:0.417593+0.004058 
[832]	train-rmse:0.417613+0.001019	test-rmse:0.417593+0.004058 
[833]	train-rmse:0.417613+0.001019	test-rmse:0.417593+0.004058 
[834]	train-rmse:0.417613+0.001019	test-rmse:0.417593+0.004058 
[835]	train-rmse:0.417613+0.001019	test-rmse:0.417592+0.004058 
[836]	train-rmse:0.417613+0.001019	test-rmse:0.417592+0.004058 
[837]	train-rmse:0.417612+0.001019	test-rmse:0.417592+0.004058 
[838]	train-rmse:0.417612+0.001019	test-rmse:0.417592+0.004058 
[839]	train-rmse:0.417612+0.001019	test-rmse:0.417592+0.004058 
[840]	train-rmse:0.417612+0.001019	test-rmse:0.417592+0.004058 
[841]	train-rmse:0.417612+0.001019	test-rmse:0.417592+0.004058 
[842]	train-rmse:0.417612+0.001019	test-rmse:0.417592+0.004058 
[843]	train-rmse:0.417612+0.001019	test-rmse:0.417591+0.004058 
> hgrid <-
+   dplyr::bind_cols(xgboost_params[index, ], dart.cv$evaluation_log[dart.cv$best_iteration, ], best_iter = dart.cv$best_iteration)
> 
> # write result
> fname <- file.path('data-raw', 'tune', year, 'array', paste0('tune_', index, '.tsv'))
> readr::write_tsv(hgrid, file = fname)
