> 
> # parse arguments
> args <- R.utils::commandArgs(trailingOnly = FALSE, asValues = TRUE)
> index <- as.integer(args$index)
> year <- as.character(args$year)
> nreps <- as.integer(args$nreps)
> seed <- as.integer(args$seed)
> 
> # get number of cores
> wkrs <- length(future::availableWorkers())
> 
> # set seed
> set.seed(seed)
> 
> # read and prepare the cluster features
> fp <- file.path('data-raw', 'features', year)
> clf <-
+   read_features(fp, pattern = 'paris.', recursive = FALSE)
> clf <- prepare_features(
+   clf,
+   feature_map = feature_map,
+   category = c('response', 'bio', 'net'),
+   type = 'list',
+   exclusions = c(
+     'mg2_pairs_count',
+     'mg2_not_pairs_count',
+     'mg2_portion_families_recovered',
+     'cluster_origin',
+     'bocc_origin',
+     'cluster_method',
+     'subcluster_method',
+     'year',
+     'IDs',
+     'go_sig_threshold',
+     'num_new_edges_on_any_node',
+     'HPO_ratio'
+   ),
+   verbose = TRUE
+ )
c('HPO_ratio', 'IDs', 'bocc_origin', 'cluster_method', 'cluster_origin', 'go_sig_threshold', 'max_norm_cell_type_comma_sep_string', 'max_norm_disease_comma_sep_string', 'mg2_not_pairs_count', 'mg2_pairs_count', 'mg2_portion_families_recovered', 'num_new_edges_on_any_node', 'sig_go_enrichment_fdr_corrected_p_vals', 'sig_go_enrichment_p_vals', 'sig_go_enrichment_terms', 'subcluster_method', 'year')

> 
> # prepare grid of parameters
> xgboost_params <- dials::parameters(
+   nrounds = dials::trees(),
+   eta = dials::learn_rate(),
+   gamma = dials::loss_reduction(),
+   dials::tree_depth(),
+   subsample = dials::sample_prop(),
+   rate_drop = dials::dropout(),
+   skip_drop = dials::dropout()
+ )
> xgboost_params <-
+   dials::grid_max_entropy(xgboost_params, size = nreps)
> 
> # tune the dart booster
> dart.param <-
+   list(
+     booster = "dart",
+     objective = "reg:logistic",
+     eval_metric = "rmse",
+     nthread = wkrs,
+     max_depth = xgboost_params$tree_depth[index],
+     eta = xgboost_params$eta[index],
+     gamma = xgboost_params$gamma[index],
+     subsample = xgboost_params$subsample[index],
+     rate_drop = xgboost_params$rate_drop[index],
+     skip_drop = xgboost_params$skip_drop[index]
+   )
> dart.cv <- xgboost::xgb.cv(
+   params = dart.param,
+   nrounds = xgboost_params$nrounds[index],
+   data = as.matrix(clf[, -1]),
+   nfold = 5,
+   label = clf$snowballing_pvalue,
+   early_stopping_rounds = 50
+ )
[1]	train-rmse:0.417712+0.001019	test-rmse:0.417691+0.004059 
Multiple eval metrics are present. Will use test_rmse for early stopping.
Will train until test_rmse hasn't improved in 50 rounds.

[2]	train-rmse:0.417711+0.001019	test-rmse:0.417690+0.004059 
[3]	train-rmse:0.417710+0.001019	test-rmse:0.417689+0.004059 
[4]	train-rmse:0.417709+0.001019	test-rmse:0.417688+0.004059 
[5]	train-rmse:0.417707+0.001019	test-rmse:0.417686+0.004059 
[6]	train-rmse:0.417706+0.001019	test-rmse:0.417686+0.004059 
[7]	train-rmse:0.417705+0.001019	test-rmse:0.417685+0.004059 
[8]	train-rmse:0.417704+0.001019	test-rmse:0.417684+0.004059 
[9]	train-rmse:0.417703+0.001019	test-rmse:0.417683+0.004059 
[10]	train-rmse:0.417702+0.001019	test-rmse:0.417682+0.004059 
[11]	train-rmse:0.417701+0.001018	test-rmse:0.417681+0.004060 
[12]	train-rmse:0.417700+0.001019	test-rmse:0.417680+0.004060 
[13]	train-rmse:0.417699+0.001019	test-rmse:0.417679+0.004060 
[14]	train-rmse:0.417698+0.001019	test-rmse:0.417678+0.004059 
[15]	train-rmse:0.417697+0.001019	test-rmse:0.417677+0.004059 
[16]	train-rmse:0.417696+0.001019	test-rmse:0.417676+0.004059 
[17]	train-rmse:0.417695+0.001018	test-rmse:0.417675+0.004060 
[18]	train-rmse:0.417694+0.001019	test-rmse:0.417674+0.004059 
[19]	train-rmse:0.417693+0.001019	test-rmse:0.417674+0.004059 
[20]	train-rmse:0.417692+0.001018	test-rmse:0.417673+0.004060 
[21]	train-rmse:0.417691+0.001018	test-rmse:0.417672+0.004060 
[22]	train-rmse:0.417691+0.001018	test-rmse:0.417671+0.004060 
[23]	train-rmse:0.417690+0.001018	test-rmse:0.417670+0.004060 
[24]	train-rmse:0.417689+0.001018	test-rmse:0.417670+0.004060 
[25]	train-rmse:0.417688+0.001018	test-rmse:0.417669+0.004060 
[26]	train-rmse:0.417687+0.001018	test-rmse:0.417668+0.004059 
[27]	train-rmse:0.417686+0.001018	test-rmse:0.417667+0.004060 
[28]	train-rmse:0.417685+0.001018	test-rmse:0.417666+0.004060 
[29]	train-rmse:0.417685+0.001018	test-rmse:0.417666+0.004060 
[30]	train-rmse:0.417683+0.001018	test-rmse:0.417665+0.004060 
[31]	train-rmse:0.417683+0.001018	test-rmse:0.417664+0.004060 
[32]	train-rmse:0.417682+0.001018	test-rmse:0.417663+0.004060 
[33]	train-rmse:0.417682+0.001018	test-rmse:0.417663+0.004060 
[34]	train-rmse:0.417681+0.001018	test-rmse:0.417662+0.004060 
[35]	train-rmse:0.417680+0.001018	test-rmse:0.417661+0.004060 
[36]	train-rmse:0.417679+0.001018	test-rmse:0.417661+0.004060 
[37]	train-rmse:0.417679+0.001018	test-rmse:0.417660+0.004059 
[38]	train-rmse:0.417678+0.001018	test-rmse:0.417659+0.004059 
[39]	train-rmse:0.417677+0.001018	test-rmse:0.417659+0.004060 
[40]	train-rmse:0.417676+0.001018	test-rmse:0.417658+0.004060 
[41]	train-rmse:0.417676+0.001018	test-rmse:0.417658+0.004060 
[42]	train-rmse:0.417675+0.001018	test-rmse:0.417657+0.004059 
[43]	train-rmse:0.417674+0.001019	test-rmse:0.417656+0.004059 
[44]	train-rmse:0.417673+0.001018	test-rmse:0.417656+0.004059 
[45]	train-rmse:0.417673+0.001018	test-rmse:0.417655+0.004059 
[46]	train-rmse:0.417672+0.001019	test-rmse:0.417654+0.004059 
[47]	train-rmse:0.417671+0.001018	test-rmse:0.417654+0.004059 
[48]	train-rmse:0.417671+0.001019	test-rmse:0.417653+0.004059 
[49]	train-rmse:0.417670+0.001018	test-rmse:0.417653+0.004059 
[50]	train-rmse:0.417669+0.001018	test-rmse:0.417652+0.004059 
[51]	train-rmse:0.417669+0.001018	test-rmse:0.417652+0.004059 
[52]	train-rmse:0.417668+0.001018	test-rmse:0.417651+0.004059 
[53]	train-rmse:0.417667+0.001018	test-rmse:0.417650+0.004059 
[54]	train-rmse:0.417667+0.001018	test-rmse:0.417650+0.004059 
[55]	train-rmse:0.417666+0.001018	test-rmse:0.417649+0.004059 
[56]	train-rmse:0.417666+0.001018	test-rmse:0.417649+0.004059 
[57]	train-rmse:0.417665+0.001018	test-rmse:0.417648+0.004059 
[58]	train-rmse:0.417664+0.001018	test-rmse:0.417648+0.004059 
[59]	train-rmse:0.417664+0.001018	test-rmse:0.417647+0.004060 
[60]	train-rmse:0.417663+0.001018	test-rmse:0.417646+0.004059 
[61]	train-rmse:0.417662+0.001018	test-rmse:0.417646+0.004059 
[62]	train-rmse:0.417662+0.001018	test-rmse:0.417645+0.004059 
[63]	train-rmse:0.417661+0.001018	test-rmse:0.417645+0.004059 
[64]	train-rmse:0.417661+0.001018	test-rmse:0.417644+0.004059 
[65]	train-rmse:0.417660+0.001018	test-rmse:0.417644+0.004059 
[66]	train-rmse:0.417660+0.001018	test-rmse:0.417643+0.004059 
[67]	train-rmse:0.417659+0.001018	test-rmse:0.417643+0.004059 
[68]	train-rmse:0.417658+0.001018	test-rmse:0.417642+0.004059 
[69]	train-rmse:0.417657+0.001018	test-rmse:0.417641+0.004059 
[70]	train-rmse:0.417657+0.001019	test-rmse:0.417640+0.004059 
[71]	train-rmse:0.417656+0.001019	test-rmse:0.417640+0.004059 
[72]	train-rmse:0.417655+0.001019	test-rmse:0.417639+0.004059 
[73]	train-rmse:0.417655+0.001019	test-rmse:0.417639+0.004059 
[74]	train-rmse:0.417654+0.001019	test-rmse:0.417638+0.004058 
[75]	train-rmse:0.417654+0.001019	test-rmse:0.417638+0.004058 
[76]	train-rmse:0.417653+0.001019	test-rmse:0.417637+0.004058 
[77]	train-rmse:0.417652+0.001019	test-rmse:0.417637+0.004058 
[78]	train-rmse:0.417651+0.001019	test-rmse:0.417636+0.004058 
[79]	train-rmse:0.417651+0.001019	test-rmse:0.417635+0.004058 
[80]	train-rmse:0.417650+0.001019	test-rmse:0.417635+0.004058 
[81]	train-rmse:0.417649+0.001019	test-rmse:0.417634+0.004058 
[82]	train-rmse:0.417649+0.001019	test-rmse:0.417633+0.004058 
[83]	train-rmse:0.417648+0.001019	test-rmse:0.417632+0.004058 
[84]	train-rmse:0.417647+0.001020	test-rmse:0.417632+0.004057 
[85]	train-rmse:0.417647+0.001020	test-rmse:0.417631+0.004057 
[86]	train-rmse:0.417646+0.001020	test-rmse:0.417631+0.004057 
[87]	train-rmse:0.417646+0.001020	test-rmse:0.417631+0.004057 
[88]	train-rmse:0.417645+0.001020	test-rmse:0.417630+0.004057 
[89]	train-rmse:0.417644+0.001021	test-rmse:0.417629+0.004057 
[90]	train-rmse:0.417643+0.001021	test-rmse:0.417629+0.004056 
[91]	train-rmse:0.417643+0.001020	test-rmse:0.417628+0.004057 
[92]	train-rmse:0.417642+0.001020	test-rmse:0.417628+0.004057 
[93]	train-rmse:0.417641+0.001020	test-rmse:0.417627+0.004057 
[94]	train-rmse:0.417641+0.001021	test-rmse:0.417626+0.004056 
[95]	train-rmse:0.417640+0.001021	test-rmse:0.417626+0.004056 
[96]	train-rmse:0.417639+0.001020	test-rmse:0.417625+0.004057 
[97]	train-rmse:0.417639+0.001021	test-rmse:0.417624+0.004056 
[98]	train-rmse:0.417638+0.001021	test-rmse:0.417623+0.004056 
[99]	train-rmse:0.417637+0.001020	test-rmse:0.417623+0.004056 
[100]	train-rmse:0.417637+0.001020	test-rmse:0.417622+0.004057 
[101]	train-rmse:0.417636+0.001020	test-rmse:0.417622+0.004057 
[102]	train-rmse:0.417636+0.001020	test-rmse:0.417622+0.004056 
[103]	train-rmse:0.417635+0.001021	test-rmse:0.417621+0.004056 
[104]	train-rmse:0.417635+0.001021	test-rmse:0.417621+0.004056 
[105]	train-rmse:0.417634+0.001021	test-rmse:0.417620+0.004056 
[106]	train-rmse:0.417634+0.001021	test-rmse:0.417620+0.004056 
[107]	train-rmse:0.417633+0.001021	test-rmse:0.417619+0.004056 
[108]	train-rmse:0.417633+0.001021	test-rmse:0.417619+0.004056 
[109]	train-rmse:0.417632+0.001021	test-rmse:0.417618+0.004056 
[110]	train-rmse:0.417631+0.001020	test-rmse:0.417618+0.004056 
[111]	train-rmse:0.417631+0.001020	test-rmse:0.417617+0.004056 
[112]	train-rmse:0.417631+0.001020	test-rmse:0.417617+0.004056 
[113]	train-rmse:0.417631+0.001020	test-rmse:0.417617+0.004057 
[114]	train-rmse:0.417630+0.001020	test-rmse:0.417616+0.004056 
[115]	train-rmse:0.417630+0.001020	test-rmse:0.417616+0.004056 
[116]	train-rmse:0.417629+0.001020	test-rmse:0.417616+0.004057 
[117]	train-rmse:0.417628+0.001020	test-rmse:0.417615+0.004057 
[118]	train-rmse:0.417628+0.001020	test-rmse:0.417614+0.004057 
[119]	train-rmse:0.417627+0.001019	test-rmse:0.417614+0.004057 
[120]	train-rmse:0.417626+0.001019	test-rmse:0.417613+0.004057 
[121]	train-rmse:0.417625+0.001019	test-rmse:0.417612+0.004058 
[122]	train-rmse:0.417625+0.001019	test-rmse:0.417612+0.004058 
[123]	train-rmse:0.417624+0.001019	test-rmse:0.417611+0.004057 
[124]	train-rmse:0.417623+0.001019	test-rmse:0.417610+0.004057 
[125]	train-rmse:0.417623+0.001019	test-rmse:0.417610+0.004057 
[126]	train-rmse:0.417622+0.001019	test-rmse:0.417609+0.004057 
[127]	train-rmse:0.417621+0.001019	test-rmse:0.417609+0.004057 
[128]	train-rmse:0.417621+0.001020	test-rmse:0.417608+0.004057 
[129]	train-rmse:0.417620+0.001020	test-rmse:0.417608+0.004057 
[130]	train-rmse:0.417619+0.001019	test-rmse:0.417607+0.004057 
[131]	train-rmse:0.417619+0.001020	test-rmse:0.417606+0.004057 
[132]	train-rmse:0.417618+0.001020	test-rmse:0.417606+0.004057 
[133]	train-rmse:0.417618+0.001020	test-rmse:0.417605+0.004056 
[134]	train-rmse:0.417617+0.001020	test-rmse:0.417605+0.004057 
[135]	train-rmse:0.417617+0.001020	test-rmse:0.417604+0.004056 
[136]	train-rmse:0.417616+0.001020	test-rmse:0.417604+0.004056 
[137]	train-rmse:0.417615+0.001020	test-rmse:0.417603+0.004056 
[138]	train-rmse:0.417614+0.001020	test-rmse:0.417602+0.004056 
[139]	train-rmse:0.417614+0.001020	test-rmse:0.417602+0.004056 
[140]	train-rmse:0.417613+0.001021	test-rmse:0.417601+0.004056 
[141]	train-rmse:0.417612+0.001020	test-rmse:0.417600+0.004056 
[142]	train-rmse:0.417612+0.001021	test-rmse:0.417600+0.004056 
[143]	train-rmse:0.417611+0.001020	test-rmse:0.417599+0.004056 
[144]	train-rmse:0.417611+0.001020	test-rmse:0.417599+0.004056 
[145]	train-rmse:0.417611+0.001020	test-rmse:0.417599+0.004056 
[146]	train-rmse:0.417610+0.001020	test-rmse:0.417598+0.004057 
[147]	train-rmse:0.417609+0.001020	test-rmse:0.417597+0.004057 
[148]	train-rmse:0.417608+0.001020	test-rmse:0.417597+0.004056 
[149]	train-rmse:0.417608+0.001020	test-rmse:0.417596+0.004057 
[150]	train-rmse:0.417607+0.001019	test-rmse:0.417596+0.004057 
[151]	train-rmse:0.417606+0.001019	test-rmse:0.417595+0.004057 
[152]	train-rmse:0.417606+0.001019	test-rmse:0.417595+0.004057 
[153]	train-rmse:0.417605+0.001019	test-rmse:0.417594+0.004057 
[154]	train-rmse:0.417605+0.001019	test-rmse:0.417593+0.004057 
[155]	train-rmse:0.417604+0.001019	test-rmse:0.417593+0.004057 
[156]	train-rmse:0.417604+0.001019	test-rmse:0.417593+0.004057 
[157]	train-rmse:0.417603+0.001019	test-rmse:0.417592+0.004057 
[158]	train-rmse:0.417602+0.001019	test-rmse:0.417591+0.004057 
[159]	train-rmse:0.417602+0.001019	test-rmse:0.417591+0.004057 
[160]	train-rmse:0.417602+0.001019	test-rmse:0.417591+0.004057 
[161]	train-rmse:0.417601+0.001019	test-rmse:0.417590+0.004057 
[162]	train-rmse:0.417601+0.001019	test-rmse:0.417590+0.004057 
[163]	train-rmse:0.417600+0.001019	test-rmse:0.417589+0.004057 
[164]	train-rmse:0.417599+0.001019	test-rmse:0.417589+0.004057 
[165]	train-rmse:0.417598+0.001019	test-rmse:0.417588+0.004057 
[166]	train-rmse:0.417598+0.001019	test-rmse:0.417587+0.004057 
[167]	train-rmse:0.417597+0.001019	test-rmse:0.417587+0.004057 
[168]	train-rmse:0.417597+0.001019	test-rmse:0.417586+0.004057 
[169]	train-rmse:0.417596+0.001019	test-rmse:0.417585+0.004057 
[170]	train-rmse:0.417595+0.001018	test-rmse:0.417585+0.004057 
[171]	train-rmse:0.417594+0.001019	test-rmse:0.417584+0.004057 
[172]	train-rmse:0.417594+0.001018	test-rmse:0.417584+0.004058 
[173]	train-rmse:0.417593+0.001019	test-rmse:0.417583+0.004057 
[174]	train-rmse:0.417593+0.001018	test-rmse:0.417583+0.004058 
[175]	train-rmse:0.417592+0.001018	test-rmse:0.417582+0.004058 
[176]	train-rmse:0.417592+0.001018	test-rmse:0.417582+0.004058 
[177]	train-rmse:0.417591+0.001018	test-rmse:0.417581+0.004058 
[178]	train-rmse:0.417590+0.001019	test-rmse:0.417581+0.004057 
[179]	train-rmse:0.417590+0.001018	test-rmse:0.417580+0.004057 
[180]	train-rmse:0.417590+0.001018	test-rmse:0.417580+0.004058 
[181]	train-rmse:0.417589+0.001018	test-rmse:0.417579+0.004058 
[182]	train-rmse:0.417589+0.001018	test-rmse:0.417579+0.004058 
[183]	train-rmse:0.417588+0.001018	test-rmse:0.417579+0.004058 
[184]	train-rmse:0.417588+0.001018	test-rmse:0.417579+0.004058 
[185]	train-rmse:0.417587+0.001018	test-rmse:0.417578+0.004058 
[186]	train-rmse:0.417587+0.001017	test-rmse:0.417577+0.004058 
[187]	train-rmse:0.417586+0.001017	test-rmse:0.417577+0.004058 
[188]	train-rmse:0.417585+0.001017	test-rmse:0.417576+0.004058 
[189]	train-rmse:0.417585+0.001018	test-rmse:0.417576+0.004058 
[190]	train-rmse:0.417584+0.001018	test-rmse:0.417575+0.004058 
[191]	train-rmse:0.417584+0.001018	test-rmse:0.417575+0.004057 
[192]	train-rmse:0.417584+0.001018	test-rmse:0.417574+0.004057 
[193]	train-rmse:0.417583+0.001018	test-rmse:0.417574+0.004058 
[194]	train-rmse:0.417583+0.001018	test-rmse:0.417574+0.004057 
[195]	train-rmse:0.417582+0.001018	test-rmse:0.417573+0.004057 
[196]	train-rmse:0.417581+0.001018	test-rmse:0.417572+0.004058 
[197]	train-rmse:0.417581+0.001018	test-rmse:0.417572+0.004058 
[198]	train-rmse:0.417580+0.001018	test-rmse:0.417571+0.004058 
[199]	train-rmse:0.417579+0.001018	test-rmse:0.417571+0.004058 
[200]	train-rmse:0.417579+0.001018	test-rmse:0.417571+0.004058 
[201]	train-rmse:0.417579+0.001018	test-rmse:0.417570+0.004058 
[202]	train-rmse:0.417578+0.001018	test-rmse:0.417570+0.004058 
[203]	train-rmse:0.417578+0.001017	test-rmse:0.417569+0.004058 
[204]	train-rmse:0.417577+0.001017	test-rmse:0.417568+0.004058 
[205]	train-rmse:0.417576+0.001017	test-rmse:0.417568+0.004058 
[206]	train-rmse:0.417576+0.001017	test-rmse:0.417568+0.004058 
[207]	train-rmse:0.417575+0.001017	test-rmse:0.417566+0.004058 
[208]	train-rmse:0.417574+0.001017	test-rmse:0.417566+0.004058 
[209]	train-rmse:0.417574+0.001017	test-rmse:0.417566+0.004058 
[210]	train-rmse:0.417573+0.001017	test-rmse:0.417565+0.004058 
[211]	train-rmse:0.417573+0.001017	test-rmse:0.417565+0.004058 
[212]	train-rmse:0.417573+0.001017	test-rmse:0.417565+0.004059 
[213]	train-rmse:0.417572+0.001017	test-rmse:0.417564+0.004058 
[214]	train-rmse:0.417571+0.001017	test-rmse:0.417563+0.004058 
[215]	train-rmse:0.417571+0.001017	test-rmse:0.417563+0.004058 
[216]	train-rmse:0.417570+0.001017	test-rmse:0.417562+0.004058 
[217]	train-rmse:0.417569+0.001018	test-rmse:0.417561+0.004058 
[218]	train-rmse:0.417569+0.001017	test-rmse:0.417561+0.004058 
[219]	train-rmse:0.417568+0.001017	test-rmse:0.417561+0.004058 
[220]	train-rmse:0.417567+0.001017	test-rmse:0.417560+0.004058 
[221]	train-rmse:0.417567+0.001017	test-rmse:0.417559+0.004058 
[222]	train-rmse:0.417566+0.001017	test-rmse:0.417559+0.004058 
[223]	train-rmse:0.417566+0.001017	test-rmse:0.417558+0.004058 
[224]	train-rmse:0.417565+0.001017	test-rmse:0.417557+0.004058 
[225]	train-rmse:0.417564+0.001017	test-rmse:0.417557+0.004058 
[226]	train-rmse:0.417563+0.001017	test-rmse:0.417556+0.004058 
[227]	train-rmse:0.417563+0.001017	test-rmse:0.417556+0.004058 
[228]	train-rmse:0.417563+0.001018	test-rmse:0.417556+0.004058 
[229]	train-rmse:0.417562+0.001018	test-rmse:0.417555+0.004057 
[230]	train-rmse:0.417561+0.001018	test-rmse:0.417554+0.004057 
[231]	train-rmse:0.417561+0.001018	test-rmse:0.417554+0.004057 
[232]	train-rmse:0.417560+0.001018	test-rmse:0.417553+0.004057 
[233]	train-rmse:0.417559+0.001018	test-rmse:0.417552+0.004057 
[234]	train-rmse:0.417558+0.001018	test-rmse:0.417552+0.004057 
[235]	train-rmse:0.417558+0.001018	test-rmse:0.417551+0.004057 
[236]	train-rmse:0.417557+0.001018	test-rmse:0.417550+0.004058 
[237]	train-rmse:0.417557+0.001017	test-rmse:0.417550+0.004058 
[238]	train-rmse:0.417556+0.001017	test-rmse:0.417549+0.004058 
[239]	train-rmse:0.417555+0.001017	test-rmse:0.417549+0.004058 
[240]	train-rmse:0.417554+0.001017	test-rmse:0.417548+0.004058 
[241]	train-rmse:0.417554+0.001017	test-rmse:0.417548+0.004058 
[242]	train-rmse:0.417553+0.001017	test-rmse:0.417547+0.004058 
[243]	train-rmse:0.417552+0.001016	test-rmse:0.417546+0.004058 
[244]	train-rmse:0.417552+0.001016	test-rmse:0.417546+0.004058 
[245]	train-rmse:0.417551+0.001016	test-rmse:0.417545+0.004058 
[246]	train-rmse:0.417550+0.001017	test-rmse:0.417544+0.004058 
[247]	train-rmse:0.417549+0.001017	test-rmse:0.417543+0.004058 
[248]	train-rmse:0.417548+0.001016	test-rmse:0.417542+0.004059 
[249]	train-rmse:0.417547+0.001016	test-rmse:0.417542+0.004059 
[250]	train-rmse:0.417547+0.001016	test-rmse:0.417541+0.004059 
[251]	train-rmse:0.417546+0.001016	test-rmse:0.417541+0.004059 
[252]	train-rmse:0.417545+0.001016	test-rmse:0.417540+0.004059 
[253]	train-rmse:0.417545+0.001016	test-rmse:0.417540+0.004059 
[254]	train-rmse:0.417544+0.001015	test-rmse:0.417539+0.004059 
[255]	train-rmse:0.417544+0.001016	test-rmse:0.417538+0.004059 
[256]	train-rmse:0.417543+0.001016	test-rmse:0.417538+0.004059 
[257]	train-rmse:0.417542+0.001015	test-rmse:0.417537+0.004059 
[258]	train-rmse:0.417542+0.001015	test-rmse:0.417537+0.004059 
[259]	train-rmse:0.417542+0.001015	test-rmse:0.417537+0.004060 
[260]	train-rmse:0.417541+0.001015	test-rmse:0.417536+0.004059 
[261]	train-rmse:0.417540+0.001016	test-rmse:0.417535+0.004059 
[262]	train-rmse:0.417540+0.001016	test-rmse:0.417535+0.004059 
[263]	train-rmse:0.417539+0.001016	test-rmse:0.417534+0.004059 
[264]	train-rmse:0.417538+0.001016	test-rmse:0.417534+0.004059 
[265]	train-rmse:0.417538+0.001016	test-rmse:0.417533+0.004059 
[266]	train-rmse:0.417537+0.001015	test-rmse:0.417532+0.004059 
[267]	train-rmse:0.417537+0.001015	test-rmse:0.417532+0.004059 
[268]	train-rmse:0.417536+0.001015	test-rmse:0.417532+0.004060 
[269]	train-rmse:0.417536+0.001015	test-rmse:0.417531+0.004059 
[270]	train-rmse:0.417535+0.001015	test-rmse:0.417531+0.004059 
[271]	train-rmse:0.417534+0.001015	test-rmse:0.417530+0.004060 
[272]	train-rmse:0.417534+0.001015	test-rmse:0.417529+0.004060 
[273]	train-rmse:0.417533+0.001015	test-rmse:0.417528+0.004060 
[274]	train-rmse:0.417532+0.001014	test-rmse:0.417528+0.004060 
[275]	train-rmse:0.417531+0.001015	test-rmse:0.417527+0.004060 
[276]	train-rmse:0.417531+0.001015	test-rmse:0.417527+0.004059 
[277]	train-rmse:0.417530+0.001015	test-rmse:0.417526+0.004060 
[278]	train-rmse:0.417529+0.001015	test-rmse:0.417525+0.004059 
[279]	train-rmse:0.417529+0.001015	test-rmse:0.417525+0.004059 
[280]	train-rmse:0.417528+0.001015	test-rmse:0.417524+0.004060 
[281]	train-rmse:0.417528+0.001015	test-rmse:0.417524+0.004060 
[282]	train-rmse:0.417527+0.001015	test-rmse:0.417523+0.004059 
[283]	train-rmse:0.417526+0.001015	test-rmse:0.417523+0.004059 
[284]	train-rmse:0.417526+0.001015	test-rmse:0.417522+0.004059 
[285]	train-rmse:0.417525+0.001015	test-rmse:0.417521+0.004059 
[286]	train-rmse:0.417524+0.001016	test-rmse:0.417521+0.004059 
[287]	train-rmse:0.417524+0.001016	test-rmse:0.417520+0.004059 
[288]	train-rmse:0.417523+0.001016	test-rmse:0.417520+0.004058 
[289]	train-rmse:0.417523+0.001016	test-rmse:0.417519+0.004058 
[290]	train-rmse:0.417522+0.001016	test-rmse:0.417519+0.004058 
[291]	train-rmse:0.417522+0.001016	test-rmse:0.417519+0.004058 
[292]	train-rmse:0.417522+0.001016	test-rmse:0.417518+0.004058 
[293]	train-rmse:0.417521+0.001016	test-rmse:0.417518+0.004058 
[294]	train-rmse:0.417520+0.001016	test-rmse:0.417517+0.004058 
[295]	train-rmse:0.417519+0.001016	test-rmse:0.417516+0.004058 
[296]	train-rmse:0.417518+0.001017	test-rmse:0.417515+0.004058 
[297]	train-rmse:0.417518+0.001016	test-rmse:0.417515+0.004058 
[298]	train-rmse:0.417517+0.001016	test-rmse:0.417514+0.004058 
[299]	train-rmse:0.417516+0.001016	test-rmse:0.417514+0.004058 
[300]	train-rmse:0.417516+0.001016	test-rmse:0.417513+0.004058 
[301]	train-rmse:0.417516+0.001016	test-rmse:0.417513+0.004058 
[302]	train-rmse:0.417515+0.001016	test-rmse:0.417512+0.004058 
[303]	train-rmse:0.417514+0.001016	test-rmse:0.417512+0.004058 
[304]	train-rmse:0.417514+0.001017	test-rmse:0.417511+0.004057 
[305]	train-rmse:0.417513+0.001017	test-rmse:0.417510+0.004057 
[306]	train-rmse:0.417512+0.001017	test-rmse:0.417510+0.004057 
[307]	train-rmse:0.417512+0.001017	test-rmse:0.417509+0.004057 
[308]	train-rmse:0.417511+0.001017	test-rmse:0.417509+0.004057 
[309]	train-rmse:0.417510+0.001018	test-rmse:0.417508+0.004057 
[310]	train-rmse:0.417510+0.001018	test-rmse:0.417507+0.004056 
[311]	train-rmse:0.417509+0.001018	test-rmse:0.417507+0.004056 
[312]	train-rmse:0.417509+0.001018	test-rmse:0.417506+0.004056 
[313]	train-rmse:0.417507+0.001018	test-rmse:0.417505+0.004056 
[314]	train-rmse:0.417507+0.001018	test-rmse:0.417505+0.004056 
[315]	train-rmse:0.417506+0.001018	test-rmse:0.417504+0.004056 
[316]	train-rmse:0.417505+0.001018	test-rmse:0.417503+0.004056 
[317]	train-rmse:0.417504+0.001017	test-rmse:0.417502+0.004057 
[318]	train-rmse:0.417503+0.001017	test-rmse:0.417501+0.004057 
[319]	train-rmse:0.417503+0.001017	test-rmse:0.417501+0.004057 
[320]	train-rmse:0.417502+0.001017	test-rmse:0.417500+0.004057 
[321]	train-rmse:0.417501+0.001017	test-rmse:0.417500+0.004057 
[322]	train-rmse:0.417501+0.001017	test-rmse:0.417499+0.004057 
[323]	train-rmse:0.417500+0.001017	test-rmse:0.417499+0.004057 
[324]	train-rmse:0.417500+0.001016	test-rmse:0.417499+0.004057 
[325]	train-rmse:0.417499+0.001016	test-rmse:0.417498+0.004057 
[326]	train-rmse:0.417499+0.001017	test-rmse:0.417497+0.004057 
[327]	train-rmse:0.417498+0.001017	test-rmse:0.417497+0.004057 
[328]	train-rmse:0.417498+0.001017	test-rmse:0.417497+0.004057 
[329]	train-rmse:0.417497+0.001017	test-rmse:0.417496+0.004057 
[330]	train-rmse:0.417497+0.001017	test-rmse:0.417496+0.004057 
[331]	train-rmse:0.417497+0.001017	test-rmse:0.417495+0.004057 
[332]	train-rmse:0.417496+0.001017	test-rmse:0.417495+0.004057 
[333]	train-rmse:0.417496+0.001017	test-rmse:0.417495+0.004057 
[334]	train-rmse:0.417495+0.001017	test-rmse:0.417494+0.004057 
[335]	train-rmse:0.417495+0.001017	test-rmse:0.417494+0.004057 
[336]	train-rmse:0.417494+0.001018	test-rmse:0.417493+0.004056 
[337]	train-rmse:0.417493+0.001017	test-rmse:0.417492+0.004057 
[338]	train-rmse:0.417493+0.001017	test-rmse:0.417492+0.004057 
[339]	train-rmse:0.417492+0.001017	test-rmse:0.417491+0.004056 
[340]	train-rmse:0.417491+0.001018	test-rmse:0.417490+0.004056 
[341]	train-rmse:0.417490+0.001018	test-rmse:0.417490+0.004056 
[342]	train-rmse:0.417490+0.001018	test-rmse:0.417489+0.004056 
[343]	train-rmse:0.417489+0.001018	test-rmse:0.417489+0.004056 
[344]	train-rmse:0.417488+0.001018	test-rmse:0.417488+0.004056 
[345]	train-rmse:0.417488+0.001017	test-rmse:0.417487+0.004056 
[346]	train-rmse:0.417487+0.001017	test-rmse:0.417487+0.004057 
[347]	train-rmse:0.417487+0.001017	test-rmse:0.417486+0.004057 
[348]	train-rmse:0.417486+0.001017	test-rmse:0.417486+0.004057 
[349]	train-rmse:0.417485+0.001017	test-rmse:0.417485+0.004057 
[350]	train-rmse:0.417484+0.001017	test-rmse:0.417484+0.004057 
[351]	train-rmse:0.417483+0.001017	test-rmse:0.417483+0.004057 
[352]	train-rmse:0.417483+0.001017	test-rmse:0.417483+0.004057 
[353]	train-rmse:0.417482+0.001017	test-rmse:0.417482+0.004057 
[354]	train-rmse:0.417481+0.001017	test-rmse:0.417482+0.004057 
[355]	train-rmse:0.417481+0.001016	test-rmse:0.417481+0.004057 
[356]	train-rmse:0.417480+0.001017	test-rmse:0.417481+0.004057 
[357]	train-rmse:0.417480+0.001017	test-rmse:0.417481+0.004057 
[358]	train-rmse:0.417479+0.001017	test-rmse:0.417480+0.004056 
[359]	train-rmse:0.417478+0.001017	test-rmse:0.417479+0.004056 
[360]	train-rmse:0.417478+0.001017	test-rmse:0.417479+0.004056 
[361]	train-rmse:0.417478+0.001017	test-rmse:0.417478+0.004057 
[362]	train-rmse:0.417477+0.001017	test-rmse:0.417478+0.004057 
[363]	train-rmse:0.417477+0.001017	test-rmse:0.417477+0.004056 
[364]	train-rmse:0.417476+0.001017	test-rmse:0.417477+0.004056 
[365]	train-rmse:0.417475+0.001017	test-rmse:0.417476+0.004056 
[366]	train-rmse:0.417475+0.001017	test-rmse:0.417476+0.004056 
[367]	train-rmse:0.417474+0.001017	test-rmse:0.417475+0.004056 
[368]	train-rmse:0.417473+0.001017	test-rmse:0.417474+0.004056 
[369]	train-rmse:0.417472+0.001017	test-rmse:0.417474+0.004057 
[370]	train-rmse:0.417472+0.001017	test-rmse:0.417473+0.004057 
[371]	train-rmse:0.417471+0.001017	test-rmse:0.417473+0.004056 
[372]	train-rmse:0.417471+0.001017	test-rmse:0.417472+0.004056 
[373]	train-rmse:0.417471+0.001017	test-rmse:0.417472+0.004056 
[374]	train-rmse:0.417470+0.001017	test-rmse:0.417472+0.004056 
[375]	train-rmse:0.417470+0.001017	test-rmse:0.417471+0.004056 
[376]	train-rmse:0.417469+0.001017	test-rmse:0.417471+0.004056 
[377]	train-rmse:0.417469+0.001017	test-rmse:0.417470+0.004056 
[378]	train-rmse:0.417468+0.001017	test-rmse:0.417470+0.004056 
[379]	train-rmse:0.417468+0.001017	test-rmse:0.417469+0.004056 
[380]	train-rmse:0.417467+0.001018	test-rmse:0.417469+0.004056 
[381]	train-rmse:0.417467+0.001018	test-rmse:0.417468+0.004056 
[382]	train-rmse:0.417466+0.001018	test-rmse:0.417467+0.004056 
[383]	train-rmse:0.417465+0.001018	test-rmse:0.417467+0.004056 
[384]	train-rmse:0.417465+0.001018	test-rmse:0.417467+0.004056 
[385]	train-rmse:0.417464+0.001017	test-rmse:0.417466+0.004056 
[386]	train-rmse:0.417463+0.001017	test-rmse:0.417465+0.004056 
[387]	train-rmse:0.417463+0.001017	test-rmse:0.417465+0.004056 
[388]	train-rmse:0.417463+0.001017	test-rmse:0.417465+0.004056 
[389]	train-rmse:0.417463+0.001017	test-rmse:0.417465+0.004056 
[390]	train-rmse:0.417462+0.001017	test-rmse:0.417464+0.004056 
[391]	train-rmse:0.417462+0.001017	test-rmse:0.417464+0.004056 
[392]	train-rmse:0.417461+0.001017	test-rmse:0.417463+0.004056 
[393]	train-rmse:0.417461+0.001017	test-rmse:0.417463+0.004056 
[394]	train-rmse:0.417460+0.001017	test-rmse:0.417463+0.004056 
[395]	train-rmse:0.417460+0.001017	test-rmse:0.417462+0.004056 
[396]	train-rmse:0.417459+0.001017	test-rmse:0.417462+0.004056 
[397]	train-rmse:0.417459+0.001016	test-rmse:0.417461+0.004057 
[398]	train-rmse:0.417458+0.001017	test-rmse:0.417461+0.004056 
[399]	train-rmse:0.417458+0.001017	test-rmse:0.417460+0.004056 
[400]	train-rmse:0.417457+0.001017	test-rmse:0.417460+0.004056 
[401]	train-rmse:0.417457+0.001018	test-rmse:0.417460+0.004055 
[402]	train-rmse:0.417456+0.001018	test-rmse:0.417459+0.004055 
[403]	train-rmse:0.417456+0.001018	test-rmse:0.417458+0.004055 
[404]	train-rmse:0.417455+0.001017	test-rmse:0.417458+0.004056 
[405]	train-rmse:0.417455+0.001017	test-rmse:0.417458+0.004056 
[406]	train-rmse:0.417455+0.001017	test-rmse:0.417458+0.004056 
[407]	train-rmse:0.417454+0.001017	test-rmse:0.417457+0.004056 
[408]	train-rmse:0.417454+0.001017	test-rmse:0.417457+0.004056 
[409]	train-rmse:0.417454+0.001017	test-rmse:0.417457+0.004056 
[410]	train-rmse:0.417453+0.001017	test-rmse:0.417456+0.004056 
[411]	train-rmse:0.417453+0.001017	test-rmse:0.417456+0.004056 
[412]	train-rmse:0.417452+0.001017	test-rmse:0.417455+0.004056 
[413]	train-rmse:0.417452+0.001017	test-rmse:0.417455+0.004056 
[414]	train-rmse:0.417451+0.001017	test-rmse:0.417454+0.004056 
[415]	train-rmse:0.417451+0.001017	test-rmse:0.417454+0.004056 
[416]	train-rmse:0.417450+0.001017	test-rmse:0.417453+0.004056 
[417]	train-rmse:0.417449+0.001017	test-rmse:0.417453+0.004056 
[418]	train-rmse:0.417449+0.001017	test-rmse:0.417452+0.004056 
[419]	train-rmse:0.417448+0.001017	test-rmse:0.417452+0.004056 
[420]	train-rmse:0.417448+0.001016	test-rmse:0.417451+0.004056 
[421]	train-rmse:0.417448+0.001017	test-rmse:0.417451+0.004056 
[422]	train-rmse:0.417447+0.001017	test-rmse:0.417451+0.004056 
[423]	train-rmse:0.417447+0.001017	test-rmse:0.417450+0.004056 
[424]	train-rmse:0.417446+0.001017	test-rmse:0.417450+0.004055 
[425]	train-rmse:0.417446+0.001017	test-rmse:0.417449+0.004056 
[426]	train-rmse:0.417445+0.001017	test-rmse:0.417449+0.004055 
[427]	train-rmse:0.417445+0.001017	test-rmse:0.417448+0.004055 
[428]	train-rmse:0.417444+0.001017	test-rmse:0.417448+0.004056 
[429]	train-rmse:0.417443+0.001017	test-rmse:0.417447+0.004056 
[430]	train-rmse:0.417443+0.001017	test-rmse:0.417446+0.004055 
[431]	train-rmse:0.417442+0.001017	test-rmse:0.417446+0.004055 
[432]	train-rmse:0.417442+0.001017	test-rmse:0.417446+0.004056 
[433]	train-rmse:0.417442+0.001017	test-rmse:0.417446+0.004056 
[434]	train-rmse:0.417442+0.001017	test-rmse:0.417446+0.004056 
[435]	train-rmse:0.417441+0.001017	test-rmse:0.417445+0.004056 
[436]	train-rmse:0.417440+0.001017	test-rmse:0.417444+0.004056 
[437]	train-rmse:0.417439+0.001017	test-rmse:0.417444+0.004056 
[438]	train-rmse:0.417439+0.001017	test-rmse:0.417443+0.004056 
[439]	train-rmse:0.417438+0.001017	test-rmse:0.417442+0.004055 
[440]	train-rmse:0.417437+0.001017	test-rmse:0.417441+0.004055 
[441]	train-rmse:0.417436+0.001017	test-rmse:0.417441+0.004055 
[442]	train-rmse:0.417435+0.001017	test-rmse:0.417440+0.004055 
[443]	train-rmse:0.417434+0.001017	test-rmse:0.417439+0.004055 
[444]	train-rmse:0.417434+0.001018	test-rmse:0.417438+0.004055 
[445]	train-rmse:0.417433+0.001018	test-rmse:0.417437+0.004055 
[446]	train-rmse:0.417432+0.001018	test-rmse:0.417437+0.004054 
[447]	train-rmse:0.417431+0.001018	test-rmse:0.417436+0.004054 
[448]	train-rmse:0.417431+0.001018	test-rmse:0.417436+0.004054 
[449]	train-rmse:0.417431+0.001019	test-rmse:0.417436+0.004054 
[450]	train-rmse:0.417430+0.001019	test-rmse:0.417435+0.004054 
[451]	train-rmse:0.417429+0.001019	test-rmse:0.417435+0.004054 
[452]	train-rmse:0.417429+0.001018	test-rmse:0.417434+0.004054 
[453]	train-rmse:0.417428+0.001019	test-rmse:0.417433+0.004054 
[454]	train-rmse:0.417427+0.001019	test-rmse:0.417432+0.004054 
[455]	train-rmse:0.417426+0.001019	test-rmse:0.417431+0.004054 
[456]	train-rmse:0.417425+0.001019	test-rmse:0.417431+0.004054 
[457]	train-rmse:0.417425+0.001019	test-rmse:0.417431+0.004054 
[458]	train-rmse:0.417425+0.001019	test-rmse:0.417430+0.004054 
[459]	train-rmse:0.417424+0.001019	test-rmse:0.417430+0.004054 
[460]	train-rmse:0.417424+0.001019	test-rmse:0.417429+0.004054 
[461]	train-rmse:0.417423+0.001019	test-rmse:0.417429+0.004054 
[462]	train-rmse:0.417422+0.001019	test-rmse:0.417428+0.004054 
[463]	train-rmse:0.417421+0.001018	test-rmse:0.417427+0.004054 
[464]	train-rmse:0.417421+0.001019	test-rmse:0.417427+0.004054 
[465]	train-rmse:0.417420+0.001018	test-rmse:0.417426+0.004054 
[466]	train-rmse:0.417419+0.001019	test-rmse:0.417425+0.004054 
[467]	train-rmse:0.417418+0.001019	test-rmse:0.417424+0.004054 
[468]	train-rmse:0.417418+0.001018	test-rmse:0.417424+0.004054 
[469]	train-rmse:0.417417+0.001019	test-rmse:0.417423+0.004054 
[470]	train-rmse:0.417416+0.001019	test-rmse:0.417423+0.004054 
[471]	train-rmse:0.417416+0.001019	test-rmse:0.417422+0.004054 
[472]	train-rmse:0.417415+0.001019	test-rmse:0.417422+0.004053 
[473]	train-rmse:0.417415+0.001019	test-rmse:0.417421+0.004053 
[474]	train-rmse:0.417414+0.001019	test-rmse:0.417421+0.004053 
[475]	train-rmse:0.417414+0.001019	test-rmse:0.417420+0.004054 
[476]	train-rmse:0.417413+0.001019	test-rmse:0.417420+0.004053 
[477]	train-rmse:0.417413+0.001019	test-rmse:0.417420+0.004054 
[478]	train-rmse:0.417412+0.001019	test-rmse:0.417419+0.004053 
[479]	train-rmse:0.417411+0.001018	test-rmse:0.417418+0.004054 
[480]	train-rmse:0.417411+0.001019	test-rmse:0.417418+0.004053 
[481]	train-rmse:0.417411+0.001019	test-rmse:0.417418+0.004053 
[482]	train-rmse:0.417410+0.001019	test-rmse:0.417417+0.004054 
[483]	train-rmse:0.417410+0.001018	test-rmse:0.417417+0.004054 
[484]	train-rmse:0.417410+0.001018	test-rmse:0.417417+0.004054 
[485]	train-rmse:0.417409+0.001019	test-rmse:0.417416+0.004054 
[486]	train-rmse:0.417408+0.001018	test-rmse:0.417416+0.004054 
[487]	train-rmse:0.417408+0.001018	test-rmse:0.417415+0.004054 
[488]	train-rmse:0.417407+0.001018	test-rmse:0.417415+0.004054 
[489]	train-rmse:0.417406+0.001018	test-rmse:0.417414+0.004054 
[490]	train-rmse:0.417406+0.001018	test-rmse:0.417413+0.004054 
[491]	train-rmse:0.417406+0.001018	test-rmse:0.417413+0.004054 
[492]	train-rmse:0.417405+0.001017	test-rmse:0.417413+0.004055 
[493]	train-rmse:0.417404+0.001017	test-rmse:0.417412+0.004055 
[494]	train-rmse:0.417404+0.001018	test-rmse:0.417411+0.004054 
[495]	train-rmse:0.417403+0.001018	test-rmse:0.417411+0.004054 
[496]	train-rmse:0.417403+0.001018	test-rmse:0.417411+0.004054 
[497]	train-rmse:0.417403+0.001017	test-rmse:0.417410+0.004055 
[498]	train-rmse:0.417402+0.001017	test-rmse:0.417410+0.004055 
[499]	train-rmse:0.417402+0.001018	test-rmse:0.417409+0.004054 
[500]	train-rmse:0.417401+0.001018	test-rmse:0.417409+0.004054 
[501]	train-rmse:0.417400+0.001018	test-rmse:0.417408+0.004054 
[502]	train-rmse:0.417400+0.001018	test-rmse:0.417408+0.004054 
[503]	train-rmse:0.417400+0.001018	test-rmse:0.417408+0.004054 
[504]	train-rmse:0.417399+0.001018	test-rmse:0.417407+0.004054 
[505]	train-rmse:0.417398+0.001019	test-rmse:0.417406+0.004054 
[506]	train-rmse:0.417398+0.001018	test-rmse:0.417406+0.004054 
[507]	train-rmse:0.417397+0.001018	test-rmse:0.417405+0.004053 
[508]	train-rmse:0.417397+0.001018	test-rmse:0.417405+0.004054 
[509]	train-rmse:0.417396+0.001018	test-rmse:0.417404+0.004054 
[510]	train-rmse:0.417395+0.001018	test-rmse:0.417404+0.004054 
[511]	train-rmse:0.417394+0.001018	test-rmse:0.417403+0.004053 
[512]	train-rmse:0.417394+0.001019	test-rmse:0.417403+0.004053 
[513]	train-rmse:0.417394+0.001018	test-rmse:0.417402+0.004054 
[514]	train-rmse:0.417393+0.001018	test-rmse:0.417402+0.004054 
[515]	train-rmse:0.417392+0.001018	test-rmse:0.417401+0.004054 
[516]	train-rmse:0.417391+0.001018	test-rmse:0.417400+0.004054 
[517]	train-rmse:0.417390+0.001018	test-rmse:0.417399+0.004054 
[518]	train-rmse:0.417390+0.001018	test-rmse:0.417399+0.004054 
[519]	train-rmse:0.417389+0.001018	test-rmse:0.417398+0.004054 
[520]	train-rmse:0.417389+0.001017	test-rmse:0.417398+0.004054 
[521]	train-rmse:0.417388+0.001017	test-rmse:0.417397+0.004055 
[522]	train-rmse:0.417388+0.001017	test-rmse:0.417397+0.004055 
[523]	train-rmse:0.417387+0.001017	test-rmse:0.417396+0.004055 
[524]	train-rmse:0.417386+0.001017	test-rmse:0.417396+0.004055 
[525]	train-rmse:0.417386+0.001017	test-rmse:0.417395+0.004055 
[526]	train-rmse:0.417385+0.001017	test-rmse:0.417394+0.004055 
[527]	train-rmse:0.417384+0.001017	test-rmse:0.417393+0.004055 
[528]	train-rmse:0.417383+0.001017	test-rmse:0.417393+0.004055 
[529]	train-rmse:0.417382+0.001017	test-rmse:0.417392+0.004055 
[530]	train-rmse:0.417382+0.001017	test-rmse:0.417392+0.004054 
[531]	train-rmse:0.417382+0.001017	test-rmse:0.417391+0.004054 
[532]	train-rmse:0.417381+0.001017	test-rmse:0.417391+0.004054 
[533]	train-rmse:0.417380+0.001017	test-rmse:0.417390+0.004055 
[534]	train-rmse:0.417380+0.001017	test-rmse:0.417390+0.004055 
[535]	train-rmse:0.417379+0.001017	test-rmse:0.417389+0.004055 
[536]	train-rmse:0.417379+0.001017	test-rmse:0.417389+0.004055 
[537]	train-rmse:0.417378+0.001017	test-rmse:0.417388+0.004054 
[538]	train-rmse:0.417378+0.001017	test-rmse:0.417388+0.004054 
[539]	train-rmse:0.417378+0.001017	test-rmse:0.417388+0.004054 
[540]	train-rmse:0.417377+0.001017	test-rmse:0.417387+0.004054 
[541]	train-rmse:0.417377+0.001017	test-rmse:0.417387+0.004054 
[542]	train-rmse:0.417375+0.001017	test-rmse:0.417386+0.004054 
[543]	train-rmse:0.417375+0.001017	test-rmse:0.417385+0.004054 
[544]	train-rmse:0.417375+0.001017	test-rmse:0.417385+0.004054 
[545]	train-rmse:0.417374+0.001017	test-rmse:0.417385+0.004054 
[546]	train-rmse:0.417374+0.001017	test-rmse:0.417384+0.004054 
[547]	train-rmse:0.417373+0.001018	test-rmse:0.417384+0.004054 
[548]	train-rmse:0.417372+0.001018	test-rmse:0.417383+0.004054 
[549]	train-rmse:0.417371+0.001018	test-rmse:0.417382+0.004054 
[550]	train-rmse:0.417371+0.001018	test-rmse:0.417382+0.004054 
[551]	train-rmse:0.417371+0.001018	test-rmse:0.417381+0.004053 
[552]	train-rmse:0.417370+0.001018	test-rmse:0.417381+0.004054 
[553]	train-rmse:0.417369+0.001018	test-rmse:0.417380+0.004053 
[554]	train-rmse:0.417369+0.001019	test-rmse:0.417380+0.004053 
[555]	train-rmse:0.417368+0.001018	test-rmse:0.417379+0.004053 
[556]	train-rmse:0.417367+0.001018	test-rmse:0.417378+0.004053 
[557]	train-rmse:0.417367+0.001018	test-rmse:0.417378+0.004053 
[558]	train-rmse:0.417367+0.001018	test-rmse:0.417378+0.004054 
[559]	train-rmse:0.417366+0.001018	test-rmse:0.417377+0.004054 
[560]	train-rmse:0.417365+0.001017	test-rmse:0.417377+0.004054 
[561]	train-rmse:0.417365+0.001017	test-rmse:0.417376+0.004054 
[562]	train-rmse:0.417365+0.001017	test-rmse:0.417376+0.004054 
[563]	train-rmse:0.417364+0.001017	test-rmse:0.417375+0.004054 
[564]	train-rmse:0.417363+0.001017	test-rmse:0.417375+0.004054 
[565]	train-rmse:0.417362+0.001017	test-rmse:0.417374+0.004054 
[566]	train-rmse:0.417362+0.001017	test-rmse:0.417373+0.004054 
[567]	train-rmse:0.417361+0.001017	test-rmse:0.417373+0.004054 
[568]	train-rmse:0.417360+0.001017	test-rmse:0.417372+0.004054 
[569]	train-rmse:0.417360+0.001017	test-rmse:0.417371+0.004054 
[570]	train-rmse:0.417359+0.001017	test-rmse:0.417371+0.004054 
[571]	train-rmse:0.417358+0.001017	test-rmse:0.417370+0.004054 
[572]	train-rmse:0.417358+0.001017	test-rmse:0.417370+0.004054 
[573]	train-rmse:0.417357+0.001017	test-rmse:0.417369+0.004054 
[574]	train-rmse:0.417357+0.001017	test-rmse:0.417369+0.004054 
[575]	train-rmse:0.417357+0.001017	test-rmse:0.417368+0.004054 
[576]	train-rmse:0.417355+0.001017	test-rmse:0.417367+0.004054 
[577]	train-rmse:0.417355+0.001017	test-rmse:0.417367+0.004054 
[578]	train-rmse:0.417354+0.001017	test-rmse:0.417367+0.004054 
[579]	train-rmse:0.417354+0.001017	test-rmse:0.417366+0.004054 
[580]	train-rmse:0.417354+0.001017	test-rmse:0.417366+0.004054 
[581]	train-rmse:0.417353+0.001017	test-rmse:0.417366+0.004054 
[582]	train-rmse:0.417353+0.001017	test-rmse:0.417365+0.004054 
[583]	train-rmse:0.417352+0.001017	test-rmse:0.417364+0.004054 
[584]	train-rmse:0.417351+0.001017	test-rmse:0.417364+0.004054 
[585]	train-rmse:0.417351+0.001017	test-rmse:0.417363+0.004054 
[586]	train-rmse:0.417350+0.001017	test-rmse:0.417363+0.004054 
[587]	train-rmse:0.417349+0.001017	test-rmse:0.417362+0.004054 
[588]	train-rmse:0.417349+0.001017	test-rmse:0.417362+0.004054 
[589]	train-rmse:0.417348+0.001017	test-rmse:0.417361+0.004054 
[590]	train-rmse:0.417348+0.001017	test-rmse:0.417361+0.004054 
[591]	train-rmse:0.417347+0.001017	test-rmse:0.417360+0.004054 
[592]	train-rmse:0.417347+0.001017	test-rmse:0.417359+0.004054 
[593]	train-rmse:0.417346+0.001017	test-rmse:0.417359+0.004054 
[594]	train-rmse:0.417345+0.001017	test-rmse:0.417358+0.004054 
[595]	train-rmse:0.417345+0.001017	test-rmse:0.417358+0.004054 
[596]	train-rmse:0.417345+0.001018	test-rmse:0.417358+0.004053 
[597]	train-rmse:0.417344+0.001018	test-rmse:0.417357+0.004053 
[598]	train-rmse:0.417343+0.001018	test-rmse:0.417357+0.004053 
[599]	train-rmse:0.417343+0.001018	test-rmse:0.417356+0.004053 
[600]	train-rmse:0.417342+0.001018	test-rmse:0.417356+0.004053 
[601]	train-rmse:0.417342+0.001018	test-rmse:0.417355+0.004053 
[602]	train-rmse:0.417341+0.001018	test-rmse:0.417354+0.004053 
[603]	train-rmse:0.417341+0.001019	test-rmse:0.417354+0.004052 
[604]	train-rmse:0.417340+0.001019	test-rmse:0.417354+0.004052 
[605]	train-rmse:0.417340+0.001019	test-rmse:0.417353+0.004053 
[606]	train-rmse:0.417339+0.001019	test-rmse:0.417353+0.004052 
[607]	train-rmse:0.417338+0.001019	test-rmse:0.417352+0.004052 
[608]	train-rmse:0.417338+0.001018	test-rmse:0.417351+0.004053 
[609]	train-rmse:0.417337+0.001018	test-rmse:0.417351+0.004053 
[610]	train-rmse:0.417336+0.001018	test-rmse:0.417350+0.004053 
[611]	train-rmse:0.417336+0.001018	test-rmse:0.417349+0.004053 
[612]	train-rmse:0.417335+0.001018	test-rmse:0.417349+0.004053 
[613]	train-rmse:0.417335+0.001018	test-rmse:0.417349+0.004053 
[614]	train-rmse:0.417334+0.001018	test-rmse:0.417348+0.004053 
[615]	train-rmse:0.417334+0.001018	test-rmse:0.417348+0.004053 
[616]	train-rmse:0.417334+0.001018	test-rmse:0.417348+0.004053 
[617]	train-rmse:0.417333+0.001018	test-rmse:0.417347+0.004053 
[618]	train-rmse:0.417332+0.001018	test-rmse:0.417346+0.004053 
[619]	train-rmse:0.417331+0.001018	test-rmse:0.417346+0.004053 
[620]	train-rmse:0.417331+0.001017	test-rmse:0.417345+0.004054 
[621]	train-rmse:0.417330+0.001018	test-rmse:0.417344+0.004053 
[622]	train-rmse:0.417330+0.001017	test-rmse:0.417344+0.004054 
[623]	train-rmse:0.417329+0.001017	test-rmse:0.417344+0.004054 
[624]	train-rmse:0.417328+0.001017	test-rmse:0.417343+0.004053 
[625]	train-rmse:0.417328+0.001018	test-rmse:0.417342+0.004053 
[626]	train-rmse:0.417327+0.001018	test-rmse:0.417342+0.004053 
[627]	train-rmse:0.417327+0.001017	test-rmse:0.417341+0.004053 
[628]	train-rmse:0.417327+0.001017	test-rmse:0.417341+0.004053 
[629]	train-rmse:0.417327+0.001017	test-rmse:0.417341+0.004054 
[630]	train-rmse:0.417326+0.001017	test-rmse:0.417341+0.004054 
[631]	train-rmse:0.417325+0.001017	test-rmse:0.417340+0.004053 
[632]	train-rmse:0.417325+0.001018	test-rmse:0.417340+0.004053 
[633]	train-rmse:0.417324+0.001018	test-rmse:0.417339+0.004053 
[634]	train-rmse:0.417324+0.001018	test-rmse:0.417339+0.004053 
[635]	train-rmse:0.417323+0.001018	test-rmse:0.417338+0.004052 
[636]	train-rmse:0.417323+0.001019	test-rmse:0.417338+0.004052 
[637]	train-rmse:0.417322+0.001019	test-rmse:0.417337+0.004052 
[638]	train-rmse:0.417321+0.001018	test-rmse:0.417336+0.004053 
[639]	train-rmse:0.417321+0.001018	test-rmse:0.417336+0.004053 
[640]	train-rmse:0.417320+0.001019	test-rmse:0.417335+0.004052 
[641]	train-rmse:0.417320+0.001019	test-rmse:0.417335+0.004052 
[642]	train-rmse:0.417319+0.001019	test-rmse:0.417335+0.004052 
[643]	train-rmse:0.417318+0.001019	test-rmse:0.417334+0.004052 
[644]	train-rmse:0.417318+0.001019	test-rmse:0.417334+0.004052 
[645]	train-rmse:0.417318+0.001019	test-rmse:0.417333+0.004052 
[646]	train-rmse:0.417317+0.001019	test-rmse:0.417333+0.004052 
[647]	train-rmse:0.417317+0.001019	test-rmse:0.417332+0.004052 
[648]	train-rmse:0.417316+0.001019	test-rmse:0.417331+0.004052 
[649]	train-rmse:0.417316+0.001019	test-rmse:0.417331+0.004052 
[650]	train-rmse:0.417315+0.001019	test-rmse:0.417331+0.004052 
[651]	train-rmse:0.417315+0.001019	test-rmse:0.417331+0.004052 
[652]	train-rmse:0.417315+0.001019	test-rmse:0.417330+0.004052 
[653]	train-rmse:0.417314+0.001019	test-rmse:0.417330+0.004052 
[654]	train-rmse:0.417313+0.001019	test-rmse:0.417329+0.004052 
[655]	train-rmse:0.417312+0.001019	test-rmse:0.417328+0.004052 
[656]	train-rmse:0.417312+0.001019	test-rmse:0.417328+0.004052 
[657]	train-rmse:0.417312+0.001019	test-rmse:0.417328+0.004052 
[658]	train-rmse:0.417311+0.001019	test-rmse:0.417327+0.004052 
[659]	train-rmse:0.417311+0.001020	test-rmse:0.417327+0.004051 
[660]	train-rmse:0.417310+0.001019	test-rmse:0.417326+0.004051 
[661]	train-rmse:0.417310+0.001020	test-rmse:0.417326+0.004051 
[662]	train-rmse:0.417310+0.001020	test-rmse:0.417326+0.004051 
[663]	train-rmse:0.417309+0.001020	test-rmse:0.417325+0.004051 
[664]	train-rmse:0.417308+0.001020	test-rmse:0.417324+0.004051 
[665]	train-rmse:0.417308+0.001020	test-rmse:0.417324+0.004051 
[666]	train-rmse:0.417307+0.001020	test-rmse:0.417323+0.004051 
[667]	train-rmse:0.417306+0.001020	test-rmse:0.417323+0.004051 
[668]	train-rmse:0.417305+0.001020	test-rmse:0.417322+0.004051 
[669]	train-rmse:0.417305+0.001020	test-rmse:0.417322+0.004051 
[670]	train-rmse:0.417305+0.001020	test-rmse:0.417321+0.004051 
[671]	train-rmse:0.417304+0.001020	test-rmse:0.417321+0.004051 
[672]	train-rmse:0.417304+0.001020	test-rmse:0.417320+0.004050 
[673]	train-rmse:0.417303+0.001020	test-rmse:0.417320+0.004051 
[674]	train-rmse:0.417302+0.001020	test-rmse:0.417319+0.004051 
[675]	train-rmse:0.417302+0.001020	test-rmse:0.417318+0.004051 
[676]	train-rmse:0.417301+0.001020	test-rmse:0.417318+0.004051 
[677]	train-rmse:0.417300+0.001020	test-rmse:0.417317+0.004051 
[678]	train-rmse:0.417299+0.001020	test-rmse:0.417316+0.004051 
[679]	train-rmse:0.417299+0.001020	test-rmse:0.417316+0.004051 
[680]	train-rmse:0.417298+0.001020	test-rmse:0.417315+0.004050 
[681]	train-rmse:0.417298+0.001020	test-rmse:0.417315+0.004050 
[682]	train-rmse:0.417297+0.001020	test-rmse:0.417314+0.004050 
[683]	train-rmse:0.417297+0.001020	test-rmse:0.417314+0.004050 
[684]	train-rmse:0.417297+0.001020	test-rmse:0.417314+0.004050 
[685]	train-rmse:0.417296+0.001020	test-rmse:0.417314+0.004050 
[686]	train-rmse:0.417295+0.001020	test-rmse:0.417313+0.004051 
[687]	train-rmse:0.417295+0.001020	test-rmse:0.417312+0.004050 
[688]	train-rmse:0.417294+0.001020	test-rmse:0.417312+0.004050 
[689]	train-rmse:0.417294+0.001020	test-rmse:0.417311+0.004051 
[690]	train-rmse:0.417293+0.001020	test-rmse:0.417311+0.004050 
[691]	train-rmse:0.417293+0.001020	test-rmse:0.417311+0.004050 
[692]	train-rmse:0.417292+0.001020	test-rmse:0.417310+0.004051 
[693]	train-rmse:0.417292+0.001020	test-rmse:0.417310+0.004051 
[694]	train-rmse:0.417291+0.001020	test-rmse:0.417309+0.004051 
[695]	train-rmse:0.417291+0.001019	test-rmse:0.417309+0.004051 
[696]	train-rmse:0.417290+0.001020	test-rmse:0.417308+0.004051 
[697]	train-rmse:0.417290+0.001020	test-rmse:0.417308+0.004051 
[698]	train-rmse:0.417289+0.001020	test-rmse:0.417307+0.004051 
[699]	train-rmse:0.417288+0.001020	test-rmse:0.417306+0.004050 
[700]	train-rmse:0.417288+0.001020	test-rmse:0.417306+0.004050 
[701]	train-rmse:0.417287+0.001020	test-rmse:0.417305+0.004050 
> hgrid <-
+   dplyr::bind_cols(xgboost_params[index, ], dart.cv$evaluation_log[dart.cv$best_iteration, ], best_iter = dart.cv$best_iteration)
> 
> # write result
> fname <- file.path('data-raw', 'tune', year, 'array', paste0('tune_', index, '.tsv'))
> readr::write_tsv(hgrid, file = fname)
> 
