> 
> # parse arguments
> args <- R.utils::commandArgs(trailingOnly = FALSE, asValues = TRUE)
> index <- as.integer(args$index)
> year <- as.character(args$year)
> nreps <- as.integer(args$nreps)
> seed <- as.integer(args$seed)
> 
> # get number of cores
> wkrs <- length(future::availableWorkers())
> 
> # set seed
> set.seed(seed)
> 
> # read and prepare the cluster features
> fp <- file.path('data-raw', 'features', year)
> clf <-
+   read_features(fp, pattern = 'paris.', recursive = FALSE)
> clf <- prepare_features(
+   clf,
+   feature_map = feature_map,
+   category = c('response', 'bio', 'net'),
+   type = 'list',
+   exclusions = c(
+     'mg2_pairs_count',
+     'mg2_not_pairs_count',
+     'mg2_portion_families_recovered',
+     'cluster_origin',
+     'bocc_origin',
+     'cluster_method',
+     'subcluster_method',
+     'year',
+     'IDs',
+     'go_sig_threshold',
+     'num_new_edges_on_any_node',
+     'HPO_ratio'
+   ),
+   verbose = TRUE
+ )
c('HPO_ratio', 'IDs', 'bocc_origin', 'cluster_method', 'cluster_origin', 'go_sig_threshold', 'max_norm_cell_type_comma_sep_string', 'max_norm_disease_comma_sep_string', 'mg2_not_pairs_count', 'mg2_pairs_count', 'mg2_portion_families_recovered', 'num_new_edges_on_any_node', 'sig_go_enrichment_fdr_corrected_p_vals', 'sig_go_enrichment_p_vals', 'sig_go_enrichment_terms', 'subcluster_method', 'year')

> 
> # prepare grid of parameters
> xgboost_params <- dials::parameters(
+   nrounds = dials::trees(),
+   eta = dials::learn_rate(),
+   gamma = dials::loss_reduction(),
+   dials::tree_depth(),
+   subsample = dials::sample_prop(),
+   rate_drop = dials::dropout(),
+   skip_drop = dials::dropout()
+ )
> xgboost_params <-
+   dials::grid_max_entropy(xgboost_params, size = nreps)
> 
> # tune the dart booster
> dart.param <-
+   list(
+     booster = "dart",
+     objective = "reg:logistic",
+     eval_metric = "rmse",
+     nthread = wkrs,
+     max_depth = xgboost_params$tree_depth[index],
+     eta = xgboost_params$eta[index],
+     gamma = xgboost_params$gamma[index],
+     subsample = xgboost_params$subsample[index],
+     rate_drop = xgboost_params$rate_drop[index],
+     skip_drop = xgboost_params$skip_drop[index]
+   )
> dart.cv <- xgboost::xgb.cv(
+   params = dart.param,
+   nrounds = xgboost_params$nrounds[index],
+   data = as.matrix(clf[, -1]),
+   nfold = 5,
+   label = clf$snowballing_pvalue,
+   early_stopping_rounds = 50
+ )
[1]	train-rmse:0.411077+0.000985	test-rmse:0.411742+0.003981 
Multiple eval metrics are present. Will use test_rmse for early stopping.
Will train until test_rmse hasn't improved in 50 rounds.

[2]	train-rmse:0.404613+0.001010	test-rmse:0.405950+0.003993 
[3]	train-rmse:0.398970+0.001754	test-rmse:0.400983+0.003914 
[4]	train-rmse:0.394091+0.001698	test-rmse:0.396534+0.004252 
[5]	train-rmse:0.388832+0.001237	test-rmse:0.391770+0.004468 
[6]	train-rmse:0.385199+0.001243	test-rmse:0.388695+0.004813 
[7]	train-rmse:0.380348+0.002486	test-rmse:0.384493+0.006312 
[8]	train-rmse:0.377190+0.002846	test-rmse:0.381715+0.004860 
[9]	train-rmse:0.374144+0.004440	test-rmse:0.379144+0.005866 
[10]	train-rmse:0.371165+0.005580	test-rmse:0.376527+0.004925 
[11]	train-rmse:0.367469+0.005497	test-rmse:0.373263+0.004812 
[12]	train-rmse:0.362916+0.005792	test-rmse:0.369370+0.004336 
[13]	train-rmse:0.361344+0.005330	test-rmse:0.367992+0.004598 
[14]	train-rmse:0.356009+0.005273	test-rmse:0.363352+0.004439 
[15]	train-rmse:0.353634+0.004208	test-rmse:0.361237+0.002528 
[16]	train-rmse:0.350325+0.004459	test-rmse:0.358385+0.003774 
[17]	train-rmse:0.349873+0.004473	test-rmse:0.357993+0.003762 
[18]	train-rmse:0.344790+0.004369	test-rmse:0.353750+0.003735 
[19]	train-rmse:0.341678+0.005568	test-rmse:0.351093+0.005427 
[20]	train-rmse:0.338520+0.003773	test-rmse:0.348384+0.004452 
[21]	train-rmse:0.334580+0.005172	test-rmse:0.345040+0.005184 
[22]	train-rmse:0.331531+0.003941	test-rmse:0.342448+0.006393 
[23]	train-rmse:0.330392+0.004603	test-rmse:0.341407+0.007472 
[24]	train-rmse:0.328371+0.005851	test-rmse:0.339753+0.008001 
[25]	train-rmse:0.326409+0.007456	test-rmse:0.338138+0.008793 
[26]	train-rmse:0.325270+0.006913	test-rmse:0.337118+0.007752 
[27]	train-rmse:0.320651+0.006747	test-rmse:0.333340+0.007750 
[28]	train-rmse:0.317004+0.006703	test-rmse:0.330447+0.007198 
[29]	train-rmse:0.312537+0.006603	test-rmse:0.326753+0.007230 
[30]	train-rmse:0.309004+0.006954	test-rmse:0.323941+0.006732 
[31]	train-rmse:0.306316+0.005089	test-rmse:0.321694+0.005817 
[32]	train-rmse:0.303720+0.005439	test-rmse:0.319667+0.004358 
[33]	train-rmse:0.301914+0.003694	test-rmse:0.318197+0.004567 
[34]	train-rmse:0.300938+0.003445	test-rmse:0.317472+0.004447 
[35]	train-rmse:0.297671+0.003644	test-rmse:0.314832+0.004780 
[36]	train-rmse:0.294375+0.003853	test-rmse:0.312302+0.005750 
[37]	train-rmse:0.291948+0.003367	test-rmse:0.310320+0.007114 
[38]	train-rmse:0.291024+0.002507	test-rmse:0.309546+0.006285 
[39]	train-rmse:0.290163+0.001995	test-rmse:0.308766+0.007183 
[40]	train-rmse:0.288572+0.002911	test-rmse:0.307630+0.006159 
[41]	train-rmse:0.287701+0.004349	test-rmse:0.306999+0.005791 
[42]	train-rmse:0.286860+0.005766	test-rmse:0.306431+0.005619 
[43]	train-rmse:0.283012+0.005682	test-rmse:0.303507+0.005831 
[44]	train-rmse:0.280032+0.006149	test-rmse:0.301287+0.005184 
[45]	train-rmse:0.278570+0.007384	test-rmse:0.300165+0.004366 
[46]	train-rmse:0.275715+0.007848	test-rmse:0.297920+0.005155 
[47]	train-rmse:0.274274+0.008934	test-rmse:0.296957+0.005711 
[48]	train-rmse:0.273459+0.008281	test-rmse:0.296340+0.005021 
[49]	train-rmse:0.270565+0.006960	test-rmse:0.294123+0.005310 
[50]	train-rmse:0.267777+0.005739	test-rmse:0.291942+0.005786 
[51]	train-rmse:0.265672+0.004625	test-rmse:0.290336+0.005737 
[52]	train-rmse:0.262965+0.003582	test-rmse:0.288255+0.006444 
[53]	train-rmse:0.260284+0.002738	test-rmse:0.286288+0.007244 
[54]	train-rmse:0.258325+0.002608	test-rmse:0.284769+0.007635 
[55]	train-rmse:0.256442+0.003343	test-rmse:0.283411+0.007730 
[56]	train-rmse:0.254542+0.003891	test-rmse:0.282081+0.008236 
[57]	train-rmse:0.252075+0.004008	test-rmse:0.280347+0.008594 
[58]	train-rmse:0.250254+0.004741	test-rmse:0.279062+0.009121 
[59]	train-rmse:0.249057+0.005869	test-rmse:0.278172+0.009908 
[60]	train-rmse:0.247321+0.006326	test-rmse:0.276933+0.010754 
[61]	train-rmse:0.245593+0.007258	test-rmse:0.275713+0.011041 
[62]	train-rmse:0.243819+0.007509	test-rmse:0.274580+0.010358 
[63]	train-rmse:0.241548+0.007521	test-rmse:0.272921+0.010964 
[64]	train-rmse:0.239772+0.007326	test-rmse:0.271750+0.010925 
[65]	train-rmse:0.239194+0.007715	test-rmse:0.271327+0.011608 
[66]	train-rmse:0.236919+0.006916	test-rmse:0.269801+0.011712 
[67]	train-rmse:0.234204+0.006739	test-rmse:0.268014+0.011721 
[68]	train-rmse:0.232568+0.006335	test-rmse:0.266955+0.011343 
[69]	train-rmse:0.230358+0.005841	test-rmse:0.265603+0.010821 
[70]	train-rmse:0.228259+0.006044	test-rmse:0.264206+0.011205 
[71]	train-rmse:0.226634+0.005191	test-rmse:0.263148+0.011700 
[72]	train-rmse:0.224641+0.005800	test-rmse:0.261841+0.011729 
[73]	train-rmse:0.223106+0.005429	test-rmse:0.260880+0.011624 
[74]	train-rmse:0.221631+0.005836	test-rmse:0.259818+0.012304 
[75]	train-rmse:0.221112+0.005589	test-rmse:0.259522+0.012145 
[76]	train-rmse:0.220107+0.005628	test-rmse:0.258911+0.012289 
[77]	train-rmse:0.219123+0.005313	test-rmse:0.258330+0.011770 
[78]	train-rmse:0.218598+0.005274	test-rmse:0.258018+0.011631 
[79]	train-rmse:0.216673+0.005345	test-rmse:0.256824+0.012055 
[80]	train-rmse:0.215320+0.005457	test-rmse:0.256000+0.012618 
[81]	train-rmse:0.213437+0.005056	test-rmse:0.254765+0.012151 
[82]	train-rmse:0.211601+0.004957	test-rmse:0.253691+0.012273 
[83]	train-rmse:0.209870+0.005203	test-rmse:0.252600+0.012636 
[84]	train-rmse:0.208509+0.004996	test-rmse:0.251802+0.013033 
[85]	train-rmse:0.208075+0.005376	test-rmse:0.251526+0.013455 
[86]	train-rmse:0.205959+0.005233	test-rmse:0.250313+0.013521 
[87]	train-rmse:0.204682+0.005219	test-rmse:0.249666+0.013074 
[88]	train-rmse:0.203472+0.005538	test-rmse:0.248910+0.013552 
[89]	train-rmse:0.202624+0.005418	test-rmse:0.248424+0.013569 
[90]	train-rmse:0.201455+0.005925	test-rmse:0.247733+0.013610 
[91]	train-rmse:0.200643+0.006058	test-rmse:0.247336+0.013704 
[92]	train-rmse:0.199517+0.006399	test-rmse:0.246647+0.014134 
[93]	train-rmse:0.198289+0.006115	test-rmse:0.245941+0.013908 
[94]	train-rmse:0.196650+0.005534	test-rmse:0.245059+0.014008 
[95]	train-rmse:0.195572+0.006172	test-rmse:0.244438+0.014097 
[96]	train-rmse:0.194402+0.005780	test-rmse:0.243797+0.014035 
[97]	train-rmse:0.193220+0.004823	test-rmse:0.243241+0.013734 
[98]	train-rmse:0.191357+0.004723	test-rmse:0.242287+0.013806 
[99]	train-rmse:0.190160+0.003763	test-rmse:0.241706+0.013569 
[100]	train-rmse:0.189033+0.003520	test-rmse:0.241106+0.013518 
[101]	train-rmse:0.188020+0.003999	test-rmse:0.240526+0.013954 
[102]	train-rmse:0.186993+0.004505	test-rmse:0.240066+0.014136 
[103]	train-rmse:0.186680+0.004815	test-rmse:0.239884+0.014421 
[104]	train-rmse:0.185336+0.004919	test-rmse:0.239240+0.014568 
[105]	train-rmse:0.184206+0.004008	test-rmse:0.238718+0.014375 
[106]	train-rmse:0.183525+0.004183	test-rmse:0.238456+0.014265 
[107]	train-rmse:0.182915+0.004894	test-rmse:0.238139+0.014516 
[108]	train-rmse:0.181547+0.004450	test-rmse:0.237580+0.014296 
[109]	train-rmse:0.180845+0.003965	test-rmse:0.237305+0.014013 
[110]	train-rmse:0.180214+0.004196	test-rmse:0.236980+0.013799 
[111]	train-rmse:0.179268+0.004655	test-rmse:0.236568+0.013951 
[112]	train-rmse:0.177957+0.004074	test-rmse:0.235948+0.014002 
[113]	train-rmse:0.177610+0.003668	test-rmse:0.235814+0.014067 
[114]	train-rmse:0.176974+0.003582	test-rmse:0.235500+0.014385 
[115]	train-rmse:0.176107+0.003965	test-rmse:0.235181+0.014470 
[116]	train-rmse:0.175504+0.004196	test-rmse:0.234869+0.014355 
[117]	train-rmse:0.174645+0.004534	test-rmse:0.234401+0.014655 
[118]	train-rmse:0.174054+0.004740	test-rmse:0.234102+0.014751 
[119]	train-rmse:0.173404+0.004423	test-rmse:0.233802+0.014769 
[120]	train-rmse:0.172830+0.004718	test-rmse:0.233584+0.014695 
[121]	train-rmse:0.172546+0.004867	test-rmse:0.233457+0.014882 
[122]	train-rmse:0.171892+0.004366	test-rmse:0.233238+0.014650 
[123]	train-rmse:0.171045+0.004557	test-rmse:0.232891+0.014648 
[124]	train-rmse:0.170179+0.004352	test-rmse:0.232526+0.014566 
[125]	train-rmse:0.169865+0.004061	test-rmse:0.232390+0.014387 
[126]	train-rmse:0.168975+0.003425	test-rmse:0.232002+0.014234 
[127]	train-rmse:0.168130+0.003188	test-rmse:0.231656+0.014474 
[128]	train-rmse:0.167512+0.002941	test-rmse:0.231436+0.014453 
[129]	train-rmse:0.166410+0.002924	test-rmse:0.230951+0.014547 
[130]	train-rmse:0.166138+0.002864	test-rmse:0.230906+0.014512 
[131]	train-rmse:0.164822+0.002771	test-rmse:0.230437+0.014521 
[132]	train-rmse:0.163991+0.002286	test-rmse:0.230176+0.014418 
[133]	train-rmse:0.163192+0.002339	test-rmse:0.229857+0.014624 
[134]	train-rmse:0.162682+0.002439	test-rmse:0.229640+0.014843 
[135]	train-rmse:0.161639+0.002199	test-rmse:0.229230+0.014951 
[136]	train-rmse:0.160862+0.002605	test-rmse:0.228932+0.015104 
[137]	train-rmse:0.160594+0.002812	test-rmse:0.228821+0.015182 
[138]	train-rmse:0.159848+0.003227	test-rmse:0.228610+0.015197 
[139]	train-rmse:0.159580+0.002718	test-rmse:0.228495+0.015047 
[140]	train-rmse:0.159318+0.002910	test-rmse:0.228385+0.014966 
[141]	train-rmse:0.158334+0.002643	test-rmse:0.228115+0.014893 
[142]	train-rmse:0.157629+0.002980	test-rmse:0.227890+0.014939 
[143]	train-rmse:0.156701+0.002837	test-rmse:0.227460+0.014887 
[144]	train-rmse:0.155965+0.002802	test-rmse:0.227212+0.014694 
[145]	train-rmse:0.155277+0.003107	test-rmse:0.226934+0.014895 
[146]	train-rmse:0.155062+0.003175	test-rmse:0.226872+0.014887 
[147]	train-rmse:0.154622+0.003280	test-rmse:0.226706+0.014931 
[148]	train-rmse:0.153875+0.003118	test-rmse:0.226535+0.014858 
[149]	train-rmse:0.153034+0.003034	test-rmse:0.226175+0.014833 
[150]	train-rmse:0.151952+0.002993	test-rmse:0.225764+0.014892 
[151]	train-rmse:0.151503+0.002576	test-rmse:0.225628+0.014919 
[152]	train-rmse:0.150637+0.002235	test-rmse:0.225252+0.015077 
[153]	train-rmse:0.150008+0.001983	test-rmse:0.224992+0.015126 
[154]	train-rmse:0.149838+0.002130	test-rmse:0.224901+0.015121 
[155]	train-rmse:0.149625+0.001788	test-rmse:0.224852+0.015059 
[156]	train-rmse:0.149216+0.002046	test-rmse:0.224718+0.015156 
[157]	train-rmse:0.148365+0.001982	test-rmse:0.224463+0.015021 
[158]	train-rmse:0.147958+0.002127	test-rmse:0.224363+0.015034 
[159]	train-rmse:0.147122+0.001833	test-rmse:0.224093+0.015120 
[160]	train-rmse:0.146545+0.002031	test-rmse:0.223926+0.015264 
[161]	train-rmse:0.145752+0.002025	test-rmse:0.223724+0.015206 
[162]	train-rmse:0.145366+0.002251	test-rmse:0.223634+0.015254 
[163]	train-rmse:0.144766+0.002584	test-rmse:0.223466+0.015273 
[164]	train-rmse:0.144379+0.002678	test-rmse:0.223333+0.015297 
[165]	train-rmse:0.143811+0.002485	test-rmse:0.223139+0.015269 
[166]	train-rmse:0.143047+0.002484	test-rmse:0.222940+0.015257 
[167]	train-rmse:0.142658+0.002633	test-rmse:0.222866+0.015257 
[168]	train-rmse:0.141925+0.002708	test-rmse:0.222687+0.015258 
[169]	train-rmse:0.141728+0.002412	test-rmse:0.222695+0.015268 
[170]	train-rmse:0.141175+0.002549	test-rmse:0.222567+0.015185 
[171]	train-rmse:0.140654+0.002911	test-rmse:0.222487+0.015213 
[172]	train-rmse:0.140075+0.002955	test-rmse:0.222340+0.015333 
[173]	train-rmse:0.139898+0.003015	test-rmse:0.222262+0.015391 
[174]	train-rmse:0.139720+0.002857	test-rmse:0.222228+0.015438 
[175]	train-rmse:0.138873+0.002887	test-rmse:0.222044+0.015491 
[176]	train-rmse:0.138346+0.002559	test-rmse:0.221863+0.015509 
[177]	train-rmse:0.137832+0.002289	test-rmse:0.221752+0.015525 
[178]	train-rmse:0.137304+0.001970	test-rmse:0.221604+0.015608 
[179]	train-rmse:0.136939+0.002337	test-rmse:0.221556+0.015610 
[180]	train-rmse:0.136287+0.002135	test-rmse:0.221410+0.015633 
[181]	train-rmse:0.135775+0.001941	test-rmse:0.221286+0.015691 
[182]	train-rmse:0.135605+0.002182	test-rmse:0.221264+0.015708 
[183]	train-rmse:0.135310+0.002092	test-rmse:0.221221+0.015749 
[184]	train-rmse:0.135144+0.002139	test-rmse:0.221185+0.015746 
[185]	train-rmse:0.134336+0.002091	test-rmse:0.220995+0.015761 
[186]	train-rmse:0.134039+0.001897	test-rmse:0.220932+0.015714 
[187]	train-rmse:0.133375+0.001863	test-rmse:0.220792+0.015745 
[188]	train-rmse:0.133202+0.001638	test-rmse:0.220757+0.015703 
[189]	train-rmse:0.132679+0.001741	test-rmse:0.220685+0.015671 
[190]	train-rmse:0.132523+0.001827	test-rmse:0.220638+0.015670 
[191]	train-rmse:0.131770+0.001839	test-rmse:0.220400+0.015681 
[192]	train-rmse:0.131430+0.002005	test-rmse:0.220283+0.015633 
[193]	train-rmse:0.131110+0.001882	test-rmse:0.220217+0.015733 
[194]	train-rmse:0.130499+0.001760	test-rmse:0.220053+0.015784 
[195]	train-rmse:0.130219+0.002051	test-rmse:0.220012+0.015802 
[196]	train-rmse:0.129776+0.002221	test-rmse:0.219896+0.015824 
[197]	train-rmse:0.129313+0.002247	test-rmse:0.219760+0.015869 
[198]	train-rmse:0.129154+0.002071	test-rmse:0.219712+0.015809 
[199]	train-rmse:0.128861+0.002202	test-rmse:0.219646+0.015769 
[200]	train-rmse:0.128440+0.002197	test-rmse:0.219580+0.015720 
[201]	train-rmse:0.127879+0.002071	test-rmse:0.219432+0.015694 
[202]	train-rmse:0.127276+0.002209	test-rmse:0.219283+0.015749 
[203]	train-rmse:0.126847+0.001977	test-rmse:0.219221+0.015775 
[204]	train-rmse:0.126409+0.002093	test-rmse:0.219146+0.015767 
[205]	train-rmse:0.126124+0.002110	test-rmse:0.219078+0.015694 
[206]	train-rmse:0.125853+0.002131	test-rmse:0.219027+0.015679 
[207]	train-rmse:0.125598+0.002204	test-rmse:0.218960+0.015655 
[208]	train-rmse:0.125170+0.002090	test-rmse:0.218899+0.015671 
[209]	train-rmse:0.124777+0.001940	test-rmse:0.218839+0.015676 
[210]	train-rmse:0.124273+0.001930	test-rmse:0.218723+0.015659 
[211]	train-rmse:0.123857+0.001992	test-rmse:0.218703+0.015685 
[212]	train-rmse:0.123440+0.002139	test-rmse:0.218635+0.015647 
[213]	train-rmse:0.123190+0.002381	test-rmse:0.218652+0.015680 
[214]	train-rmse:0.122573+0.002318	test-rmse:0.218535+0.015728 
[215]	train-rmse:0.122093+0.002270	test-rmse:0.218436+0.015744 
[216]	train-rmse:0.121664+0.002129	test-rmse:0.218373+0.015748 
[217]	train-rmse:0.121076+0.002121	test-rmse:0.218244+0.015865 
[218]	train-rmse:0.120697+0.002029	test-rmse:0.218151+0.015925 
[219]	train-rmse:0.120581+0.001986	test-rmse:0.218095+0.015857 
[220]	train-rmse:0.120256+0.002015	test-rmse:0.218046+0.015883 
[221]	train-rmse:0.119916+0.002089	test-rmse:0.217980+0.015938 
[222]	train-rmse:0.119690+0.001929	test-rmse:0.217949+0.015974 
[223]	train-rmse:0.119316+0.002045	test-rmse:0.217913+0.015948 
[224]	train-rmse:0.118883+0.002196	test-rmse:0.217822+0.015949 
[225]	train-rmse:0.118512+0.002192	test-rmse:0.217757+0.015925 
[226]	train-rmse:0.118032+0.002176	test-rmse:0.217722+0.015955 
[227]	train-rmse:0.117653+0.001988	test-rmse:0.217674+0.015941 
[228]	train-rmse:0.117534+0.001977	test-rmse:0.217628+0.015887 
[229]	train-rmse:0.117179+0.002211	test-rmse:0.217559+0.015861 
[230]	train-rmse:0.116937+0.002059	test-rmse:0.217534+0.015856 
[231]	train-rmse:0.116574+0.002106	test-rmse:0.217472+0.015860 
[232]	train-rmse:0.116235+0.002274	test-rmse:0.217451+0.015893 
[233]	train-rmse:0.115756+0.002471	test-rmse:0.217419+0.015880 
[234]	train-rmse:0.115388+0.002528	test-rmse:0.217392+0.015868 
[235]	train-rmse:0.115058+0.002439	test-rmse:0.217332+0.015902 
[236]	train-rmse:0.114707+0.002306	test-rmse:0.217265+0.015941 
[237]	train-rmse:0.114216+0.002204	test-rmse:0.217191+0.015942 
[238]	train-rmse:0.113978+0.002027	test-rmse:0.217151+0.015970 
[239]	train-rmse:0.113739+0.002250	test-rmse:0.217149+0.015974 
[240]	train-rmse:0.113408+0.002494	test-rmse:0.217174+0.015995 
[241]	train-rmse:0.113319+0.002623	test-rmse:0.217136+0.016022 
[242]	train-rmse:0.112997+0.002662	test-rmse:0.217095+0.015999 
[243]	train-rmse:0.112392+0.002659	test-rmse:0.217093+0.015945 
[244]	train-rmse:0.112191+0.002692	test-rmse:0.217062+0.015960 
[245]	train-rmse:0.111890+0.002924	test-rmse:0.217064+0.015921 
[246]	train-rmse:0.111591+0.003049	test-rmse:0.217029+0.015913 
[247]	train-rmse:0.111245+0.003205	test-rmse:0.216970+0.015895 
[248]	train-rmse:0.110939+0.003228	test-rmse:0.216911+0.015913 
[249]	train-rmse:0.110525+0.003395	test-rmse:0.216851+0.015907 
[250]	train-rmse:0.110100+0.003440	test-rmse:0.216847+0.015866 
[251]	train-rmse:0.109804+0.003526	test-rmse:0.216868+0.015866 
[252]	train-rmse:0.109421+0.003552	test-rmse:0.216819+0.015819 
[253]	train-rmse:0.109425+0.003552	test-rmse:0.216819+0.015818 
[254]	train-rmse:0.109295+0.003605	test-rmse:0.216809+0.015808 
[255]	train-rmse:0.108896+0.003589	test-rmse:0.216776+0.015765 
[256]	train-rmse:0.108715+0.003753	test-rmse:0.216746+0.015756 
[257]	train-rmse:0.108469+0.003848	test-rmse:0.216745+0.015753 
[258]	train-rmse:0.108277+0.003800	test-rmse:0.216761+0.015728 
[259]	train-rmse:0.108178+0.003952	test-rmse:0.216732+0.015749 
[260]	train-rmse:0.107982+0.004127	test-rmse:0.216707+0.015778 
[261]	train-rmse:0.107676+0.004040	test-rmse:0.216623+0.015842 
[262]	train-rmse:0.107454+0.004009	test-rmse:0.216575+0.015813 
[263]	train-rmse:0.107283+0.004146	test-rmse:0.216590+0.015785 
[264]	train-rmse:0.106966+0.004174	test-rmse:0.216570+0.015835 
[265]	train-rmse:0.106493+0.004114	test-rmse:0.216581+0.015854 
[266]	train-rmse:0.106307+0.004098	test-rmse:0.216557+0.015839 
[267]	train-rmse:0.106006+0.004036	test-rmse:0.216537+0.015852 
[268]	train-rmse:0.106009+0.004036	test-rmse:0.216537+0.015852 
[269]	train-rmse:0.105825+0.003974	test-rmse:0.216521+0.015828 
[270]	train-rmse:0.105427+0.003979	test-rmse:0.216441+0.015808 
[271]	train-rmse:0.105310+0.004064	test-rmse:0.216459+0.015826 
[272]	train-rmse:0.105016+0.004073	test-rmse:0.216438+0.015827 
[273]	train-rmse:0.104920+0.003977	test-rmse:0.216417+0.015828 
[274]	train-rmse:0.104725+0.004008	test-rmse:0.216413+0.015828 
[275]	train-rmse:0.104458+0.004189	test-rmse:0.216404+0.015862 
[276]	train-rmse:0.104206+0.004308	test-rmse:0.216383+0.015862 
[277]	train-rmse:0.103914+0.004206	test-rmse:0.216327+0.015912 
[278]	train-rmse:0.103754+0.004386	test-rmse:0.216338+0.015908 
[279]	train-rmse:0.103470+0.004472	test-rmse:0.216333+0.015918 
[280]	train-rmse:0.103158+0.004342	test-rmse:0.216296+0.015937 
[281]	train-rmse:0.102797+0.004476	test-rmse:0.216280+0.015940 
[282]	train-rmse:0.102474+0.004556	test-rmse:0.216283+0.015889 
[283]	train-rmse:0.102179+0.004755	test-rmse:0.216273+0.015846 
[284]	train-rmse:0.102078+0.004677	test-rmse:0.216231+0.015848 
[285]	train-rmse:0.101722+0.004719	test-rmse:0.216188+0.015875 
[286]	train-rmse:0.101475+0.004855	test-rmse:0.216127+0.015902 
[287]	train-rmse:0.101223+0.004786	test-rmse:0.216146+0.015897 
[288]	train-rmse:0.100950+0.004780	test-rmse:0.216089+0.015884 
[289]	train-rmse:0.100680+0.004963	test-rmse:0.216108+0.015897 
[290]	train-rmse:0.100331+0.004844	test-rmse:0.216124+0.015925 
[291]	train-rmse:0.100239+0.004930	test-rmse:0.216147+0.015949 
[292]	train-rmse:0.100023+0.004963	test-rmse:0.216141+0.015952 
[293]	train-rmse:0.099756+0.004947	test-rmse:0.216183+0.015999 
[294]	train-rmse:0.099433+0.005062	test-rmse:0.216124+0.015989 
[295]	train-rmse:0.099136+0.005007	test-rmse:0.216111+0.016006 
[296]	train-rmse:0.098880+0.005005	test-rmse:0.216089+0.016005 
[297]	train-rmse:0.098626+0.005006	test-rmse:0.216089+0.016024 
[298]	train-rmse:0.098251+0.004963	test-rmse:0.216094+0.016001 
[299]	train-rmse:0.098084+0.004934	test-rmse:0.216119+0.015966 
[300]	train-rmse:0.097982+0.004854	test-rmse:0.216089+0.015969 
[301]	train-rmse:0.097772+0.005016	test-rmse:0.216091+0.015937 
[302]	train-rmse:0.097506+0.004816	test-rmse:0.216073+0.015922 
[303]	train-rmse:0.097163+0.004691	test-rmse:0.216077+0.015925 
[304]	train-rmse:0.096910+0.004718	test-rmse:0.216145+0.015987 
[305]	train-rmse:0.096756+0.004745	test-rmse:0.216175+0.016015 
[306]	train-rmse:0.096495+0.004665	test-rmse:0.216140+0.015995 
[307]	train-rmse:0.096412+0.004604	test-rmse:0.216076+0.016003 
[308]	train-rmse:0.096169+0.004651	test-rmse:0.216108+0.016027 
[309]	train-rmse:0.095940+0.004535	test-rmse:0.216063+0.016042 
[310]	train-rmse:0.095789+0.004551	test-rmse:0.216072+0.016038 
[311]	train-rmse:0.095532+0.004590	test-rmse:0.216084+0.016103 
[312]	train-rmse:0.095450+0.004690	test-rmse:0.216070+0.016088 
[313]	train-rmse:0.095225+0.004550	test-rmse:0.216063+0.016069 
[314]	train-rmse:0.095070+0.004493	test-rmse:0.216054+0.016040 
[315]	train-rmse:0.094933+0.004448	test-rmse:0.216028+0.016008 
[316]	train-rmse:0.094697+0.004379	test-rmse:0.215991+0.016038 
[317]	train-rmse:0.094465+0.004532	test-rmse:0.215981+0.016019 
[318]	train-rmse:0.094150+0.004647	test-rmse:0.215956+0.016020 
[319]	train-rmse:0.094073+0.004521	test-rmse:0.215931+0.016056 
[320]	train-rmse:0.093745+0.004565	test-rmse:0.215944+0.016020 
[321]	train-rmse:0.093476+0.004564	test-rmse:0.215923+0.016008 
[322]	train-rmse:0.093201+0.004613	test-rmse:0.215899+0.015967 
[323]	train-rmse:0.093045+0.004784	test-rmse:0.215931+0.015940 
[324]	train-rmse:0.092896+0.004877	test-rmse:0.215932+0.015917 
[325]	train-rmse:0.092701+0.004976	test-rmse:0.215918+0.015922 
[326]	train-rmse:0.092481+0.004878	test-rmse:0.215911+0.015902 
[327]	train-rmse:0.092328+0.004799	test-rmse:0.215914+0.015942 
[328]	train-rmse:0.092254+0.004802	test-rmse:0.215926+0.015956 
[329]	train-rmse:0.091951+0.004833	test-rmse:0.215920+0.015943 
[330]	train-rmse:0.091740+0.004893	test-rmse:0.215903+0.015962 
[331]	train-rmse:0.091451+0.004994	test-rmse:0.215907+0.015950 
[332]	train-rmse:0.091240+0.004937	test-rmse:0.215895+0.015958 
[333]	train-rmse:0.091102+0.004886	test-rmse:0.215894+0.015990 
[334]	train-rmse:0.090969+0.004960	test-rmse:0.215889+0.016024 
[335]	train-rmse:0.090904+0.004906	test-rmse:0.215886+0.016025 
[336]	train-rmse:0.090859+0.004955	test-rmse:0.215892+0.016032 
[337]	train-rmse:0.090718+0.004933	test-rmse:0.215884+0.016042 
[338]	train-rmse:0.090585+0.004939	test-rmse:0.215847+0.016052 
[339]	train-rmse:0.090286+0.004811	test-rmse:0.215868+0.016026 
[340]	train-rmse:0.090022+0.004852	test-rmse:0.215858+0.016032 
[341]	train-rmse:0.089761+0.004784	test-rmse:0.215827+0.016053 
[342]	train-rmse:0.089629+0.004873	test-rmse:0.215821+0.016030 
[343]	train-rmse:0.089283+0.004855	test-rmse:0.215826+0.016061 
[344]	train-rmse:0.089098+0.004835	test-rmse:0.215807+0.016118 
[345]	train-rmse:0.088904+0.004748	test-rmse:0.215815+0.016117 
[346]	train-rmse:0.088768+0.004716	test-rmse:0.215800+0.016124 
[347]	train-rmse:0.088543+0.004678	test-rmse:0.215807+0.016143 
[348]	train-rmse:0.088323+0.004531	test-rmse:0.215821+0.016152 
[349]	train-rmse:0.088107+0.004554	test-rmse:0.215780+0.016151 
[350]	train-rmse:0.088022+0.004425	test-rmse:0.215759+0.016180 
[351]	train-rmse:0.087845+0.004557	test-rmse:0.215759+0.016197 
[352]	train-rmse:0.087710+0.004487	test-rmse:0.215778+0.016201 
[353]	train-rmse:0.087499+0.004363	test-rmse:0.215781+0.016211 
[354]	train-rmse:0.087145+0.004350	test-rmse:0.215794+0.016251 
[355]	train-rmse:0.086924+0.004322	test-rmse:0.215796+0.016270 
[356]	train-rmse:0.086782+0.004462	test-rmse:0.215842+0.016281 
[357]	train-rmse:0.086729+0.004529	test-rmse:0.215835+0.016286 
[358]	train-rmse:0.086686+0.004487	test-rmse:0.215831+0.016287 
[359]	train-rmse:0.086517+0.004563	test-rmse:0.215820+0.016289 
[360]	train-rmse:0.086253+0.004458	test-rmse:0.215815+0.016286 
[361]	train-rmse:0.086073+0.004490	test-rmse:0.215799+0.016298 
[362]	train-rmse:0.086020+0.004554	test-rmse:0.215809+0.016291 
[363]	train-rmse:0.085814+0.004448	test-rmse:0.215805+0.016272 
[364]	train-rmse:0.085599+0.004319	test-rmse:0.215816+0.016294 
[365]	train-rmse:0.085412+0.004285	test-rmse:0.215794+0.016286 
[366]	train-rmse:0.085291+0.004230	test-rmse:0.215798+0.016319 
[367]	train-rmse:0.085110+0.004231	test-rmse:0.215824+0.016322 
[368]	train-rmse:0.084912+0.004245	test-rmse:0.215813+0.016327 
[369]	train-rmse:0.084788+0.004372	test-rmse:0.215838+0.016346 
[370]	train-rmse:0.084715+0.004265	test-rmse:0.215839+0.016343 
[371]	train-rmse:0.084525+0.004294	test-rmse:0.215811+0.016343 
[372]	train-rmse:0.084528+0.004294	test-rmse:0.215810+0.016343 
[373]	train-rmse:0.084303+0.004130	test-rmse:0.215799+0.016337 
[374]	train-rmse:0.084193+0.004196	test-rmse:0.215790+0.016327 
[375]	train-rmse:0.083932+0.004165	test-rmse:0.215782+0.016370 
[376]	train-rmse:0.083810+0.004176	test-rmse:0.215791+0.016362 
[377]	train-rmse:0.083622+0.004116	test-rmse:0.215810+0.016333 
[378]	train-rmse:0.083492+0.004209	test-rmse:0.215796+0.016320 
[379]	train-rmse:0.083234+0.004145	test-rmse:0.215803+0.016308 
[380]	train-rmse:0.083100+0.003981	test-rmse:0.215786+0.016310 
[381]	train-rmse:0.082931+0.003862	test-rmse:0.215773+0.016317 
[382]	train-rmse:0.082765+0.003752	test-rmse:0.215758+0.016339 
[383]	train-rmse:0.082596+0.003881	test-rmse:0.215715+0.016329 
[384]	train-rmse:0.082472+0.003903	test-rmse:0.215696+0.016341 
[385]	train-rmse:0.082289+0.003974	test-rmse:0.215681+0.016372 
[386]	train-rmse:0.082139+0.004049	test-rmse:0.215674+0.016387 
[387]	train-rmse:0.081972+0.004076	test-rmse:0.215659+0.016384 
[388]	train-rmse:0.081880+0.004175	test-rmse:0.215644+0.016427 
[389]	train-rmse:0.081804+0.004180	test-rmse:0.215640+0.016423 
[390]	train-rmse:0.081735+0.004188	test-rmse:0.215643+0.016427 
[391]	train-rmse:0.081605+0.004042	test-rmse:0.215647+0.016435 
[392]	train-rmse:0.081314+0.003987	test-rmse:0.215674+0.016451 
[393]	train-rmse:0.081106+0.004079	test-rmse:0.215658+0.016452 
[394]	train-rmse:0.080971+0.004031	test-rmse:0.215640+0.016462 
[395]	train-rmse:0.080804+0.004046	test-rmse:0.215610+0.016472 
[396]	train-rmse:0.080566+0.003950	test-rmse:0.215555+0.016503 
[397]	train-rmse:0.080400+0.003863	test-rmse:0.215564+0.016496 
[398]	train-rmse:0.080236+0.003830	test-rmse:0.215576+0.016504 
[399]	train-rmse:0.080148+0.003923	test-rmse:0.215599+0.016510 
[400]	train-rmse:0.080012+0.003886	test-rmse:0.215581+0.016502 
[401]	train-rmse:0.079847+0.003856	test-rmse:0.215570+0.016495 
[402]	train-rmse:0.079673+0.003859	test-rmse:0.215563+0.016481 
[403]	train-rmse:0.079421+0.003883	test-rmse:0.215544+0.016503 
[404]	train-rmse:0.079308+0.003891	test-rmse:0.215528+0.016511 
[405]	train-rmse:0.079171+0.003731	test-rmse:0.215506+0.016533 
[406]	train-rmse:0.079029+0.003743	test-rmse:0.215495+0.016544 
[407]	train-rmse:0.078871+0.003634	test-rmse:0.215495+0.016558 
[408]	train-rmse:0.078698+0.003667	test-rmse:0.215464+0.016549 
[409]	train-rmse:0.078527+0.003700	test-rmse:0.215479+0.016530 
[410]	train-rmse:0.078411+0.003701	test-rmse:0.215481+0.016536 
[411]	train-rmse:0.078348+0.003715	test-rmse:0.215508+0.016567 
[412]	train-rmse:0.078245+0.003595	test-rmse:0.215495+0.016571 
[413]	train-rmse:0.077991+0.003572	test-rmse:0.215472+0.016569 
[414]	train-rmse:0.077863+0.003630	test-rmse:0.215479+0.016581 
[415]	train-rmse:0.077817+0.003686	test-rmse:0.215481+0.016580 
[416]	train-rmse:0.077657+0.003699	test-rmse:0.215476+0.016617 
[417]	train-rmse:0.077490+0.003665	test-rmse:0.215498+0.016640 
[418]	train-rmse:0.077300+0.003653	test-rmse:0.215469+0.016616 
[419]	train-rmse:0.077179+0.003695	test-rmse:0.215471+0.016606 
[420]	train-rmse:0.077064+0.003653	test-rmse:0.215483+0.016617 
[421]	train-rmse:0.076919+0.003639	test-rmse:0.215489+0.016654 
[422]	train-rmse:0.076754+0.003753	test-rmse:0.215511+0.016655 
[423]	train-rmse:0.076555+0.003720	test-rmse:0.215510+0.016636 
[424]	train-rmse:0.076509+0.003780	test-rmse:0.215520+0.016629 
[425]	train-rmse:0.076399+0.003810	test-rmse:0.215517+0.016631 
[426]	train-rmse:0.076132+0.003802	test-rmse:0.215543+0.016635 
[427]	train-rmse:0.075889+0.003753	test-rmse:0.215549+0.016643 
[428]	train-rmse:0.075782+0.003809	test-rmse:0.215561+0.016657 
[429]	train-rmse:0.075627+0.003759	test-rmse:0.215541+0.016675 
[430]	train-rmse:0.075630+0.003758	test-rmse:0.215541+0.016675 
[431]	train-rmse:0.075513+0.003837	test-rmse:0.215533+0.016643 
[432]	train-rmse:0.075451+0.003795	test-rmse:0.215516+0.016647 
[433]	train-rmse:0.075343+0.003774	test-rmse:0.215536+0.016652 
[434]	train-rmse:0.075249+0.003873	test-rmse:0.215538+0.016664 
[435]	train-rmse:0.075144+0.003827	test-rmse:0.215536+0.016659 
[436]	train-rmse:0.075040+0.003773	test-rmse:0.215554+0.016646 
[437]	train-rmse:0.074882+0.003738	test-rmse:0.215531+0.016633 
[438]	train-rmse:0.074667+0.003638	test-rmse:0.215537+0.016636 
[439]	train-rmse:0.074457+0.003596	test-rmse:0.215528+0.016668 
[440]	train-rmse:0.074321+0.003537	test-rmse:0.215534+0.016676 
[441]	train-rmse:0.074203+0.003468	test-rmse:0.215537+0.016670 
[442]	train-rmse:0.074095+0.003473	test-rmse:0.215529+0.016680 
[443]	train-rmse:0.073908+0.003497	test-rmse:0.215546+0.016693 
[444]	train-rmse:0.073765+0.003555	test-rmse:0.215547+0.016694 
[445]	train-rmse:0.073663+0.003556	test-rmse:0.215582+0.016709 
[446]	train-rmse:0.073632+0.003600	test-rmse:0.215570+0.016716 
[447]	train-rmse:0.073441+0.003657	test-rmse:0.215534+0.016707 
[448]	train-rmse:0.073299+0.003574	test-rmse:0.215545+0.016720 
[449]	train-rmse:0.073144+0.003581	test-rmse:0.215542+0.016732 
[450]	train-rmse:0.073092+0.003635	test-rmse:0.215538+0.016728 
[451]	train-rmse:0.073038+0.003693	test-rmse:0.215534+0.016724 
[452]	train-rmse:0.072941+0.003659	test-rmse:0.215564+0.016727 
[453]	train-rmse:0.072820+0.003725	test-rmse:0.215565+0.016733 
[454]	train-rmse:0.072706+0.003762	test-rmse:0.215567+0.016735 
[455]	train-rmse:0.072570+0.003728	test-rmse:0.215603+0.016722 
[456]	train-rmse:0.072467+0.003675	test-rmse:0.215601+0.016727 
[457]	train-rmse:0.072335+0.003605	test-rmse:0.215613+0.016703 
[458]	train-rmse:0.072225+0.003567	test-rmse:0.215607+0.016700 
Stopping. Best iteration:
[408]	train-rmse:0.078698+0.003667	test-rmse:0.215464+0.016549

> hgrid <-
+   dplyr::bind_cols(xgboost_params[index, ], dart.cv$evaluation_log[dart.cv$best_iteration, ], best_iter = dart.cv$best_iteration)
> 
> # write result
> fname <- file.path('data-raw', 'tune', year, 'array', paste0('tune_', index, '.tsv'))
> readr::write_tsv(hgrid, file = fname)
> 
