> 
> # parse arguments
> args <- R.utils::commandArgs(trailingOnly = FALSE, asValues = TRUE)
> index <- as.integer(args$index)
> year <- as.character(args$year)
> nreps <- as.integer(args$nreps)
> seed <- as.integer(args$seed)
> 
> # get number of cores
> wkrs <- length(future::availableWorkers())
> 
> # set seed
> set.seed(seed)
> 
> # read and prepare the cluster features
> fp <- file.path('data-raw', 'features', year)
> clf <-
+   read_features(fp, pattern = 'paris.', recursive = FALSE)
> clf <- prepare_features(
+   clf,
+   feature_map = feature_map,
+   category = c('response', 'bio', 'net'),
+   type = 'list',
+   exclusions = c(
+     'mg2_pairs_count',
+     'mg2_not_pairs_count',
+     'mg2_portion_families_recovered',
+     'cluster_origin',
+     'bocc_origin',
+     'cluster_method',
+     'subcluster_method',
+     'year',
+     'IDs',
+     'go_sig_threshold',
+     'num_new_edges_on_any_node',
+     'HPO_ratio'
+   ),
+   verbose = TRUE
+ )
c('HPO_ratio', 'IDs', 'bocc_origin', 'cluster_method', 'cluster_origin', 'go_sig_threshold', 'max_norm_cell_type_comma_sep_string', 'max_norm_disease_comma_sep_string', 'mg2_not_pairs_count', 'mg2_pairs_count', 'mg2_portion_families_recovered', 'num_new_edges_on_any_node', 'sig_go_enrichment_fdr_corrected_p_vals', 'sig_go_enrichment_p_vals', 'sig_go_enrichment_terms', 'subcluster_method', 'year')

> 
> # prepare grid of parameters
> xgboost_params <- dials::parameters(
+   nrounds = dials::trees(),
+   eta = dials::learn_rate(),
+   gamma = dials::loss_reduction(),
+   dials::tree_depth(),
+   subsample = dials::sample_prop(),
+   rate_drop = dials::dropout(),
+   skip_drop = dials::dropout()
+ )
> xgboost_params <-
+   dials::grid_max_entropy(xgboost_params, size = nreps)
> 
> # tune the dart booster
> dart.param <-
+   list(
+     booster = "dart",
+     objective = "reg:logistic",
+     eval_metric = "rmse",
+     nthread = wkrs,
+     max_depth = xgboost_params$tree_depth[index],
+     eta = xgboost_params$eta[index],
+     gamma = xgboost_params$gamma[index],
+     subsample = xgboost_params$subsample[index],
+     rate_drop = xgboost_params$rate_drop[index],
+     skip_drop = xgboost_params$skip_drop[index]
+   )
> dart.cv <- xgboost::xgb.cv(
+   params = dart.param,
+   nrounds = xgboost_params$nrounds[index],
+   data = as.matrix(clf[, -1]),
+   nfold = 5,
+   label = clf$snowballing_pvalue,
+   early_stopping_rounds = 50
+ )
[1]	train-rmse:0.417463+0.001018	test-rmse:0.417453+0.004053 
Multiple eval metrics are present. Will use test_rmse for early stopping.
Will train until test_rmse hasn't improved in 50 rounds.

[2]	train-rmse:0.417211+0.001024	test-rmse:0.417210+0.004036 
[3]	train-rmse:0.416991+0.001017	test-rmse:0.416997+0.004041 
[4]	train-rmse:0.416741+0.001017	test-rmse:0.416753+0.004039 
[5]	train-rmse:0.416490+0.001016	test-rmse:0.416505+0.004036 
[6]	train-rmse:0.416282+0.001027	test-rmse:0.416302+0.004024 
[7]	train-rmse:0.416076+0.000992	test-rmse:0.416103+0.004051 
[8]	train-rmse:0.415911+0.000977	test-rmse:0.415945+0.004064 
[9]	train-rmse:0.415700+0.000978	test-rmse:0.415743+0.004051 
[10]	train-rmse:0.415547+0.001060	test-rmse:0.415591+0.003971 
[11]	train-rmse:0.415431+0.001067	test-rmse:0.415476+0.003964 
[12]	train-rmse:0.415298+0.001065	test-rmse:0.415346+0.003969 
[13]	train-rmse:0.415162+0.001102	test-rmse:0.415213+0.003926 
[14]	train-rmse:0.415045+0.001153	test-rmse:0.415097+0.003865 
[15]	train-rmse:0.414903+0.001182	test-rmse:0.414955+0.003832 
[16]	train-rmse:0.414829+0.001165	test-rmse:0.414885+0.003844 
[17]	train-rmse:0.414759+0.001156	test-rmse:0.414815+0.003852 
[18]	train-rmse:0.414610+0.001185	test-rmse:0.414672+0.003823 
[19]	train-rmse:0.414532+0.001209	test-rmse:0.414596+0.003792 
[20]	train-rmse:0.414447+0.001179	test-rmse:0.414514+0.003830 
[21]	train-rmse:0.414357+0.001139	test-rmse:0.414425+0.003885 
[22]	train-rmse:0.414309+0.001133	test-rmse:0.414377+0.003891 
[23]	train-rmse:0.414221+0.001123	test-rmse:0.414296+0.003889 
[24]	train-rmse:0.414090+0.001056	test-rmse:0.414170+0.003961 
[25]	train-rmse:0.413966+0.001028	test-rmse:0.414057+0.003999 
[26]	train-rmse:0.413891+0.001029	test-rmse:0.413987+0.003996 
[27]	train-rmse:0.413853+0.001036	test-rmse:0.413950+0.003988 
[28]	train-rmse:0.413809+0.001024	test-rmse:0.413908+0.004000 
[29]	train-rmse:0.413734+0.001012	test-rmse:0.413832+0.003998 
[30]	train-rmse:0.413616+0.000991	test-rmse:0.413722+0.004047 
[31]	train-rmse:0.413545+0.000980	test-rmse:0.413651+0.004051 
[32]	train-rmse:0.413503+0.000999	test-rmse:0.413611+0.004030 
[33]	train-rmse:0.413463+0.001000	test-rmse:0.413569+0.004026 
[34]	train-rmse:0.413388+0.000975	test-rmse:0.413499+0.004079 
[35]	train-rmse:0.413358+0.000984	test-rmse:0.413470+0.004070 
[36]	train-rmse:0.413240+0.000992	test-rmse:0.413354+0.004065 
[37]	train-rmse:0.413168+0.000970	test-rmse:0.413287+0.004120 
[38]	train-rmse:0.413137+0.000979	test-rmse:0.413255+0.004111 
[39]	train-rmse:0.413065+0.000915	test-rmse:0.413183+0.004136 
[40]	train-rmse:0.413040+0.000912	test-rmse:0.413159+0.004138 
[41]	train-rmse:0.412928+0.000895	test-rmse:0.413051+0.004191 
[42]	train-rmse:0.412863+0.000898	test-rmse:0.412983+0.004196 
[43]	train-rmse:0.412839+0.000897	test-rmse:0.412959+0.004195 
[44]	train-rmse:0.412814+0.000896	test-rmse:0.412935+0.004194 
[45]	train-rmse:0.412785+0.000892	test-rmse:0.412906+0.004196 
[46]	train-rmse:0.412761+0.000894	test-rmse:0.412882+0.004196 
[47]	train-rmse:0.412693+0.000910	test-rmse:0.412811+0.004204 
[48]	train-rmse:0.412672+0.000903	test-rmse:0.412791+0.004208 
[49]	train-rmse:0.412605+0.000830	test-rmse:0.412726+0.004232 
[50]	train-rmse:0.412489+0.000838	test-rmse:0.412609+0.004182 
[51]	train-rmse:0.412468+0.000837	test-rmse:0.412589+0.004183 
[52]	train-rmse:0.412442+0.000842	test-rmse:0.412564+0.004179 
[53]	train-rmse:0.412422+0.000846	test-rmse:0.412544+0.004176 
[54]	train-rmse:0.412404+0.000842	test-rmse:0.412526+0.004179 
[55]	train-rmse:0.412385+0.000842	test-rmse:0.412508+0.004178 
[56]	train-rmse:0.412365+0.000842	test-rmse:0.412488+0.004177 
[57]	train-rmse:0.412349+0.000843	test-rmse:0.412473+0.004176 
[58]	train-rmse:0.412333+0.000840	test-rmse:0.412457+0.004180 
[59]	train-rmse:0.412267+0.000860	test-rmse:0.412390+0.004186 
[60]	train-rmse:0.412158+0.000928	test-rmse:0.412286+0.004099 
[61]	train-rmse:0.412140+0.000924	test-rmse:0.412268+0.004103 
[62]	train-rmse:0.412076+0.000931	test-rmse:0.412208+0.004091 
[63]	train-rmse:0.412016+0.000872	test-rmse:0.412150+0.004117 
[64]	train-rmse:0.411958+0.000886	test-rmse:0.412088+0.004125 
[65]	train-rmse:0.411939+0.000883	test-rmse:0.412070+0.004127 
[66]	train-rmse:0.411921+0.000882	test-rmse:0.412052+0.004126 
[67]	train-rmse:0.411861+0.000847	test-rmse:0.411994+0.004177 
[68]	train-rmse:0.411798+0.000852	test-rmse:0.411936+0.004173 
[69]	train-rmse:0.411740+0.000873	test-rmse:0.411877+0.004181 
[70]	train-rmse:0.411727+0.000873	test-rmse:0.411864+0.004182 
[71]	train-rmse:0.411710+0.000877	test-rmse:0.411848+0.004176 
[72]	train-rmse:0.411652+0.000942	test-rmse:0.411789+0.004097 
[73]	train-rmse:0.411639+0.000943	test-rmse:0.411777+0.004095 
[74]	train-rmse:0.411626+0.000944	test-rmse:0.411764+0.004093 
[75]	train-rmse:0.411610+0.000945	test-rmse:0.411748+0.004091 
[76]	train-rmse:0.411498+0.000923	test-rmse:0.411645+0.004137 
[77]	train-rmse:0.411442+0.000900	test-rmse:0.411595+0.004183 
[78]	train-rmse:0.411379+0.000919	test-rmse:0.411538+0.004177 
[79]	train-rmse:0.411275+0.001005	test-rmse:0.411437+0.004093 
[80]	train-rmse:0.411214+0.001038	test-rmse:0.411379+0.004092 
[81]	train-rmse:0.411156+0.001015	test-rmse:0.411325+0.004143 
[82]	train-rmse:0.411139+0.001016	test-rmse:0.411309+0.004141 
[83]	train-rmse:0.411128+0.001015	test-rmse:0.411298+0.004140 
[84]	train-rmse:0.411116+0.001016	test-rmse:0.411286+0.004139 
[85]	train-rmse:0.411103+0.001018	test-rmse:0.411274+0.004136 
[86]	train-rmse:0.411093+0.001018	test-rmse:0.411263+0.004135 
[87]	train-rmse:0.411036+0.001076	test-rmse:0.411205+0.004051 
[88]	train-rmse:0.411025+0.001076	test-rmse:0.411194+0.004052 
[89]	train-rmse:0.411013+0.001076	test-rmse:0.411182+0.004053 
[90]	train-rmse:0.411003+0.001078	test-rmse:0.411173+0.004052 
[91]	train-rmse:0.410947+0.001007	test-rmse:0.411116+0.004073 
[92]	train-rmse:0.410934+0.001007	test-rmse:0.411104+0.004073 
[93]	train-rmse:0.410920+0.001008	test-rmse:0.411091+0.004071 
[94]	train-rmse:0.410860+0.000936	test-rmse:0.411032+0.004096 
[95]	train-rmse:0.410849+0.000935	test-rmse:0.411021+0.004096 
[96]	train-rmse:0.410796+0.000937	test-rmse:0.410964+0.004099 
[97]	train-rmse:0.410690+0.001034	test-rmse:0.410861+0.004012 
[98]	train-rmse:0.410681+0.001034	test-rmse:0.410853+0.004013 
[99]	train-rmse:0.410624+0.001067	test-rmse:0.410801+0.004012 
[100]	train-rmse:0.410615+0.001068	test-rmse:0.410792+0.004011 
[101]	train-rmse:0.410557+0.001039	test-rmse:0.410740+0.004062 
[102]	train-rmse:0.410495+0.001083	test-rmse:0.410683+0.004062 
[103]	train-rmse:0.410441+0.001141	test-rmse:0.410630+0.003983 
[104]	train-rmse:0.410432+0.001141	test-rmse:0.410621+0.003983 
[105]	train-rmse:0.410423+0.001142	test-rmse:0.410612+0.003982 
[106]	train-rmse:0.410366+0.001184	test-rmse:0.410563+0.003984 
[107]	train-rmse:0.410313+0.001230	test-rmse:0.410518+0.003987 
[108]	train-rmse:0.410304+0.001230	test-rmse:0.410509+0.003986 
[109]	train-rmse:0.410294+0.001230	test-rmse:0.410500+0.003987 
[110]	train-rmse:0.410239+0.001165	test-rmse:0.410446+0.004008 
[111]	train-rmse:0.410182+0.001220	test-rmse:0.410395+0.004013 
[112]	train-rmse:0.410128+0.001193	test-rmse:0.410345+0.004061 
[113]	train-rmse:0.410121+0.001194	test-rmse:0.410337+0.004059 
[114]	train-rmse:0.410014+0.001100	test-rmse:0.410234+0.004137 
[115]	train-rmse:0.409904+0.001145	test-rmse:0.410130+0.004201 
[116]	train-rmse:0.409848+0.001192	test-rmse:0.410072+0.004113 
[117]	train-rmse:0.409742+0.001198	test-rmse:0.409972+0.004140 
[118]	train-rmse:0.409734+0.001197	test-rmse:0.409964+0.004141 
[119]	train-rmse:0.409726+0.001197	test-rmse:0.409957+0.004140 
[120]	train-rmse:0.409718+0.001197	test-rmse:0.409948+0.004140 
[121]	train-rmse:0.409662+0.001140	test-rmse:0.409895+0.004164 
[122]	train-rmse:0.409606+0.001109	test-rmse:0.409836+0.004161 
[123]	train-rmse:0.409548+0.001082	test-rmse:0.409773+0.004162 
[124]	train-rmse:0.409541+0.001083	test-rmse:0.409766+0.004161 
[125]	train-rmse:0.409435+0.001107	test-rmse:0.409665+0.004124 
[126]	train-rmse:0.409333+0.001022	test-rmse:0.409562+0.004150 
[127]	train-rmse:0.409276+0.001076	test-rmse:0.409502+0.004055 
[128]	train-rmse:0.409269+0.001075	test-rmse:0.409495+0.004055 
[129]	train-rmse:0.409218+0.001061	test-rmse:0.409442+0.004058 
[130]	train-rmse:0.409210+0.001063	test-rmse:0.409434+0.004056 
[131]	train-rmse:0.409161+0.001039	test-rmse:0.409389+0.004102 
[132]	train-rmse:0.409106+0.001095	test-rmse:0.409334+0.004105 
[133]	train-rmse:0.409056+0.001142	test-rmse:0.409285+0.004025 
[134]	train-rmse:0.409049+0.001142	test-rmse:0.409278+0.004025 
[135]	train-rmse:0.409042+0.001143	test-rmse:0.409270+0.004023 
[136]	train-rmse:0.408984+0.001129	test-rmse:0.409209+0.004028 
[137]	train-rmse:0.408878+0.001165	test-rmse:0.409111+0.004083 
[138]	train-rmse:0.408822+0.001217	test-rmse:0.409055+0.003992 
[139]	train-rmse:0.408769+0.001271	test-rmse:0.409007+0.003995 
[140]	train-rmse:0.408715+0.001253	test-rmse:0.408954+0.004049 
[141]	train-rmse:0.408612+0.001300	test-rmse:0.408849+0.004059 
[142]	train-rmse:0.408513+0.001277	test-rmse:0.408754+0.004113 
[143]	train-rmse:0.408507+0.001277	test-rmse:0.408747+0.004113 
[144]	train-rmse:0.408500+0.001277	test-rmse:0.408740+0.004113 
[145]	train-rmse:0.408492+0.001278	test-rmse:0.408732+0.004113 
[146]	train-rmse:0.408439+0.001269	test-rmse:0.408683+0.004165 
[147]	train-rmse:0.408389+0.001266	test-rmse:0.408637+0.004214 
[148]	train-rmse:0.408382+0.001266	test-rmse:0.408631+0.004214 
[149]	train-rmse:0.408330+0.001187	test-rmse:0.408581+0.004230 
[150]	train-rmse:0.408324+0.001187	test-rmse:0.408575+0.004230 
[151]	train-rmse:0.408274+0.001223	test-rmse:0.408526+0.004154 
[152]	train-rmse:0.408267+0.001223	test-rmse:0.408519+0.004153 
[153]	train-rmse:0.408260+0.001223	test-rmse:0.408513+0.004153 
[154]	train-rmse:0.408254+0.001223	test-rmse:0.408506+0.004151 
[155]	train-rmse:0.408198+0.001281	test-rmse:0.408457+0.004155 
[156]	train-rmse:0.408192+0.001280	test-rmse:0.408451+0.004155 
[157]	train-rmse:0.408135+0.001344	test-rmse:0.408399+0.004161 
[158]	train-rmse:0.408081+0.001269	test-rmse:0.408342+0.004180 
[159]	train-rmse:0.408074+0.001269	test-rmse:0.408336+0.004179 
[160]	train-rmse:0.408018+0.001339	test-rmse:0.408286+0.004186 
[161]	train-rmse:0.407965+0.001323	test-rmse:0.408229+0.004190 
[162]	train-rmse:0.407959+0.001323	test-rmse:0.408223+0.004190 
[163]	train-rmse:0.407953+0.001323	test-rmse:0.408217+0.004190 
[164]	train-rmse:0.407860+0.001342	test-rmse:0.408128+0.004183 
[165]	train-rmse:0.407809+0.001403	test-rmse:0.408084+0.004190 
[166]	train-rmse:0.407666+0.001493	test-rmse:0.407950+0.004166 
[167]	train-rmse:0.407572+0.001508	test-rmse:0.407851+0.004085 
[168]	train-rmse:0.407565+0.001508	test-rmse:0.407845+0.004086 
[169]	train-rmse:0.407509+0.001577	test-rmse:0.407790+0.004096 
[170]	train-rmse:0.407502+0.001576	test-rmse:0.407784+0.004096 
[171]	train-rmse:0.407447+0.001571	test-rmse:0.407731+0.004156 
[172]	train-rmse:0.407349+0.001479	test-rmse:0.407631+0.004171 
[173]	train-rmse:0.407254+0.001393	test-rmse:0.407534+0.004190 
[174]	train-rmse:0.407206+0.001386	test-rmse:0.407483+0.004196 
[175]	train-rmse:0.407200+0.001386	test-rmse:0.407477+0.004196 
[176]	train-rmse:0.407195+0.001386	test-rmse:0.407473+0.004196 
[177]	train-rmse:0.407141+0.001308	test-rmse:0.407418+0.004213 
[178]	train-rmse:0.407135+0.001308	test-rmse:0.407413+0.004213 
[179]	train-rmse:0.407130+0.001307	test-rmse:0.407407+0.004214 
[180]	train-rmse:0.407034+0.001230	test-rmse:0.407311+0.004238 
[181]	train-rmse:0.406930+0.001237	test-rmse:0.407212+0.004264 
[182]	train-rmse:0.406924+0.001237	test-rmse:0.407206+0.004263 
[183]	train-rmse:0.406874+0.001172	test-rmse:0.407158+0.004283 
[184]	train-rmse:0.406869+0.001172	test-rmse:0.407153+0.004283 
[185]	train-rmse:0.406770+0.001241	test-rmse:0.407055+0.004299 
[186]	train-rmse:0.406765+0.001241	test-rmse:0.407050+0.004299 
[187]	train-rmse:0.406760+0.001241	test-rmse:0.407045+0.004298 
[188]	train-rmse:0.406755+0.001241	test-rmse:0.407040+0.004298 
[189]	train-rmse:0.406700+0.001218	test-rmse:0.406991+0.004346 
[190]	train-rmse:0.406649+0.001294	test-rmse:0.406943+0.004354 
[191]	train-rmse:0.406644+0.001294	test-rmse:0.406938+0.004354 
[192]	train-rmse:0.406540+0.001374	test-rmse:0.406839+0.004373 
[193]	train-rmse:0.406447+0.001367	test-rmse:0.406748+0.004331 
[194]	train-rmse:0.406442+0.001366	test-rmse:0.406743+0.004332 
[195]	train-rmse:0.406387+0.001448	test-rmse:0.406695+0.004342 
[196]	train-rmse:0.406333+0.001433	test-rmse:0.406645+0.004391 
[197]	train-rmse:0.406328+0.001433	test-rmse:0.406640+0.004391 
[198]	train-rmse:0.406324+0.001433	test-rmse:0.406635+0.004392 
[199]	train-rmse:0.406319+0.001433	test-rmse:0.406631+0.004392 
[200]	train-rmse:0.406265+0.001363	test-rmse:0.406578+0.004410 
[201]	train-rmse:0.406175+0.001347	test-rmse:0.406492+0.004458 
[202]	train-rmse:0.406124+0.001355	test-rmse:0.406442+0.004372 
[203]	train-rmse:0.405979+0.001360	test-rmse:0.406299+0.004408 
[204]	train-rmse:0.405974+0.001359	test-rmse:0.406295+0.004408 
[205]	train-rmse:0.405875+0.001302	test-rmse:0.406193+0.004335 
[206]	train-rmse:0.405870+0.001302	test-rmse:0.406188+0.004335 
[207]	train-rmse:0.405772+0.001280	test-rmse:0.406091+0.004393 
[208]	train-rmse:0.405768+0.001280	test-rmse:0.406086+0.004393 
[209]	train-rmse:0.405717+0.001282	test-rmse:0.406034+0.004403 
[210]	train-rmse:0.405712+0.001282	test-rmse:0.406030+0.004403 
[211]	train-rmse:0.405708+0.001282	test-rmse:0.406025+0.004403 
[212]	train-rmse:0.405655+0.001210	test-rmse:0.405972+0.004423 
[213]	train-rmse:0.405651+0.001210	test-rmse:0.405968+0.004423 
[214]	train-rmse:0.405647+0.001210	test-rmse:0.405964+0.004423 
[215]	train-rmse:0.405596+0.001216	test-rmse:0.405909+0.004436 
[216]	train-rmse:0.405543+0.001295	test-rmse:0.405861+0.004443 
[217]	train-rmse:0.405449+0.001281	test-rmse:0.405771+0.004407 
[218]	train-rmse:0.405445+0.001281	test-rmse:0.405767+0.004407 
[219]	train-rmse:0.405346+0.001294	test-rmse:0.405679+0.004432 
[220]	train-rmse:0.405342+0.001294	test-rmse:0.405674+0.004432 
[221]	train-rmse:0.405290+0.001278	test-rmse:0.405629+0.004475 
[222]	train-rmse:0.405286+0.001278	test-rmse:0.405625+0.004475 
[223]	train-rmse:0.405192+0.001284	test-rmse:0.405522+0.004392 
[224]	train-rmse:0.405140+0.001272	test-rmse:0.405474+0.004439 
[225]	train-rmse:0.405093+0.001207	test-rmse:0.405427+0.004457 
[226]	train-rmse:0.405043+0.001139	test-rmse:0.405378+0.004477 
[227]	train-rmse:0.405039+0.001139	test-rmse:0.405374+0.004476 
[228]	train-rmse:0.404993+0.001211	test-rmse:0.405330+0.004482 
[229]	train-rmse:0.404988+0.001211	test-rmse:0.405326+0.004482 
[230]	train-rmse:0.404984+0.001212	test-rmse:0.405322+0.004482 
[231]	train-rmse:0.404980+0.001212	test-rmse:0.405318+0.004482 
[232]	train-rmse:0.404927+0.001217	test-rmse:0.405268+0.004395 
[233]	train-rmse:0.404873+0.001301	test-rmse:0.405218+0.004403 
[234]	train-rmse:0.404823+0.001310	test-rmse:0.405167+0.004315 
[235]	train-rmse:0.404770+0.001326	test-rmse:0.405114+0.004223 
[236]	train-rmse:0.404721+0.001347	test-rmse:0.405065+0.004137 
[237]	train-rmse:0.404717+0.001348	test-rmse:0.405061+0.004137 
[238]	train-rmse:0.404713+0.001348	test-rmse:0.405058+0.004137 
[239]	train-rmse:0.404665+0.001374	test-rmse:0.405010+0.004054 
[240]	train-rmse:0.404661+0.001374	test-rmse:0.405006+0.004054 
[241]	train-rmse:0.404610+0.001446	test-rmse:0.404959+0.004062 
[242]	train-rmse:0.404513+0.001499	test-rmse:0.404869+0.004120 
[243]	train-rmse:0.404509+0.001498	test-rmse:0.404865+0.004120 
[244]	train-rmse:0.404415+0.001598	test-rmse:0.404775+0.004052 
[245]	train-rmse:0.404411+0.001597	test-rmse:0.404771+0.004052 
[246]	train-rmse:0.404407+0.001598	test-rmse:0.404767+0.004052 
[247]	train-rmse:0.404356+0.001534	test-rmse:0.404715+0.004071 
[248]	train-rmse:0.404210+0.001525	test-rmse:0.404574+0.004036 
[249]	train-rmse:0.404207+0.001524	test-rmse:0.404570+0.004036 
[250]	train-rmse:0.404203+0.001525	test-rmse:0.404566+0.004035 
[251]	train-rmse:0.404151+0.001510	test-rmse:0.404518+0.004086 
[252]	train-rmse:0.404147+0.001510	test-rmse:0.404514+0.004086 
[253]	train-rmse:0.404096+0.001443	test-rmse:0.404462+0.004105 
[254]	train-rmse:0.404045+0.001519	test-rmse:0.404416+0.004114 
[255]	train-rmse:0.403996+0.001501	test-rmse:0.404364+0.004120 
[256]	train-rmse:0.403945+0.001577	test-rmse:0.404318+0.004131 
[257]	train-rmse:0.403941+0.001577	test-rmse:0.404314+0.004131 
[258]	train-rmse:0.403890+0.001600	test-rmse:0.404264+0.004043 
[259]	train-rmse:0.403842+0.001541	test-rmse:0.404214+0.004062 
[260]	train-rmse:0.403839+0.001541	test-rmse:0.404210+0.004062 
[261]	train-rmse:0.403835+0.001541	test-rmse:0.404207+0.004062 
[262]	train-rmse:0.403831+0.001540	test-rmse:0.404203+0.004062 
[263]	train-rmse:0.403827+0.001540	test-rmse:0.404199+0.004061 
[264]	train-rmse:0.403729+0.001551	test-rmse:0.404103+0.004016 
[265]	train-rmse:0.403725+0.001551	test-rmse:0.404099+0.004016 
[266]	train-rmse:0.403633+0.001477	test-rmse:0.404013+0.004078 
[267]	train-rmse:0.403581+0.001509	test-rmse:0.403960+0.003984 
[268]	train-rmse:0.403531+0.001484	test-rmse:0.403907+0.003988 
[269]	train-rmse:0.403528+0.001484	test-rmse:0.403904+0.003988 
[270]	train-rmse:0.403429+0.001539	test-rmse:0.403806+0.004003 
[271]	train-rmse:0.403379+0.001569	test-rmse:0.403755+0.003914 
[272]	train-rmse:0.403375+0.001570	test-rmse:0.403751+0.003914 
[273]	train-rmse:0.403372+0.001569	test-rmse:0.403748+0.003914 
[274]	train-rmse:0.403368+0.001569	test-rmse:0.403744+0.003914 
[275]	train-rmse:0.403364+0.001569	test-rmse:0.403741+0.003914 
[276]	train-rmse:0.403318+0.001602	test-rmse:0.403693+0.003832 
[277]	train-rmse:0.403269+0.001585	test-rmse:0.403642+0.003839 
[278]	train-rmse:0.403266+0.001586	test-rmse:0.403639+0.003839 
[279]	train-rmse:0.403263+0.001586	test-rmse:0.403636+0.003839 
[280]	train-rmse:0.403259+0.001586	test-rmse:0.403632+0.003839 
[281]	train-rmse:0.403160+0.001636	test-rmse:0.403544+0.003894 
[282]	train-rmse:0.403156+0.001636	test-rmse:0.403541+0.003894 
[283]	train-rmse:0.402972+0.001657	test-rmse:0.403368+0.003886 
[284]	train-rmse:0.402968+0.001657	test-rmse:0.403364+0.003885 
[285]	train-rmse:0.402965+0.001657	test-rmse:0.403361+0.003885 
[286]	train-rmse:0.402867+0.001667	test-rmse:0.403267+0.003913 
[287]	train-rmse:0.402864+0.001667	test-rmse:0.403264+0.003913 
[288]	train-rmse:0.402861+0.001667	test-rmse:0.403261+0.003912 
[289]	train-rmse:0.402857+0.001667	test-rmse:0.403258+0.003912 
[290]	train-rmse:0.402854+0.001667	test-rmse:0.403255+0.003912 
[291]	train-rmse:0.402850+0.001667	test-rmse:0.403251+0.003912 
[292]	train-rmse:0.402800+0.001653	test-rmse:0.403206+0.003961 
[293]	train-rmse:0.402747+0.001687	test-rmse:0.403152+0.003868 
[294]	train-rmse:0.402744+0.001688	test-rmse:0.403149+0.003868 
[295]	train-rmse:0.402499+0.001692	test-rmse:0.402907+0.003858 
[296]	train-rmse:0.402449+0.001762	test-rmse:0.402860+0.003869 
[297]	train-rmse:0.402350+0.001868	test-rmse:0.402767+0.003789 
[298]	train-rmse:0.402303+0.001901	test-rmse:0.402720+0.003707 
[299]	train-rmse:0.402254+0.001842	test-rmse:0.402671+0.003723 
[300]	train-rmse:0.402200+0.001780	test-rmse:0.402617+0.003744 
[301]	train-rmse:0.402151+0.001820	test-rmse:0.402565+0.003654 
[302]	train-rmse:0.402100+0.001801	test-rmse:0.402518+0.003705 
[303]	train-rmse:0.402052+0.001842	test-rmse:0.402471+0.003624 
[304]	train-rmse:0.402049+0.001842	test-rmse:0.402468+0.003624 
[305]	train-rmse:0.401952+0.001849	test-rmse:0.402375+0.003656 
[306]	train-rmse:0.401855+0.001841	test-rmse:0.402280+0.003590 
[307]	train-rmse:0.401806+0.001793	test-rmse:0.402232+0.003613 
[308]	train-rmse:0.401663+0.001790	test-rmse:0.402099+0.003700 
[309]	train-rmse:0.401572+0.001730	test-rmse:0.402005+0.003741 
[310]	train-rmse:0.401569+0.001730	test-rmse:0.402003+0.003741 
[311]	train-rmse:0.401517+0.001715	test-rmse:0.401955+0.003792 
[312]	train-rmse:0.401467+0.001671	test-rmse:0.401901+0.003788 
[313]	train-rmse:0.401418+0.001634	test-rmse:0.401849+0.003787 
[314]	train-rmse:0.401371+0.001674	test-rmse:0.401800+0.003703 
[315]	train-rmse:0.401324+0.001661	test-rmse:0.401761+0.003745 
[316]	train-rmse:0.401321+0.001661	test-rmse:0.401758+0.003745 
[317]	train-rmse:0.401318+0.001661	test-rmse:0.401755+0.003745 
[318]	train-rmse:0.401315+0.001661	test-rmse:0.401753+0.003745 
[319]	train-rmse:0.401312+0.001661	test-rmse:0.401750+0.003745 
[320]	train-rmse:0.401309+0.001661	test-rmse:0.401747+0.003745 
[321]	train-rmse:0.401306+0.001661	test-rmse:0.401744+0.003745 
[322]	train-rmse:0.401216+0.001665	test-rmse:0.401647+0.003662 
[323]	train-rmse:0.401213+0.001665	test-rmse:0.401644+0.003662 
[324]	train-rmse:0.401116+0.001717	test-rmse:0.401556+0.003719 
[325]	train-rmse:0.401113+0.001717	test-rmse:0.401553+0.003719 
[326]	train-rmse:0.401065+0.001684	test-rmse:0.401502+0.003721 
[327]	train-rmse:0.400965+0.001667	test-rmse:0.401404+0.003651 
[328]	train-rmse:0.400920+0.001637	test-rmse:0.401356+0.003654 
[329]	train-rmse:0.400917+0.001637	test-rmse:0.401353+0.003654 
[330]	train-rmse:0.400915+0.001637	test-rmse:0.401351+0.003653 
[331]	train-rmse:0.400822+0.001658	test-rmse:0.401257+0.003572 
[332]	train-rmse:0.400773+0.001597	test-rmse:0.401207+0.003593 
[333]	train-rmse:0.400723+0.001659	test-rmse:0.401163+0.003598 
[334]	train-rmse:0.400721+0.001658	test-rmse:0.401161+0.003598 
[335]	train-rmse:0.400671+0.001707	test-rmse:0.401110+0.003509 
[336]	train-rmse:0.400572+0.001751	test-rmse:0.401020+0.003564 
[337]	train-rmse:0.400570+0.001751	test-rmse:0.401017+0.003564 
[338]	train-rmse:0.400567+0.001751	test-rmse:0.401014+0.003564 
[339]	train-rmse:0.400476+0.001769	test-rmse:0.400922+0.003487 
[340]	train-rmse:0.400474+0.001769	test-rmse:0.400920+0.003487 
[341]	train-rmse:0.400426+0.001828	test-rmse:0.400879+0.003494 
[342]	train-rmse:0.400376+0.001891	test-rmse:0.400835+0.003503 
[343]	train-rmse:0.400373+0.001891	test-rmse:0.400833+0.003503 
[344]	train-rmse:0.400321+0.001873	test-rmse:0.400784+0.003557 
[345]	train-rmse:0.400277+0.001848	test-rmse:0.400737+0.003560 
[346]	train-rmse:0.400274+0.001849	test-rmse:0.400735+0.003560 
[347]	train-rmse:0.400229+0.001835	test-rmse:0.400694+0.003606 
[348]	train-rmse:0.400133+0.001798	test-rmse:0.400598+0.003662 
[349]	train-rmse:0.400130+0.001799	test-rmse:0.400596+0.003662 
[350]	train-rmse:0.400128+0.001799	test-rmse:0.400593+0.003662 
[351]	train-rmse:0.400076+0.001792	test-rmse:0.400545+0.003717 
[352]	train-rmse:0.400074+0.001792	test-rmse:0.400543+0.003717 
[353]	train-rmse:0.400071+0.001792	test-rmse:0.400540+0.003717 
[354]	train-rmse:0.400068+0.001792	test-rmse:0.400537+0.003717 
[355]	train-rmse:0.400066+0.001792	test-rmse:0.400535+0.003717 
[356]	train-rmse:0.400063+0.001792	test-rmse:0.400532+0.003717 
[357]	train-rmse:0.400015+0.001770	test-rmse:0.400481+0.003724 
[358]	train-rmse:0.399924+0.001758	test-rmse:0.400398+0.003743 
[359]	train-rmse:0.399876+0.001691	test-rmse:0.400349+0.003759 
[360]	train-rmse:0.399873+0.001691	test-rmse:0.400346+0.003759 
[361]	train-rmse:0.399827+0.001670	test-rmse:0.400300+0.003766 
[362]	train-rmse:0.399825+0.001670	test-rmse:0.400298+0.003766 
[363]	train-rmse:0.399822+0.001670	test-rmse:0.400296+0.003766 
[364]	train-rmse:0.399776+0.001652	test-rmse:0.400246+0.003775 
[365]	train-rmse:0.399773+0.001652	test-rmse:0.400243+0.003775 
[366]	train-rmse:0.399724+0.001718	test-rmse:0.400198+0.003782 
[367]	train-rmse:0.399722+0.001718	test-rmse:0.400196+0.003782 
[368]	train-rmse:0.399626+0.001683	test-rmse:0.400100+0.003710 
[369]	train-rmse:0.399623+0.001683	test-rmse:0.400097+0.003710 
[370]	train-rmse:0.399524+0.001600	test-rmse:0.400001+0.003781 
[371]	train-rmse:0.399472+0.001578	test-rmse:0.399946+0.003792 
[372]	train-rmse:0.399470+0.001578	test-rmse:0.399943+0.003792 
[373]	train-rmse:0.399332+0.001666	test-rmse:0.399807+0.003712 
[374]	train-rmse:0.399329+0.001666	test-rmse:0.399804+0.003712 
[375]	train-rmse:0.399231+0.001719	test-rmse:0.399718+0.003766 
[376]	train-rmse:0.399181+0.001704	test-rmse:0.399667+0.003779 
[377]	train-rmse:0.399085+0.001682	test-rmse:0.399574+0.003839 
[378]	train-rmse:0.399040+0.001741	test-rmse:0.399533+0.003845 
[379]	train-rmse:0.398990+0.001667	test-rmse:0.399484+0.003859 
[380]	train-rmse:0.398987+0.001667	test-rmse:0.399482+0.003859 
[381]	train-rmse:0.398985+0.001667	test-rmse:0.399480+0.003859 
[382]	train-rmse:0.398983+0.001667	test-rmse:0.399477+0.003859 
[383]	train-rmse:0.398980+0.001667	test-rmse:0.399475+0.003859 
[384]	train-rmse:0.398839+0.001663	test-rmse:0.399345+0.003925 
[385]	train-rmse:0.398790+0.001594	test-rmse:0.399295+0.003943 
[386]	train-rmse:0.398746+0.001582	test-rmse:0.399249+0.003954 
[387]	train-rmse:0.398744+0.001582	test-rmse:0.399246+0.003954 
[388]	train-rmse:0.398696+0.001605	test-rmse:0.399198+0.003867 
[389]	train-rmse:0.398694+0.001605	test-rmse:0.399196+0.003867 
[390]	train-rmse:0.398600+0.001523	test-rmse:0.399098+0.003900 
[391]	train-rmse:0.398553+0.001515	test-rmse:0.399048+0.003916 
[392]	train-rmse:0.398460+0.001585	test-rmse:0.398957+0.003938 
[393]	train-rmse:0.398458+0.001585	test-rmse:0.398954+0.003938 
[394]	train-rmse:0.398455+0.001585	test-rmse:0.398952+0.003938 
[395]	train-rmse:0.398407+0.001567	test-rmse:0.398909+0.003980 
[396]	train-rmse:0.398405+0.001566	test-rmse:0.398906+0.003980 
[397]	train-rmse:0.398311+0.001575	test-rmse:0.398819+0.004002 
[398]	train-rmse:0.398309+0.001575	test-rmse:0.398817+0.004002 
[399]	train-rmse:0.398262+0.001648	test-rmse:0.398775+0.004009 
[400]	train-rmse:0.398259+0.001648	test-rmse:0.398773+0.004009 
[401]	train-rmse:0.398167+0.001659	test-rmse:0.398676+0.003945 
[402]	train-rmse:0.398071+0.001591	test-rmse:0.398580+0.003982 
[403]	train-rmse:0.397980+0.001612	test-rmse:0.398486+0.003917 
[404]	train-rmse:0.397933+0.001620	test-rmse:0.398437+0.003940 
[405]	train-rmse:0.397930+0.001620	test-rmse:0.398435+0.003940 
[406]	train-rmse:0.397882+0.001640	test-rmse:0.398387+0.003853 
[407]	train-rmse:0.397880+0.001640	test-rmse:0.398385+0.003853 
[408]	train-rmse:0.397877+0.001640	test-rmse:0.398383+0.003853 
[409]	train-rmse:0.397875+0.001641	test-rmse:0.398381+0.003853 
[410]	train-rmse:0.397873+0.001640	test-rmse:0.398378+0.003853 
[411]	train-rmse:0.397870+0.001640	test-rmse:0.398376+0.003853 
[412]	train-rmse:0.397868+0.001640	test-rmse:0.398374+0.003853 
[413]	train-rmse:0.397821+0.001652	test-rmse:0.398325+0.003878 
[414]	train-rmse:0.397686+0.001573	test-rmse:0.398193+0.003851 
[415]	train-rmse:0.397636+0.001641	test-rmse:0.398148+0.003854 
[416]	train-rmse:0.397634+0.001641	test-rmse:0.398146+0.003854 
[417]	train-rmse:0.397536+0.001637	test-rmse:0.398049+0.003809 
[418]	train-rmse:0.397534+0.001637	test-rmse:0.398047+0.003809 
[419]	train-rmse:0.397484+0.001704	test-rmse:0.398002+0.003814 
[420]	train-rmse:0.397482+0.001704	test-rmse:0.398000+0.003814 
[421]	train-rmse:0.397480+0.001704	test-rmse:0.397997+0.003814 
[422]	train-rmse:0.397434+0.001639	test-rmse:0.397949+0.003830 
[423]	train-rmse:0.397432+0.001639	test-rmse:0.397947+0.003830 
[424]	train-rmse:0.397430+0.001639	test-rmse:0.397945+0.003830 
[425]	train-rmse:0.397384+0.001646	test-rmse:0.397897+0.003852 
[426]	train-rmse:0.397382+0.001646	test-rmse:0.397895+0.003852 
[427]	train-rmse:0.397334+0.001578	test-rmse:0.397848+0.003870 
[428]	train-rmse:0.397332+0.001578	test-rmse:0.397846+0.003869 
[429]	train-rmse:0.397330+0.001578	test-rmse:0.397844+0.003870 
[430]	train-rmse:0.397235+0.001617	test-rmse:0.397758+0.003912 
[431]	train-rmse:0.397233+0.001617	test-rmse:0.397756+0.003912 
[432]	train-rmse:0.397185+0.001638	test-rmse:0.397707+0.003821 
[433]	train-rmse:0.397183+0.001638	test-rmse:0.397704+0.003821 
[434]	train-rmse:0.397131+0.001566	test-rmse:0.397650+0.003842 
[435]	train-rmse:0.397129+0.001566	test-rmse:0.397648+0.003842 
[436]	train-rmse:0.397127+0.001566	test-rmse:0.397646+0.003842 
[437]	train-rmse:0.397125+0.001567	test-rmse:0.397644+0.003842 
[438]	train-rmse:0.397036+0.001594	test-rmse:0.397552+0.003783 
[439]	train-rmse:0.397034+0.001594	test-rmse:0.397550+0.003783 
[440]	train-rmse:0.396988+0.001658	test-rmse:0.397507+0.003787 
[441]	train-rmse:0.396941+0.001665	test-rmse:0.397458+0.003811 
[442]	train-rmse:0.396939+0.001665	test-rmse:0.397456+0.003811 
[443]	train-rmse:0.396893+0.001635	test-rmse:0.397414+0.003848 
[444]	train-rmse:0.396847+0.001659	test-rmse:0.397366+0.003759 
[445]	train-rmse:0.396755+0.001662	test-rmse:0.397280+0.003699 
[446]	train-rmse:0.396712+0.001669	test-rmse:0.397233+0.003723 
[447]	train-rmse:0.396710+0.001669	test-rmse:0.397231+0.003723 
[448]	train-rmse:0.396708+0.001669	test-rmse:0.397229+0.003723 
[449]	train-rmse:0.396662+0.001600	test-rmse:0.397183+0.003739 
[450]	train-rmse:0.396612+0.001572	test-rmse:0.397141+0.003777 
[451]	train-rmse:0.396610+0.001572	test-rmse:0.397139+0.003777 
[452]	train-rmse:0.396515+0.001473	test-rmse:0.397047+0.003837 
[453]	train-rmse:0.396468+0.001455	test-rmse:0.397002+0.003880 
[454]	train-rmse:0.396466+0.001455	test-rmse:0.397000+0.003880 
[455]	train-rmse:0.396419+0.001518	test-rmse:0.396957+0.003881 
[456]	train-rmse:0.396373+0.001449	test-rmse:0.396910+0.003899 
[457]	train-rmse:0.396371+0.001449	test-rmse:0.396908+0.003899 
[458]	train-rmse:0.396369+0.001449	test-rmse:0.396906+0.003899 
[459]	train-rmse:0.396321+0.001453	test-rmse:0.396854+0.003923 
[460]	train-rmse:0.396319+0.001453	test-rmse:0.396852+0.003923 
[461]	train-rmse:0.396273+0.001477	test-rmse:0.396806+0.003838 
[462]	train-rmse:0.396224+0.001457	test-rmse:0.396761+0.003882 
[463]	train-rmse:0.396132+0.001470	test-rmse:0.396676+0.003848 
[464]	train-rmse:0.396086+0.001502	test-rmse:0.396628+0.003762 
[465]	train-rmse:0.396040+0.001537	test-rmse:0.396580+0.003676 
[466]	train-rmse:0.395995+0.001465	test-rmse:0.396534+0.003693 
[467]	train-rmse:0.395993+0.001465	test-rmse:0.396532+0.003694 
[468]	train-rmse:0.395991+0.001465	test-rmse:0.396530+0.003693 
[469]	train-rmse:0.395946+0.001465	test-rmse:0.396483+0.003715 
[470]	train-rmse:0.395944+0.001465	test-rmse:0.396481+0.003715 
[471]	train-rmse:0.395942+0.001465	test-rmse:0.396479+0.003715 
[472]	train-rmse:0.395940+0.001465	test-rmse:0.396477+0.003715 
[473]	train-rmse:0.395896+0.001502	test-rmse:0.396436+0.003641 
[474]	train-rmse:0.395848+0.001548	test-rmse:0.396386+0.003552 
[475]	train-rmse:0.395846+0.001548	test-rmse:0.396384+0.003552 
[476]	train-rmse:0.395798+0.001532	test-rmse:0.396342+0.003596 
[477]	train-rmse:0.395708+0.001452	test-rmse:0.396252+0.003635 
[478]	train-rmse:0.395661+0.001499	test-rmse:0.396204+0.003551 
[479]	train-rmse:0.395659+0.001499	test-rmse:0.396203+0.003551 
[480]	train-rmse:0.395657+0.001499	test-rmse:0.396201+0.003551 
[481]	train-rmse:0.395612+0.001502	test-rmse:0.396152+0.003576 
[482]	train-rmse:0.395515+0.001597	test-rmse:0.396056+0.003480 
[483]	train-rmse:0.395468+0.001647	test-rmse:0.396009+0.003396 
[484]	train-rmse:0.395467+0.001648	test-rmse:0.396007+0.003396 
[485]	train-rmse:0.395372+0.001552	test-rmse:0.395915+0.003461 
[486]	train-rmse:0.395370+0.001552	test-rmse:0.395913+0.003461 
[487]	train-rmse:0.395321+0.001609	test-rmse:0.395863+0.003373 
[488]	train-rmse:0.395319+0.001609	test-rmse:0.395861+0.003373 
[489]	train-rmse:0.395272+0.001592	test-rmse:0.395821+0.003417 
[490]	train-rmse:0.395270+0.001592	test-rmse:0.395819+0.003417 
[491]	train-rmse:0.395176+0.001577	test-rmse:0.395726+0.003492 
[492]	train-rmse:0.395174+0.001577	test-rmse:0.395724+0.003492 
[493]	train-rmse:0.395125+0.001616	test-rmse:0.395681+0.003483 
[494]	train-rmse:0.395078+0.001616	test-rmse:0.395632+0.003508 
[495]	train-rmse:0.394979+0.001712	test-rmse:0.395537+0.003413 
[496]	train-rmse:0.394931+0.001754	test-rmse:0.395493+0.003407 
[497]	train-rmse:0.394929+0.001754	test-rmse:0.395491+0.003407 
[498]	train-rmse:0.394928+0.001754	test-rmse:0.395489+0.003407 
[499]	train-rmse:0.394877+0.001804	test-rmse:0.395442+0.003403 
[500]	train-rmse:0.394831+0.001790	test-rmse:0.395400+0.003448 
[501]	train-rmse:0.394829+0.001790	test-rmse:0.395398+0.003447 
[502]	train-rmse:0.394701+0.001763	test-rmse:0.395264+0.003398 
[503]	train-rmse:0.394657+0.001765	test-rmse:0.395218+0.003422 
[504]	train-rmse:0.394612+0.001751	test-rmse:0.395177+0.003465 
[505]	train-rmse:0.394563+0.001801	test-rmse:0.395126+0.003376 
[506]	train-rmse:0.394522+0.001792	test-rmse:0.395094+0.003411 
[507]	train-rmse:0.394431+0.001710	test-rmse:0.395009+0.003472 
[508]	train-rmse:0.394429+0.001710	test-rmse:0.395008+0.003472 
[509]	train-rmse:0.394334+0.001625	test-rmse:0.394914+0.003540 
[510]	train-rmse:0.394332+0.001625	test-rmse:0.394912+0.003540 
[511]	train-rmse:0.394330+0.001625	test-rmse:0.394910+0.003540 
[512]	train-rmse:0.394237+0.001667	test-rmse:0.394827+0.003578 
[513]	train-rmse:0.394189+0.001715	test-rmse:0.394778+0.003493 
[514]	train-rmse:0.394187+0.001715	test-rmse:0.394776+0.003493 
[515]	train-rmse:0.394091+0.001758	test-rmse:0.394685+0.003542 
[516]	train-rmse:0.394089+0.001758	test-rmse:0.394684+0.003542 
[517]	train-rmse:0.394088+0.001758	test-rmse:0.394682+0.003542 
[518]	train-rmse:0.394044+0.001750	test-rmse:0.394636+0.003562 
[519]	train-rmse:0.393999+0.001673	test-rmse:0.394591+0.003573 
[520]	train-rmse:0.393997+0.001673	test-rmse:0.394589+0.003573 
[521]	train-rmse:0.393948+0.001589	test-rmse:0.394540+0.003588 
[522]	train-rmse:0.393946+0.001589	test-rmse:0.394538+0.003587 
[523]	train-rmse:0.393854+0.001562	test-rmse:0.394445+0.003519 
[524]	train-rmse:0.393803+0.001479	test-rmse:0.394393+0.003540 
[525]	train-rmse:0.393801+0.001479	test-rmse:0.394391+0.003540 
[526]	train-rmse:0.393754+0.001467	test-rmse:0.394341+0.003561 
[527]	train-rmse:0.393752+0.001467	test-rmse:0.394339+0.003561 
[528]	train-rmse:0.393750+0.001467	test-rmse:0.394338+0.003561 
[529]	train-rmse:0.393748+0.001467	test-rmse:0.394336+0.003561 
[530]	train-rmse:0.393699+0.001465	test-rmse:0.394291+0.003611 
[531]	train-rmse:0.393698+0.001465	test-rmse:0.394289+0.003611 
[532]	train-rmse:0.393651+0.001516	test-rmse:0.394242+0.003531 
[533]	train-rmse:0.393649+0.001516	test-rmse:0.394240+0.003531 
[534]	train-rmse:0.393647+0.001516	test-rmse:0.394238+0.003530 
[535]	train-rmse:0.393601+0.001508	test-rmse:0.394190+0.003552 
[536]	train-rmse:0.393599+0.001508	test-rmse:0.394188+0.003552 
[537]	train-rmse:0.393598+0.001508	test-rmse:0.394187+0.003552 
[538]	train-rmse:0.393596+0.001508	test-rmse:0.394185+0.003552 
[539]	train-rmse:0.393549+0.001428	test-rmse:0.394137+0.003571 
[540]	train-rmse:0.393547+0.001428	test-rmse:0.394136+0.003571 
[541]	train-rmse:0.393502+0.001355	test-rmse:0.394089+0.003591 
[542]	train-rmse:0.393455+0.001412	test-rmse:0.394042+0.003510 
[543]	train-rmse:0.393317+0.001369	test-rmse:0.393907+0.003541 
[544]	train-rmse:0.393230+0.001354	test-rmse:0.393823+0.003608 
[545]	train-rmse:0.393228+0.001354	test-rmse:0.393821+0.003608 
[546]	train-rmse:0.393139+0.001388	test-rmse:0.393734+0.003620 
[547]	train-rmse:0.393137+0.001388	test-rmse:0.393733+0.003620 
[548]	train-rmse:0.393135+0.001388	test-rmse:0.393731+0.003620 
[549]	train-rmse:0.393041+0.001355	test-rmse:0.393636+0.003561 
[550]	train-rmse:0.393039+0.001355	test-rmse:0.393634+0.003561 
[551]	train-rmse:0.392994+0.001283	test-rmse:0.393589+0.003583 
[552]	train-rmse:0.392901+0.001198	test-rmse:0.393502+0.003652 
[553]	train-rmse:0.392813+0.001245	test-rmse:0.393413+0.003604 
[554]	train-rmse:0.392727+0.001206	test-rmse:0.393330+0.003616 
[555]	train-rmse:0.392726+0.001206	test-rmse:0.393328+0.003616 
[556]	train-rmse:0.392724+0.001206	test-rmse:0.393327+0.003616 
[557]	train-rmse:0.392723+0.001206	test-rmse:0.393325+0.003616 
[558]	train-rmse:0.392634+0.001241	test-rmse:0.393241+0.003625 
[559]	train-rmse:0.392587+0.001224	test-rmse:0.393198+0.003667 
[560]	train-rmse:0.392541+0.001224	test-rmse:0.393150+0.003692 
[561]	train-rmse:0.392539+0.001224	test-rmse:0.393148+0.003692 
[562]	train-rmse:0.392491+0.001212	test-rmse:0.393107+0.003734 
[563]	train-rmse:0.392443+0.001131	test-rmse:0.393058+0.003759 
[564]	train-rmse:0.392442+0.001131	test-rmse:0.393057+0.003759 
[565]	train-rmse:0.392397+0.001133	test-rmse:0.393008+0.003785 
[566]	train-rmse:0.392350+0.001125	test-rmse:0.392963+0.003829 
[567]	train-rmse:0.392301+0.001039	test-rmse:0.392913+0.003856 
[568]	train-rmse:0.392299+0.001039	test-rmse:0.392911+0.003856 
[569]	train-rmse:0.392298+0.001039	test-rmse:0.392910+0.003856 
[570]	train-rmse:0.392296+0.001039	test-rmse:0.392908+0.003856 
[571]	train-rmse:0.392294+0.001039	test-rmse:0.392907+0.003856 
[572]	train-rmse:0.392252+0.000967	test-rmse:0.392865+0.003879 
[573]	train-rmse:0.392205+0.000889	test-rmse:0.392820+0.003907 
[574]	train-rmse:0.392204+0.000889	test-rmse:0.392818+0.003907 
[575]	train-rmse:0.392202+0.000889	test-rmse:0.392817+0.003907 
[576]	train-rmse:0.392157+0.000892	test-rmse:0.392771+0.003931 
[577]	train-rmse:0.392156+0.000892	test-rmse:0.392769+0.003931 
[578]	train-rmse:0.392154+0.000892	test-rmse:0.392767+0.003931 
[579]	train-rmse:0.392065+0.000854	test-rmse:0.392685+0.003946 
[580]	train-rmse:0.392020+0.000839	test-rmse:0.392643+0.003985 
[581]	train-rmse:0.391980+0.000773	test-rmse:0.392601+0.004012 
[582]	train-rmse:0.391935+0.000701	test-rmse:0.392553+0.004045 
[583]	train-rmse:0.391933+0.000701	test-rmse:0.392551+0.004045 
[584]	train-rmse:0.391889+0.000753	test-rmse:0.392504+0.003963 
[585]	train-rmse:0.391844+0.000688	test-rmse:0.392459+0.003995 
[586]	train-rmse:0.391842+0.000688	test-rmse:0.392458+0.003995 
[587]	train-rmse:0.391841+0.000688	test-rmse:0.392456+0.003995 
[588]	train-rmse:0.391702+0.000667	test-rmse:0.392325+0.003987 
[589]	train-rmse:0.391611+0.000724	test-rmse:0.392240+0.003952 
[590]	train-rmse:0.391562+0.000719	test-rmse:0.392195+0.003995 
[591]	train-rmse:0.391561+0.000719	test-rmse:0.392194+0.003995 
[592]	train-rmse:0.391559+0.000719	test-rmse:0.392193+0.003996 
[593]	train-rmse:0.391471+0.000775	test-rmse:0.392101+0.003930 
[594]	train-rmse:0.391470+0.000775	test-rmse:0.392100+0.003930 
[595]	train-rmse:0.391424+0.000850	test-rmse:0.392053+0.003852 
[596]	train-rmse:0.391380+0.000796	test-rmse:0.392009+0.003885 
[597]	train-rmse:0.391333+0.000778	test-rmse:0.391959+0.003907 
[598]	train-rmse:0.391332+0.000778	test-rmse:0.391957+0.003907 
[599]	train-rmse:0.391331+0.000778	test-rmse:0.391956+0.003907 
[600]	train-rmse:0.391239+0.000779	test-rmse:0.391863+0.003905 
[601]	train-rmse:0.391237+0.000779	test-rmse:0.391862+0.003905 
[602]	train-rmse:0.391147+0.000714	test-rmse:0.391765+0.003966 
[603]	train-rmse:0.391057+0.000736	test-rmse:0.391674+0.003926 
[604]	train-rmse:0.390970+0.000745	test-rmse:0.391589+0.003929 
[605]	train-rmse:0.390921+0.000715	test-rmse:0.391543+0.003969 
[606]	train-rmse:0.390878+0.000720	test-rmse:0.391496+0.003995 
[607]	train-rmse:0.390835+0.000732	test-rmse:0.391456+0.003975 
[608]	train-rmse:0.390743+0.000784	test-rmse:0.391369+0.003928 
[609]	train-rmse:0.390696+0.000771	test-rmse:0.391325+0.003969 
[610]	train-rmse:0.390695+0.000771	test-rmse:0.391324+0.003969 
[611]	train-rmse:0.390693+0.000771	test-rmse:0.391322+0.003969 
[612]	train-rmse:0.390692+0.000771	test-rmse:0.391321+0.003969 
[613]	train-rmse:0.390645+0.000843	test-rmse:0.391273+0.003890 
[614]	train-rmse:0.390599+0.000918	test-rmse:0.391227+0.003814 
[615]	train-rmse:0.390598+0.000918	test-rmse:0.391225+0.003814 
[616]	train-rmse:0.390512+0.000852	test-rmse:0.391145+0.003882 
[617]	train-rmse:0.390511+0.000853	test-rmse:0.391144+0.003882 
[618]	train-rmse:0.390510+0.000853	test-rmse:0.391143+0.003882 
[619]	train-rmse:0.390464+0.000931	test-rmse:0.391094+0.003803 
[620]	train-rmse:0.390462+0.000931	test-rmse:0.391093+0.003803 
[621]	train-rmse:0.390461+0.000931	test-rmse:0.391091+0.003803 
[622]	train-rmse:0.390459+0.000931	test-rmse:0.391090+0.003803 
[623]	train-rmse:0.390416+0.000877	test-rmse:0.391046+0.003836 
[624]	train-rmse:0.390369+0.000876	test-rmse:0.391003+0.003812 
[625]	train-rmse:0.390324+0.000884	test-rmse:0.390964+0.003790 
[626]	train-rmse:0.390322+0.000884	test-rmse:0.390962+0.003790 
[627]	train-rmse:0.390321+0.000884	test-rmse:0.390961+0.003790 
[628]	train-rmse:0.390191+0.000879	test-rmse:0.390829+0.003787 
[629]	train-rmse:0.390145+0.000960	test-rmse:0.390780+0.003707 
[630]	train-rmse:0.390144+0.000960	test-rmse:0.390779+0.003707 
[631]	train-rmse:0.390142+0.000960	test-rmse:0.390777+0.003707 
[632]	train-rmse:0.390141+0.000960	test-rmse:0.390776+0.003707 
[633]	train-rmse:0.390098+0.000944	test-rmse:0.390739+0.003742 
[634]	train-rmse:0.390097+0.000944	test-rmse:0.390737+0.003742 
[635]	train-rmse:0.390050+0.000951	test-rmse:0.390697+0.003719 
[636]	train-rmse:0.390049+0.000951	test-rmse:0.390696+0.003719 
[637]	train-rmse:0.390047+0.000951	test-rmse:0.390695+0.003719 
[638]	train-rmse:0.389999+0.000966	test-rmse:0.390651+0.003696 
[639]	train-rmse:0.389912+0.000973	test-rmse:0.390563+0.003696 
[640]	train-rmse:0.389910+0.000973	test-rmse:0.390562+0.003696 
[641]	train-rmse:0.389863+0.001048	test-rmse:0.390513+0.003614 
[642]	train-rmse:0.389820+0.001037	test-rmse:0.390468+0.003637 
[643]	train-rmse:0.389771+0.001016	test-rmse:0.390423+0.003679 
[644]	train-rmse:0.389725+0.001037	test-rmse:0.390383+0.003660 
[645]	train-rmse:0.389724+0.001037	test-rmse:0.390381+0.003660 
[646]	train-rmse:0.389723+0.001037	test-rmse:0.390380+0.003659 
[647]	train-rmse:0.389679+0.001103	test-rmse:0.390337+0.003587 
[648]	train-rmse:0.389678+0.001103	test-rmse:0.390335+0.003587 
[649]	train-rmse:0.389676+0.001104	test-rmse:0.390334+0.003587 
[650]	train-rmse:0.389631+0.001175	test-rmse:0.390287+0.003508 
[651]	train-rmse:0.389630+0.001175	test-rmse:0.390285+0.003508 
[652]	train-rmse:0.389544+0.001101	test-rmse:0.390205+0.003575 
[653]	train-rmse:0.389543+0.001100	test-rmse:0.390203+0.003575 
[654]	train-rmse:0.389498+0.001174	test-rmse:0.390160+0.003504 
[655]	train-rmse:0.389497+0.001174	test-rmse:0.390159+0.003504 
[656]	train-rmse:0.389495+0.001174	test-rmse:0.390157+0.003504 
[657]	train-rmse:0.389449+0.001253	test-rmse:0.390110+0.003428 
[658]	train-rmse:0.389447+0.001253	test-rmse:0.390109+0.003428 
[659]	train-rmse:0.389311+0.001270	test-rmse:0.389979+0.003426 
[660]	train-rmse:0.389265+0.001249	test-rmse:0.389929+0.003450 
[661]	train-rmse:0.389263+0.001249	test-rmse:0.389928+0.003450 
[662]	train-rmse:0.389262+0.001249	test-rmse:0.389927+0.003450 
[663]	train-rmse:0.389168+0.001244	test-rmse:0.389842+0.003468 
[664]	train-rmse:0.389167+0.001244	test-rmse:0.389841+0.003468 
[665]	train-rmse:0.389166+0.001244	test-rmse:0.389839+0.003468 
[666]	train-rmse:0.389082+0.001174	test-rmse:0.389757+0.003518 
[667]	train-rmse:0.389034+0.001255	test-rmse:0.389710+0.003443 
[668]	train-rmse:0.388988+0.001203	test-rmse:0.389666+0.003475 
[669]	train-rmse:0.388987+0.001203	test-rmse:0.389665+0.003475 
[670]	train-rmse:0.388985+0.001203	test-rmse:0.389663+0.003475 
[671]	train-rmse:0.388984+0.001203	test-rmse:0.389662+0.003475 
[672]	train-rmse:0.388983+0.001203	test-rmse:0.389661+0.003475 
[673]	train-rmse:0.388981+0.001203	test-rmse:0.389659+0.003475 
[674]	train-rmse:0.388980+0.001203	test-rmse:0.389658+0.003475 
[675]	train-rmse:0.388979+0.001203	test-rmse:0.389657+0.003475 
[676]	train-rmse:0.388890+0.001172	test-rmse:0.389572+0.003539 
[677]	train-rmse:0.388889+0.001172	test-rmse:0.389571+0.003539 
[678]	train-rmse:0.388840+0.001177	test-rmse:0.389527+0.003511 
[679]	train-rmse:0.388839+0.001177	test-rmse:0.389526+0.003511 
[680]	train-rmse:0.388838+0.001177	test-rmse:0.389525+0.003511 
[681]	train-rmse:0.388836+0.001176	test-rmse:0.389523+0.003511 
[682]	train-rmse:0.388744+0.001110	test-rmse:0.389435+0.003588 
[683]	train-rmse:0.388653+0.001196	test-rmse:0.389348+0.003489 
[684]	train-rmse:0.388609+0.001274	test-rmse:0.389303+0.003418 
[685]	train-rmse:0.388520+0.001264	test-rmse:0.389217+0.003411 
[686]	train-rmse:0.388429+0.001267	test-rmse:0.389136+0.003427 
[687]	train-rmse:0.388385+0.001214	test-rmse:0.389093+0.003458 
[688]	train-rmse:0.388384+0.001215	test-rmse:0.389092+0.003458 
[689]	train-rmse:0.388383+0.001215	test-rmse:0.389091+0.003458 
[690]	train-rmse:0.388295+0.001282	test-rmse:0.389006+0.003423 
[691]	train-rmse:0.388294+0.001282	test-rmse:0.389005+0.003423 
[692]	train-rmse:0.388293+0.001282	test-rmse:0.389004+0.003423 
[693]	train-rmse:0.388249+0.001356	test-rmse:0.388957+0.003349 
[694]	train-rmse:0.388248+0.001356	test-rmse:0.388956+0.003349 
[695]	train-rmse:0.388247+0.001356	test-rmse:0.388955+0.003349 
[696]	train-rmse:0.388204+0.001429	test-rmse:0.388912+0.003282 
[697]	train-rmse:0.388159+0.001380	test-rmse:0.388868+0.003316 
[698]	train-rmse:0.388024+0.001424	test-rmse:0.388736+0.003311 
[699]	train-rmse:0.387984+0.001402	test-rmse:0.388693+0.003331 
[700]	train-rmse:0.387896+0.001485	test-rmse:0.388607+0.003229 
[701]	train-rmse:0.387895+0.001485	test-rmse:0.388605+0.003229 
[702]	train-rmse:0.387894+0.001485	test-rmse:0.388604+0.003229 
[703]	train-rmse:0.387849+0.001436	test-rmse:0.388562+0.003260 
[704]	train-rmse:0.387757+0.001401	test-rmse:0.388471+0.003328 
[705]	train-rmse:0.387756+0.001401	test-rmse:0.388470+0.003328 
[706]	train-rmse:0.387716+0.001405	test-rmse:0.388436+0.003305 
[707]	train-rmse:0.387715+0.001405	test-rmse:0.388435+0.003305 
[708]	train-rmse:0.387670+0.001484	test-rmse:0.388389+0.003233 
[709]	train-rmse:0.387623+0.001476	test-rmse:0.388345+0.003280 
[710]	train-rmse:0.387540+0.001405	test-rmse:0.388258+0.003332 
[711]	train-rmse:0.387539+0.001405	test-rmse:0.388257+0.003332 
[712]	train-rmse:0.387538+0.001405	test-rmse:0.388256+0.003332 
[713]	train-rmse:0.387536+0.001405	test-rmse:0.388255+0.003332 
[714]	train-rmse:0.387409+0.001419	test-rmse:0.388131+0.003346 
[715]	train-rmse:0.387273+0.001481	test-rmse:0.387996+0.003263 
[716]	train-rmse:0.387185+0.001434	test-rmse:0.387912+0.003271 
[717]	train-rmse:0.387183+0.001434	test-rmse:0.387911+0.003271 
[718]	train-rmse:0.387182+0.001434	test-rmse:0.387910+0.003271 
[719]	train-rmse:0.387181+0.001434	test-rmse:0.387909+0.003271 
[720]	train-rmse:0.387180+0.001434	test-rmse:0.387908+0.003271 
[721]	train-rmse:0.387179+0.001434	test-rmse:0.387906+0.003271 
[722]	train-rmse:0.387092+0.001419	test-rmse:0.387821+0.003262 
[723]	train-rmse:0.387091+0.001419	test-rmse:0.387820+0.003262 
[724]	train-rmse:0.387089+0.001419	test-rmse:0.387819+0.003262 
[725]	train-rmse:0.387088+0.001419	test-rmse:0.387818+0.003262 
[726]	train-rmse:0.387087+0.001419	test-rmse:0.387817+0.003262 
[727]	train-rmse:0.387000+0.001382	test-rmse:0.387733+0.003274 
[728]	train-rmse:0.386998+0.001382	test-rmse:0.387732+0.003274 
[729]	train-rmse:0.386953+0.001357	test-rmse:0.387684+0.003299 
[730]	train-rmse:0.386952+0.001357	test-rmse:0.387683+0.003299 
[731]	train-rmse:0.386950+0.001357	test-rmse:0.387682+0.003299 
[732]	train-rmse:0.386949+0.001357	test-rmse:0.387680+0.003299 
[733]	train-rmse:0.386905+0.001339	test-rmse:0.387633+0.003326 
[734]	train-rmse:0.386862+0.001414	test-rmse:0.387590+0.003258 
[735]	train-rmse:0.386860+0.001414	test-rmse:0.387588+0.003258 
[736]	train-rmse:0.386812+0.001394	test-rmse:0.387545+0.003299 
[737]	train-rmse:0.386724+0.001330	test-rmse:0.387462+0.003371 
[738]	train-rmse:0.386722+0.001330	test-rmse:0.387461+0.003371 
[739]	train-rmse:0.386634+0.001393	test-rmse:0.387368+0.003325 
[740]	train-rmse:0.386552+0.001334	test-rmse:0.387283+0.003382 
[741]	train-rmse:0.386503+0.001337	test-rmse:0.387239+0.003350 
[742]	train-rmse:0.386502+0.001337	test-rmse:0.387238+0.003350 
[743]	train-rmse:0.386458+0.001325	test-rmse:0.387193+0.003378 
[744]	train-rmse:0.386457+0.001325	test-rmse:0.387192+0.003378 
[745]	train-rmse:0.386415+0.001319	test-rmse:0.387149+0.003407 
[746]	train-rmse:0.386369+0.001399	test-rmse:0.387102+0.003334 
[747]	train-rmse:0.386368+0.001399	test-rmse:0.387101+0.003334 
[748]	train-rmse:0.386278+0.001400	test-rmse:0.387011+0.003337 
[749]	train-rmse:0.386233+0.001401	test-rmse:0.386962+0.003374 
[750]	train-rmse:0.386187+0.001377	test-rmse:0.386920+0.003410 
[751]	train-rmse:0.386186+0.001377	test-rmse:0.386919+0.003410 
[752]	train-rmse:0.386185+0.001377	test-rmse:0.386918+0.003410 
[753]	train-rmse:0.386095+0.001362	test-rmse:0.386828+0.003485 
[754]	train-rmse:0.386005+0.001418	test-rmse:0.386742+0.003453 
[755]	train-rmse:0.385963+0.001360	test-rmse:0.386700+0.003479 
[756]	train-rmse:0.385874+0.001303	test-rmse:0.386604+0.003548 
[757]	train-rmse:0.385873+0.001303	test-rmse:0.386603+0.003548 
[758]	train-rmse:0.385872+0.001303	test-rmse:0.386602+0.003548 
[759]	train-rmse:0.385827+0.001247	test-rmse:0.386557+0.003579 
[760]	train-rmse:0.385826+0.001247	test-rmse:0.386555+0.003579 
[761]	train-rmse:0.385825+0.001247	test-rmse:0.386554+0.003579 
[762]	train-rmse:0.385736+0.001318	test-rmse:0.386470+0.003476 
[763]	train-rmse:0.385735+0.001318	test-rmse:0.386469+0.003476 
[764]	train-rmse:0.385734+0.001318	test-rmse:0.386468+0.003476 
[765]	train-rmse:0.385733+0.001318	test-rmse:0.386466+0.003476 
[766]	train-rmse:0.385691+0.001391	test-rmse:0.386425+0.003413 
[767]	train-rmse:0.385690+0.001391	test-rmse:0.386424+0.003413 
[768]	train-rmse:0.385601+0.001391	test-rmse:0.386337+0.003419 
[769]	train-rmse:0.385510+0.001310	test-rmse:0.386256+0.003482 
[770]	train-rmse:0.385424+0.001259	test-rmse:0.386175+0.003477 
[771]	train-rmse:0.385380+0.001208	test-rmse:0.386129+0.003512 
[772]	train-rmse:0.385379+0.001208	test-rmse:0.386128+0.003512 
[773]	train-rmse:0.385292+0.001182	test-rmse:0.386043+0.003579 
[774]	train-rmse:0.385291+0.001182	test-rmse:0.386042+0.003579 
[775]	train-rmse:0.385251+0.001187	test-rmse:0.386002+0.003610 
[776]	train-rmse:0.385210+0.001258	test-rmse:0.385960+0.003545 
[777]	train-rmse:0.385208+0.001258	test-rmse:0.385958+0.003545 
[778]	train-rmse:0.385161+0.001236	test-rmse:0.385916+0.003580 
[779]	train-rmse:0.385160+0.001236	test-rmse:0.385915+0.003580 
[780]	train-rmse:0.385118+0.001231	test-rmse:0.385879+0.003552 
[781]	train-rmse:0.385073+0.001175	test-rmse:0.385834+0.003585 
[782]	train-rmse:0.385072+0.001175	test-rmse:0.385832+0.003585 
[783]	train-rmse:0.385026+0.001174	test-rmse:0.385792+0.003555 
[784]	train-rmse:0.384940+0.001155	test-rmse:0.385710+0.003620 
[785]	train-rmse:0.384939+0.001155	test-rmse:0.385709+0.003620 
[786]	train-rmse:0.384938+0.001155	test-rmse:0.385708+0.003620 
[787]	train-rmse:0.384937+0.001155	test-rmse:0.385707+0.003620 
[788]	train-rmse:0.384936+0.001155	test-rmse:0.385706+0.003620 
[789]	train-rmse:0.384935+0.001155	test-rmse:0.385705+0.003620 
[790]	train-rmse:0.384809+0.001218	test-rmse:0.385581+0.003611 
[791]	train-rmse:0.384808+0.001218	test-rmse:0.385580+0.003611 
[792]	train-rmse:0.384763+0.001229	test-rmse:0.385532+0.003650 
[793]	train-rmse:0.384719+0.001170	test-rmse:0.385486+0.003681 
[794]	train-rmse:0.384675+0.001164	test-rmse:0.385448+0.003651 
[795]	train-rmse:0.384674+0.001164	test-rmse:0.385447+0.003651 
[796]	train-rmse:0.384585+0.001177	test-rmse:0.385357+0.003615 
[797]	train-rmse:0.384543+0.001187	test-rmse:0.385314+0.003650 
[798]	train-rmse:0.384542+0.001187	test-rmse:0.385313+0.003650 
[799]	train-rmse:0.384498+0.001133	test-rmse:0.385269+0.003683 
[800]	train-rmse:0.384497+0.001133	test-rmse:0.385267+0.003683 
[801]	train-rmse:0.384450+0.001081	test-rmse:0.385220+0.003720 
[802]	train-rmse:0.384360+0.001005	test-rmse:0.385136+0.003786 
[803]	train-rmse:0.384359+0.001005	test-rmse:0.385135+0.003786 
[804]	train-rmse:0.384358+0.001005	test-rmse:0.385133+0.003786 
[805]	train-rmse:0.384357+0.001005	test-rmse:0.385132+0.003786 
[806]	train-rmse:0.384356+0.001005	test-rmse:0.385131+0.003786 
[807]	train-rmse:0.384311+0.001086	test-rmse:0.385087+0.003719 
[808]	train-rmse:0.384310+0.001086	test-rmse:0.385086+0.003719 
[809]	train-rmse:0.384309+0.001086	test-rmse:0.385085+0.003719 
[810]	train-rmse:0.384222+0.001082	test-rmse:0.385004+0.003726 
[811]	train-rmse:0.384221+0.001082	test-rmse:0.385003+0.003726 
[812]	train-rmse:0.384220+0.001082	test-rmse:0.385002+0.003726 
[813]	train-rmse:0.384139+0.001055	test-rmse:0.384916+0.003796 
[814]	train-rmse:0.384092+0.001043	test-rmse:0.384875+0.003763 
[815]	train-rmse:0.384091+0.001043	test-rmse:0.384874+0.003763 
[816]	train-rmse:0.384049+0.001116	test-rmse:0.384829+0.003694 
[817]	train-rmse:0.384004+0.001081	test-rmse:0.384787+0.003724 
[818]	train-rmse:0.384003+0.001081	test-rmse:0.384786+0.003724 
[819]	train-rmse:0.384002+0.001081	test-rmse:0.384785+0.003724 
[820]	train-rmse:0.384001+0.001081	test-rmse:0.384784+0.003724 
[821]	train-rmse:0.383955+0.001053	test-rmse:0.384741+0.003756 
[822]	train-rmse:0.383953+0.001053	test-rmse:0.384740+0.003756 
[823]	train-rmse:0.383906+0.001137	test-rmse:0.384692+0.003685 
[824]	train-rmse:0.383868+0.001145	test-rmse:0.384655+0.003715 
[825]	train-rmse:0.383867+0.001145	test-rmse:0.384654+0.003715 
[826]	train-rmse:0.383866+0.001145	test-rmse:0.384653+0.003715 
[827]	train-rmse:0.383821+0.001123	test-rmse:0.384611+0.003747 
[828]	train-rmse:0.383781+0.001108	test-rmse:0.384573+0.003777 
[829]	train-rmse:0.383780+0.001108	test-rmse:0.384572+0.003777 
[830]	train-rmse:0.383779+0.001108	test-rmse:0.384571+0.003777 
[831]	train-rmse:0.383778+0.001108	test-rmse:0.384570+0.003777 
[832]	train-rmse:0.383694+0.001069	test-rmse:0.384487+0.003842 
[833]	train-rmse:0.383693+0.001069	test-rmse:0.384486+0.003842 
[834]	train-rmse:0.383648+0.001019	test-rmse:0.384440+0.003878 
[835]	train-rmse:0.383647+0.001019	test-rmse:0.384439+0.003878 
[836]	train-rmse:0.383601+0.001100	test-rmse:0.384392+0.003809 
[837]	train-rmse:0.383556+0.001057	test-rmse:0.384347+0.003845 
[838]	train-rmse:0.383511+0.001032	test-rmse:0.384307+0.003810 
[839]	train-rmse:0.383510+0.001032	test-rmse:0.384306+0.003810 
[840]	train-rmse:0.383464+0.001009	test-rmse:0.384267+0.003840 
[841]	train-rmse:0.383463+0.001009	test-rmse:0.384266+0.003840 
[842]	train-rmse:0.383462+0.001009	test-rmse:0.384265+0.003840 
[843]	train-rmse:0.383371+0.001078	test-rmse:0.384176+0.003805 
[844]	train-rmse:0.383326+0.001070	test-rmse:0.384134+0.003840 
[845]	train-rmse:0.383239+0.001047	test-rmse:0.384047+0.003838 
[846]	train-rmse:0.383197+0.001043	test-rmse:0.384008+0.003870 
[847]	train-rmse:0.383196+0.001043	test-rmse:0.384007+0.003870 
[848]	train-rmse:0.383110+0.001025	test-rmse:0.383924+0.003868 
[849]	train-rmse:0.383109+0.001025	test-rmse:0.383923+0.003868 
[850]	train-rmse:0.383108+0.001025	test-rmse:0.383922+0.003868 
[851]	train-rmse:0.382935+0.001017	test-rmse:0.383761+0.003844 
[852]	train-rmse:0.382934+0.001017	test-rmse:0.383760+0.003844 
[853]	train-rmse:0.382891+0.000964	test-rmse:0.383717+0.003877 
[854]	train-rmse:0.382890+0.000964	test-rmse:0.383716+0.003877 
[855]	train-rmse:0.382848+0.000948	test-rmse:0.383678+0.003845 
[856]	train-rmse:0.382847+0.000948	test-rmse:0.383677+0.003845 
[857]	train-rmse:0.382805+0.000939	test-rmse:0.383638+0.003814 
[858]	train-rmse:0.382759+0.000935	test-rmse:0.383598+0.003847 
[859]	train-rmse:0.382715+0.000932	test-rmse:0.383552+0.003881 
[860]	train-rmse:0.382628+0.000872	test-rmse:0.383459+0.003951 
[861]	train-rmse:0.382582+0.000870	test-rmse:0.383417+0.003985 
[862]	train-rmse:0.382536+0.000877	test-rmse:0.383375+0.004021 
[863]	train-rmse:0.382495+0.000941	test-rmse:0.383334+0.003960 
[864]	train-rmse:0.382411+0.000928	test-rmse:0.383251+0.003957 
[865]	train-rmse:0.382280+0.000930	test-rmse:0.383130+0.003995 
[866]	train-rmse:0.382237+0.000943	test-rmse:0.383091+0.004030 
[867]	train-rmse:0.382196+0.000877	test-rmse:0.383048+0.004058 
[868]	train-rmse:0.382154+0.000896	test-rmse:0.383009+0.004093 
[869]	train-rmse:0.382115+0.000902	test-rmse:0.382967+0.004124 
[870]	train-rmse:0.382068+0.000889	test-rmse:0.382925+0.004092 
[871]	train-rmse:0.382026+0.000817	test-rmse:0.382884+0.004119 
[872]	train-rmse:0.382025+0.000817	test-rmse:0.382883+0.004120 
[873]	train-rmse:0.381983+0.000749	test-rmse:0.382843+0.004147 
[874]	train-rmse:0.381900+0.000692	test-rmse:0.382758+0.004210 
[875]	train-rmse:0.381854+0.000676	test-rmse:0.382716+0.004178 
[876]	train-rmse:0.381769+0.000706	test-rmse:0.382631+0.004246 
[877]	train-rmse:0.381727+0.000759	test-rmse:0.382587+0.004177 
[878]	train-rmse:0.381726+0.000759	test-rmse:0.382586+0.004177 
[879]	train-rmse:0.381590+0.000822	test-rmse:0.382458+0.004110 
[880]	train-rmse:0.381546+0.000845	test-rmse:0.382420+0.004143 
[881]	train-rmse:0.381502+0.000876	test-rmse:0.382382+0.004178 
[882]	train-rmse:0.381501+0.000876	test-rmse:0.382381+0.004178 
[883]	train-rmse:0.381460+0.000882	test-rmse:0.382336+0.004211 
[884]	train-rmse:0.381371+0.000921	test-rmse:0.382250+0.004109 
[885]	train-rmse:0.381326+0.000917	test-rmse:0.382209+0.004078 
[886]	train-rmse:0.381325+0.000917	test-rmse:0.382208+0.004078 
[887]	train-rmse:0.381324+0.000917	test-rmse:0.382207+0.004078 
[888]	train-rmse:0.381281+0.000842	test-rmse:0.382163+0.004107 
[889]	train-rmse:0.381195+0.000897	test-rmse:0.382082+0.004008 
[890]	train-rmse:0.381151+0.000905	test-rmse:0.382044+0.003981 
[891]	train-rmse:0.380979+0.000920	test-rmse:0.381881+0.003943 
[892]	train-rmse:0.380979+0.000920	test-rmse:0.381880+0.003943 
[893]	train-rmse:0.380938+0.000912	test-rmse:0.381836+0.003975 
[894]	train-rmse:0.380851+0.000926	test-rmse:0.381749+0.003983 
[895]	train-rmse:0.380850+0.000926	test-rmse:0.381748+0.003983 
[896]	train-rmse:0.380849+0.000926	test-rmse:0.381748+0.003983 
[897]	train-rmse:0.380808+0.000930	test-rmse:0.381705+0.004017 
[898]	train-rmse:0.380807+0.000930	test-rmse:0.381704+0.004017 
[899]	train-rmse:0.380806+0.000931	test-rmse:0.381704+0.004017 
[900]	train-rmse:0.380805+0.000931	test-rmse:0.381703+0.004017 
[901]	train-rmse:0.380804+0.000931	test-rmse:0.381702+0.004017 
[902]	train-rmse:0.380720+0.000907	test-rmse:0.381613+0.003970 
[903]	train-rmse:0.380678+0.000832	test-rmse:0.381572+0.003997 
[904]	train-rmse:0.380594+0.000894	test-rmse:0.381486+0.003966 
[905]	train-rmse:0.380550+0.000818	test-rmse:0.381442+0.003997 
[906]	train-rmse:0.380504+0.000830	test-rmse:0.381395+0.004035 
[907]	train-rmse:0.380462+0.000832	test-rmse:0.381358+0.004064 
[908]	train-rmse:0.380461+0.000832	test-rmse:0.381357+0.004064 
[909]	train-rmse:0.380460+0.000832	test-rmse:0.381356+0.004064 
[910]	train-rmse:0.380421+0.000883	test-rmse:0.381317+0.004003 
[911]	train-rmse:0.380420+0.000883	test-rmse:0.381316+0.004003 
[912]	train-rmse:0.380419+0.000883	test-rmse:0.381315+0.004003 
[913]	train-rmse:0.380418+0.000883	test-rmse:0.381314+0.004003 
[914]	train-rmse:0.380417+0.000883	test-rmse:0.381313+0.004003 
[915]	train-rmse:0.380416+0.000883	test-rmse:0.381312+0.004003 
[916]	train-rmse:0.380415+0.000883	test-rmse:0.381311+0.004003 
[917]	train-rmse:0.380414+0.000883	test-rmse:0.381310+0.004003 
[918]	train-rmse:0.380334+0.000903	test-rmse:0.381230+0.004069 
[919]	train-rmse:0.380290+0.000826	test-rmse:0.381184+0.004101 
[920]	train-rmse:0.380202+0.000879	test-rmse:0.381100+0.004001 
[921]	train-rmse:0.380201+0.000879	test-rmse:0.381099+0.004001 
[922]	train-rmse:0.380162+0.000816	test-rmse:0.381060+0.004029 
[923]	train-rmse:0.380161+0.000816	test-rmse:0.381059+0.004029 
[924]	train-rmse:0.380077+0.000883	test-rmse:0.380974+0.003990 
[925]	train-rmse:0.380034+0.000894	test-rmse:0.380939+0.004019 
[926]	train-rmse:0.380033+0.000894	test-rmse:0.380938+0.004019 
[927]	train-rmse:0.380032+0.000894	test-rmse:0.380937+0.004019 
[928]	train-rmse:0.379948+0.000917	test-rmse:0.380855+0.004087 
[929]	train-rmse:0.379859+0.000920	test-rmse:0.380770+0.004097 
[930]	train-rmse:0.379858+0.000920	test-rmse:0.380769+0.004097 
[931]	train-rmse:0.379857+0.000920	test-rmse:0.380768+0.004097 
[932]	train-rmse:0.379778+0.000954	test-rmse:0.380693+0.004160 
[933]	train-rmse:0.379732+0.000980	test-rmse:0.380653+0.004195 
[934]	train-rmse:0.379732+0.000980	test-rmse:0.380652+0.004195 
[935]	train-rmse:0.379650+0.001050	test-rmse:0.380575+0.004164 
[936]	train-rmse:0.379649+0.001050	test-rmse:0.380574+0.004164 
[937]	train-rmse:0.379607+0.001095	test-rmse:0.380533+0.004102 
[938]	train-rmse:0.379565+0.001145	test-rmse:0.380490+0.004039 
[939]	train-rmse:0.379528+0.001154	test-rmse:0.380450+0.004073 
[940]	train-rmse:0.379486+0.001205	test-rmse:0.380409+0.004013 
[941]	train-rmse:0.379442+0.001191	test-rmse:0.380374+0.003982 
> hgrid <-
+   dplyr::bind_cols(xgboost_params[index, ], dart.cv$evaluation_log[dart.cv$best_iteration, ], best_iter = dart.cv$best_iteration)
> 
> # write result
> fname <- file.path('data-raw', 'tune', year, 'array', paste0('tune_', index, '.tsv'))
> readr::write_tsv(hgrid, file = fname)
> 
