> 
> # parse arguments
> args <- R.utils::commandArgs(trailingOnly = FALSE, asValues = TRUE)
> index <- as.integer(args$index)
> year <- as.character(args$year)
> nreps <- as.integer(args$nreps)
> seed <- as.integer(args$seed)
> 
> # get number of cores
> wkrs <- length(future::availableWorkers())
> 
> # set seed
> set.seed(seed)
> 
> # read and prepare the cluster features
> fp <- file.path('data-raw', 'features', year)
> clf <-
+   read_features(fp, pattern = 'paris.', recursive = FALSE)
> clf <- prepare_features(
+   clf,
+   feature_map = feature_map,
+   category = c('response', 'bio', 'net'),
+   type = 'list',
+   exclusions = c(
+     'mg2_pairs_count',
+     'mg2_not_pairs_count',
+     'mg2_portion_families_recovered',
+     'cluster_origin',
+     'bocc_origin',
+     'cluster_method',
+     'subcluster_method',
+     'year',
+     'IDs',
+     'go_sig_threshold',
+     'num_new_edges_on_any_node',
+     'HPO_ratio'
+   ),
+   verbose = TRUE
+ )
c('HPO_ratio', 'IDs', 'bocc_origin', 'cluster_method', 'cluster_origin', 'go_sig_threshold', 'max_norm_cell_type_comma_sep_string', 'max_norm_disease_comma_sep_string', 'mg2_not_pairs_count', 'mg2_pairs_count', 'mg2_portion_families_recovered', 'num_new_edges_on_any_node', 'sig_go_enrichment_fdr_corrected_p_vals', 'sig_go_enrichment_p_vals', 'sig_go_enrichment_terms', 'subcluster_method', 'year')

> 
> # prepare grid of parameters
> xgboost_params <- dials::parameters(
+   nrounds = dials::trees(),
+   eta = dials::learn_rate(),
+   gamma = dials::loss_reduction(),
+   dials::tree_depth(),
+   subsample = dials::sample_prop(),
+   rate_drop = dials::dropout(),
+   skip_drop = dials::dropout()
+ )
> xgboost_params <-
+   dials::grid_max_entropy(xgboost_params, size = nreps)
> 
> # tune the dart booster
> dart.param <-
+   list(
+     booster = "dart",
+     objective = "reg:logistic",
+     eval_metric = "rmse",
+     nthread = wkrs,
+     max_depth = xgboost_params$tree_depth[index],
+     eta = xgboost_params$eta[index],
+     gamma = xgboost_params$gamma[index],
+     subsample = xgboost_params$subsample[index],
+     rate_drop = xgboost_params$rate_drop[index],
+     skip_drop = xgboost_params$skip_drop[index]
+   )
> dart.cv <- xgboost::xgb.cv(
+   params = dart.param,
+   nrounds = xgboost_params$nrounds[index],
+   data = as.matrix(clf[, -1]),
+   nfold = 5,
+   label = clf$snowballing_pvalue,
+   early_stopping_rounds = 50
+ )
[1]	train-rmse:0.407409+0.000987	test-rmse:0.407480+0.003936 
Multiple eval metrics are present. Will use test_rmse for early stopping.
Will train until test_rmse hasn't improved in 50 rounds.

[2]	train-rmse:0.397950+0.001052	test-rmse:0.398125+0.003819 
[3]	train-rmse:0.392456+0.001801	test-rmse:0.392609+0.004553 
[4]	train-rmse:0.386694+0.003459	test-rmse:0.386894+0.002221 
[5]	train-rmse:0.382974+0.004220	test-rmse:0.383088+0.004319 
[6]	train-rmse:0.379428+0.003771	test-rmse:0.379542+0.005277 
[7]	train-rmse:0.377870+0.003761	test-rmse:0.378003+0.005259 
[8]	train-rmse:0.376431+0.003754	test-rmse:0.376578+0.005354 
[9]	train-rmse:0.373820+0.005474	test-rmse:0.373799+0.007854 
[10]	train-rmse:0.372833+0.005500	test-rmse:0.372816+0.007970 
[11]	train-rmse:0.369146+0.008036	test-rmse:0.368932+0.009553 
[12]	train-rmse:0.368341+0.007956	test-rmse:0.368136+0.009557 
[13]	train-rmse:0.367565+0.007942	test-rmse:0.367368+0.009584 
[14]	train-rmse:0.366897+0.007821	test-rmse:0.366712+0.009530 
[15]	train-rmse:0.366221+0.007714	test-rmse:0.366048+0.009487 
[16]	train-rmse:0.365585+0.007705	test-rmse:0.365417+0.009528 
[17]	train-rmse:0.365049+0.007682	test-rmse:0.364888+0.009537 
[18]	train-rmse:0.363051+0.007728	test-rmse:0.362877+0.010197 
[19]	train-rmse:0.362554+0.007677	test-rmse:0.362387+0.010187 
[20]	train-rmse:0.362117+0.007638	test-rmse:0.361957+0.010177 
[21]	train-rmse:0.361700+0.007607	test-rmse:0.361546+0.010169 
[22]	train-rmse:0.361295+0.007578	test-rmse:0.361146+0.010152 
[23]	train-rmse:0.360893+0.007542	test-rmse:0.360751+0.010139 
[24]	train-rmse:0.360507+0.007511	test-rmse:0.360371+0.010119 
[25]	train-rmse:0.360144+0.007476	test-rmse:0.360012+0.010116 
[26]	train-rmse:0.359807+0.007445	test-rmse:0.359681+0.010111 
[27]	train-rmse:0.359498+0.007417	test-rmse:0.359376+0.010097 
[28]	train-rmse:0.357666+0.007071	test-rmse:0.357672+0.009180 
[29]	train-rmse:0.357381+0.007056	test-rmse:0.357392+0.009185 
[30]	train-rmse:0.355535+0.004302	test-rmse:0.355673+0.007827 
[31]	train-rmse:0.355262+0.004300	test-rmse:0.355404+0.007832 
[32]	train-rmse:0.353649+0.005027	test-rmse:0.353772+0.009014 
[33]	train-rmse:0.351917+0.003182	test-rmse:0.352166+0.008431 
[34]	train-rmse:0.350408+0.005144	test-rmse:0.350463+0.010507 
[35]	train-rmse:0.348764+0.004996	test-rmse:0.348962+0.010511 
[36]	train-rmse:0.348542+0.004979	test-rmse:0.348743+0.010502 
[37]	train-rmse:0.348331+0.004968	test-rmse:0.348535+0.010502 
[38]	train-rmse:0.348124+0.004947	test-rmse:0.348331+0.010488 
[39]	train-rmse:0.347909+0.004931	test-rmse:0.348119+0.010483 
[40]	train-rmse:0.347705+0.004921	test-rmse:0.347917+0.010481 
[41]	train-rmse:0.347514+0.004908	test-rmse:0.347728+0.010478 
[42]	train-rmse:0.347322+0.004892	test-rmse:0.347537+0.010473 
[43]	train-rmse:0.347133+0.004878	test-rmse:0.347353+0.010466 
[44]	train-rmse:0.346952+0.004868	test-rmse:0.347172+0.010463 
[45]	train-rmse:0.346781+0.004858	test-rmse:0.347003+0.010462 
[46]	train-rmse:0.345437+0.006799	test-rmse:0.345478+0.012562 
[47]	train-rmse:0.343891+0.005951	test-rmse:0.343928+0.011198 
[48]	train-rmse:0.343723+0.005937	test-rmse:0.343762+0.011192 
[49]	train-rmse:0.343566+0.005922	test-rmse:0.343607+0.011186 
[50]	train-rmse:0.343416+0.005906	test-rmse:0.343460+0.011180 
[51]	train-rmse:0.342147+0.007965	test-rmse:0.342057+0.013394 
[52]	train-rmse:0.342007+0.007948	test-rmse:0.341920+0.013386 
[53]	train-rmse:0.341863+0.007928	test-rmse:0.341777+0.013372 
[54]	train-rmse:0.340285+0.006754	test-rmse:0.340365+0.012184 
[55]	train-rmse:0.338811+0.006742	test-rmse:0.339018+0.012133 
[56]	train-rmse:0.338680+0.006736	test-rmse:0.338890+0.012133 
[57]	train-rmse:0.338560+0.006725	test-rmse:0.338772+0.012126 
[58]	train-rmse:0.338435+0.006710	test-rmse:0.338649+0.012117 
[59]	train-rmse:0.338317+0.006698	test-rmse:0.338533+0.012108 
[60]	train-rmse:0.338197+0.006689	test-rmse:0.338416+0.012104 
[61]	train-rmse:0.338084+0.006680	test-rmse:0.338304+0.012098 
[62]	train-rmse:0.337969+0.006669	test-rmse:0.338192+0.012092 
[63]	train-rmse:0.337862+0.006659	test-rmse:0.338086+0.012088 
[64]	train-rmse:0.336486+0.007557	test-rmse:0.336850+0.012448 
[65]	train-rmse:0.335322+0.009167	test-rmse:0.335554+0.014459 
[66]	train-rmse:0.335218+0.009158	test-rmse:0.335451+0.014452 
[67]	train-rmse:0.333815+0.008480	test-rmse:0.334028+0.013301 
[68]	train-rmse:0.333716+0.008471	test-rmse:0.333930+0.013296 
[69]	train-rmse:0.333616+0.008462	test-rmse:0.333831+0.013292 
[70]	train-rmse:0.333520+0.008453	test-rmse:0.333737+0.013289 
[71]	train-rmse:0.333420+0.008439	test-rmse:0.333639+0.013281 
[72]	train-rmse:0.333325+0.008430	test-rmse:0.333546+0.013278 
[73]	train-rmse:0.333229+0.008417	test-rmse:0.333452+0.013270 
[74]	train-rmse:0.333135+0.008403	test-rmse:0.333359+0.013263 
[75]	train-rmse:0.330599+0.008314	test-rmse:0.330920+0.013475 
[76]	train-rmse:0.330509+0.008302	test-rmse:0.330832+0.013468 
[77]	train-rmse:0.330425+0.008292	test-rmse:0.330750+0.013463 
[78]	train-rmse:0.330341+0.008285	test-rmse:0.330667+0.013461 
[79]	train-rmse:0.330260+0.008276	test-rmse:0.330587+0.013455 
[80]	train-rmse:0.328849+0.006973	test-rmse:0.329298+0.012129 
[81]	train-rmse:0.328772+0.006964	test-rmse:0.329223+0.012123 
[82]	train-rmse:0.328691+0.006959	test-rmse:0.329144+0.012121 
[83]	train-rmse:0.328616+0.006951	test-rmse:0.329068+0.012115 
[84]	train-rmse:0.327315+0.006355	test-rmse:0.327705+0.010967 
[85]	train-rmse:0.326254+0.007776	test-rmse:0.326455+0.013043 
[86]	train-rmse:0.326181+0.007767	test-rmse:0.326382+0.013038 
[87]	train-rmse:0.324950+0.007843	test-rmse:0.325152+0.012437 
[88]	train-rmse:0.324879+0.007834	test-rmse:0.325082+0.012433 
[89]	train-rmse:0.324809+0.007827	test-rmse:0.325014+0.012428 
[90]	train-rmse:0.322433+0.007368	test-rmse:0.322721+0.012395 
[91]	train-rmse:0.321261+0.007772	test-rmse:0.321487+0.011999 
[92]	train-rmse:0.319021+0.007283	test-rmse:0.319179+0.012323 
[93]	train-rmse:0.318070+0.008595	test-rmse:0.318097+0.014198 
[94]	train-rmse:0.318008+0.008588	test-rmse:0.318037+0.014193 
[95]	train-rmse:0.317109+0.009950	test-rmse:0.317009+0.016004 
[96]	train-rmse:0.314864+0.009106	test-rmse:0.314727+0.015385 
[97]	train-rmse:0.314808+0.009099	test-rmse:0.314672+0.015382 
[98]	train-rmse:0.312983+0.010890	test-rmse:0.312674+0.017042 
[99]	train-rmse:0.312929+0.010882	test-rmse:0.312620+0.017038 
[100]	train-rmse:0.312873+0.010871	test-rmse:0.312565+0.017031 
[101]	train-rmse:0.312821+0.010862	test-rmse:0.312514+0.017026 
[102]	train-rmse:0.311718+0.010892	test-rmse:0.311544+0.016834 
[103]	train-rmse:0.311668+0.010884	test-rmse:0.311494+0.016829 
[104]	train-rmse:0.310427+0.009527	test-rmse:0.310412+0.015547 
[105]	train-rmse:0.310379+0.009519	test-rmse:0.310366+0.015541 
[106]	train-rmse:0.309220+0.008663	test-rmse:0.309362+0.014514 
[107]	train-rmse:0.309171+0.008656	test-rmse:0.309314+0.014511 
[108]	train-rmse:0.309124+0.008649	test-rmse:0.309268+0.014505 
[109]	train-rmse:0.309078+0.008641	test-rmse:0.309223+0.014501 
[110]	train-rmse:0.309031+0.008636	test-rmse:0.309176+0.014498 
[111]	train-rmse:0.308986+0.008630	test-rmse:0.309131+0.014495 
[112]	train-rmse:0.307958+0.008868	test-rmse:0.308217+0.014377 
[113]	train-rmse:0.307915+0.008862	test-rmse:0.308175+0.014374 
[114]	train-rmse:0.307871+0.008855	test-rmse:0.308132+0.014369 
[115]	train-rmse:0.306752+0.007325	test-rmse:0.306981+0.013920 
[116]	train-rmse:0.305790+0.007765	test-rmse:0.305999+0.013707 
[117]	train-rmse:0.304755+0.006621	test-rmse:0.304941+0.013527 
[118]	train-rmse:0.304716+0.006616	test-rmse:0.304902+0.013526 
[119]	train-rmse:0.304677+0.006610	test-rmse:0.304864+0.013523 
[120]	train-rmse:0.302820+0.007662	test-rmse:0.303072+0.013343 
[121]	train-rmse:0.302782+0.007658	test-rmse:0.303035+0.013341 
[122]	train-rmse:0.301999+0.008472	test-rmse:0.302138+0.014801 
[123]	train-rmse:0.301963+0.008466	test-rmse:0.302103+0.014798 
[124]	train-rmse:0.301927+0.008460	test-rmse:0.302068+0.014795 
[125]	train-rmse:0.300131+0.008202	test-rmse:0.300216+0.015132 
[126]	train-rmse:0.300097+0.008197	test-rmse:0.300183+0.015129 
[127]	train-rmse:0.300062+0.008192	test-rmse:0.300150+0.015127 
[128]	train-rmse:0.300029+0.008187	test-rmse:0.300117+0.015124 
[129]	train-rmse:0.299995+0.008182	test-rmse:0.300084+0.015122 
[130]	train-rmse:0.299962+0.008177	test-rmse:0.300052+0.015119 
[131]	train-rmse:0.299928+0.008172	test-rmse:0.300019+0.015117 
[132]	train-rmse:0.299248+0.009159	test-rmse:0.299188+0.016611 
[133]	train-rmse:0.299216+0.009153	test-rmse:0.299157+0.016608 
[134]	train-rmse:0.299184+0.009147	test-rmse:0.299125+0.016604 
[135]	train-rmse:0.297330+0.008875	test-rmse:0.297430+0.015617 
[136]	train-rmse:0.297299+0.008869	test-rmse:0.297400+0.015613 
[137]	train-rmse:0.297268+0.008863	test-rmse:0.297370+0.015611 
[138]	train-rmse:0.297237+0.008857	test-rmse:0.297340+0.015607 
[139]	train-rmse:0.297207+0.008851	test-rmse:0.297311+0.015604 
[140]	train-rmse:0.296564+0.009762	test-rmse:0.296560+0.016974 
[141]	train-rmse:0.296534+0.009756	test-rmse:0.296531+0.016971 
[142]	train-rmse:0.295745+0.010287	test-rmse:0.295744+0.016988 
[143]	train-rmse:0.295716+0.010281	test-rmse:0.295716+0.016984 
[144]	train-rmse:0.295688+0.010274	test-rmse:0.295689+0.016980 
[145]	train-rmse:0.295660+0.010267	test-rmse:0.295662+0.016976 
[146]	train-rmse:0.295633+0.010261	test-rmse:0.295635+0.016972 
[147]	train-rmse:0.295604+0.010254	test-rmse:0.295608+0.016968 
[148]	train-rmse:0.294641+0.009838	test-rmse:0.294752+0.016174 
[149]	train-rmse:0.294615+0.009833	test-rmse:0.294727+0.016172 
[150]	train-rmse:0.293694+0.009761	test-rmse:0.293954+0.015575 
[151]	train-rmse:0.293669+0.009756	test-rmse:0.293929+0.015572 
[152]	train-rmse:0.293644+0.009751	test-rmse:0.293905+0.015569 
[153]	train-rmse:0.293055+0.010496	test-rmse:0.293166+0.016946 
[154]	train-rmse:0.292474+0.011293	test-rmse:0.292488+0.018210 
[155]	train-rmse:0.292449+0.011288	test-rmse:0.292464+0.018206 
[156]	train-rmse:0.292425+0.011282	test-rmse:0.292441+0.018203 
[157]	train-rmse:0.292400+0.011276	test-rmse:0.292416+0.018198 
[158]	train-rmse:0.292376+0.011270	test-rmse:0.292392+0.018194 
[159]	train-rmse:0.292352+0.011264	test-rmse:0.292369+0.018190 
[160]	train-rmse:0.292329+0.011258	test-rmse:0.292346+0.018186 
[161]	train-rmse:0.291362+0.009894	test-rmse:0.291339+0.017671 
[162]	train-rmse:0.291339+0.009889	test-rmse:0.291317+0.017668 
[163]	train-rmse:0.290605+0.010313	test-rmse:0.290564+0.017644 
[164]	train-rmse:0.290582+0.010308	test-rmse:0.290543+0.017640 
[165]	train-rmse:0.289667+0.009178	test-rmse:0.289584+0.017305 
[166]	train-rmse:0.289645+0.009173	test-rmse:0.289564+0.017302 
[167]	train-rmse:0.289624+0.009169	test-rmse:0.289542+0.017300 
[168]	train-rmse:0.289602+0.009163	test-rmse:0.289521+0.017296 
[169]	train-rmse:0.289581+0.009158	test-rmse:0.289500+0.017293 
[170]	train-rmse:0.288889+0.009718	test-rmse:0.288812+0.017342 
[171]	train-rmse:0.287359+0.009743	test-rmse:0.287417+0.016908 
[172]	train-rmse:0.287340+0.009739	test-rmse:0.287398+0.016906 
[173]	train-rmse:0.287320+0.009734	test-rmse:0.287379+0.016903 
[174]	train-rmse:0.287302+0.009729	test-rmse:0.287361+0.016901 
[175]	train-rmse:0.287282+0.009724	test-rmse:0.287342+0.016898 
[176]	train-rmse:0.287263+0.009720	test-rmse:0.287324+0.016896 
[177]	train-rmse:0.287244+0.009715	test-rmse:0.287305+0.016893 
[178]	train-rmse:0.287225+0.009710	test-rmse:0.287287+0.016891 
[179]	train-rmse:0.286364+0.008708	test-rmse:0.286388+0.016651 
[180]	train-rmse:0.286345+0.008704	test-rmse:0.286370+0.016648 
[181]	train-rmse:0.286327+0.008700	test-rmse:0.286352+0.016646 
[182]	train-rmse:0.286308+0.008696	test-rmse:0.286334+0.016644 
[183]	train-rmse:0.286290+0.008691	test-rmse:0.286316+0.016641 
[184]	train-rmse:0.286272+0.008686	test-rmse:0.286299+0.016639 
[185]	train-rmse:0.284636+0.007460	test-rmse:0.284734+0.015793 
[186]	train-rmse:0.283879+0.006896	test-rmse:0.283929+0.015859 
[187]	train-rmse:0.283034+0.005994	test-rmse:0.283197+0.015244 
[188]	train-rmse:0.283017+0.005991	test-rmse:0.283180+0.015244 
[189]	train-rmse:0.283001+0.005987	test-rmse:0.283165+0.015242 
[190]	train-rmse:0.281705+0.006308	test-rmse:0.281844+0.015445 
[191]	train-rmse:0.281690+0.006304	test-rmse:0.281829+0.015444 
[192]	train-rmse:0.281675+0.006301	test-rmse:0.281814+0.015443 
[193]	train-rmse:0.281659+0.006298	test-rmse:0.281799+0.015442 
[194]	train-rmse:0.280464+0.006722	test-rmse:0.280461+0.016713 
[195]	train-rmse:0.280449+0.006718	test-rmse:0.280447+0.016711 
[196]	train-rmse:0.280434+0.006714	test-rmse:0.280433+0.016709 
[197]	train-rmse:0.278548+0.007248	test-rmse:0.278576+0.016941 
[198]	train-rmse:0.277995+0.007910	test-rmse:0.278020+0.017031 
[199]	train-rmse:0.277982+0.007906	test-rmse:0.278007+0.017029 
[200]	train-rmse:0.277968+0.007902	test-rmse:0.277994+0.017027 
[201]	train-rmse:0.277321+0.007763	test-rmse:0.277315+0.017244 
[202]	train-rmse:0.277308+0.007760	test-rmse:0.277302+0.017243 
[203]	train-rmse:0.276783+0.008440	test-rmse:0.276727+0.017385 
[204]	train-rmse:0.276294+0.009130	test-rmse:0.276188+0.017581 
[205]	train-rmse:0.275709+0.009109	test-rmse:0.275575+0.017819 
[206]	train-rmse:0.274910+0.008124	test-rmse:0.274889+0.017128 
[207]	train-rmse:0.274898+0.008121	test-rmse:0.274878+0.017126 
[208]	train-rmse:0.274886+0.008117	test-rmse:0.274866+0.017124 
[209]	train-rmse:0.274148+0.007393	test-rmse:0.274232+0.016558 
[210]	train-rmse:0.274136+0.007390	test-rmse:0.274221+0.016557 
[211]	train-rmse:0.273386+0.006595	test-rmse:0.273564+0.015698 
[212]	train-rmse:0.273375+0.006593	test-rmse:0.273553+0.015697 
[213]	train-rmse:0.272821+0.006565	test-rmse:0.272972+0.015966 
[214]	train-rmse:0.272284+0.006709	test-rmse:0.272335+0.016347 
[215]	train-rmse:0.272273+0.006706	test-rmse:0.272325+0.016346 
[216]	train-rmse:0.272262+0.006703	test-rmse:0.272314+0.016345 
[217]	train-rmse:0.272252+0.006700	test-rmse:0.272304+0.016343 
[218]	train-rmse:0.272241+0.006697	test-rmse:0.272294+0.016342 
[219]	train-rmse:0.272231+0.006694	test-rmse:0.272284+0.016341 
[220]	train-rmse:0.271767+0.006909	test-rmse:0.271732+0.017095 
[221]	train-rmse:0.270645+0.006453	test-rmse:0.270580+0.017371 
[222]	train-rmse:0.270635+0.006450	test-rmse:0.270571+0.017369 
[223]	train-rmse:0.269412+0.005733	test-rmse:0.269446+0.016933 
[224]	train-rmse:0.269402+0.005730	test-rmse:0.269437+0.016932 
[225]	train-rmse:0.269393+0.005728	test-rmse:0.269428+0.016931 
[226]	train-rmse:0.268936+0.006312	test-rmse:0.268984+0.016979 
[227]	train-rmse:0.268927+0.006309	test-rmse:0.268975+0.016978 
[228]	train-rmse:0.268917+0.006306	test-rmse:0.268967+0.016977 
[229]	train-rmse:0.268908+0.006304	test-rmse:0.268958+0.016976 
[230]	train-rmse:0.268491+0.006575	test-rmse:0.268403+0.017776 
[231]	train-rmse:0.268482+0.006572	test-rmse:0.268395+0.017774 
[232]	train-rmse:0.268473+0.006569	test-rmse:0.268386+0.017773 
[233]	train-rmse:0.268464+0.006567	test-rmse:0.268378+0.017771 
[234]	train-rmse:0.267551+0.007290	test-rmse:0.267362+0.018184 
[235]	train-rmse:0.267542+0.007287	test-rmse:0.267354+0.018182 
[236]	train-rmse:0.266212+0.005766	test-rmse:0.266259+0.016970 
[237]	train-rmse:0.265795+0.006378	test-rmse:0.265846+0.017043 
[238]	train-rmse:0.265787+0.006376	test-rmse:0.265838+0.017042 
[239]	train-rmse:0.265166+0.005865	test-rmse:0.265302+0.016381 
[240]	train-rmse:0.265158+0.005863	test-rmse:0.265295+0.016380 
[241]	train-rmse:0.264723+0.005982	test-rmse:0.264821+0.016683 
[242]	train-rmse:0.264716+0.005979	test-rmse:0.264814+0.016682 
[243]	train-rmse:0.264336+0.006110	test-rmse:0.264361+0.017310 
[244]	train-rmse:0.264329+0.006108	test-rmse:0.264354+0.017309 
[245]	train-rmse:0.264322+0.006106	test-rmse:0.264347+0.017308 
[246]	train-rmse:0.263725+0.005760	test-rmse:0.263847+0.016735 
[247]	train-rmse:0.263718+0.005758	test-rmse:0.263840+0.016735 
[248]	train-rmse:0.263711+0.005756	test-rmse:0.263834+0.016734 
[249]	train-rmse:0.263704+0.005753	test-rmse:0.263828+0.016733 
[250]	train-rmse:0.263698+0.005751	test-rmse:0.263821+0.016732 
[251]	train-rmse:0.263691+0.005749	test-rmse:0.263814+0.016731 
[252]	train-rmse:0.263684+0.005747	test-rmse:0.263808+0.016730 
[253]	train-rmse:0.263678+0.005745	test-rmse:0.263802+0.016729 
[254]	train-rmse:0.263671+0.005743	test-rmse:0.263796+0.016728 
[255]	train-rmse:0.263664+0.005741	test-rmse:0.263789+0.016727 
[256]	train-rmse:0.263291+0.006264	test-rmse:0.263430+0.016782 
[257]	train-rmse:0.263285+0.006262	test-rmse:0.263423+0.016781 
[258]	train-rmse:0.262661+0.005345	test-rmse:0.262920+0.016247 
[259]	train-rmse:0.262283+0.005484	test-rmse:0.262448+0.016933 
[260]	train-rmse:0.262277+0.005482	test-rmse:0.262443+0.016932 
[261]	train-rmse:0.262271+0.005480	test-rmse:0.262437+0.016931 
[262]	train-rmse:0.262265+0.005478	test-rmse:0.262431+0.016930 
[263]	train-rmse:0.262259+0.005476	test-rmse:0.262426+0.016929 
[264]	train-rmse:0.261695+0.005216	test-rmse:0.261986+0.016430 
[265]	train-rmse:0.261689+0.005214	test-rmse:0.261980+0.016429 
[266]	train-rmse:0.261683+0.005213	test-rmse:0.261975+0.016429 
[267]	train-rmse:0.261677+0.005211	test-rmse:0.261969+0.016428 
[268]	train-rmse:0.261671+0.005209	test-rmse:0.261964+0.016427 
[269]	train-rmse:0.261665+0.005207	test-rmse:0.261958+0.016426 
[270]	train-rmse:0.261083+0.004347	test-rmse:0.261483+0.015942 
[271]	train-rmse:0.261077+0.004345	test-rmse:0.261477+0.015942 
[272]	train-rmse:0.260544+0.004238	test-rmse:0.261027+0.015435 
[273]	train-rmse:0.260031+0.004379	test-rmse:0.260629+0.015017 
[274]	train-rmse:0.260026+0.004378	test-rmse:0.260625+0.015017 
[275]	train-rmse:0.260021+0.004377	test-rmse:0.260620+0.015016 
[276]	train-rmse:0.259147+0.004554	test-rmse:0.259828+0.014913 
[277]	train-rmse:0.259142+0.004552	test-rmse:0.259824+0.014913 
[278]	train-rmse:0.259137+0.004551	test-rmse:0.259819+0.014913 
[279]	train-rmse:0.259133+0.004550	test-rmse:0.259815+0.014913 
[280]	train-rmse:0.259128+0.004549	test-rmse:0.259810+0.014912 
[281]	train-rmse:0.259122+0.004548	test-rmse:0.259806+0.014912 
[282]	train-rmse:0.259118+0.004547	test-rmse:0.259801+0.014911 
[283]	train-rmse:0.259113+0.004545	test-rmse:0.259796+0.014911 
[284]	train-rmse:0.259108+0.004544	test-rmse:0.259792+0.014911 
[285]	train-rmse:0.258727+0.004535	test-rmse:0.259382+0.015178 
[286]	train-rmse:0.258371+0.004949	test-rmse:0.258980+0.015183 
[287]	train-rmse:0.258366+0.004948	test-rmse:0.258976+0.015182 
[288]	train-rmse:0.258362+0.004947	test-rmse:0.258971+0.015182 
[289]	train-rmse:0.258357+0.004945	test-rmse:0.258967+0.015182 
[290]	train-rmse:0.258352+0.004944	test-rmse:0.258963+0.015181 
[291]	train-rmse:0.258348+0.004943	test-rmse:0.258958+0.015181 
[292]	train-rmse:0.258009+0.005391	test-rmse:0.258612+0.015218 
[293]	train-rmse:0.258005+0.005390	test-rmse:0.258608+0.015218 
[294]	train-rmse:0.258000+0.005388	test-rmse:0.258604+0.015218 
[295]	train-rmse:0.257996+0.005387	test-rmse:0.258600+0.015217 
[296]	train-rmse:0.257991+0.005386	test-rmse:0.258596+0.015217 
[297]	train-rmse:0.257105+0.005038	test-rmse:0.257817+0.014753 
[298]	train-rmse:0.256406+0.004890	test-rmse:0.257023+0.015582 
[299]	train-rmse:0.256402+0.004889	test-rmse:0.257019+0.015582 
[300]	train-rmse:0.256398+0.004887	test-rmse:0.257016+0.015582 
[301]	train-rmse:0.256045+0.004947	test-rmse:0.256581+0.015887 
[302]	train-rmse:0.256041+0.004945	test-rmse:0.256577+0.015887 
[303]	train-rmse:0.256037+0.004944	test-rmse:0.256573+0.015887 
[304]	train-rmse:0.255527+0.004170	test-rmse:0.256154+0.015425 
[305]	train-rmse:0.255523+0.004169	test-rmse:0.256150+0.015424 
[306]	train-rmse:0.255519+0.004168	test-rmse:0.256147+0.015424 
[307]	train-rmse:0.255516+0.004167	test-rmse:0.256143+0.015424 
[308]	train-rmse:0.255199+0.004054	test-rmse:0.255721+0.016015 
[309]	train-rmse:0.255195+0.004053	test-rmse:0.255717+0.016015 
[310]	train-rmse:0.255192+0.004051	test-rmse:0.255714+0.016014 
[311]	train-rmse:0.255188+0.004050	test-rmse:0.255710+0.016014 
[312]	train-rmse:0.254696+0.003356	test-rmse:0.255325+0.015623 
[313]	train-rmse:0.254692+0.003355	test-rmse:0.255322+0.015622 
[314]	train-rmse:0.254391+0.003287	test-rmse:0.254915+0.016216 
[315]	train-rmse:0.254387+0.003286	test-rmse:0.254912+0.016215 
[316]	train-rmse:0.254384+0.003285	test-rmse:0.254909+0.016215 
[317]	train-rmse:0.253929+0.002734	test-rmse:0.254534+0.015865 
[318]	train-rmse:0.253188+0.002608	test-rmse:0.253828+0.016051 
[319]	train-rmse:0.252868+0.002530	test-rmse:0.253482+0.016263 
[320]	train-rmse:0.252865+0.002529	test-rmse:0.253479+0.016263 
[321]	train-rmse:0.252862+0.002528	test-rmse:0.253476+0.016263 
[322]	train-rmse:0.252548+0.003062	test-rmse:0.253166+0.016254 
[323]	train-rmse:0.252545+0.003061	test-rmse:0.253164+0.016253 
[324]	train-rmse:0.252246+0.003087	test-rmse:0.252839+0.016470 
[325]	train-rmse:0.252244+0.003086	test-rmse:0.252836+0.016470 
[326]	train-rmse:0.252241+0.003085	test-rmse:0.252834+0.016470 
[327]	train-rmse:0.251984+0.003062	test-rmse:0.252490+0.016975 
[328]	train-rmse:0.251563+0.002485	test-rmse:0.252149+0.016659 
[329]	train-rmse:0.251560+0.002484	test-rmse:0.252146+0.016659 
[330]	train-rmse:0.251558+0.002484	test-rmse:0.252144+0.016659 
[331]	train-rmse:0.251555+0.002483	test-rmse:0.252142+0.016658 
[332]	train-rmse:0.250748+0.001897	test-rmse:0.251515+0.016001 
[333]	train-rmse:0.250450+0.001894	test-rmse:0.251135+0.016262 
[334]	train-rmse:0.250055+0.001955	test-rmse:0.250807+0.015875 
[335]	train-rmse:0.250053+0.001955	test-rmse:0.250804+0.015875 
[336]	train-rmse:0.250050+0.001955	test-rmse:0.250802+0.015874 
[337]	train-rmse:0.249781+0.002382	test-rmse:0.250547+0.015847 
[338]	train-rmse:0.249779+0.002382	test-rmse:0.250545+0.015847 
[339]	train-rmse:0.249777+0.002381	test-rmse:0.250543+0.015847 
[340]	train-rmse:0.249775+0.002381	test-rmse:0.250541+0.015847 
[341]	train-rmse:0.249521+0.002222	test-rmse:0.250240+0.016295 
[342]	train-rmse:0.249518+0.002222	test-rmse:0.250238+0.016294 
[343]	train-rmse:0.249516+0.002221	test-rmse:0.250236+0.016294 
[344]	train-rmse:0.248877+0.001668	test-rmse:0.249606+0.016526 
[345]	train-rmse:0.248875+0.001668	test-rmse:0.249604+0.016525 
[346]	train-rmse:0.248531+0.001427	test-rmse:0.249333+0.016297 
[347]	train-rmse:0.248529+0.001427	test-rmse:0.249331+0.016297 
[348]	train-rmse:0.247947+0.001411	test-rmse:0.248780+0.016544 
[349]	train-rmse:0.247305+0.000956	test-rmse:0.248214+0.016374 
[350]	train-rmse:0.247050+0.001399	test-rmse:0.247970+0.016329 
[351]	train-rmse:0.247048+0.001399	test-rmse:0.247969+0.016329 
[352]	train-rmse:0.247047+0.001400	test-rmse:0.247967+0.016329 
[353]	train-rmse:0.247045+0.001399	test-rmse:0.247966+0.016328 
[354]	train-rmse:0.246827+0.001316	test-rmse:0.247698+0.016748 
[355]	train-rmse:0.246825+0.001316	test-rmse:0.247696+0.016748 
[356]	train-rmse:0.246478+0.001446	test-rmse:0.247443+0.016451 
[357]	train-rmse:0.246476+0.001446	test-rmse:0.247442+0.016451 
[358]	train-rmse:0.246475+0.001446	test-rmse:0.247440+0.016451 
[359]	train-rmse:0.246239+0.001158	test-rmse:0.247188+0.016605 
[360]	train-rmse:0.246237+0.001159	test-rmse:0.247186+0.016605 
[361]	train-rmse:0.246236+0.001159	test-rmse:0.247185+0.016604 
[362]	train-rmse:0.246234+0.001159	test-rmse:0.247183+0.016604 
[363]	train-rmse:0.245690+0.000831	test-rmse:0.246691+0.016573 
[364]	train-rmse:0.245689+0.000832	test-rmse:0.246689+0.016573 
[365]	train-rmse:0.245687+0.000832	test-rmse:0.246688+0.016573 
[366]	train-rmse:0.245463+0.000812	test-rmse:0.246445+0.016746 
[367]	train-rmse:0.245139+0.001106	test-rmse:0.246215+0.016477 
[368]	train-rmse:0.244941+0.001182	test-rmse:0.246002+0.016638 
[369]	train-rmse:0.244734+0.000871	test-rmse:0.245754+0.017011 
[370]	train-rmse:0.244733+0.000871	test-rmse:0.245753+0.017011 
[371]	train-rmse:0.244425+0.001350	test-rmse:0.245499+0.016724 
[372]	train-rmse:0.244424+0.001350	test-rmse:0.245497+0.016724 
[373]	train-rmse:0.244422+0.001350	test-rmse:0.245496+0.016724 
[374]	train-rmse:0.244421+0.001350	test-rmse:0.245495+0.016724 
[375]	train-rmse:0.244420+0.001351	test-rmse:0.245494+0.016723 
[376]	train-rmse:0.244419+0.001351	test-rmse:0.245493+0.016723 
[377]	train-rmse:0.244417+0.001351	test-rmse:0.245492+0.016723 
[378]	train-rmse:0.244164+0.001437	test-rmse:0.245234+0.016654 
[379]	train-rmse:0.243927+0.001657	test-rmse:0.244996+0.016605 
[380]	train-rmse:0.243926+0.001657	test-rmse:0.244995+0.016604 
[381]	train-rmse:0.243925+0.001658	test-rmse:0.244994+0.016604 
[382]	train-rmse:0.243924+0.001658	test-rmse:0.244993+0.016604 
[383]	train-rmse:0.243923+0.001658	test-rmse:0.244993+0.016604 
[384]	train-rmse:0.243922+0.001658	test-rmse:0.244992+0.016604 
[385]	train-rmse:0.243921+0.001658	test-rmse:0.244991+0.016604 
[386]	train-rmse:0.243920+0.001658	test-rmse:0.244990+0.016604 
[387]	train-rmse:0.243918+0.001658	test-rmse:0.244989+0.016603 
[388]	train-rmse:0.243917+0.001658	test-rmse:0.244988+0.016603 
[389]	train-rmse:0.243916+0.001658	test-rmse:0.244987+0.016603 
[390]	train-rmse:0.243915+0.001658	test-rmse:0.244986+0.016603 
[391]	train-rmse:0.243704+0.001931	test-rmse:0.244790+0.016572 
[392]	train-rmse:0.243703+0.001931	test-rmse:0.244789+0.016572 
[393]	train-rmse:0.243502+0.001932	test-rmse:0.244526+0.016766 
[394]	train-rmse:0.243501+0.001932	test-rmse:0.244525+0.016766 
[395]	train-rmse:0.243500+0.001932	test-rmse:0.244524+0.016766 
[396]	train-rmse:0.243499+0.001932	test-rmse:0.244523+0.016766 
[397]	train-rmse:0.243294+0.002222	test-rmse:0.244281+0.016737 
[398]	train-rmse:0.242716+0.002192	test-rmse:0.243819+0.016249 
[399]	train-rmse:0.242533+0.002440	test-rmse:0.243651+0.016232 
[400]	train-rmse:0.242341+0.002196	test-rmse:0.243415+0.016579 
[401]	train-rmse:0.242340+0.002196	test-rmse:0.243414+0.016579 
[402]	train-rmse:0.242339+0.002196	test-rmse:0.243414+0.016578 
[403]	train-rmse:0.242075+0.002450	test-rmse:0.243206+0.016339 
[404]	train-rmse:0.242074+0.002450	test-rmse:0.243206+0.016340 
[405]	train-rmse:0.242074+0.002450	test-rmse:0.243205+0.016339 
[406]	train-rmse:0.242073+0.002450	test-rmse:0.243204+0.016339 
[407]	train-rmse:0.241724+0.002508	test-rmse:0.242800+0.016683 
[408]	train-rmse:0.241723+0.002508	test-rmse:0.242800+0.016683 
[409]	train-rmse:0.241244+0.002596	test-rmse:0.242407+0.016473 
[410]	train-rmse:0.241243+0.002596	test-rmse:0.242407+0.016472 
[411]	train-rmse:0.241070+0.002495	test-rmse:0.242225+0.016595 
[412]	train-rmse:0.241070+0.002495	test-rmse:0.242224+0.016595 
[413]	train-rmse:0.241069+0.002495	test-rmse:0.242224+0.016595 
[414]	train-rmse:0.241069+0.002494	test-rmse:0.242223+0.016595 
[415]	train-rmse:0.241068+0.002494	test-rmse:0.242223+0.016594 
[416]	train-rmse:0.241067+0.002494	test-rmse:0.242222+0.016594 
[417]	train-rmse:0.241066+0.002494	test-rmse:0.242222+0.016594 
[418]	train-rmse:0.241066+0.002494	test-rmse:0.242221+0.016594 
[419]	train-rmse:0.241065+0.002494	test-rmse:0.242220+0.016594 
[420]	train-rmse:0.240902+0.002315	test-rmse:0.241987+0.016945 
[421]	train-rmse:0.240472+0.002464	test-rmse:0.241616+0.016753 
[422]	train-rmse:0.240472+0.002464	test-rmse:0.241615+0.016753 
[423]	train-rmse:0.239864+0.002329	test-rmse:0.241016+0.016977 
[424]	train-rmse:0.239864+0.002329	test-rmse:0.241015+0.016977 
[425]	train-rmse:0.239699+0.002590	test-rmse:0.240860+0.016967 
[426]	train-rmse:0.239463+0.002481	test-rmse:0.240683+0.016803 
[427]	train-rmse:0.239319+0.002320	test-rmse:0.240469+0.017128 
[428]	train-rmse:0.239161+0.002588	test-rmse:0.240320+0.017121 
[429]	train-rmse:0.239161+0.002588	test-rmse:0.240319+0.017120 
[430]	train-rmse:0.239161+0.002588	test-rmse:0.240319+0.017120 
[431]	train-rmse:0.238783+0.002609	test-rmse:0.239958+0.017228 
[432]	train-rmse:0.238656+0.002813	test-rmse:0.239833+0.017223 
[433]	train-rmse:0.238656+0.002813	test-rmse:0.239833+0.017223 
[434]	train-rmse:0.238655+0.002813	test-rmse:0.239833+0.017223 
[435]	train-rmse:0.238432+0.002991	test-rmse:0.239647+0.017006 
[436]	train-rmse:0.238432+0.002991	test-rmse:0.239647+0.017006 
[437]	train-rmse:0.238281+0.002871	test-rmse:0.239467+0.017286 
[438]	train-rmse:0.238280+0.002871	test-rmse:0.239467+0.017286 
[439]	train-rmse:0.238061+0.002761	test-rmse:0.239301+0.017130 
[440]	train-rmse:0.238061+0.002761	test-rmse:0.239301+0.017129 
[441]	train-rmse:0.238061+0.002761	test-rmse:0.239301+0.017129 
[442]	train-rmse:0.237907+0.002594	test-rmse:0.239134+0.017227 
[443]	train-rmse:0.237785+0.002780	test-rmse:0.239024+0.017221 
[444]	train-rmse:0.237784+0.002780	test-rmse:0.239023+0.017221 
[445]	train-rmse:0.237784+0.002780	test-rmse:0.239023+0.017221 
[446]	train-rmse:0.237449+0.003147	test-rmse:0.238724+0.017022 
[447]	train-rmse:0.237448+0.003146	test-rmse:0.238724+0.017022 
[448]	train-rmse:0.237448+0.003146	test-rmse:0.238724+0.017022 
[449]	train-rmse:0.237448+0.003146	test-rmse:0.238724+0.017022 
[450]	train-rmse:0.237448+0.003146	test-rmse:0.238724+0.017021 
[451]	train-rmse:0.237448+0.003146	test-rmse:0.238724+0.017021 
[452]	train-rmse:0.237240+0.003068	test-rmse:0.238567+0.016872 
[453]	train-rmse:0.237042+0.003256	test-rmse:0.238443+0.016727 
[454]	train-rmse:0.237042+0.003256	test-rmse:0.238443+0.016727 
[455]	train-rmse:0.236935+0.003399	test-rmse:0.238349+0.016725 
[456]	train-rmse:0.236935+0.003399	test-rmse:0.238349+0.016725 
[457]	train-rmse:0.236935+0.003399	test-rmse:0.238349+0.016725 
[458]	train-rmse:0.236935+0.003399	test-rmse:0.238349+0.016725 
[459]	train-rmse:0.236935+0.003399	test-rmse:0.238349+0.016725 
[460]	train-rmse:0.236935+0.003399	test-rmse:0.238349+0.016724 
[461]	train-rmse:0.236934+0.003399	test-rmse:0.238349+0.016724 
[462]	train-rmse:0.236751+0.003591	test-rmse:0.238201+0.016555 
[463]	train-rmse:0.236542+0.003543	test-rmse:0.238044+0.016404 
[464]	train-rmse:0.236542+0.003543	test-rmse:0.238044+0.016404 
[465]	train-rmse:0.236542+0.003543	test-rmse:0.238044+0.016404 
[466]	train-rmse:0.236433+0.003679	test-rmse:0.237925+0.016402 
[467]	train-rmse:0.236433+0.003678	test-rmse:0.237925+0.016402 
[468]	train-rmse:0.236433+0.003678	test-rmse:0.237925+0.016402 
[469]	train-rmse:0.236433+0.003678	test-rmse:0.237925+0.016402 
[470]	train-rmse:0.236322+0.003824	test-rmse:0.237796+0.016404 
[471]	train-rmse:0.236322+0.003824	test-rmse:0.237796+0.016404 
[472]	train-rmse:0.236322+0.003824	test-rmse:0.237796+0.016403 
[473]	train-rmse:0.236322+0.003824	test-rmse:0.237796+0.016403 
[474]	train-rmse:0.235988+0.003675	test-rmse:0.237498+0.016506 
[475]	train-rmse:0.235988+0.003675	test-rmse:0.237498+0.016506 
[476]	train-rmse:0.235900+0.003792	test-rmse:0.237422+0.016507 
[477]	train-rmse:0.235900+0.003792	test-rmse:0.237421+0.016507 
[478]	train-rmse:0.235810+0.003917	test-rmse:0.237321+0.016511 
[479]	train-rmse:0.235810+0.003916	test-rmse:0.237321+0.016511 
[480]	train-rmse:0.235810+0.003916	test-rmse:0.237321+0.016511 
[481]	train-rmse:0.235810+0.003916	test-rmse:0.237321+0.016511 
[482]	train-rmse:0.235627+0.004075	test-rmse:0.237210+0.016380 
[483]	train-rmse:0.235374+0.004000	test-rmse:0.236905+0.016496 
[484]	train-rmse:0.235374+0.004000	test-rmse:0.236905+0.016496 
[485]	train-rmse:0.235374+0.003999	test-rmse:0.236905+0.016496 
[486]	train-rmse:0.235185+0.003991	test-rmse:0.236771+0.016368 
[487]	train-rmse:0.235185+0.003991	test-rmse:0.236771+0.016368 
[488]	train-rmse:0.234772+0.003946	test-rmse:0.236347+0.016385 
[489]	train-rmse:0.234772+0.003946	test-rmse:0.236347+0.016385 
[490]	train-rmse:0.234772+0.003946	test-rmse:0.236347+0.016384 
[491]	train-rmse:0.234772+0.003946	test-rmse:0.236347+0.016384 
[492]	train-rmse:0.234772+0.003946	test-rmse:0.236347+0.016384 
[493]	train-rmse:0.234772+0.003946	test-rmse:0.236347+0.016384 
[494]	train-rmse:0.234772+0.003946	test-rmse:0.236347+0.016384 
[495]	train-rmse:0.234773+0.003946	test-rmse:0.236347+0.016384 
[496]	train-rmse:0.234593+0.004095	test-rmse:0.236225+0.016235 
[497]	train-rmse:0.234593+0.004095	test-rmse:0.236224+0.016235 
[498]	train-rmse:0.234478+0.003957	test-rmse:0.236056+0.016492 
[499]	train-rmse:0.234478+0.003957	test-rmse:0.236056+0.016492 
[500]	train-rmse:0.234313+0.003986	test-rmse:0.235934+0.016378 
[501]	train-rmse:0.234313+0.003986	test-rmse:0.235934+0.016378 
[502]	train-rmse:0.234313+0.003986	test-rmse:0.235934+0.016378 
[503]	train-rmse:0.234313+0.003986	test-rmse:0.235935+0.016378 
[504]	train-rmse:0.234313+0.003986	test-rmse:0.235935+0.016378 
[505]	train-rmse:0.234082+0.004141	test-rmse:0.235737+0.016287 
[506]	train-rmse:0.233952+0.003989	test-rmse:0.235587+0.016518 
[507]	train-rmse:0.233802+0.004114	test-rmse:0.235466+0.016371 
[508]	train-rmse:0.233648+0.004260	test-rmse:0.235371+0.016258 
[509]	train-rmse:0.233648+0.004260	test-rmse:0.235371+0.016258 
[510]	train-rmse:0.233361+0.004233	test-rmse:0.235054+0.016234 
[511]	train-rmse:0.233362+0.004233	test-rmse:0.235055+0.016234 
[512]	train-rmse:0.233260+0.004114	test-rmse:0.234899+0.016475 
[513]	train-rmse:0.233123+0.003959	test-rmse:0.234713+0.016585 
[514]	train-rmse:0.233044+0.004044	test-rmse:0.234632+0.016584 
[515]	train-rmse:0.233044+0.004044	test-rmse:0.234632+0.016584 
[516]	train-rmse:0.233044+0.004044	test-rmse:0.234632+0.016584 
[517]	train-rmse:0.233044+0.004044	test-rmse:0.234632+0.016584 
[518]	train-rmse:0.232912+0.004193	test-rmse:0.234521+0.016454 
[519]	train-rmse:0.232800+0.004063	test-rmse:0.234381+0.016669 
[520]	train-rmse:0.232684+0.004204	test-rmse:0.234288+0.016561 
[521]	train-rmse:0.232534+0.004218	test-rmse:0.234162+0.016439 
[522]	train-rmse:0.232414+0.004085	test-rmse:0.234036+0.016514 
[523]	train-rmse:0.232415+0.004085	test-rmse:0.234036+0.016514 
[524]	train-rmse:0.232284+0.004249	test-rmse:0.233951+0.016417 
[525]	train-rmse:0.232182+0.004385	test-rmse:0.233869+0.016323 
[526]	train-rmse:0.232182+0.004385	test-rmse:0.233870+0.016323 
[527]	train-rmse:0.232182+0.004384	test-rmse:0.233870+0.016323 
[528]	train-rmse:0.232183+0.004384	test-rmse:0.233870+0.016323 
[529]	train-rmse:0.232183+0.004384	test-rmse:0.233871+0.016323 
[530]	train-rmse:0.232183+0.004384	test-rmse:0.233871+0.016323 
[531]	train-rmse:0.232077+0.004263	test-rmse:0.233754+0.016505 
[532]	train-rmse:0.232078+0.004263	test-rmse:0.233754+0.016505 
[533]	train-rmse:0.231931+0.004281	test-rmse:0.233651+0.016404 
[534]	train-rmse:0.231868+0.004331	test-rmse:0.233587+0.016401 
[535]	train-rmse:0.231868+0.004331	test-rmse:0.233587+0.016401 
[536]	train-rmse:0.231868+0.004331	test-rmse:0.233587+0.016401 
[537]	train-rmse:0.231759+0.004210	test-rmse:0.233473+0.016469 
[538]	train-rmse:0.231759+0.004210	test-rmse:0.233473+0.016469 
[539]	train-rmse:0.231760+0.004210	test-rmse:0.233474+0.016469 
[540]	train-rmse:0.231760+0.004209	test-rmse:0.233474+0.016469 
[541]	train-rmse:0.231760+0.004209	test-rmse:0.233474+0.016469 
[542]	train-rmse:0.231760+0.004209	test-rmse:0.233475+0.016469 
[543]	train-rmse:0.231761+0.004209	test-rmse:0.233475+0.016469 
[544]	train-rmse:0.231761+0.004209	test-rmse:0.233475+0.016469 
[545]	train-rmse:0.231761+0.004209	test-rmse:0.233475+0.016469 
[546]	train-rmse:0.231624+0.004240	test-rmse:0.233379+0.016376 
[547]	train-rmse:0.231624+0.004240	test-rmse:0.233379+0.016376 
[548]	train-rmse:0.231624+0.004240	test-rmse:0.233379+0.016376 
[549]	train-rmse:0.231327+0.004468	test-rmse:0.233155+0.016233 
[550]	train-rmse:0.231327+0.004467	test-rmse:0.233155+0.016233 
[551]	train-rmse:0.231233+0.004588	test-rmse:0.233070+0.016136 
[552]	train-rmse:0.231233+0.004588	test-rmse:0.233071+0.016136 
[553]	train-rmse:0.231121+0.004627	test-rmse:0.232987+0.016056 
[554]	train-rmse:0.230940+0.004536	test-rmse:0.232775+0.016146 
[555]	train-rmse:0.230940+0.004536	test-rmse:0.232776+0.016146 
[556]	train-rmse:0.230940+0.004536	test-rmse:0.232776+0.016146 
[557]	train-rmse:0.230941+0.004536	test-rmse:0.232776+0.016146 
[558]	train-rmse:0.230941+0.004536	test-rmse:0.232777+0.016146 
[559]	train-rmse:0.230941+0.004536	test-rmse:0.232777+0.016146 
[560]	train-rmse:0.230942+0.004536	test-rmse:0.232778+0.016146 
[561]	train-rmse:0.230942+0.004536	test-rmse:0.232778+0.016146 
[562]	train-rmse:0.230942+0.004536	test-rmse:0.232778+0.016146 
[563]	train-rmse:0.230943+0.004536	test-rmse:0.232778+0.016146 
[564]	train-rmse:0.230848+0.004657	test-rmse:0.232734+0.016094 
[565]	train-rmse:0.230848+0.004657	test-rmse:0.232734+0.016094 
[566]	train-rmse:0.230778+0.004707	test-rmse:0.232669+0.016091 
[567]	train-rmse:0.230578+0.004643	test-rmse:0.232501+0.016097 
[568]	train-rmse:0.230516+0.004689	test-rmse:0.232437+0.016094 
[569]	train-rmse:0.230316+0.004615	test-rmse:0.232273+0.016158 
[570]	train-rmse:0.230222+0.004662	test-rmse:0.232204+0.016094 
[571]	train-rmse:0.230223+0.004662	test-rmse:0.232204+0.016094 
[572]	train-rmse:0.230223+0.004662	test-rmse:0.232205+0.016094 
[573]	train-rmse:0.230125+0.004778	test-rmse:0.232151+0.016030 
[574]	train-rmse:0.230126+0.004778	test-rmse:0.232151+0.016030 
[575]	train-rmse:0.230126+0.004778	test-rmse:0.232152+0.016030 
[576]	train-rmse:0.230126+0.004778	test-rmse:0.232152+0.016030 
[577]	train-rmse:0.230127+0.004778	test-rmse:0.232152+0.016030 
[578]	train-rmse:0.230064+0.004821	test-rmse:0.232086+0.016027 
[579]	train-rmse:0.230064+0.004821	test-rmse:0.232087+0.016027 
[580]	train-rmse:0.230065+0.004821	test-rmse:0.232087+0.016027 
[581]	train-rmse:0.230065+0.004821	test-rmse:0.232088+0.016027 
[582]	train-rmse:0.229871+0.004820	test-rmse:0.231909+0.016122 
[583]	train-rmse:0.229872+0.004820	test-rmse:0.231909+0.016122 
[584]	train-rmse:0.229753+0.004693	test-rmse:0.231764+0.016213 
[585]	train-rmse:0.229753+0.004693	test-rmse:0.231764+0.016213 
[586]	train-rmse:0.229604+0.004847	test-rmse:0.231656+0.016153 
[587]	train-rmse:0.229605+0.004847	test-rmse:0.231656+0.016153 
[588]	train-rmse:0.229605+0.004847	test-rmse:0.231656+0.016153 
[589]	train-rmse:0.229496+0.004738	test-rmse:0.231527+0.016237 
[590]	train-rmse:0.229496+0.004738	test-rmse:0.231527+0.016237 
[591]	train-rmse:0.229497+0.004738	test-rmse:0.231528+0.016237 
[592]	train-rmse:0.229497+0.004738	test-rmse:0.231528+0.016237 
[593]	train-rmse:0.229321+0.004665	test-rmse:0.231345+0.016368 
[594]	train-rmse:0.229274+0.004696	test-rmse:0.231297+0.016366 
[595]	train-rmse:0.229274+0.004695	test-rmse:0.231298+0.016366 
[596]	train-rmse:0.229275+0.004695	test-rmse:0.231298+0.016366 
[597]	train-rmse:0.229275+0.004695	test-rmse:0.231298+0.016366 
[598]	train-rmse:0.229275+0.004695	test-rmse:0.231299+0.016366 
[599]	train-rmse:0.229276+0.004695	test-rmse:0.231299+0.016366 
[600]	train-rmse:0.229276+0.004695	test-rmse:0.231299+0.016366 
[601]	train-rmse:0.229276+0.004695	test-rmse:0.231300+0.016366 
[602]	train-rmse:0.229195+0.004588	test-rmse:0.231214+0.016497 
[603]	train-rmse:0.229195+0.004588	test-rmse:0.231214+0.016497 
[604]	train-rmse:0.229195+0.004587	test-rmse:0.231215+0.016497 
[605]	train-rmse:0.229123+0.004495	test-rmse:0.231103+0.016669 
[606]	train-rmse:0.229123+0.004495	test-rmse:0.231103+0.016669 
[607]	train-rmse:0.229124+0.004495	test-rmse:0.231103+0.016669 
[608]	train-rmse:0.229042+0.004532	test-rmse:0.231068+0.016636 
[609]	train-rmse:0.229042+0.004532	test-rmse:0.231069+0.016636 
[610]	train-rmse:0.229042+0.004532	test-rmse:0.231069+0.016636 
[611]	train-rmse:0.229043+0.004531	test-rmse:0.231069+0.016636 
[612]	train-rmse:0.228951+0.004649	test-rmse:0.231025+0.016584 
[613]	train-rmse:0.228908+0.004675	test-rmse:0.230982+0.016581 
[614]	train-rmse:0.228909+0.004675	test-rmse:0.230982+0.016581 
[615]	train-rmse:0.228873+0.004699	test-rmse:0.230953+0.016580 
[616]	train-rmse:0.228801+0.004792	test-rmse:0.230912+0.016532 
[617]	train-rmse:0.228801+0.004792	test-rmse:0.230912+0.016532 
[618]	train-rmse:0.228802+0.004792	test-rmse:0.230913+0.016532 
[619]	train-rmse:0.228630+0.004732	test-rmse:0.230761+0.016533 
[620]	train-rmse:0.228630+0.004732	test-rmse:0.230761+0.016533 
[621]	train-rmse:0.228631+0.004732	test-rmse:0.230761+0.016533 
[622]	train-rmse:0.228631+0.004732	test-rmse:0.230762+0.016533 
[623]	train-rmse:0.228506+0.004673	test-rmse:0.230635+0.016583 
[624]	train-rmse:0.228470+0.004696	test-rmse:0.230598+0.016581 
[625]	train-rmse:0.228470+0.004696	test-rmse:0.230598+0.016581 
[626]	train-rmse:0.228471+0.004696	test-rmse:0.230598+0.016581 
[627]	train-rmse:0.228471+0.004696	test-rmse:0.230599+0.016581 
[628]	train-rmse:0.228395+0.004596	test-rmse:0.230516+0.016706 
[629]	train-rmse:0.228396+0.004596	test-rmse:0.230517+0.016706 
[630]	train-rmse:0.228396+0.004596	test-rmse:0.230517+0.016706 
[631]	train-rmse:0.228333+0.004678	test-rmse:0.230463+0.016643 
[632]	train-rmse:0.228333+0.004678	test-rmse:0.230464+0.016643 
[633]	train-rmse:0.228334+0.004678	test-rmse:0.230464+0.016643 
[634]	train-rmse:0.228334+0.004677	test-rmse:0.230465+0.016643 
[635]	train-rmse:0.228282+0.004712	test-rmse:0.230417+0.016641 
[636]	train-rmse:0.228282+0.004712	test-rmse:0.230417+0.016641 
[637]	train-rmse:0.228282+0.004712	test-rmse:0.230418+0.016641 
[638]	train-rmse:0.228230+0.004748	test-rmse:0.230359+0.016639 
[639]	train-rmse:0.228133+0.004691	test-rmse:0.230227+0.016785 
[640]	train-rmse:0.228134+0.004691	test-rmse:0.230227+0.016785 
[641]	train-rmse:0.228074+0.004768	test-rmse:0.230176+0.016726 
[642]	train-rmse:0.228074+0.004768	test-rmse:0.230177+0.016726 
[643]	train-rmse:0.228074+0.004768	test-rmse:0.230177+0.016726 
[644]	train-rmse:0.228075+0.004768	test-rmse:0.230178+0.016726 
[645]	train-rmse:0.227918+0.004586	test-rmse:0.229984+0.016913 
[646]	train-rmse:0.227918+0.004586	test-rmse:0.229984+0.016913 
[647]	train-rmse:0.227919+0.004586	test-rmse:0.229984+0.016913 
[648]	train-rmse:0.227919+0.004586	test-rmse:0.229985+0.016913 
[649]	train-rmse:0.227919+0.004586	test-rmse:0.229985+0.016913 
[650]	train-rmse:0.227752+0.004511	test-rmse:0.229829+0.016945 
[651]	train-rmse:0.227753+0.004511	test-rmse:0.229830+0.016945 
[652]	train-rmse:0.227753+0.004511	test-rmse:0.229830+0.016945 
[653]	train-rmse:0.227753+0.004511	test-rmse:0.229831+0.016945 
[654]	train-rmse:0.227685+0.004601	test-rmse:0.229798+0.016907 
[655]	train-rmse:0.227685+0.004601	test-rmse:0.229798+0.016907 
[656]	train-rmse:0.227686+0.004601	test-rmse:0.229798+0.016907 
[657]	train-rmse:0.227686+0.004601	test-rmse:0.229799+0.016907 
[658]	train-rmse:0.227687+0.004601	test-rmse:0.229799+0.016907 
[659]	train-rmse:0.227687+0.004601	test-rmse:0.229800+0.016907 
[660]	train-rmse:0.227688+0.004601	test-rmse:0.229800+0.016907 
[661]	train-rmse:0.227688+0.004601	test-rmse:0.229800+0.016906 
[662]	train-rmse:0.227617+0.004627	test-rmse:0.229777+0.016884 
[663]	train-rmse:0.227618+0.004627	test-rmse:0.229778+0.016884 
[664]	train-rmse:0.227618+0.004627	test-rmse:0.229778+0.016884 
[665]	train-rmse:0.227546+0.004723	test-rmse:0.229738+0.016837 
[666]	train-rmse:0.227546+0.004723	test-rmse:0.229739+0.016837 
[667]	train-rmse:0.227445+0.004674	test-rmse:0.229607+0.016972 
[668]	train-rmse:0.227445+0.004674	test-rmse:0.229608+0.016972 
[669]	train-rmse:0.227446+0.004674	test-rmse:0.229608+0.016972 
[670]	train-rmse:0.227392+0.004746	test-rmse:0.229564+0.016921 
[671]	train-rmse:0.227393+0.004746	test-rmse:0.229565+0.016921 
[672]	train-rmse:0.227349+0.004773	test-rmse:0.229514+0.016918 
[673]	train-rmse:0.227312+0.004798	test-rmse:0.229473+0.016917 
[674]	train-rmse:0.227313+0.004798	test-rmse:0.229474+0.016917 
[675]	train-rmse:0.227189+0.004657	test-rmse:0.229331+0.017080 
[676]	train-rmse:0.227189+0.004657	test-rmse:0.229332+0.017080 
[677]	train-rmse:0.227113+0.004683	test-rmse:0.229278+0.017027 
[678]	train-rmse:0.227040+0.004590	test-rmse:0.229194+0.017155 
[679]	train-rmse:0.227007+0.004612	test-rmse:0.229176+0.017154 
[680]	train-rmse:0.227007+0.004612	test-rmse:0.229176+0.017154 
[681]	train-rmse:0.227008+0.004612	test-rmse:0.229177+0.017154 
[682]	train-rmse:0.227008+0.004612	test-rmse:0.229177+0.017154 
[683]	train-rmse:0.227008+0.004612	test-rmse:0.229177+0.017154 
[684]	train-rmse:0.226943+0.004637	test-rmse:0.229128+0.017106 
[685]	train-rmse:0.226944+0.004637	test-rmse:0.229128+0.017106 
[686]	train-rmse:0.226944+0.004637	test-rmse:0.229128+0.017106 
[687]	train-rmse:0.226945+0.004637	test-rmse:0.229129+0.017106 
[688]	train-rmse:0.226945+0.004637	test-rmse:0.229129+0.017106 
[689]	train-rmse:0.226945+0.004637	test-rmse:0.229129+0.017106 
[690]	train-rmse:0.226946+0.004637	test-rmse:0.229130+0.017106 
[691]	train-rmse:0.226946+0.004636	test-rmse:0.229130+0.017106 
[692]	train-rmse:0.226875+0.004668	test-rmse:0.229080+0.017057 
[693]	train-rmse:0.226759+0.004731	test-rmse:0.228952+0.016983 
[694]	train-rmse:0.226759+0.004731	test-rmse:0.228952+0.016983 
[695]	train-rmse:0.226760+0.004731	test-rmse:0.228953+0.016983 
[696]	train-rmse:0.226760+0.004731	test-rmse:0.228953+0.016983 
[697]	train-rmse:0.226760+0.004731	test-rmse:0.228954+0.016983 
[698]	train-rmse:0.226695+0.004660	test-rmse:0.228887+0.017025 
[699]	train-rmse:0.226646+0.004596	test-rmse:0.228813+0.017139 
[700]	train-rmse:0.226646+0.004596	test-rmse:0.228813+0.017138 
[701]	train-rmse:0.226647+0.004596	test-rmse:0.228814+0.017138 
[702]	train-rmse:0.226596+0.004658	test-rmse:0.228777+0.017095 
[703]	train-rmse:0.226597+0.004658	test-rmse:0.228778+0.017095 
[704]	train-rmse:0.226597+0.004658	test-rmse:0.228778+0.017095 
[705]	train-rmse:0.226564+0.004679	test-rmse:0.228784+0.017095 
[706]	train-rmse:0.226565+0.004679	test-rmse:0.228784+0.017095 
[707]	train-rmse:0.226565+0.004679	test-rmse:0.228784+0.017095 
[708]	train-rmse:0.226565+0.004679	test-rmse:0.228785+0.017095 
[709]	train-rmse:0.226566+0.004679	test-rmse:0.228785+0.017095 
[710]	train-rmse:0.226566+0.004679	test-rmse:0.228785+0.017095 
[711]	train-rmse:0.226567+0.004679	test-rmse:0.228786+0.017095 
[712]	train-rmse:0.226567+0.004679	test-rmse:0.228786+0.017095 
[713]	train-rmse:0.226510+0.004607	test-rmse:0.228728+0.017185 
[714]	train-rmse:0.226511+0.004607	test-rmse:0.228728+0.017185 
[715]	train-rmse:0.226450+0.004540	test-rmse:0.228670+0.017221 
[716]	train-rmse:0.226327+0.004493	test-rmse:0.228539+0.017255 
[717]	train-rmse:0.226327+0.004493	test-rmse:0.228539+0.017255 
[718]	train-rmse:0.226327+0.004493	test-rmse:0.228540+0.017255 
[719]	train-rmse:0.226328+0.004493	test-rmse:0.228540+0.017255 
[720]	train-rmse:0.226328+0.004493	test-rmse:0.228540+0.017255 
[721]	train-rmse:0.226328+0.004493	test-rmse:0.228541+0.017255 
[722]	train-rmse:0.226329+0.004493	test-rmse:0.228541+0.017255 
[723]	train-rmse:0.226329+0.004493	test-rmse:0.228541+0.017255 
[724]	train-rmse:0.226330+0.004493	test-rmse:0.228542+0.017255 
[725]	train-rmse:0.226330+0.004493	test-rmse:0.228542+0.017255 
[726]	train-rmse:0.226277+0.004521	test-rmse:0.228528+0.017241 
[727]	train-rmse:0.226277+0.004521	test-rmse:0.228528+0.017241 
[728]	train-rmse:0.226191+0.004571	test-rmse:0.228445+0.017197 
[729]	train-rmse:0.226159+0.004591	test-rmse:0.228410+0.017195 
[730]	train-rmse:0.226160+0.004591	test-rmse:0.228411+0.017195 
[731]	train-rmse:0.226160+0.004591	test-rmse:0.228411+0.017195 
[732]	train-rmse:0.226161+0.004591	test-rmse:0.228412+0.017195 
[733]	train-rmse:0.226161+0.004591	test-rmse:0.228412+0.017195 
[734]	train-rmse:0.226161+0.004591	test-rmse:0.228412+0.017195 
[735]	train-rmse:0.226077+0.004642	test-rmse:0.228400+0.017214 
[736]	train-rmse:0.226077+0.004642	test-rmse:0.228400+0.017214 
[737]	train-rmse:0.226077+0.004642	test-rmse:0.228401+0.017214 
[738]	train-rmse:0.226078+0.004642	test-rmse:0.228401+0.017213 
[739]	train-rmse:0.226078+0.004642	test-rmse:0.228402+0.017213 
[740]	train-rmse:0.226035+0.004670	test-rmse:0.228376+0.017189 
[741]	train-rmse:0.226035+0.004670	test-rmse:0.228377+0.017189 
[742]	train-rmse:0.226001+0.004691	test-rmse:0.228338+0.017188 
[743]	train-rmse:0.226002+0.004691	test-rmse:0.228338+0.017188 
[744]	train-rmse:0.226002+0.004691	test-rmse:0.228338+0.017188 
[745]	train-rmse:0.225855+0.004721	test-rmse:0.228201+0.017228 
[746]	train-rmse:0.225855+0.004721	test-rmse:0.228201+0.017228 
[747]	train-rmse:0.225855+0.004721	test-rmse:0.228202+0.017228 
[748]	train-rmse:0.225856+0.004721	test-rmse:0.228202+0.017228 
[749]	train-rmse:0.225794+0.004640	test-rmse:0.228135+0.017331 
[750]	train-rmse:0.225794+0.004639	test-rmse:0.228136+0.017331 
[751]	train-rmse:0.225742+0.004675	test-rmse:0.228160+0.017353 
[752]	train-rmse:0.225742+0.004675	test-rmse:0.228161+0.017353 
[753]	train-rmse:0.225640+0.004607	test-rmse:0.228034+0.017408 
[754]	train-rmse:0.225566+0.004528	test-rmse:0.227948+0.017464 
[755]	train-rmse:0.225510+0.004451	test-rmse:0.227887+0.017557 
[756]	train-rmse:0.225471+0.004479	test-rmse:0.227877+0.017547 
[757]	train-rmse:0.225420+0.004537	test-rmse:0.227861+0.017528 
[758]	train-rmse:0.225420+0.004537	test-rmse:0.227861+0.017528 
[759]	train-rmse:0.225420+0.004537	test-rmse:0.227862+0.017528 
[760]	train-rmse:0.225386+0.004557	test-rmse:0.227829+0.017526 
[761]	train-rmse:0.225386+0.004557	test-rmse:0.227830+0.017526 
[762]	train-rmse:0.225387+0.004557	test-rmse:0.227830+0.017526 
[763]	train-rmse:0.225287+0.004644	test-rmse:0.227738+0.017435 
[764]	train-rmse:0.225288+0.004644	test-rmse:0.227739+0.017434 
[765]	train-rmse:0.225288+0.004644	test-rmse:0.227739+0.017434 
[766]	train-rmse:0.225288+0.004644	test-rmse:0.227739+0.017434 
[767]	train-rmse:0.225289+0.004644	test-rmse:0.227740+0.017434 
[768]	train-rmse:0.225289+0.004644	test-rmse:0.227740+0.017434 
[769]	train-rmse:0.225183+0.004735	test-rmse:0.227693+0.017374 
[770]	train-rmse:0.225126+0.004801	test-rmse:0.227671+0.017347 
[771]	train-rmse:0.225127+0.004801	test-rmse:0.227672+0.017347 
[772]	train-rmse:0.225127+0.004801	test-rmse:0.227672+0.017347 
[773]	train-rmse:0.225059+0.004729	test-rmse:0.227589+0.017402 
[774]	train-rmse:0.225005+0.004794	test-rmse:0.227561+0.017368 
[775]	train-rmse:0.224959+0.004732	test-rmse:0.227533+0.017410 
[776]	train-rmse:0.224855+0.004708	test-rmse:0.227392+0.017411 
[777]	train-rmse:0.224855+0.004708	test-rmse:0.227393+0.017410 
[778]	train-rmse:0.224803+0.004772	test-rmse:0.227375+0.017389 
[779]	train-rmse:0.224761+0.004801	test-rmse:0.227401+0.017413 
[780]	train-rmse:0.224710+0.004863	test-rmse:0.227390+0.017400 
[781]	train-rmse:0.224675+0.004907	test-rmse:0.227362+0.017366 
[782]	train-rmse:0.224581+0.004797	test-rmse:0.227304+0.017424 
[783]	train-rmse:0.224582+0.004797	test-rmse:0.227304+0.017424 
[784]	train-rmse:0.224582+0.004797	test-rmse:0.227304+0.017424 
[785]	train-rmse:0.224535+0.004829	test-rmse:0.227247+0.017371 
[786]	train-rmse:0.224536+0.004829	test-rmse:0.227248+0.017370 
[787]	train-rmse:0.224447+0.004728	test-rmse:0.227115+0.017507 
[788]	train-rmse:0.224448+0.004728	test-rmse:0.227115+0.017507 
[789]	train-rmse:0.224414+0.004770	test-rmse:0.227088+0.017475 
[790]	train-rmse:0.224415+0.004770	test-rmse:0.227088+0.017475 
[791]	train-rmse:0.224415+0.004770	test-rmse:0.227089+0.017475 
[792]	train-rmse:0.224416+0.004770	test-rmse:0.227089+0.017475 
[793]	train-rmse:0.224352+0.004735	test-rmse:0.226999+0.017547 
[794]	train-rmse:0.224352+0.004735	test-rmse:0.226999+0.017547 
[795]	train-rmse:0.224253+0.004693	test-rmse:0.226892+0.017570 
[796]	train-rmse:0.224213+0.004744	test-rmse:0.226876+0.017550 
[797]	train-rmse:0.224213+0.004744	test-rmse:0.226876+0.017550 
[798]	train-rmse:0.224214+0.004744	test-rmse:0.226876+0.017550 
[799]	train-rmse:0.224214+0.004744	test-rmse:0.226877+0.017550 
[800]	train-rmse:0.224215+0.004744	test-rmse:0.226877+0.017550 
[801]	train-rmse:0.224215+0.004743	test-rmse:0.226877+0.017550 
[802]	train-rmse:0.224215+0.004743	test-rmse:0.226878+0.017550 
[803]	train-rmse:0.224216+0.004743	test-rmse:0.226878+0.017549 
[804]	train-rmse:0.224185+0.004783	test-rmse:0.226850+0.017516 
[805]	train-rmse:0.224185+0.004783	test-rmse:0.226850+0.017516 
[806]	train-rmse:0.224186+0.004783	test-rmse:0.226851+0.017516 
[807]	train-rmse:0.224186+0.004783	test-rmse:0.226851+0.017516 
[808]	train-rmse:0.224186+0.004783	test-rmse:0.226852+0.017516 
[809]	train-rmse:0.224121+0.004846	test-rmse:0.226859+0.017517 
[810]	train-rmse:0.224121+0.004846	test-rmse:0.226859+0.017517 
[811]	train-rmse:0.224122+0.004846	test-rmse:0.226859+0.017517 
[812]	train-rmse:0.224122+0.004846	test-rmse:0.226860+0.017516 
[813]	train-rmse:0.224122+0.004846	test-rmse:0.226860+0.017516 
[814]	train-rmse:0.224054+0.004913	test-rmse:0.226854+0.017500 
[815]	train-rmse:0.224009+0.004867	test-rmse:0.226815+0.017527 
[816]	train-rmse:0.224010+0.004867	test-rmse:0.226816+0.017527 
[817]	train-rmse:0.224010+0.004867	test-rmse:0.226816+0.017526 
[818]	train-rmse:0.224011+0.004867	test-rmse:0.226816+0.017526 
[819]	train-rmse:0.224011+0.004867	test-rmse:0.226817+0.017526 
[820]	train-rmse:0.224011+0.004867	test-rmse:0.226817+0.017526 
[821]	train-rmse:0.224012+0.004867	test-rmse:0.226818+0.017526 
[822]	train-rmse:0.224012+0.004867	test-rmse:0.226818+0.017526 
[823]	train-rmse:0.223990+0.004875	test-rmse:0.226798+0.017524 
[824]	train-rmse:0.223990+0.004875	test-rmse:0.226798+0.017524 
[825]	train-rmse:0.223968+0.004883	test-rmse:0.226774+0.017522 
[826]	train-rmse:0.223969+0.004883	test-rmse:0.226775+0.017522 
[827]	train-rmse:0.223969+0.004883	test-rmse:0.226775+0.017522 
[828]	train-rmse:0.223877+0.004956	test-rmse:0.226726+0.017500 
[829]	train-rmse:0.223835+0.004914	test-rmse:0.226700+0.017519 
[830]	train-rmse:0.223806+0.004926	test-rmse:0.226671+0.017516 
[831]	train-rmse:0.223759+0.004862	test-rmse:0.226624+0.017588 
[832]	train-rmse:0.223759+0.004862	test-rmse:0.226624+0.017588 
[833]	train-rmse:0.223759+0.004862	test-rmse:0.226624+0.017588 
[834]	train-rmse:0.223728+0.004820	test-rmse:0.226579+0.017657 
[835]	train-rmse:0.223728+0.004820	test-rmse:0.226579+0.017657 
[836]	train-rmse:0.223729+0.004820	test-rmse:0.226579+0.017657 
[837]	train-rmse:0.223686+0.004876	test-rmse:0.226567+0.017642 
[838]	train-rmse:0.223663+0.004886	test-rmse:0.226575+0.017643 
[839]	train-rmse:0.223663+0.004886	test-rmse:0.226576+0.017643 
[840]	train-rmse:0.223617+0.004838	test-rmse:0.226503+0.017692 
[841]	train-rmse:0.223535+0.004742	test-rmse:0.226432+0.017772 
[842]	train-rmse:0.223535+0.004742	test-rmse:0.226432+0.017772 
[843]	train-rmse:0.223535+0.004742	test-rmse:0.226433+0.017772 
[844]	train-rmse:0.223500+0.004707	test-rmse:0.226404+0.017792 
[845]	train-rmse:0.223445+0.004653	test-rmse:0.226349+0.017831 
[846]	train-rmse:0.223404+0.004707	test-rmse:0.226342+0.017823 
[847]	train-rmse:0.223305+0.004626	test-rmse:0.226217+0.017923 
[848]	train-rmse:0.223273+0.004646	test-rmse:0.226189+0.017896 
[849]	train-rmse:0.223274+0.004646	test-rmse:0.226190+0.017896 
[850]	train-rmse:0.223252+0.004654	test-rmse:0.226179+0.017895 
[851]	train-rmse:0.223218+0.004624	test-rmse:0.226155+0.017912 
[852]	train-rmse:0.223219+0.004624	test-rmse:0.226156+0.017912 
[853]	train-rmse:0.223219+0.004624	test-rmse:0.226156+0.017912 
[854]	train-rmse:0.223220+0.004623	test-rmse:0.226156+0.017912 
[855]	train-rmse:0.223220+0.004623	test-rmse:0.226156+0.017912 
[856]	train-rmse:0.223191+0.004582	test-rmse:0.226121+0.017965 
[857]	train-rmse:0.223191+0.004582	test-rmse:0.226122+0.017964 
[858]	train-rmse:0.223191+0.004582	test-rmse:0.226122+0.017964 
[859]	train-rmse:0.223192+0.004582	test-rmse:0.226122+0.017964 
[860]	train-rmse:0.223192+0.004582	test-rmse:0.226122+0.017964 
[861]	train-rmse:0.223192+0.004582	test-rmse:0.226123+0.017964 
[862]	train-rmse:0.223193+0.004582	test-rmse:0.226123+0.017964 
[863]	train-rmse:0.223193+0.004582	test-rmse:0.226123+0.017964 
[864]	train-rmse:0.223193+0.004582	test-rmse:0.226124+0.017964 
[865]	train-rmse:0.223194+0.004582	test-rmse:0.226124+0.017964 
[866]	train-rmse:0.223194+0.004582	test-rmse:0.226124+0.017964 
[867]	train-rmse:0.223194+0.004582	test-rmse:0.226124+0.017964 
[868]	train-rmse:0.223195+0.004582	test-rmse:0.226125+0.017964 
[869]	train-rmse:0.223165+0.004555	test-rmse:0.226108+0.017975 
[870]	train-rmse:0.223165+0.004555	test-rmse:0.226109+0.017975 
[871]	train-rmse:0.223165+0.004555	test-rmse:0.226109+0.017975 
[872]	train-rmse:0.223101+0.004514	test-rmse:0.226064+0.018000 
[873]	train-rmse:0.223101+0.004514	test-rmse:0.226064+0.018000 
[874]	train-rmse:0.223102+0.004514	test-rmse:0.226064+0.018000 
[875]	train-rmse:0.223073+0.004531	test-rmse:0.226054+0.017990 
[876]	train-rmse:0.223073+0.004531	test-rmse:0.226055+0.017990 
[877]	train-rmse:0.223074+0.004531	test-rmse:0.226055+0.017989 
[878]	train-rmse:0.223074+0.004531	test-rmse:0.226055+0.017989 
[879]	train-rmse:0.223005+0.004600	test-rmse:0.226024+0.017960 
[880]	train-rmse:0.222973+0.004620	test-rmse:0.226053+0.017986 
[881]	train-rmse:0.222973+0.004620	test-rmse:0.226053+0.017986 
[882]	train-rmse:0.222973+0.004620	test-rmse:0.226053+0.017986 
[883]	train-rmse:0.222974+0.004620	test-rmse:0.226054+0.017986 
[884]	train-rmse:0.222949+0.004653	test-rmse:0.226031+0.017959 
[885]	train-rmse:0.222911+0.004678	test-rmse:0.226016+0.017945 
[886]	train-rmse:0.222911+0.004678	test-rmse:0.226016+0.017945 
[887]	train-rmse:0.222912+0.004678	test-rmse:0.226017+0.017944 
[888]	train-rmse:0.222845+0.004634	test-rmse:0.225960+0.017991 
[889]	train-rmse:0.222845+0.004634	test-rmse:0.225960+0.017991 
[890]	train-rmse:0.222846+0.004634	test-rmse:0.225961+0.017991 
[891]	train-rmse:0.222823+0.004649	test-rmse:0.225944+0.017976 
[892]	train-rmse:0.222824+0.004649	test-rmse:0.225945+0.017975 
[893]	train-rmse:0.222824+0.004649	test-rmse:0.225945+0.017975 
[894]	train-rmse:0.222824+0.004649	test-rmse:0.225945+0.017975 
[895]	train-rmse:0.222825+0.004649	test-rmse:0.225945+0.017975 
[896]	train-rmse:0.222805+0.004656	test-rmse:0.225929+0.017974 
[897]	train-rmse:0.222806+0.004656	test-rmse:0.225929+0.017974 
[898]	train-rmse:0.222806+0.004656	test-rmse:0.225930+0.017973 
[899]	train-rmse:0.222787+0.004662	test-rmse:0.225921+0.017973 
[900]	train-rmse:0.222683+0.004746	test-rmse:0.225815+0.017896 
[901]	train-rmse:0.222683+0.004746	test-rmse:0.225815+0.017896 
[902]	train-rmse:0.222684+0.004746	test-rmse:0.225816+0.017896 
[903]	train-rmse:0.222684+0.004746	test-rmse:0.225816+0.017896 
[904]	train-rmse:0.222658+0.004755	test-rmse:0.225817+0.017896 
[905]	train-rmse:0.222659+0.004755	test-rmse:0.225817+0.017896 
[906]	train-rmse:0.222659+0.004755	test-rmse:0.225817+0.017896 
[907]	train-rmse:0.222659+0.004755	test-rmse:0.225817+0.017896 
[908]	train-rmse:0.222632+0.004717	test-rmse:0.225790+0.017937 
[909]	train-rmse:0.222632+0.004717	test-rmse:0.225790+0.017937 
[910]	train-rmse:0.222607+0.004750	test-rmse:0.225766+0.017909 
[911]	train-rmse:0.222551+0.004708	test-rmse:0.225745+0.017956 
[912]	train-rmse:0.222552+0.004708	test-rmse:0.225745+0.017956 
[913]	train-rmse:0.222552+0.004708	test-rmse:0.225745+0.017956 
[914]	train-rmse:0.222528+0.004676	test-rmse:0.225715+0.018002 
[915]	train-rmse:0.222528+0.004676	test-rmse:0.225715+0.018002 
[916]	train-rmse:0.222492+0.004723	test-rmse:0.225706+0.017991 
[917]	train-rmse:0.222492+0.004723	test-rmse:0.225706+0.017991 
[918]	train-rmse:0.222493+0.004723	test-rmse:0.225706+0.017991 
[919]	train-rmse:0.222493+0.004723	test-rmse:0.225707+0.017991 
[920]	train-rmse:0.222493+0.004723	test-rmse:0.225707+0.017991 
[921]	train-rmse:0.222465+0.004761	test-rmse:0.225697+0.017979 
[922]	train-rmse:0.222465+0.004761	test-rmse:0.225697+0.017979 
[923]	train-rmse:0.222465+0.004761	test-rmse:0.225697+0.017979 
[924]	train-rmse:0.222396+0.004748	test-rmse:0.225596+0.017968 
[925]	train-rmse:0.222315+0.004761	test-rmse:0.225589+0.017979 
[926]	train-rmse:0.222315+0.004761	test-rmse:0.225589+0.017979 
[927]	train-rmse:0.222316+0.004761	test-rmse:0.225589+0.017979 
[928]	train-rmse:0.222316+0.004761	test-rmse:0.225590+0.017979 
[929]	train-rmse:0.222316+0.004761	test-rmse:0.225590+0.017979 
[930]	train-rmse:0.222317+0.004761	test-rmse:0.225590+0.017979 
[931]	train-rmse:0.222283+0.004717	test-rmse:0.225563+0.018020 
[932]	train-rmse:0.222266+0.004723	test-rmse:0.225543+0.018018 
[933]	train-rmse:0.222267+0.004723	test-rmse:0.225544+0.018018 
[934]	train-rmse:0.222236+0.004763	test-rmse:0.225542+0.018016 
[935]	train-rmse:0.222237+0.004763	test-rmse:0.225542+0.018016 
[936]	train-rmse:0.222219+0.004770	test-rmse:0.225555+0.018017 
[937]	train-rmse:0.222219+0.004770	test-rmse:0.225555+0.018017 
[938]	train-rmse:0.222186+0.004815	test-rmse:0.225547+0.018007 
[939]	train-rmse:0.222186+0.004815	test-rmse:0.225547+0.018007 
[940]	train-rmse:0.222186+0.004815	test-rmse:0.225547+0.018007 
[941]	train-rmse:0.222186+0.004815	test-rmse:0.225548+0.018007 
[942]	train-rmse:0.222187+0.004815	test-rmse:0.225548+0.018007 
[943]	train-rmse:0.222187+0.004815	test-rmse:0.225548+0.018007 
[944]	train-rmse:0.222163+0.004830	test-rmse:0.225545+0.018004 
[945]	train-rmse:0.222163+0.004830	test-rmse:0.225546+0.018004 
[946]	train-rmse:0.222164+0.004830	test-rmse:0.225546+0.018004 
[947]	train-rmse:0.222144+0.004843	test-rmse:0.225539+0.017997 
[948]	train-rmse:0.222144+0.004843	test-rmse:0.225540+0.017997 
[949]	train-rmse:0.222144+0.004843	test-rmse:0.225540+0.017997 
[950]	train-rmse:0.222144+0.004843	test-rmse:0.225540+0.017997 
[951]	train-rmse:0.222118+0.004853	test-rmse:0.225513+0.017994 
[952]	train-rmse:0.222074+0.004809	test-rmse:0.225472+0.018023 
[953]	train-rmse:0.222074+0.004809	test-rmse:0.225473+0.018023 
[954]	train-rmse:0.222044+0.004849	test-rmse:0.225467+0.018015 
[955]	train-rmse:0.222022+0.004878	test-rmse:0.225449+0.017995 
[956]	train-rmse:0.222022+0.004878	test-rmse:0.225450+0.017995 
[957]	train-rmse:0.222023+0.004878	test-rmse:0.225450+0.017995 
[958]	train-rmse:0.221981+0.004919	test-rmse:0.225411+0.017953 
[959]	train-rmse:0.221950+0.004877	test-rmse:0.225394+0.017979 
[960]	train-rmse:0.221950+0.004877	test-rmse:0.225394+0.017979 
[961]	train-rmse:0.221951+0.004877	test-rmse:0.225394+0.017979 
[962]	train-rmse:0.221923+0.004914	test-rmse:0.225389+0.017972 
[963]	train-rmse:0.221885+0.004877	test-rmse:0.225346+0.018002 
[964]	train-rmse:0.221886+0.004877	test-rmse:0.225346+0.018002 
[965]	train-rmse:0.221886+0.004877	test-rmse:0.225346+0.018002 
[966]	train-rmse:0.221886+0.004877	test-rmse:0.225347+0.018002 
[967]	train-rmse:0.221857+0.004838	test-rmse:0.225334+0.018021 
[968]	train-rmse:0.221858+0.004838	test-rmse:0.225334+0.018021 
[969]	train-rmse:0.221858+0.004838	test-rmse:0.225334+0.018021 
[970]	train-rmse:0.221858+0.004838	test-rmse:0.225335+0.018021 
[971]	train-rmse:0.221827+0.004808	test-rmse:0.225291+0.018052 
[972]	train-rmse:0.221827+0.004808	test-rmse:0.225292+0.018052 
[973]	train-rmse:0.221827+0.004808	test-rmse:0.225292+0.018052 
[974]	train-rmse:0.221828+0.004808	test-rmse:0.225292+0.018052 
[975]	train-rmse:0.221828+0.004808	test-rmse:0.225292+0.018052 
[976]	train-rmse:0.221810+0.004819	test-rmse:0.225279+0.018039 
[977]	train-rmse:0.221786+0.004795	test-rmse:0.225260+0.018053 
[978]	train-rmse:0.221751+0.004817	test-rmse:0.225194+0.017992 
[979]	train-rmse:0.221752+0.004817	test-rmse:0.225194+0.017992 
[980]	train-rmse:0.221733+0.004829	test-rmse:0.225186+0.017984 
[981]	train-rmse:0.221691+0.004798	test-rmse:0.225164+0.017976 
[982]	train-rmse:0.221691+0.004798	test-rmse:0.225165+0.017976 
[983]	train-rmse:0.221691+0.004798	test-rmse:0.225165+0.017976 
[984]	train-rmse:0.221691+0.004798	test-rmse:0.225165+0.017976 
[985]	train-rmse:0.221671+0.004771	test-rmse:0.225137+0.018019 
[986]	train-rmse:0.221672+0.004771	test-rmse:0.225137+0.018018 
[987]	train-rmse:0.221609+0.004836	test-rmse:0.225121+0.018001 
[988]	train-rmse:0.221609+0.004836	test-rmse:0.225121+0.018001 
[989]	train-rmse:0.221609+0.004836	test-rmse:0.225121+0.018001 
[990]	train-rmse:0.221610+0.004836	test-rmse:0.225121+0.018001 
[991]	train-rmse:0.221610+0.004836	test-rmse:0.225122+0.018001 
[992]	train-rmse:0.221610+0.004836	test-rmse:0.225122+0.018001 
[993]	train-rmse:0.221611+0.004836	test-rmse:0.225122+0.018001 
[994]	train-rmse:0.221586+0.004813	test-rmse:0.225107+0.018012 
[995]	train-rmse:0.221556+0.004772	test-rmse:0.225085+0.018045 
[996]	train-rmse:0.221556+0.004772	test-rmse:0.225085+0.018045 
[997]	train-rmse:0.221478+0.004787	test-rmse:0.225107+0.018068 
[998]	train-rmse:0.221478+0.004787	test-rmse:0.225108+0.018068 
[999]	train-rmse:0.221479+0.004787	test-rmse:0.225108+0.018068 
[1000]	train-rmse:0.221479+0.004787	test-rmse:0.225108+0.018068 
[1001]	train-rmse:0.221479+0.004787	test-rmse:0.225108+0.018067 
[1002]	train-rmse:0.221480+0.004787	test-rmse:0.225109+0.018067 
[1003]	train-rmse:0.221480+0.004787	test-rmse:0.225109+0.018067 
[1004]	train-rmse:0.221434+0.004766	test-rmse:0.225061+0.018097 
[1005]	train-rmse:0.221396+0.004770	test-rmse:0.225015+0.018108 
[1006]	train-rmse:0.221397+0.004770	test-rmse:0.225015+0.018108 
[1007]	train-rmse:0.221348+0.004767	test-rmse:0.225023+0.018138 
[1008]	train-rmse:0.221327+0.004772	test-rmse:0.225001+0.018135 
[1009]	train-rmse:0.221327+0.004772	test-rmse:0.225002+0.018135 
[1010]	train-rmse:0.221310+0.004796	test-rmse:0.224982+0.018111 
[1011]	train-rmse:0.221310+0.004796	test-rmse:0.224982+0.018111 
[1012]	train-rmse:0.221311+0.004796	test-rmse:0.224982+0.018111 
[1013]	train-rmse:0.221311+0.004796	test-rmse:0.224982+0.018111 
[1014]	train-rmse:0.221311+0.004796	test-rmse:0.224983+0.018111 
[1015]	train-rmse:0.221311+0.004796	test-rmse:0.224983+0.018111 
[1016]	train-rmse:0.221312+0.004796	test-rmse:0.224983+0.018111 
[1017]	train-rmse:0.221312+0.004796	test-rmse:0.224983+0.018111 
[1018]	train-rmse:0.221312+0.004796	test-rmse:0.224984+0.018111 
[1019]	train-rmse:0.221313+0.004796	test-rmse:0.224984+0.018111 
[1020]	train-rmse:0.221274+0.004759	test-rmse:0.224953+0.018133 
[1021]	train-rmse:0.221274+0.004759	test-rmse:0.224953+0.018133 
[1022]	train-rmse:0.221250+0.004765	test-rmse:0.224929+0.018130 
[1023]	train-rmse:0.221251+0.004765	test-rmse:0.224929+0.018130 
[1024]	train-rmse:0.221235+0.004770	test-rmse:0.224916+0.018128 
[1025]	train-rmse:0.221235+0.004770	test-rmse:0.224916+0.018128 
[1026]	train-rmse:0.221235+0.004770	test-rmse:0.224916+0.018128 
[1027]	train-rmse:0.221220+0.004774	test-rmse:0.224928+0.018129 
[1028]	train-rmse:0.221190+0.004794	test-rmse:0.224881+0.018085 
[1029]	train-rmse:0.221191+0.004794	test-rmse:0.224881+0.018085 
[1030]	train-rmse:0.221191+0.004794	test-rmse:0.224881+0.018085 
[1031]	train-rmse:0.221136+0.004792	test-rmse:0.224874+0.018115 
[1032]	train-rmse:0.221107+0.004812	test-rmse:0.224813+0.018059 
[1033]	train-rmse:0.221108+0.004812	test-rmse:0.224813+0.018059 
[1034]	train-rmse:0.221077+0.004852	test-rmse:0.224802+0.018045 
[1035]	train-rmse:0.221077+0.004852	test-rmse:0.224802+0.018045 
[1036]	train-rmse:0.221078+0.004852	test-rmse:0.224802+0.018045 
[1037]	train-rmse:0.221042+0.004819	test-rmse:0.224771+0.018067 
[1038]	train-rmse:0.221042+0.004819	test-rmse:0.224771+0.018067 
[1039]	train-rmse:0.221015+0.004856	test-rmse:0.224772+0.018068 
[1040]	train-rmse:0.220987+0.004818	test-rmse:0.224755+0.018094 
[1041]	train-rmse:0.220964+0.004786	test-rmse:0.224764+0.018081 
[1042]	train-rmse:0.220964+0.004786	test-rmse:0.224764+0.018081 
[1043]	train-rmse:0.220933+0.004758	test-rmse:0.224735+0.018102 
[1044]	train-rmse:0.220933+0.004758	test-rmse:0.224736+0.018102 
> hgrid <-
+   dplyr::bind_cols(xgboost_params[index, ], dart.cv$evaluation_log[dart.cv$best_iteration, ], best_iter = dart.cv$best_iteration)
> 
> # write result
> fname <- file.path('data-raw', 'tune', year, 'array', paste0('tune_', index, '.tsv'))
> readr::write_tsv(hgrid, file = fname)
> 
