> 
> # parse arguments
> args <- R.utils::commandArgs(trailingOnly = FALSE, asValues = TRUE)
> index <- as.integer(args$index)
> year <- as.character(args$year)
> nreps <- as.integer(args$nreps)
> seed <- as.integer(args$seed)
> 
> # get number of cores
> wkrs <- length(future::availableWorkers())
> 
> # set seed
> set.seed(seed)
> 
> # read and prepare the cluster features
> fp <- file.path('data-raw', 'features', year)
> clf <-
+   read_features(fp, pattern = 'paris.', recursive = FALSE)
> clf <- prepare_features(
+   clf,
+   feature_map = feature_map,
+   category = c('response', 'bio', 'net'),
+   type = 'list',
+   exclusions = c(
+     'mg2_pairs_count',
+     'mg2_not_pairs_count',
+     'mg2_portion_families_recovered',
+     'cluster_origin',
+     'bocc_origin',
+     'cluster_method',
+     'subcluster_method',
+     'year',
+     'IDs',
+     'go_sig_threshold',
+     'num_new_edges_on_any_node',
+     'HPO_ratio'
+   ),
+   verbose = TRUE
+ )
c('HPO_ratio', 'IDs', 'bocc_origin', 'cluster_method', 'cluster_origin', 'go_sig_threshold', 'max_norm_cell_type_comma_sep_string', 'max_norm_disease_comma_sep_string', 'mg2_not_pairs_count', 'mg2_pairs_count', 'mg2_portion_families_recovered', 'num_new_edges_on_any_node', 'sig_go_enrichment_fdr_corrected_p_vals', 'sig_go_enrichment_p_vals', 'sig_go_enrichment_terms', 'subcluster_method', 'year')

> 
> # prepare grid of parameters
> xgboost_params <- dials::parameters(
+   nrounds = dials::trees(),
+   eta = dials::learn_rate(),
+   gamma = dials::loss_reduction(),
+   dials::tree_depth(),
+   subsample = dials::sample_prop(),
+   rate_drop = dials::dropout(),
+   skip_drop = dials::dropout()
+ )
> xgboost_params <-
+   dials::grid_max_entropy(xgboost_params, size = nreps)
> 
> # tune the dart booster
> dart.param <-
+   list(
+     booster = "dart",
+     objective = "reg:logistic",
+     eval_metric = "rmse",
+     nthread = wkrs,
+     max_depth = xgboost_params$tree_depth[index],
+     eta = xgboost_params$eta[index],
+     gamma = xgboost_params$gamma[index],
+     subsample = xgboost_params$subsample[index],
+     rate_drop = xgboost_params$rate_drop[index],
+     skip_drop = xgboost_params$skip_drop[index]
+   )
> dart.cv <- xgboost::xgb.cv(
+   params = dart.param,
+   nrounds = xgboost_params$nrounds[index],
+   data = as.matrix(clf[, -1]),
+   nfold = 5,
+   label = clf$snowballing_pvalue,
+   early_stopping_rounds = 50
+ )
[1]	train-rmse:0.415959+0.001015	test-rmse:0.415976+0.004011 
Multiple eval metrics are present. Will use test_rmse for early stopping.
Will train until test_rmse hasn't improved in 50 rounds.

[2]	train-rmse:0.414253+0.001024	test-rmse:0.414330+0.003951 
[3]	train-rmse:0.412908+0.000729	test-rmse:0.413008+0.004282 
[4]	train-rmse:0.411386+0.000754	test-rmse:0.411543+0.004243 
[5]	train-rmse:0.410090+0.000479	test-rmse:0.410275+0.004650 
[6]	train-rmse:0.409076+0.000756	test-rmse:0.409282+0.004899 
[7]	train-rmse:0.408534+0.000567	test-rmse:0.408753+0.004910 
[8]	train-rmse:0.407689+0.000816	test-rmse:0.407921+0.004968 
[9]	train-rmse:0.406944+0.001108	test-rmse:0.407155+0.005072 
[10]	train-rmse:0.406408+0.001346	test-rmse:0.406609+0.005110 
[11]	train-rmse:0.405498+0.001700	test-rmse:0.405693+0.004819 
[12]	train-rmse:0.404520+0.001663	test-rmse:0.404730+0.004616 
[13]	train-rmse:0.404012+0.001857	test-rmse:0.404226+0.004773 
[14]	train-rmse:0.403788+0.001872	test-rmse:0.404005+0.004799 
[15]	train-rmse:0.403554+0.001887	test-rmse:0.403773+0.004738 
[16]	train-rmse:0.403328+0.001810	test-rmse:0.403555+0.004714 
[17]	train-rmse:0.403105+0.001806	test-rmse:0.403335+0.004733 
[18]	train-rmse:0.402257+0.001922	test-rmse:0.402518+0.004511 
[19]	train-rmse:0.402052+0.001931	test-rmse:0.402315+0.004494 
[20]	train-rmse:0.401599+0.001904	test-rmse:0.401897+0.004739 
[21]	train-rmse:0.401415+0.001904	test-rmse:0.401716+0.004768 
[22]	train-rmse:0.400997+0.002197	test-rmse:0.401294+0.004399 
[23]	train-rmse:0.400257+0.001742	test-rmse:0.400620+0.004391 
[24]	train-rmse:0.399831+0.001708	test-rmse:0.400210+0.004598 
[25]	train-rmse:0.399028+0.001396	test-rmse:0.399468+0.004665 
[26]	train-rmse:0.398601+0.001776	test-rmse:0.399042+0.004250 
[27]	train-rmse:0.398475+0.001787	test-rmse:0.398919+0.004262 
[28]	train-rmse:0.398331+0.001773	test-rmse:0.398779+0.004285 
[29]	train-rmse:0.397929+0.001685	test-rmse:0.398369+0.004361 
[30]	train-rmse:0.397203+0.001568	test-rmse:0.397703+0.004510 
[31]	train-rmse:0.396804+0.001942	test-rmse:0.397301+0.004086 
[32]	train-rmse:0.396692+0.001942	test-rmse:0.397192+0.004072 
[33]	train-rmse:0.396582+0.001945	test-rmse:0.397083+0.004064 
[34]	train-rmse:0.396470+0.001921	test-rmse:0.396970+0.004068 
[35]	train-rmse:0.396046+0.001687	test-rmse:0.396592+0.003846 
[36]	train-rmse:0.395687+0.001572	test-rmse:0.396208+0.003941 
[37]	train-rmse:0.395600+0.001562	test-rmse:0.396124+0.003946 
[38]	train-rmse:0.395501+0.001551	test-rmse:0.396029+0.003950 
[39]	train-rmse:0.394855+0.001252	test-rmse:0.395358+0.004254 
[40]	train-rmse:0.394487+0.001076	test-rmse:0.394983+0.004481 
[41]	train-rmse:0.394091+0.001331	test-rmse:0.394575+0.004687 
[42]	train-rmse:0.393723+0.001734	test-rmse:0.394177+0.004979 
[43]	train-rmse:0.393643+0.001722	test-rmse:0.394100+0.004975 
[44]	train-rmse:0.393556+0.001724	test-rmse:0.394015+0.004982 
[45]	train-rmse:0.393478+0.001732	test-rmse:0.393938+0.004998 
[46]	train-rmse:0.393407+0.001727	test-rmse:0.393869+0.004996 
[47]	train-rmse:0.393033+0.001797	test-rmse:0.393528+0.005242 
[48]	train-rmse:0.392961+0.001793	test-rmse:0.393457+0.005244 
[49]	train-rmse:0.392898+0.001791	test-rmse:0.393397+0.005249 
[50]	train-rmse:0.392519+0.002059	test-rmse:0.393056+0.005530 
[51]	train-rmse:0.392453+0.002060	test-rmse:0.392991+0.005528 
[52]	train-rmse:0.392114+0.001925	test-rmse:0.392658+0.005671 
[53]	train-rmse:0.392051+0.001923	test-rmse:0.392596+0.005663 
[54]	train-rmse:0.391994+0.001923	test-rmse:0.392540+0.005664 
[55]	train-rmse:0.391642+0.002239	test-rmse:0.392170+0.005909 
[56]	train-rmse:0.391580+0.002234	test-rmse:0.392108+0.005901 
[57]	train-rmse:0.391235+0.002642	test-rmse:0.391737+0.006211 
[58]	train-rmse:0.390900+0.002620	test-rmse:0.391401+0.005824 
[59]	train-rmse:0.390853+0.002616	test-rmse:0.391356+0.005822 
[60]	train-rmse:0.390529+0.002550	test-rmse:0.391030+0.005979 
[61]	train-rmse:0.390179+0.002629	test-rmse:0.390666+0.005585 
[62]	train-rmse:0.390127+0.002627	test-rmse:0.390614+0.005585 
[63]	train-rmse:0.389801+0.002138	test-rmse:0.390312+0.005293 
[64]	train-rmse:0.389748+0.002137	test-rmse:0.390261+0.005287 
[65]	train-rmse:0.389700+0.002140	test-rmse:0.390213+0.005291 
[66]	train-rmse:0.389362+0.002565	test-rmse:0.389860+0.005626 
[67]	train-rmse:0.389001+0.002718	test-rmse:0.389501+0.005236 
[68]	train-rmse:0.388950+0.002722	test-rmse:0.389451+0.005244 
[69]	train-rmse:0.388906+0.002721	test-rmse:0.389407+0.005246 
[70]	train-rmse:0.388273+0.003134	test-rmse:0.388771+0.005826 
[71]	train-rmse:0.388228+0.003130	test-rmse:0.388729+0.005827 
[72]	train-rmse:0.388182+0.003128	test-rmse:0.388684+0.005827 
[73]	train-rmse:0.387869+0.003538	test-rmse:0.388336+0.006234 
[74]	train-rmse:0.387827+0.003536	test-rmse:0.388295+0.006233 
[75]	train-rmse:0.387518+0.003611	test-rmse:0.388025+0.006395 
[76]	train-rmse:0.387477+0.003612	test-rmse:0.387985+0.006395 
[77]	train-rmse:0.387435+0.003612	test-rmse:0.387943+0.006396 
[78]	train-rmse:0.387122+0.003718	test-rmse:0.387611+0.006085 
[79]	train-rmse:0.387080+0.003713	test-rmse:0.387570+0.006082 
[80]	train-rmse:0.386787+0.004072	test-rmse:0.387252+0.006468 
[81]	train-rmse:0.386438+0.004246	test-rmse:0.386886+0.006177 
[82]	train-rmse:0.386397+0.004248	test-rmse:0.386846+0.006174 
[83]	train-rmse:0.386093+0.004067	test-rmse:0.386526+0.006229 
[84]	train-rmse:0.386054+0.004067	test-rmse:0.386488+0.006231 
[85]	train-rmse:0.386014+0.004064	test-rmse:0.386449+0.006230 
[86]	train-rmse:0.385978+0.004063	test-rmse:0.386413+0.006231 
[87]	train-rmse:0.385634+0.003939	test-rmse:0.386068+0.006348 
[88]	train-rmse:0.385602+0.003939	test-rmse:0.386037+0.006349 
[89]	train-rmse:0.385564+0.003940	test-rmse:0.386000+0.006351 
[90]	train-rmse:0.385254+0.004322	test-rmse:0.385675+0.006748 
[91]	train-rmse:0.384624+0.004734	test-rmse:0.385070+0.007287 
[92]	train-rmse:0.384292+0.004271	test-rmse:0.384779+0.006942 
[93]	train-rmse:0.384257+0.004272	test-rmse:0.384743+0.006942 
[94]	train-rmse:0.383966+0.004338	test-rmse:0.384477+0.007078 
[95]	train-rmse:0.383932+0.004338	test-rmse:0.384443+0.007079 
[96]	train-rmse:0.383025+0.004689	test-rmse:0.383543+0.007724 
[97]	train-rmse:0.382708+0.004251	test-rmse:0.383279+0.007434 
[98]	train-rmse:0.382407+0.004151	test-rmse:0.382979+0.007526 
[99]	train-rmse:0.382087+0.004121	test-rmse:0.382649+0.007672 
[100]	train-rmse:0.381762+0.004263	test-rmse:0.382356+0.007831 
[101]	train-rmse:0.381434+0.004232	test-rmse:0.382038+0.007524 
[102]	train-rmse:0.381406+0.004234	test-rmse:0.382010+0.007524 
[103]	train-rmse:0.381377+0.004233	test-rmse:0.381982+0.007523 
[104]	train-rmse:0.381056+0.004620	test-rmse:0.381641+0.007913 
[105]	train-rmse:0.381026+0.004618	test-rmse:0.381613+0.007912 
[106]	train-rmse:0.380998+0.004615	test-rmse:0.381585+0.007911 
[107]	train-rmse:0.380966+0.004610	test-rmse:0.381555+0.007908 
[108]	train-rmse:0.380648+0.004599	test-rmse:0.381229+0.008059 
[109]	train-rmse:0.380033+0.005128	test-rmse:0.380624+0.008605 
[110]	train-rmse:0.380004+0.005127	test-rmse:0.380596+0.008605 
[111]	train-rmse:0.379666+0.005324	test-rmse:0.380281+0.008793 
[112]	train-rmse:0.379337+0.005332	test-rmse:0.379950+0.008945 
[113]	train-rmse:0.379309+0.005331	test-rmse:0.379923+0.008945 
[114]	train-rmse:0.379000+0.005692	test-rmse:0.379579+0.009332 
[115]	train-rmse:0.378124+0.005508	test-rmse:0.378684+0.009082 
[116]	train-rmse:0.378099+0.005507	test-rmse:0.378660+0.009082 
[117]	train-rmse:0.377803+0.005511	test-rmse:0.378349+0.009217 
[118]	train-rmse:0.377776+0.005512	test-rmse:0.378324+0.009218 
[119]	train-rmse:0.377483+0.005900	test-rmse:0.378015+0.009597 
[120]	train-rmse:0.377455+0.005901	test-rmse:0.377988+0.009598 
[121]	train-rmse:0.377431+0.005898	test-rmse:0.377964+0.009597 
[122]	train-rmse:0.377100+0.005951	test-rmse:0.377623+0.009770 
[123]	train-rmse:0.377076+0.005947	test-rmse:0.377599+0.009768 
[124]	train-rmse:0.376754+0.005475	test-rmse:0.377305+0.009426 
[125]	train-rmse:0.376729+0.005473	test-rmse:0.377280+0.009426 
[126]	train-rmse:0.376703+0.005474	test-rmse:0.377254+0.009427 
[127]	train-rmse:0.376679+0.005474	test-rmse:0.377231+0.009428 
[128]	train-rmse:0.376335+0.004995	test-rmse:0.376910+0.009074 
[129]	train-rmse:0.376064+0.005401	test-rmse:0.376633+0.009428 
[130]	train-rmse:0.376042+0.005399	test-rmse:0.376610+0.009427 
[131]	train-rmse:0.375761+0.005831	test-rmse:0.376307+0.009831 
[132]	train-rmse:0.375475+0.006285	test-rmse:0.376000+0.010255 
[133]	train-rmse:0.375166+0.006140	test-rmse:0.375707+0.009959 
[134]	train-rmse:0.375145+0.006136	test-rmse:0.375687+0.009957 
[135]	train-rmse:0.375122+0.006132	test-rmse:0.375664+0.009953 
[136]	train-rmse:0.375101+0.006131	test-rmse:0.375644+0.009953 
[137]	train-rmse:0.374792+0.006155	test-rmse:0.375334+0.010094 
[138]	train-rmse:0.374771+0.006154	test-rmse:0.375313+0.010095 
[139]	train-rmse:0.374751+0.006153	test-rmse:0.375293+0.010094 
[140]	train-rmse:0.374728+0.006151	test-rmse:0.375271+0.010093 
[141]	train-rmse:0.374707+0.006149	test-rmse:0.375250+0.010092 
[142]	train-rmse:0.374686+0.006147	test-rmse:0.375229+0.010092 
[143]	train-rmse:0.374663+0.006144	test-rmse:0.375207+0.010091 
[144]	train-rmse:0.374419+0.006526	test-rmse:0.374955+0.010439 
[145]	train-rmse:0.374163+0.006939	test-rmse:0.374684+0.010828 
[146]	train-rmse:0.374142+0.006937	test-rmse:0.374664+0.010827 
[147]	train-rmse:0.373840+0.006928	test-rmse:0.374392+0.010871 
[148]	train-rmse:0.372956+0.007015	test-rmse:0.373518+0.011153 
[149]	train-rmse:0.372937+0.007013	test-rmse:0.373499+0.011152 
[150]	train-rmse:0.372639+0.007072	test-rmse:0.373191+0.011305 
[151]	train-rmse:0.372618+0.007071	test-rmse:0.373171+0.011305 
[152]	train-rmse:0.372301+0.006720	test-rmse:0.372869+0.011009 
[153]	train-rmse:0.372281+0.006718	test-rmse:0.372850+0.011008 
[154]	train-rmse:0.372261+0.006717	test-rmse:0.372829+0.011008 
[155]	train-rmse:0.371968+0.006812	test-rmse:0.372544+0.011172 
[156]	train-rmse:0.371716+0.007209	test-rmse:0.372282+0.011536 
[157]	train-rmse:0.371401+0.006891	test-rmse:0.371998+0.011275 
[158]	train-rmse:0.371382+0.006889	test-rmse:0.371980+0.011274 
[159]	train-rmse:0.371364+0.006886	test-rmse:0.371962+0.011272 
[160]	train-rmse:0.371120+0.007285	test-rmse:0.371707+0.011634 
[161]	train-rmse:0.371101+0.007283	test-rmse:0.371688+0.011633 
[162]	train-rmse:0.371083+0.007283	test-rmse:0.371671+0.011634 
[163]	train-rmse:0.370777+0.007020	test-rmse:0.371378+0.011389 
[164]	train-rmse:0.370523+0.007454	test-rmse:0.371110+0.011787 
[165]	train-rmse:0.370197+0.007217	test-rmse:0.370820+0.011567 
[166]	train-rmse:0.369886+0.006959	test-rmse:0.370508+0.011206 
[167]	train-rmse:0.369611+0.006857	test-rmse:0.370271+0.011191 
[168]	train-rmse:0.369291+0.006618	test-rmse:0.369935+0.010816 
[169]	train-rmse:0.368983+0.006384	test-rmse:0.369653+0.010587 
[170]	train-rmse:0.368663+0.006188	test-rmse:0.369352+0.010367 
[171]	train-rmse:0.368646+0.006186	test-rmse:0.369336+0.010366 
[172]	train-rmse:0.368630+0.006185	test-rmse:0.369320+0.010365 
[173]	train-rmse:0.368615+0.006185	test-rmse:0.369305+0.010365 
[174]	train-rmse:0.368599+0.006184	test-rmse:0.369290+0.010365 
[175]	train-rmse:0.368019+0.005821	test-rmse:0.368746+0.009847 
[176]	train-rmse:0.368003+0.005821	test-rmse:0.368730+0.009848 
[177]	train-rmse:0.367728+0.005811	test-rmse:0.368461+0.009960 
[178]	train-rmse:0.367712+0.005809	test-rmse:0.368445+0.009960 
[179]	train-rmse:0.367151+0.005477	test-rmse:0.367929+0.009457 
[180]	train-rmse:0.366882+0.005963	test-rmse:0.367626+0.009941 
[181]	train-rmse:0.366867+0.005963	test-rmse:0.367612+0.009941 
[182]	train-rmse:0.366565+0.005791	test-rmse:0.367307+0.009617 
[183]	train-rmse:0.366549+0.005790	test-rmse:0.367292+0.009616 
[184]	train-rmse:0.366535+0.005789	test-rmse:0.367278+0.009615 
[185]	train-rmse:0.366017+0.006147	test-rmse:0.366761+0.009886 
[186]	train-rmse:0.366003+0.006145	test-rmse:0.366747+0.009884 
[187]	train-rmse:0.365721+0.006017	test-rmse:0.366456+0.009590 
[188]	train-rmse:0.365707+0.006015	test-rmse:0.366442+0.009590 
[189]	train-rmse:0.365404+0.005967	test-rmse:0.366131+0.009701 
[190]	train-rmse:0.365390+0.005966	test-rmse:0.366117+0.009701 
[191]	train-rmse:0.364841+0.005868	test-rmse:0.365578+0.009578 
[192]	train-rmse:0.364826+0.005866	test-rmse:0.365563+0.009577 
[193]	train-rmse:0.364813+0.005866	test-rmse:0.365550+0.009578 
[194]	train-rmse:0.363986+0.006102	test-rmse:0.364744+0.009536 
[195]	train-rmse:0.363972+0.006101	test-rmse:0.364730+0.009536 
[196]	train-rmse:0.363669+0.006065	test-rmse:0.364410+0.009271 
[197]	train-rmse:0.363415+0.006057	test-rmse:0.364159+0.009386 
[198]	train-rmse:0.363401+0.006057	test-rmse:0.364146+0.009386 
[199]	train-rmse:0.363129+0.006060	test-rmse:0.363879+0.009188 
[200]	train-rmse:0.363115+0.006059	test-rmse:0.363865+0.009187 
[201]	train-rmse:0.362857+0.006081	test-rmse:0.363602+0.009328 
[202]	train-rmse:0.362606+0.006139	test-rmse:0.363354+0.009483 
[203]	train-rmse:0.362344+0.006545	test-rmse:0.363073+0.009924 
[204]	train-rmse:0.362035+0.006406	test-rmse:0.362783+0.009700 
[205]	train-rmse:0.362022+0.006406	test-rmse:0.362770+0.009701 
[206]	train-rmse:0.362009+0.006404	test-rmse:0.362757+0.009701 
[207]	train-rmse:0.361995+0.006402	test-rmse:0.362744+0.009700 
[208]	train-rmse:0.361983+0.006401	test-rmse:0.362732+0.009700 
[209]	train-rmse:0.361692+0.006406	test-rmse:0.362437+0.009489 
[210]	train-rmse:0.361679+0.006404	test-rmse:0.362425+0.009488 
[211]	train-rmse:0.361666+0.006403	test-rmse:0.362412+0.009488 
[212]	train-rmse:0.361653+0.006402	test-rmse:0.362399+0.009488 
[213]	train-rmse:0.361640+0.006401	test-rmse:0.362387+0.009488 
[214]	train-rmse:0.361628+0.006400	test-rmse:0.362375+0.009487 
[215]	train-rmse:0.361380+0.006442	test-rmse:0.362139+0.009340 
[216]	train-rmse:0.361143+0.006513	test-rmse:0.361910+0.009218 
[217]	train-rmse:0.360864+0.006117	test-rmse:0.361670+0.009029 
[218]	train-rmse:0.360851+0.006116	test-rmse:0.361658+0.009030 
[219]	train-rmse:0.360840+0.006115	test-rmse:0.361646+0.009030 
[220]	train-rmse:0.360355+0.006543	test-rmse:0.361158+0.009281 
[221]	train-rmse:0.360344+0.006544	test-rmse:0.361147+0.009282 
[222]	train-rmse:0.360332+0.006543	test-rmse:0.361135+0.009283 
[223]	train-rmse:0.360095+0.006557	test-rmse:0.360903+0.009404 
[224]	train-rmse:0.360083+0.006556	test-rmse:0.360891+0.009404 
[225]	train-rmse:0.359798+0.006614	test-rmse:0.360601+0.009583 
[226]	train-rmse:0.359537+0.006984	test-rmse:0.360329+0.010010 
[227]	train-rmse:0.359525+0.006983	test-rmse:0.360318+0.010011 
[228]	train-rmse:0.358745+0.006764	test-rmse:0.359553+0.009885 
[229]	train-rmse:0.358733+0.006762	test-rmse:0.359541+0.009884 
[230]	train-rmse:0.358466+0.006885	test-rmse:0.359269+0.009777 
[231]	train-rmse:0.358454+0.006883	test-rmse:0.359257+0.009776 
[232]	train-rmse:0.358442+0.006883	test-rmse:0.359246+0.009776 
[233]	train-rmse:0.358196+0.007217	test-rmse:0.358984+0.010180 
[234]	train-rmse:0.357900+0.007002	test-rmse:0.358714+0.009913 
[235]	train-rmse:0.357889+0.007001	test-rmse:0.358703+0.009913 
[236]	train-rmse:0.357878+0.007000	test-rmse:0.358692+0.009912 
[237]	train-rmse:0.357867+0.007000	test-rmse:0.358682+0.009913 
[238]	train-rmse:0.357855+0.007000	test-rmse:0.358670+0.009914 
[239]	train-rmse:0.357844+0.006999	test-rmse:0.358659+0.009914 
[240]	train-rmse:0.357537+0.006577	test-rmse:0.358385+0.009694 
[241]	train-rmse:0.356771+0.006653	test-rmse:0.357650+0.009769 
[242]	train-rmse:0.356760+0.006652	test-rmse:0.357640+0.009769 
[243]	train-rmse:0.356750+0.006652	test-rmse:0.357629+0.009769 
[244]	train-rmse:0.356183+0.006318	test-rmse:0.357095+0.009731 
[245]	train-rmse:0.356173+0.006318	test-rmse:0.357085+0.009732 
[246]	train-rmse:0.356163+0.006317	test-rmse:0.357076+0.009732 
[247]	train-rmse:0.355654+0.006413	test-rmse:0.356567+0.009874 
[248]	train-rmse:0.355643+0.006412	test-rmse:0.356556+0.009874 
[249]	train-rmse:0.355398+0.006520	test-rmse:0.356312+0.009774 
[250]	train-rmse:0.354897+0.006337	test-rmse:0.355836+0.009681 
[251]	train-rmse:0.354632+0.006155	test-rmse:0.355614+0.009464 
[252]	train-rmse:0.354355+0.006005	test-rmse:0.355371+0.009243 
[253]	train-rmse:0.354086+0.006052	test-rmse:0.355093+0.009420 
[254]	train-rmse:0.353810+0.005646	test-rmse:0.354849+0.009225 
[255]	train-rmse:0.353800+0.005646	test-rmse:0.354840+0.009225 
[256]	train-rmse:0.353274+0.005626	test-rmse:0.354328+0.009469 
[257]	train-rmse:0.353264+0.005625	test-rmse:0.354319+0.009468 
[258]	train-rmse:0.352754+0.005311	test-rmse:0.353833+0.009480 
[259]	train-rmse:0.352500+0.005024	test-rmse:0.353601+0.009352 
[260]	train-rmse:0.352221+0.004742	test-rmse:0.353350+0.009234 
[261]	train-rmse:0.351956+0.004519	test-rmse:0.353117+0.009147 
[262]	train-rmse:0.351677+0.004336	test-rmse:0.352860+0.009074 
[263]	train-rmse:0.351407+0.004218	test-rmse:0.352622+0.009030 
[264]	train-rmse:0.351156+0.004253	test-rmse:0.352355+0.009202 
[265]	train-rmse:0.351146+0.004254	test-rmse:0.352345+0.009203 
[266]	train-rmse:0.350912+0.004637	test-rmse:0.352087+0.009584 
[267]	train-rmse:0.350637+0.004616	test-rmse:0.351810+0.009377 
[268]	train-rmse:0.350628+0.004615	test-rmse:0.351802+0.009376 
[269]	train-rmse:0.350619+0.004614	test-rmse:0.351792+0.009376 
[270]	train-rmse:0.350130+0.005045	test-rmse:0.351285+0.009920 
[271]	train-rmse:0.350121+0.005045	test-rmse:0.351276+0.009921 
[272]	train-rmse:0.350112+0.005045	test-rmse:0.351266+0.009921 
[273]	train-rmse:0.350103+0.005044	test-rmse:0.351258+0.009921 
[274]	train-rmse:0.350093+0.005043	test-rmse:0.351248+0.009920 
[275]	train-rmse:0.350084+0.005043	test-rmse:0.351239+0.009920 
[276]	train-rmse:0.349800+0.004928	test-rmse:0.350997+0.009871 
[277]	train-rmse:0.349790+0.004928	test-rmse:0.350988+0.009872 
[278]	train-rmse:0.349781+0.004928	test-rmse:0.350979+0.009872 
[279]	train-rmse:0.349773+0.004927	test-rmse:0.350971+0.009872 
[280]	train-rmse:0.349763+0.004927	test-rmse:0.350962+0.009872 
[281]	train-rmse:0.349754+0.004926	test-rmse:0.350953+0.009872 
[282]	train-rmse:0.349547+0.005258	test-rmse:0.350722+0.010215 
[283]	train-rmse:0.349538+0.005257	test-rmse:0.350714+0.010215 
[284]	train-rmse:0.349529+0.005256	test-rmse:0.350704+0.010215 
[285]	train-rmse:0.349520+0.005256	test-rmse:0.350696+0.010215 
[286]	train-rmse:0.349512+0.005255	test-rmse:0.350688+0.010215 
[287]	train-rmse:0.349282+0.005242	test-rmse:0.350461+0.010058 
[288]	train-rmse:0.349273+0.005242	test-rmse:0.350453+0.010059 
[289]	train-rmse:0.348812+0.005660	test-rmse:0.349941+0.010619 
[290]	train-rmse:0.348566+0.005578	test-rmse:0.349733+0.010578 
[291]	train-rmse:0.348075+0.005164	test-rmse:0.349299+0.010267 
[292]	train-rmse:0.347802+0.005137	test-rmse:0.349017+0.010067 
[293]	train-rmse:0.347548+0.005179	test-rmse:0.348734+0.010244 
[294]	train-rmse:0.347540+0.005179	test-rmse:0.348726+0.010244 
[295]	train-rmse:0.347532+0.005178	test-rmse:0.348718+0.010244 
[296]	train-rmse:0.347523+0.005177	test-rmse:0.348709+0.010243 
[297]	train-rmse:0.347515+0.005176	test-rmse:0.348701+0.010243 
[298]	train-rmse:0.347253+0.005267	test-rmse:0.348424+0.010441 
[299]	train-rmse:0.346765+0.005211	test-rmse:0.347969+0.010233 
[300]	train-rmse:0.346757+0.005210	test-rmse:0.347961+0.010233 
[301]	train-rmse:0.346749+0.005210	test-rmse:0.347953+0.010233 
[302]	train-rmse:0.346740+0.005209	test-rmse:0.347945+0.010233 
[303]	train-rmse:0.346732+0.005208	test-rmse:0.347937+0.010233 
[304]	train-rmse:0.346503+0.005307	test-rmse:0.347706+0.010410 
[305]	train-rmse:0.346495+0.005307	test-rmse:0.347698+0.010410 
[306]	train-rmse:0.346487+0.005307	test-rmse:0.347691+0.010411 
[307]	train-rmse:0.346479+0.005306	test-rmse:0.347683+0.010410 
[308]	train-rmse:0.346471+0.005306	test-rmse:0.347675+0.010410 
[309]	train-rmse:0.346464+0.005304	test-rmse:0.347668+0.010409 
[310]	train-rmse:0.346456+0.005304	test-rmse:0.347661+0.010409 
[311]	train-rmse:0.346448+0.005303	test-rmse:0.347653+0.010409 
[312]	train-rmse:0.346441+0.005303	test-rmse:0.347646+0.010409 
[313]	train-rmse:0.345955+0.005561	test-rmse:0.347174+0.010713 
[314]	train-rmse:0.345697+0.005574	test-rmse:0.346923+0.010700 
[315]	train-rmse:0.345690+0.005574	test-rmse:0.346916+0.010700 
[316]	train-rmse:0.345682+0.005573	test-rmse:0.346909+0.010700 
[317]	train-rmse:0.345427+0.005566	test-rmse:0.346648+0.010534 
[318]	train-rmse:0.345419+0.005565	test-rmse:0.346640+0.010534 
[319]	train-rmse:0.345412+0.005565	test-rmse:0.346634+0.010533 
[320]	train-rmse:0.345404+0.005565	test-rmse:0.346626+0.010534 
[321]	train-rmse:0.345153+0.005665	test-rmse:0.346370+0.010725 
[322]	train-rmse:0.345145+0.005664	test-rmse:0.346362+0.010724 
[323]	train-rmse:0.345138+0.005664	test-rmse:0.346355+0.010724 
[324]	train-rmse:0.345130+0.005663	test-rmse:0.346348+0.010724 
[325]	train-rmse:0.344863+0.005692	test-rmse:0.346068+0.010567 
[326]	train-rmse:0.344855+0.005691	test-rmse:0.346061+0.010566 
[327]	train-rmse:0.344611+0.005815	test-rmse:0.345822+0.010758 
[328]	train-rmse:0.344604+0.005814	test-rmse:0.345815+0.010758 
[329]	train-rmse:0.344597+0.005813	test-rmse:0.345808+0.010759 
[330]	train-rmse:0.344590+0.005813	test-rmse:0.345801+0.010759 
[331]	train-rmse:0.344351+0.006082	test-rmse:0.345552+0.011078 
[332]	train-rmse:0.344344+0.006082	test-rmse:0.345545+0.011078 
[333]	train-rmse:0.344105+0.006125	test-rmse:0.345306+0.010961 
[334]	train-rmse:0.343636+0.005777	test-rmse:0.344847+0.010796 
[335]	train-rmse:0.343629+0.005777	test-rmse:0.344840+0.010796 
[336]	train-rmse:0.343622+0.005776	test-rmse:0.344833+0.010796 
[337]	train-rmse:0.343388+0.005931	test-rmse:0.344596+0.011005 
[338]	train-rmse:0.343381+0.005931	test-rmse:0.344589+0.011005 
[339]	train-rmse:0.343373+0.005930	test-rmse:0.344582+0.011005 
[340]	train-rmse:0.343089+0.005442	test-rmse:0.344315+0.010627 
[341]	train-rmse:0.342869+0.005483	test-rmse:0.344092+0.010511 
[342]	train-rmse:0.342862+0.005482	test-rmse:0.344085+0.010511 
[343]	train-rmse:0.342636+0.005733	test-rmse:0.343852+0.010807 
[344]	train-rmse:0.342629+0.005732	test-rmse:0.343846+0.010807 
[345]	train-rmse:0.342622+0.005732	test-rmse:0.343839+0.010807 
[346]	train-rmse:0.342395+0.005891	test-rmse:0.343617+0.011007 
[347]	train-rmse:0.342114+0.005429	test-rmse:0.343373+0.010670 
[348]	train-rmse:0.342107+0.005429	test-rmse:0.343367+0.010670 
[349]	train-rmse:0.341887+0.005689	test-rmse:0.343123+0.010985 
[350]	train-rmse:0.341881+0.005689	test-rmse:0.343117+0.010986 
[351]	train-rmse:0.341874+0.005688	test-rmse:0.343110+0.010985 
[352]	train-rmse:0.341591+0.005253	test-rmse:0.342859+0.010654 
[353]	train-rmse:0.341584+0.005253	test-rmse:0.342852+0.010654 
[354]	train-rmse:0.341095+0.004877	test-rmse:0.342388+0.010212 
[355]	train-rmse:0.341088+0.004877	test-rmse:0.342382+0.010213 
[356]	train-rmse:0.341082+0.004877	test-rmse:0.342376+0.010214 
[357]	train-rmse:0.340573+0.004772	test-rmse:0.341889+0.009988 
[358]	train-rmse:0.340567+0.004772	test-rmse:0.341883+0.009988 
[359]	train-rmse:0.340561+0.004771	test-rmse:0.341877+0.009989 
[360]	train-rmse:0.340554+0.004770	test-rmse:0.341870+0.009989 
[361]	train-rmse:0.340548+0.004770	test-rmse:0.341864+0.009989 
[362]	train-rmse:0.340290+0.004946	test-rmse:0.341596+0.010233 
[363]	train-rmse:0.340284+0.004946	test-rmse:0.341590+0.010234 
[364]	train-rmse:0.340277+0.004945	test-rmse:0.341583+0.010233 
[365]	train-rmse:0.340271+0.004945	test-rmse:0.341577+0.010233 
[366]	train-rmse:0.340265+0.004945	test-rmse:0.341571+0.010233 
[367]	train-rmse:0.340044+0.005203	test-rmse:0.341335+0.010540 
[368]	train-rmse:0.340038+0.005202	test-rmse:0.341329+0.010540 
[369]	train-rmse:0.340032+0.005202	test-rmse:0.341324+0.010540 
[370]	train-rmse:0.339794+0.005383	test-rmse:0.341085+0.010762 
[371]	train-rmse:0.339788+0.005383	test-rmse:0.341079+0.010762 
[372]	train-rmse:0.339539+0.005011	test-rmse:0.340860+0.010476 
[373]	train-rmse:0.339533+0.005011	test-rmse:0.340854+0.010477 
[374]	train-rmse:0.339063+0.005063	test-rmse:0.340398+0.010631 
[375]	train-rmse:0.338822+0.004704	test-rmse:0.340175+0.010346 
[376]	train-rmse:0.338816+0.004704	test-rmse:0.340168+0.010347 
[377]	train-rmse:0.338561+0.004561	test-rmse:0.339951+0.010268 
[378]	train-rmse:0.338555+0.004561	test-rmse:0.339945+0.010268 
[379]	train-rmse:0.338295+0.004168	test-rmse:0.339715+0.009977 
[380]	train-rmse:0.338289+0.004168	test-rmse:0.339709+0.009978 
[381]	train-rmse:0.338283+0.004168	test-rmse:0.339703+0.009978 
[382]	train-rmse:0.338032+0.004054	test-rmse:0.339490+0.009912 
[383]	train-rmse:0.337784+0.004036	test-rmse:0.339239+0.009743 
[384]	train-rmse:0.337779+0.004036	test-rmse:0.339233+0.009744 
[385]	train-rmse:0.337773+0.004035	test-rmse:0.339228+0.009743 
[386]	train-rmse:0.337767+0.004035	test-rmse:0.339222+0.009744 
[387]	train-rmse:0.337762+0.004035	test-rmse:0.339217+0.009744 
[388]	train-rmse:0.337290+0.003868	test-rmse:0.338764+0.009723 
[389]	train-rmse:0.337284+0.003868	test-rmse:0.338759+0.009723 
[390]	train-rmse:0.337279+0.003867	test-rmse:0.338753+0.009723 
[391]	train-rmse:0.337050+0.004079	test-rmse:0.338509+0.009968 
[392]	train-rmse:0.337045+0.004079	test-rmse:0.338503+0.009968 
[393]	train-rmse:0.337039+0.004079	test-rmse:0.338498+0.009969 
[394]	train-rmse:0.336808+0.003754	test-rmse:0.338313+0.009744 
[395]	train-rmse:0.336421+0.004192	test-rmse:0.337932+0.010192 
[396]	train-rmse:0.336416+0.004192	test-rmse:0.337927+0.010192 
[397]	train-rmse:0.336193+0.004438	test-rmse:0.337707+0.010427 
[398]	train-rmse:0.336187+0.004438	test-rmse:0.337701+0.010427 
[399]	train-rmse:0.336181+0.004437	test-rmse:0.337695+0.010427 
[400]	train-rmse:0.335929+0.004131	test-rmse:0.337465+0.010163 
[401]	train-rmse:0.335924+0.004131	test-rmse:0.337460+0.010163 
[402]	train-rmse:0.335689+0.004428	test-rmse:0.337207+0.010451 
[403]	train-rmse:0.335683+0.004428	test-rmse:0.337202+0.010451 
[404]	train-rmse:0.335678+0.004427	test-rmse:0.337196+0.010451 
[405]	train-rmse:0.335672+0.004427	test-rmse:0.337190+0.010451 
[406]	train-rmse:0.335468+0.004641	test-rmse:0.336981+0.010702 
[407]	train-rmse:0.335463+0.004640	test-rmse:0.336976+0.010702 
[408]	train-rmse:0.335458+0.004640	test-rmse:0.336970+0.010702 
[409]	train-rmse:0.335229+0.004564	test-rmse:0.336741+0.010536 
[410]	train-rmse:0.335223+0.004563	test-rmse:0.336735+0.010535 
[411]	train-rmse:0.335000+0.004818	test-rmse:0.336478+0.010858 
[412]	train-rmse:0.334995+0.004817	test-rmse:0.336473+0.010858 
[413]	train-rmse:0.334775+0.004641	test-rmse:0.336269+0.010761 
[414]	train-rmse:0.334555+0.004501	test-rmse:0.336079+0.010683 
[415]	train-rmse:0.334342+0.004230	test-rmse:0.335898+0.010474 
[416]	train-rmse:0.333899+0.004368	test-rmse:0.335475+0.010696 
[417]	train-rmse:0.333690+0.004651	test-rmse:0.335252+0.010993 
[418]	train-rmse:0.333482+0.004554	test-rmse:0.335072+0.010855 
[419]	train-rmse:0.333288+0.004727	test-rmse:0.334890+0.011028 
[420]	train-rmse:0.332792+0.004279	test-rmse:0.334460+0.010684 
[421]	train-rmse:0.332602+0.004470	test-rmse:0.334276+0.010868 
[422]	train-rmse:0.332366+0.004188	test-rmse:0.334083+0.010653 
[423]	train-rmse:0.331971+0.004659	test-rmse:0.333665+0.011147 
[424]	train-rmse:0.331749+0.004912	test-rmse:0.333429+0.011397 
[425]	train-rmse:0.331744+0.004912	test-rmse:0.333424+0.011397 
[426]	train-rmse:0.331739+0.004912	test-rmse:0.333419+0.011397 
[427]	train-rmse:0.331734+0.004911	test-rmse:0.333415+0.011397 
[428]	train-rmse:0.331729+0.004911	test-rmse:0.333410+0.011397 
[429]	train-rmse:0.331724+0.004910	test-rmse:0.333405+0.011397 
[430]	train-rmse:0.331492+0.004794	test-rmse:0.333207+0.011322 
[431]	train-rmse:0.331295+0.004658	test-rmse:0.333007+0.011155 
[432]	train-rmse:0.331290+0.004658	test-rmse:0.333002+0.011155 
[433]	train-rmse:0.331042+0.004368	test-rmse:0.332779+0.010907 
[434]	train-rmse:0.331037+0.004368	test-rmse:0.332774+0.010907 
[435]	train-rmse:0.330589+0.004422	test-rmse:0.332344+0.010962 
[436]	train-rmse:0.330584+0.004422	test-rmse:0.332339+0.010962 
[437]	train-rmse:0.330390+0.004280	test-rmse:0.332136+0.010788 
[438]	train-rmse:0.330014+0.004451	test-rmse:0.331763+0.010896 
[439]	train-rmse:0.330009+0.004450	test-rmse:0.331758+0.010896 
[440]	train-rmse:0.330004+0.004450	test-rmse:0.331754+0.010896 
[441]	train-rmse:0.329841+0.004605	test-rmse:0.331568+0.011113 
[442]	train-rmse:0.329606+0.004498	test-rmse:0.331335+0.010940 
[443]	train-rmse:0.329601+0.004498	test-rmse:0.331331+0.010941 
[444]	train-rmse:0.329596+0.004497	test-rmse:0.331326+0.010941 
[445]	train-rmse:0.329354+0.004316	test-rmse:0.331117+0.010839 
[446]	train-rmse:0.328957+0.004115	test-rmse:0.330749+0.010629 
[447]	train-rmse:0.328953+0.004115	test-rmse:0.330745+0.010629 
[448]	train-rmse:0.328948+0.004115	test-rmse:0.330740+0.010629 
[449]	train-rmse:0.328943+0.004115	test-rmse:0.330736+0.010629 
[450]	train-rmse:0.328939+0.004115	test-rmse:0.330731+0.010629 
[451]	train-rmse:0.328733+0.004319	test-rmse:0.330494+0.010918 
[452]	train-rmse:0.328522+0.004260	test-rmse:0.330280+0.010775 
[453]	train-rmse:0.328517+0.004260	test-rmse:0.330276+0.010775 
[454]	train-rmse:0.327895+0.004162	test-rmse:0.329675+0.010643 
[455]	train-rmse:0.327691+0.004163	test-rmse:0.329473+0.010528 
[456]	train-rmse:0.327686+0.004162	test-rmse:0.329468+0.010528 
[457]	train-rmse:0.327682+0.004162	test-rmse:0.329464+0.010529 
[458]	train-rmse:0.327677+0.004162	test-rmse:0.329460+0.010529 
[459]	train-rmse:0.327480+0.004347	test-rmse:0.329260+0.010771 
[460]	train-rmse:0.327475+0.004347	test-rmse:0.329256+0.010771 
[461]	train-rmse:0.327471+0.004346	test-rmse:0.329251+0.010771 
[462]	train-rmse:0.327466+0.004346	test-rmse:0.329247+0.010771 
[463]	train-rmse:0.327257+0.004568	test-rmse:0.329032+0.011041 
[464]	train-rmse:0.327038+0.004408	test-rmse:0.328841+0.010944 
[465]	train-rmse:0.326806+0.004083	test-rmse:0.328635+0.010689 
[466]	train-rmse:0.326802+0.004082	test-rmse:0.328631+0.010689 
[467]	train-rmse:0.326797+0.004082	test-rmse:0.328626+0.010690 
[468]	train-rmse:0.326793+0.004082	test-rmse:0.328623+0.010690 
[469]	train-rmse:0.326387+0.003930	test-rmse:0.328257+0.010493 
[470]	train-rmse:0.326382+0.003929	test-rmse:0.328253+0.010494 
[471]	train-rmse:0.325941+0.003463	test-rmse:0.327874+0.010165 
[472]	train-rmse:0.325936+0.003463	test-rmse:0.327870+0.010165 
[473]	train-rmse:0.325544+0.003654	test-rmse:0.327477+0.010231 
[474]	train-rmse:0.325540+0.003654	test-rmse:0.327473+0.010231 
[475]	train-rmse:0.325302+0.003301	test-rmse:0.327265+0.009968 
[476]	train-rmse:0.325298+0.003301	test-rmse:0.327261+0.009968 
[477]	train-rmse:0.325070+0.002994	test-rmse:0.327058+0.009721 
[478]	train-rmse:0.324876+0.003012	test-rmse:0.326857+0.009606 
[479]	train-rmse:0.324672+0.003226	test-rmse:0.326641+0.009882 
[480]	train-rmse:0.324668+0.003226	test-rmse:0.326637+0.009882 
[481]	train-rmse:0.324411+0.002916	test-rmse:0.326402+0.009604 
[482]	train-rmse:0.324191+0.002699	test-rmse:0.326212+0.009390 
[483]	train-rmse:0.324046+0.002879	test-rmse:0.326037+0.009626 
[484]	train-rmse:0.324042+0.002878	test-rmse:0.326033+0.009626 
[485]	train-rmse:0.323826+0.003176	test-rmse:0.325812+0.009934 
[486]	train-rmse:0.323636+0.003460	test-rmse:0.325604+0.010230 
[487]	train-rmse:0.323451+0.003749	test-rmse:0.325393+0.010538 
[488]	train-rmse:0.323276+0.004034	test-rmse:0.325202+0.010824 
[489]	train-rmse:0.323272+0.004034	test-rmse:0.325198+0.010824 
[490]	train-rmse:0.323268+0.004033	test-rmse:0.325194+0.010824 
[491]	train-rmse:0.323264+0.004033	test-rmse:0.325191+0.010824 
[492]	train-rmse:0.323070+0.003893	test-rmse:0.325030+0.010660 
[493]	train-rmse:0.322836+0.003638	test-rmse:0.324828+0.010532 
[494]	train-rmse:0.322832+0.003638	test-rmse:0.324824+0.010532 
[495]	train-rmse:0.322632+0.003587	test-rmse:0.324626+0.010405 
[496]	train-rmse:0.322427+0.003384	test-rmse:0.324448+0.010300 
[497]	train-rmse:0.322217+0.003213	test-rmse:0.324273+0.010113 
[498]	train-rmse:0.322023+0.003559	test-rmse:0.324064+0.010435 
[499]	train-rmse:0.321799+0.003428	test-rmse:0.323859+0.010229 
[500]	train-rmse:0.321795+0.003427	test-rmse:0.323856+0.010229 
[501]	train-rmse:0.321604+0.003776	test-rmse:0.323647+0.010560 
[502]	train-rmse:0.321601+0.003775	test-rmse:0.323643+0.010560 
[503]	train-rmse:0.321597+0.003775	test-rmse:0.323640+0.010560 
[504]	train-rmse:0.321593+0.003775	test-rmse:0.323636+0.010560 
[505]	train-rmse:0.321589+0.003775	test-rmse:0.323632+0.010560 
[506]	train-rmse:0.321376+0.003807	test-rmse:0.323415+0.010715 
[507]	train-rmse:0.321179+0.003877	test-rmse:0.323207+0.010878 
[508]	train-rmse:0.321175+0.003876	test-rmse:0.323203+0.010878 
[509]	train-rmse:0.321171+0.003876	test-rmse:0.323199+0.010878 
[510]	train-rmse:0.320786+0.004283	test-rmse:0.322807+0.011337 
[511]	train-rmse:0.320613+0.004570	test-rmse:0.322618+0.011622 
[512]	train-rmse:0.320196+0.004240	test-rmse:0.322222+0.011357 
[513]	train-rmse:0.320193+0.004240	test-rmse:0.322218+0.011357 
[514]	train-rmse:0.320189+0.004239	test-rmse:0.322215+0.011357 
[515]	train-rmse:0.319808+0.004254	test-rmse:0.321840+0.011368 
[516]	train-rmse:0.319804+0.004254	test-rmse:0.321837+0.011368 
[517]	train-rmse:0.319610+0.004065	test-rmse:0.321656+0.011258 
[518]	train-rmse:0.319407+0.003899	test-rmse:0.321490+0.011165 
[519]	train-rmse:0.319404+0.003899	test-rmse:0.321487+0.011165 
[520]	train-rmse:0.319186+0.003822	test-rmse:0.321267+0.011025 
[521]	train-rmse:0.319183+0.003822	test-rmse:0.321264+0.011025 
[522]	train-rmse:0.319179+0.003822	test-rmse:0.321260+0.011025 
[523]	train-rmse:0.318619+0.004012	test-rmse:0.320725+0.011268 
[524]	train-rmse:0.318201+0.003770	test-rmse:0.320331+0.011030 
[525]	train-rmse:0.318198+0.003769	test-rmse:0.320327+0.011030 
[526]	train-rmse:0.318194+0.003769	test-rmse:0.320324+0.011030 
[527]	train-rmse:0.318191+0.003769	test-rmse:0.320320+0.011030 
[528]	train-rmse:0.317993+0.003570	test-rmse:0.320167+0.010860 
[529]	train-rmse:0.317588+0.003499	test-rmse:0.319789+0.010838 
[530]	train-rmse:0.317375+0.003435	test-rmse:0.319563+0.010700 
[531]	train-rmse:0.317372+0.003435	test-rmse:0.319559+0.010700 
[532]	train-rmse:0.317190+0.003246	test-rmse:0.319408+0.010606 
[533]	train-rmse:0.317187+0.003246	test-rmse:0.319404+0.010606 
[534]	train-rmse:0.317183+0.003246	test-rmse:0.319401+0.010606 
[535]	train-rmse:0.317180+0.003246	test-rmse:0.319398+0.010606 
[536]	train-rmse:0.316957+0.003055	test-rmse:0.319224+0.010507 
[537]	train-rmse:0.316953+0.003054	test-rmse:0.319221+0.010507 
[538]	train-rmse:0.316579+0.003457	test-rmse:0.318820+0.010970 
[539]	train-rmse:0.316370+0.003253	test-rmse:0.318651+0.010783 
[540]	train-rmse:0.316174+0.003386	test-rmse:0.318443+0.010966 
[541]	train-rmse:0.316171+0.003386	test-rmse:0.318440+0.010965 
[542]	train-rmse:0.316167+0.003386	test-rmse:0.318437+0.010965 
[543]	train-rmse:0.316164+0.003385	test-rmse:0.318434+0.010966 
[544]	train-rmse:0.315977+0.003679	test-rmse:0.318236+0.011253 
[545]	train-rmse:0.315561+0.003650	test-rmse:0.317820+0.011234 
[546]	train-rmse:0.315337+0.003530	test-rmse:0.317599+0.011087 
[547]	train-rmse:0.315333+0.003529	test-rmse:0.317596+0.011087 
[548]	train-rmse:0.315330+0.003529	test-rmse:0.317592+0.011087 
[549]	train-rmse:0.314955+0.003770	test-rmse:0.317195+0.011309 
[550]	train-rmse:0.314952+0.003769	test-rmse:0.317192+0.011309 
[551]	train-rmse:0.314948+0.003769	test-rmse:0.317189+0.011310 
[552]	train-rmse:0.314945+0.003769	test-rmse:0.317185+0.011310 
[553]	train-rmse:0.314942+0.003768	test-rmse:0.317182+0.011310 
[554]	train-rmse:0.314737+0.003556	test-rmse:0.317016+0.011200 
[555]	train-rmse:0.314734+0.003556	test-rmse:0.317012+0.011200 
[556]	train-rmse:0.314557+0.003402	test-rmse:0.316874+0.011117 
[557]	train-rmse:0.314554+0.003402	test-rmse:0.316871+0.011117 
[558]	train-rmse:0.314551+0.003401	test-rmse:0.316868+0.011117 
[559]	train-rmse:0.314548+0.003401	test-rmse:0.316865+0.011117 
[560]	train-rmse:0.314545+0.003400	test-rmse:0.316861+0.011117 
[561]	train-rmse:0.314348+0.003264	test-rmse:0.316717+0.011036 
[562]	train-rmse:0.314002+0.003461	test-rmse:0.316359+0.011198 
[563]	train-rmse:0.313999+0.003461	test-rmse:0.316356+0.011198 
[564]	train-rmse:0.313996+0.003461	test-rmse:0.316353+0.011198 
[565]	train-rmse:0.313993+0.003461	test-rmse:0.316350+0.011198 
[566]	train-rmse:0.313990+0.003461	test-rmse:0.316347+0.011198 
[567]	train-rmse:0.313987+0.003460	test-rmse:0.316344+0.011198 
[568]	train-rmse:0.313984+0.003460	test-rmse:0.316341+0.011198 
[569]	train-rmse:0.313776+0.003235	test-rmse:0.316150+0.010982 
[570]	train-rmse:0.313370+0.003029	test-rmse:0.315799+0.010778 
[571]	train-rmse:0.313192+0.003337	test-rmse:0.315615+0.011055 
[572]	train-rmse:0.312989+0.003311	test-rmse:0.315399+0.010941 
[573]	train-rmse:0.312820+0.003355	test-rmse:0.315227+0.011072 
[574]	train-rmse:0.312816+0.003355	test-rmse:0.315224+0.011072 
[575]	train-rmse:0.312639+0.003436	test-rmse:0.315049+0.011215 
[576]	train-rmse:0.312448+0.003437	test-rmse:0.314853+0.011121 
[577]	train-rmse:0.311903+0.003476	test-rmse:0.314299+0.011136 
[578]	train-rmse:0.311900+0.003476	test-rmse:0.314296+0.011136 
[579]	train-rmse:0.311706+0.003260	test-rmse:0.314122+0.010934 
[580]	train-rmse:0.311524+0.003310	test-rmse:0.313933+0.010858 
[581]	train-rmse:0.311322+0.003113	test-rmse:0.313758+0.010656 
[582]	train-rmse:0.311139+0.003170	test-rmse:0.313551+0.010822 
[583]	train-rmse:0.310945+0.003272	test-rmse:0.313331+0.011013 
[584]	train-rmse:0.310582+0.003349	test-rmse:0.312982+0.011093 
[585]	train-rmse:0.310402+0.003385	test-rmse:0.312797+0.011017 
[586]	train-rmse:0.310399+0.003385	test-rmse:0.312795+0.011017 
[587]	train-rmse:0.310224+0.003455	test-rmse:0.312620+0.010956 
[588]	train-rmse:0.309850+0.003553	test-rmse:0.312252+0.011070 
[589]	train-rmse:0.309847+0.003553	test-rmse:0.312249+0.011070 
[590]	train-rmse:0.309844+0.003553	test-rmse:0.312246+0.011070 
[591]	train-rmse:0.309841+0.003553	test-rmse:0.312243+0.011070 
[592]	train-rmse:0.309517+0.003830	test-rmse:0.311904+0.011457 
[593]	train-rmse:0.309515+0.003830	test-rmse:0.311901+0.011457 
[594]	train-rmse:0.309339+0.003916	test-rmse:0.311706+0.011622 
[595]	train-rmse:0.309336+0.003915	test-rmse:0.311703+0.011622 
[596]	train-rmse:0.309010+0.004251	test-rmse:0.311327+0.012078 
[597]	train-rmse:0.308651+0.004227	test-rmse:0.310993+0.012028 
[598]	train-rmse:0.308485+0.004247	test-rmse:0.310843+0.011968 
[599]	train-rmse:0.308125+0.004185	test-rmse:0.310528+0.011748 
[600]	train-rmse:0.308122+0.004184	test-rmse:0.310525+0.011748 
[601]	train-rmse:0.308119+0.004184	test-rmse:0.310522+0.011748 
[602]	train-rmse:0.308116+0.004184	test-rmse:0.310520+0.011748 
[603]	train-rmse:0.308114+0.004183	test-rmse:0.310517+0.011748 
[604]	train-rmse:0.308111+0.004183	test-rmse:0.310515+0.011749 
[605]	train-rmse:0.308108+0.004183	test-rmse:0.310512+0.011749 
[606]	train-rmse:0.308105+0.004183	test-rmse:0.310509+0.011749 
[607]	train-rmse:0.308103+0.004182	test-rmse:0.310506+0.011749 
[608]	train-rmse:0.307941+0.004382	test-rmse:0.310332+0.011997 
[609]	train-rmse:0.307938+0.004382	test-rmse:0.310330+0.011997 
[610]	train-rmse:0.307936+0.004382	test-rmse:0.310327+0.011997 
[611]	train-rmse:0.307720+0.004296	test-rmse:0.310150+0.011822 
[612]	train-rmse:0.307539+0.004256	test-rmse:0.309989+0.011669 
[613]	train-rmse:0.307173+0.004333	test-rmse:0.309679+0.011694 
[614]	train-rmse:0.307022+0.004428	test-rmse:0.309509+0.011850 
[615]	train-rmse:0.306851+0.004451	test-rmse:0.309330+0.011779 
[616]	train-rmse:0.306849+0.004450	test-rmse:0.309327+0.011779 
[617]	train-rmse:0.306484+0.004569	test-rmse:0.308991+0.011789 
[618]	train-rmse:0.306482+0.004569	test-rmse:0.308989+0.011789 
[619]	train-rmse:0.306291+0.004608	test-rmse:0.308795+0.011719 
[620]	train-rmse:0.306134+0.004724	test-rmse:0.308631+0.011880 
[621]	train-rmse:0.305946+0.004736	test-rmse:0.308475+0.011744 
[622]	train-rmse:0.305587+0.004465	test-rmse:0.308175+0.011451 
[623]	train-rmse:0.305282+0.004628	test-rmse:0.307892+0.011503 
[624]	train-rmse:0.304888+0.004323	test-rmse:0.307568+0.011188 
[625]	train-rmse:0.304886+0.004323	test-rmse:0.307565+0.011188 
[626]	train-rmse:0.304744+0.004418	test-rmse:0.307411+0.011392 
[627]	train-rmse:0.304575+0.004423	test-rmse:0.307250+0.011323 
[628]	train-rmse:0.304401+0.004515	test-rmse:0.307105+0.011211 
[629]	train-rmse:0.304398+0.004515	test-rmse:0.307103+0.011211 
[630]	train-rmse:0.304396+0.004515	test-rmse:0.307100+0.011211 
[631]	train-rmse:0.304196+0.004649	test-rmse:0.306923+0.011081 
[632]	train-rmse:0.304194+0.004649	test-rmse:0.306920+0.011081 
[633]	train-rmse:0.304191+0.004648	test-rmse:0.306918+0.011081 
[634]	train-rmse:0.304054+0.004659	test-rmse:0.306798+0.011031 
[635]	train-rmse:0.304052+0.004659	test-rmse:0.306796+0.011031 
[636]	train-rmse:0.304049+0.004659	test-rmse:0.306793+0.011031 
[637]	train-rmse:0.304047+0.004658	test-rmse:0.306791+0.011031 
[638]	train-rmse:0.304044+0.004658	test-rmse:0.306789+0.011031 
[639]	train-rmse:0.304042+0.004658	test-rmse:0.306786+0.011031 
[640]	train-rmse:0.303878+0.004758	test-rmse:0.306605+0.011276 
[641]	train-rmse:0.303712+0.004879	test-rmse:0.306413+0.011540 
[642]	train-rmse:0.303531+0.005002	test-rmse:0.306272+0.011442 
[643]	train-rmse:0.303529+0.005002	test-rmse:0.306270+0.011442 
[644]	train-rmse:0.303527+0.005002	test-rmse:0.306268+0.011442 
[645]	train-rmse:0.303356+0.005080	test-rmse:0.306084+0.011614 
[646]	train-rmse:0.303354+0.005079	test-rmse:0.306082+0.011614 
[647]	train-rmse:0.303352+0.005079	test-rmse:0.306080+0.011614 
[648]	train-rmse:0.303349+0.005079	test-rmse:0.306077+0.011614 
[649]	train-rmse:0.303347+0.005079	test-rmse:0.306075+0.011614 
[650]	train-rmse:0.303149+0.004703	test-rmse:0.305911+0.011421 
[651]	train-rmse:0.303147+0.004703	test-rmse:0.305908+0.011421 
[652]	train-rmse:0.302844+0.004928	test-rmse:0.305616+0.011546 
[653]	train-rmse:0.302697+0.004921	test-rmse:0.305481+0.011484 
[654]	train-rmse:0.302695+0.004921	test-rmse:0.305479+0.011484 
[655]	train-rmse:0.302693+0.004921	test-rmse:0.305477+0.011484 
[656]	train-rmse:0.302535+0.004932	test-rmse:0.305305+0.011413 
[657]	train-rmse:0.302355+0.005072	test-rmse:0.305166+0.011319 
[658]	train-rmse:0.302353+0.005072	test-rmse:0.305164+0.011319 
[659]	train-rmse:0.302350+0.005072	test-rmse:0.305162+0.011320 
[660]	train-rmse:0.302348+0.005072	test-rmse:0.305159+0.011320 
[661]	train-rmse:0.302346+0.005072	test-rmse:0.305157+0.011320 
[662]	train-rmse:0.302145+0.005106	test-rmse:0.304956+0.011247 
[663]	train-rmse:0.302008+0.005194	test-rmse:0.304816+0.011441 
[664]	train-rmse:0.302006+0.005194	test-rmse:0.304814+0.011441 
[665]	train-rmse:0.302003+0.005194	test-rmse:0.304812+0.011442 
[666]	train-rmse:0.301821+0.005342	test-rmse:0.304646+0.011333 
[667]	train-rmse:0.301819+0.005342	test-rmse:0.304644+0.011333 
[668]	train-rmse:0.301817+0.005341	test-rmse:0.304642+0.011333 
[669]	train-rmse:0.301814+0.005341	test-rmse:0.304640+0.011333 
[670]	train-rmse:0.301812+0.005341	test-rmse:0.304637+0.011333 
[671]	train-rmse:0.301648+0.005491	test-rmse:0.304500+0.011249 
[672]	train-rmse:0.301646+0.005491	test-rmse:0.304497+0.011250 
[673]	train-rmse:0.301470+0.005533	test-rmse:0.304308+0.011417 
[674]	train-rmse:0.301123+0.005248	test-rmse:0.303968+0.011394 
[675]	train-rmse:0.300946+0.005269	test-rmse:0.303796+0.011329 
[676]	train-rmse:0.300767+0.005434	test-rmse:0.303636+0.011229 
[677]	train-rmse:0.300454+0.005647	test-rmse:0.303351+0.011308 
[678]	train-rmse:0.300452+0.005647	test-rmse:0.303349+0.011308 
[679]	train-rmse:0.300280+0.005671	test-rmse:0.303176+0.011245 
[680]	train-rmse:0.300132+0.005729	test-rmse:0.303016+0.011454 
[681]	train-rmse:0.300130+0.005729	test-rmse:0.303013+0.011454 
[682]	train-rmse:0.299967+0.005766	test-rmse:0.302854+0.011404 
[683]	train-rmse:0.299651+0.005873	test-rmse:0.302525+0.011503 
[684]	train-rmse:0.299649+0.005873	test-rmse:0.302523+0.011503 
[685]	train-rmse:0.299647+0.005873	test-rmse:0.302521+0.011502 
[686]	train-rmse:0.299644+0.005873	test-rmse:0.302519+0.011503 
[687]	train-rmse:0.299642+0.005872	test-rmse:0.302517+0.011503 
[688]	train-rmse:0.299640+0.005872	test-rmse:0.302515+0.011503 
[689]	train-rmse:0.299638+0.005872	test-rmse:0.302513+0.011503 
[690]	train-rmse:0.299483+0.005933	test-rmse:0.302354+0.011708 
[691]	train-rmse:0.299481+0.005933	test-rmse:0.302352+0.011708 
[692]	train-rmse:0.299350+0.005983	test-rmse:0.302225+0.011827 
[693]	train-rmse:0.299192+0.006041	test-rmse:0.302065+0.011790 
[694]	train-rmse:0.299039+0.006107	test-rmse:0.301897+0.012007 
[695]	train-rmse:0.298836+0.005707	test-rmse:0.301745+0.011802 
[696]	train-rmse:0.298495+0.005453	test-rmse:0.301427+0.011570 
[697]	train-rmse:0.298493+0.005453	test-rmse:0.301425+0.011570 
[698]	train-rmse:0.298339+0.005568	test-rmse:0.301298+0.011483 
[699]	train-rmse:0.298337+0.005568	test-rmse:0.301296+0.011483 
[700]	train-rmse:0.298168+0.005654	test-rmse:0.301124+0.011453 
[701]	train-rmse:0.298167+0.005654	test-rmse:0.301122+0.011453 
[702]	train-rmse:0.298164+0.005653	test-rmse:0.301120+0.011453 
[703]	train-rmse:0.298162+0.005653	test-rmse:0.301118+0.011453 
[704]	train-rmse:0.298005+0.005779	test-rmse:0.300971+0.011356 
[705]	train-rmse:0.298003+0.005779	test-rmse:0.300969+0.011356 
[706]	train-rmse:0.297804+0.005395	test-rmse:0.300797+0.011119 
[707]	train-rmse:0.297802+0.005395	test-rmse:0.300795+0.011118 
[708]	train-rmse:0.297645+0.005485	test-rmse:0.300639+0.011095 
[709]	train-rmse:0.297462+0.005528	test-rmse:0.300449+0.011270 
[710]	train-rmse:0.297460+0.005527	test-rmse:0.300447+0.011270 
[711]	train-rmse:0.297291+0.005200	test-rmse:0.300313+0.011087 
[712]	train-rmse:0.297289+0.005200	test-rmse:0.300311+0.011087 
[713]	train-rmse:0.296988+0.005340	test-rmse:0.299984+0.011277 
[714]	train-rmse:0.296676+0.005210	test-rmse:0.299723+0.011013 
[715]	train-rmse:0.296478+0.004832	test-rmse:0.299553+0.010784 
[716]	train-rmse:0.296289+0.004474	test-rmse:0.299400+0.010584 
[717]	train-rmse:0.295974+0.004541	test-rmse:0.299040+0.010985 
[718]	train-rmse:0.295831+0.004594	test-rmse:0.298889+0.011185 
[719]	train-rmse:0.295551+0.004357	test-rmse:0.298625+0.011211 
[720]	train-rmse:0.295549+0.004357	test-rmse:0.298623+0.011211 
[721]	train-rmse:0.295386+0.004449	test-rmse:0.298475+0.011182 
[722]	train-rmse:0.295384+0.004448	test-rmse:0.298473+0.011182 
[723]	train-rmse:0.295382+0.004448	test-rmse:0.298471+0.011182 
[724]	train-rmse:0.295380+0.004448	test-rmse:0.298469+0.011182 
[725]	train-rmse:0.295379+0.004448	test-rmse:0.298468+0.011182 
[726]	train-rmse:0.295376+0.004447	test-rmse:0.298466+0.011182 
[727]	train-rmse:0.295375+0.004447	test-rmse:0.298464+0.011182 
[728]	train-rmse:0.295373+0.004447	test-rmse:0.298462+0.011182 
[729]	train-rmse:0.295371+0.004447	test-rmse:0.298460+0.011182 
[730]	train-rmse:0.295212+0.004557	test-rmse:0.298312+0.011161 
[731]	train-rmse:0.295210+0.004556	test-rmse:0.298310+0.011161 
[732]	train-rmse:0.295078+0.004591	test-rmse:0.298191+0.011272 
[733]	train-rmse:0.295076+0.004591	test-rmse:0.298189+0.011272 
[734]	train-rmse:0.294920+0.004651	test-rmse:0.298030+0.011428 
[735]	train-rmse:0.294775+0.004694	test-rmse:0.297882+0.011614 
[736]	train-rmse:0.294609+0.004797	test-rmse:0.297734+0.011495 
[737]	train-rmse:0.294607+0.004797	test-rmse:0.297732+0.011495 
[738]	train-rmse:0.294440+0.004870	test-rmse:0.297545+0.011680 
[739]	train-rmse:0.294438+0.004869	test-rmse:0.297544+0.011680 
[740]	train-rmse:0.294282+0.004977	test-rmse:0.297426+0.011590 
[741]	train-rmse:0.294123+0.004666	test-rmse:0.297295+0.011420 
[742]	train-rmse:0.293851+0.004779	test-rmse:0.296994+0.011585 
[743]	train-rmse:0.293849+0.004779	test-rmse:0.296992+0.011585 
[744]	train-rmse:0.293530+0.004576	test-rmse:0.296716+0.011406 
[745]	train-rmse:0.293528+0.004576	test-rmse:0.296714+0.011407 
[746]	train-rmse:0.293526+0.004575	test-rmse:0.296712+0.011407 
[747]	train-rmse:0.293243+0.004731	test-rmse:0.296413+0.011569 
[748]	train-rmse:0.293110+0.004777	test-rmse:0.296246+0.011787 
[749]	train-rmse:0.292933+0.004433	test-rmse:0.296095+0.011597 
[750]	train-rmse:0.292774+0.004506	test-rmse:0.295927+0.011822 
[751]	train-rmse:0.292772+0.004506	test-rmse:0.295926+0.011822 
[752]	train-rmse:0.292771+0.004505	test-rmse:0.295924+0.011822 
[753]	train-rmse:0.292498+0.004655	test-rmse:0.295669+0.011841 
[754]	train-rmse:0.292496+0.004655	test-rmse:0.295667+0.011841 
[755]	train-rmse:0.292494+0.004655	test-rmse:0.295666+0.011841 
[756]	train-rmse:0.292492+0.004654	test-rmse:0.295664+0.011841 
[757]	train-rmse:0.292338+0.004682	test-rmse:0.295508+0.011976 
[758]	train-rmse:0.292188+0.004774	test-rmse:0.295396+0.011885 
[759]	train-rmse:0.292186+0.004774	test-rmse:0.295395+0.011885 
[760]	train-rmse:0.292014+0.004439	test-rmse:0.295245+0.011696 
[761]	train-rmse:0.292013+0.004439	test-rmse:0.295243+0.011696 
[762]	train-rmse:0.291856+0.004541	test-rmse:0.295095+0.011674 
[763]	train-rmse:0.291854+0.004541	test-rmse:0.295093+0.011675 
[764]	train-rmse:0.291853+0.004541	test-rmse:0.295091+0.011675 
[765]	train-rmse:0.291711+0.004611	test-rmse:0.294938+0.011883 
[766]	train-rmse:0.291562+0.004702	test-rmse:0.294774+0.012111 
[767]	train-rmse:0.291386+0.004361	test-rmse:0.294618+0.011919 
[768]	train-rmse:0.291384+0.004361	test-rmse:0.294616+0.011919 
[769]	train-rmse:0.291382+0.004361	test-rmse:0.294615+0.011919 
[770]	train-rmse:0.291381+0.004361	test-rmse:0.294613+0.011919 
[771]	train-rmse:0.291379+0.004361	test-rmse:0.294612+0.011919 
[772]	train-rmse:0.291207+0.004029	test-rmse:0.294480+0.011762 
[773]	train-rmse:0.291072+0.004112	test-rmse:0.294375+0.011671 
[774]	train-rmse:0.290915+0.004229	test-rmse:0.294256+0.011572 
[775]	train-rmse:0.290914+0.004229	test-rmse:0.294254+0.011572 
[776]	train-rmse:0.290769+0.004230	test-rmse:0.294104+0.011697 
[777]	train-rmse:0.290767+0.004230	test-rmse:0.294102+0.011697 
[778]	train-rmse:0.290610+0.004321	test-rmse:0.293941+0.011668 
[779]	train-rmse:0.290461+0.004437	test-rmse:0.293821+0.011570 
[780]	train-rmse:0.290459+0.004437	test-rmse:0.293819+0.011570 
[781]	train-rmse:0.290458+0.004437	test-rmse:0.293817+0.011570 
[782]	train-rmse:0.290456+0.004437	test-rmse:0.293816+0.011570 
[783]	train-rmse:0.290454+0.004436	test-rmse:0.293814+0.011570 
[784]	train-rmse:0.290004+0.004653	test-rmse:0.293384+0.011839 
[785]	train-rmse:0.289844+0.004349	test-rmse:0.293258+0.011681 
[786]	train-rmse:0.289698+0.004487	test-rmse:0.293129+0.011581 
[787]	train-rmse:0.289553+0.004557	test-rmse:0.292979+0.011552 
[788]	train-rmse:0.289551+0.004557	test-rmse:0.292977+0.011552 
[789]	train-rmse:0.289550+0.004556	test-rmse:0.292976+0.011552 
[790]	train-rmse:0.289111+0.004541	test-rmse:0.292606+0.011296 
[791]	train-rmse:0.289109+0.004540	test-rmse:0.292604+0.011296 
[792]	train-rmse:0.288946+0.004716	test-rmse:0.292465+0.011191 
[793]	train-rmse:0.288809+0.004876	test-rmse:0.292363+0.011118 
[794]	train-rmse:0.288807+0.004876	test-rmse:0.292361+0.011118 
[795]	train-rmse:0.288805+0.004875	test-rmse:0.292359+0.011118 
[796]	train-rmse:0.288804+0.004875	test-rmse:0.292358+0.011118 
[797]	train-rmse:0.288511+0.004601	test-rmse:0.292083+0.011100 
[798]	train-rmse:0.288509+0.004600	test-rmse:0.292082+0.011100 
[799]	train-rmse:0.288508+0.004600	test-rmse:0.292081+0.011100 
[800]	train-rmse:0.288506+0.004600	test-rmse:0.292079+0.011100 
[801]	train-rmse:0.288505+0.004600	test-rmse:0.292078+0.011100 
[802]	train-rmse:0.288325+0.004290	test-rmse:0.291915+0.010892 
[803]	train-rmse:0.288324+0.004289	test-rmse:0.291914+0.010892 
[804]	train-rmse:0.288175+0.004345	test-rmse:0.291739+0.011147 
[805]	train-rmse:0.287854+0.004279	test-rmse:0.291471+0.010883 
[806]	train-rmse:0.287853+0.004279	test-rmse:0.291470+0.010883 
[807]	train-rmse:0.287689+0.004016	test-rmse:0.291332+0.010715 
[808]	train-rmse:0.287386+0.004176	test-rmse:0.291075+0.010716 
[809]	train-rmse:0.287244+0.004386	test-rmse:0.290955+0.010632 
[810]	train-rmse:0.287242+0.004386	test-rmse:0.290954+0.010632 
[811]	train-rmse:0.286948+0.004637	test-rmse:0.290691+0.010513 
[812]	train-rmse:0.286809+0.004666	test-rmse:0.290531+0.010748 
[813]	train-rmse:0.286662+0.004714	test-rmse:0.290393+0.010714 
[814]	train-rmse:0.286531+0.004657	test-rmse:0.290255+0.010817 
[815]	train-rmse:0.286530+0.004657	test-rmse:0.290253+0.010818 
[816]	train-rmse:0.286528+0.004657	test-rmse:0.290252+0.010818 
[817]	train-rmse:0.286527+0.004657	test-rmse:0.290250+0.010818 
[818]	train-rmse:0.286525+0.004657	test-rmse:0.290249+0.010818 
[819]	train-rmse:0.286372+0.004414	test-rmse:0.290129+0.010663 
[820]	train-rmse:0.286370+0.004414	test-rmse:0.290128+0.010663 
[821]	train-rmse:0.286369+0.004414	test-rmse:0.290126+0.010663 
[822]	train-rmse:0.286367+0.004414	test-rmse:0.290125+0.010663 
[823]	train-rmse:0.286218+0.004476	test-rmse:0.289969+0.010629 
[824]	train-rmse:0.286081+0.004505	test-rmse:0.289802+0.010875 
[825]	train-rmse:0.286080+0.004504	test-rmse:0.289801+0.010875 
[826]	train-rmse:0.285891+0.004210	test-rmse:0.289660+0.010697 
[827]	train-rmse:0.285890+0.004210	test-rmse:0.289658+0.010697 
[828]	train-rmse:0.285762+0.004248	test-rmse:0.289521+0.010902 
[829]	train-rmse:0.285623+0.004443	test-rmse:0.289411+0.010822 
[830]	train-rmse:0.285622+0.004443	test-rmse:0.289410+0.010822 
[831]	train-rmse:0.285620+0.004443	test-rmse:0.289408+0.010822 
[832]	train-rmse:0.285618+0.004443	test-rmse:0.289407+0.010823 
[833]	train-rmse:0.285496+0.004487	test-rmse:0.289253+0.011057 
[834]	train-rmse:0.285494+0.004487	test-rmse:0.289252+0.011057 
[835]	train-rmse:0.285493+0.004487	test-rmse:0.289250+0.011057 
[836]	train-rmse:0.285354+0.004409	test-rmse:0.289090+0.011168 
[837]	train-rmse:0.285352+0.004409	test-rmse:0.289089+0.011168 
[838]	train-rmse:0.285221+0.004455	test-rmse:0.288956+0.011137 
[839]	train-rmse:0.285219+0.004455	test-rmse:0.288955+0.011137 
[840]	train-rmse:0.285079+0.004389	test-rmse:0.288810+0.011242 
[841]	train-rmse:0.284938+0.004582	test-rmse:0.288696+0.011160 
[842]	train-rmse:0.284937+0.004582	test-rmse:0.288694+0.011161 
[843]	train-rmse:0.284798+0.004629	test-rmse:0.288531+0.011403 
[844]	train-rmse:0.284797+0.004629	test-rmse:0.288530+0.011403 
[845]	train-rmse:0.284419+0.004565	test-rmse:0.288197+0.011402 
[846]	train-rmse:0.284281+0.004355	test-rmse:0.288091+0.011272 
[847]	train-rmse:0.284133+0.004572	test-rmse:0.287982+0.011196 
[848]	train-rmse:0.283996+0.004497	test-rmse:0.287836+0.011299 
[849]	train-rmse:0.283849+0.004527	test-rmse:0.287682+0.011256 
[850]	train-rmse:0.283742+0.004475	test-rmse:0.287580+0.011330 
[851]	train-rmse:0.283605+0.004526	test-rmse:0.287419+0.011571 
[852]	train-rmse:0.283299+0.004338	test-rmse:0.287132+0.011650 
[853]	train-rmse:0.283298+0.004338	test-rmse:0.287130+0.011650 
[854]	train-rmse:0.283165+0.004526	test-rmse:0.287050+0.011592 
[855]	train-rmse:0.283163+0.004526	test-rmse:0.287048+0.011593 
[856]	train-rmse:0.283162+0.004526	test-rmse:0.287047+0.011592 
[857]	train-rmse:0.282858+0.004322	test-rmse:0.286761+0.011374 
[858]	train-rmse:0.282564+0.004005	test-rmse:0.286498+0.011332 
[859]	train-rmse:0.282563+0.004005	test-rmse:0.286497+0.011332 
[860]	train-rmse:0.282147+0.004010	test-rmse:0.286054+0.011613 
[861]	train-rmse:0.281847+0.003694	test-rmse:0.285777+0.011558 
[862]	train-rmse:0.281845+0.003694	test-rmse:0.285776+0.011558 
[863]	train-rmse:0.281844+0.003694	test-rmse:0.285774+0.011558 
[864]	train-rmse:0.281842+0.003694	test-rmse:0.285773+0.011558 
[865]	train-rmse:0.281841+0.003694	test-rmse:0.285772+0.011558 
[866]	train-rmse:0.281565+0.003871	test-rmse:0.285519+0.011556 
[867]	train-rmse:0.281470+0.003907	test-rmse:0.285409+0.011717 
[868]	train-rmse:0.281468+0.003907	test-rmse:0.285408+0.011717 
[869]	train-rmse:0.281467+0.003907	test-rmse:0.285407+0.011718 
[870]	train-rmse:0.281466+0.003907	test-rmse:0.285406+0.011718 
[871]	train-rmse:0.281342+0.003925	test-rmse:0.285286+0.011683 
[872]	train-rmse:0.281341+0.003924	test-rmse:0.285285+0.011683 
[873]	train-rmse:0.281206+0.003962	test-rmse:0.285142+0.011647 
[874]	train-rmse:0.281076+0.004142	test-rmse:0.285045+0.011570 
[875]	train-rmse:0.280773+0.004121	test-rmse:0.284799+0.011321 
[876]	train-rmse:0.280648+0.004063	test-rmse:0.284671+0.011420 
[877]	train-rmse:0.280519+0.004019	test-rmse:0.284529+0.011536 
[878]	train-rmse:0.280397+0.004047	test-rmse:0.284384+0.011746 
[879]	train-rmse:0.280396+0.004047	test-rmse:0.284382+0.011746 
[880]	train-rmse:0.280395+0.004047	test-rmse:0.284381+0.011746 
[881]	train-rmse:0.280271+0.004071	test-rmse:0.284248+0.011711 
[882]	train-rmse:0.280270+0.004071	test-rmse:0.284247+0.011711 
[883]	train-rmse:0.280269+0.004071	test-rmse:0.284245+0.011711 
[884]	train-rmse:0.280267+0.004071	test-rmse:0.284244+0.011711 
[885]	train-rmse:0.280135+0.004113	test-rmse:0.284108+0.011681 
[886]	train-rmse:0.280133+0.004113	test-rmse:0.284107+0.011681 
[887]	train-rmse:0.280132+0.004113	test-rmse:0.284105+0.011681 
[888]	train-rmse:0.279998+0.004151	test-rmse:0.283957+0.011898 
[889]	train-rmse:0.279997+0.004151	test-rmse:0.283956+0.011898 
[890]	train-rmse:0.279876+0.004110	test-rmse:0.283818+0.012005 
[891]	train-rmse:0.279875+0.004110	test-rmse:0.283817+0.012005 
[892]	train-rmse:0.279581+0.003794	test-rmse:0.283558+0.011941 
[893]	train-rmse:0.279580+0.003794	test-rmse:0.283557+0.011941 
[894]	train-rmse:0.279464+0.003832	test-rmse:0.283458+0.011920 
[895]	train-rmse:0.279345+0.003993	test-rmse:0.283351+0.011831 
[896]	train-rmse:0.279343+0.003993	test-rmse:0.283350+0.011831 
[897]	train-rmse:0.279206+0.004048	test-rmse:0.283212+0.011805 
[898]	train-rmse:0.279205+0.004048	test-rmse:0.283210+0.011805 
[899]	train-rmse:0.279203+0.004048	test-rmse:0.283209+0.011805 
[900]	train-rmse:0.279202+0.004048	test-rmse:0.283208+0.011805 
[901]	train-rmse:0.279063+0.004016	test-rmse:0.283064+0.011925 
[902]	train-rmse:0.278935+0.004003	test-rmse:0.282929+0.012043 
[903]	train-rmse:0.278817+0.004022	test-rmse:0.282798+0.012223 
[904]	train-rmse:0.278687+0.004189	test-rmse:0.282690+0.012135 
[905]	train-rmse:0.278686+0.004189	test-rmse:0.282688+0.012135 
[906]	train-rmse:0.278540+0.004387	test-rmse:0.282575+0.012047 
[907]	train-rmse:0.278539+0.004387	test-rmse:0.282574+0.012047 
[908]	train-rmse:0.278537+0.004386	test-rmse:0.282573+0.012047 
[909]	train-rmse:0.278536+0.004386	test-rmse:0.282572+0.012047 
[910]	train-rmse:0.278535+0.004386	test-rmse:0.282571+0.012047 
[911]	train-rmse:0.278534+0.004386	test-rmse:0.282570+0.012047 
[912]	train-rmse:0.278288+0.004450	test-rmse:0.282319+0.012160 
[913]	train-rmse:0.278040+0.004490	test-rmse:0.282083+0.012222 
[914]	train-rmse:0.278039+0.004490	test-rmse:0.282082+0.012222 
[915]	train-rmse:0.277922+0.004550	test-rmse:0.281956+0.012207 
[916]	train-rmse:0.277806+0.004570	test-rmse:0.281823+0.012390 
[917]	train-rmse:0.277656+0.004305	test-rmse:0.281693+0.012224 
[918]	train-rmse:0.277509+0.004490	test-rmse:0.281572+0.012126 
[919]	train-rmse:0.277508+0.004490	test-rmse:0.281571+0.012126 
[920]	train-rmse:0.277375+0.004469	test-rmse:0.281430+0.012243 
[921]	train-rmse:0.277080+0.004389	test-rmse:0.281200+0.011996 
[922]	train-rmse:0.276937+0.004152	test-rmse:0.281092+0.011860 
[923]	train-rmse:0.276820+0.004163	test-rmse:0.280958+0.012047 
[924]	train-rmse:0.276819+0.004163	test-rmse:0.280957+0.012047 
[925]	train-rmse:0.276688+0.004139	test-rmse:0.280828+0.012156 
[926]	train-rmse:0.276687+0.004139	test-rmse:0.280827+0.012156 
[927]	train-rmse:0.276686+0.004139	test-rmse:0.280826+0.012156 
[928]	train-rmse:0.276578+0.004290	test-rmse:0.280738+0.012085 
[929]	train-rmse:0.276458+0.004307	test-rmse:0.280592+0.012290 
[930]	train-rmse:0.276262+0.004357	test-rmse:0.280401+0.012433 
[931]	train-rmse:0.276261+0.004357	test-rmse:0.280399+0.012433 
[932]	train-rmse:0.276260+0.004357	test-rmse:0.280398+0.012433 
[933]	train-rmse:0.276158+0.004341	test-rmse:0.280285+0.012526 
[934]	train-rmse:0.276157+0.004340	test-rmse:0.280284+0.012526 
[935]	train-rmse:0.276156+0.004340	test-rmse:0.280283+0.012526 
[936]	train-rmse:0.276016+0.004390	test-rmse:0.280148+0.012503 
[937]	train-rmse:0.275913+0.004416	test-rmse:0.280032+0.012665 
[938]	train-rmse:0.275794+0.004402	test-rmse:0.279918+0.012760 
[939]	train-rmse:0.275676+0.004401	test-rmse:0.279770+0.012886 
[940]	train-rmse:0.275675+0.004400	test-rmse:0.279769+0.012886 
[941]	train-rmse:0.275424+0.004446	test-rmse:0.279503+0.013182 
[942]	train-rmse:0.275302+0.004486	test-rmse:0.279379+0.013160 
[943]	train-rmse:0.275301+0.004486	test-rmse:0.279378+0.013160 
[944]	train-rmse:0.275300+0.004486	test-rmse:0.279377+0.013160 
[945]	train-rmse:0.275299+0.004486	test-rmse:0.279376+0.013160 
[946]	train-rmse:0.275158+0.004224	test-rmse:0.279259+0.013015 
[947]	train-rmse:0.275157+0.004224	test-rmse:0.279258+0.013015 
[948]	train-rmse:0.275156+0.004224	test-rmse:0.279257+0.013015 
[949]	train-rmse:0.275042+0.004355	test-rmse:0.279175+0.012946 
[950]	train-rmse:0.274934+0.004396	test-rmse:0.279077+0.012931 
[951]	train-rmse:0.274848+0.004418	test-rmse:0.278977+0.013068 
[952]	train-rmse:0.274847+0.004418	test-rmse:0.278976+0.013068 
[953]	train-rmse:0.274733+0.004424	test-rmse:0.278882+0.013150 
[954]	train-rmse:0.274732+0.004424	test-rmse:0.278881+0.013150 
[955]	train-rmse:0.274730+0.004424	test-rmse:0.278880+0.013150 
[956]	train-rmse:0.274729+0.004424	test-rmse:0.278879+0.013150 
[957]	train-rmse:0.274619+0.004458	test-rmse:0.278761+0.013311 
[958]	train-rmse:0.274499+0.004592	test-rmse:0.278662+0.013229 
[959]	train-rmse:0.274498+0.004591	test-rmse:0.278661+0.013229 
[960]	train-rmse:0.274403+0.004626	test-rmse:0.278546+0.013389 
[961]	train-rmse:0.274402+0.004626	test-rmse:0.278545+0.013389 
[962]	train-rmse:0.274401+0.004626	test-rmse:0.278544+0.013390 
[963]	train-rmse:0.274400+0.004626	test-rmse:0.278543+0.013390 
[964]	train-rmse:0.274274+0.004770	test-rmse:0.278444+0.013311 
[965]	train-rmse:0.274159+0.004909	test-rmse:0.278345+0.013235 
[966]	train-rmse:0.274158+0.004909	test-rmse:0.278344+0.013235 
[967]	train-rmse:0.274157+0.004908	test-rmse:0.278343+0.013235 
[968]	train-rmse:0.273892+0.005089	test-rmse:0.278112+0.013270 
[969]	train-rmse:0.273891+0.005089	test-rmse:0.278111+0.013270 
[970]	train-rmse:0.273890+0.005089	test-rmse:0.278110+0.013270 
[971]	train-rmse:0.273777+0.005113	test-rmse:0.277987+0.013246 
[972]	train-rmse:0.273776+0.005113	test-rmse:0.277986+0.013246 
[973]	train-rmse:0.273775+0.005113	test-rmse:0.277985+0.013246 
[974]	train-rmse:0.273578+0.005278	test-rmse:0.277819+0.013299 
[975]	train-rmse:0.273577+0.005278	test-rmse:0.277818+0.013300 
[976]	train-rmse:0.273453+0.005060	test-rmse:0.277714+0.013165 
[977]	train-rmse:0.273304+0.004799	test-rmse:0.277583+0.012996 
[978]	train-rmse:0.273199+0.004830	test-rmse:0.277458+0.013172 
[979]	train-rmse:0.273064+0.004826	test-rmse:0.277303+0.013303 
[980]	train-rmse:0.272844+0.004882	test-rmse:0.277071+0.013454 
[981]	train-rmse:0.272681+0.004592	test-rmse:0.276931+0.013279 
[982]	train-rmse:0.272555+0.004619	test-rmse:0.276805+0.013254 
[983]	train-rmse:0.272554+0.004619	test-rmse:0.276804+0.013254 
[984]	train-rmse:0.272441+0.004656	test-rmse:0.276683+0.013235 
[985]	train-rmse:0.272440+0.004656	test-rmse:0.276682+0.013235 
[986]	train-rmse:0.272439+0.004655	test-rmse:0.276682+0.013235 
[987]	train-rmse:0.272438+0.004655	test-rmse:0.276681+0.013235 
[988]	train-rmse:0.272437+0.004655	test-rmse:0.276680+0.013235 
[989]	train-rmse:0.272321+0.004649	test-rmse:0.276548+0.013345 
[990]	train-rmse:0.272320+0.004649	test-rmse:0.276547+0.013345 
[991]	train-rmse:0.272319+0.004649	test-rmse:0.276547+0.013345 
[992]	train-rmse:0.272318+0.004649	test-rmse:0.276546+0.013345 
[993]	train-rmse:0.272317+0.004648	test-rmse:0.276545+0.013345 
[994]	train-rmse:0.272316+0.004648	test-rmse:0.276544+0.013345 
[995]	train-rmse:0.272315+0.004648	test-rmse:0.276543+0.013345 
[996]	train-rmse:0.272195+0.004654	test-rmse:0.276414+0.013457 
[997]	train-rmse:0.272086+0.004669	test-rmse:0.276287+0.013571 
[998]	train-rmse:0.271984+0.004787	test-rmse:0.276211+0.013510 
[999]	train-rmse:0.271713+0.004581	test-rmse:0.275972+0.013359 
[1000]	train-rmse:0.271712+0.004581	test-rmse:0.275971+0.013360 
[1001]	train-rmse:0.271342+0.004381	test-rmse:0.275627+0.013298 
[1002]	train-rmse:0.271226+0.004405	test-rmse:0.275496+0.013420 
[1003]	train-rmse:0.271225+0.004405	test-rmse:0.275495+0.013420 
[1004]	train-rmse:0.271224+0.004405	test-rmse:0.275494+0.013420 
[1005]	train-rmse:0.271136+0.004413	test-rmse:0.275399+0.013545 
[1006]	train-rmse:0.271135+0.004413	test-rmse:0.275398+0.013545 
[1007]	train-rmse:0.271013+0.004466	test-rmse:0.275271+0.013529 
[1008]	train-rmse:0.271012+0.004466	test-rmse:0.275270+0.013529 
[1009]	train-rmse:0.270881+0.004611	test-rmse:0.275165+0.013439 
[1010]	train-rmse:0.270667+0.004678	test-rmse:0.274956+0.013559 
[1011]	train-rmse:0.270666+0.004678	test-rmse:0.274955+0.013559 
[1012]	train-rmse:0.270665+0.004678	test-rmse:0.274955+0.013559 
[1013]	train-rmse:0.270664+0.004678	test-rmse:0.274954+0.013559 
[1014]	train-rmse:0.270663+0.004678	test-rmse:0.274953+0.013559 
[1015]	train-rmse:0.270663+0.004678	test-rmse:0.274952+0.013559 
[1016]	train-rmse:0.270662+0.004677	test-rmse:0.274951+0.013559 
[1017]	train-rmse:0.270525+0.004424	test-rmse:0.274859+0.013442 
[1018]	train-rmse:0.270397+0.004189	test-rmse:0.274773+0.013334 
[1019]	train-rmse:0.270307+0.004200	test-rmse:0.274681+0.013418 
[1020]	train-rmse:0.270306+0.004200	test-rmse:0.274680+0.013418 
[1021]	train-rmse:0.270181+0.004214	test-rmse:0.274546+0.013596 
[1022]	train-rmse:0.270056+0.004279	test-rmse:0.274424+0.013584 
[1023]	train-rmse:0.269735+0.004272	test-rmse:0.274171+0.013413 
[1024]	train-rmse:0.269511+0.004418	test-rmse:0.273970+0.013463 
[1025]	train-rmse:0.269510+0.004418	test-rmse:0.273969+0.013463 
[1026]	train-rmse:0.269409+0.004537	test-rmse:0.273891+0.013397 
[1027]	train-rmse:0.269178+0.004677	test-rmse:0.273681+0.013430 
[1028]	train-rmse:0.269177+0.004677	test-rmse:0.273680+0.013430 
[1029]	train-rmse:0.269176+0.004677	test-rmse:0.273679+0.013430 
[1030]	train-rmse:0.268957+0.004479	test-rmse:0.273481+0.013277 
[1031]	train-rmse:0.268845+0.004486	test-rmse:0.273363+0.013434 
[1032]	train-rmse:0.268844+0.004486	test-rmse:0.273362+0.013434 
[1033]	train-rmse:0.268844+0.004486	test-rmse:0.273362+0.013434 
[1034]	train-rmse:0.268737+0.004502	test-rmse:0.273243+0.013594 
[1035]	train-rmse:0.268736+0.004502	test-rmse:0.273243+0.013594 
[1036]	train-rmse:0.268735+0.004502	test-rmse:0.273242+0.013594 
[1037]	train-rmse:0.268633+0.004320	test-rmse:0.273159+0.013490 
[1038]	train-rmse:0.268632+0.004320	test-rmse:0.273158+0.013490 
[1039]	train-rmse:0.268538+0.004367	test-rmse:0.273054+0.013481 
[1040]	train-rmse:0.268537+0.004366	test-rmse:0.273053+0.013481 
[1041]	train-rmse:0.268536+0.004366	test-rmse:0.273052+0.013481 
[1042]	train-rmse:0.268535+0.004366	test-rmse:0.273052+0.013481 
[1043]	train-rmse:0.268437+0.004387	test-rmse:0.272944+0.013628 
[1044]	train-rmse:0.268436+0.004387	test-rmse:0.272943+0.013628 
[1045]	train-rmse:0.268435+0.004387	test-rmse:0.272942+0.013628 
[1046]	train-rmse:0.268196+0.004249	test-rmse:0.272757+0.013425 
[1047]	train-rmse:0.267994+0.004025	test-rmse:0.272607+0.013379 
[1048]	train-rmse:0.267993+0.004025	test-rmse:0.272606+0.013379 
[1049]	train-rmse:0.267747+0.003768	test-rmse:0.272390+0.013338 
[1050]	train-rmse:0.267747+0.003768	test-rmse:0.272389+0.013338 
[1051]	train-rmse:0.267746+0.003768	test-rmse:0.272388+0.013338 
[1052]	train-rmse:0.267745+0.003768	test-rmse:0.272388+0.013338 
[1053]	train-rmse:0.267624+0.003929	test-rmse:0.272294+0.013256 
[1054]	train-rmse:0.267398+0.003964	test-rmse:0.272075+0.013347 
[1055]	train-rmse:0.267397+0.003964	test-rmse:0.272075+0.013347 
[1056]	train-rmse:0.267397+0.003964	test-rmse:0.272074+0.013347 
[1057]	train-rmse:0.267286+0.003972	test-rmse:0.271960+0.013500 
[1058]	train-rmse:0.267192+0.003989	test-rmse:0.271832+0.013676 
[1059]	train-rmse:0.266979+0.003806	test-rmse:0.271642+0.013718 
[1060]	train-rmse:0.266869+0.003612	test-rmse:0.271561+0.013622 
[1061]	train-rmse:0.266868+0.003612	test-rmse:0.271560+0.013622 
[1062]	train-rmse:0.266868+0.003612	test-rmse:0.271560+0.013622 
[1063]	train-rmse:0.266757+0.003758	test-rmse:0.271491+0.013561 
[1064]	train-rmse:0.266756+0.003758	test-rmse:0.271490+0.013561 
[1065]	train-rmse:0.266662+0.003790	test-rmse:0.271402+0.013549 
[1066]	train-rmse:0.266661+0.003790	test-rmse:0.271401+0.013549 
[1067]	train-rmse:0.266660+0.003790	test-rmse:0.271400+0.013549 
[1068]	train-rmse:0.266457+0.003815	test-rmse:0.271196+0.013630 
[1069]	train-rmse:0.266367+0.003834	test-rmse:0.271099+0.013765 
[1070]	train-rmse:0.266366+0.003834	test-rmse:0.271098+0.013765 
[1071]	train-rmse:0.266365+0.003834	test-rmse:0.271097+0.013765 
[1072]	train-rmse:0.266146+0.003634	test-rmse:0.270915+0.013796 
[1073]	train-rmse:0.266145+0.003634	test-rmse:0.270914+0.013796 
[1074]	train-rmse:0.266144+0.003634	test-rmse:0.270914+0.013796 
[1075]	train-rmse:0.266144+0.003634	test-rmse:0.270913+0.013796 
[1076]	train-rmse:0.266143+0.003634	test-rmse:0.270912+0.013796 
[1077]	train-rmse:0.266142+0.003634	test-rmse:0.270912+0.013796 
[1078]	train-rmse:0.266141+0.003634	test-rmse:0.270911+0.013796 
[1079]	train-rmse:0.266046+0.003618	test-rmse:0.270796+0.013892 
[1080]	train-rmse:0.265946+0.003661	test-rmse:0.270716+0.013883 
[1081]	train-rmse:0.265945+0.003661	test-rmse:0.270716+0.013883 
[1082]	train-rmse:0.265944+0.003661	test-rmse:0.270715+0.013883 
[1083]	train-rmse:0.265845+0.003653	test-rmse:0.270601+0.013980 
[1084]	train-rmse:0.265844+0.003653	test-rmse:0.270601+0.013980 
[1085]	train-rmse:0.265844+0.003652	test-rmse:0.270600+0.013980 
[1086]	train-rmse:0.265726+0.003438	test-rmse:0.270505+0.013867 
[1087]	train-rmse:0.265621+0.003492	test-rmse:0.270412+0.013857 
[1088]	train-rmse:0.265373+0.003260	test-rmse:0.270184+0.013858 
[1089]	train-rmse:0.265242+0.003416	test-rmse:0.270087+0.013766 
[1090]	train-rmse:0.265241+0.003416	test-rmse:0.270087+0.013765 
[1091]	train-rmse:0.265240+0.003416	test-rmse:0.270086+0.013766 
[1092]	train-rmse:0.265132+0.003419	test-rmse:0.269980+0.013862 
[1093]	train-rmse:0.265131+0.003419	test-rmse:0.269979+0.013862 
[1094]	train-rmse:0.265130+0.003419	test-rmse:0.269979+0.013862 
[1095]	train-rmse:0.265026+0.003471	test-rmse:0.269889+0.013852 
[1096]	train-rmse:0.264895+0.003236	test-rmse:0.269778+0.013719 
[1097]	train-rmse:0.264894+0.003236	test-rmse:0.269777+0.013719 
[1098]	train-rmse:0.264894+0.003236	test-rmse:0.269776+0.013719 
[1099]	train-rmse:0.264697+0.003294	test-rmse:0.269571+0.013861 
[1100]	train-rmse:0.264571+0.003069	test-rmse:0.269491+0.013768 
[1101]	train-rmse:0.264571+0.003068	test-rmse:0.269490+0.013768 
[1102]	train-rmse:0.264570+0.003068	test-rmse:0.269489+0.013768 
[1103]	train-rmse:0.264465+0.003067	test-rmse:0.269377+0.013869 
[1104]	train-rmse:0.264464+0.003067	test-rmse:0.269377+0.013869 
[1105]	train-rmse:0.264464+0.003067	test-rmse:0.269376+0.013869 
[1106]	train-rmse:0.264463+0.003067	test-rmse:0.269375+0.013869 
[1107]	train-rmse:0.264462+0.003067	test-rmse:0.269375+0.013869 
[1108]	train-rmse:0.264374+0.003077	test-rmse:0.269303+0.013935 
[1109]	train-rmse:0.264373+0.003077	test-rmse:0.269303+0.013935 
[1110]	train-rmse:0.264281+0.003083	test-rmse:0.269175+0.014105 
[1111]	train-rmse:0.264170+0.003207	test-rmse:0.269086+0.014018 
[1112]	train-rmse:0.264073+0.003222	test-rmse:0.268975+0.014121 
[1113]	train-rmse:0.264073+0.003222	test-rmse:0.268974+0.014121 
[1114]	train-rmse:0.264072+0.003222	test-rmse:0.268973+0.014121 
[1115]	train-rmse:0.264071+0.003222	test-rmse:0.268973+0.014122 
[1116]	train-rmse:0.263879+0.003281	test-rmse:0.268764+0.014231 
[1117]	train-rmse:0.263879+0.003281	test-rmse:0.268764+0.014231 
[1118]	train-rmse:0.263878+0.003281	test-rmse:0.268763+0.014231 
[1119]	train-rmse:0.263775+0.003341	test-rmse:0.268662+0.014222 
[1120]	train-rmse:0.263774+0.003341	test-rmse:0.268661+0.014222 
[1121]	train-rmse:0.263566+0.003482	test-rmse:0.268481+0.014203 
[1122]	train-rmse:0.263566+0.003481	test-rmse:0.268480+0.014203 
[1123]	train-rmse:0.263439+0.003249	test-rmse:0.268384+0.014090 
[1124]	train-rmse:0.263219+0.003042	test-rmse:0.268162+0.014073 
[1125]	train-rmse:0.263113+0.003104	test-rmse:0.268056+0.014063 
[1126]	train-rmse:0.263112+0.003104	test-rmse:0.268055+0.014063 
[1127]	train-rmse:0.263013+0.003213	test-rmse:0.267974+0.013983 
[1128]	train-rmse:0.262843+0.003368	test-rmse:0.267816+0.013896 
[1129]	train-rmse:0.262742+0.003356	test-rmse:0.267693+0.014058 
[1130]	train-rmse:0.262513+0.003212	test-rmse:0.267512+0.013948 
[1131]	train-rmse:0.262513+0.003212	test-rmse:0.267511+0.013948 
[1132]	train-rmse:0.262512+0.003212	test-rmse:0.267511+0.013948 
[1133]	train-rmse:0.262511+0.003212	test-rmse:0.267510+0.013948 
[1134]	train-rmse:0.262510+0.003212	test-rmse:0.267509+0.013948 
[1135]	train-rmse:0.262510+0.003212	test-rmse:0.267509+0.013948 
[1136]	train-rmse:0.262509+0.003212	test-rmse:0.267508+0.013948 
[1137]	train-rmse:0.262508+0.003212	test-rmse:0.267508+0.013948 
[1138]	train-rmse:0.262508+0.003212	test-rmse:0.267507+0.013948 
[1139]	train-rmse:0.262507+0.003211	test-rmse:0.267506+0.013948 
[1140]	train-rmse:0.262297+0.003012	test-rmse:0.267327+0.014024 
[1141]	train-rmse:0.262210+0.003013	test-rmse:0.267247+0.014097 
[1142]	train-rmse:0.262209+0.003013	test-rmse:0.267246+0.014097 
[1143]	train-rmse:0.262102+0.003138	test-rmse:0.267164+0.014017 
[1144]	train-rmse:0.262101+0.003138	test-rmse:0.267164+0.014017 
[1145]	train-rmse:0.262001+0.003147	test-rmse:0.267062+0.014111 
[1146]	train-rmse:0.262000+0.003147	test-rmse:0.267061+0.014111 
[1147]	train-rmse:0.262000+0.003147	test-rmse:0.267060+0.014111 
[1148]	train-rmse:0.261785+0.003004	test-rmse:0.266860+0.013989 
[1149]	train-rmse:0.261685+0.003021	test-rmse:0.266755+0.014089 
[1150]	train-rmse:0.261684+0.003020	test-rmse:0.266754+0.014089 
[1151]	train-rmse:0.261684+0.003020	test-rmse:0.266753+0.014089 
[1152]	train-rmse:0.261683+0.003020	test-rmse:0.266753+0.014089 
[1153]	train-rmse:0.261463+0.002924	test-rmse:0.266595+0.013917 
[1154]	train-rmse:0.261463+0.002924	test-rmse:0.266594+0.013917 
[1155]	train-rmse:0.261462+0.002924	test-rmse:0.266594+0.013917 
[1156]	train-rmse:0.261186+0.002977	test-rmse:0.266327+0.014128 
[1157]	train-rmse:0.261097+0.003003	test-rmse:0.266216+0.014235 
[1158]	train-rmse:0.261096+0.003003	test-rmse:0.266216+0.014235 
[1159]	train-rmse:0.261095+0.003003	test-rmse:0.266215+0.014235 
[1160]	train-rmse:0.261095+0.003003	test-rmse:0.266215+0.014235 
[1161]	train-rmse:0.260993+0.002980	test-rmse:0.266125+0.014350 
[1162]	train-rmse:0.260993+0.002979	test-rmse:0.266125+0.014350 
[1163]	train-rmse:0.260992+0.002979	test-rmse:0.266124+0.014350 
[1164]	train-rmse:0.260991+0.002979	test-rmse:0.266124+0.014350 
[1165]	train-rmse:0.260991+0.002979	test-rmse:0.266123+0.014350 
[1166]	train-rmse:0.260877+0.002773	test-rmse:0.266049+0.014264 
[1167]	train-rmse:0.260876+0.002773	test-rmse:0.266048+0.014264 
[1168]	train-rmse:0.260772+0.002893	test-rmse:0.265963+0.014179 
[1169]	train-rmse:0.260771+0.002893	test-rmse:0.265962+0.014179 
[1170]	train-rmse:0.260771+0.002893	test-rmse:0.265962+0.014179 
[1171]	train-rmse:0.260576+0.002682	test-rmse:0.265793+0.014194 
[1172]	train-rmse:0.260385+0.002719	test-rmse:0.265604+0.014332 
[1173]	train-rmse:0.260384+0.002719	test-rmse:0.265603+0.014332 
[1174]	train-rmse:0.260384+0.002719	test-rmse:0.265603+0.014332 
[1175]	train-rmse:0.260383+0.002719	test-rmse:0.265602+0.014332 
[1176]	train-rmse:0.260276+0.002846	test-rmse:0.265507+0.014237 
[1177]	train-rmse:0.260275+0.002846	test-rmse:0.265506+0.014237 
[1178]	train-rmse:0.260275+0.002846	test-rmse:0.265506+0.014237 
[1179]	train-rmse:0.260274+0.002846	test-rmse:0.265505+0.014237 
[1180]	train-rmse:0.259987+0.003029	test-rmse:0.265242+0.014254 
[1181]	train-rmse:0.259986+0.003029	test-rmse:0.265241+0.014254 
[1182]	train-rmse:0.259986+0.003029	test-rmse:0.265241+0.014254 
[1183]	train-rmse:0.259880+0.003164	test-rmse:0.265149+0.014166 
[1184]	train-rmse:0.259511+0.003339	test-rmse:0.264792+0.014273 
[1185]	train-rmse:0.259210+0.003180	test-rmse:0.264509+0.014241 
[1186]	train-rmse:0.259129+0.003161	test-rmse:0.264410+0.014368 
[1187]	train-rmse:0.259043+0.003212	test-rmse:0.264311+0.014360 
[1188]	train-rmse:0.258921+0.003001	test-rmse:0.264218+0.014250 
[1189]	train-rmse:0.258715+0.002874	test-rmse:0.264038+0.014142 
[1190]	train-rmse:0.258714+0.002874	test-rmse:0.264038+0.014142 
[1191]	train-rmse:0.258714+0.002874	test-rmse:0.264037+0.014142 
[1192]	train-rmse:0.258600+0.003017	test-rmse:0.263947+0.014052 
[1193]	train-rmse:0.258600+0.003017	test-rmse:0.263947+0.014052 
[1194]	train-rmse:0.258599+0.003017	test-rmse:0.263946+0.014052 
[1195]	train-rmse:0.258500+0.002859	test-rmse:0.263848+0.013937 
[1196]	train-rmse:0.258415+0.002827	test-rmse:0.263753+0.014061 
[1197]	train-rmse:0.258338+0.002932	test-rmse:0.263702+0.014010 
[1198]	train-rmse:0.258247+0.002929	test-rmse:0.263606+0.014100 
[1199]	train-rmse:0.258246+0.002929	test-rmse:0.263606+0.014100 
[1200]	train-rmse:0.258153+0.002902	test-rmse:0.263509+0.014226 
[1201]	train-rmse:0.258152+0.002902	test-rmse:0.263509+0.014226 
[1202]	train-rmse:0.258052+0.002908	test-rmse:0.263394+0.014334 
[1203]	train-rmse:0.258051+0.002908	test-rmse:0.263394+0.014334 
[1204]	train-rmse:0.258051+0.002908	test-rmse:0.263393+0.014334 
[1205]	train-rmse:0.257947+0.003046	test-rmse:0.263308+0.014250 
[1206]	train-rmse:0.257947+0.003046	test-rmse:0.263307+0.014250 
[1207]	train-rmse:0.257863+0.003090	test-rmse:0.263219+0.014243 
[1208]	train-rmse:0.257773+0.003101	test-rmse:0.263135+0.014323 
[1209]	train-rmse:0.257772+0.003101	test-rmse:0.263135+0.014323 
[1210]	train-rmse:0.257677+0.002942	test-rmse:0.263073+0.014251 
[1211]	train-rmse:0.257676+0.002942	test-rmse:0.263073+0.014251 
[1212]	train-rmse:0.257582+0.002911	test-rmse:0.262974+0.014380 
[1213]	train-rmse:0.257581+0.002911	test-rmse:0.262973+0.014380 
[1214]	train-rmse:0.257580+0.002911	test-rmse:0.262972+0.014380 
[1215]	train-rmse:0.257580+0.002911	test-rmse:0.262972+0.014380 
[1216]	train-rmse:0.257412+0.002970	test-rmse:0.262812+0.014460 
[1217]	train-rmse:0.257412+0.002970	test-rmse:0.262811+0.014460 
[1218]	train-rmse:0.257411+0.002970	test-rmse:0.262810+0.014460 
[1219]	train-rmse:0.257271+0.002971	test-rmse:0.262665+0.014624 
[1220]	train-rmse:0.257270+0.002971	test-rmse:0.262665+0.014624 
[1221]	train-rmse:0.257203+0.002957	test-rmse:0.262607+0.014698 
[1222]	train-rmse:0.257071+0.002723	test-rmse:0.262516+0.014592 
[1223]	train-rmse:0.256885+0.002657	test-rmse:0.262374+0.014439 
[1224]	train-rmse:0.256802+0.002700	test-rmse:0.262294+0.014432 
[1225]	train-rmse:0.256693+0.002521	test-rmse:0.262223+0.014350 
[1226]	train-rmse:0.256693+0.002521	test-rmse:0.262222+0.014350 
[1227]	train-rmse:0.256615+0.002535	test-rmse:0.262131+0.014438 
[1228]	train-rmse:0.256513+0.002672	test-rmse:0.262040+0.014347 
[1229]	train-rmse:0.256513+0.002672	test-rmse:0.262040+0.014347 
[1230]	train-rmse:0.256331+0.002849	test-rmse:0.261880+0.014276 
[1231]	train-rmse:0.256331+0.002849	test-rmse:0.261880+0.014276 
[1232]	train-rmse:0.256251+0.002862	test-rmse:0.261788+0.014365 
[1233]	train-rmse:0.256086+0.002859	test-rmse:0.261636+0.014495 
[1234]	train-rmse:0.256086+0.002859	test-rmse:0.261635+0.014495 
[1235]	train-rmse:0.256005+0.002831	test-rmse:0.261528+0.014633 
[1236]	train-rmse:0.255922+0.002812	test-rmse:0.261449+0.014736 
[1237]	train-rmse:0.255837+0.002861	test-rmse:0.261360+0.014729 
[1238]	train-rmse:0.255837+0.002861	test-rmse:0.261360+0.014729 
[1239]	train-rmse:0.255751+0.002919	test-rmse:0.261282+0.014724 
[1240]	train-rmse:0.255751+0.002918	test-rmse:0.261282+0.014724 
[1241]	train-rmse:0.255750+0.002918	test-rmse:0.261281+0.014724 
[1242]	train-rmse:0.255750+0.002918	test-rmse:0.261281+0.014724 
[1243]	train-rmse:0.255749+0.002918	test-rmse:0.261280+0.014724 
[1244]	train-rmse:0.255555+0.002696	test-rmse:0.261102+0.014710 
[1245]	train-rmse:0.255555+0.002696	test-rmse:0.261102+0.014710 
[1246]	train-rmse:0.255478+0.002755	test-rmse:0.261026+0.014707 
[1247]	train-rmse:0.255402+0.002820	test-rmse:0.260970+0.014705 
[1248]	train-rmse:0.255401+0.002820	test-rmse:0.260969+0.014705 
[1249]	train-rmse:0.255401+0.002820	test-rmse:0.260969+0.014705 
[1250]	train-rmse:0.255309+0.002819	test-rmse:0.260873+0.014793 
[1251]	train-rmse:0.255308+0.002819	test-rmse:0.260873+0.014794 
[1252]	train-rmse:0.255308+0.002819	test-rmse:0.260872+0.014793 
[1253]	train-rmse:0.255307+0.002819	test-rmse:0.260872+0.014794 
[1254]	train-rmse:0.255307+0.002819	test-rmse:0.260871+0.014794 
[1255]	train-rmse:0.255306+0.002819	test-rmse:0.260871+0.014794 
[1256]	train-rmse:0.255192+0.002625	test-rmse:0.260779+0.014688 
[1257]	train-rmse:0.255109+0.002703	test-rmse:0.260688+0.014686 
[1258]	train-rmse:0.254927+0.002802	test-rmse:0.260501+0.014771 
[1259]	train-rmse:0.254840+0.002814	test-rmse:0.260413+0.014855 
[1260]	train-rmse:0.254762+0.002785	test-rmse:0.260318+0.014975 
[1261]	train-rmse:0.254762+0.002785	test-rmse:0.260317+0.014975 
[1262]	train-rmse:0.254761+0.002785	test-rmse:0.260317+0.014975 
[1263]	train-rmse:0.254761+0.002785	test-rmse:0.260316+0.014975 
[1264]	train-rmse:0.254760+0.002785	test-rmse:0.260316+0.014975 
[1265]	train-rmse:0.254647+0.002892	test-rmse:0.260227+0.014883 
[1266]	train-rmse:0.254646+0.002892	test-rmse:0.260227+0.014883 
[1267]	train-rmse:0.254646+0.002892	test-rmse:0.260226+0.014883 
[1268]	train-rmse:0.254556+0.002979	test-rmse:0.260146+0.014883 
[1269]	train-rmse:0.254556+0.002979	test-rmse:0.260146+0.014883 
[1270]	train-rmse:0.254457+0.002813	test-rmse:0.260079+0.014804 
[1271]	train-rmse:0.254456+0.002813	test-rmse:0.260078+0.014804 
[1272]	train-rmse:0.254456+0.002813	test-rmse:0.260078+0.014804 
[1273]	train-rmse:0.254374+0.002902	test-rmse:0.260000+0.014806 
[1274]	train-rmse:0.254296+0.002872	test-rmse:0.259915+0.014914 
[1275]	train-rmse:0.254197+0.002966	test-rmse:0.259834+0.014829 
[1276]	train-rmse:0.254196+0.002966	test-rmse:0.259833+0.014829 
[1277]	train-rmse:0.254196+0.002966	test-rmse:0.259833+0.014829 
[1278]	train-rmse:0.254098+0.003068	test-rmse:0.259748+0.014742 
[1279]	train-rmse:0.253909+0.003266	test-rmse:0.259601+0.014676 
[1280]	train-rmse:0.253908+0.003266	test-rmse:0.259601+0.014676 
[1281]	train-rmse:0.253908+0.003266	test-rmse:0.259601+0.014676 
[1282]	train-rmse:0.253908+0.003266	test-rmse:0.259600+0.014676 
[1283]	train-rmse:0.253907+0.003266	test-rmse:0.259600+0.014676 
[1284]	train-rmse:0.253907+0.003266	test-rmse:0.259599+0.014676 
[1285]	train-rmse:0.253816+0.003370	test-rmse:0.259544+0.014620 
[1286]	train-rmse:0.253816+0.003370	test-rmse:0.259543+0.014620 
[1287]	train-rmse:0.253815+0.003370	test-rmse:0.259543+0.014620 
[1288]	train-rmse:0.253729+0.003363	test-rmse:0.259439+0.014717 
[1289]	train-rmse:0.253729+0.003363	test-rmse:0.259439+0.014717 
[1290]	train-rmse:0.253564+0.003465	test-rmse:0.259273+0.014729 
[1291]	train-rmse:0.253563+0.003465	test-rmse:0.259272+0.014730 
[1292]	train-rmse:0.253407+0.003537	test-rmse:0.259119+0.014813 
[1293]	train-rmse:0.253341+0.003505	test-rmse:0.259040+0.014911 
[1294]	train-rmse:0.253252+0.003516	test-rmse:0.258965+0.014983 
[1295]	train-rmse:0.253252+0.003516	test-rmse:0.258965+0.014983 
[1296]	train-rmse:0.253251+0.003516	test-rmse:0.258964+0.014983 
[1297]	train-rmse:0.253251+0.003516	test-rmse:0.258964+0.014983 
[1298]	train-rmse:0.253251+0.003516	test-rmse:0.258963+0.014983 
[1299]	train-rmse:0.253250+0.003516	test-rmse:0.258963+0.014983 
[1300]	train-rmse:0.253250+0.003516	test-rmse:0.258962+0.014983 
[1301]	train-rmse:0.253164+0.003480	test-rmse:0.258856+0.015115 
[1302]	train-rmse:0.253164+0.003479	test-rmse:0.258856+0.015116 
[1303]	train-rmse:0.253088+0.003545	test-rmse:0.258777+0.015116 
[1304]	train-rmse:0.253088+0.003545	test-rmse:0.258776+0.015116 
[1305]	train-rmse:0.253087+0.003545	test-rmse:0.258776+0.015116 
[1306]	train-rmse:0.253087+0.003545	test-rmse:0.258776+0.015116 
[1307]	train-rmse:0.252887+0.003458	test-rmse:0.258607+0.015021 
[1308]	train-rmse:0.252886+0.003458	test-rmse:0.258606+0.015021 
[1309]	train-rmse:0.252797+0.003552	test-rmse:0.258530+0.014944 
[1310]	train-rmse:0.252702+0.003400	test-rmse:0.258461+0.014859 
[1311]	train-rmse:0.252536+0.003497	test-rmse:0.258314+0.014894 
[1312]	train-rmse:0.252450+0.003598	test-rmse:0.258259+0.014840 
[1313]	train-rmse:0.252450+0.003597	test-rmse:0.258259+0.014840 
[1314]	train-rmse:0.252378+0.003660	test-rmse:0.258196+0.014841 
[1315]	train-rmse:0.252377+0.003660	test-rmse:0.258196+0.014841 
[1316]	train-rmse:0.252221+0.003735	test-rmse:0.258023+0.014941 
[1317]	train-rmse:0.252126+0.003844	test-rmse:0.257943+0.014863 
[1318]	train-rmse:0.252025+0.003690	test-rmse:0.257873+0.014776 
[1319]	train-rmse:0.251946+0.003764	test-rmse:0.257804+0.014779 
[1320]	train-rmse:0.251945+0.003764	test-rmse:0.257803+0.014779 
[1321]	train-rmse:0.251945+0.003764	test-rmse:0.257803+0.014780 
[1322]	train-rmse:0.251944+0.003764	test-rmse:0.257802+0.014780 
[1323]	train-rmse:0.251858+0.003865	test-rmse:0.257753+0.014731 
[1324]	train-rmse:0.251780+0.003940	test-rmse:0.257676+0.014735 
[1325]	train-rmse:0.251779+0.003940	test-rmse:0.257675+0.014736 
[1326]	train-rmse:0.251601+0.003993	test-rmse:0.257512+0.014805 
[1327]	train-rmse:0.251601+0.003993	test-rmse:0.257512+0.014805 
[1328]	train-rmse:0.251450+0.004027	test-rmse:0.257335+0.014926 
[1329]	train-rmse:0.251356+0.004025	test-rmse:0.257253+0.015003 
[1330]	train-rmse:0.251356+0.004025	test-rmse:0.257253+0.015003 
[1331]	train-rmse:0.251277+0.004117	test-rmse:0.257193+0.014945 
[1332]	train-rmse:0.251193+0.004120	test-rmse:0.257105+0.015030 
[1333]	train-rmse:0.251101+0.003980	test-rmse:0.257047+0.014957 
[1334]	train-rmse:0.251034+0.004061	test-rmse:0.256996+0.014908 
[1335]	train-rmse:0.250959+0.004015	test-rmse:0.256902+0.015023 
[1336]	train-rmse:0.250883+0.003973	test-rmse:0.256819+0.015126 
[1337]	train-rmse:0.250784+0.003819	test-rmse:0.256730+0.015014 
[1338]	train-rmse:0.250783+0.003819	test-rmse:0.256730+0.015014 
[1339]	train-rmse:0.250711+0.003820	test-rmse:0.256662+0.015079 
[1340]	train-rmse:0.250710+0.003820	test-rmse:0.256662+0.015079 
[1341]	train-rmse:0.250710+0.003820	test-rmse:0.256662+0.015079 
[1342]	train-rmse:0.250709+0.003820	test-rmse:0.256661+0.015079 
[1343]	train-rmse:0.250627+0.003924	test-rmse:0.256605+0.015024 
[1344]	train-rmse:0.250522+0.003766	test-rmse:0.256531+0.014932 
[1345]	train-rmse:0.250405+0.003597	test-rmse:0.256455+0.014838 
[1346]	train-rmse:0.250405+0.003597	test-rmse:0.256454+0.014838 
[1347]	train-rmse:0.250224+0.003557	test-rmse:0.256299+0.014662 
[1348]	train-rmse:0.249987+0.003611	test-rmse:0.256109+0.014526 
[1349]	train-rmse:0.249987+0.003611	test-rmse:0.256108+0.014526 
[1350]	train-rmse:0.249986+0.003611	test-rmse:0.256108+0.014526 
[1351]	train-rmse:0.249896+0.003499	test-rmse:0.256037+0.014439 
[1352]	train-rmse:0.249895+0.003499	test-rmse:0.256036+0.014439 
[1353]	train-rmse:0.249725+0.003423	test-rmse:0.255897+0.014351 
[1354]	train-rmse:0.249725+0.003423	test-rmse:0.255896+0.014351 
[1355]	train-rmse:0.249724+0.003423	test-rmse:0.255896+0.014351 
[1356]	train-rmse:0.249724+0.003423	test-rmse:0.255896+0.014351 
[1357]	train-rmse:0.249552+0.003246	test-rmse:0.255733+0.014402 
[1358]	train-rmse:0.249464+0.003376	test-rmse:0.255665+0.014333 
[1359]	train-rmse:0.249464+0.003375	test-rmse:0.255665+0.014333 
[1360]	train-rmse:0.249387+0.003438	test-rmse:0.255596+0.014335 
[1361]	train-rmse:0.249289+0.003337	test-rmse:0.255535+0.014261 
[1362]	train-rmse:0.249289+0.003337	test-rmse:0.255535+0.014261 
[1363]	train-rmse:0.249289+0.003337	test-rmse:0.255534+0.014261 
[1364]	train-rmse:0.249140+0.003439	test-rmse:0.255412+0.014259 
[1365]	train-rmse:0.248995+0.003417	test-rmse:0.255278+0.014352 
[1366]	train-rmse:0.248834+0.003504	test-rmse:0.255131+0.014378 
[1367]	train-rmse:0.248701+0.003484	test-rmse:0.255031+0.014336 
[1368]	train-rmse:0.248701+0.003484	test-rmse:0.255031+0.014336 
[1369]	train-rmse:0.248700+0.003484	test-rmse:0.255031+0.014336 
[1370]	train-rmse:0.248700+0.003483	test-rmse:0.255030+0.014336 
[1371]	train-rmse:0.248700+0.003483	test-rmse:0.255030+0.014336 
[1372]	train-rmse:0.248440+0.003558	test-rmse:0.254840+0.014212 
[1373]	train-rmse:0.248439+0.003558	test-rmse:0.254839+0.014212 
[1374]	train-rmse:0.248378+0.003648	test-rmse:0.254810+0.014183 
[1375]	train-rmse:0.248378+0.003648	test-rmse:0.254810+0.014183 
[1376]	train-rmse:0.248378+0.003648	test-rmse:0.254810+0.014183 
[1377]	train-rmse:0.248287+0.003568	test-rmse:0.254733+0.014090 
[1378]	train-rmse:0.248287+0.003568	test-rmse:0.254732+0.014090 
[1379]	train-rmse:0.248206+0.003540	test-rmse:0.254653+0.014165 
[1380]	train-rmse:0.248206+0.003540	test-rmse:0.254653+0.014165 
[1381]	train-rmse:0.248142+0.003522	test-rmse:0.254591+0.014226 
[1382]	train-rmse:0.248141+0.003522	test-rmse:0.254590+0.014226 
[1383]	train-rmse:0.248141+0.003522	test-rmse:0.254590+0.014226 
[1384]	train-rmse:0.248051+0.003596	test-rmse:0.254504+0.014229 
[1385]	train-rmse:0.248050+0.003596	test-rmse:0.254504+0.014229 
[1386]	train-rmse:0.248050+0.003596	test-rmse:0.254504+0.014229 
[1387]	train-rmse:0.247915+0.003692	test-rmse:0.254395+0.014224 
[1388]	train-rmse:0.247914+0.003692	test-rmse:0.254395+0.014224 
[1389]	train-rmse:0.247849+0.003681	test-rmse:0.254345+0.014273 
[1390]	train-rmse:0.247848+0.003681	test-rmse:0.254345+0.014273 
[1391]	train-rmse:0.247766+0.003588	test-rmse:0.254253+0.014385 
[1392]	train-rmse:0.247682+0.003713	test-rmse:0.254193+0.014324 
[1393]	train-rmse:0.247682+0.003713	test-rmse:0.254193+0.014324 
[1394]	train-rmse:0.247681+0.003713	test-rmse:0.254193+0.014324 
[1395]	train-rmse:0.247601+0.003835	test-rmse:0.254131+0.014263 
[1396]	train-rmse:0.247600+0.003835	test-rmse:0.254131+0.014263 
[1397]	train-rmse:0.247533+0.003764	test-rmse:0.254090+0.014313 
[1398]	train-rmse:0.247533+0.003764	test-rmse:0.254089+0.014313 
[1399]	train-rmse:0.247533+0.003764	test-rmse:0.254089+0.014313 
[1400]	train-rmse:0.247532+0.003764	test-rmse:0.254088+0.014313 
[1401]	train-rmse:0.247532+0.003764	test-rmse:0.254088+0.014313 
[1402]	train-rmse:0.247462+0.003751	test-rmse:0.254004+0.014396 
[1403]	train-rmse:0.247461+0.003751	test-rmse:0.254004+0.014396 
> hgrid <-
+   dplyr::bind_cols(xgboost_params[index, ], dart.cv$evaluation_log[dart.cv$best_iteration, ], best_iter = dart.cv$best_iteration)
> 
> # write result
> fname <- file.path('data-raw', 'tune', year, 'array', paste0('tune_', index, '.tsv'))
> readr::write_tsv(hgrid, file = fname)
