> 
> # parse arguments
> args <- R.utils::commandArgs(trailingOnly = FALSE, asValues = TRUE)
> index <- as.integer(args$index)
> year <- as.character(args$year)
> nreps <- as.integer(args$nreps)
> seed <- as.integer(args$seed)
> 
> # get number of cores
> wkrs <- length(future::availableWorkers())
> 
> # set seed
> set.seed(seed)
> 
> # read and prepare the cluster features
> fp <- file.path('data-raw', 'features', year)
> clf <-
+   read_features(fp, pattern = 'paris.', recursive = FALSE)
> clf <- prepare_features(
+   clf,
+   feature_map = feature_map,
+   category = c('response', 'bio', 'net'),
+   type = 'list',
+   exclusions = c(
+     'mg2_pairs_count',
+     'mg2_not_pairs_count',
+     'mg2_portion_families_recovered',
+     'cluster_origin',
+     'bocc_origin',
+     'cluster_method',
+     'subcluster_method',
+     'year',
+     'IDs',
+     'go_sig_threshold',
+     'num_new_edges_on_any_node',
+     'HPO_ratio'
+   ),
+   verbose = TRUE
+ )
c('HPO_ratio', 'IDs', 'bocc_origin', 'cluster_method', 'cluster_origin', 'go_sig_threshold', 'max_norm_cell_type_comma_sep_string', 'max_norm_disease_comma_sep_string', 'mg2_not_pairs_count', 'mg2_pairs_count', 'mg2_portion_families_recovered', 'num_new_edges_on_any_node', 'sig_go_enrichment_fdr_corrected_p_vals', 'sig_go_enrichment_p_vals', 'sig_go_enrichment_terms', 'subcluster_method', 'year')

> 
> # prepare grid of parameters
> xgboost_params <- dials::parameters(
+   nrounds = dials::trees(),
+   eta = dials::learn_rate(),
+   gamma = dials::loss_reduction(),
+   dials::tree_depth(),
+   subsample = dials::sample_prop(),
+   rate_drop = dials::dropout(),
+   skip_drop = dials::dropout()
+ )
> xgboost_params <-
+   dials::grid_max_entropy(xgboost_params, size = nreps)
> 
> # tune the dart booster
> dart.param <-
+   list(
+     booster = "dart",
+     objective = "reg:logistic",
+     eval_metric = "rmse",
+     nthread = wkrs,
+     max_depth = xgboost_params$tree_depth[index],
+     eta = xgboost_params$eta[index],
+     gamma = xgboost_params$gamma[index],
+     subsample = xgboost_params$subsample[index],
+     rate_drop = xgboost_params$rate_drop[index],
+     skip_drop = xgboost_params$skip_drop[index]
+   )
> dart.cv <- xgboost::xgb.cv(
+   params = dart.param,
+   nrounds = xgboost_params$nrounds[index],
+   data = as.matrix(clf[, -1]),
+   nfold = 5,
+   label = clf$snowballing_pvalue,
+   early_stopping_rounds = 50
+ )
[1]	train-rmse:0.417705+0.001019	test-rmse:0.417683+0.004060 
Multiple eval metrics are present. Will use test_rmse for early stopping.
Will train until test_rmse hasn't improved in 50 rounds.

[2]	train-rmse:0.417697+0.001019	test-rmse:0.417675+0.004059 
[3]	train-rmse:0.417689+0.001019	test-rmse:0.417668+0.004059 
[4]	train-rmse:0.417681+0.001019	test-rmse:0.417660+0.004059 
[5]	train-rmse:0.417673+0.001019	test-rmse:0.417652+0.004059 
[6]	train-rmse:0.417666+0.001019	test-rmse:0.417645+0.004059 
[7]	train-rmse:0.417660+0.001021	test-rmse:0.417639+0.004057 
[8]	train-rmse:0.417652+0.001021	test-rmse:0.417631+0.004057 
[9]	train-rmse:0.417645+0.001022	test-rmse:0.417624+0.004056 
[10]	train-rmse:0.417637+0.001022	test-rmse:0.417616+0.004056 
[11]	train-rmse:0.417629+0.001022	test-rmse:0.417608+0.004056 
[12]	train-rmse:0.417621+0.001021	test-rmse:0.417599+0.004056 
[13]	train-rmse:0.417614+0.001023	test-rmse:0.417593+0.004055 
[14]	train-rmse:0.417608+0.001022	test-rmse:0.417586+0.004055 
[15]	train-rmse:0.417599+0.001022	test-rmse:0.417578+0.004055 
[16]	train-rmse:0.417591+0.001022	test-rmse:0.417570+0.004055 
[17]	train-rmse:0.417583+0.001022	test-rmse:0.417562+0.004055 
[18]	train-rmse:0.417575+0.001022	test-rmse:0.417554+0.004055 
[19]	train-rmse:0.417570+0.001023	test-rmse:0.417549+0.004054 
[20]	train-rmse:0.417563+0.001025	test-rmse:0.417542+0.004052 
[21]	train-rmse:0.417556+0.001022	test-rmse:0.417535+0.004055 
[22]	train-rmse:0.417548+0.001022	test-rmse:0.417527+0.004055 
[23]	train-rmse:0.417540+0.001021	test-rmse:0.417519+0.004055 
[24]	train-rmse:0.417532+0.001021	test-rmse:0.417511+0.004055 
[25]	train-rmse:0.417524+0.001021	test-rmse:0.417503+0.004055 
[26]	train-rmse:0.417516+0.001021	test-rmse:0.417495+0.004055 
[27]	train-rmse:0.417508+0.001021	test-rmse:0.417487+0.004055 
[28]	train-rmse:0.417501+0.001023	test-rmse:0.417480+0.004054 
[29]	train-rmse:0.417494+0.001024	test-rmse:0.417473+0.004052 
[30]	train-rmse:0.417488+0.001024	test-rmse:0.417466+0.004052 
[31]	train-rmse:0.417480+0.001024	test-rmse:0.417458+0.004052 
[32]	train-rmse:0.417471+0.001024	test-rmse:0.417450+0.004052 
[33]	train-rmse:0.417466+0.001024	test-rmse:0.417444+0.004052 
[34]	train-rmse:0.417459+0.001021	test-rmse:0.417438+0.004055 
[35]	train-rmse:0.417451+0.001021	test-rmse:0.417430+0.004055 
[36]	train-rmse:0.417446+0.001018	test-rmse:0.417425+0.004057 
[37]	train-rmse:0.417439+0.001019	test-rmse:0.417418+0.004056 
[38]	train-rmse:0.417433+0.001019	test-rmse:0.417411+0.004056 
[39]	train-rmse:0.417426+0.001017	test-rmse:0.417405+0.004059 
[40]	train-rmse:0.417419+0.001014	test-rmse:0.417398+0.004062 
[41]	train-rmse:0.417414+0.001011	test-rmse:0.417393+0.004064 
[42]	train-rmse:0.417408+0.001008	test-rmse:0.417387+0.004067 
[43]	train-rmse:0.417403+0.001009	test-rmse:0.417382+0.004066 
[44]	train-rmse:0.417394+0.001009	test-rmse:0.417374+0.004066 
[45]	train-rmse:0.417388+0.001009	test-rmse:0.417367+0.004066 
[46]	train-rmse:0.417380+0.001009	test-rmse:0.417359+0.004066 
[47]	train-rmse:0.417372+0.001009	test-rmse:0.417351+0.004066 
[48]	train-rmse:0.417364+0.001008	test-rmse:0.417343+0.004066 
[49]	train-rmse:0.417355+0.001008	test-rmse:0.417335+0.004066 
[50]	train-rmse:0.417349+0.001008	test-rmse:0.417328+0.004066 
[51]	train-rmse:0.417341+0.001008	test-rmse:0.417320+0.004066 
[52]	train-rmse:0.417333+0.001008	test-rmse:0.417312+0.004066 
[53]	train-rmse:0.417326+0.001008	test-rmse:0.417305+0.004066 
[54]	train-rmse:0.417318+0.001008	test-rmse:0.417297+0.004066 
[55]	train-rmse:0.417309+0.001008	test-rmse:0.417288+0.004066 
[56]	train-rmse:0.417302+0.001010	test-rmse:0.417281+0.004064 
[57]	train-rmse:0.417296+0.001012	test-rmse:0.417275+0.004062 
[58]	train-rmse:0.417288+0.001012	test-rmse:0.417267+0.004062 
[59]	train-rmse:0.417283+0.001014	test-rmse:0.417261+0.004060 
[60]	train-rmse:0.417275+0.001013	test-rmse:0.417254+0.004061 
[61]	train-rmse:0.417266+0.001013	test-rmse:0.417245+0.004061 
[62]	train-rmse:0.417258+0.001013	test-rmse:0.417237+0.004061 
[63]	train-rmse:0.417252+0.001014	test-rmse:0.417231+0.004060 
[64]	train-rmse:0.417244+0.001014	test-rmse:0.417223+0.004060 
[65]	train-rmse:0.417236+0.001014	test-rmse:0.417214+0.004060 
[66]	train-rmse:0.417227+0.001014	test-rmse:0.417206+0.004060 
[67]	train-rmse:0.417219+0.001013	test-rmse:0.417198+0.004060 
[68]	train-rmse:0.417211+0.001013	test-rmse:0.417189+0.004060 
[69]	train-rmse:0.417203+0.001013	test-rmse:0.417182+0.004060 
[70]	train-rmse:0.417195+0.001013	test-rmse:0.417174+0.004060 
[71]	train-rmse:0.417188+0.001015	test-rmse:0.417167+0.004058 
[72]	train-rmse:0.417180+0.001014	test-rmse:0.417159+0.004059 
[73]	train-rmse:0.417172+0.001014	test-rmse:0.417151+0.004059 
[74]	train-rmse:0.417166+0.001016	test-rmse:0.417144+0.004057 
[75]	train-rmse:0.417159+0.001017	test-rmse:0.417138+0.004056 
[76]	train-rmse:0.417153+0.001017	test-rmse:0.417131+0.004056 
[77]	train-rmse:0.417146+0.001017	test-rmse:0.417125+0.004056 
[78]	train-rmse:0.417139+0.001016	test-rmse:0.417118+0.004056 
[79]	train-rmse:0.417131+0.001016	test-rmse:0.417110+0.004056 
[80]	train-rmse:0.417125+0.001018	test-rmse:0.417104+0.004055 
[81]	train-rmse:0.417118+0.001017	test-rmse:0.417097+0.004055 
[82]	train-rmse:0.417110+0.001017	test-rmse:0.417089+0.004055 
[83]	train-rmse:0.417104+0.001018	test-rmse:0.417083+0.004054 
[84]	train-rmse:0.417095+0.001018	test-rmse:0.417074+0.004054 
[85]	train-rmse:0.417087+0.001018	test-rmse:0.417066+0.004054 
[86]	train-rmse:0.417078+0.001017	test-rmse:0.417057+0.004054 
[87]	train-rmse:0.417072+0.001014	test-rmse:0.417051+0.004057 
[88]	train-rmse:0.417065+0.001016	test-rmse:0.417044+0.004056 
[89]	train-rmse:0.417057+0.001015	test-rmse:0.417036+0.004056 
[90]	train-rmse:0.417052+0.001018	test-rmse:0.417031+0.004054 
[91]	train-rmse:0.417046+0.001018	test-rmse:0.417025+0.004054 
[92]	train-rmse:0.417039+0.001017	test-rmse:0.417018+0.004054 
[93]	train-rmse:0.417031+0.001017	test-rmse:0.417010+0.004054 
[94]	train-rmse:0.417025+0.001018	test-rmse:0.417004+0.004053 
[95]	train-rmse:0.417017+0.001018	test-rmse:0.416996+0.004053 
[96]	train-rmse:0.417010+0.001018	test-rmse:0.416989+0.004053 
[97]	train-rmse:0.417002+0.001018	test-rmse:0.416981+0.004053 
[98]	train-rmse:0.416995+0.001018	test-rmse:0.416974+0.004053 
[99]	train-rmse:0.416991+0.001017	test-rmse:0.416969+0.004054 
[100]	train-rmse:0.416983+0.001017	test-rmse:0.416961+0.004054 
[101]	train-rmse:0.416977+0.001017	test-rmse:0.416956+0.004053 
[102]	train-rmse:0.416969+0.001017	test-rmse:0.416948+0.004053 
[103]	train-rmse:0.416961+0.001017	test-rmse:0.416940+0.004053 
[104]	train-rmse:0.416953+0.001017	test-rmse:0.416932+0.004053 
[105]	train-rmse:0.416945+0.001017	test-rmse:0.416924+0.004053 
[106]	train-rmse:0.416939+0.001014	test-rmse:0.416918+0.004056 
[107]	train-rmse:0.416934+0.001013	test-rmse:0.416912+0.004057 
[108]	train-rmse:0.416927+0.001013	test-rmse:0.416906+0.004057 
[109]	train-rmse:0.416922+0.001014	test-rmse:0.416901+0.004056 
[110]	train-rmse:0.416915+0.001016	test-rmse:0.416894+0.004054 
[111]	train-rmse:0.416907+0.001016	test-rmse:0.416886+0.004054 
[112]	train-rmse:0.416901+0.001013	test-rmse:0.416880+0.004057 
[113]	train-rmse:0.416893+0.001013	test-rmse:0.416872+0.004057 
[114]	train-rmse:0.416888+0.001012	test-rmse:0.416867+0.004058 
[115]	train-rmse:0.416880+0.001012	test-rmse:0.416859+0.004058 
[116]	train-rmse:0.416872+0.001012	test-rmse:0.416851+0.004058 
[117]	train-rmse:0.416865+0.001012	test-rmse:0.416844+0.004058 
[118]	train-rmse:0.416860+0.001014	test-rmse:0.416839+0.004056 
[119]	train-rmse:0.416852+0.001014	test-rmse:0.416831+0.004056 
[120]	train-rmse:0.416845+0.001011	test-rmse:0.416824+0.004059 
[121]	train-rmse:0.416837+0.001011	test-rmse:0.416816+0.004059 
[122]	train-rmse:0.416828+0.001011	test-rmse:0.416808+0.004058 
[123]	train-rmse:0.416823+0.001012	test-rmse:0.416803+0.004057 
[124]	train-rmse:0.416815+0.001012	test-rmse:0.416795+0.004057 
[125]	train-rmse:0.416809+0.001014	test-rmse:0.416788+0.004055 
[126]	train-rmse:0.416806+0.001012	test-rmse:0.416785+0.004057 
[127]	train-rmse:0.416799+0.001012	test-rmse:0.416778+0.004057 
[128]	train-rmse:0.416793+0.001009	test-rmse:0.416772+0.004060 
[129]	train-rmse:0.416786+0.001009	test-rmse:0.416765+0.004060 
[130]	train-rmse:0.416782+0.001006	test-rmse:0.416762+0.004063 
[131]	train-rmse:0.416776+0.001007	test-rmse:0.416756+0.004062 
[132]	train-rmse:0.416770+0.001006	test-rmse:0.416749+0.004062 
[133]	train-rmse:0.416763+0.001008	test-rmse:0.416743+0.004061 
[134]	train-rmse:0.416757+0.001009	test-rmse:0.416736+0.004059 
[135]	train-rmse:0.416752+0.001011	test-rmse:0.416731+0.004058 
[136]	train-rmse:0.416744+0.001011	test-rmse:0.416723+0.004057 
[137]	train-rmse:0.416736+0.001011	test-rmse:0.416715+0.004058 
[138]	train-rmse:0.416731+0.001014	test-rmse:0.416710+0.004055 
[139]	train-rmse:0.416722+0.001014	test-rmse:0.416702+0.004054 
[140]	train-rmse:0.416717+0.001014	test-rmse:0.416697+0.004054 
[141]	train-rmse:0.416711+0.001014	test-rmse:0.416690+0.004055 
[142]	train-rmse:0.416704+0.001011	test-rmse:0.416684+0.004057 
[143]	train-rmse:0.416700+0.001008	test-rmse:0.416679+0.004060 
[144]	train-rmse:0.416693+0.001009	test-rmse:0.416672+0.004059 
[145]	train-rmse:0.416687+0.001010	test-rmse:0.416666+0.004058 
[146]	train-rmse:0.416680+0.001011	test-rmse:0.416659+0.004057 
[147]	train-rmse:0.416677+0.001014	test-rmse:0.416656+0.004054 
[148]	train-rmse:0.416670+0.001011	test-rmse:0.416650+0.004056 
[149]	train-rmse:0.416664+0.001008	test-rmse:0.416643+0.004059 
[150]	train-rmse:0.416656+0.001008	test-rmse:0.416635+0.004059 
[151]	train-rmse:0.416650+0.001005	test-rmse:0.416629+0.004062 
[152]	train-rmse:0.416642+0.001006	test-rmse:0.416621+0.004062 
[153]	train-rmse:0.416633+0.001005	test-rmse:0.416613+0.004062 
[154]	train-rmse:0.416625+0.001005	test-rmse:0.416605+0.004062 
[155]	train-rmse:0.416619+0.001006	test-rmse:0.416598+0.004061 
[156]	train-rmse:0.416611+0.001006	test-rmse:0.416590+0.004060 
[157]	train-rmse:0.416605+0.001007	test-rmse:0.416584+0.004059 
[158]	train-rmse:0.416596+0.001007	test-rmse:0.416576+0.004059 
[159]	train-rmse:0.416590+0.001009	test-rmse:0.416569+0.004058 
[160]	train-rmse:0.416584+0.001010	test-rmse:0.416563+0.004056 
[161]	train-rmse:0.416577+0.001010	test-rmse:0.416557+0.004056 
[162]	train-rmse:0.416569+0.001010	test-rmse:0.416548+0.004057 
[163]	train-rmse:0.416562+0.001010	test-rmse:0.416542+0.004057 
[164]	train-rmse:0.416556+0.001010	test-rmse:0.416536+0.004057 
[165]	train-rmse:0.416549+0.001010	test-rmse:0.416529+0.004056 
[166]	train-rmse:0.416541+0.001009	test-rmse:0.416520+0.004057 
[167]	train-rmse:0.416534+0.001009	test-rmse:0.416514+0.004057 
[168]	train-rmse:0.416527+0.001010	test-rmse:0.416506+0.004056 
[169]	train-rmse:0.416520+0.001011	test-rmse:0.416500+0.004055 
[170]	train-rmse:0.416516+0.001010	test-rmse:0.416495+0.004056 
[171]	train-rmse:0.416508+0.001010	test-rmse:0.416487+0.004056 
[172]	train-rmse:0.416501+0.001010	test-rmse:0.416480+0.004056 
[173]	train-rmse:0.416493+0.001010	test-rmse:0.416472+0.004056 
[174]	train-rmse:0.416485+0.001010	test-rmse:0.416464+0.004056 
[175]	train-rmse:0.416478+0.001010	test-rmse:0.416458+0.004056 
[176]	train-rmse:0.416470+0.001010	test-rmse:0.416450+0.004055 
[177]	train-rmse:0.416464+0.001012	test-rmse:0.416443+0.004054 
[178]	train-rmse:0.416459+0.001015	test-rmse:0.416438+0.004051 
[179]	train-rmse:0.416451+0.001015	test-rmse:0.416430+0.004051 
[180]	train-rmse:0.416446+0.001013	test-rmse:0.416425+0.004052 
[181]	train-rmse:0.416437+0.001014	test-rmse:0.416416+0.004052 
[182]	train-rmse:0.416429+0.001014	test-rmse:0.416408+0.004052 
[183]	train-rmse:0.416421+0.001014	test-rmse:0.416400+0.004051 
[184]	train-rmse:0.416413+0.001014	test-rmse:0.416392+0.004051 
[185]	train-rmse:0.416406+0.001016	test-rmse:0.416386+0.004049 
[186]	train-rmse:0.416400+0.001018	test-rmse:0.416379+0.004048 
[187]	train-rmse:0.416392+0.001017	test-rmse:0.416371+0.004048 
[188]	train-rmse:0.416384+0.001018	test-rmse:0.416363+0.004047 
[189]	train-rmse:0.416377+0.001017	test-rmse:0.416356+0.004048 
[190]	train-rmse:0.416370+0.001017	test-rmse:0.416349+0.004048 
[191]	train-rmse:0.416362+0.001016	test-rmse:0.416341+0.004048 
[192]	train-rmse:0.416356+0.001018	test-rmse:0.416335+0.004047 
[193]	train-rmse:0.416349+0.001019	test-rmse:0.416328+0.004045 
[194]	train-rmse:0.416341+0.001019	test-rmse:0.416320+0.004046 
[195]	train-rmse:0.416334+0.001019	test-rmse:0.416314+0.004046 
[196]	train-rmse:0.416330+0.001022	test-rmse:0.416309+0.004043 
[197]	train-rmse:0.416321+0.001022	test-rmse:0.416300+0.004042 
[198]	train-rmse:0.416313+0.001022	test-rmse:0.416292+0.004042 
[199]	train-rmse:0.416307+0.001019	test-rmse:0.416286+0.004045 
[200]	train-rmse:0.416299+0.001019	test-rmse:0.416278+0.004045 
[201]	train-rmse:0.416292+0.001019	test-rmse:0.416271+0.004045 
[202]	train-rmse:0.416287+0.001016	test-rmse:0.416266+0.004048 
[203]	train-rmse:0.416281+0.001018	test-rmse:0.416259+0.004046 
[204]	train-rmse:0.416274+0.001018	test-rmse:0.416253+0.004046 
[205]	train-rmse:0.416266+0.001018	test-rmse:0.416245+0.004046 
[206]	train-rmse:0.416259+0.001020	test-rmse:0.416238+0.004044 
[207]	train-rmse:0.416253+0.001021	test-rmse:0.416232+0.004043 
[208]	train-rmse:0.416247+0.001018	test-rmse:0.416225+0.004045 
[209]	train-rmse:0.416238+0.001018	test-rmse:0.416217+0.004045 
[210]	train-rmse:0.416232+0.001020	test-rmse:0.416211+0.004044 
[211]	train-rmse:0.416225+0.001020	test-rmse:0.416204+0.004043 
[212]	train-rmse:0.416218+0.001021	test-rmse:0.416196+0.004043 
[213]	train-rmse:0.416210+0.001021	test-rmse:0.416189+0.004043 
[214]	train-rmse:0.416202+0.001021	test-rmse:0.416181+0.004043 
[215]	train-rmse:0.416197+0.001022	test-rmse:0.416176+0.004042 
[216]	train-rmse:0.416190+0.001021	test-rmse:0.416169+0.004042 
[217]	train-rmse:0.416186+0.001022	test-rmse:0.416165+0.004041 
[218]	train-rmse:0.416179+0.001019	test-rmse:0.416158+0.004044 
[219]	train-rmse:0.416173+0.001020	test-rmse:0.416152+0.004043 
[220]	train-rmse:0.416165+0.001020	test-rmse:0.416144+0.004043 
[221]	train-rmse:0.416157+0.001020	test-rmse:0.416136+0.004043 
[222]	train-rmse:0.416149+0.001020	test-rmse:0.416128+0.004043 
[223]	train-rmse:0.416141+0.001020	test-rmse:0.416120+0.004043 
[224]	train-rmse:0.416133+0.001019	test-rmse:0.416112+0.004043 
[225]	train-rmse:0.416125+0.001019	test-rmse:0.416104+0.004043 
[226]	train-rmse:0.416117+0.001019	test-rmse:0.416096+0.004043 
[227]	train-rmse:0.416111+0.001016	test-rmse:0.416090+0.004046 
[228]	train-rmse:0.416103+0.001016	test-rmse:0.416082+0.004046 
[229]	train-rmse:0.416098+0.001017	test-rmse:0.416077+0.004045 
[230]	train-rmse:0.416094+0.001018	test-rmse:0.416074+0.004044 
[231]	train-rmse:0.416088+0.001020	test-rmse:0.416067+0.004042 
[232]	train-rmse:0.416080+0.001020	test-rmse:0.416059+0.004042 
[233]	train-rmse:0.416075+0.001023	test-rmse:0.416054+0.004039 
[234]	train-rmse:0.416067+0.001023	test-rmse:0.416046+0.004039 
[235]	train-rmse:0.416062+0.001022	test-rmse:0.416041+0.004040 
[236]	train-rmse:0.416056+0.001022	test-rmse:0.416034+0.004040 
[237]	train-rmse:0.416048+0.001022	test-rmse:0.416026+0.004040 
[238]	train-rmse:0.416040+0.001022	test-rmse:0.416018+0.004040 
[239]	train-rmse:0.416035+0.001025	test-rmse:0.416014+0.004037 
[240]	train-rmse:0.416028+0.001025	test-rmse:0.416007+0.004037 
[241]	train-rmse:0.416022+0.001022	test-rmse:0.416001+0.004039 
[242]	train-rmse:0.416015+0.001022	test-rmse:0.415994+0.004040 
[243]	train-rmse:0.416007+0.001022	test-rmse:0.415986+0.004039 
[244]	train-rmse:0.416000+0.001019	test-rmse:0.415980+0.004042 
[245]	train-rmse:0.415992+0.001019	test-rmse:0.415972+0.004042 
[246]	train-rmse:0.415989+0.001020	test-rmse:0.415969+0.004041 
[247]	train-rmse:0.415983+0.001022	test-rmse:0.415962+0.004039 
[248]	train-rmse:0.415976+0.001023	test-rmse:0.415955+0.004038 
[249]	train-rmse:0.415969+0.001023	test-rmse:0.415948+0.004038 
[250]	train-rmse:0.415965+0.001021	test-rmse:0.415944+0.004040 
[251]	train-rmse:0.415959+0.001018	test-rmse:0.415938+0.004042 
[252]	train-rmse:0.415951+0.001018	test-rmse:0.415930+0.004043 
[253]	train-rmse:0.415944+0.001018	test-rmse:0.415923+0.004043 
[254]	train-rmse:0.415936+0.001018	test-rmse:0.415915+0.004043 
[255]	train-rmse:0.415928+0.001018	test-rmse:0.415907+0.004043 
[256]	train-rmse:0.415920+0.001018	test-rmse:0.415899+0.004043 
[257]	train-rmse:0.415912+0.001017	test-rmse:0.415891+0.004043 
[258]	train-rmse:0.415904+0.001018	test-rmse:0.415883+0.004043 
[259]	train-rmse:0.415898+0.001017	test-rmse:0.415877+0.004043 
[260]	train-rmse:0.415889+0.001017	test-rmse:0.415868+0.004043 
[261]	train-rmse:0.415883+0.001017	test-rmse:0.415862+0.004043 
[262]	train-rmse:0.415875+0.001017	test-rmse:0.415854+0.004043 
[263]	train-rmse:0.415869+0.001018	test-rmse:0.415849+0.004042 
[264]	train-rmse:0.415863+0.001015	test-rmse:0.415842+0.004045 
[265]	train-rmse:0.415856+0.001015	test-rmse:0.415836+0.004045 
[266]	train-rmse:0.415850+0.001016	test-rmse:0.415830+0.004044 
[267]	train-rmse:0.415844+0.001017	test-rmse:0.415823+0.004042 
[268]	train-rmse:0.415836+0.001017	test-rmse:0.415816+0.004043 
[269]	train-rmse:0.415829+0.001018	test-rmse:0.415809+0.004041 
[270]	train-rmse:0.415823+0.001015	test-rmse:0.415802+0.004044 
[271]	train-rmse:0.415816+0.001017	test-rmse:0.415796+0.004043 
[272]	train-rmse:0.415813+0.001015	test-rmse:0.415793+0.004044 
[273]	train-rmse:0.415808+0.001017	test-rmse:0.415788+0.004043 
[274]	train-rmse:0.415801+0.001016	test-rmse:0.415782+0.004043 
[275]	train-rmse:0.415793+0.001016	test-rmse:0.415774+0.004043 
[276]	train-rmse:0.415785+0.001016	test-rmse:0.415766+0.004043 
[277]	train-rmse:0.415777+0.001016	test-rmse:0.415758+0.004043 
[278]	train-rmse:0.415771+0.001016	test-rmse:0.415751+0.004043 
[279]	train-rmse:0.415763+0.001016	test-rmse:0.415743+0.004043 
[280]	train-rmse:0.415755+0.001016	test-rmse:0.415735+0.004043 
[281]	train-rmse:0.415750+0.001016	test-rmse:0.415730+0.004043 
[282]	train-rmse:0.415743+0.001017	test-rmse:0.415724+0.004042 
[283]	train-rmse:0.415735+0.001017	test-rmse:0.415716+0.004042 
[284]	train-rmse:0.415728+0.001017	test-rmse:0.415708+0.004042 
[285]	train-rmse:0.415721+0.001018	test-rmse:0.415702+0.004040 
[286]	train-rmse:0.415716+0.001020	test-rmse:0.415697+0.004039 
[287]	train-rmse:0.415708+0.001020	test-rmse:0.415688+0.004039 
[288]	train-rmse:0.415700+0.001020	test-rmse:0.415680+0.004038 
[289]	train-rmse:0.415692+0.001020	test-rmse:0.415672+0.004038 
[290]	train-rmse:0.415684+0.001021	test-rmse:0.415664+0.004038 
[291]	train-rmse:0.415678+0.001020	test-rmse:0.415658+0.004038 
[292]	train-rmse:0.415673+0.001018	test-rmse:0.415654+0.004040 
[293]	train-rmse:0.415666+0.001015	test-rmse:0.415647+0.004043 
[294]	train-rmse:0.415659+0.001017	test-rmse:0.415640+0.004041 
[295]	train-rmse:0.415652+0.001017	test-rmse:0.415632+0.004041 
[296]	train-rmse:0.415644+0.001017	test-rmse:0.415624+0.004041 
[297]	train-rmse:0.415635+0.001017	test-rmse:0.415616+0.004041 
[298]	train-rmse:0.415629+0.001017	test-rmse:0.415609+0.004041 
[299]	train-rmse:0.415622+0.001017	test-rmse:0.415603+0.004041 
[300]	train-rmse:0.415615+0.001019	test-rmse:0.415596+0.004039 
[301]	train-rmse:0.415610+0.001016	test-rmse:0.415591+0.004042 
[302]	train-rmse:0.415605+0.001019	test-rmse:0.415586+0.004039 
[303]	train-rmse:0.415597+0.001019	test-rmse:0.415578+0.004039 
[304]	train-rmse:0.415591+0.001020	test-rmse:0.415572+0.004038 
[305]	train-rmse:0.415583+0.001019	test-rmse:0.415564+0.004038 
[306]	train-rmse:0.415578+0.001022	test-rmse:0.415559+0.004035 
[307]	train-rmse:0.415570+0.001022	test-rmse:0.415551+0.004035 
[308]	train-rmse:0.415564+0.001022	test-rmse:0.415545+0.004036 
[309]	train-rmse:0.415559+0.001019	test-rmse:0.415540+0.004039 
[310]	train-rmse:0.415553+0.001018	test-rmse:0.415533+0.004039 
[311]	train-rmse:0.415545+0.001018	test-rmse:0.415525+0.004039 
[312]	train-rmse:0.415538+0.001015	test-rmse:0.415519+0.004042 
[313]	train-rmse:0.415532+0.001016	test-rmse:0.415513+0.004041 
[314]	train-rmse:0.415524+0.001016	test-rmse:0.415504+0.004041 
[315]	train-rmse:0.415515+0.001015	test-rmse:0.415496+0.004042 
[316]	train-rmse:0.415507+0.001015	test-rmse:0.415488+0.004042 
[317]	train-rmse:0.415501+0.001015	test-rmse:0.415481+0.004042 
[318]	train-rmse:0.415494+0.001017	test-rmse:0.415475+0.004040 
[319]	train-rmse:0.415486+0.001017	test-rmse:0.415466+0.004040 
[320]	train-rmse:0.415478+0.001016	test-rmse:0.415458+0.004040 
[321]	train-rmse:0.415470+0.001016	test-rmse:0.415451+0.004040 
[322]	train-rmse:0.415462+0.001016	test-rmse:0.415443+0.004040 
[323]	train-rmse:0.415454+0.001016	test-rmse:0.415435+0.004040 
[324]	train-rmse:0.415446+0.001016	test-rmse:0.415426+0.004040 
[325]	train-rmse:0.415439+0.001018	test-rmse:0.415420+0.004038 
[326]	train-rmse:0.415433+0.001019	test-rmse:0.415413+0.004037 
[327]	train-rmse:0.415426+0.001019	test-rmse:0.415407+0.004037 
[328]	train-rmse:0.415420+0.001020	test-rmse:0.415401+0.004036 
[329]	train-rmse:0.415415+0.001021	test-rmse:0.415396+0.004035 
[330]	train-rmse:0.415409+0.001019	test-rmse:0.415389+0.004037 
[331]	train-rmse:0.415400+0.001019	test-rmse:0.415381+0.004037 
[332]	train-rmse:0.415394+0.001020	test-rmse:0.415375+0.004036 
[333]	train-rmse:0.415386+0.001020	test-rmse:0.415367+0.004036 
[334]	train-rmse:0.415380+0.001017	test-rmse:0.415360+0.004039 
[335]	train-rmse:0.415372+0.001017	test-rmse:0.415352+0.004039 
[336]	train-rmse:0.415367+0.001014	test-rmse:0.415348+0.004042 
[337]	train-rmse:0.415359+0.001014	test-rmse:0.415339+0.004042 
[338]	train-rmse:0.415351+0.001014	test-rmse:0.415331+0.004041 
[339]	train-rmse:0.415344+0.001016	test-rmse:0.415325+0.004039 
[340]	train-rmse:0.415339+0.001017	test-rmse:0.415320+0.004038 
[341]	train-rmse:0.415333+0.001017	test-rmse:0.415313+0.004038 
[342]	train-rmse:0.415325+0.001017	test-rmse:0.415306+0.004038 
[343]	train-rmse:0.415317+0.001017	test-rmse:0.415297+0.004038 
[344]	train-rmse:0.415310+0.001017	test-rmse:0.415291+0.004038 
[345]	train-rmse:0.415302+0.001017	test-rmse:0.415283+0.004038 
[346]	train-rmse:0.415296+0.001019	test-rmse:0.415276+0.004036 
[347]	train-rmse:0.415291+0.001017	test-rmse:0.415272+0.004038 
[348]	train-rmse:0.415284+0.001019	test-rmse:0.415265+0.004036 
[349]	train-rmse:0.415278+0.001016	test-rmse:0.415258+0.004039 
[350]	train-rmse:0.415271+0.001016	test-rmse:0.415252+0.004039 
[351]	train-rmse:0.415265+0.001016	test-rmse:0.415245+0.004039 
[352]	train-rmse:0.415257+0.001015	test-rmse:0.415237+0.004039 
[353]	train-rmse:0.415250+0.001017	test-rmse:0.415231+0.004038 
[354]	train-rmse:0.415246+0.001019	test-rmse:0.415226+0.004036 
[355]	train-rmse:0.415239+0.001016	test-rmse:0.415220+0.004039 
[356]	train-rmse:0.415233+0.001016	test-rmse:0.415213+0.004039 
[357]	train-rmse:0.415227+0.001017	test-rmse:0.415207+0.004038 
[358]	train-rmse:0.415219+0.001016	test-rmse:0.415200+0.004038 
[359]	train-rmse:0.415213+0.001018	test-rmse:0.415193+0.004037 
[360]	train-rmse:0.415208+0.001015	test-rmse:0.415188+0.004039 
[361]	train-rmse:0.415203+0.001013	test-rmse:0.415183+0.004041 
[362]	train-rmse:0.415196+0.001014	test-rmse:0.415177+0.004040 
[363]	train-rmse:0.415188+0.001014	test-rmse:0.415169+0.004040 
[364]	train-rmse:0.415181+0.001014	test-rmse:0.415161+0.004040 
[365]	train-rmse:0.415173+0.001015	test-rmse:0.415153+0.004039 
[366]	train-rmse:0.415165+0.001014	test-rmse:0.415146+0.004040 
[367]	train-rmse:0.415160+0.001016	test-rmse:0.415141+0.004038 
[368]	train-rmse:0.415154+0.001016	test-rmse:0.415134+0.004038 
[369]	train-rmse:0.415145+0.001016	test-rmse:0.415126+0.004038 
[370]	train-rmse:0.415137+0.001015	test-rmse:0.415118+0.004038 
[371]	train-rmse:0.415130+0.001016	test-rmse:0.415111+0.004038 
[372]	train-rmse:0.415125+0.001017	test-rmse:0.415106+0.004036 
[373]	train-rmse:0.415117+0.001017	test-rmse:0.415098+0.004036 
[374]	train-rmse:0.415112+0.001018	test-rmse:0.415093+0.004035 
[375]	train-rmse:0.415105+0.001015	test-rmse:0.415086+0.004038 
[376]	train-rmse:0.415101+0.001017	test-rmse:0.415081+0.004037 
[377]	train-rmse:0.415093+0.001017	test-rmse:0.415073+0.004037 
[378]	train-rmse:0.415087+0.001019	test-rmse:0.415068+0.004035 
[379]	train-rmse:0.415081+0.001018	test-rmse:0.415062+0.004035 
[380]	train-rmse:0.415076+0.001015	test-rmse:0.415057+0.004038 
[381]	train-rmse:0.415070+0.001017	test-rmse:0.415051+0.004037 
[382]	train-rmse:0.415064+0.001017	test-rmse:0.415044+0.004037 
[383]	train-rmse:0.415057+0.001018	test-rmse:0.415038+0.004035 
[384]	train-rmse:0.415049+0.001018	test-rmse:0.415030+0.004036 
[385]	train-rmse:0.415041+0.001017	test-rmse:0.415022+0.004036 
[386]	train-rmse:0.415033+0.001017	test-rmse:0.415014+0.004036 
[387]	train-rmse:0.415026+0.001017	test-rmse:0.415007+0.004036 
[388]	train-rmse:0.415019+0.001019	test-rmse:0.415001+0.004034 
[389]	train-rmse:0.415013+0.001019	test-rmse:0.414994+0.004034 
[390]	train-rmse:0.415007+0.001016	test-rmse:0.414988+0.004037 
[391]	train-rmse:0.415000+0.001017	test-rmse:0.414982+0.004036 
[392]	train-rmse:0.414994+0.001019	test-rmse:0.414975+0.004034 
[393]	train-rmse:0.414986+0.001019	test-rmse:0.414967+0.004034 
[394]	train-rmse:0.414978+0.001018	test-rmse:0.414959+0.004034 
[395]	train-rmse:0.414972+0.001016	test-rmse:0.414953+0.004037 
[396]	train-rmse:0.414963+0.001016	test-rmse:0.414945+0.004037 
[397]	train-rmse:0.414957+0.001016	test-rmse:0.414939+0.004037 
[398]	train-rmse:0.414949+0.001016	test-rmse:0.414931+0.004036 
[399]	train-rmse:0.414941+0.001016	test-rmse:0.414923+0.004036 
[400]	train-rmse:0.414935+0.001016	test-rmse:0.414916+0.004036 
[401]	train-rmse:0.414929+0.001018	test-rmse:0.414910+0.004034 
[402]	train-rmse:0.414922+0.001015	test-rmse:0.414904+0.004037 
[403]	train-rmse:0.414918+0.001014	test-rmse:0.414899+0.004038 
[404]	train-rmse:0.414911+0.001016	test-rmse:0.414892+0.004037 
[405]	train-rmse:0.414903+0.001016	test-rmse:0.414884+0.004037 
[406]	train-rmse:0.414895+0.001016	test-rmse:0.414876+0.004036 
[407]	train-rmse:0.414887+0.001016	test-rmse:0.414868+0.004037 
[408]	train-rmse:0.414879+0.001016	test-rmse:0.414860+0.004036 
[409]	train-rmse:0.414873+0.001016	test-rmse:0.414854+0.004037 
[410]	train-rmse:0.414866+0.001017	test-rmse:0.414848+0.004035 
[411]	train-rmse:0.414860+0.001017	test-rmse:0.414841+0.004035 
[412]	train-rmse:0.414853+0.001018	test-rmse:0.414835+0.004034 
[413]	train-rmse:0.414845+0.001018	test-rmse:0.414827+0.004034 
[414]	train-rmse:0.414839+0.001019	test-rmse:0.414820+0.004033 
[415]	train-rmse:0.414830+0.001018	test-rmse:0.414812+0.004033 
[416]	train-rmse:0.414822+0.001019	test-rmse:0.414804+0.004033 
[417]	train-rmse:0.414818+0.001018	test-rmse:0.414799+0.004033 
[418]	train-rmse:0.414813+0.001018	test-rmse:0.414794+0.004033 
[419]	train-rmse:0.414805+0.001018	test-rmse:0.414786+0.004033 
[420]	train-rmse:0.414800+0.001019	test-rmse:0.414781+0.004032 
[421]	train-rmse:0.414792+0.001019	test-rmse:0.414773+0.004032 
[422]	train-rmse:0.414786+0.001020	test-rmse:0.414767+0.004031 
[423]	train-rmse:0.414779+0.001022	test-rmse:0.414761+0.004029 
[424]	train-rmse:0.414773+0.001023	test-rmse:0.414754+0.004028 
[425]	train-rmse:0.414765+0.001023	test-rmse:0.414746+0.004028 
[426]	train-rmse:0.414757+0.001023	test-rmse:0.414738+0.004028 
[427]	train-rmse:0.414749+0.001023	test-rmse:0.414730+0.004028 
[428]	train-rmse:0.414742+0.001025	test-rmse:0.414723+0.004026 
[429]	train-rmse:0.414735+0.001026	test-rmse:0.414717+0.004025 
[430]	train-rmse:0.414729+0.001026	test-rmse:0.414710+0.004025 
[431]	train-rmse:0.414721+0.001026	test-rmse:0.414702+0.004025 
[432]	train-rmse:0.414718+0.001027	test-rmse:0.414699+0.004023 
[433]	train-rmse:0.414711+0.001027	test-rmse:0.414693+0.004024 
[434]	train-rmse:0.414706+0.001024	test-rmse:0.414688+0.004027 
[435]	train-rmse:0.414699+0.001024	test-rmse:0.414680+0.004026 
[436]	train-rmse:0.414693+0.001026	test-rmse:0.414675+0.004024 
[437]	train-rmse:0.414689+0.001025	test-rmse:0.414670+0.004026 
[438]	train-rmse:0.414684+0.001025	test-rmse:0.414665+0.004026 
[439]	train-rmse:0.414676+0.001025	test-rmse:0.414657+0.004026 
[440]	train-rmse:0.414670+0.001026	test-rmse:0.414651+0.004024 
[441]	train-rmse:0.414662+0.001026	test-rmse:0.414643+0.004024 
[442]	train-rmse:0.414655+0.001027	test-rmse:0.414637+0.004024 
[443]	train-rmse:0.414649+0.001024	test-rmse:0.414630+0.004026 
[444]	train-rmse:0.414644+0.001027	test-rmse:0.414625+0.004023 
[445]	train-rmse:0.414636+0.001027	test-rmse:0.414617+0.004023 
[446]	train-rmse:0.414630+0.001024	test-rmse:0.414611+0.004026 
[447]	train-rmse:0.414621+0.001024	test-rmse:0.414603+0.004026 
[448]	train-rmse:0.414615+0.001026	test-rmse:0.414596+0.004024 
[449]	train-rmse:0.414607+0.001026	test-rmse:0.414588+0.004024 
[450]	train-rmse:0.414604+0.001024	test-rmse:0.414585+0.004026 
[451]	train-rmse:0.414598+0.001024	test-rmse:0.414579+0.004026 
[452]	train-rmse:0.414590+0.001024	test-rmse:0.414571+0.004026 
[453]	train-rmse:0.414582+0.001024	test-rmse:0.414563+0.004026 
[454]	train-rmse:0.414576+0.001025	test-rmse:0.414557+0.004024 
[455]	train-rmse:0.414569+0.001025	test-rmse:0.414550+0.004024 
[456]	train-rmse:0.414561+0.001026	test-rmse:0.414542+0.004024 
[457]	train-rmse:0.414553+0.001026	test-rmse:0.414534+0.004024 
[458]	train-rmse:0.414545+0.001026	test-rmse:0.414526+0.004024 
[459]	train-rmse:0.414537+0.001026	test-rmse:0.414518+0.004024 
[460]	train-rmse:0.414529+0.001026	test-rmse:0.414510+0.004024 
[461]	train-rmse:0.414521+0.001026	test-rmse:0.414502+0.004024 
[462]	train-rmse:0.414513+0.001026	test-rmse:0.414494+0.004023 
[463]	train-rmse:0.414505+0.001026	test-rmse:0.414486+0.004023 
[464]	train-rmse:0.414499+0.001027	test-rmse:0.414480+0.004022 
[465]	train-rmse:0.414492+0.001029	test-rmse:0.414473+0.004020 
[466]	train-rmse:0.414485+0.001026	test-rmse:0.414467+0.004023 
[467]	train-rmse:0.414479+0.001026	test-rmse:0.414460+0.004023 
[468]	train-rmse:0.414471+0.001026	test-rmse:0.414452+0.004023 
[469]	train-rmse:0.414463+0.001026	test-rmse:0.414444+0.004023 
[470]	train-rmse:0.414455+0.001026	test-rmse:0.414436+0.004023 
[471]	train-rmse:0.414447+0.001026	test-rmse:0.414428+0.004023 
[472]	train-rmse:0.414440+0.001026	test-rmse:0.414421+0.004023 
[473]	train-rmse:0.414435+0.001027	test-rmse:0.414416+0.004021 
[474]	train-rmse:0.414427+0.001027	test-rmse:0.414408+0.004021 
[475]	train-rmse:0.414419+0.001027	test-rmse:0.414400+0.004022 
[476]	train-rmse:0.414413+0.001028	test-rmse:0.414394+0.004020 
[477]	train-rmse:0.414409+0.001030	test-rmse:0.414390+0.004018 
[478]	train-rmse:0.414401+0.001030	test-rmse:0.414383+0.004018 
[479]	train-rmse:0.414393+0.001030	test-rmse:0.414375+0.004018 
[480]	train-rmse:0.414387+0.001032	test-rmse:0.414368+0.004016 
[481]	train-rmse:0.414379+0.001032	test-rmse:0.414360+0.004016 
[482]	train-rmse:0.414374+0.001034	test-rmse:0.414355+0.004015 
[483]	train-rmse:0.414366+0.001033	test-rmse:0.414347+0.004015 
[484]	train-rmse:0.414360+0.001033	test-rmse:0.414341+0.004016 
[485]	train-rmse:0.414351+0.001032	test-rmse:0.414332+0.004016 
[486]	train-rmse:0.414346+0.001035	test-rmse:0.414327+0.004013 
[487]	train-rmse:0.414339+0.001035	test-rmse:0.414319+0.004013 
[488]	train-rmse:0.414330+0.001035	test-rmse:0.414311+0.004013 
[489]	train-rmse:0.414327+0.001034	test-rmse:0.414308+0.004014 
[490]	train-rmse:0.414321+0.001036	test-rmse:0.414302+0.004013 
[491]	train-rmse:0.414313+0.001036	test-rmse:0.414294+0.004012 
[492]	train-rmse:0.414305+0.001036	test-rmse:0.414286+0.004012 
[493]	train-rmse:0.414299+0.001036	test-rmse:0.414279+0.004012 
[494]	train-rmse:0.414294+0.001034	test-rmse:0.414275+0.004014 
[495]	train-rmse:0.414286+0.001034	test-rmse:0.414267+0.004014 
[496]	train-rmse:0.414278+0.001034	test-rmse:0.414259+0.004014 
[497]	train-rmse:0.414272+0.001031	test-rmse:0.414253+0.004017 
[498]	train-rmse:0.414264+0.001031	test-rmse:0.414245+0.004016 
[499]	train-rmse:0.414258+0.001033	test-rmse:0.414238+0.004015 
[500]	train-rmse:0.414255+0.001035	test-rmse:0.414235+0.004012 
[501]	train-rmse:0.414247+0.001035	test-rmse:0.414227+0.004012 
[502]	train-rmse:0.414242+0.001037	test-rmse:0.414222+0.004011 
[503]	train-rmse:0.414233+0.001036	test-rmse:0.414214+0.004011 
[504]	train-rmse:0.414227+0.001037	test-rmse:0.414208+0.004011 
[505]	train-rmse:0.414220+0.001034	test-rmse:0.414201+0.004013 
[506]	train-rmse:0.414212+0.001034	test-rmse:0.414193+0.004014 
[507]	train-rmse:0.414204+0.001034	test-rmse:0.414185+0.004014 
[508]	train-rmse:0.414198+0.001034	test-rmse:0.414179+0.004013 
[509]	train-rmse:0.414189+0.001034	test-rmse:0.414171+0.004013 
[510]	train-rmse:0.414183+0.001034	test-rmse:0.414164+0.004013 
[511]	train-rmse:0.414177+0.001035	test-rmse:0.414157+0.004012 
[512]	train-rmse:0.414172+0.001037	test-rmse:0.414153+0.004010 
[513]	train-rmse:0.414165+0.001037	test-rmse:0.414147+0.004010 
[514]	train-rmse:0.414160+0.001038	test-rmse:0.414142+0.004009 
[515]	train-rmse:0.414154+0.001035	test-rmse:0.414135+0.004012 
[516]	train-rmse:0.414150+0.001033	test-rmse:0.414132+0.004014 
[517]	train-rmse:0.414144+0.001035	test-rmse:0.414126+0.004012 
[518]	train-rmse:0.414139+0.001034	test-rmse:0.414121+0.004014 
[519]	train-rmse:0.414133+0.001035	test-rmse:0.414114+0.004012 
[520]	train-rmse:0.414126+0.001036	test-rmse:0.414108+0.004012 
[521]	train-rmse:0.414120+0.001035	test-rmse:0.414102+0.004012 
[522]	train-rmse:0.414117+0.001037	test-rmse:0.414098+0.004010 
[523]	train-rmse:0.414109+0.001037	test-rmse:0.414091+0.004010 
[524]	train-rmse:0.414101+0.001037	test-rmse:0.414083+0.004010 
[525]	train-rmse:0.414094+0.001037	test-rmse:0.414076+0.004010 
[526]	train-rmse:0.414088+0.001038	test-rmse:0.414070+0.004009 
[527]	train-rmse:0.414080+0.001038	test-rmse:0.414062+0.004009 
[528]	train-rmse:0.414075+0.001041	test-rmse:0.414057+0.004006 
[529]	train-rmse:0.414069+0.001042	test-rmse:0.414051+0.004005 
[530]	train-rmse:0.414063+0.001042	test-rmse:0.414045+0.004005 
[531]	train-rmse:0.414055+0.001042	test-rmse:0.414037+0.004005 
[532]	train-rmse:0.414048+0.001039	test-rmse:0.414030+0.004008 
[533]	train-rmse:0.414041+0.001036	test-rmse:0.414024+0.004011 
[534]	train-rmse:0.414033+0.001036	test-rmse:0.414016+0.004011 
[535]	train-rmse:0.414029+0.001038	test-rmse:0.414011+0.004009 
[536]	train-rmse:0.414024+0.001037	test-rmse:0.414006+0.004010 
[537]	train-rmse:0.414015+0.001037	test-rmse:0.413998+0.004010 
[538]	train-rmse:0.414009+0.001037	test-rmse:0.413991+0.004009 
[539]	train-rmse:0.414003+0.001039	test-rmse:0.413985+0.004007 
[540]	train-rmse:0.413995+0.001039	test-rmse:0.413977+0.004007 
[541]	train-rmse:0.413990+0.001039	test-rmse:0.413973+0.004007 
[542]	train-rmse:0.413982+0.001040	test-rmse:0.413965+0.004007 
[543]	train-rmse:0.413974+0.001039	test-rmse:0.413957+0.004007 
[544]	train-rmse:0.413970+0.001041	test-rmse:0.413952+0.004006 
[545]	train-rmse:0.413962+0.001040	test-rmse:0.413944+0.004006 
[546]	train-rmse:0.413954+0.001040	test-rmse:0.413936+0.004006 
[547]	train-rmse:0.413947+0.001040	test-rmse:0.413929+0.004006 
[548]	train-rmse:0.413939+0.001040	test-rmse:0.413921+0.004006 
[549]	train-rmse:0.413933+0.001040	test-rmse:0.413915+0.004006 
[550]	train-rmse:0.413926+0.001037	test-rmse:0.413908+0.004009 
[551]	train-rmse:0.413920+0.001038	test-rmse:0.413902+0.004008 
[552]	train-rmse:0.413912+0.001038	test-rmse:0.413894+0.004008 
[553]	train-rmse:0.413906+0.001038	test-rmse:0.413888+0.004008 
[554]	train-rmse:0.413898+0.001038	test-rmse:0.413880+0.004008 
[555]	train-rmse:0.413891+0.001038	test-rmse:0.413874+0.004008 
[556]	train-rmse:0.413884+0.001038	test-rmse:0.413866+0.004007 
[557]	train-rmse:0.413879+0.001035	test-rmse:0.413861+0.004010 
[558]	train-rmse:0.413872+0.001037	test-rmse:0.413854+0.004009 
[559]	train-rmse:0.413864+0.001037	test-rmse:0.413846+0.004009 
[560]	train-rmse:0.413858+0.001036	test-rmse:0.413840+0.004009 
[561]	train-rmse:0.413850+0.001036	test-rmse:0.413832+0.004009 
[562]	train-rmse:0.413842+0.001036	test-rmse:0.413824+0.004009 
[563]	train-rmse:0.413835+0.001037	test-rmse:0.413817+0.004008 
[564]	train-rmse:0.413827+0.001037	test-rmse:0.413809+0.004008 
[565]	train-rmse:0.413822+0.001040	test-rmse:0.413804+0.004005 
[566]	train-rmse:0.413814+0.001040	test-rmse:0.413796+0.004004 
[567]	train-rmse:0.413808+0.001041	test-rmse:0.413790+0.004004 
[568]	train-rmse:0.413799+0.001041	test-rmse:0.413781+0.004004 
[569]	train-rmse:0.413791+0.001041	test-rmse:0.413773+0.004004 
[570]	train-rmse:0.413783+0.001041	test-rmse:0.413765+0.004004 
[571]	train-rmse:0.413776+0.001042	test-rmse:0.413758+0.004003 
[572]	train-rmse:0.413770+0.001041	test-rmse:0.413752+0.004003 
[573]	train-rmse:0.413761+0.001041	test-rmse:0.413744+0.004003 
[574]	train-rmse:0.413757+0.001040	test-rmse:0.413739+0.004004 
[575]	train-rmse:0.413749+0.001040	test-rmse:0.413731+0.004004 
[576]	train-rmse:0.413740+0.001041	test-rmse:0.413722+0.004004 
[577]	train-rmse:0.413734+0.001042	test-rmse:0.413716+0.004002 
[578]	train-rmse:0.413730+0.001040	test-rmse:0.413712+0.004005 
[579]	train-rmse:0.413723+0.001040	test-rmse:0.413705+0.004005 
[580]	train-rmse:0.413715+0.001040	test-rmse:0.413697+0.004005 
[581]	train-rmse:0.413707+0.001040	test-rmse:0.413689+0.004005 
[582]	train-rmse:0.413700+0.001040	test-rmse:0.413683+0.004004 
[583]	train-rmse:0.413694+0.001042	test-rmse:0.413676+0.004002 
[584]	train-rmse:0.413690+0.001041	test-rmse:0.413672+0.004003 
[585]	train-rmse:0.413682+0.001041	test-rmse:0.413664+0.004003 
[586]	train-rmse:0.413674+0.001041	test-rmse:0.413656+0.004003 
[587]	train-rmse:0.413668+0.001038	test-rmse:0.413650+0.004006 
[588]	train-rmse:0.413661+0.001036	test-rmse:0.413643+0.004009 
[589]	train-rmse:0.413653+0.001036	test-rmse:0.413635+0.004009 
[590]	train-rmse:0.413645+0.001035	test-rmse:0.413627+0.004009 
[591]	train-rmse:0.413639+0.001037	test-rmse:0.413621+0.004007 
[592]	train-rmse:0.413630+0.001037	test-rmse:0.413612+0.004007 
[593]	train-rmse:0.413624+0.001038	test-rmse:0.413606+0.004006 
[594]	train-rmse:0.413616+0.001038	test-rmse:0.413598+0.004006 
[595]	train-rmse:0.413610+0.001039	test-rmse:0.413592+0.004005 
[596]	train-rmse:0.413604+0.001040	test-rmse:0.413586+0.004004 
[597]	train-rmse:0.413599+0.001041	test-rmse:0.413581+0.004002 
[598]	train-rmse:0.413591+0.001041	test-rmse:0.413573+0.004003 
[599]	train-rmse:0.413588+0.001039	test-rmse:0.413570+0.004004 
[600]	train-rmse:0.413580+0.001039	test-rmse:0.413562+0.004004 
[601]	train-rmse:0.413575+0.001037	test-rmse:0.413557+0.004006 
[602]	train-rmse:0.413568+0.001034	test-rmse:0.413550+0.004009 
[603]	train-rmse:0.413562+0.001034	test-rmse:0.413544+0.004009 
[604]	train-rmse:0.413555+0.001031	test-rmse:0.413538+0.004012 
[605]	train-rmse:0.413547+0.001031	test-rmse:0.413530+0.004012 
[606]	train-rmse:0.413541+0.001028	test-rmse:0.413523+0.004015 
[607]	train-rmse:0.413534+0.001028	test-rmse:0.413517+0.004015 
[608]	train-rmse:0.413531+0.001029	test-rmse:0.413513+0.004013 
[609]	train-rmse:0.413523+0.001029	test-rmse:0.413505+0.004014 
[610]	train-rmse:0.413517+0.001029	test-rmse:0.413499+0.004014 
[611]	train-rmse:0.413508+0.001029	test-rmse:0.413491+0.004014 
[612]	train-rmse:0.413502+0.001029	test-rmse:0.413485+0.004014 
[613]	train-rmse:0.413494+0.001029	test-rmse:0.413477+0.004014 
[614]	train-rmse:0.413486+0.001028	test-rmse:0.413469+0.004014 
[615]	train-rmse:0.413482+0.001030	test-rmse:0.413464+0.004013 
[616]	train-rmse:0.413476+0.001032	test-rmse:0.413458+0.004011 
[617]	train-rmse:0.413469+0.001033	test-rmse:0.413452+0.004010 
[618]	train-rmse:0.413463+0.001034	test-rmse:0.413445+0.004008 
[619]	train-rmse:0.413455+0.001034	test-rmse:0.413438+0.004008 
[620]	train-rmse:0.413447+0.001034	test-rmse:0.413430+0.004009 
[621]	train-rmse:0.413441+0.001036	test-rmse:0.413423+0.004007 
[622]	train-rmse:0.413433+0.001036	test-rmse:0.413416+0.004007 
[623]	train-rmse:0.413425+0.001036	test-rmse:0.413408+0.004006 
[624]	train-rmse:0.413419+0.001037	test-rmse:0.413401+0.004005 
[625]	train-rmse:0.413411+0.001037	test-rmse:0.413393+0.004005 
[626]	train-rmse:0.413403+0.001037	test-rmse:0.413385+0.004005 
[627]	train-rmse:0.413394+0.001037	test-rmse:0.413377+0.004005 
[628]	train-rmse:0.413386+0.001037	test-rmse:0.413369+0.004005 
[629]	train-rmse:0.413378+0.001037	test-rmse:0.413361+0.004005 
[630]	train-rmse:0.413370+0.001037	test-rmse:0.413353+0.004005 
[631]	train-rmse:0.413363+0.001037	test-rmse:0.413345+0.004005 
[632]	train-rmse:0.413354+0.001036	test-rmse:0.413337+0.004006 
[633]	train-rmse:0.413348+0.001033	test-rmse:0.413330+0.004008 
[634]	train-rmse:0.413341+0.001034	test-rmse:0.413324+0.004008 
[635]	train-rmse:0.413333+0.001034	test-rmse:0.413316+0.004008 
[636]	train-rmse:0.413330+0.001034	test-rmse:0.413313+0.004008 
[637]	train-rmse:0.413324+0.001034	test-rmse:0.413306+0.004008 
[638]	train-rmse:0.413316+0.001034	test-rmse:0.413298+0.004008 
[639]	train-rmse:0.413311+0.001031	test-rmse:0.413293+0.004011 
[640]	train-rmse:0.413304+0.001031	test-rmse:0.413287+0.004011 
[641]	train-rmse:0.413298+0.001031	test-rmse:0.413281+0.004011 
[642]	train-rmse:0.413293+0.001032	test-rmse:0.413276+0.004010 
[643]	train-rmse:0.413285+0.001032	test-rmse:0.413268+0.004010 
[644]	train-rmse:0.413279+0.001033	test-rmse:0.413262+0.004008 
[645]	train-rmse:0.413273+0.001033	test-rmse:0.413256+0.004008 
[646]	train-rmse:0.413265+0.001033	test-rmse:0.413248+0.004008 
[647]	train-rmse:0.413259+0.001031	test-rmse:0.413242+0.004011 
[648]	train-rmse:0.413253+0.001032	test-rmse:0.413236+0.004010 
[649]	train-rmse:0.413248+0.001033	test-rmse:0.413231+0.004008 
[650]	train-rmse:0.413240+0.001033	test-rmse:0.413223+0.004008 
[651]	train-rmse:0.413235+0.001030	test-rmse:0.413218+0.004011 
[652]	train-rmse:0.413227+0.001030	test-rmse:0.413210+0.004011 
[653]	train-rmse:0.413219+0.001030	test-rmse:0.413202+0.004011 
[654]	train-rmse:0.413212+0.001031	test-rmse:0.413194+0.004011 
[655]	train-rmse:0.413204+0.001030	test-rmse:0.413186+0.004011 
[656]	train-rmse:0.413198+0.001032	test-rmse:0.413180+0.004009 
[657]	train-rmse:0.413193+0.001033	test-rmse:0.413175+0.004008 
[658]	train-rmse:0.413185+0.001033	test-rmse:0.413167+0.004008 
[659]	train-rmse:0.413177+0.001033	test-rmse:0.413159+0.004007 
[660]	train-rmse:0.413170+0.001031	test-rmse:0.413153+0.004010 
[661]	train-rmse:0.413166+0.001029	test-rmse:0.413148+0.004011 
[662]	train-rmse:0.413159+0.001027	test-rmse:0.413142+0.004014 
[663]	train-rmse:0.413151+0.001026	test-rmse:0.413134+0.004014 
[664]	train-rmse:0.413145+0.001026	test-rmse:0.413127+0.004015 
[665]	train-rmse:0.413137+0.001026	test-rmse:0.413119+0.004014 
[666]	train-rmse:0.413129+0.001026	test-rmse:0.413111+0.004014 
[667]	train-rmse:0.413121+0.001026	test-rmse:0.413103+0.004014 
[668]	train-rmse:0.413116+0.001023	test-rmse:0.413098+0.004017 
[669]	train-rmse:0.413109+0.001020	test-rmse:0.413092+0.004020 
[670]	train-rmse:0.413101+0.001020	test-rmse:0.413084+0.004020 
[671]	train-rmse:0.413095+0.001022	test-rmse:0.413077+0.004019 
[672]	train-rmse:0.413087+0.001022	test-rmse:0.413069+0.004019 
[673]	train-rmse:0.413079+0.001022	test-rmse:0.413061+0.004018 
[674]	train-rmse:0.413072+0.001022	test-rmse:0.413055+0.004018 
[675]	train-rmse:0.413068+0.001024	test-rmse:0.413050+0.004016 
[676]	train-rmse:0.413060+0.001024	test-rmse:0.413043+0.004016 
[677]	train-rmse:0.413054+0.001021	test-rmse:0.413037+0.004019 
[678]	train-rmse:0.413049+0.001018	test-rmse:0.413032+0.004022 
[679]	train-rmse:0.413042+0.001016	test-rmse:0.413025+0.004025 
[680]	train-rmse:0.413036+0.001015	test-rmse:0.413019+0.004025 
[681]	train-rmse:0.413028+0.001015	test-rmse:0.413011+0.004025 
[682]	train-rmse:0.413020+0.001015	test-rmse:0.413003+0.004025 
[683]	train-rmse:0.413015+0.001013	test-rmse:0.412998+0.004027 
[684]	train-rmse:0.413007+0.001013	test-rmse:0.412990+0.004027 
[685]	train-rmse:0.413002+0.001011	test-rmse:0.412986+0.004029 
[686]	train-rmse:0.412998+0.001009	test-rmse:0.412981+0.004031 
[687]	train-rmse:0.412991+0.001010	test-rmse:0.412975+0.004030 
[688]	train-rmse:0.412988+0.001010	test-rmse:0.412972+0.004030 
[689]	train-rmse:0.412980+0.001010	test-rmse:0.412964+0.004030 
[690]	train-rmse:0.412972+0.001010	test-rmse:0.412956+0.004030 
[691]	train-rmse:0.412969+0.001013	test-rmse:0.412952+0.004027 
[692]	train-rmse:0.412964+0.001013	test-rmse:0.412947+0.004026 
[693]	train-rmse:0.412958+0.001015	test-rmse:0.412941+0.004025 
[694]	train-rmse:0.412949+0.001015	test-rmse:0.412933+0.004025 
[695]	train-rmse:0.412942+0.001015	test-rmse:0.412925+0.004025 
[696]	train-rmse:0.412935+0.001016	test-rmse:0.412919+0.004023 
[697]	train-rmse:0.412927+0.001017	test-rmse:0.412910+0.004023 
[698]	train-rmse:0.412919+0.001017	test-rmse:0.412902+0.004023 
[699]	train-rmse:0.412911+0.001017	test-rmse:0.412894+0.004023 
[700]	train-rmse:0.412906+0.001018	test-rmse:0.412890+0.004021 
[701]	train-rmse:0.412900+0.001018	test-rmse:0.412884+0.004021 
[702]	train-rmse:0.412893+0.001019	test-rmse:0.412877+0.004020 
[703]	train-rmse:0.412889+0.001021	test-rmse:0.412872+0.004018 
[704]	train-rmse:0.412884+0.001022	test-rmse:0.412867+0.004017 
[705]	train-rmse:0.412876+0.001022	test-rmse:0.412859+0.004017 
[706]	train-rmse:0.412868+0.001022	test-rmse:0.412852+0.004017 
[707]	train-rmse:0.412860+0.001022	test-rmse:0.412844+0.004017 
[708]	train-rmse:0.412852+0.001022	test-rmse:0.412836+0.004017 
[709]	train-rmse:0.412846+0.001023	test-rmse:0.412829+0.004017 
[710]	train-rmse:0.412839+0.001020	test-rmse:0.412823+0.004019 
[711]	train-rmse:0.412831+0.001019	test-rmse:0.412815+0.004020 
[712]	train-rmse:0.412825+0.001017	test-rmse:0.412808+0.004022 
[713]	train-rmse:0.412820+0.001017	test-rmse:0.412803+0.004022 
[714]	train-rmse:0.412813+0.001017	test-rmse:0.412797+0.004022 
[715]	train-rmse:0.412805+0.001017	test-rmse:0.412789+0.004022 
[716]	train-rmse:0.412797+0.001017	test-rmse:0.412781+0.004021 
[717]	train-rmse:0.412789+0.001017	test-rmse:0.412773+0.004021 
[718]	train-rmse:0.412781+0.001018	test-rmse:0.412765+0.004021 
[719]	train-rmse:0.412773+0.001018	test-rmse:0.412757+0.004021 
[720]	train-rmse:0.412768+0.001015	test-rmse:0.412752+0.004024 
[721]	train-rmse:0.412763+0.001017	test-rmse:0.412747+0.004022 
[722]	train-rmse:0.412755+0.001017	test-rmse:0.412739+0.004022 
[723]	train-rmse:0.412749+0.001018	test-rmse:0.412733+0.004021 
[724]	train-rmse:0.412743+0.001016	test-rmse:0.412727+0.004023 
[725]	train-rmse:0.412736+0.001015	test-rmse:0.412720+0.004024 
[726]	train-rmse:0.412731+0.001013	test-rmse:0.412715+0.004025 
[727]	train-rmse:0.412725+0.001010	test-rmse:0.412709+0.004028 
[728]	train-rmse:0.412717+0.001011	test-rmse:0.412701+0.004028 
[729]	train-rmse:0.412709+0.001010	test-rmse:0.412693+0.004028 
[730]	train-rmse:0.412702+0.001010	test-rmse:0.412686+0.004028 
[731]	train-rmse:0.412696+0.001007	test-rmse:0.412680+0.004031 
[732]	train-rmse:0.412690+0.001009	test-rmse:0.412673+0.004030 
[733]	train-rmse:0.412683+0.001010	test-rmse:0.412667+0.004028 
[734]	train-rmse:0.412675+0.001010	test-rmse:0.412659+0.004028 
[735]	train-rmse:0.412667+0.001010	test-rmse:0.412651+0.004028 
[736]	train-rmse:0.412659+0.001010	test-rmse:0.412643+0.004028 
[737]	train-rmse:0.412655+0.001013	test-rmse:0.412638+0.004025 
[738]	train-rmse:0.412648+0.001014	test-rmse:0.412632+0.004024 
[739]	train-rmse:0.412642+0.001015	test-rmse:0.412626+0.004024 
[740]	train-rmse:0.412634+0.001015	test-rmse:0.412618+0.004024 
[741]	train-rmse:0.412626+0.001014	test-rmse:0.412610+0.004024 
[742]	train-rmse:0.412618+0.001014	test-rmse:0.412602+0.004024 
[743]	train-rmse:0.412611+0.001014	test-rmse:0.412594+0.004024 
[744]	train-rmse:0.412603+0.001014	test-rmse:0.412586+0.004024 
[745]	train-rmse:0.412595+0.001014	test-rmse:0.412579+0.004024 
[746]	train-rmse:0.412588+0.001014	test-rmse:0.412572+0.004024 
[747]	train-rmse:0.412581+0.001014	test-rmse:0.412565+0.004024 
[748]	train-rmse:0.412573+0.001014	test-rmse:0.412557+0.004024 
[749]	train-rmse:0.412565+0.001014	test-rmse:0.412549+0.004024 
[750]	train-rmse:0.412559+0.001013	test-rmse:0.412543+0.004024 
[751]	train-rmse:0.412552+0.001011	test-rmse:0.412536+0.004027 
[752]	train-rmse:0.412544+0.001010	test-rmse:0.412528+0.004027 
[753]	train-rmse:0.412536+0.001010	test-rmse:0.412520+0.004027 
[754]	train-rmse:0.412529+0.001010	test-rmse:0.412512+0.004028 
[755]	train-rmse:0.412522+0.001011	test-rmse:0.412506+0.004026 
[756]	train-rmse:0.412514+0.001011	test-rmse:0.412498+0.004026 
[757]	train-rmse:0.412509+0.001014	test-rmse:0.412493+0.004024 
[758]	train-rmse:0.412503+0.001015	test-rmse:0.412487+0.004022 
[759]	train-rmse:0.412495+0.001015	test-rmse:0.412479+0.004022 
[760]	train-rmse:0.412490+0.001014	test-rmse:0.412474+0.004024 
[761]	train-rmse:0.412485+0.001015	test-rmse:0.412469+0.004023 
[762]	train-rmse:0.412477+0.001015	test-rmse:0.412461+0.004023 
[763]	train-rmse:0.412469+0.001015	test-rmse:0.412453+0.004023 
[764]	train-rmse:0.412461+0.001015	test-rmse:0.412446+0.004022 
[765]	train-rmse:0.412455+0.001012	test-rmse:0.412439+0.004025 
[766]	train-rmse:0.412449+0.001012	test-rmse:0.412433+0.004025 
[767]	train-rmse:0.412442+0.001011	test-rmse:0.412426+0.004025 
[768]	train-rmse:0.412434+0.001011	test-rmse:0.412418+0.004025 
[769]	train-rmse:0.412426+0.001011	test-rmse:0.412410+0.004025 
[770]	train-rmse:0.412418+0.001011	test-rmse:0.412402+0.004025 
[771]	train-rmse:0.412412+0.001013	test-rmse:0.412396+0.004024 
[772]	train-rmse:0.412406+0.001014	test-rmse:0.412390+0.004022 
[773]	train-rmse:0.412399+0.001016	test-rmse:0.412383+0.004021 
[774]	train-rmse:0.412393+0.001016	test-rmse:0.412377+0.004021 
[775]	train-rmse:0.412387+0.001017	test-rmse:0.412371+0.004020 
[776]	train-rmse:0.412379+0.001017	test-rmse:0.412363+0.004020 
[777]	train-rmse:0.412371+0.001017	test-rmse:0.412355+0.004020 
[778]	train-rmse:0.412366+0.001020	test-rmse:0.412350+0.004017 
[779]	train-rmse:0.412361+0.001022	test-rmse:0.412345+0.004015 
[780]	train-rmse:0.412356+0.001025	test-rmse:0.412340+0.004012 
[781]	train-rmse:0.412350+0.001027	test-rmse:0.412334+0.004010 
[782]	train-rmse:0.412343+0.001027	test-rmse:0.412327+0.004010 
[783]	train-rmse:0.412337+0.001024	test-rmse:0.412321+0.004012 
[784]	train-rmse:0.412329+0.001024	test-rmse:0.412313+0.004012 
[785]	train-rmse:0.412321+0.001024	test-rmse:0.412305+0.004012 
[786]	train-rmse:0.412313+0.001024	test-rmse:0.412296+0.004012 
[787]	train-rmse:0.412305+0.001024	test-rmse:0.412288+0.004012 
[788]	train-rmse:0.412298+0.001022	test-rmse:0.412282+0.004015 
[789]	train-rmse:0.412290+0.001022	test-rmse:0.412274+0.004015 
[790]	train-rmse:0.412284+0.001021	test-rmse:0.412268+0.004015 
[791]	train-rmse:0.412277+0.001018	test-rmse:0.412261+0.004018 
[792]	train-rmse:0.412271+0.001019	test-rmse:0.412254+0.004017 
[793]	train-rmse:0.412265+0.001016	test-rmse:0.412248+0.004020 
[794]	train-rmse:0.412260+0.001019	test-rmse:0.412243+0.004017 
[795]	train-rmse:0.412255+0.001022	test-rmse:0.412239+0.004014 
[796]	train-rmse:0.412247+0.001022	test-rmse:0.412231+0.004014 
[797]	train-rmse:0.412241+0.001023	test-rmse:0.412225+0.004014 
[798]	train-rmse:0.412238+0.001024	test-rmse:0.412222+0.004013 
[799]	train-rmse:0.412230+0.001024	test-rmse:0.412214+0.004012 
[800]	train-rmse:0.412222+0.001024	test-rmse:0.412206+0.004012 
[801]	train-rmse:0.412216+0.001026	test-rmse:0.412200+0.004010 
[802]	train-rmse:0.412208+0.001026	test-rmse:0.412191+0.004011 
[803]	train-rmse:0.412199+0.001026	test-rmse:0.412183+0.004010 
[804]	train-rmse:0.412193+0.001027	test-rmse:0.412177+0.004009 
[805]	train-rmse:0.412185+0.001027	test-rmse:0.412169+0.004009 
[806]	train-rmse:0.412180+0.001026	test-rmse:0.412164+0.004010 
[807]	train-rmse:0.412174+0.001026	test-rmse:0.412158+0.004010 
[808]	train-rmse:0.412166+0.001026	test-rmse:0.412150+0.004010 
[809]	train-rmse:0.412158+0.001026	test-rmse:0.412142+0.004010 
[810]	train-rmse:0.412152+0.001028	test-rmse:0.412136+0.004008 
[811]	train-rmse:0.412144+0.001028	test-rmse:0.412127+0.004008 
[812]	train-rmse:0.412135+0.001028	test-rmse:0.412119+0.004008 
[813]	train-rmse:0.412128+0.001028	test-rmse:0.412112+0.004008 
[814]	train-rmse:0.412121+0.001025	test-rmse:0.412105+0.004011 
[815]	train-rmse:0.412116+0.001023	test-rmse:0.412100+0.004014 
[816]	train-rmse:0.412110+0.001024	test-rmse:0.412094+0.004012 
[817]	train-rmse:0.412102+0.001024	test-rmse:0.412086+0.004012 
[818]	train-rmse:0.412094+0.001024	test-rmse:0.412078+0.004013 
[819]	train-rmse:0.412086+0.001024	test-rmse:0.412070+0.004013 
[820]	train-rmse:0.412078+0.001024	test-rmse:0.412062+0.004013 
[821]	train-rmse:0.412074+0.001023	test-rmse:0.412058+0.004014 
[822]	train-rmse:0.412069+0.001025	test-rmse:0.412053+0.004012 
[823]	train-rmse:0.412063+0.001026	test-rmse:0.412046+0.004010 
[824]	train-rmse:0.412056+0.001028	test-rmse:0.412040+0.004009 
[825]	train-rmse:0.412049+0.001028	test-rmse:0.412033+0.004009 
[826]	train-rmse:0.412042+0.001028	test-rmse:0.412026+0.004009 
[827]	train-rmse:0.412034+0.001028	test-rmse:0.412018+0.004009 
[828]	train-rmse:0.412026+0.001028	test-rmse:0.412010+0.004009 
[829]	train-rmse:0.412019+0.001025	test-rmse:0.412003+0.004012 
[830]	train-rmse:0.412013+0.001026	test-rmse:0.411997+0.004010 
[831]	train-rmse:0.412008+0.001029	test-rmse:0.411992+0.004007 
[832]	train-rmse:0.412001+0.001029	test-rmse:0.411985+0.004007 
[833]	train-rmse:0.411993+0.001029	test-rmse:0.411977+0.004007 
[834]	train-rmse:0.411986+0.001029	test-rmse:0.411970+0.004007 
[835]	train-rmse:0.411980+0.001026	test-rmse:0.411964+0.004010 
[836]	train-rmse:0.411974+0.001026	test-rmse:0.411957+0.004010 
[837]	train-rmse:0.411967+0.001026	test-rmse:0.411951+0.004010 
[838]	train-rmse:0.411961+0.001023	test-rmse:0.411945+0.004013 
[839]	train-rmse:0.411953+0.001023	test-rmse:0.411937+0.004013 
[840]	train-rmse:0.411945+0.001023	test-rmse:0.411929+0.004013 
[841]	train-rmse:0.411939+0.001023	test-rmse:0.411923+0.004013 
[842]	train-rmse:0.411933+0.001020	test-rmse:0.411917+0.004016 
[843]	train-rmse:0.411924+0.001020	test-rmse:0.411908+0.004015 
[844]	train-rmse:0.411917+0.001020	test-rmse:0.411901+0.004015 
[845]	train-rmse:0.411909+0.001020	test-rmse:0.411893+0.004015 
[846]	train-rmse:0.411902+0.001022	test-rmse:0.411886+0.004014 
[847]	train-rmse:0.411894+0.001022	test-rmse:0.411878+0.004014 
[848]	train-rmse:0.411888+0.001023	test-rmse:0.411871+0.004012 
[849]	train-rmse:0.411881+0.001025	test-rmse:0.411865+0.004011 
[850]	train-rmse:0.411873+0.001025	test-rmse:0.411857+0.004011 
[851]	train-rmse:0.411865+0.001025	test-rmse:0.411849+0.004010 
[852]	train-rmse:0.411858+0.001025	test-rmse:0.411841+0.004010 
[853]	train-rmse:0.411849+0.001025	test-rmse:0.411833+0.004010 
[854]	train-rmse:0.411843+0.001024	test-rmse:0.411827+0.004011 
[855]	train-rmse:0.411835+0.001025	test-rmse:0.411819+0.004011 
[856]	train-rmse:0.411829+0.001024	test-rmse:0.411813+0.004011 
[857]	train-rmse:0.411821+0.001024	test-rmse:0.411805+0.004011 
[858]	train-rmse:0.411813+0.001024	test-rmse:0.411797+0.004011 
[859]	train-rmse:0.411807+0.001026	test-rmse:0.411790+0.004009 
[860]	train-rmse:0.411801+0.001023	test-rmse:0.411784+0.004012 
[861]	train-rmse:0.411797+0.001025	test-rmse:0.411781+0.004010 
[862]	train-rmse:0.411790+0.001024	test-rmse:0.411773+0.004010 
[863]	train-rmse:0.411783+0.001026	test-rmse:0.411767+0.004008 
[864]	train-rmse:0.411779+0.001025	test-rmse:0.411762+0.004010 
[865]	train-rmse:0.411774+0.001026	test-rmse:0.411757+0.004009 
[866]	train-rmse:0.411768+0.001027	test-rmse:0.411751+0.004007 
[867]	train-rmse:0.411760+0.001027	test-rmse:0.411743+0.004007 
[868]	train-rmse:0.411752+0.001027	test-rmse:0.411735+0.004007 
[869]	train-rmse:0.411744+0.001026	test-rmse:0.411728+0.004008 
[870]	train-rmse:0.411736+0.001026	test-rmse:0.411720+0.004008 
[871]	train-rmse:0.411730+0.001026	test-rmse:0.411714+0.004008 
[872]	train-rmse:0.411722+0.001026	test-rmse:0.411705+0.004008 
[873]	train-rmse:0.411714+0.001026	test-rmse:0.411697+0.004008 
[874]	train-rmse:0.411706+0.001026	test-rmse:0.411689+0.004008 
[875]	train-rmse:0.411698+0.001027	test-rmse:0.411681+0.004007 
[876]	train-rmse:0.411692+0.001028	test-rmse:0.411675+0.004006 
[877]	train-rmse:0.411684+0.001028	test-rmse:0.411667+0.004006 
[878]	train-rmse:0.411678+0.001028	test-rmse:0.411661+0.004006 
[879]	train-rmse:0.411672+0.001029	test-rmse:0.411655+0.004005 
[880]	train-rmse:0.411665+0.001031	test-rmse:0.411648+0.004003 
[881]	train-rmse:0.411658+0.001031	test-rmse:0.411641+0.004003 
[882]	train-rmse:0.411650+0.001031	test-rmse:0.411633+0.004003 
[883]	train-rmse:0.411642+0.001031	test-rmse:0.411625+0.004003 
[884]	train-rmse:0.411636+0.001028	test-rmse:0.411619+0.004006 
[885]	train-rmse:0.411628+0.001028	test-rmse:0.411611+0.004006 
[886]	train-rmse:0.411620+0.001028	test-rmse:0.411603+0.004006 
[887]	train-rmse:0.411615+0.001029	test-rmse:0.411598+0.004005 
[888]	train-rmse:0.411607+0.001029	test-rmse:0.411590+0.004005 
[889]	train-rmse:0.411601+0.001031	test-rmse:0.411584+0.004003 
[890]	train-rmse:0.411595+0.001031	test-rmse:0.411578+0.004002 
[891]	train-rmse:0.411588+0.001032	test-rmse:0.411571+0.004001 
[892]	train-rmse:0.411584+0.001031	test-rmse:0.411567+0.004003 
[893]	train-rmse:0.411575+0.001031	test-rmse:0.411558+0.004003 
[894]	train-rmse:0.411569+0.001032	test-rmse:0.411552+0.004002 
[895]	train-rmse:0.411564+0.001032	test-rmse:0.411548+0.004001 
[896]	train-rmse:0.411558+0.001030	test-rmse:0.411541+0.004003 
[897]	train-rmse:0.411550+0.001030	test-rmse:0.411533+0.004003 
[898]	train-rmse:0.411547+0.001033	test-rmse:0.411530+0.004000 
[899]	train-rmse:0.411540+0.001033	test-rmse:0.411523+0.004000 
[900]	train-rmse:0.411533+0.001035	test-rmse:0.411516+0.003999 
[901]	train-rmse:0.411527+0.001032	test-rmse:0.411510+0.004001 
[902]	train-rmse:0.411521+0.001032	test-rmse:0.411504+0.004001 
[903]	train-rmse:0.411514+0.001032	test-rmse:0.411498+0.004001 
[904]	train-rmse:0.411506+0.001032	test-rmse:0.411490+0.004001 
[905]	train-rmse:0.411502+0.001033	test-rmse:0.411485+0.004000 
[906]	train-rmse:0.411495+0.001032	test-rmse:0.411478+0.004000 
[907]	train-rmse:0.411489+0.001033	test-rmse:0.411472+0.004000 
[908]	train-rmse:0.411483+0.001035	test-rmse:0.411466+0.003998 
[909]	train-rmse:0.411477+0.001032	test-rmse:0.411460+0.004001 
[910]	train-rmse:0.411469+0.001032	test-rmse:0.411452+0.004001 
[911]	train-rmse:0.411463+0.001033	test-rmse:0.411446+0.004000 
[912]	train-rmse:0.411458+0.001032	test-rmse:0.411441+0.004001 
[913]	train-rmse:0.411452+0.001033	test-rmse:0.411435+0.004000 
[914]	train-rmse:0.411447+0.001033	test-rmse:0.411430+0.003999 
[915]	train-rmse:0.411441+0.001031	test-rmse:0.411424+0.004002 
[916]	train-rmse:0.411436+0.001032	test-rmse:0.411419+0.004000 
[917]	train-rmse:0.411428+0.001032	test-rmse:0.411411+0.004001 
[918]	train-rmse:0.411422+0.001032	test-rmse:0.411405+0.004000 
[919]	train-rmse:0.411416+0.001032	test-rmse:0.411399+0.004000 
[920]	train-rmse:0.411409+0.001029	test-rmse:0.411392+0.004003 
[921]	train-rmse:0.411404+0.001028	test-rmse:0.411387+0.004005 
[922]	train-rmse:0.411399+0.001028	test-rmse:0.411383+0.004005 
[923]	train-rmse:0.411394+0.001030	test-rmse:0.411378+0.004002 
[924]	train-rmse:0.411388+0.001030	test-rmse:0.411371+0.004002 
[925]	train-rmse:0.411384+0.001031	test-rmse:0.411367+0.004001 
[926]	train-rmse:0.411375+0.001031	test-rmse:0.411359+0.004001 
[927]	train-rmse:0.411369+0.001031	test-rmse:0.411353+0.004001 
[928]	train-rmse:0.411363+0.001028	test-rmse:0.411346+0.004004 
[929]	train-rmse:0.411355+0.001028	test-rmse:0.411339+0.004004 
[930]	train-rmse:0.411348+0.001028	test-rmse:0.411331+0.004004 
[931]	train-rmse:0.411341+0.001029	test-rmse:0.411325+0.004003 
[932]	train-rmse:0.411337+0.001032	test-rmse:0.411320+0.004000 
[933]	train-rmse:0.411329+0.001032	test-rmse:0.411312+0.004000 
[934]	train-rmse:0.411321+0.001032	test-rmse:0.411304+0.004000 
[935]	train-rmse:0.411313+0.001032	test-rmse:0.411297+0.004000 
[936]	train-rmse:0.411307+0.001033	test-rmse:0.411290+0.003999 
[937]	train-rmse:0.411299+0.001033	test-rmse:0.411283+0.003999 
[938]	train-rmse:0.411292+0.001033	test-rmse:0.411275+0.003999 
[939]	train-rmse:0.411285+0.001034	test-rmse:0.411269+0.003998 
[940]	train-rmse:0.411277+0.001034	test-rmse:0.411261+0.003998 
[941]	train-rmse:0.411270+0.001034	test-rmse:0.411253+0.003998 
[942]	train-rmse:0.411263+0.001035	test-rmse:0.411247+0.003997 
[943]	train-rmse:0.411255+0.001035	test-rmse:0.411239+0.003997 
[944]	train-rmse:0.411250+0.001036	test-rmse:0.411234+0.003995 
[945]	train-rmse:0.411243+0.001036	test-rmse:0.411227+0.003995 
[946]	train-rmse:0.411235+0.001036	test-rmse:0.411219+0.003995 
[947]	train-rmse:0.411227+0.001036	test-rmse:0.411211+0.003995 
[948]	train-rmse:0.411219+0.001036	test-rmse:0.411203+0.003996 
[949]	train-rmse:0.411213+0.001037	test-rmse:0.411196+0.003994 
[950]	train-rmse:0.411206+0.001035	test-rmse:0.411190+0.003997 
[951]	train-rmse:0.411198+0.001034	test-rmse:0.411182+0.003997 
[952]	train-rmse:0.411192+0.001032	test-rmse:0.411176+0.004000 
[953]	train-rmse:0.411184+0.001032	test-rmse:0.411168+0.004000 
[954]	train-rmse:0.411177+0.001032	test-rmse:0.411160+0.003999 
[955]	train-rmse:0.411169+0.001032	test-rmse:0.411153+0.004000 
[956]	train-rmse:0.411161+0.001032	test-rmse:0.411145+0.004000 
[957]	train-rmse:0.411153+0.001032	test-rmse:0.411137+0.004000 
[958]	train-rmse:0.411148+0.001029	test-rmse:0.411132+0.004003 
[959]	train-rmse:0.411141+0.001028	test-rmse:0.411124+0.004003 
[960]	train-rmse:0.411134+0.001025	test-rmse:0.411118+0.004006 
[961]	train-rmse:0.411126+0.001025	test-rmse:0.411110+0.004006 
[962]	train-rmse:0.411120+0.001023	test-rmse:0.411104+0.004009 
[963]	train-rmse:0.411115+0.001024	test-rmse:0.411099+0.004007 
[964]	train-rmse:0.411111+0.001021	test-rmse:0.411095+0.004010 
[965]	train-rmse:0.411106+0.001020	test-rmse:0.411089+0.004011 
[966]	train-rmse:0.411098+0.001020	test-rmse:0.411082+0.004011 
[967]	train-rmse:0.411093+0.001016	test-rmse:0.411077+0.004014 
[968]	train-rmse:0.411086+0.001016	test-rmse:0.411069+0.004014 
[969]	train-rmse:0.411081+0.001016	test-rmse:0.411064+0.004014 
[970]	train-rmse:0.411073+0.001016	test-rmse:0.411056+0.004015 
[971]	train-rmse:0.411067+0.001015	test-rmse:0.411050+0.004015 
[972]	train-rmse:0.411059+0.001015	test-rmse:0.411042+0.004015 
[973]	train-rmse:0.411051+0.001015	test-rmse:0.411034+0.004015 
[974]	train-rmse:0.411044+0.001017	test-rmse:0.411028+0.004013 
[975]	train-rmse:0.411039+0.001018	test-rmse:0.411023+0.004012 
[976]	train-rmse:0.411032+0.001018	test-rmse:0.411015+0.004012 
[977]	train-rmse:0.411025+0.001020	test-rmse:0.411009+0.004011 
[978]	train-rmse:0.411019+0.001019	test-rmse:0.411002+0.004011 
[979]	train-rmse:0.411011+0.001019	test-rmse:0.410994+0.004011 
[980]	train-rmse:0.411005+0.001021	test-rmse:0.410988+0.004009 
[981]	train-rmse:0.410998+0.001022	test-rmse:0.410982+0.004008 
[982]	train-rmse:0.410992+0.001021	test-rmse:0.410975+0.004008 
[983]	train-rmse:0.410984+0.001021	test-rmse:0.410967+0.004008 
[984]	train-rmse:0.410976+0.001021	test-rmse:0.410960+0.004008 
[985]	train-rmse:0.410968+0.001022	test-rmse:0.410952+0.004008 
[986]	train-rmse:0.410960+0.001022	test-rmse:0.410944+0.004008 
[987]	train-rmse:0.410956+0.001021	test-rmse:0.410939+0.004008 
[988]	train-rmse:0.410948+0.001021	test-rmse:0.410931+0.004008 
[989]	train-rmse:0.410943+0.001022	test-rmse:0.410926+0.004007 
[990]	train-rmse:0.410937+0.001023	test-rmse:0.410920+0.004006 
[991]	train-rmse:0.410929+0.001023	test-rmse:0.410912+0.004006 
[992]	train-rmse:0.410924+0.001022	test-rmse:0.410908+0.004007 
[993]	train-rmse:0.410920+0.001019	test-rmse:0.410903+0.004010 
[994]	train-rmse:0.410912+0.001019	test-rmse:0.410895+0.004010 
[995]	train-rmse:0.410906+0.001021	test-rmse:0.410889+0.004008 
[996]	train-rmse:0.410900+0.001022	test-rmse:0.410883+0.004007 
[997]	train-rmse:0.410895+0.001022	test-rmse:0.410878+0.004007 
[998]	train-rmse:0.410889+0.001024	test-rmse:0.410872+0.004005 
[999]	train-rmse:0.410884+0.001024	test-rmse:0.410867+0.004005 
[1000]	train-rmse:0.410881+0.001023	test-rmse:0.410864+0.004006 
[1001]	train-rmse:0.410878+0.001020	test-rmse:0.410861+0.004009 
[1002]	train-rmse:0.410870+0.001020	test-rmse:0.410853+0.004009 
[1003]	train-rmse:0.410863+0.001017	test-rmse:0.410847+0.004012 
[1004]	train-rmse:0.410857+0.001018	test-rmse:0.410841+0.004010 
[1005]	train-rmse:0.410850+0.001018	test-rmse:0.410833+0.004011 
[1006]	train-rmse:0.410843+0.001019	test-rmse:0.410827+0.004010 
[1007]	train-rmse:0.410835+0.001019	test-rmse:0.410819+0.004010 
[1008]	train-rmse:0.410831+0.001022	test-rmse:0.410814+0.004007 
[1009]	train-rmse:0.410824+0.001023	test-rmse:0.410808+0.004006 
[1010]	train-rmse:0.410816+0.001023	test-rmse:0.410800+0.004006 
[1011]	train-rmse:0.410808+0.001023	test-rmse:0.410792+0.004006 
[1012]	train-rmse:0.410801+0.001023	test-rmse:0.410784+0.004006 
[1013]	train-rmse:0.410796+0.001024	test-rmse:0.410780+0.004005 
[1014]	train-rmse:0.410790+0.001024	test-rmse:0.410774+0.004005 
[1015]	train-rmse:0.410782+0.001023	test-rmse:0.410766+0.004005 
[1016]	train-rmse:0.410774+0.001023	test-rmse:0.410759+0.004005 
[1017]	train-rmse:0.410770+0.001025	test-rmse:0.410754+0.004004 
> hgrid <-
+   dplyr::bind_cols(xgboost_params[index, ], dart.cv$evaluation_log[dart.cv$best_iteration, ], best_iter = dart.cv$best_iteration)
> 
> # write result
> fname <- file.path('data-raw', 'tune', year, 'array', paste0('tune_', index, '.tsv'))
> readr::write_tsv(hgrid, file = fname)
> 
