> 
> # parse arguments
> args <- R.utils::commandArgs(trailingOnly = FALSE, asValues = TRUE)
> index <- as.integer(args$index)
> year <- as.character(args$year)
> nreps <- as.integer(args$nreps)
> seed <- as.integer(args$seed)
> 
> # get number of cores
> wkrs <- length(future::availableWorkers())
> 
> # set seed
> set.seed(seed)
> 
> # read and prepare the cluster features
> fp <- file.path('data-raw', 'features', year)
> clf <-
+   read_features(fp, pattern = 'paris.', recursive = FALSE)
> clf <- prepare_features(
+   clf,
+   feature_map = feature_map,
+   category = c('response', 'bio', 'net'),
+   type = 'list',
+   exclusions = c(
+     'mg2_pairs_count',
+     'mg2_not_pairs_count',
+     'mg2_portion_families_recovered',
+     'cluster_origin',
+     'bocc_origin',
+     'cluster_method',
+     'subcluster_method',
+     'year',
+     'IDs',
+     'go_sig_threshold',
+     'num_new_edges_on_any_node',
+     'HPO_ratio'
+   ),
+   verbose = TRUE
+ )
c('HPO_ratio', 'IDs', 'bocc_origin', 'cluster_method', 'cluster_origin', 'go_sig_threshold', 'max_norm_cell_type_comma_sep_string', 'max_norm_disease_comma_sep_string', 'mg2_not_pairs_count', 'mg2_pairs_count', 'mg2_portion_families_recovered', 'num_new_edges_on_any_node', 'sig_go_enrichment_fdr_corrected_p_vals', 'sig_go_enrichment_p_vals', 'sig_go_enrichment_terms', 'subcluster_method', 'year')

> 
> # prepare grid of parameters
> xgboost_params <- dials::parameters(
+   nrounds = dials::trees(),
+   eta = dials::learn_rate(),
+   gamma = dials::loss_reduction(),
+   dials::tree_depth(),
+   subsample = dials::sample_prop(),
+   rate_drop = dials::dropout(),
+   skip_drop = dials::dropout()
+ )
> xgboost_params <-
+   dials::grid_max_entropy(xgboost_params, size = nreps)
> 
> # tune the dart booster
> dart.param <-
+   list(
+     booster = "dart",
+     objective = "reg:logistic",
+     eval_metric = "rmse",
+     nthread = wkrs,
+     max_depth = xgboost_params$tree_depth[index],
+     eta = xgboost_params$eta[index],
+     gamma = xgboost_params$gamma[index],
+     subsample = xgboost_params$subsample[index],
+     rate_drop = xgboost_params$rate_drop[index],
+     skip_drop = xgboost_params$skip_drop[index]
+   )
> dart.cv <- xgboost::xgb.cv(
+   params = dart.param,
+   nrounds = xgboost_params$nrounds[index],
+   data = as.matrix(clf[, -1]),
+   nfold = 5,
+   label = clf$snowballing_pvalue,
+   early_stopping_rounds = 50
+ )
[1]	train-rmse:0.417713+0.001019	test-rmse:0.417692+0.004059 
Multiple eval metrics are present. Will use test_rmse for early stopping.
Will train until test_rmse hasn't improved in 50 rounds.

[2]	train-rmse:0.417713+0.001019	test-rmse:0.417692+0.004059 
[3]	train-rmse:0.417713+0.001019	test-rmse:0.417692+0.004059 
[4]	train-rmse:0.417713+0.001019	test-rmse:0.417692+0.004059 
[5]	train-rmse:0.417713+0.001019	test-rmse:0.417692+0.004059 
[6]	train-rmse:0.417713+0.001019	test-rmse:0.417692+0.004059 
[7]	train-rmse:0.417713+0.001019	test-rmse:0.417692+0.004059 
[8]	train-rmse:0.417713+0.001019	test-rmse:0.417692+0.004059 
[9]	train-rmse:0.417713+0.001019	test-rmse:0.417692+0.004059 
[10]	train-rmse:0.417713+0.001019	test-rmse:0.417692+0.004059 
[11]	train-rmse:0.417713+0.001019	test-rmse:0.417692+0.004059 
[12]	train-rmse:0.417713+0.001019	test-rmse:0.417692+0.004059 
[13]	train-rmse:0.417713+0.001019	test-rmse:0.417692+0.004059 
[14]	train-rmse:0.417713+0.001019	test-rmse:0.417692+0.004059 
[15]	train-rmse:0.417713+0.001019	test-rmse:0.417692+0.004059 
[16]	train-rmse:0.417713+0.001019	test-rmse:0.417692+0.004059 
[17]	train-rmse:0.417713+0.001019	test-rmse:0.417692+0.004059 
[18]	train-rmse:0.417713+0.001019	test-rmse:0.417692+0.004059 
[19]	train-rmse:0.417713+0.001019	test-rmse:0.417692+0.004059 
[20]	train-rmse:0.417713+0.001019	test-rmse:0.417692+0.004059 
[21]	train-rmse:0.417713+0.001019	test-rmse:0.417692+0.004059 
[22]	train-rmse:0.417713+0.001019	test-rmse:0.417692+0.004059 
[23]	train-rmse:0.417713+0.001019	test-rmse:0.417692+0.004059 
[24]	train-rmse:0.417713+0.001019	test-rmse:0.417692+0.004059 
[25]	train-rmse:0.417713+0.001019	test-rmse:0.417692+0.004059 
[26]	train-rmse:0.417713+0.001019	test-rmse:0.417692+0.004059 
[27]	train-rmse:0.417713+0.001019	test-rmse:0.417692+0.004059 
[28]	train-rmse:0.417713+0.001019	test-rmse:0.417692+0.004059 
[29]	train-rmse:0.417713+0.001019	test-rmse:0.417692+0.004059 
[30]	train-rmse:0.417713+0.001019	test-rmse:0.417692+0.004059 
[31]	train-rmse:0.417713+0.001019	test-rmse:0.417692+0.004059 
[32]	train-rmse:0.417713+0.001019	test-rmse:0.417692+0.004059 
[33]	train-rmse:0.417713+0.001019	test-rmse:0.417692+0.004059 
[34]	train-rmse:0.417713+0.001019	test-rmse:0.417692+0.004059 
[35]	train-rmse:0.417713+0.001019	test-rmse:0.417692+0.004059 
[36]	train-rmse:0.417713+0.001019	test-rmse:0.417692+0.004059 
[37]	train-rmse:0.417713+0.001019	test-rmse:0.417692+0.004059 
[38]	train-rmse:0.417713+0.001019	test-rmse:0.417692+0.004059 
[39]	train-rmse:0.417713+0.001019	test-rmse:0.417692+0.004059 
[40]	train-rmse:0.417713+0.001019	test-rmse:0.417692+0.004059 
[41]	train-rmse:0.417713+0.001019	test-rmse:0.417692+0.004059 
[42]	train-rmse:0.417713+0.001019	test-rmse:0.417692+0.004059 
[43]	train-rmse:0.417713+0.001019	test-rmse:0.417692+0.004059 
[44]	train-rmse:0.417713+0.001019	test-rmse:0.417692+0.004059 
[45]	train-rmse:0.417713+0.001019	test-rmse:0.417692+0.004059 
[46]	train-rmse:0.417713+0.001019	test-rmse:0.417692+0.004059 
[47]	train-rmse:0.417713+0.001019	test-rmse:0.417692+0.004059 
[48]	train-rmse:0.417713+0.001019	test-rmse:0.417692+0.004059 
[49]	train-rmse:0.417713+0.001019	test-rmse:0.417692+0.004059 
[50]	train-rmse:0.417713+0.001019	test-rmse:0.417692+0.004059 
[51]	train-rmse:0.417713+0.001019	test-rmse:0.417692+0.004059 
[52]	train-rmse:0.417713+0.001019	test-rmse:0.417692+0.004059 
[53]	train-rmse:0.417713+0.001019	test-rmse:0.417692+0.004059 
[54]	train-rmse:0.417713+0.001019	test-rmse:0.417692+0.004059 
[55]	train-rmse:0.417713+0.001019	test-rmse:0.417692+0.004059 
[56]	train-rmse:0.417713+0.001019	test-rmse:0.417692+0.004059 
[57]	train-rmse:0.417713+0.001019	test-rmse:0.417692+0.004059 
[58]	train-rmse:0.417713+0.001019	test-rmse:0.417692+0.004059 
[59]	train-rmse:0.417713+0.001019	test-rmse:0.417692+0.004059 
[60]	train-rmse:0.417713+0.001019	test-rmse:0.417692+0.004059 
[61]	train-rmse:0.417713+0.001019	test-rmse:0.417692+0.004059 
[62]	train-rmse:0.417713+0.001019	test-rmse:0.417692+0.004059 
[63]	train-rmse:0.417713+0.001019	test-rmse:0.417692+0.004059 
[64]	train-rmse:0.417713+0.001019	test-rmse:0.417692+0.004059 
[65]	train-rmse:0.417713+0.001019	test-rmse:0.417692+0.004059 
[66]	train-rmse:0.417713+0.001019	test-rmse:0.417692+0.004059 
[67]	train-rmse:0.417713+0.001019	test-rmse:0.417692+0.004059 
[68]	train-rmse:0.417713+0.001019	test-rmse:0.417692+0.004059 
[69]	train-rmse:0.417713+0.001019	test-rmse:0.417692+0.004059 
[70]	train-rmse:0.417713+0.001019	test-rmse:0.417692+0.004059 
[71]	train-rmse:0.417713+0.001019	test-rmse:0.417692+0.004059 
[72]	train-rmse:0.417713+0.001019	test-rmse:0.417692+0.004059 
[73]	train-rmse:0.417713+0.001019	test-rmse:0.417692+0.004059 
[74]	train-rmse:0.417713+0.001019	test-rmse:0.417692+0.004059 
[75]	train-rmse:0.417713+0.001019	test-rmse:0.417692+0.004059 
[76]	train-rmse:0.417713+0.001019	test-rmse:0.417692+0.004059 
[77]	train-rmse:0.417713+0.001019	test-rmse:0.417692+0.004059 
[78]	train-rmse:0.417713+0.001019	test-rmse:0.417692+0.004059 
[79]	train-rmse:0.417713+0.001019	test-rmse:0.417692+0.004059 
[80]	train-rmse:0.417713+0.001019	test-rmse:0.417692+0.004059 
[81]	train-rmse:0.417713+0.001019	test-rmse:0.417692+0.004059 
[82]	train-rmse:0.417713+0.001019	test-rmse:0.417692+0.004059 
[83]	train-rmse:0.417713+0.001019	test-rmse:0.417692+0.004059 
[84]	train-rmse:0.417713+0.001019	test-rmse:0.417692+0.004059 
[85]	train-rmse:0.417713+0.001019	test-rmse:0.417692+0.004059 
[86]	train-rmse:0.417713+0.001019	test-rmse:0.417692+0.004059 
[87]	train-rmse:0.417713+0.001019	test-rmse:0.417692+0.004059 
[88]	train-rmse:0.417713+0.001019	test-rmse:0.417692+0.004059 
[89]	train-rmse:0.417713+0.001019	test-rmse:0.417692+0.004059 
[90]	train-rmse:0.417713+0.001019	test-rmse:0.417692+0.004059 
[91]	train-rmse:0.417713+0.001019	test-rmse:0.417692+0.004059 
[92]	train-rmse:0.417713+0.001019	test-rmse:0.417692+0.004059 
[93]	train-rmse:0.417713+0.001019	test-rmse:0.417692+0.004059 
[94]	train-rmse:0.417713+0.001019	test-rmse:0.417692+0.004059 
[95]	train-rmse:0.417713+0.001019	test-rmse:0.417692+0.004059 
[96]	train-rmse:0.417713+0.001019	test-rmse:0.417692+0.004059 
[97]	train-rmse:0.417713+0.001019	test-rmse:0.417692+0.004059 
[98]	train-rmse:0.417713+0.001019	test-rmse:0.417692+0.004059 
[99]	train-rmse:0.417713+0.001019	test-rmse:0.417692+0.004059 
[100]	train-rmse:0.417713+0.001019	test-rmse:0.417692+0.004059 
[101]	train-rmse:0.417713+0.001019	test-rmse:0.417692+0.004059 
[102]	train-rmse:0.417713+0.001019	test-rmse:0.417692+0.004059 
[103]	train-rmse:0.417713+0.001019	test-rmse:0.417692+0.004059 
[104]	train-rmse:0.417713+0.001019	test-rmse:0.417692+0.004059 
[105]	train-rmse:0.417713+0.001019	test-rmse:0.417692+0.004059 
[106]	train-rmse:0.417713+0.001019	test-rmse:0.417692+0.004059 
[107]	train-rmse:0.417713+0.001019	test-rmse:0.417692+0.004059 
[108]	train-rmse:0.417713+0.001019	test-rmse:0.417692+0.004059 
[109]	train-rmse:0.417713+0.001019	test-rmse:0.417692+0.004059 
[110]	train-rmse:0.417713+0.001019	test-rmse:0.417692+0.004059 
[111]	train-rmse:0.417713+0.001019	test-rmse:0.417692+0.004059 
[112]	train-rmse:0.417713+0.001019	test-rmse:0.417692+0.004059 
[113]	train-rmse:0.417713+0.001019	test-rmse:0.417692+0.004059 
[114]	train-rmse:0.417713+0.001019	test-rmse:0.417692+0.004059 
[115]	train-rmse:0.417713+0.001019	test-rmse:0.417692+0.004059 
[116]	train-rmse:0.417713+0.001019	test-rmse:0.417692+0.004059 
[117]	train-rmse:0.417713+0.001019	test-rmse:0.417692+0.004059 
[118]	train-rmse:0.417713+0.001019	test-rmse:0.417692+0.004059 
[119]	train-rmse:0.417713+0.001019	test-rmse:0.417692+0.004059 
[120]	train-rmse:0.417713+0.001019	test-rmse:0.417692+0.004059 
[121]	train-rmse:0.417713+0.001019	test-rmse:0.417692+0.004059 
[122]	train-rmse:0.417713+0.001019	test-rmse:0.417692+0.004059 
[123]	train-rmse:0.417713+0.001019	test-rmse:0.417692+0.004059 
[124]	train-rmse:0.417713+0.001019	test-rmse:0.417692+0.004059 
[125]	train-rmse:0.417713+0.001019	test-rmse:0.417692+0.004059 
[126]	train-rmse:0.417713+0.001019	test-rmse:0.417692+0.004059 
[127]	train-rmse:0.417713+0.001019	test-rmse:0.417692+0.004059 
[128]	train-rmse:0.417713+0.001019	test-rmse:0.417692+0.004059 
[129]	train-rmse:0.417713+0.001019	test-rmse:0.417692+0.004059 
[130]	train-rmse:0.417713+0.001019	test-rmse:0.417692+0.004059 
[131]	train-rmse:0.417713+0.001019	test-rmse:0.417692+0.004059 
[132]	train-rmse:0.417713+0.001019	test-rmse:0.417692+0.004059 
[133]	train-rmse:0.417713+0.001019	test-rmse:0.417692+0.004059 
[134]	train-rmse:0.417713+0.001019	test-rmse:0.417692+0.004059 
[135]	train-rmse:0.417713+0.001019	test-rmse:0.417692+0.004059 
[136]	train-rmse:0.417713+0.001019	test-rmse:0.417692+0.004059 
[137]	train-rmse:0.417713+0.001019	test-rmse:0.417692+0.004059 
[138]	train-rmse:0.417713+0.001019	test-rmse:0.417692+0.004059 
[139]	train-rmse:0.417713+0.001019	test-rmse:0.417692+0.004059 
[140]	train-rmse:0.417713+0.001019	test-rmse:0.417692+0.004059 
[141]	train-rmse:0.417713+0.001019	test-rmse:0.417692+0.004059 
[142]	train-rmse:0.417713+0.001019	test-rmse:0.417692+0.004059 
[143]	train-rmse:0.417713+0.001019	test-rmse:0.417692+0.004059 
[144]	train-rmse:0.417713+0.001019	test-rmse:0.417692+0.004059 
[145]	train-rmse:0.417713+0.001019	test-rmse:0.417692+0.004059 
[146]	train-rmse:0.417713+0.001019	test-rmse:0.417692+0.004059 
[147]	train-rmse:0.417713+0.001019	test-rmse:0.417692+0.004059 
[148]	train-rmse:0.417713+0.001019	test-rmse:0.417692+0.004059 
[149]	train-rmse:0.417713+0.001019	test-rmse:0.417692+0.004059 
[150]	train-rmse:0.417713+0.001019	test-rmse:0.417692+0.004059 
[151]	train-rmse:0.417713+0.001019	test-rmse:0.417692+0.004059 
[152]	train-rmse:0.417713+0.001019	test-rmse:0.417692+0.004059 
[153]	train-rmse:0.417713+0.001019	test-rmse:0.417692+0.004059 
[154]	train-rmse:0.417713+0.001019	test-rmse:0.417692+0.004059 
[155]	train-rmse:0.417713+0.001019	test-rmse:0.417692+0.004059 
[156]	train-rmse:0.417713+0.001019	test-rmse:0.417692+0.004059 
[157]	train-rmse:0.417713+0.001019	test-rmse:0.417692+0.004059 
[158]	train-rmse:0.417713+0.001019	test-rmse:0.417692+0.004059 
[159]	train-rmse:0.417713+0.001019	test-rmse:0.417692+0.004059 
[160]	train-rmse:0.417713+0.001019	test-rmse:0.417692+0.004059 
[161]	train-rmse:0.417713+0.001019	test-rmse:0.417692+0.004059 
[162]	train-rmse:0.417713+0.001019	test-rmse:0.417692+0.004059 
[163]	train-rmse:0.417713+0.001019	test-rmse:0.417692+0.004059 
[164]	train-rmse:0.417713+0.001019	test-rmse:0.417692+0.004059 
[165]	train-rmse:0.417713+0.001019	test-rmse:0.417692+0.004059 
[166]	train-rmse:0.417713+0.001019	test-rmse:0.417692+0.004059 
[167]	train-rmse:0.417713+0.001019	test-rmse:0.417692+0.004059 
[168]	train-rmse:0.417713+0.001019	test-rmse:0.417692+0.004059 
[169]	train-rmse:0.417713+0.001019	test-rmse:0.417692+0.004059 
[170]	train-rmse:0.417713+0.001019	test-rmse:0.417692+0.004059 
[171]	train-rmse:0.417713+0.001019	test-rmse:0.417692+0.004059 
[172]	train-rmse:0.417713+0.001019	test-rmse:0.417692+0.004059 
[173]	train-rmse:0.417713+0.001019	test-rmse:0.417692+0.004059 
[174]	train-rmse:0.417713+0.001019	test-rmse:0.417692+0.004059 
[175]	train-rmse:0.417713+0.001019	test-rmse:0.417692+0.004059 
[176]	train-rmse:0.417713+0.001019	test-rmse:0.417692+0.004059 
[177]	train-rmse:0.417713+0.001019	test-rmse:0.417692+0.004059 
[178]	train-rmse:0.417713+0.001019	test-rmse:0.417692+0.004059 
[179]	train-rmse:0.417713+0.001019	test-rmse:0.417692+0.004059 
[180]	train-rmse:0.417713+0.001019	test-rmse:0.417692+0.004059 
[181]	train-rmse:0.417713+0.001019	test-rmse:0.417692+0.004059 
[182]	train-rmse:0.417713+0.001019	test-rmse:0.417692+0.004059 
[183]	train-rmse:0.417713+0.001019	test-rmse:0.417692+0.004059 
[184]	train-rmse:0.417713+0.001019	test-rmse:0.417692+0.004059 
[185]	train-rmse:0.417713+0.001019	test-rmse:0.417692+0.004059 
[186]	train-rmse:0.417713+0.001019	test-rmse:0.417692+0.004059 
[187]	train-rmse:0.417713+0.001019	test-rmse:0.417692+0.004059 
[188]	train-rmse:0.417713+0.001019	test-rmse:0.417692+0.004059 
[189]	train-rmse:0.417713+0.001019	test-rmse:0.417692+0.004059 
[190]	train-rmse:0.417713+0.001019	test-rmse:0.417692+0.004059 
[191]	train-rmse:0.417713+0.001019	test-rmse:0.417692+0.004059 
[192]	train-rmse:0.417713+0.001019	test-rmse:0.417692+0.004059 
[193]	train-rmse:0.417713+0.001019	test-rmse:0.417692+0.004059 
[194]	train-rmse:0.417713+0.001019	test-rmse:0.417692+0.004059 
[195]	train-rmse:0.417713+0.001019	test-rmse:0.417692+0.004059 
[196]	train-rmse:0.417713+0.001019	test-rmse:0.417692+0.004059 
[197]	train-rmse:0.417713+0.001019	test-rmse:0.417692+0.004059 
[198]	train-rmse:0.417713+0.001019	test-rmse:0.417692+0.004059 
[199]	train-rmse:0.417713+0.001019	test-rmse:0.417692+0.004059 
[200]	train-rmse:0.417713+0.001019	test-rmse:0.417692+0.004059 
[201]	train-rmse:0.417713+0.001019	test-rmse:0.417692+0.004059 
[202]	train-rmse:0.417713+0.001019	test-rmse:0.417692+0.004059 
[203]	train-rmse:0.417713+0.001019	test-rmse:0.417692+0.004059 
[204]	train-rmse:0.417713+0.001019	test-rmse:0.417692+0.004059 
[205]	train-rmse:0.417713+0.001019	test-rmse:0.417692+0.004059 
[206]	train-rmse:0.417713+0.001019	test-rmse:0.417692+0.004059 
[207]	train-rmse:0.417713+0.001019	test-rmse:0.417692+0.004059 
[208]	train-rmse:0.417713+0.001019	test-rmse:0.417692+0.004059 
[209]	train-rmse:0.417713+0.001019	test-rmse:0.417692+0.004059 
[210]	train-rmse:0.417713+0.001019	test-rmse:0.417692+0.004059 
[211]	train-rmse:0.417713+0.001019	test-rmse:0.417692+0.004059 
[212]	train-rmse:0.417713+0.001019	test-rmse:0.417692+0.004059 
[213]	train-rmse:0.417713+0.001019	test-rmse:0.417692+0.004059 
[214]	train-rmse:0.417713+0.001019	test-rmse:0.417692+0.004059 
[215]	train-rmse:0.417713+0.001019	test-rmse:0.417692+0.004059 
[216]	train-rmse:0.417713+0.001019	test-rmse:0.417692+0.004059 
[217]	train-rmse:0.417713+0.001019	test-rmse:0.417692+0.004059 
[218]	train-rmse:0.417713+0.001019	test-rmse:0.417692+0.004059 
[219]	train-rmse:0.417713+0.001019	test-rmse:0.417692+0.004059 
[220]	train-rmse:0.417713+0.001019	test-rmse:0.417692+0.004059 
[221]	train-rmse:0.417713+0.001019	test-rmse:0.417692+0.004059 
[222]	train-rmse:0.417713+0.001019	test-rmse:0.417692+0.004059 
[223]	train-rmse:0.417713+0.001019	test-rmse:0.417692+0.004059 
[224]	train-rmse:0.417713+0.001019	test-rmse:0.417691+0.004059 
[225]	train-rmse:0.417713+0.001019	test-rmse:0.417691+0.004059 
[226]	train-rmse:0.417713+0.001019	test-rmse:0.417691+0.004059 
[227]	train-rmse:0.417713+0.001019	test-rmse:0.417691+0.004059 
[228]	train-rmse:0.417713+0.001019	test-rmse:0.417691+0.004059 
[229]	train-rmse:0.417713+0.001019	test-rmse:0.417691+0.004059 
[230]	train-rmse:0.417713+0.001019	test-rmse:0.417691+0.004059 
[231]	train-rmse:0.417713+0.001019	test-rmse:0.417691+0.004059 
[232]	train-rmse:0.417713+0.001019	test-rmse:0.417691+0.004059 
[233]	train-rmse:0.417713+0.001019	test-rmse:0.417691+0.004059 
[234]	train-rmse:0.417713+0.001019	test-rmse:0.417691+0.004059 
[235]	train-rmse:0.417713+0.001019	test-rmse:0.417691+0.004059 
[236]	train-rmse:0.417713+0.001019	test-rmse:0.417691+0.004059 
[237]	train-rmse:0.417713+0.001019	test-rmse:0.417691+0.004059 
[238]	train-rmse:0.417713+0.001019	test-rmse:0.417691+0.004059 
[239]	train-rmse:0.417713+0.001019	test-rmse:0.417691+0.004059 
[240]	train-rmse:0.417713+0.001019	test-rmse:0.417691+0.004059 
[241]	train-rmse:0.417713+0.001019	test-rmse:0.417691+0.004059 
[242]	train-rmse:0.417713+0.001019	test-rmse:0.417691+0.004059 
[243]	train-rmse:0.417713+0.001019	test-rmse:0.417691+0.004059 
[244]	train-rmse:0.417713+0.001019	test-rmse:0.417691+0.004059 
[245]	train-rmse:0.417713+0.001019	test-rmse:0.417691+0.004059 
[246]	train-rmse:0.417713+0.001019	test-rmse:0.417691+0.004059 
[247]	train-rmse:0.417713+0.001019	test-rmse:0.417691+0.004059 
[248]	train-rmse:0.417713+0.001019	test-rmse:0.417691+0.004059 
[249]	train-rmse:0.417713+0.001019	test-rmse:0.417691+0.004059 
[250]	train-rmse:0.417713+0.001019	test-rmse:0.417691+0.004059 
[251]	train-rmse:0.417713+0.001019	test-rmse:0.417691+0.004059 
[252]	train-rmse:0.417713+0.001019	test-rmse:0.417691+0.004059 
[253]	train-rmse:0.417713+0.001019	test-rmse:0.417691+0.004059 
[254]	train-rmse:0.417713+0.001019	test-rmse:0.417691+0.004059 
[255]	train-rmse:0.417713+0.001019	test-rmse:0.417691+0.004059 
[256]	train-rmse:0.417713+0.001019	test-rmse:0.417691+0.004059 
[257]	train-rmse:0.417713+0.001019	test-rmse:0.417691+0.004059 
[258]	train-rmse:0.417713+0.001019	test-rmse:0.417691+0.004059 
[259]	train-rmse:0.417713+0.001019	test-rmse:0.417691+0.004059 
[260]	train-rmse:0.417713+0.001019	test-rmse:0.417691+0.004059 
[261]	train-rmse:0.417713+0.001019	test-rmse:0.417691+0.004059 
[262]	train-rmse:0.417713+0.001019	test-rmse:0.417691+0.004059 
[263]	train-rmse:0.417713+0.001019	test-rmse:0.417691+0.004059 
[264]	train-rmse:0.417713+0.001019	test-rmse:0.417691+0.004059 
[265]	train-rmse:0.417713+0.001019	test-rmse:0.417691+0.004059 
[266]	train-rmse:0.417713+0.001019	test-rmse:0.417691+0.004059 
[267]	train-rmse:0.417713+0.001019	test-rmse:0.417691+0.004059 
[268]	train-rmse:0.417713+0.001019	test-rmse:0.417691+0.004059 
[269]	train-rmse:0.417713+0.001019	test-rmse:0.417691+0.004059 
[270]	train-rmse:0.417713+0.001019	test-rmse:0.417691+0.004059 
[271]	train-rmse:0.417713+0.001019	test-rmse:0.417691+0.004059 
[272]	train-rmse:0.417713+0.001019	test-rmse:0.417691+0.004059 
[273]	train-rmse:0.417713+0.001019	test-rmse:0.417691+0.004059 
[274]	train-rmse:0.417713+0.001019	test-rmse:0.417691+0.004059 
[275]	train-rmse:0.417713+0.001019	test-rmse:0.417691+0.004059 
[276]	train-rmse:0.417713+0.001019	test-rmse:0.417691+0.004059 
[277]	train-rmse:0.417713+0.001019	test-rmse:0.417691+0.004059 
[278]	train-rmse:0.417713+0.001019	test-rmse:0.417691+0.004059 
[279]	train-rmse:0.417713+0.001019	test-rmse:0.417691+0.004059 
[280]	train-rmse:0.417713+0.001019	test-rmse:0.417691+0.004059 
[281]	train-rmse:0.417713+0.001019	test-rmse:0.417691+0.004059 
[282]	train-rmse:0.417713+0.001019	test-rmse:0.417691+0.004059 
[283]	train-rmse:0.417713+0.001019	test-rmse:0.417691+0.004059 
[284]	train-rmse:0.417713+0.001019	test-rmse:0.417691+0.004059 
[285]	train-rmse:0.417713+0.001019	test-rmse:0.417691+0.004059 
[286]	train-rmse:0.417713+0.001019	test-rmse:0.417691+0.004059 
[287]	train-rmse:0.417713+0.001019	test-rmse:0.417691+0.004059 
[288]	train-rmse:0.417713+0.001019	test-rmse:0.417691+0.004059 
[289]	train-rmse:0.417713+0.001019	test-rmse:0.417691+0.004059 
[290]	train-rmse:0.417713+0.001019	test-rmse:0.417691+0.004059 
[291]	train-rmse:0.417713+0.001019	test-rmse:0.417691+0.004059 
[292]	train-rmse:0.417713+0.001019	test-rmse:0.417691+0.004059 
[293]	train-rmse:0.417713+0.001019	test-rmse:0.417691+0.004059 
[294]	train-rmse:0.417713+0.001019	test-rmse:0.417691+0.004059 
[295]	train-rmse:0.417713+0.001019	test-rmse:0.417691+0.004059 
[296]	train-rmse:0.417713+0.001019	test-rmse:0.417691+0.004059 
[297]	train-rmse:0.417713+0.001019	test-rmse:0.417691+0.004059 
[298]	train-rmse:0.417713+0.001019	test-rmse:0.417691+0.004059 
[299]	train-rmse:0.417713+0.001019	test-rmse:0.417691+0.004059 
[300]	train-rmse:0.417713+0.001019	test-rmse:0.417691+0.004059 
[301]	train-rmse:0.417713+0.001019	test-rmse:0.417691+0.004059 
[302]	train-rmse:0.417713+0.001019	test-rmse:0.417691+0.004059 
[303]	train-rmse:0.417713+0.001019	test-rmse:0.417691+0.004059 
[304]	train-rmse:0.417713+0.001019	test-rmse:0.417691+0.004059 
[305]	train-rmse:0.417713+0.001019	test-rmse:0.417691+0.004059 
[306]	train-rmse:0.417713+0.001019	test-rmse:0.417691+0.004059 
[307]	train-rmse:0.417713+0.001019	test-rmse:0.417691+0.004059 
[308]	train-rmse:0.417713+0.001019	test-rmse:0.417691+0.004059 
[309]	train-rmse:0.417713+0.001019	test-rmse:0.417691+0.004059 
[310]	train-rmse:0.417713+0.001019	test-rmse:0.417691+0.004059 
[311]	train-rmse:0.417713+0.001019	test-rmse:0.417691+0.004059 
[312]	train-rmse:0.417713+0.001019	test-rmse:0.417691+0.004059 
[313]	train-rmse:0.417713+0.001019	test-rmse:0.417691+0.004059 
[314]	train-rmse:0.417713+0.001019	test-rmse:0.417691+0.004059 
[315]	train-rmse:0.417713+0.001019	test-rmse:0.417691+0.004059 
[316]	train-rmse:0.417713+0.001019	test-rmse:0.417691+0.004059 
[317]	train-rmse:0.417713+0.001019	test-rmse:0.417691+0.004059 
[318]	train-rmse:0.417713+0.001019	test-rmse:0.417691+0.004059 
[319]	train-rmse:0.417713+0.001019	test-rmse:0.417691+0.004059 
[320]	train-rmse:0.417713+0.001019	test-rmse:0.417691+0.004059 
[321]	train-rmse:0.417713+0.001019	test-rmse:0.417691+0.004059 
[322]	train-rmse:0.417713+0.001019	test-rmse:0.417691+0.004059 
[323]	train-rmse:0.417713+0.001019	test-rmse:0.417691+0.004059 
[324]	train-rmse:0.417713+0.001019	test-rmse:0.417691+0.004059 
[325]	train-rmse:0.417713+0.001019	test-rmse:0.417691+0.004059 
[326]	train-rmse:0.417713+0.001019	test-rmse:0.417691+0.004059 
[327]	train-rmse:0.417713+0.001019	test-rmse:0.417691+0.004059 
[328]	train-rmse:0.417713+0.001019	test-rmse:0.417691+0.004059 
[329]	train-rmse:0.417713+0.001019	test-rmse:0.417691+0.004059 
[330]	train-rmse:0.417713+0.001019	test-rmse:0.417691+0.004059 
[331]	train-rmse:0.417713+0.001019	test-rmse:0.417691+0.004059 
[332]	train-rmse:0.417713+0.001019	test-rmse:0.417691+0.004059 
[333]	train-rmse:0.417713+0.001019	test-rmse:0.417691+0.004059 
[334]	train-rmse:0.417713+0.001019	test-rmse:0.417691+0.004059 
[335]	train-rmse:0.417713+0.001019	test-rmse:0.417691+0.004059 
[336]	train-rmse:0.417713+0.001019	test-rmse:0.417691+0.004059 
[337]	train-rmse:0.417713+0.001019	test-rmse:0.417691+0.004059 
[338]	train-rmse:0.417713+0.001019	test-rmse:0.417691+0.004059 
[339]	train-rmse:0.417713+0.001019	test-rmse:0.417691+0.004059 
[340]	train-rmse:0.417713+0.001019	test-rmse:0.417691+0.004059 
[341]	train-rmse:0.417713+0.001019	test-rmse:0.417691+0.004059 
[342]	train-rmse:0.417713+0.001019	test-rmse:0.417691+0.004059 
[343]	train-rmse:0.417713+0.001019	test-rmse:0.417691+0.004059 
[344]	train-rmse:0.417713+0.001019	test-rmse:0.417691+0.004059 
[345]	train-rmse:0.417713+0.001019	test-rmse:0.417691+0.004059 
[346]	train-rmse:0.417713+0.001019	test-rmse:0.417691+0.004059 
[347]	train-rmse:0.417713+0.001019	test-rmse:0.417691+0.004059 
[348]	train-rmse:0.417713+0.001019	test-rmse:0.417691+0.004059 
[349]	train-rmse:0.417713+0.001019	test-rmse:0.417691+0.004059 
[350]	train-rmse:0.417713+0.001019	test-rmse:0.417691+0.004059 
[351]	train-rmse:0.417713+0.001019	test-rmse:0.417691+0.004059 
[352]	train-rmse:0.417713+0.001019	test-rmse:0.417691+0.004059 
[353]	train-rmse:0.417713+0.001019	test-rmse:0.417691+0.004059 
[354]	train-rmse:0.417713+0.001019	test-rmse:0.417691+0.004059 
[355]	train-rmse:0.417713+0.001019	test-rmse:0.417691+0.004059 
[356]	train-rmse:0.417713+0.001019	test-rmse:0.417691+0.004059 
[357]	train-rmse:0.417713+0.001019	test-rmse:0.417691+0.004059 
[358]	train-rmse:0.417713+0.001019	test-rmse:0.417691+0.004059 
[359]	train-rmse:0.417713+0.001019	test-rmse:0.417691+0.004059 
[360]	train-rmse:0.417713+0.001019	test-rmse:0.417691+0.004059 
[361]	train-rmse:0.417713+0.001019	test-rmse:0.417691+0.004059 
[362]	train-rmse:0.417713+0.001019	test-rmse:0.417691+0.004059 
[363]	train-rmse:0.417713+0.001019	test-rmse:0.417691+0.004059 
[364]	train-rmse:0.417713+0.001019	test-rmse:0.417691+0.004059 
[365]	train-rmse:0.417713+0.001019	test-rmse:0.417691+0.004059 
[366]	train-rmse:0.417713+0.001019	test-rmse:0.417691+0.004059 
[367]	train-rmse:0.417713+0.001019	test-rmse:0.417691+0.004059 
[368]	train-rmse:0.417713+0.001019	test-rmse:0.417691+0.004059 
[369]	train-rmse:0.417713+0.001019	test-rmse:0.417691+0.004059 
[370]	train-rmse:0.417713+0.001019	test-rmse:0.417691+0.004059 
[371]	train-rmse:0.417713+0.001019	test-rmse:0.417691+0.004059 
[372]	train-rmse:0.417713+0.001019	test-rmse:0.417691+0.004059 
[373]	train-rmse:0.417713+0.001019	test-rmse:0.417691+0.004059 
[374]	train-rmse:0.417713+0.001019	test-rmse:0.417691+0.004059 
[375]	train-rmse:0.417713+0.001019	test-rmse:0.417691+0.004059 
[376]	train-rmse:0.417713+0.001019	test-rmse:0.417691+0.004059 
[377]	train-rmse:0.417713+0.001019	test-rmse:0.417691+0.004059 
[378]	train-rmse:0.417713+0.001019	test-rmse:0.417691+0.004059 
[379]	train-rmse:0.417713+0.001019	test-rmse:0.417691+0.004059 
[380]	train-rmse:0.417713+0.001019	test-rmse:0.417691+0.004059 
[381]	train-rmse:0.417713+0.001019	test-rmse:0.417691+0.004059 
[382]	train-rmse:0.417713+0.001019	test-rmse:0.417691+0.004059 
[383]	train-rmse:0.417713+0.001019	test-rmse:0.417691+0.004059 
[384]	train-rmse:0.417713+0.001019	test-rmse:0.417691+0.004059 
[385]	train-rmse:0.417713+0.001019	test-rmse:0.417691+0.004059 
[386]	train-rmse:0.417713+0.001019	test-rmse:0.417691+0.004059 
[387]	train-rmse:0.417713+0.001019	test-rmse:0.417691+0.004059 
[388]	train-rmse:0.417713+0.001019	test-rmse:0.417691+0.004059 
[389]	train-rmse:0.417713+0.001019	test-rmse:0.417691+0.004059 
[390]	train-rmse:0.417713+0.001019	test-rmse:0.417691+0.004059 
[391]	train-rmse:0.417713+0.001019	test-rmse:0.417691+0.004059 
[392]	train-rmse:0.417713+0.001019	test-rmse:0.417691+0.004059 
[393]	train-rmse:0.417713+0.001019	test-rmse:0.417691+0.004059 
[394]	train-rmse:0.417713+0.001019	test-rmse:0.417691+0.004059 
[395]	train-rmse:0.417713+0.001019	test-rmse:0.417691+0.004059 
[396]	train-rmse:0.417713+0.001019	test-rmse:0.417691+0.004059 
[397]	train-rmse:0.417713+0.001019	test-rmse:0.417691+0.004059 
[398]	train-rmse:0.417713+0.001019	test-rmse:0.417691+0.004059 
[399]	train-rmse:0.417713+0.001019	test-rmse:0.417691+0.004059 
[400]	train-rmse:0.417713+0.001019	test-rmse:0.417691+0.004059 
[401]	train-rmse:0.417713+0.001019	test-rmse:0.417691+0.004059 
[402]	train-rmse:0.417713+0.001019	test-rmse:0.417691+0.004059 
[403]	train-rmse:0.417713+0.001019	test-rmse:0.417691+0.004059 
[404]	train-rmse:0.417713+0.001019	test-rmse:0.417691+0.004059 
[405]	train-rmse:0.417713+0.001019	test-rmse:0.417691+0.004059 
[406]	train-rmse:0.417713+0.001019	test-rmse:0.417691+0.004059 
[407]	train-rmse:0.417713+0.001019	test-rmse:0.417691+0.004059 
[408]	train-rmse:0.417713+0.001019	test-rmse:0.417691+0.004059 
[409]	train-rmse:0.417713+0.001019	test-rmse:0.417691+0.004059 
[410]	train-rmse:0.417713+0.001019	test-rmse:0.417691+0.004059 
[411]	train-rmse:0.417713+0.001019	test-rmse:0.417691+0.004059 
[412]	train-rmse:0.417713+0.001019	test-rmse:0.417691+0.004059 
[413]	train-rmse:0.417713+0.001019	test-rmse:0.417691+0.004059 
[414]	train-rmse:0.417713+0.001019	test-rmse:0.417691+0.004059 
[415]	train-rmse:0.417713+0.001019	test-rmse:0.417691+0.004059 
[416]	train-rmse:0.417713+0.001019	test-rmse:0.417691+0.004059 
[417]	train-rmse:0.417713+0.001019	test-rmse:0.417691+0.004059 
[418]	train-rmse:0.417713+0.001019	test-rmse:0.417691+0.004059 
[419]	train-rmse:0.417713+0.001019	test-rmse:0.417691+0.004059 
[420]	train-rmse:0.417713+0.001019	test-rmse:0.417691+0.004059 
[421]	train-rmse:0.417713+0.001019	test-rmse:0.417691+0.004059 
[422]	train-rmse:0.417713+0.001019	test-rmse:0.417691+0.004059 
[423]	train-rmse:0.417713+0.001019	test-rmse:0.417691+0.004059 
[424]	train-rmse:0.417713+0.001019	test-rmse:0.417691+0.004059 
[425]	train-rmse:0.417713+0.001019	test-rmse:0.417691+0.004059 
[426]	train-rmse:0.417713+0.001019	test-rmse:0.417691+0.004059 
[427]	train-rmse:0.417713+0.001019	test-rmse:0.417691+0.004059 
[428]	train-rmse:0.417713+0.001019	test-rmse:0.417691+0.004059 
[429]	train-rmse:0.417713+0.001019	test-rmse:0.417691+0.004059 
[430]	train-rmse:0.417713+0.001019	test-rmse:0.417691+0.004059 
[431]	train-rmse:0.417713+0.001019	test-rmse:0.417691+0.004059 
[432]	train-rmse:0.417713+0.001019	test-rmse:0.417691+0.004059 
[433]	train-rmse:0.417713+0.001019	test-rmse:0.417691+0.004059 
[434]	train-rmse:0.417713+0.001019	test-rmse:0.417691+0.004059 
[435]	train-rmse:0.417713+0.001019	test-rmse:0.417691+0.004059 
[436]	train-rmse:0.417713+0.001019	test-rmse:0.417691+0.004059 
[437]	train-rmse:0.417713+0.001019	test-rmse:0.417691+0.004059 
[438]	train-rmse:0.417713+0.001019	test-rmse:0.417691+0.004059 
[439]	train-rmse:0.417713+0.001019	test-rmse:0.417691+0.004059 
[440]	train-rmse:0.417713+0.001019	test-rmse:0.417691+0.004059 
[441]	train-rmse:0.417713+0.001019	test-rmse:0.417691+0.004059 
[442]	train-rmse:0.417713+0.001019	test-rmse:0.417691+0.004059 
[443]	train-rmse:0.417713+0.001019	test-rmse:0.417691+0.004059 
[444]	train-rmse:0.417713+0.001019	test-rmse:0.417691+0.004059 
[445]	train-rmse:0.417713+0.001019	test-rmse:0.417691+0.004059 
[446]	train-rmse:0.417713+0.001019	test-rmse:0.417691+0.004059 
[447]	train-rmse:0.417713+0.001019	test-rmse:0.417691+0.004059 
[448]	train-rmse:0.417713+0.001019	test-rmse:0.417691+0.004059 
[449]	train-rmse:0.417713+0.001019	test-rmse:0.417691+0.004059 
[450]	train-rmse:0.417713+0.001019	test-rmse:0.417691+0.004059 
[451]	train-rmse:0.417713+0.001019	test-rmse:0.417691+0.004059 
[452]	train-rmse:0.417713+0.001019	test-rmse:0.417691+0.004059 
[453]	train-rmse:0.417713+0.001019	test-rmse:0.417691+0.004059 
[454]	train-rmse:0.417713+0.001019	test-rmse:0.417691+0.004059 
[455]	train-rmse:0.417713+0.001019	test-rmse:0.417691+0.004059 
[456]	train-rmse:0.417713+0.001019	test-rmse:0.417691+0.004059 
[457]	train-rmse:0.417713+0.001019	test-rmse:0.417691+0.004059 
[458]	train-rmse:0.417713+0.001019	test-rmse:0.417691+0.004059 
[459]	train-rmse:0.417713+0.001019	test-rmse:0.417691+0.004059 
[460]	train-rmse:0.417713+0.001019	test-rmse:0.417691+0.004059 
[461]	train-rmse:0.417713+0.001019	test-rmse:0.417691+0.004059 
[462]	train-rmse:0.417713+0.001019	test-rmse:0.417691+0.004059 
[463]	train-rmse:0.417713+0.001019	test-rmse:0.417691+0.004059 
[464]	train-rmse:0.417713+0.001019	test-rmse:0.417691+0.004059 
[465]	train-rmse:0.417713+0.001019	test-rmse:0.417691+0.004059 
[466]	train-rmse:0.417713+0.001019	test-rmse:0.417691+0.004059 
[467]	train-rmse:0.417713+0.001019	test-rmse:0.417691+0.004059 
[468]	train-rmse:0.417713+0.001019	test-rmse:0.417691+0.004059 
[469]	train-rmse:0.417713+0.001019	test-rmse:0.417691+0.004059 
[470]	train-rmse:0.417713+0.001019	test-rmse:0.417691+0.004059 
[471]	train-rmse:0.417713+0.001019	test-rmse:0.417691+0.004059 
[472]	train-rmse:0.417713+0.001019	test-rmse:0.417691+0.004059 
[473]	train-rmse:0.417713+0.001019	test-rmse:0.417691+0.004059 
[474]	train-rmse:0.417713+0.001019	test-rmse:0.417691+0.004059 
[475]	train-rmse:0.417713+0.001019	test-rmse:0.417691+0.004059 
[476]	train-rmse:0.417713+0.001019	test-rmse:0.417691+0.004059 
[477]	train-rmse:0.417713+0.001019	test-rmse:0.417691+0.004059 
[478]	train-rmse:0.417713+0.001019	test-rmse:0.417691+0.004059 
[479]	train-rmse:0.417713+0.001019	test-rmse:0.417691+0.004059 
[480]	train-rmse:0.417713+0.001019	test-rmse:0.417691+0.004059 
[481]	train-rmse:0.417713+0.001019	test-rmse:0.417691+0.004059 
[482]	train-rmse:0.417713+0.001019	test-rmse:0.417691+0.004059 
[483]	train-rmse:0.417713+0.001019	test-rmse:0.417691+0.004059 
[484]	train-rmse:0.417713+0.001019	test-rmse:0.417691+0.004059 
[485]	train-rmse:0.417713+0.001019	test-rmse:0.417691+0.004059 
[486]	train-rmse:0.417713+0.001019	test-rmse:0.417691+0.004059 
[487]	train-rmse:0.417713+0.001019	test-rmse:0.417691+0.004059 
[488]	train-rmse:0.417713+0.001019	test-rmse:0.417691+0.004059 
[489]	train-rmse:0.417713+0.001019	test-rmse:0.417691+0.004059 
[490]	train-rmse:0.417713+0.001019	test-rmse:0.417691+0.004059 
[491]	train-rmse:0.417713+0.001019	test-rmse:0.417691+0.004059 
[492]	train-rmse:0.417713+0.001019	test-rmse:0.417691+0.004059 
[493]	train-rmse:0.417713+0.001019	test-rmse:0.417691+0.004059 
[494]	train-rmse:0.417713+0.001019	test-rmse:0.417691+0.004059 
[495]	train-rmse:0.417713+0.001019	test-rmse:0.417691+0.004059 
[496]	train-rmse:0.417713+0.001019	test-rmse:0.417691+0.004059 
[497]	train-rmse:0.417713+0.001019	test-rmse:0.417691+0.004059 
[498]	train-rmse:0.417713+0.001019	test-rmse:0.417691+0.004059 
[499]	train-rmse:0.417713+0.001019	test-rmse:0.417691+0.004059 
[500]	train-rmse:0.417713+0.001019	test-rmse:0.417691+0.004059 
[501]	train-rmse:0.417713+0.001019	test-rmse:0.417691+0.004059 
[502]	train-rmse:0.417713+0.001019	test-rmse:0.417691+0.004059 
[503]	train-rmse:0.417713+0.001019	test-rmse:0.417691+0.004059 
[504]	train-rmse:0.417713+0.001019	test-rmse:0.417691+0.004059 
[505]	train-rmse:0.417713+0.001019	test-rmse:0.417691+0.004059 
[506]	train-rmse:0.417713+0.001019	test-rmse:0.417691+0.004059 
[507]	train-rmse:0.417713+0.001019	test-rmse:0.417691+0.004059 
[508]	train-rmse:0.417713+0.001019	test-rmse:0.417691+0.004059 
[509]	train-rmse:0.417713+0.001019	test-rmse:0.417691+0.004059 
[510]	train-rmse:0.417713+0.001019	test-rmse:0.417691+0.004059 
[511]	train-rmse:0.417713+0.001019	test-rmse:0.417691+0.004059 
[512]	train-rmse:0.417713+0.001019	test-rmse:0.417691+0.004059 
[513]	train-rmse:0.417713+0.001019	test-rmse:0.417691+0.004059 
[514]	train-rmse:0.417713+0.001019	test-rmse:0.417691+0.004059 
[515]	train-rmse:0.417713+0.001019	test-rmse:0.417691+0.004059 
[516]	train-rmse:0.417713+0.001019	test-rmse:0.417691+0.004059 
[517]	train-rmse:0.417713+0.001019	test-rmse:0.417691+0.004059 
[518]	train-rmse:0.417713+0.001019	test-rmse:0.417691+0.004059 
[519]	train-rmse:0.417713+0.001019	test-rmse:0.417691+0.004059 
[520]	train-rmse:0.417713+0.001019	test-rmse:0.417691+0.004059 
[521]	train-rmse:0.417713+0.001019	test-rmse:0.417691+0.004059 
[522]	train-rmse:0.417713+0.001019	test-rmse:0.417691+0.004059 
[523]	train-rmse:0.417713+0.001019	test-rmse:0.417691+0.004059 
[524]	train-rmse:0.417713+0.001019	test-rmse:0.417691+0.004059 
[525]	train-rmse:0.417713+0.001019	test-rmse:0.417691+0.004059 
[526]	train-rmse:0.417713+0.001019	test-rmse:0.417691+0.004059 
[527]	train-rmse:0.417713+0.001019	test-rmse:0.417691+0.004059 
[528]	train-rmse:0.417713+0.001019	test-rmse:0.417691+0.004059 
[529]	train-rmse:0.417713+0.001019	test-rmse:0.417691+0.004059 
[530]	train-rmse:0.417713+0.001019	test-rmse:0.417691+0.004059 
[531]	train-rmse:0.417713+0.001019	test-rmse:0.417691+0.004059 
[532]	train-rmse:0.417713+0.001019	test-rmse:0.417691+0.004059 
[533]	train-rmse:0.417713+0.001019	test-rmse:0.417691+0.004059 
[534]	train-rmse:0.417713+0.001019	test-rmse:0.417691+0.004059 
[535]	train-rmse:0.417713+0.001019	test-rmse:0.417691+0.004059 
[536]	train-rmse:0.417713+0.001019	test-rmse:0.417691+0.004059 
[537]	train-rmse:0.417713+0.001019	test-rmse:0.417691+0.004059 
[538]	train-rmse:0.417713+0.001019	test-rmse:0.417691+0.004059 
[539]	train-rmse:0.417713+0.001019	test-rmse:0.417691+0.004059 
[540]	train-rmse:0.417713+0.001019	test-rmse:0.417691+0.004059 
[541]	train-rmse:0.417713+0.001019	test-rmse:0.417691+0.004059 
[542]	train-rmse:0.417713+0.001019	test-rmse:0.417691+0.004059 
[543]	train-rmse:0.417713+0.001019	test-rmse:0.417691+0.004059 
[544]	train-rmse:0.417713+0.001019	test-rmse:0.417691+0.004059 
[545]	train-rmse:0.417713+0.001019	test-rmse:0.417691+0.004059 
[546]	train-rmse:0.417713+0.001019	test-rmse:0.417691+0.004059 
[547]	train-rmse:0.417713+0.001019	test-rmse:0.417691+0.004059 
[548]	train-rmse:0.417713+0.001019	test-rmse:0.417691+0.004059 
[549]	train-rmse:0.417713+0.001019	test-rmse:0.417691+0.004059 
[550]	train-rmse:0.417713+0.001019	test-rmse:0.417691+0.004059 
[551]	train-rmse:0.417713+0.001019	test-rmse:0.417691+0.004059 
[552]	train-rmse:0.417713+0.001019	test-rmse:0.417691+0.004059 
[553]	train-rmse:0.417713+0.001019	test-rmse:0.417691+0.004059 
[554]	train-rmse:0.417713+0.001019	test-rmse:0.417691+0.004059 
[555]	train-rmse:0.417713+0.001019	test-rmse:0.417691+0.004059 
[556]	train-rmse:0.417713+0.001019	test-rmse:0.417691+0.004059 
[557]	train-rmse:0.417713+0.001019	test-rmse:0.417691+0.004059 
[558]	train-rmse:0.417713+0.001019	test-rmse:0.417691+0.004059 
[559]	train-rmse:0.417713+0.001019	test-rmse:0.417691+0.004059 
[560]	train-rmse:0.417713+0.001019	test-rmse:0.417691+0.004059 
[561]	train-rmse:0.417713+0.001019	test-rmse:0.417691+0.004059 
[562]	train-rmse:0.417713+0.001019	test-rmse:0.417691+0.004059 
[563]	train-rmse:0.417713+0.001019	test-rmse:0.417691+0.004059 
[564]	train-rmse:0.417713+0.001019	test-rmse:0.417691+0.004059 
[565]	train-rmse:0.417713+0.001019	test-rmse:0.417691+0.004059 
[566]	train-rmse:0.417713+0.001019	test-rmse:0.417691+0.004059 
[567]	train-rmse:0.417713+0.001019	test-rmse:0.417691+0.004059 
[568]	train-rmse:0.417713+0.001019	test-rmse:0.417691+0.004059 
[569]	train-rmse:0.417713+0.001019	test-rmse:0.417691+0.004059 
[570]	train-rmse:0.417713+0.001019	test-rmse:0.417691+0.004059 
[571]	train-rmse:0.417713+0.001019	test-rmse:0.417691+0.004059 
[572]	train-rmse:0.417713+0.001019	test-rmse:0.417691+0.004059 
[573]	train-rmse:0.417713+0.001019	test-rmse:0.417691+0.004059 
[574]	train-rmse:0.417713+0.001019	test-rmse:0.417691+0.004059 
[575]	train-rmse:0.417713+0.001019	test-rmse:0.417691+0.004059 
[576]	train-rmse:0.417713+0.001019	test-rmse:0.417691+0.004059 
[577]	train-rmse:0.417713+0.001019	test-rmse:0.417691+0.004059 
[578]	train-rmse:0.417713+0.001019	test-rmse:0.417691+0.004059 
[579]	train-rmse:0.417713+0.001019	test-rmse:0.417691+0.004059 
[580]	train-rmse:0.417713+0.001019	test-rmse:0.417691+0.004059 
[581]	train-rmse:0.417713+0.001019	test-rmse:0.417691+0.004059 
[582]	train-rmse:0.417713+0.001019	test-rmse:0.417691+0.004059 
[583]	train-rmse:0.417713+0.001019	test-rmse:0.417691+0.004059 
[584]	train-rmse:0.417713+0.001019	test-rmse:0.417691+0.004059 
[585]	train-rmse:0.417713+0.001019	test-rmse:0.417691+0.004059 
[586]	train-rmse:0.417713+0.001019	test-rmse:0.417691+0.004059 
[587]	train-rmse:0.417713+0.001019	test-rmse:0.417691+0.004059 
[588]	train-rmse:0.417713+0.001019	test-rmse:0.417691+0.004059 
[589]	train-rmse:0.417713+0.001019	test-rmse:0.417691+0.004059 
[590]	train-rmse:0.417713+0.001019	test-rmse:0.417691+0.004059 
[591]	train-rmse:0.417713+0.001019	test-rmse:0.417691+0.004059 
[592]	train-rmse:0.417713+0.001019	test-rmse:0.417691+0.004059 
[593]	train-rmse:0.417713+0.001019	test-rmse:0.417691+0.004059 
[594]	train-rmse:0.417713+0.001019	test-rmse:0.417691+0.004059 
[595]	train-rmse:0.417713+0.001019	test-rmse:0.417691+0.004059 
[596]	train-rmse:0.417713+0.001019	test-rmse:0.417691+0.004059 
[597]	train-rmse:0.417713+0.001019	test-rmse:0.417691+0.004059 
[598]	train-rmse:0.417713+0.001019	test-rmse:0.417691+0.004059 
[599]	train-rmse:0.417713+0.001019	test-rmse:0.417691+0.004059 
[600]	train-rmse:0.417713+0.001019	test-rmse:0.417691+0.004059 
[601]	train-rmse:0.417713+0.001019	test-rmse:0.417691+0.004059 
[602]	train-rmse:0.417713+0.001019	test-rmse:0.417691+0.004059 
[603]	train-rmse:0.417713+0.001019	test-rmse:0.417691+0.004059 
[604]	train-rmse:0.417713+0.001019	test-rmse:0.417691+0.004059 
[605]	train-rmse:0.417713+0.001019	test-rmse:0.417691+0.004059 
[606]	train-rmse:0.417713+0.001019	test-rmse:0.417691+0.004059 
[607]	train-rmse:0.417713+0.001019	test-rmse:0.417691+0.004059 
[608]	train-rmse:0.417713+0.001019	test-rmse:0.417691+0.004059 
[609]	train-rmse:0.417713+0.001019	test-rmse:0.417691+0.004059 
[610]	train-rmse:0.417713+0.001019	test-rmse:0.417691+0.004059 
[611]	train-rmse:0.417713+0.001019	test-rmse:0.417691+0.004059 
[612]	train-rmse:0.417713+0.001019	test-rmse:0.417691+0.004059 
[613]	train-rmse:0.417713+0.001019	test-rmse:0.417691+0.004059 
[614]	train-rmse:0.417713+0.001019	test-rmse:0.417691+0.004059 
[615]	train-rmse:0.417713+0.001019	test-rmse:0.417691+0.004059 
[616]	train-rmse:0.417713+0.001019	test-rmse:0.417691+0.004059 
[617]	train-rmse:0.417713+0.001019	test-rmse:0.417691+0.004059 
[618]	train-rmse:0.417713+0.001019	test-rmse:0.417691+0.004059 
[619]	train-rmse:0.417713+0.001019	test-rmse:0.417691+0.004059 
[620]	train-rmse:0.417713+0.001019	test-rmse:0.417691+0.004059 
[621]	train-rmse:0.417713+0.001019	test-rmse:0.417691+0.004059 
[622]	train-rmse:0.417713+0.001019	test-rmse:0.417691+0.004059 
[623]	train-rmse:0.417713+0.001019	test-rmse:0.417691+0.004059 
[624]	train-rmse:0.417713+0.001019	test-rmse:0.417691+0.004059 
[625]	train-rmse:0.417713+0.001019	test-rmse:0.417691+0.004059 
[626]	train-rmse:0.417713+0.001019	test-rmse:0.417691+0.004059 
[627]	train-rmse:0.417713+0.001019	test-rmse:0.417691+0.004059 
[628]	train-rmse:0.417713+0.001019	test-rmse:0.417691+0.004059 
[629]	train-rmse:0.417713+0.001019	test-rmse:0.417691+0.004059 
[630]	train-rmse:0.417713+0.001019	test-rmse:0.417691+0.004059 
[631]	train-rmse:0.417713+0.001019	test-rmse:0.417691+0.004059 
[632]	train-rmse:0.417713+0.001019	test-rmse:0.417691+0.004059 
[633]	train-rmse:0.417713+0.001019	test-rmse:0.417691+0.004059 
[634]	train-rmse:0.417713+0.001019	test-rmse:0.417691+0.004059 
[635]	train-rmse:0.417713+0.001019	test-rmse:0.417691+0.004059 
[636]	train-rmse:0.417713+0.001019	test-rmse:0.417691+0.004059 
[637]	train-rmse:0.417713+0.001019	test-rmse:0.417691+0.004059 
[638]	train-rmse:0.417713+0.001019	test-rmse:0.417691+0.004059 
[639]	train-rmse:0.417713+0.001019	test-rmse:0.417691+0.004059 
[640]	train-rmse:0.417713+0.001019	test-rmse:0.417691+0.004059 
[641]	train-rmse:0.417713+0.001019	test-rmse:0.417691+0.004059 
[642]	train-rmse:0.417713+0.001019	test-rmse:0.417691+0.004059 
[643]	train-rmse:0.417713+0.001019	test-rmse:0.417691+0.004059 
[644]	train-rmse:0.417713+0.001019	test-rmse:0.417691+0.004059 
[645]	train-rmse:0.417713+0.001019	test-rmse:0.417691+0.004059 
[646]	train-rmse:0.417713+0.001019	test-rmse:0.417691+0.004059 
[647]	train-rmse:0.417713+0.001019	test-rmse:0.417691+0.004059 
[648]	train-rmse:0.417713+0.001019	test-rmse:0.417691+0.004059 
[649]	train-rmse:0.417713+0.001019	test-rmse:0.417691+0.004059 
[650]	train-rmse:0.417713+0.001019	test-rmse:0.417691+0.004059 
[651]	train-rmse:0.417713+0.001019	test-rmse:0.417691+0.004059 
[652]	train-rmse:0.417713+0.001019	test-rmse:0.417691+0.004059 
[653]	train-rmse:0.417713+0.001019	test-rmse:0.417691+0.004059 
[654]	train-rmse:0.417713+0.001019	test-rmse:0.417691+0.004059 
[655]	train-rmse:0.417713+0.001019	test-rmse:0.417691+0.004059 
[656]	train-rmse:0.417713+0.001019	test-rmse:0.417691+0.004059 
[657]	train-rmse:0.417713+0.001019	test-rmse:0.417691+0.004059 
[658]	train-rmse:0.417713+0.001019	test-rmse:0.417691+0.004059 
[659]	train-rmse:0.417713+0.001019	test-rmse:0.417691+0.004059 
[660]	train-rmse:0.417713+0.001019	test-rmse:0.417691+0.004059 
[661]	train-rmse:0.417713+0.001019	test-rmse:0.417691+0.004059 
[662]	train-rmse:0.417713+0.001019	test-rmse:0.417691+0.004059 
[663]	train-rmse:0.417713+0.001019	test-rmse:0.417691+0.004059 
[664]	train-rmse:0.417713+0.001019	test-rmse:0.417691+0.004059 
[665]	train-rmse:0.417713+0.001019	test-rmse:0.417691+0.004059 
[666]	train-rmse:0.417713+0.001019	test-rmse:0.417691+0.004059 
[667]	train-rmse:0.417713+0.001019	test-rmse:0.417691+0.004059 
[668]	train-rmse:0.417713+0.001019	test-rmse:0.417691+0.004059 
[669]	train-rmse:0.417713+0.001019	test-rmse:0.417691+0.004059 
[670]	train-rmse:0.417713+0.001019	test-rmse:0.417691+0.004059 
[671]	train-rmse:0.417713+0.001019	test-rmse:0.417691+0.004059 
[672]	train-rmse:0.417713+0.001019	test-rmse:0.417691+0.004059 
[673]	train-rmse:0.417713+0.001019	test-rmse:0.417691+0.004059 
[674]	train-rmse:0.417713+0.001019	test-rmse:0.417691+0.004059 
[675]	train-rmse:0.417713+0.001019	test-rmse:0.417691+0.004059 
[676]	train-rmse:0.417713+0.001019	test-rmse:0.417691+0.004059 
[677]	train-rmse:0.417713+0.001019	test-rmse:0.417691+0.004059 
[678]	train-rmse:0.417713+0.001019	test-rmse:0.417691+0.004059 
[679]	train-rmse:0.417713+0.001019	test-rmse:0.417691+0.004059 
[680]	train-rmse:0.417713+0.001019	test-rmse:0.417691+0.004059 
[681]	train-rmse:0.417713+0.001019	test-rmse:0.417691+0.004059 
[682]	train-rmse:0.417713+0.001019	test-rmse:0.417691+0.004059 
[683]	train-rmse:0.417713+0.001019	test-rmse:0.417691+0.004059 
[684]	train-rmse:0.417713+0.001019	test-rmse:0.417691+0.004059 
[685]	train-rmse:0.417713+0.001019	test-rmse:0.417691+0.004059 
[686]	train-rmse:0.417713+0.001019	test-rmse:0.417691+0.004059 
[687]	train-rmse:0.417713+0.001019	test-rmse:0.417691+0.004059 
[688]	train-rmse:0.417713+0.001019	test-rmse:0.417691+0.004059 
[689]	train-rmse:0.417713+0.001019	test-rmse:0.417691+0.004059 
[690]	train-rmse:0.417713+0.001019	test-rmse:0.417691+0.004059 
[691]	train-rmse:0.417713+0.001019	test-rmse:0.417691+0.004059 
[692]	train-rmse:0.417713+0.001019	test-rmse:0.417691+0.004059 
[693]	train-rmse:0.417713+0.001019	test-rmse:0.417691+0.004059 
[694]	train-rmse:0.417713+0.001019	test-rmse:0.417691+0.004059 
[695]	train-rmse:0.417713+0.001019	test-rmse:0.417691+0.004059 
[696]	train-rmse:0.417713+0.001019	test-rmse:0.417691+0.004059 
[697]	train-rmse:0.417713+0.001019	test-rmse:0.417691+0.004059 
[698]	train-rmse:0.417713+0.001019	test-rmse:0.417691+0.004059 
[699]	train-rmse:0.417713+0.001019	test-rmse:0.417691+0.004059 
[700]	train-rmse:0.417713+0.001019	test-rmse:0.417691+0.004059 
[701]	train-rmse:0.417713+0.001019	test-rmse:0.417691+0.004059 
[702]	train-rmse:0.417713+0.001019	test-rmse:0.417691+0.004059 
[703]	train-rmse:0.417713+0.001019	test-rmse:0.417691+0.004059 
[704]	train-rmse:0.417713+0.001019	test-rmse:0.417691+0.004059 
[705]	train-rmse:0.417713+0.001019	test-rmse:0.417691+0.004059 
[706]	train-rmse:0.417713+0.001019	test-rmse:0.417691+0.004059 
[707]	train-rmse:0.417713+0.001019	test-rmse:0.417691+0.004059 
[708]	train-rmse:0.417713+0.001019	test-rmse:0.417691+0.004059 
[709]	train-rmse:0.417713+0.001019	test-rmse:0.417691+0.004059 
[710]	train-rmse:0.417713+0.001019	test-rmse:0.417691+0.004059 
[711]	train-rmse:0.417713+0.001019	test-rmse:0.417691+0.004059 
[712]	train-rmse:0.417713+0.001019	test-rmse:0.417691+0.004059 
[713]	train-rmse:0.417713+0.001019	test-rmse:0.417691+0.004059 
[714]	train-rmse:0.417713+0.001019	test-rmse:0.417691+0.004059 
[715]	train-rmse:0.417713+0.001019	test-rmse:0.417691+0.004059 
[716]	train-rmse:0.417713+0.001019	test-rmse:0.417691+0.004059 
[717]	train-rmse:0.417713+0.001019	test-rmse:0.417691+0.004059 
[718]	train-rmse:0.417713+0.001019	test-rmse:0.417691+0.004059 
[719]	train-rmse:0.417713+0.001019	test-rmse:0.417691+0.004059 
[720]	train-rmse:0.417713+0.001019	test-rmse:0.417691+0.004059 
[721]	train-rmse:0.417713+0.001019	test-rmse:0.417691+0.004059 
[722]	train-rmse:0.417713+0.001019	test-rmse:0.417691+0.004059 
[723]	train-rmse:0.417713+0.001019	test-rmse:0.417691+0.004059 
[724]	train-rmse:0.417713+0.001019	test-rmse:0.417691+0.004059 
[725]	train-rmse:0.417713+0.001019	test-rmse:0.417691+0.004059 
[726]	train-rmse:0.417713+0.001019	test-rmse:0.417691+0.004059 
[727]	train-rmse:0.417713+0.001019	test-rmse:0.417691+0.004059 
[728]	train-rmse:0.417713+0.001019	test-rmse:0.417691+0.004059 
[729]	train-rmse:0.417713+0.001019	test-rmse:0.417691+0.004059 
[730]	train-rmse:0.417713+0.001019	test-rmse:0.417691+0.004059 
[731]	train-rmse:0.417713+0.001019	test-rmse:0.417691+0.004059 
[732]	train-rmse:0.417713+0.001019	test-rmse:0.417691+0.004059 
[733]	train-rmse:0.417713+0.001019	test-rmse:0.417691+0.004059 
[734]	train-rmse:0.417713+0.001019	test-rmse:0.417691+0.004059 
[735]	train-rmse:0.417713+0.001019	test-rmse:0.417691+0.004059 
[736]	train-rmse:0.417713+0.001019	test-rmse:0.417691+0.004059 
[737]	train-rmse:0.417713+0.001019	test-rmse:0.417691+0.004059 
[738]	train-rmse:0.417713+0.001019	test-rmse:0.417691+0.004059 
[739]	train-rmse:0.417713+0.001019	test-rmse:0.417691+0.004059 
[740]	train-rmse:0.417713+0.001019	test-rmse:0.417691+0.004059 
[741]	train-rmse:0.417713+0.001019	test-rmse:0.417691+0.004059 
[742]	train-rmse:0.417713+0.001019	test-rmse:0.417691+0.004059 
[743]	train-rmse:0.417713+0.001019	test-rmse:0.417691+0.004059 
[744]	train-rmse:0.417713+0.001019	test-rmse:0.417691+0.004059 
[745]	train-rmse:0.417713+0.001019	test-rmse:0.417691+0.004059 
[746]	train-rmse:0.417713+0.001019	test-rmse:0.417691+0.004059 
[747]	train-rmse:0.417713+0.001019	test-rmse:0.417691+0.004059 
[748]	train-rmse:0.417713+0.001019	test-rmse:0.417691+0.004059 
[749]	train-rmse:0.417713+0.001019	test-rmse:0.417691+0.004059 
[750]	train-rmse:0.417713+0.001019	test-rmse:0.417691+0.004059 
[751]	train-rmse:0.417713+0.001019	test-rmse:0.417691+0.004059 
[752]	train-rmse:0.417713+0.001019	test-rmse:0.417691+0.004059 
[753]	train-rmse:0.417713+0.001019	test-rmse:0.417691+0.004059 
[754]	train-rmse:0.417713+0.001019	test-rmse:0.417691+0.004059 
[755]	train-rmse:0.417713+0.001019	test-rmse:0.417691+0.004059 
[756]	train-rmse:0.417713+0.001019	test-rmse:0.417691+0.004059 
[757]	train-rmse:0.417713+0.001019	test-rmse:0.417691+0.004059 
[758]	train-rmse:0.417713+0.001019	test-rmse:0.417691+0.004059 
[759]	train-rmse:0.417713+0.001019	test-rmse:0.417691+0.004059 
[760]	train-rmse:0.417713+0.001019	test-rmse:0.417691+0.004059 
[761]	train-rmse:0.417713+0.001019	test-rmse:0.417691+0.004059 
[762]	train-rmse:0.417713+0.001019	test-rmse:0.417691+0.004059 
[763]	train-rmse:0.417713+0.001019	test-rmse:0.417691+0.004059 
[764]	train-rmse:0.417713+0.001019	test-rmse:0.417691+0.004059 
[765]	train-rmse:0.417713+0.001019	test-rmse:0.417691+0.004059 
[766]	train-rmse:0.417713+0.001019	test-rmse:0.417691+0.004059 
[767]	train-rmse:0.417713+0.001019	test-rmse:0.417691+0.004059 
[768]	train-rmse:0.417713+0.001019	test-rmse:0.417691+0.004059 
[769]	train-rmse:0.417713+0.001019	test-rmse:0.417691+0.004059 
[770]	train-rmse:0.417713+0.001019	test-rmse:0.417691+0.004059 
[771]	train-rmse:0.417713+0.001019	test-rmse:0.417691+0.004059 
[772]	train-rmse:0.417713+0.001019	test-rmse:0.417691+0.004059 
[773]	train-rmse:0.417713+0.001019	test-rmse:0.417691+0.004059 
[774]	train-rmse:0.417713+0.001019	test-rmse:0.417691+0.004059 
[775]	train-rmse:0.417713+0.001019	test-rmse:0.417691+0.004059 
[776]	train-rmse:0.417713+0.001019	test-rmse:0.417691+0.004059 
[777]	train-rmse:0.417713+0.001019	test-rmse:0.417691+0.004059 
[778]	train-rmse:0.417713+0.001019	test-rmse:0.417691+0.004059 
[779]	train-rmse:0.417713+0.001019	test-rmse:0.417691+0.004059 
[780]	train-rmse:0.417713+0.001019	test-rmse:0.417691+0.004059 
[781]	train-rmse:0.417713+0.001019	test-rmse:0.417691+0.004059 
[782]	train-rmse:0.417713+0.001019	test-rmse:0.417691+0.004059 
[783]	train-rmse:0.417713+0.001019	test-rmse:0.417691+0.004059 
[784]	train-rmse:0.417713+0.001019	test-rmse:0.417691+0.004059 
[785]	train-rmse:0.417713+0.001019	test-rmse:0.417691+0.004059 
[786]	train-rmse:0.417713+0.001019	test-rmse:0.417691+0.004059 
[787]	train-rmse:0.417713+0.001019	test-rmse:0.417691+0.004059 
[788]	train-rmse:0.417713+0.001019	test-rmse:0.417691+0.004059 
[789]	train-rmse:0.417713+0.001019	test-rmse:0.417691+0.004059 
[790]	train-rmse:0.417713+0.001019	test-rmse:0.417691+0.004059 
[791]	train-rmse:0.417713+0.001019	test-rmse:0.417691+0.004059 
[792]	train-rmse:0.417713+0.001019	test-rmse:0.417691+0.004059 
[793]	train-rmse:0.417713+0.001019	test-rmse:0.417691+0.004059 
[794]	train-rmse:0.417713+0.001019	test-rmse:0.417691+0.004059 
[795]	train-rmse:0.417713+0.001019	test-rmse:0.417691+0.004059 
[796]	train-rmse:0.417713+0.001019	test-rmse:0.417691+0.004059 
[797]	train-rmse:0.417713+0.001019	test-rmse:0.417691+0.004059 
[798]	train-rmse:0.417713+0.001019	test-rmse:0.417691+0.004059 
[799]	train-rmse:0.417713+0.001019	test-rmse:0.417691+0.004059 
[800]	train-rmse:0.417713+0.001019	test-rmse:0.417691+0.004059 
[801]	train-rmse:0.417713+0.001019	test-rmse:0.417691+0.004059 
[802]	train-rmse:0.417713+0.001019	test-rmse:0.417691+0.004059 
[803]	train-rmse:0.417713+0.001019	test-rmse:0.417691+0.004059 
[804]	train-rmse:0.417713+0.001019	test-rmse:0.417691+0.004059 
[805]	train-rmse:0.417713+0.001019	test-rmse:0.417691+0.004059 
[806]	train-rmse:0.417713+0.001019	test-rmse:0.417691+0.004059 
[807]	train-rmse:0.417713+0.001019	test-rmse:0.417691+0.004059 
[808]	train-rmse:0.417713+0.001019	test-rmse:0.417691+0.004059 
[809]	train-rmse:0.417713+0.001019	test-rmse:0.417691+0.004059 
[810]	train-rmse:0.417713+0.001019	test-rmse:0.417691+0.004059 
[811]	train-rmse:0.417713+0.001019	test-rmse:0.417691+0.004059 
[812]	train-rmse:0.417713+0.001019	test-rmse:0.417691+0.004059 
[813]	train-rmse:0.417713+0.001019	test-rmse:0.417691+0.004059 
[814]	train-rmse:0.417713+0.001019	test-rmse:0.417691+0.004059 
[815]	train-rmse:0.417713+0.001019	test-rmse:0.417691+0.004059 
[816]	train-rmse:0.417713+0.001019	test-rmse:0.417691+0.004059 
[817]	train-rmse:0.417713+0.001019	test-rmse:0.417691+0.004059 
[818]	train-rmse:0.417713+0.001019	test-rmse:0.417691+0.004059 
[819]	train-rmse:0.417713+0.001019	test-rmse:0.417691+0.004059 
[820]	train-rmse:0.417713+0.001019	test-rmse:0.417691+0.004059 
[821]	train-rmse:0.417713+0.001019	test-rmse:0.417691+0.004059 
[822]	train-rmse:0.417713+0.001019	test-rmse:0.417691+0.004059 
[823]	train-rmse:0.417713+0.001019	test-rmse:0.417691+0.004059 
[824]	train-rmse:0.417713+0.001019	test-rmse:0.417691+0.004059 
[825]	train-rmse:0.417713+0.001019	test-rmse:0.417691+0.004059 
[826]	train-rmse:0.417713+0.001019	test-rmse:0.417691+0.004059 
[827]	train-rmse:0.417713+0.001019	test-rmse:0.417691+0.004059 
[828]	train-rmse:0.417713+0.001019	test-rmse:0.417691+0.004059 
[829]	train-rmse:0.417713+0.001019	test-rmse:0.417691+0.004059 
[830]	train-rmse:0.417713+0.001019	test-rmse:0.417691+0.004059 
[831]	train-rmse:0.417713+0.001019	test-rmse:0.417691+0.004059 
[832]	train-rmse:0.417713+0.001019	test-rmse:0.417691+0.004059 
[833]	train-rmse:0.417713+0.001019	test-rmse:0.417691+0.004059 
[834]	train-rmse:0.417713+0.001019	test-rmse:0.417691+0.004059 
[835]	train-rmse:0.417713+0.001019	test-rmse:0.417691+0.004059 
[836]	train-rmse:0.417713+0.001019	test-rmse:0.417691+0.004059 
[837]	train-rmse:0.417713+0.001019	test-rmse:0.417691+0.004059 
[838]	train-rmse:0.417713+0.001019	test-rmse:0.417691+0.004059 
[839]	train-rmse:0.417713+0.001019	test-rmse:0.417691+0.004059 
[840]	train-rmse:0.417713+0.001019	test-rmse:0.417691+0.004059 
[841]	train-rmse:0.417713+0.001019	test-rmse:0.417691+0.004059 
[842]	train-rmse:0.417713+0.001019	test-rmse:0.417691+0.004059 
[843]	train-rmse:0.417713+0.001019	test-rmse:0.417691+0.004059 
[844]	train-rmse:0.417713+0.001019	test-rmse:0.417691+0.004059 
[845]	train-rmse:0.417713+0.001019	test-rmse:0.417691+0.004059 
[846]	train-rmse:0.417713+0.001019	test-rmse:0.417691+0.004059 
[847]	train-rmse:0.417713+0.001019	test-rmse:0.417691+0.004059 
[848]	train-rmse:0.417713+0.001019	test-rmse:0.417691+0.004059 
[849]	train-rmse:0.417713+0.001019	test-rmse:0.417691+0.004059 
[850]	train-rmse:0.417713+0.001019	test-rmse:0.417691+0.004059 
[851]	train-rmse:0.417713+0.001019	test-rmse:0.417691+0.004059 
[852]	train-rmse:0.417713+0.001019	test-rmse:0.417691+0.004059 
[853]	train-rmse:0.417713+0.001019	test-rmse:0.417691+0.004059 
[854]	train-rmse:0.417713+0.001019	test-rmse:0.417691+0.004059 
[855]	train-rmse:0.417713+0.001019	test-rmse:0.417691+0.004059 
[856]	train-rmse:0.417713+0.001019	test-rmse:0.417691+0.004059 
[857]	train-rmse:0.417713+0.001019	test-rmse:0.417691+0.004059 
[858]	train-rmse:0.417713+0.001019	test-rmse:0.417691+0.004059 
[859]	train-rmse:0.417713+0.001019	test-rmse:0.417691+0.004059 
[860]	train-rmse:0.417713+0.001019	test-rmse:0.417691+0.004059 
[861]	train-rmse:0.417713+0.001019	test-rmse:0.417691+0.004059 
[862]	train-rmse:0.417713+0.001019	test-rmse:0.417691+0.004059 
[863]	train-rmse:0.417713+0.001019	test-rmse:0.417691+0.004059 
[864]	train-rmse:0.417713+0.001019	test-rmse:0.417691+0.004059 
[865]	train-rmse:0.417713+0.001019	test-rmse:0.417691+0.004059 
[866]	train-rmse:0.417713+0.001019	test-rmse:0.417691+0.004059 
[867]	train-rmse:0.417713+0.001019	test-rmse:0.417691+0.004059 
[868]	train-rmse:0.417713+0.001019	test-rmse:0.417691+0.004059 
[869]	train-rmse:0.417713+0.001019	test-rmse:0.417691+0.004059 
[870]	train-rmse:0.417713+0.001019	test-rmse:0.417691+0.004059 
[871]	train-rmse:0.417713+0.001019	test-rmse:0.417691+0.004059 
[872]	train-rmse:0.417713+0.001019	test-rmse:0.417691+0.004059 
[873]	train-rmse:0.417713+0.001019	test-rmse:0.417691+0.004059 
[874]	train-rmse:0.417713+0.001019	test-rmse:0.417691+0.004059 
[875]	train-rmse:0.417713+0.001019	test-rmse:0.417691+0.004059 
[876]	train-rmse:0.417713+0.001019	test-rmse:0.417691+0.004059 
[877]	train-rmse:0.417713+0.001019	test-rmse:0.417691+0.004059 
[878]	train-rmse:0.417713+0.001019	test-rmse:0.417691+0.004059 
[879]	train-rmse:0.417713+0.001019	test-rmse:0.417691+0.004059 
[880]	train-rmse:0.417713+0.001019	test-rmse:0.417691+0.004059 
[881]	train-rmse:0.417713+0.001019	test-rmse:0.417691+0.004059 
[882]	train-rmse:0.417713+0.001019	test-rmse:0.417691+0.004059 
[883]	train-rmse:0.417713+0.001019	test-rmse:0.417691+0.004059 
[884]	train-rmse:0.417713+0.001019	test-rmse:0.417691+0.004059 
[885]	train-rmse:0.417713+0.001019	test-rmse:0.417691+0.004059 
[886]	train-rmse:0.417713+0.001019	test-rmse:0.417691+0.004059 
[887]	train-rmse:0.417713+0.001019	test-rmse:0.417691+0.004059 
[888]	train-rmse:0.417713+0.001019	test-rmse:0.417691+0.004059 
[889]	train-rmse:0.417713+0.001019	test-rmse:0.417691+0.004059 
[890]	train-rmse:0.417713+0.001019	test-rmse:0.417691+0.004059 
[891]	train-rmse:0.417713+0.001019	test-rmse:0.417691+0.004059 
[892]	train-rmse:0.417713+0.001019	test-rmse:0.417691+0.004059 
[893]	train-rmse:0.417713+0.001019	test-rmse:0.417691+0.004059 
[894]	train-rmse:0.417713+0.001019	test-rmse:0.417691+0.004059 
[895]	train-rmse:0.417713+0.001019	test-rmse:0.417691+0.004059 
[896]	train-rmse:0.417713+0.001019	test-rmse:0.417691+0.004059 
[897]	train-rmse:0.417713+0.001019	test-rmse:0.417691+0.004059 
[898]	train-rmse:0.417713+0.001019	test-rmse:0.417691+0.004059 
[899]	train-rmse:0.417713+0.001019	test-rmse:0.417691+0.004059 
[900]	train-rmse:0.417713+0.001019	test-rmse:0.417691+0.004059 
[901]	train-rmse:0.417713+0.001019	test-rmse:0.417691+0.004059 
[902]	train-rmse:0.417713+0.001019	test-rmse:0.417691+0.004059 
[903]	train-rmse:0.417713+0.001019	test-rmse:0.417691+0.004059 
[904]	train-rmse:0.417713+0.001019	test-rmse:0.417691+0.004059 
[905]	train-rmse:0.417713+0.001019	test-rmse:0.417691+0.004059 
[906]	train-rmse:0.417713+0.001019	test-rmse:0.417691+0.004059 
[907]	train-rmse:0.417713+0.001019	test-rmse:0.417691+0.004059 
[908]	train-rmse:0.417713+0.001019	test-rmse:0.417691+0.004059 
[909]	train-rmse:0.417713+0.001019	test-rmse:0.417691+0.004059 
[910]	train-rmse:0.417713+0.001019	test-rmse:0.417691+0.004059 
[911]	train-rmse:0.417713+0.001019	test-rmse:0.417691+0.004059 
[912]	train-rmse:0.417713+0.001019	test-rmse:0.417691+0.004059 
[913]	train-rmse:0.417713+0.001019	test-rmse:0.417691+0.004059 
[914]	train-rmse:0.417713+0.001019	test-rmse:0.417691+0.004059 
[915]	train-rmse:0.417713+0.001019	test-rmse:0.417691+0.004059 
[916]	train-rmse:0.417713+0.001019	test-rmse:0.417691+0.004059 
[917]	train-rmse:0.417713+0.001019	test-rmse:0.417691+0.004059 
[918]	train-rmse:0.417713+0.001019	test-rmse:0.417691+0.004059 
[919]	train-rmse:0.417713+0.001019	test-rmse:0.417691+0.004059 
[920]	train-rmse:0.417713+0.001019	test-rmse:0.417691+0.004059 
[921]	train-rmse:0.417713+0.001019	test-rmse:0.417691+0.004059 
[922]	train-rmse:0.417713+0.001019	test-rmse:0.417691+0.004059 
[923]	train-rmse:0.417713+0.001019	test-rmse:0.417691+0.004059 
[924]	train-rmse:0.417713+0.001019	test-rmse:0.417691+0.004059 
[925]	train-rmse:0.417713+0.001019	test-rmse:0.417691+0.004059 
[926]	train-rmse:0.417713+0.001019	test-rmse:0.417691+0.004059 
[927]	train-rmse:0.417713+0.001019	test-rmse:0.417691+0.004059 
[928]	train-rmse:0.417713+0.001019	test-rmse:0.417691+0.004059 
[929]	train-rmse:0.417713+0.001019	test-rmse:0.417691+0.004059 
[930]	train-rmse:0.417713+0.001019	test-rmse:0.417691+0.004059 
[931]	train-rmse:0.417713+0.001019	test-rmse:0.417691+0.004059 
[932]	train-rmse:0.417713+0.001019	test-rmse:0.417691+0.004059 
[933]	train-rmse:0.417713+0.001019	test-rmse:0.417691+0.004059 
[934]	train-rmse:0.417713+0.001019	test-rmse:0.417691+0.004059 
[935]	train-rmse:0.417713+0.001019	test-rmse:0.417691+0.004059 
[936]	train-rmse:0.417713+0.001019	test-rmse:0.417691+0.004059 
[937]	train-rmse:0.417713+0.001019	test-rmse:0.417691+0.004059 
[938]	train-rmse:0.417713+0.001019	test-rmse:0.417691+0.004059 
[939]	train-rmse:0.417713+0.001019	test-rmse:0.417691+0.004059 
[940]	train-rmse:0.417713+0.001019	test-rmse:0.417691+0.004059 
[941]	train-rmse:0.417713+0.001019	test-rmse:0.417691+0.004059 
[942]	train-rmse:0.417713+0.001019	test-rmse:0.417691+0.004059 
[943]	train-rmse:0.417713+0.001019	test-rmse:0.417691+0.004059 
[944]	train-rmse:0.417713+0.001019	test-rmse:0.417691+0.004059 
[945]	train-rmse:0.417713+0.001019	test-rmse:0.417691+0.004059 
[946]	train-rmse:0.417713+0.001019	test-rmse:0.417691+0.004059 
[947]	train-rmse:0.417713+0.001019	test-rmse:0.417691+0.004059 
[948]	train-rmse:0.417713+0.001019	test-rmse:0.417691+0.004059 
[949]	train-rmse:0.417713+0.001019	test-rmse:0.417691+0.004059 
[950]	train-rmse:0.417713+0.001019	test-rmse:0.417691+0.004059 
[951]	train-rmse:0.417713+0.001019	test-rmse:0.417691+0.004059 
[952]	train-rmse:0.417713+0.001019	test-rmse:0.417691+0.004059 
[953]	train-rmse:0.417713+0.001019	test-rmse:0.417691+0.004059 
[954]	train-rmse:0.417713+0.001019	test-rmse:0.417691+0.004059 
[955]	train-rmse:0.417713+0.001019	test-rmse:0.417691+0.004059 
[956]	train-rmse:0.417713+0.001019	test-rmse:0.417691+0.004059 
[957]	train-rmse:0.417713+0.001019	test-rmse:0.417691+0.004059 
[958]	train-rmse:0.417713+0.001019	test-rmse:0.417691+0.004059 
[959]	train-rmse:0.417713+0.001019	test-rmse:0.417691+0.004059 
[960]	train-rmse:0.417713+0.001019	test-rmse:0.417691+0.004059 
[961]	train-rmse:0.417713+0.001019	test-rmse:0.417691+0.004059 
[962]	train-rmse:0.417713+0.001019	test-rmse:0.417691+0.004059 
[963]	train-rmse:0.417713+0.001019	test-rmse:0.417691+0.004059 
[964]	train-rmse:0.417713+0.001019	test-rmse:0.417691+0.004059 
[965]	train-rmse:0.417713+0.001019	test-rmse:0.417691+0.004059 
[966]	train-rmse:0.417713+0.001019	test-rmse:0.417691+0.004059 
[967]	train-rmse:0.417713+0.001019	test-rmse:0.417691+0.004059 
[968]	train-rmse:0.417713+0.001019	test-rmse:0.417691+0.004059 
[969]	train-rmse:0.417713+0.001019	test-rmse:0.417691+0.004059 
[970]	train-rmse:0.417713+0.001019	test-rmse:0.417691+0.004059 
[971]	train-rmse:0.417713+0.001019	test-rmse:0.417691+0.004059 
[972]	train-rmse:0.417713+0.001019	test-rmse:0.417691+0.004059 
[973]	train-rmse:0.417713+0.001019	test-rmse:0.417691+0.004059 
[974]	train-rmse:0.417713+0.001019	test-rmse:0.417691+0.004059 
[975]	train-rmse:0.417713+0.001019	test-rmse:0.417691+0.004059 
[976]	train-rmse:0.417713+0.001019	test-rmse:0.417691+0.004059 
[977]	train-rmse:0.417713+0.001019	test-rmse:0.417691+0.004059 
[978]	train-rmse:0.417713+0.001019	test-rmse:0.417691+0.004059 
[979]	train-rmse:0.417713+0.001019	test-rmse:0.417691+0.004059 
[980]	train-rmse:0.417713+0.001019	test-rmse:0.417691+0.004059 
[981]	train-rmse:0.417713+0.001019	test-rmse:0.417691+0.004059 
[982]	train-rmse:0.417713+0.001019	test-rmse:0.417691+0.004059 
[983]	train-rmse:0.417713+0.001019	test-rmse:0.417691+0.004059 
[984]	train-rmse:0.417713+0.001019	test-rmse:0.417691+0.004059 
[985]	train-rmse:0.417713+0.001019	test-rmse:0.417691+0.004059 
[986]	train-rmse:0.417713+0.001019	test-rmse:0.417691+0.004059 
[987]	train-rmse:0.417713+0.001019	test-rmse:0.417691+0.004059 
[988]	train-rmse:0.417713+0.001019	test-rmse:0.417691+0.004059 
[989]	train-rmse:0.417713+0.001019	test-rmse:0.417691+0.004059 
[990]	train-rmse:0.417713+0.001019	test-rmse:0.417691+0.004059 
[991]	train-rmse:0.417713+0.001019	test-rmse:0.417691+0.004059 
[992]	train-rmse:0.417713+0.001019	test-rmse:0.417691+0.004059 
[993]	train-rmse:0.417713+0.001019	test-rmse:0.417691+0.004059 
[994]	train-rmse:0.417713+0.001019	test-rmse:0.417691+0.004059 
[995]	train-rmse:0.417713+0.001019	test-rmse:0.417691+0.004059 
[996]	train-rmse:0.417713+0.001019	test-rmse:0.417691+0.004059 
[997]	train-rmse:0.417713+0.001019	test-rmse:0.417691+0.004059 
[998]	train-rmse:0.417713+0.001019	test-rmse:0.417691+0.004059 
[999]	train-rmse:0.417713+0.001019	test-rmse:0.417691+0.004059 
[1000]	train-rmse:0.417713+0.001019	test-rmse:0.417691+0.004059 
[1001]	train-rmse:0.417713+0.001019	test-rmse:0.417691+0.004059 
[1002]	train-rmse:0.417713+0.001019	test-rmse:0.417691+0.004059 
[1003]	train-rmse:0.417713+0.001019	test-rmse:0.417691+0.004059 
[1004]	train-rmse:0.417713+0.001019	test-rmse:0.417691+0.004059 
[1005]	train-rmse:0.417713+0.001019	test-rmse:0.417691+0.004059 
[1006]	train-rmse:0.417713+0.001019	test-rmse:0.417691+0.004059 
[1007]	train-rmse:0.417713+0.001019	test-rmse:0.417691+0.004059 
[1008]	train-rmse:0.417713+0.001019	test-rmse:0.417691+0.004059 
[1009]	train-rmse:0.417713+0.001019	test-rmse:0.417691+0.004059 
[1010]	train-rmse:0.417713+0.001019	test-rmse:0.417691+0.004059 
[1011]	train-rmse:0.417713+0.001019	test-rmse:0.417691+0.004059 
[1012]	train-rmse:0.417713+0.001019	test-rmse:0.417691+0.004059 
[1013]	train-rmse:0.417713+0.001019	test-rmse:0.417691+0.004059 
[1014]	train-rmse:0.417713+0.001019	test-rmse:0.417691+0.004059 
[1015]	train-rmse:0.417713+0.001019	test-rmse:0.417691+0.004059 
[1016]	train-rmse:0.417713+0.001019	test-rmse:0.417691+0.004059 
[1017]	train-rmse:0.417713+0.001019	test-rmse:0.417691+0.004059 
[1018]	train-rmse:0.417713+0.001019	test-rmse:0.417691+0.004059 
[1019]	train-rmse:0.417713+0.001019	test-rmse:0.417691+0.004059 
[1020]	train-rmse:0.417713+0.001019	test-rmse:0.417691+0.004059 
[1021]	train-rmse:0.417713+0.001019	test-rmse:0.417691+0.004059 
[1022]	train-rmse:0.417713+0.001019	test-rmse:0.417691+0.004059 
[1023]	train-rmse:0.417713+0.001019	test-rmse:0.417691+0.004059 
[1024]	train-rmse:0.417713+0.001019	test-rmse:0.417691+0.004059 
[1025]	train-rmse:0.417713+0.001019	test-rmse:0.417691+0.004059 
[1026]	train-rmse:0.417713+0.001019	test-rmse:0.417691+0.004059 
[1027]	train-rmse:0.417713+0.001019	test-rmse:0.417691+0.004059 
[1028]	train-rmse:0.417713+0.001019	test-rmse:0.417691+0.004059 
[1029]	train-rmse:0.417713+0.001019	test-rmse:0.417691+0.004059 
[1030]	train-rmse:0.417713+0.001019	test-rmse:0.417691+0.004059 
[1031]	train-rmse:0.417713+0.001019	test-rmse:0.417691+0.004059 
[1032]	train-rmse:0.417713+0.001019	test-rmse:0.417691+0.004059 
[1033]	train-rmse:0.417713+0.001019	test-rmse:0.417691+0.004059 
[1034]	train-rmse:0.417713+0.001019	test-rmse:0.417691+0.004059 
[1035]	train-rmse:0.417713+0.001019	test-rmse:0.417691+0.004059 
[1036]	train-rmse:0.417713+0.001019	test-rmse:0.417691+0.004059 
[1037]	train-rmse:0.417713+0.001019	test-rmse:0.417691+0.004059 
[1038]	train-rmse:0.417713+0.001019	test-rmse:0.417691+0.004059 
[1039]	train-rmse:0.417712+0.001019	test-rmse:0.417691+0.004059 
[1040]	train-rmse:0.417712+0.001019	test-rmse:0.417691+0.004059 
[1041]	train-rmse:0.417712+0.001019	test-rmse:0.417691+0.004059 
[1042]	train-rmse:0.417712+0.001019	test-rmse:0.417691+0.004059 
[1043]	train-rmse:0.417712+0.001019	test-rmse:0.417691+0.004059 
[1044]	train-rmse:0.417712+0.001019	test-rmse:0.417691+0.004059 
[1045]	train-rmse:0.417712+0.001019	test-rmse:0.417691+0.004059 
[1046]	train-rmse:0.417712+0.001019	test-rmse:0.417691+0.004059 
[1047]	train-rmse:0.417712+0.001019	test-rmse:0.417691+0.004059 
[1048]	train-rmse:0.417712+0.001019	test-rmse:0.417691+0.004059 
[1049]	train-rmse:0.417712+0.001019	test-rmse:0.417691+0.004059 
[1050]	train-rmse:0.417712+0.001019	test-rmse:0.417691+0.004059 
[1051]	train-rmse:0.417712+0.001019	test-rmse:0.417691+0.004059 
> hgrid <-
+   dplyr::bind_cols(xgboost_params[index, ], dart.cv$evaluation_log[dart.cv$best_iteration, ], best_iter = dart.cv$best_iteration)
> 
> # write result
> fname <- file.path('data-raw', 'tune', year, 'array', paste0('tune_', index, '.tsv'))
> readr::write_tsv(hgrid, file = fname)
> 
