> 
> # parse arguments
> args <- R.utils::commandArgs(trailingOnly = FALSE, asValues = TRUE)
> index <- as.integer(args$index)
> year <- as.character(args$year)
> nreps <- as.integer(args$nreps)
> seed <- as.integer(args$seed)
> 
> # get number of cores
> wkrs <- length(future::availableWorkers())
> 
> # set seed
> set.seed(seed)
> 
> # read and prepare the cluster features
> fp <- file.path('data-raw', 'features', year)
> clf <-
+   read_features(fp, pattern = 'paris.', recursive = FALSE)
> clf <- prepare_features(
+   clf,
+   feature_map = feature_map,
+   category = c('response', 'bio', 'net'),
+   type = 'list',
+   exclusions = c(
+     'mg2_pairs_count',
+     'mg2_not_pairs_count',
+     'mg2_portion_families_recovered',
+     'cluster_origin',
+     'bocc_origin',
+     'cluster_method',
+     'subcluster_method',
+     'year',
+     'IDs',
+     'go_sig_threshold',
+     'num_new_edges_on_any_node',
+     'HPO_ratio'
+   ),
+   verbose = TRUE
+ )
c('HPO_ratio', 'IDs', 'bocc_origin', 'cluster_method', 'cluster_origin', 'go_sig_threshold', 'max_norm_cell_type_comma_sep_string', 'max_norm_disease_comma_sep_string', 'mg2_not_pairs_count', 'mg2_pairs_count', 'mg2_portion_families_recovered', 'num_new_edges_on_any_node', 'sig_go_enrichment_fdr_corrected_p_vals', 'sig_go_enrichment_p_vals', 'sig_go_enrichment_terms', 'subcluster_method', 'year')

> 
> # prepare grid of parameters
> xgboost_params <- dials::parameters(
+   nrounds = dials::trees(),
+   eta = dials::learn_rate(),
+   gamma = dials::loss_reduction(),
+   dials::tree_depth(),
+   subsample = dials::sample_prop(),
+   rate_drop = dials::dropout(),
+   skip_drop = dials::dropout()
+ )
> xgboost_params <-
+   dials::grid_max_entropy(xgboost_params, size = nreps)
> 
> # tune the dart booster
> dart.param <-
+   list(
+     booster = "dart",
+     objective = "reg:logistic",
+     eval_metric = "rmse",
+     nthread = wkrs,
+     max_depth = xgboost_params$tree_depth[index],
+     eta = xgboost_params$eta[index],
+     gamma = xgboost_params$gamma[index],
+     subsample = xgboost_params$subsample[index],
+     rate_drop = xgboost_params$rate_drop[index],
+     skip_drop = xgboost_params$skip_drop[index]
+   )
> dart.cv <- xgboost::xgb.cv(
+   params = dart.param,
+   nrounds = xgboost_params$nrounds[index],
+   data = as.matrix(clf[, -1]),
+   nfold = 5,
+   label = clf$snowballing_pvalue,
+   early_stopping_rounds = 50
+ )
[1]	train-rmse:0.416814+0.001014	test-rmse:0.416835+0.004050 
Multiple eval metrics are present. Will use test_rmse for early stopping.
Will train until test_rmse hasn't improved in 50 rounds.

[2]	train-rmse:0.415924+0.001008	test-rmse:0.416014+0.004043 
[3]	train-rmse:0.415036+0.000999	test-rmse:0.415180+0.004034 
[4]	train-rmse:0.414146+0.000998	test-rmse:0.414380+0.004017 
[5]	train-rmse:0.413262+0.001001	test-rmse:0.413569+0.004012 
[6]	train-rmse:0.412383+0.001001	test-rmse:0.412767+0.003986 
[7]	train-rmse:0.411506+0.001004	test-rmse:0.411957+0.003966 
[8]	train-rmse:0.410634+0.001008	test-rmse:0.411142+0.003949 
[9]	train-rmse:0.409757+0.001005	test-rmse:0.410329+0.003931 
[10]	train-rmse:0.408972+0.001112	test-rmse:0.409595+0.003829 
[11]	train-rmse:0.408219+0.001104	test-rmse:0.408887+0.003845 
[12]	train-rmse:0.407559+0.001296	test-rmse:0.408268+0.003668 
[13]	train-rmse:0.406686+0.001293	test-rmse:0.407472+0.003667 
[14]	train-rmse:0.405909+0.001410	test-rmse:0.406761+0.003570 
[15]	train-rmse:0.405157+0.001409	test-rmse:0.406079+0.003533 
[16]	train-rmse:0.404429+0.001491	test-rmse:0.405422+0.003437 
[17]	train-rmse:0.403903+0.001375	test-rmse:0.404937+0.003564 
[18]	train-rmse:0.403217+0.001422	test-rmse:0.404310+0.003465 
[19]	train-rmse:0.402444+0.001493	test-rmse:0.403621+0.003403 
[20]	train-rmse:0.401708+0.001612	test-rmse:0.402954+0.003341 
[21]	train-rmse:0.401075+0.001646	test-rmse:0.402388+0.003412 
[22]	train-rmse:0.400317+0.001713	test-rmse:0.401694+0.003318 
[23]	train-rmse:0.399559+0.001827	test-rmse:0.400999+0.003277 
[24]	train-rmse:0.398910+0.001907	test-rmse:0.400400+0.003123 
[25]	train-rmse:0.398299+0.001827	test-rmse:0.399845+0.003093 
[26]	train-rmse:0.397662+0.001709	test-rmse:0.399263+0.003194 
[27]	train-rmse:0.397104+0.001768	test-rmse:0.398752+0.003093 
[28]	train-rmse:0.396673+0.001870	test-rmse:0.398372+0.003047 
[29]	train-rmse:0.396149+0.001974	test-rmse:0.397879+0.002888 
[30]	train-rmse:0.395514+0.001856	test-rmse:0.397295+0.003021 
[31]	train-rmse:0.394977+0.001714	test-rmse:0.396812+0.003124 
[32]	train-rmse:0.394630+0.001721	test-rmse:0.396484+0.003161 
[33]	train-rmse:0.394092+0.001937	test-rmse:0.395993+0.002978 
[34]	train-rmse:0.393486+0.002172	test-rmse:0.395440+0.002837 
[35]	train-rmse:0.393028+0.002444	test-rmse:0.395020+0.002621 
[36]	train-rmse:0.392318+0.002569	test-rmse:0.394371+0.002590 
[37]	train-rmse:0.391905+0.002649	test-rmse:0.393980+0.002423 
[38]	train-rmse:0.391399+0.002646	test-rmse:0.393516+0.002397 
[39]	train-rmse:0.390822+0.002590	test-rmse:0.392983+0.002327 
[40]	train-rmse:0.390134+0.002374	test-rmse:0.392353+0.002570 
[41]	train-rmse:0.389765+0.002341	test-rmse:0.392016+0.002603 
[42]	train-rmse:0.389295+0.002228	test-rmse:0.391570+0.002662 
[43]	train-rmse:0.389043+0.002248	test-rmse:0.391344+0.002656 
[44]	train-rmse:0.388583+0.002390	test-rmse:0.390909+0.002562 
[45]	train-rmse:0.388372+0.002378	test-rmse:0.390718+0.002592 
[46]	train-rmse:0.387783+0.002444	test-rmse:0.390170+0.002557 
[47]	train-rmse:0.387266+0.002300	test-rmse:0.389694+0.002770 
[48]	train-rmse:0.387045+0.002336	test-rmse:0.389495+0.002739 
[49]	train-rmse:0.386754+0.002413	test-rmse:0.389246+0.002672 
[50]	train-rmse:0.386316+0.002508	test-rmse:0.388852+0.002549 
[51]	train-rmse:0.385993+0.002547	test-rmse:0.388548+0.002627 
[52]	train-rmse:0.385595+0.002512	test-rmse:0.388199+0.002707 
[53]	train-rmse:0.385035+0.002545	test-rmse:0.387675+0.002632 
[54]	train-rmse:0.384766+0.002733	test-rmse:0.387426+0.002430 
[55]	train-rmse:0.384504+0.002760	test-rmse:0.387180+0.002560 
[56]	train-rmse:0.384217+0.002805	test-rmse:0.386931+0.002500 
[57]	train-rmse:0.383920+0.002897	test-rmse:0.386663+0.002483 
[58]	train-rmse:0.383482+0.003155	test-rmse:0.386264+0.002277 
[59]	train-rmse:0.382817+0.003325	test-rmse:0.385667+0.002298 
[60]	train-rmse:0.382261+0.003390	test-rmse:0.385151+0.002342 
[61]	train-rmse:0.381596+0.003568	test-rmse:0.384543+0.002358 
[62]	train-rmse:0.381068+0.003580	test-rmse:0.384054+0.002339 
[63]	train-rmse:0.380774+0.003743	test-rmse:0.383782+0.002144 
[64]	train-rmse:0.380395+0.003879	test-rmse:0.383441+0.002316 
[65]	train-rmse:0.379990+0.004049	test-rmse:0.383074+0.002470 
[66]	train-rmse:0.379580+0.004101	test-rmse:0.382702+0.002360 
[67]	train-rmse:0.379160+0.004093	test-rmse:0.382326+0.002597 
[68]	train-rmse:0.378739+0.003808	test-rmse:0.381960+0.002629 
[69]	train-rmse:0.378491+0.003884	test-rmse:0.381742+0.002593 
[70]	train-rmse:0.378241+0.003919	test-rmse:0.381503+0.002810 
[71]	train-rmse:0.377826+0.004042	test-rmse:0.381134+0.002979 
[72]	train-rmse:0.377543+0.004202	test-rmse:0.380875+0.002826 
[73]	train-rmse:0.377144+0.004268	test-rmse:0.380513+0.002754 
[74]	train-rmse:0.376644+0.004262	test-rmse:0.380040+0.002741 
[75]	train-rmse:0.376010+0.004344	test-rmse:0.379462+0.002723 
[76]	train-rmse:0.375632+0.004211	test-rmse:0.379131+0.002624 
[77]	train-rmse:0.375515+0.004208	test-rmse:0.379023+0.002622 
[78]	train-rmse:0.375137+0.004471	test-rmse:0.378685+0.002485 
[79]	train-rmse:0.374869+0.004605	test-rmse:0.378456+0.002501 
[80]	train-rmse:0.374508+0.004520	test-rmse:0.378133+0.002736 
[81]	train-rmse:0.374148+0.004372	test-rmse:0.377792+0.002880 
[82]	train-rmse:0.373726+0.004513	test-rmse:0.377397+0.002993 
[83]	train-rmse:0.373504+0.004671	test-rmse:0.377190+0.002891 
[84]	train-rmse:0.372993+0.004707	test-rmse:0.376727+0.003082 
[85]	train-rmse:0.372773+0.004861	test-rmse:0.376528+0.002994 
[86]	train-rmse:0.372371+0.004564	test-rmse:0.376172+0.002955 
[87]	train-rmse:0.371978+0.004648	test-rmse:0.375821+0.002884 
[88]	train-rmse:0.371730+0.004568	test-rmse:0.375605+0.002940 
[89]	train-rmse:0.371494+0.004617	test-rmse:0.375406+0.002898 
[90]	train-rmse:0.371130+0.004488	test-rmse:0.375092+0.002777 
[91]	train-rmse:0.370883+0.004625	test-rmse:0.374870+0.002662 
[92]	train-rmse:0.370391+0.004640	test-rmse:0.374422+0.002713 
[93]	train-rmse:0.370036+0.004780	test-rmse:0.374098+0.002917 
[94]	train-rmse:0.369809+0.004859	test-rmse:0.373917+0.002892 
[95]	train-rmse:0.369706+0.004868	test-rmse:0.373825+0.002897 
[96]	train-rmse:0.369218+0.005157	test-rmse:0.373379+0.003032 
[97]	train-rmse:0.369116+0.005188	test-rmse:0.373286+0.003046 
[98]	train-rmse:0.368879+0.004998	test-rmse:0.373070+0.002953 
[99]	train-rmse:0.368764+0.005031	test-rmse:0.372971+0.002925 
[100]	train-rmse:0.368290+0.005344	test-rmse:0.372547+0.003077 
[101]	train-rmse:0.367670+0.005271	test-rmse:0.372008+0.002843 
[102]	train-rmse:0.367463+0.005376	test-rmse:0.371826+0.002850 
[103]	train-rmse:0.366837+0.005224	test-rmse:0.371263+0.002945 
[104]	train-rmse:0.366374+0.005222	test-rmse:0.370842+0.002989 
[105]	train-rmse:0.366053+0.005426	test-rmse:0.370540+0.003165 
[106]	train-rmse:0.365447+0.005597	test-rmse:0.369998+0.003283 
[107]	train-rmse:0.365089+0.005511	test-rmse:0.369690+0.003175 
[108]	train-rmse:0.365000+0.005510	test-rmse:0.369613+0.003165 
[109]	train-rmse:0.364727+0.005500	test-rmse:0.369360+0.003365 
[110]	train-rmse:0.364146+0.005639	test-rmse:0.368813+0.003457 
[111]	train-rmse:0.363806+0.005603	test-rmse:0.368527+0.003380 
[112]	train-rmse:0.363737+0.005604	test-rmse:0.368466+0.003386 
[113]	train-rmse:0.363379+0.005597	test-rmse:0.368166+0.003326 
[114]	train-rmse:0.363300+0.005605	test-rmse:0.368094+0.003339 
[115]	train-rmse:0.363078+0.005485	test-rmse:0.367897+0.003277 
[116]	train-rmse:0.362740+0.005494	test-rmse:0.367605+0.003257 
[117]	train-rmse:0.362520+0.005616	test-rmse:0.367422+0.003293 
[118]	train-rmse:0.362316+0.005760	test-rmse:0.367255+0.003332 
[119]	train-rmse:0.362108+0.005904	test-rmse:0.367074+0.003400 
[120]	train-rmse:0.361773+0.005903	test-rmse:0.366770+0.003259 
[121]	train-rmse:0.361436+0.005598	test-rmse:0.366471+0.003096 
[122]	train-rmse:0.361106+0.005630	test-rmse:0.366190+0.002986 
[123]	train-rmse:0.360788+0.005801	test-rmse:0.365908+0.003248 
[124]	train-rmse:0.360693+0.005840	test-rmse:0.365826+0.003266 
[125]	train-rmse:0.360349+0.005810	test-rmse:0.365519+0.003187 
[126]	train-rmse:0.360031+0.006093	test-rmse:0.365244+0.003166 
[127]	train-rmse:0.359700+0.005808	test-rmse:0.364957+0.002988 
[128]	train-rmse:0.359381+0.005832	test-rmse:0.364680+0.002874 
[129]	train-rmse:0.359191+0.005844	test-rmse:0.364498+0.003078 
[130]	train-rmse:0.358742+0.005811	test-rmse:0.364096+0.003209 
[131]	train-rmse:0.358283+0.005829	test-rmse:0.363673+0.003256 
[132]	train-rmse:0.357817+0.005651	test-rmse:0.363261+0.003003 
[133]	train-rmse:0.357502+0.005576	test-rmse:0.362969+0.002771 
[134]	train-rmse:0.356912+0.005440	test-rmse:0.362450+0.002855 
[135]	train-rmse:0.356721+0.005235	test-rmse:0.362281+0.002733 
[136]	train-rmse:0.356412+0.005298	test-rmse:0.362026+0.002757 
[137]	train-rmse:0.356347+0.005296	test-rmse:0.361969+0.002747 
[138]	train-rmse:0.356127+0.005423	test-rmse:0.361769+0.002680 
[139]	train-rmse:0.355808+0.005585	test-rmse:0.361484+0.002930 
[140]	train-rmse:0.355484+0.005500	test-rmse:0.361192+0.003125 
[141]	train-rmse:0.355156+0.005296	test-rmse:0.360894+0.003218 
[142]	train-rmse:0.354978+0.005318	test-rmse:0.360722+0.003436 
[143]	train-rmse:0.354397+0.005208	test-rmse:0.360205+0.003563 
[144]	train-rmse:0.353956+0.005496	test-rmse:0.359819+0.003702 
[145]	train-rmse:0.353752+0.005418	test-rmse:0.359644+0.003686 
[146]	train-rmse:0.353308+0.005454	test-rmse:0.359248+0.003495 
[147]	train-rmse:0.352872+0.005511	test-rmse:0.358867+0.003309 
[148]	train-rmse:0.352424+0.005580	test-rmse:0.358475+0.003148 
[149]	train-rmse:0.352368+0.005576	test-rmse:0.358426+0.003147 
[150]	train-rmse:0.352059+0.005760	test-rmse:0.358153+0.003420 
[151]	train-rmse:0.351624+0.005913	test-rmse:0.357788+0.003316 
[152]	train-rmse:0.351180+0.005790	test-rmse:0.357395+0.003211 
[153]	train-rmse:0.350865+0.005873	test-rmse:0.357133+0.003236 
[154]	train-rmse:0.350689+0.006056	test-rmse:0.356985+0.003310 
[155]	train-rmse:0.350254+0.006238	test-rmse:0.356626+0.003239 
[156]	train-rmse:0.349823+0.006495	test-rmse:0.356255+0.003381 
[157]	train-rmse:0.349643+0.006300	test-rmse:0.356097+0.003260 
[158]	train-rmse:0.349599+0.006302	test-rmse:0.356058+0.003257 
[159]	train-rmse:0.349158+0.006024	test-rmse:0.355655+0.003271 
[160]	train-rmse:0.348607+0.006197	test-rmse:0.355166+0.003382 
[161]	train-rmse:0.348306+0.006089	test-rmse:0.354887+0.003145 
[162]	train-rmse:0.348002+0.006366	test-rmse:0.354629+0.003126 
[163]	train-rmse:0.347958+0.006362	test-rmse:0.354590+0.003129 
[164]	train-rmse:0.347915+0.006358	test-rmse:0.354551+0.003124 
[165]	train-rmse:0.347735+0.006175	test-rmse:0.354396+0.003023 
[166]	train-rmse:0.347177+0.006072	test-rmse:0.353920+0.003127 
[167]	train-rmse:0.346754+0.006254	test-rmse:0.353561+0.003048 
[168]	train-rmse:0.346711+0.006260	test-rmse:0.353523+0.003048 
[169]	train-rmse:0.346147+0.006163	test-rmse:0.353053+0.003151 
[170]	train-rmse:0.345853+0.006329	test-rmse:0.352792+0.003413 
[171]	train-rmse:0.345676+0.006316	test-rmse:0.352624+0.003585 
[172]	train-rmse:0.345626+0.006309	test-rmse:0.352580+0.003583 
[173]	train-rmse:0.345186+0.006114	test-rmse:0.352204+0.003327 
[174]	train-rmse:0.344897+0.006363	test-rmse:0.351958+0.003294 
[175]	train-rmse:0.344478+0.006366	test-rmse:0.351592+0.003462 
[176]	train-rmse:0.344320+0.006364	test-rmse:0.351434+0.003658 
[177]	train-rmse:0.344146+0.006368	test-rmse:0.351275+0.003840 
[178]	train-rmse:0.343847+0.006380	test-rmse:0.351024+0.003820 
[179]	train-rmse:0.343416+0.006116	test-rmse:0.350651+0.003876 
[180]	train-rmse:0.343121+0.006069	test-rmse:0.350402+0.003699 
[181]	train-rmse:0.342814+0.005805	test-rmse:0.350145+0.003572 
[182]	train-rmse:0.342407+0.006051	test-rmse:0.349779+0.003696 
[183]	train-rmse:0.342236+0.006111	test-rmse:0.349626+0.003581 
[184]	train-rmse:0.341702+0.005918	test-rmse:0.349145+0.003547 
[185]	train-rmse:0.341539+0.005827	test-rmse:0.349009+0.003490 
[186]	train-rmse:0.341370+0.005642	test-rmse:0.348851+0.003409 
[187]	train-rmse:0.340967+0.005627	test-rmse:0.348478+0.003457 
[188]	train-rmse:0.340667+0.005362	test-rmse:0.348209+0.003341 
[189]	train-rmse:0.340382+0.005472	test-rmse:0.347975+0.003344 
[190]	train-rmse:0.340215+0.005656	test-rmse:0.347840+0.003385 
[191]	train-rmse:0.339666+0.005578	test-rmse:0.347356+0.003530 
[192]	train-rmse:0.339247+0.005565	test-rmse:0.346988+0.003558 
[193]	train-rmse:0.338727+0.005558	test-rmse:0.346535+0.003360 
[194]	train-rmse:0.338445+0.005445	test-rmse:0.346272+0.003148 
[195]	train-rmse:0.338167+0.005499	test-rmse:0.346015+0.003234 
[196]	train-rmse:0.338130+0.005496	test-rmse:0.345983+0.003234 
[197]	train-rmse:0.337964+0.005495	test-rmse:0.345822+0.003456 
[198]	train-rmse:0.337930+0.005493	test-rmse:0.345792+0.003464 
[199]	train-rmse:0.337768+0.005664	test-rmse:0.345665+0.003488 
[200]	train-rmse:0.337483+0.005659	test-rmse:0.345417+0.003438 
[201]	train-rmse:0.337198+0.005477	test-rmse:0.345163+0.003583 
[202]	train-rmse:0.336799+0.005462	test-rmse:0.344810+0.003638 
[203]	train-rmse:0.336644+0.005528	test-rmse:0.344668+0.003525 
[204]	train-rmse:0.336485+0.005534	test-rmse:0.344519+0.003745 
[205]	train-rmse:0.336329+0.005551	test-rmse:0.344370+0.003965 
[206]	train-rmse:0.336042+0.005273	test-rmse:0.344128+0.003858 
[207]	train-rmse:0.335887+0.005443	test-rmse:0.343992+0.003868 
[208]	train-rmse:0.335489+0.005360	test-rmse:0.343659+0.003784 
[209]	train-rmse:0.335316+0.005295	test-rmse:0.343514+0.003750 
[210]	train-rmse:0.335034+0.005305	test-rmse:0.343278+0.003713 
[211]	train-rmse:0.334873+0.005240	test-rmse:0.343146+0.003688 
[212]	train-rmse:0.334597+0.005287	test-rmse:0.342901+0.003753 
[213]	train-rmse:0.334321+0.005350	test-rmse:0.342656+0.003844 
[214]	train-rmse:0.333802+0.005416	test-rmse:0.342191+0.003884 
[215]	train-rmse:0.333405+0.005474	test-rmse:0.341868+0.003743 
[216]	train-rmse:0.333246+0.005392	test-rmse:0.341735+0.003694 
[217]	train-rmse:0.332967+0.005146	test-rmse:0.341497+0.003606 
[218]	train-rmse:0.332812+0.005221	test-rmse:0.341358+0.003485 
[219]	train-rmse:0.332296+0.005036	test-rmse:0.340897+0.003510 
[220]	train-rmse:0.332144+0.004974	test-rmse:0.340774+0.003483 
[221]	train-rmse:0.331868+0.005057	test-rmse:0.340518+0.003598 
[222]	train-rmse:0.331588+0.004803	test-rmse:0.340289+0.003521 
[223]	train-rmse:0.331305+0.004559	test-rmse:0.340049+0.003456 
[224]	train-rmse:0.330915+0.004793	test-rmse:0.339706+0.003541 
[225]	train-rmse:0.330884+0.004796	test-rmse:0.339679+0.003541 
[226]	train-rmse:0.330852+0.004797	test-rmse:0.339652+0.003544 
[227]	train-rmse:0.330578+0.004604	test-rmse:0.339399+0.003723 
[228]	train-rmse:0.330417+0.004548	test-rmse:0.339266+0.003699 
[229]	train-rmse:0.330143+0.004506	test-rmse:0.339019+0.003901 
[230]	train-rmse:0.329998+0.004581	test-rmse:0.338891+0.003797 
[231]	train-rmse:0.329731+0.004748	test-rmse:0.338661+0.003979 
[232]	train-rmse:0.329346+0.004524	test-rmse:0.338319+0.004136 
[233]	train-rmse:0.329193+0.004598	test-rmse:0.338180+0.004035 
[234]	train-rmse:0.328927+0.004713	test-rmse:0.337963+0.003990 
[235]	train-rmse:0.328771+0.004681	test-rmse:0.337836+0.003994 
[236]	train-rmse:0.328624+0.004753	test-rmse:0.337709+0.003902 
[237]	train-rmse:0.328469+0.004730	test-rmse:0.337576+0.003908 
[238]	train-rmse:0.328193+0.004505	test-rmse:0.337330+0.003863 
[239]	train-rmse:0.328040+0.004512	test-rmse:0.337204+0.003886 
[240]	train-rmse:0.327886+0.004530	test-rmse:0.337078+0.003916 
[241]	train-rmse:0.327497+0.004368	test-rmse:0.336728+0.003946 
[242]	train-rmse:0.327235+0.004383	test-rmse:0.336497+0.004175 
[243]	train-rmse:0.326978+0.004515	test-rmse:0.336275+0.004314 
[244]	train-rmse:0.326830+0.004536	test-rmse:0.336152+0.004347 
[245]	train-rmse:0.326449+0.004495	test-rmse:0.335827+0.004130 
[246]	train-rmse:0.326063+0.004414	test-rmse:0.335492+0.004228 
[247]	train-rmse:0.325797+0.004353	test-rmse:0.335268+0.004139 
[248]	train-rmse:0.325771+0.004351	test-rmse:0.335246+0.004137 
[249]	train-rmse:0.325623+0.004142	test-rmse:0.335113+0.004100 
[250]	train-rmse:0.325251+0.004306	test-rmse:0.334782+0.004272 
[251]	train-rmse:0.324990+0.004481	test-rmse:0.334578+0.004259 
[252]	train-rmse:0.324611+0.004528	test-rmse:0.334247+0.004360 
[253]	train-rmse:0.324468+0.004556	test-rmse:0.334131+0.004396 
[254]	train-rmse:0.324209+0.004590	test-rmse:0.333892+0.004455 
[255]	train-rmse:0.323943+0.004753	test-rmse:0.333680+0.004439 
[256]	train-rmse:0.323911+0.004749	test-rmse:0.333653+0.004447 
[257]	train-rmse:0.323647+0.004790	test-rmse:0.333416+0.004678 
[258]	train-rmse:0.323621+0.004787	test-rmse:0.333393+0.004680 
[259]	train-rmse:0.323479+0.004836	test-rmse:0.333279+0.004724 
[260]	train-rmse:0.323099+0.004805	test-rmse:0.332964+0.004675 
[261]	train-rmse:0.322837+0.004738	test-rmse:0.332748+0.004591 
[262]	train-rmse:0.322460+0.004689	test-rmse:0.332424+0.004374 
[263]	train-rmse:0.322085+0.004743	test-rmse:0.332107+0.004459 
[264]	train-rmse:0.321585+0.004718	test-rmse:0.331684+0.004603 
[265]	train-rmse:0.321090+0.004721	test-rmse:0.331276+0.004446 
[266]	train-rmse:0.320721+0.004560	test-rmse:0.330948+0.004633 
[267]	train-rmse:0.320457+0.004342	test-rmse:0.330710+0.004762 
[268]	train-rmse:0.320081+0.004354	test-rmse:0.330394+0.004740 
[269]	train-rmse:0.319720+0.004229	test-rmse:0.330081+0.004934 
[270]	train-rmse:0.319579+0.004032	test-rmse:0.329964+0.004924 
[271]	train-rmse:0.319325+0.004089	test-rmse:0.329751+0.004830 
[272]	train-rmse:0.319298+0.004084	test-rmse:0.329727+0.004828 
[273]	train-rmse:0.319052+0.004163	test-rmse:0.329507+0.005043 
[274]	train-rmse:0.318917+0.004259	test-rmse:0.329400+0.005101 
[275]	train-rmse:0.318779+0.004071	test-rmse:0.329271+0.005088 
[276]	train-rmse:0.318414+0.004277	test-rmse:0.328969+0.004951 
[277]	train-rmse:0.318159+0.004367	test-rmse:0.328753+0.004887 
[278]	train-rmse:0.317904+0.004159	test-rmse:0.328534+0.004741 
[279]	train-rmse:0.317764+0.003965	test-rmse:0.328407+0.004733 
[280]	train-rmse:0.317514+0.003915	test-rmse:0.328204+0.004666 
[281]	train-rmse:0.317259+0.004045	test-rmse:0.327996+0.004473 
[282]	train-rmse:0.316902+0.004092	test-rmse:0.327692+0.004534 
[283]	train-rmse:0.316653+0.004184	test-rmse:0.327476+0.004630 
[284]	train-rmse:0.316520+0.004185	test-rmse:0.327370+0.004510 
[285]	train-rmse:0.316385+0.003995	test-rmse:0.327252+0.004499 
[286]	train-rmse:0.316136+0.004053	test-rmse:0.327031+0.004719 
[287]	train-rmse:0.316113+0.004056	test-rmse:0.327011+0.004722 
[288]	train-rmse:0.315976+0.003871	test-rmse:0.326889+0.004716 
[289]	train-rmse:0.315948+0.003875	test-rmse:0.326865+0.004720 
[290]	train-rmse:0.315809+0.003688	test-rmse:0.326744+0.004725 
[291]	train-rmse:0.315340+0.003707	test-rmse:0.326338+0.004877 
[292]	train-rmse:0.315092+0.003516	test-rmse:0.326120+0.004750 
[293]	train-rmse:0.314843+0.003645	test-rmse:0.325915+0.004545 
[294]	train-rmse:0.314597+0.003414	test-rmse:0.325689+0.004718 
[295]	train-rmse:0.314574+0.003410	test-rmse:0.325668+0.004723 
[296]	train-rmse:0.314550+0.003410	test-rmse:0.325648+0.004722 
[297]	train-rmse:0.314301+0.003350	test-rmse:0.325435+0.004789 
[298]	train-rmse:0.314281+0.003348	test-rmse:0.325419+0.004791 
[299]	train-rmse:0.313814+0.003518	test-rmse:0.325024+0.004788 
[300]	train-rmse:0.313680+0.003630	test-rmse:0.324916+0.004842 
[301]	train-rmse:0.313320+0.003560	test-rmse:0.324617+0.004786 
[302]	train-rmse:0.313075+0.003676	test-rmse:0.324421+0.004582 
[303]	train-rmse:0.312837+0.003917	test-rmse:0.324245+0.004569 
[304]	train-rmse:0.312594+0.003973	test-rmse:0.324042+0.004768 
[305]	train-rmse:0.312244+0.004025	test-rmse:0.323742+0.004847 
[306]	train-rmse:0.312003+0.004133	test-rmse:0.323533+0.004640 
[307]	train-rmse:0.311759+0.004369	test-rmse:0.323349+0.004631 
[308]	train-rmse:0.311295+0.004438	test-rmse:0.322970+0.004505 
[309]	train-rmse:0.310826+0.004324	test-rmse:0.322559+0.004581 
[310]	train-rmse:0.310583+0.004458	test-rmse:0.322366+0.004530 
[311]	train-rmse:0.310133+0.004618	test-rmse:0.321987+0.004547 
[312]	train-rmse:0.310005+0.004746	test-rmse:0.321889+0.004621 
[313]	train-rmse:0.309657+0.004726	test-rmse:0.321601+0.004585 
[314]	train-rmse:0.309317+0.004577	test-rmse:0.321306+0.004634 
[315]	train-rmse:0.309191+0.004511	test-rmse:0.321191+0.004766 
[316]	train-rmse:0.308955+0.004544	test-rmse:0.320989+0.004830 
[317]	train-rmse:0.308935+0.004545	test-rmse:0.320973+0.004832 
[318]	train-rmse:0.308916+0.004544	test-rmse:0.320957+0.004832 
[319]	train-rmse:0.308788+0.004549	test-rmse:0.320849+0.004723 
[320]	train-rmse:0.308443+0.004602	test-rmse:0.320575+0.004703 
[321]	train-rmse:0.308098+0.004678	test-rmse:0.320304+0.004690 
[322]	train-rmse:0.307862+0.004660	test-rmse:0.320105+0.004767 
[323]	train-rmse:0.307621+0.004614	test-rmse:0.319897+0.004699 
[324]	train-rmse:0.307491+0.004604	test-rmse:0.319782+0.004563 
[325]	train-rmse:0.307469+0.004604	test-rmse:0.319764+0.004564 
[326]	train-rmse:0.307235+0.004844	test-rmse:0.319582+0.004571 
[327]	train-rmse:0.307107+0.004702	test-rmse:0.319462+0.004585 
[328]	train-rmse:0.306979+0.004614	test-rmse:0.319343+0.004708 
[329]	train-rmse:0.306741+0.004456	test-rmse:0.319143+0.004607 
[330]	train-rmse:0.306511+0.004473	test-rmse:0.318948+0.004656 
[331]	train-rmse:0.306276+0.004316	test-rmse:0.318752+0.004557 
[332]	train-rmse:0.305937+0.004220	test-rmse:0.318452+0.004773 
[333]	train-rmse:0.305708+0.004276	test-rmse:0.318250+0.004971 
[334]	train-rmse:0.305374+0.004439	test-rmse:0.317980+0.005079 
[335]	train-rmse:0.305253+0.004542	test-rmse:0.317893+0.005014 
[336]	train-rmse:0.305132+0.004475	test-rmse:0.317773+0.005153 
[337]	train-rmse:0.304800+0.004406	test-rmse:0.317479+0.005365 
[338]	train-rmse:0.304464+0.004451	test-rmse:0.317190+0.005443 
[339]	train-rmse:0.304337+0.004550	test-rmse:0.317094+0.005371 
[340]	train-rmse:0.304213+0.004398	test-rmse:0.316984+0.005385 
[341]	train-rmse:0.304094+0.004541	test-rmse:0.316892+0.005445 
[342]	train-rmse:0.303761+0.004479	test-rmse:0.316625+0.005639 
[343]	train-rmse:0.303530+0.004722	test-rmse:0.316452+0.005630 
[344]	train-rmse:0.303513+0.004722	test-rmse:0.316437+0.005631 
[345]	train-rmse:0.303287+0.004624	test-rmse:0.316237+0.005645 
[346]	train-rmse:0.303159+0.004479	test-rmse:0.316132+0.005660 
[347]	train-rmse:0.303038+0.004633	test-rmse:0.316040+0.005719 
[348]	train-rmse:0.302917+0.004720	test-rmse:0.315946+0.005648 
[349]	train-rmse:0.302899+0.004717	test-rmse:0.315932+0.005649 
[350]	train-rmse:0.302575+0.004901	test-rmse:0.315668+0.005773 
[351]	train-rmse:0.302243+0.004956	test-rmse:0.315377+0.005848 
[352]	train-rmse:0.302224+0.004952	test-rmse:0.315360+0.005846 
[353]	train-rmse:0.302207+0.004954	test-rmse:0.315346+0.005846 
[354]	train-rmse:0.301978+0.004765	test-rmse:0.315145+0.005736 
[355]	train-rmse:0.301857+0.004919	test-rmse:0.315052+0.005801 
[356]	train-rmse:0.301636+0.004946	test-rmse:0.314868+0.005859 
[357]	train-rmse:0.301408+0.004897	test-rmse:0.314688+0.005803 
[358]	train-rmse:0.301081+0.004994	test-rmse:0.314431+0.005817 
[359]	train-rmse:0.300964+0.004941	test-rmse:0.314322+0.005943 
[360]	train-rmse:0.300738+0.004958	test-rmse:0.314140+0.006021 
[361]	train-rmse:0.300517+0.005051	test-rmse:0.313963+0.005961 
[362]	train-rmse:0.300404+0.005201	test-rmse:0.313872+0.006028 
[363]	train-rmse:0.300177+0.005305	test-rmse:0.313693+0.005973 
[364]	train-rmse:0.300064+0.005458	test-rmse:0.313606+0.006043 
[365]	train-rmse:0.300048+0.005454	test-rmse:0.313593+0.006043 
[366]	train-rmse:0.299827+0.005682	test-rmse:0.313421+0.006039 
[367]	train-rmse:0.299610+0.005697	test-rmse:0.313238+0.006082 
[368]	train-rmse:0.299391+0.005800	test-rmse:0.313055+0.006037 
[369]	train-rmse:0.299274+0.005872	test-rmse:0.312968+0.005974 
[370]	train-rmse:0.299257+0.005871	test-rmse:0.312954+0.005975 
[371]	train-rmse:0.298927+0.005771	test-rmse:0.312678+0.005780 
[372]	train-rmse:0.298809+0.005855	test-rmse:0.312587+0.005717 
[373]	train-rmse:0.298585+0.005881	test-rmse:0.312399+0.005769 
[374]	train-rmse:0.298469+0.005825	test-rmse:0.312289+0.005890 
[375]	train-rmse:0.298351+0.005773	test-rmse:0.312185+0.006006 
[376]	train-rmse:0.298131+0.006006	test-rmse:0.312019+0.006018 
[377]	train-rmse:0.298007+0.005871	test-rmse:0.311912+0.006016 
[378]	train-rmse:0.297885+0.005811	test-rmse:0.311819+0.005902 
[379]	train-rmse:0.297568+0.005989	test-rmse:0.311572+0.005793 
[380]	train-rmse:0.297347+0.006001	test-rmse:0.311386+0.005865 
[381]	train-rmse:0.297020+0.005902	test-rmse:0.311105+0.005934 
[382]	train-rmse:0.296902+0.005998	test-rmse:0.311018+0.005880 
[383]	train-rmse:0.296587+0.006023	test-rmse:0.310753+0.005936 
[384]	train-rmse:0.296374+0.005985	test-rmse:0.310581+0.005887 
[385]	train-rmse:0.296256+0.005928	test-rmse:0.310482+0.005759 
[386]	train-rmse:0.296037+0.005817	test-rmse:0.310286+0.005760 
[387]	train-rmse:0.295922+0.005957	test-rmse:0.310193+0.005830 
[388]	train-rmse:0.295709+0.006003	test-rmse:0.310020+0.005650 
[389]	train-rmse:0.295488+0.005810	test-rmse:0.309825+0.005765 
[390]	train-rmse:0.295276+0.006040	test-rmse:0.309666+0.005770 
[391]	train-rmse:0.295058+0.006079	test-rmse:0.309487+0.005839 
[392]	train-rmse:0.294846+0.006128	test-rmse:0.309306+0.005908 
[393]	train-rmse:0.294734+0.006084	test-rmse:0.309197+0.006041 
[394]	train-rmse:0.294313+0.006116	test-rmse:0.308863+0.005929 
[395]	train-rmse:0.294103+0.006111	test-rmse:0.308688+0.005985 
[396]	train-rmse:0.293989+0.006064	test-rmse:0.308587+0.006103 
[397]	train-rmse:0.293865+0.005925	test-rmse:0.308484+0.006103 
[398]	train-rmse:0.293852+0.005925	test-rmse:0.308473+0.006103 
[399]	train-rmse:0.293734+0.005799	test-rmse:0.308369+0.006109 
[400]	train-rmse:0.293520+0.005851	test-rmse:0.308186+0.006189 
[401]	train-rmse:0.293401+0.005810	test-rmse:0.308080+0.006317 
[402]	train-rmse:0.293289+0.005936	test-rmse:0.308000+0.006366 
[403]	train-rmse:0.293170+0.005807	test-rmse:0.307897+0.006372 
[404]	train-rmse:0.292961+0.005863	test-rmse:0.307733+0.006295 
[405]	train-rmse:0.292744+0.005670	test-rmse:0.307551+0.006180 
[406]	train-rmse:0.292436+0.005600	test-rmse:0.307276+0.006261 
[407]	train-rmse:0.292320+0.005530	test-rmse:0.307181+0.006141 
[408]	train-rmse:0.292306+0.005530	test-rmse:0.307168+0.006138 
[409]	train-rmse:0.292093+0.005507	test-rmse:0.306998+0.006099 
[410]	train-rmse:0.291887+0.005540	test-rmse:0.306828+0.005913 
[411]	train-rmse:0.291576+0.005478	test-rmse:0.306566+0.005848 
[412]	train-rmse:0.291271+0.005433	test-rmse:0.306314+0.005798 
[413]	train-rmse:0.291063+0.005664	test-rmse:0.306154+0.005784 
[414]	train-rmse:0.290847+0.005493	test-rmse:0.305979+0.005688 
[415]	train-rmse:0.290834+0.005494	test-rmse:0.305969+0.005690 
[416]	train-rmse:0.290521+0.005441	test-rmse:0.305703+0.005878 
[417]	train-rmse:0.290211+0.005395	test-rmse:0.305454+0.006064 
[418]	train-rmse:0.289799+0.005454	test-rmse:0.305138+0.005959 
[419]	train-rmse:0.289593+0.005325	test-rmse:0.304962+0.005951 
[420]	train-rmse:0.289288+0.005232	test-rmse:0.304706+0.006029 
[421]	train-rmse:0.289174+0.005131	test-rmse:0.304614+0.006057 
[422]	train-rmse:0.289163+0.005130	test-rmse:0.304604+0.006057 
[423]	train-rmse:0.288958+0.005159	test-rmse:0.304437+0.005872 
[424]	train-rmse:0.288661+0.005323	test-rmse:0.304196+0.005977 
[425]	train-rmse:0.288457+0.005551	test-rmse:0.304053+0.005973 
[426]	train-rmse:0.288246+0.005418	test-rmse:0.303875+0.005978 
[427]	train-rmse:0.288138+0.005358	test-rmse:0.303770+0.006105 
[428]	train-rmse:0.287745+0.005463	test-rmse:0.303446+0.006090 
[429]	train-rmse:0.287637+0.005561	test-rmse:0.303367+0.006035 
[430]	train-rmse:0.287426+0.005384	test-rmse:0.303195+0.005943 
[431]	train-rmse:0.287414+0.005384	test-rmse:0.303184+0.005943 
[432]	train-rmse:0.287210+0.005452	test-rmse:0.303012+0.006114 
[433]	train-rmse:0.287006+0.005441	test-rmse:0.302847+0.006070 
[434]	train-rmse:0.286794+0.005268	test-rmse:0.302663+0.006220 
[435]	train-rmse:0.286489+0.005035	test-rmse:0.302393+0.006249 
[436]	train-rmse:0.286477+0.005037	test-rmse:0.302384+0.006250 
[437]	train-rmse:0.286368+0.004932	test-rmse:0.302287+0.006278 
[438]	train-rmse:0.286162+0.004806	test-rmse:0.302111+0.006259 
[439]	train-rmse:0.285957+0.004687	test-rmse:0.301928+0.006290 
[440]	train-rmse:0.285658+0.004792	test-rmse:0.301700+0.006282 
[441]	train-rmse:0.285646+0.004791	test-rmse:0.301690+0.006282 
[442]	train-rmse:0.285540+0.004921	test-rmse:0.301616+0.006315 
[443]	train-rmse:0.285437+0.004873	test-rmse:0.301519+0.006440 
[444]	train-rmse:0.285233+0.004695	test-rmse:0.301350+0.006364 
[445]	train-rmse:0.285033+0.004678	test-rmse:0.301194+0.006332 
[446]	train-rmse:0.284733+0.004444	test-rmse:0.300932+0.006383 
[447]	train-rmse:0.284530+0.004524	test-rmse:0.300767+0.006535 
[448]	train-rmse:0.284327+0.004374	test-rmse:0.300593+0.006684 
[449]	train-rmse:0.284030+0.004498	test-rmse:0.300364+0.006682 
[450]	train-rmse:0.283821+0.004534	test-rmse:0.300192+0.006753 
[451]	train-rmse:0.283712+0.004627	test-rmse:0.300116+0.006690 
[452]	train-rmse:0.283414+0.004593	test-rmse:0.299871+0.006642 
[453]	train-rmse:0.283216+0.004600	test-rmse:0.299720+0.006632 
[454]	train-rmse:0.283108+0.004538	test-rmse:0.299621+0.006753 
[455]	train-rmse:0.283002+0.004451	test-rmse:0.299526+0.006639 
[456]	train-rmse:0.282804+0.004676	test-rmse:0.299386+0.006602 
[457]	train-rmse:0.282603+0.004711	test-rmse:0.299216+0.006661 
[458]	train-rmse:0.282494+0.004628	test-rmse:0.299126+0.006556 
[459]	train-rmse:0.282392+0.004576	test-rmse:0.299035+0.006674 
[460]	train-rmse:0.282286+0.004484	test-rmse:0.298950+0.006709 
[461]	train-rmse:0.282094+0.004524	test-rmse:0.298789+0.006630 
[462]	train-rmse:0.282082+0.004524	test-rmse:0.298779+0.006629 
[463]	train-rmse:0.281977+0.004470	test-rmse:0.298686+0.006749 
[464]	train-rmse:0.281784+0.004551	test-rmse:0.298527+0.006898 
[465]	train-rmse:0.281495+0.004559	test-rmse:0.298310+0.006946 
[466]	train-rmse:0.281391+0.004523	test-rmse:0.298219+0.007066 
[467]	train-rmse:0.281096+0.004474	test-rmse:0.297972+0.007148 
[468]	train-rmse:0.280895+0.004696	test-rmse:0.297832+0.007105 
[469]	train-rmse:0.280795+0.004779	test-rmse:0.297759+0.007046 
[470]	train-rmse:0.280690+0.004693	test-rmse:0.297665+0.006938 
[471]	train-rmse:0.280587+0.004820	test-rmse:0.297597+0.006959 
[472]	train-rmse:0.280393+0.004707	test-rmse:0.297430+0.006989 
[473]	train-rmse:0.280106+0.004704	test-rmse:0.297191+0.007159 
[474]	train-rmse:0.280095+0.004704	test-rmse:0.297183+0.007160 
[475]	train-rmse:0.280085+0.004704	test-rmse:0.297175+0.007160 
[476]	train-rmse:0.279797+0.004735	test-rmse:0.296946+0.007208 
[477]	train-rmse:0.279421+0.004653	test-rmse:0.296640+0.007268 
[478]	train-rmse:0.279315+0.004634	test-rmse:0.296549+0.007394 
[479]	train-rmse:0.279211+0.004525	test-rmse:0.296464+0.007418 
[480]	train-rmse:0.278921+0.004401	test-rmse:0.296234+0.007294 
[481]	train-rmse:0.278815+0.004320	test-rmse:0.296144+0.007201 
[482]	train-rmse:0.278712+0.004213	test-rmse:0.296060+0.007231 
[483]	train-rmse:0.278612+0.004141	test-rmse:0.295974+0.007145 
[484]	train-rmse:0.278418+0.003965	test-rmse:0.295805+0.007087 
[485]	train-rmse:0.278407+0.003965	test-rmse:0.295797+0.007087 
[486]	train-rmse:0.277943+0.003975	test-rmse:0.295424+0.007107 
[487]	train-rmse:0.277750+0.003979	test-rmse:0.295275+0.006953 
[488]	train-rmse:0.277469+0.004014	test-rmse:0.295040+0.007015 
[489]	train-rmse:0.277458+0.004014	test-rmse:0.295032+0.007016 
[490]	train-rmse:0.277172+0.003917	test-rmse:0.294799+0.006887 
[491]	train-rmse:0.277072+0.004054	test-rmse:0.294728+0.006903 
[492]	train-rmse:0.276972+0.003949	test-rmse:0.294638+0.006939 
[493]	train-rmse:0.276868+0.004024	test-rmse:0.294568+0.006867 
[494]	train-rmse:0.276675+0.004235	test-rmse:0.294435+0.006812 
[495]	train-rmse:0.276568+0.004131	test-rmse:0.294343+0.006851 
[496]	train-rmse:0.276195+0.004219	test-rmse:0.294039+0.006825 
[497]	train-rmse:0.276089+0.004304	test-rmse:0.293967+0.006755 
[498]	train-rmse:0.275806+0.004274	test-rmse:0.293738+0.006725 
[499]	train-rmse:0.275708+0.004405	test-rmse:0.293672+0.006743 
[500]	train-rmse:0.275608+0.004351	test-rmse:0.293579+0.006869 
[501]	train-rmse:0.275507+0.004254	test-rmse:0.293489+0.006907 
[502]	train-rmse:0.275232+0.004185	test-rmse:0.293254+0.006990 
[503]	train-rmse:0.274953+0.004298	test-rmse:0.293052+0.006978 
[504]	train-rmse:0.274769+0.004359	test-rmse:0.292919+0.006918 
[505]	train-rmse:0.274664+0.004271	test-rmse:0.292832+0.006962 
[506]	train-rmse:0.274566+0.004410	test-rmse:0.292757+0.006981 
[507]	train-rmse:0.274468+0.004482	test-rmse:0.292692+0.006915 
[508]	train-rmse:0.274187+0.004430	test-rmse:0.292462+0.006862 
[509]	train-rmse:0.274005+0.004446	test-rmse:0.292320+0.006712 
[510]	train-rmse:0.273817+0.004443	test-rmse:0.292178+0.006697 
[511]	train-rmse:0.273716+0.004359	test-rmse:0.292098+0.006740 
[512]	train-rmse:0.273616+0.004292	test-rmse:0.292013+0.006652 
[513]	train-rmse:0.273429+0.004162	test-rmse:0.291849+0.006688 
[514]	train-rmse:0.273419+0.004162	test-rmse:0.291841+0.006688 
[515]	train-rmse:0.273234+0.004188	test-rmse:0.291689+0.006733 
[516]	train-rmse:0.273051+0.004227	test-rmse:0.291544+0.006790 
[517]	train-rmse:0.272954+0.004345	test-rmse:0.291476+0.006801 
[518]	train-rmse:0.272770+0.004230	test-rmse:0.291315+0.006853 
[519]	train-rmse:0.272501+0.004386	test-rmse:0.291104+0.006924 
[520]	train-rmse:0.272321+0.004465	test-rmse:0.290962+0.007056 
[521]	train-rmse:0.272312+0.004465	test-rmse:0.290955+0.007056 
[522]	train-rmse:0.272302+0.004465	test-rmse:0.290947+0.007056 
[523]	train-rmse:0.272210+0.004583	test-rmse:0.290876+0.007071 
[524]	train-rmse:0.271926+0.004691	test-rmse:0.290666+0.007055 
[525]	train-rmse:0.271572+0.004784	test-rmse:0.290387+0.007038 
[526]	train-rmse:0.271388+0.004804	test-rmse:0.290240+0.006885 
[527]	train-rmse:0.271209+0.004825	test-rmse:0.290100+0.006930 
[528]	train-rmse:0.270849+0.004883	test-rmse:0.289823+0.007034 
[529]	train-rmse:0.270666+0.004927	test-rmse:0.289675+0.007084 
[530]	train-rmse:0.270572+0.005045	test-rmse:0.289614+0.007098 
[531]	train-rmse:0.270294+0.004961	test-rmse:0.289401+0.006989 
[532]	train-rmse:0.270198+0.004915	test-rmse:0.289314+0.007111 
[533]	train-rmse:0.270098+0.004843	test-rmse:0.289235+0.007028 
[534]	train-rmse:0.269743+0.004943	test-rmse:0.288964+0.007034 
[535]	train-rmse:0.269650+0.004906	test-rmse:0.288880+0.007156 
[536]	train-rmse:0.269290+0.004821	test-rmse:0.288595+0.007234 
[537]	train-rmse:0.269196+0.004940	test-rmse:0.288525+0.007248 
[538]	train-rmse:0.269108+0.005055	test-rmse:0.288460+0.007263 
[539]	train-rmse:0.269017+0.005176	test-rmse:0.288394+0.007280 
[540]	train-rmse:0.268581+0.005170	test-rmse:0.288043+0.007303 
[541]	train-rmse:0.268492+0.005138	test-rmse:0.287961+0.007420 
[542]	train-rmse:0.268306+0.004968	test-rmse:0.287803+0.007368 
[543]	train-rmse:0.268125+0.004995	test-rmse:0.287665+0.007411 
[544]	train-rmse:0.267860+0.004796	test-rmse:0.287449+0.007487 
[545]	train-rmse:0.267686+0.004988	test-rmse:0.287330+0.007440 
[546]	train-rmse:0.267425+0.004986	test-rmse:0.287118+0.007609 
[547]	train-rmse:0.267244+0.004826	test-rmse:0.286970+0.007563 
[548]	train-rmse:0.267154+0.004791	test-rmse:0.286891+0.007673 
[549]	train-rmse:0.266975+0.004986	test-rmse:0.286775+0.007625 
[550]	train-rmse:0.266793+0.004960	test-rmse:0.286629+0.007592 
[551]	train-rmse:0.266623+0.005004	test-rmse:0.286495+0.007638 
[552]	train-rmse:0.266360+0.004946	test-rmse:0.286282+0.007726 
[553]	train-rmse:0.266267+0.004871	test-rmse:0.286210+0.007653 
[554]	train-rmse:0.266177+0.005000	test-rmse:0.286150+0.007666 
[555]	train-rmse:0.266081+0.004927	test-rmse:0.286071+0.007590 
[556]	train-rmse:0.265820+0.004835	test-rmse:0.285867+0.007493 
[557]	train-rmse:0.265566+0.004946	test-rmse:0.285672+0.007472 
[558]	train-rmse:0.265306+0.005060	test-rmse:0.285488+0.007458 
[559]	train-rmse:0.265214+0.005132	test-rmse:0.285423+0.007393 
[560]	train-rmse:0.265037+0.004987	test-rmse:0.285281+0.007355 
[561]	train-rmse:0.265029+0.004986	test-rmse:0.285274+0.007356 
[562]	train-rmse:0.264848+0.004843	test-rmse:0.285123+0.007325 
[563]	train-rmse:0.264673+0.004847	test-rmse:0.284990+0.007302 
[564]	train-rmse:0.264416+0.004785	test-rmse:0.284789+0.007206 
[565]	train-rmse:0.264328+0.004717	test-rmse:0.284713+0.007306 
[566]	train-rmse:0.264156+0.004775	test-rmse:0.284582+0.007361 
[567]	train-rmse:0.263982+0.004651	test-rmse:0.284419+0.007525 
[568]	train-rmse:0.263727+0.004774	test-rmse:0.284241+0.007401 
[569]	train-rmse:0.263551+0.004838	test-rmse:0.284115+0.007455 
[570]	train-rmse:0.263381+0.005030	test-rmse:0.284008+0.007406 
[571]	train-rmse:0.263291+0.004957	test-rmse:0.283938+0.007334 
[572]	train-rmse:0.263036+0.004886	test-rmse:0.283737+0.007306 
[573]	train-rmse:0.262947+0.004823	test-rmse:0.283664+0.007234 
[574]	train-rmse:0.262939+0.004822	test-rmse:0.283659+0.007234 
[575]	train-rmse:0.262687+0.004818	test-rmse:0.283472+0.007222 
[576]	train-rmse:0.262599+0.004889	test-rmse:0.283413+0.007160 
[577]	train-rmse:0.262505+0.004828	test-rmse:0.283339+0.007208 
[578]	train-rmse:0.262252+0.004838	test-rmse:0.283153+0.007196 
[579]	train-rmse:0.262161+0.004788	test-rmse:0.283074+0.007252 
[580]	train-rmse:0.262068+0.004702	test-rmse:0.282994+0.007352 
[581]	train-rmse:0.261981+0.004770	test-rmse:0.282933+0.007288 
[582]	train-rmse:0.261812+0.004769	test-rmse:0.282794+0.007330 
[583]	train-rmse:0.261640+0.004810	test-rmse:0.282667+0.007436 
[584]	train-rmse:0.261472+0.005003	test-rmse:0.282556+0.007380 
[585]	train-rmse:0.261230+0.005122	test-rmse:0.282380+0.007428 
[586]	train-rmse:0.261061+0.004985	test-rmse:0.282237+0.007458 
[587]	train-rmse:0.260805+0.004785	test-rmse:0.282034+0.007528 
[588]	train-rmse:0.260720+0.004901	test-rmse:0.281974+0.007535 
[589]	train-rmse:0.260631+0.004837	test-rmse:0.281897+0.007640 
[590]	train-rmse:0.260544+0.004777	test-rmse:0.281819+0.007687 
[591]	train-rmse:0.260454+0.004706	test-rmse:0.281744+0.007614 
[592]	train-rmse:0.260290+0.004583	test-rmse:0.281598+0.007581 
[593]	train-rmse:0.260044+0.004705	test-rmse:0.281412+0.007618 
[594]	train-rmse:0.259871+0.004576	test-rmse:0.281265+0.007589 
[595]	train-rmse:0.259620+0.004382	test-rmse:0.281058+0.007668 
[596]	train-rmse:0.259374+0.004320	test-rmse:0.280871+0.007753 
[597]	train-rmse:0.259208+0.004324	test-rmse:0.280754+0.007633 
[598]	train-rmse:0.258968+0.004138	test-rmse:0.280536+0.007727 
[599]	train-rmse:0.258881+0.004069	test-rmse:0.280464+0.007825 
[600]	train-rmse:0.258713+0.003946	test-rmse:0.280323+0.007975 
[601]	train-rmse:0.258627+0.004066	test-rmse:0.280263+0.007975 
[602]	train-rmse:0.258461+0.004072	test-rmse:0.280140+0.008017 
[603]	train-rmse:0.258303+0.004089	test-rmse:0.280017+0.008063 
[604]	train-rmse:0.258218+0.004203	test-rmse:0.279960+0.008063 
[605]	train-rmse:0.257974+0.004335	test-rmse:0.279775+0.008043 
[606]	train-rmse:0.257801+0.004198	test-rmse:0.279643+0.008026 
[607]	train-rmse:0.257484+0.004251	test-rmse:0.279409+0.008023 
[608]	train-rmse:0.257476+0.004251	test-rmse:0.279403+0.008023 
[609]	train-rmse:0.257149+0.004319	test-rmse:0.279159+0.008117 
[610]	train-rmse:0.257060+0.004397	test-rmse:0.279101+0.008057 
[611]	train-rmse:0.256903+0.004419	test-rmse:0.278985+0.008098 
[612]	train-rmse:0.256587+0.004489	test-rmse:0.278739+0.008209 
[613]	train-rmse:0.256425+0.004514	test-rmse:0.278616+0.008138 
[614]	train-rmse:0.256106+0.004575	test-rmse:0.278385+0.008131 
[615]	train-rmse:0.256022+0.004530	test-rmse:0.278314+0.008229 
[616]	train-rmse:0.255936+0.004466	test-rmse:0.278251+0.008266 
[617]	train-rmse:0.255930+0.004466	test-rmse:0.278246+0.008267 
[618]	train-rmse:0.255769+0.004465	test-rmse:0.278128+0.008148 
[619]	train-rmse:0.255614+0.004525	test-rmse:0.278012+0.008240 
[620]	train-rmse:0.255379+0.004518	test-rmse:0.277816+0.008285 
[621]	train-rmse:0.255144+0.004623	test-rmse:0.277646+0.008163 
[622]	train-rmse:0.255058+0.004553	test-rmse:0.277584+0.008196 
[623]	train-rmse:0.254973+0.004481	test-rmse:0.277516+0.008137 
[624]	train-rmse:0.254657+0.004549	test-rmse:0.277281+0.008224 
[625]	train-rmse:0.254577+0.004655	test-rmse:0.277233+0.008224 
[626]	train-rmse:0.254493+0.004772	test-rmse:0.277175+0.008226 
[627]	train-rmse:0.254485+0.004771	test-rmse:0.277169+0.008226 
[628]	train-rmse:0.254329+0.004792	test-rmse:0.277051+0.008278 
[629]	train-rmse:0.253939+0.004778	test-rmse:0.276765+0.008296 
[630]	train-rmse:0.253777+0.004639	test-rmse:0.276625+0.008274 
[631]	train-rmse:0.253691+0.004566	test-rmse:0.276556+0.008214 
[632]	train-rmse:0.253299+0.004559	test-rmse:0.276268+0.008224 
[633]	train-rmse:0.253065+0.004698	test-rmse:0.276092+0.008263 
[634]	train-rmse:0.252984+0.004767	test-rmse:0.276037+0.008205 
[635]	train-rmse:0.252832+0.004942	test-rmse:0.275937+0.008151 
[636]	train-rmse:0.252601+0.005072	test-rmse:0.275775+0.008208 
[637]	train-rmse:0.252595+0.005071	test-rmse:0.275770+0.008209 
[638]	train-rmse:0.252513+0.005004	test-rmse:0.275701+0.008246 
[639]	train-rmse:0.252435+0.005107	test-rmse:0.275655+0.008247 
[640]	train-rmse:0.252205+0.005209	test-rmse:0.275482+0.008118 
[641]	train-rmse:0.252121+0.005141	test-rmse:0.275414+0.008056 
[642]	train-rmse:0.251965+0.005184	test-rmse:0.275303+0.008004 
[643]	train-rmse:0.251652+0.005229	test-rmse:0.275086+0.007919 
[644]	train-rmse:0.251339+0.005279	test-rmse:0.274860+0.007840 
[645]	train-rmse:0.251254+0.005211	test-rmse:0.274793+0.007878 
[646]	train-rmse:0.250945+0.005261	test-rmse:0.274575+0.007794 
[647]	train-rmse:0.250633+0.005146	test-rmse:0.274329+0.007834 
[648]	train-rmse:0.250553+0.005256	test-rmse:0.274281+0.007834 
[649]	train-rmse:0.250398+0.005260	test-rmse:0.274172+0.007814 
[650]	train-rmse:0.250098+0.005189	test-rmse:0.273940+0.007897 
[651]	train-rmse:0.249951+0.005357	test-rmse:0.273840+0.007838 
[652]	train-rmse:0.249805+0.005526	test-rmse:0.273740+0.007778 
[653]	train-rmse:0.249799+0.005526	test-rmse:0.273735+0.007778 
[654]	train-rmse:0.249717+0.005469	test-rmse:0.273666+0.007716 
[655]	train-rmse:0.249634+0.005410	test-rmse:0.273601+0.007755 
[656]	train-rmse:0.249628+0.005410	test-rmse:0.273597+0.007756 
[657]	train-rmse:0.249549+0.005356	test-rmse:0.273526+0.007800 
[658]	train-rmse:0.249469+0.005289	test-rmse:0.273452+0.007903 
[659]	train-rmse:0.249247+0.005394	test-rmse:0.273292+0.007943 
[660]	train-rmse:0.249094+0.005570	test-rmse:0.273194+0.007887 
[661]	train-rmse:0.248869+0.005689	test-rmse:0.273037+0.007878 
[662]	train-rmse:0.248711+0.005573	test-rmse:0.272911+0.007863 
[663]	train-rmse:0.248568+0.005610	test-rmse:0.272801+0.007952 
[664]	train-rmse:0.248342+0.005609	test-rmse:0.272631+0.007936 
[665]	train-rmse:0.248190+0.005608	test-rmse:0.272520+0.007964 
[666]	train-rmse:0.248111+0.005546	test-rmse:0.272446+0.008067 
[667]	train-rmse:0.247963+0.005590	test-rmse:0.272344+0.008016 
[668]	train-rmse:0.247734+0.005716	test-rmse:0.272185+0.008003 
[669]	train-rmse:0.247585+0.005719	test-rmse:0.272084+0.008029 
[670]	train-rmse:0.247579+0.005719	test-rmse:0.272079+0.008029 
[671]	train-rmse:0.247420+0.005738	test-rmse:0.271977+0.008015 
[672]	train-rmse:0.247343+0.005677	test-rmse:0.271913+0.008104 
[673]	train-rmse:0.247337+0.005677	test-rmse:0.271909+0.008105 
[674]	train-rmse:0.247105+0.005672	test-rmse:0.271751+0.008231 
[675]	train-rmse:0.246884+0.005776	test-rmse:0.271608+0.008117 
[676]	train-rmse:0.246590+0.005832	test-rmse:0.271401+0.008200 
[677]	train-rmse:0.246369+0.005770	test-rmse:0.271232+0.008178 
[678]	train-rmse:0.246292+0.005875	test-rmse:0.271183+0.008179 
[679]	train-rmse:0.246211+0.005807	test-rmse:0.271117+0.008117 
[680]	train-rmse:0.245983+0.005792	test-rmse:0.270954+0.008099 
[681]	train-rmse:0.245762+0.005900	test-rmse:0.270806+0.007988 
[682]	train-rmse:0.245686+0.006007	test-rmse:0.270760+0.007990 
[683]	train-rmse:0.245471+0.006101	test-rmse:0.270620+0.007889 
[684]	train-rmse:0.245321+0.006109	test-rmse:0.270519+0.007786 
[685]	train-rmse:0.245029+0.006042	test-rmse:0.270290+0.007876 
[686]	train-rmse:0.244880+0.006089	test-rmse:0.270197+0.007911 
[687]	train-rmse:0.244731+0.006101	test-rmse:0.270076+0.007786 
[688]	train-rmse:0.244374+0.006097	test-rmse:0.269806+0.007820 
[689]	train-rmse:0.244369+0.006096	test-rmse:0.269803+0.007821 
[690]	train-rmse:0.244294+0.006034	test-rmse:0.269742+0.007906 
[691]	train-rmse:0.244148+0.005922	test-rmse:0.269623+0.007944 
[692]	train-rmse:0.243870+0.005975	test-rmse:0.269425+0.007934 
[693]	train-rmse:0.243790+0.005925	test-rmse:0.269361+0.007882 
[694]	train-rmse:0.243645+0.005981	test-rmse:0.269255+0.007834 
[695]	train-rmse:0.243499+0.005981	test-rmse:0.269150+0.007855 
[696]	train-rmse:0.243291+0.005966	test-rmse:0.268993+0.007982 
[697]	train-rmse:0.243213+0.005907	test-rmse:0.268928+0.008076 
[698]	train-rmse:0.243075+0.005958	test-rmse:0.268827+0.008164 
[699]	train-rmse:0.242853+0.005787	test-rmse:0.268657+0.008232 
[700]	train-rmse:0.242781+0.005892	test-rmse:0.268618+0.008233 
[701]	train-rmse:0.242633+0.005792	test-rmse:0.268499+0.008277 
[702]	train-rmse:0.242558+0.005748	test-rmse:0.268446+0.008238 
[703]	train-rmse:0.242411+0.005626	test-rmse:0.268330+0.008355 
[704]	train-rmse:0.242128+0.005686	test-rmse:0.268122+0.008360 
[705]	train-rmse:0.242056+0.005646	test-rmse:0.268067+0.008320 
[706]	train-rmse:0.241911+0.005675	test-rmse:0.267967+0.008350 
[707]	train-rmse:0.241544+0.005664	test-rmse:0.267710+0.008364 
[708]	train-rmse:0.241470+0.005598	test-rmse:0.267648+0.008396 
[709]	train-rmse:0.241326+0.005482	test-rmse:0.267536+0.008513 
[710]	train-rmse:0.241255+0.005590	test-rmse:0.267490+0.008512 
[711]	train-rmse:0.240894+0.005576	test-rmse:0.267227+0.008529 
[712]	train-rmse:0.240818+0.005530	test-rmse:0.267171+0.008489 
[713]	train-rmse:0.240813+0.005530	test-rmse:0.267167+0.008489 
[714]	train-rmse:0.240741+0.005576	test-rmse:0.267116+0.008428 
[715]	train-rmse:0.240668+0.005625	test-rmse:0.267073+0.008378 
[716]	train-rmse:0.240531+0.005686	test-rmse:0.266981+0.008337 
[717]	train-rmse:0.240385+0.005564	test-rmse:0.266860+0.008460 
[718]	train-rmse:0.240309+0.005520	test-rmse:0.266801+0.008417 
[719]	train-rmse:0.240103+0.005505	test-rmse:0.266648+0.008525 
[720]	train-rmse:0.239969+0.005562	test-rmse:0.266555+0.008613 
[721]	train-rmse:0.239831+0.005558	test-rmse:0.266455+0.008654 
[722]	train-rmse:0.239689+0.005592	test-rmse:0.266358+0.008685 
[723]	train-rmse:0.239615+0.005531	test-rmse:0.266299+0.008717 
[724]	train-rmse:0.239478+0.005683	test-rmse:0.266218+0.008662 
[725]	train-rmse:0.239270+0.005630	test-rmse:0.266066+0.008654 
[726]	train-rmse:0.239069+0.005625	test-rmse:0.265903+0.008778 
[727]	train-rmse:0.238862+0.005711	test-rmse:0.265762+0.008748 
[728]	train-rmse:0.238658+0.005718	test-rmse:0.265623+0.008795 
[729]	train-rmse:0.238586+0.005760	test-rmse:0.265576+0.008739 
[730]	train-rmse:0.238443+0.005650	test-rmse:0.265458+0.008862 
[731]	train-rmse:0.238302+0.005554	test-rmse:0.265340+0.008913 
[732]	train-rmse:0.238102+0.005639	test-rmse:0.265206+0.008887 
[733]	train-rmse:0.237962+0.005683	test-rmse:0.265112+0.008915 
[734]	train-rmse:0.237691+0.005629	test-rmse:0.264910+0.008990 
[735]	train-rmse:0.237489+0.005720	test-rmse:0.264785+0.008902 
[736]	train-rmse:0.237358+0.005778	test-rmse:0.264689+0.008987 
[737]	train-rmse:0.237354+0.005778	test-rmse:0.264685+0.008988 
[738]	train-rmse:0.237160+0.005787	test-rmse:0.264540+0.009099 
[739]	train-rmse:0.236952+0.005717	test-rmse:0.264400+0.009030 
[740]	train-rmse:0.236947+0.005717	test-rmse:0.264396+0.009031 
[741]	train-rmse:0.236604+0.005704	test-rmse:0.264169+0.009037 
[742]	train-rmse:0.236413+0.005788	test-rmse:0.264030+0.009011 
[743]	train-rmse:0.236345+0.005896	test-rmse:0.263988+0.009011 
[744]	train-rmse:0.236277+0.005933	test-rmse:0.263948+0.008963 
[745]	train-rmse:0.236141+0.005987	test-rmse:0.263853+0.008919 
[746]	train-rmse:0.235999+0.005882	test-rmse:0.263745+0.008910 
[747]	train-rmse:0.235792+0.005887	test-rmse:0.263603+0.008900 
[748]	train-rmse:0.235721+0.005838	test-rmse:0.263541+0.008939 
[749]	train-rmse:0.235581+0.005736	test-rmse:0.263428+0.009057 
[750]	train-rmse:0.235384+0.005673	test-rmse:0.263282+0.009123 
[751]	train-rmse:0.235379+0.005673	test-rmse:0.263279+0.009124 
[752]	train-rmse:0.235245+0.005737	test-rmse:0.263176+0.009162 
[753]	train-rmse:0.235111+0.005645	test-rmse:0.263068+0.009278 
[754]	train-rmse:0.235043+0.005677	test-rmse:0.263025+0.009226 
[755]	train-rmse:0.234909+0.005674	test-rmse:0.262944+0.009214 
[756]	train-rmse:0.234773+0.005564	test-rmse:0.262840+0.009258 
[757]	train-rmse:0.234564+0.005498	test-rmse:0.262697+0.009195 
[758]	train-rmse:0.234433+0.005564	test-rmse:0.262598+0.009235 
[759]	train-rmse:0.234297+0.005548	test-rmse:0.262504+0.009141 
[760]	train-rmse:0.234156+0.005435	test-rmse:0.262401+0.009186 
[761]	train-rmse:0.234152+0.005434	test-rmse:0.262398+0.009187 
[762]	train-rmse:0.234085+0.005540	test-rmse:0.262359+0.009183 
[763]	train-rmse:0.233955+0.005592	test-rmse:0.262267+0.009259 
[764]	train-rmse:0.233819+0.005578	test-rmse:0.262171+0.009280 
[765]	train-rmse:0.233814+0.005578	test-rmse:0.262167+0.009281 
[766]	train-rmse:0.233685+0.005629	test-rmse:0.262082+0.009239 
[767]	train-rmse:0.233492+0.005721	test-rmse:0.261958+0.009263 
[768]	train-rmse:0.233294+0.005574	test-rmse:0.261809+0.009341 
[769]	train-rmse:0.233099+0.005583	test-rmse:0.261678+0.009447 
[770]	train-rmse:0.233094+0.005582	test-rmse:0.261675+0.009448 
[771]	train-rmse:0.233025+0.005695	test-rmse:0.261645+0.009445 
[772]	train-rmse:0.232955+0.005728	test-rmse:0.261604+0.009398 
[773]	train-rmse:0.232886+0.005685	test-rmse:0.261548+0.009434 
[774]	train-rmse:0.232757+0.005738	test-rmse:0.261461+0.009393 
[775]	train-rmse:0.232566+0.005682	test-rmse:0.261323+0.009447 
[776]	train-rmse:0.232365+0.005617	test-rmse:0.261182+0.009385 
[777]	train-rmse:0.232360+0.005617	test-rmse:0.261179+0.009386 
[778]	train-rmse:0.232231+0.005604	test-rmse:0.261077+0.009415 
[779]	train-rmse:0.232161+0.005643	test-rmse:0.261034+0.009364 
[780]	train-rmse:0.232030+0.005689	test-rmse:0.260947+0.009322 
[781]	train-rmse:0.231962+0.005728	test-rmse:0.260910+0.009280 
[782]	train-rmse:0.231705+0.005773	test-rmse:0.260742+0.009229 
[783]	train-rmse:0.231512+0.005714	test-rmse:0.260604+0.009214 
[784]	train-rmse:0.231321+0.005711	test-rmse:0.260463+0.009253 
[785]	train-rmse:0.231317+0.005711	test-rmse:0.260459+0.009253 
[786]	train-rmse:0.231251+0.005814	test-rmse:0.260422+0.009249 
[787]	train-rmse:0.231118+0.005803	test-rmse:0.260334+0.009163 
[788]	train-rmse:0.231050+0.005846	test-rmse:0.260293+0.009115 
[789]	train-rmse:0.230980+0.005891	test-rmse:0.260250+0.009063 
[790]	train-rmse:0.230848+0.005796	test-rmse:0.260150+0.009064 
[791]	train-rmse:0.230717+0.005788	test-rmse:0.260056+0.009105 
[792]	train-rmse:0.230650+0.005742	test-rmse:0.260012+0.009134 
[793]	train-rmse:0.230460+0.005690	test-rmse:0.259861+0.009201 
[794]	train-rmse:0.230392+0.005639	test-rmse:0.259810+0.009164 
[795]	train-rmse:0.230329+0.005590	test-rmse:0.259757+0.009240 
[796]	train-rmse:0.230192+0.005596	test-rmse:0.259673+0.009236 
[797]	train-rmse:0.230065+0.005596	test-rmse:0.259587+0.009260 
[798]	train-rmse:0.229874+0.005692	test-rmse:0.259463+0.009241 
[799]	train-rmse:0.229745+0.005703	test-rmse:0.259375+0.009230 
[800]	train-rmse:0.229551+0.005796	test-rmse:0.259238+0.009252 
[801]	train-rmse:0.229485+0.005890	test-rmse:0.259205+0.009246 
[802]	train-rmse:0.229481+0.005890	test-rmse:0.259202+0.009246 
[803]	train-rmse:0.229415+0.005849	test-rmse:0.259153+0.009279 
[804]	train-rmse:0.229227+0.005843	test-rmse:0.259024+0.009275 
[805]	train-rmse:0.229096+0.005748	test-rmse:0.258934+0.009264 
[806]	train-rmse:0.228969+0.005641	test-rmse:0.258830+0.009314 
[807]	train-rmse:0.228774+0.005491	test-rmse:0.258681+0.009394 
[808]	train-rmse:0.228584+0.005577	test-rmse:0.258557+0.009307 
[809]	train-rmse:0.228337+0.005510	test-rmse:0.258388+0.009374 
[810]	train-rmse:0.228209+0.005559	test-rmse:0.258310+0.009336 
[811]	train-rmse:0.228144+0.005657	test-rmse:0.258275+0.009329 
[812]	train-rmse:0.228140+0.005656	test-rmse:0.258271+0.009330 
[813]	train-rmse:0.227896+0.005698	test-rmse:0.258103+0.009384 
[814]	train-rmse:0.227832+0.005651	test-rmse:0.258058+0.009353 
[815]	train-rmse:0.227709+0.005786	test-rmse:0.257995+0.009307 
[816]	train-rmse:0.227580+0.005683	test-rmse:0.257903+0.009336 
[817]	train-rmse:0.227515+0.005629	test-rmse:0.257852+0.009409 
[818]	train-rmse:0.227328+0.005722	test-rmse:0.257737+0.009321 
[819]	train-rmse:0.227200+0.005712	test-rmse:0.257653+0.009349 
[820]	train-rmse:0.227076+0.005714	test-rmse:0.257565+0.009269 
[821]	train-rmse:0.226953+0.005716	test-rmse:0.257475+0.009258 
[822]	train-rmse:0.226887+0.005768	test-rmse:0.257436+0.009214 
[823]	train-rmse:0.226763+0.005807	test-rmse:0.257360+0.009237 
[824]	train-rmse:0.226699+0.005753	test-rmse:0.257308+0.009313 
[825]	train-rmse:0.226640+0.005837	test-rmse:0.257275+0.009306 
[826]	train-rmse:0.226636+0.005837	test-rmse:0.257272+0.009307 
[827]	train-rmse:0.226511+0.005836	test-rmse:0.257198+0.009339 
[828]	train-rmse:0.226269+0.005780	test-rmse:0.257029+0.009391 
[829]	train-rmse:0.226147+0.005782	test-rmse:0.256950+0.009387 
[830]	train-rmse:0.226082+0.005740	test-rmse:0.256901+0.009420 
[831]	train-rmse:0.225786+0.005730	test-rmse:0.256700+0.009437 
[832]	train-rmse:0.225665+0.005728	test-rmse:0.256611+0.009467 
[833]	train-rmse:0.225539+0.005735	test-rmse:0.256534+0.009500 
[834]	train-rmse:0.225412+0.005739	test-rmse:0.256438+0.009537 
[835]	train-rmse:0.225350+0.005826	test-rmse:0.256403+0.009528 
[836]	train-rmse:0.225176+0.005918	test-rmse:0.256286+0.009515 
[837]	train-rmse:0.225056+0.005832	test-rmse:0.256189+0.009623 
[838]	train-rmse:0.225053+0.005832	test-rmse:0.256187+0.009623 
[839]	train-rmse:0.224877+0.005929	test-rmse:0.256093+0.009607 
[840]	train-rmse:0.224702+0.006015	test-rmse:0.255978+0.009635 
[841]	train-rmse:0.224572+0.005914	test-rmse:0.255887+0.009629 
[842]	train-rmse:0.224504+0.005874	test-rmse:0.255843+0.009659 
[843]	train-rmse:0.224322+0.005819	test-rmse:0.255713+0.009662 
[844]	train-rmse:0.224199+0.005716	test-rmse:0.255617+0.009707 
[845]	train-rmse:0.224134+0.005675	test-rmse:0.255570+0.009739 
[846]	train-rmse:0.223960+0.005673	test-rmse:0.255451+0.009838 
[847]	train-rmse:0.223785+0.005664	test-rmse:0.255344+0.009831 
[848]	train-rmse:0.223721+0.005629	test-rmse:0.255300+0.009862 
[849]	train-rmse:0.223605+0.005674	test-rmse:0.255221+0.009886 
[850]	train-rmse:0.223601+0.005674	test-rmse:0.255218+0.009887 
[851]	train-rmse:0.223541+0.005761	test-rmse:0.255183+0.009878 
[852]	train-rmse:0.223428+0.005887	test-rmse:0.255129+0.009833 
[853]	train-rmse:0.223246+0.005854	test-rmse:0.255002+0.009886 
[854]	train-rmse:0.223068+0.005923	test-rmse:0.254912+0.009817 
[855]	train-rmse:0.222893+0.006028	test-rmse:0.254806+0.009812 
[856]	train-rmse:0.222889+0.006028	test-rmse:0.254804+0.009813 
[857]	train-rmse:0.222886+0.006027	test-rmse:0.254801+0.009813 
[858]	train-rmse:0.222765+0.005948	test-rmse:0.254715+0.009913 
[859]	train-rmse:0.222702+0.005887	test-rmse:0.254664+0.009876 
[860]	train-rmse:0.222584+0.005938	test-rmse:0.254599+0.009903 
[861]	train-rmse:0.222580+0.005938	test-rmse:0.254597+0.009903 
[862]	train-rmse:0.222523+0.006021	test-rmse:0.254573+0.009897 
[863]	train-rmse:0.222519+0.006021	test-rmse:0.254570+0.009898 
[864]	train-rmse:0.222348+0.006096	test-rmse:0.254457+0.009922 
[865]	train-rmse:0.222234+0.006227	test-rmse:0.254395+0.009877 
[866]	train-rmse:0.222179+0.006305	test-rmse:0.254368+0.009870 
[867]	train-rmse:0.221998+0.006280	test-rmse:0.254243+0.009896 
[868]	train-rmse:0.221936+0.006233	test-rmse:0.254198+0.009960 
[869]	train-rmse:0.221871+0.006201	test-rmse:0.254153+0.009993 
[870]	train-rmse:0.221806+0.006171	test-rmse:0.254112+0.010023 
[871]	train-rmse:0.221744+0.006216	test-rmse:0.254076+0.009982 
[872]	train-rmse:0.221630+0.006235	test-rmse:0.254000+0.009941 
[873]	train-rmse:0.221569+0.006177	test-rmse:0.253956+0.009909 
[874]	train-rmse:0.221510+0.006220	test-rmse:0.253920+0.009868 
[875]	train-rmse:0.221392+0.006204	test-rmse:0.253848+0.009801 
[876]	train-rmse:0.221325+0.006144	test-rmse:0.253806+0.009771 
[877]	train-rmse:0.221264+0.006114	test-rmse:0.253769+0.009798 
[878]	train-rmse:0.221095+0.006188	test-rmse:0.253656+0.009712 
[879]	train-rmse:0.220985+0.006311	test-rmse:0.253597+0.009667 
[880]	train-rmse:0.220925+0.006360	test-rmse:0.253562+0.009627 
[881]	train-rmse:0.220809+0.006392	test-rmse:0.253492+0.009683 
[882]	train-rmse:0.220754+0.006471	test-rmse:0.253465+0.009677 
[883]	train-rmse:0.220688+0.006413	test-rmse:0.253410+0.009637 
[884]	train-rmse:0.220511+0.006353	test-rmse:0.253285+0.009631 
[885]	train-rmse:0.220342+0.006424	test-rmse:0.253185+0.009663 
[886]	train-rmse:0.220290+0.006499	test-rmse:0.253161+0.009658 
[887]	train-rmse:0.220178+0.006527	test-rmse:0.253095+0.009623 
[888]	train-rmse:0.220061+0.006559	test-rmse:0.253030+0.009590 
[889]	train-rmse:0.219886+0.006554	test-rmse:0.252908+0.009690 
[890]	train-rmse:0.219710+0.006538	test-rmse:0.252791+0.009723 
[891]	train-rmse:0.219598+0.006571	test-rmse:0.252737+0.009694 
[892]	train-rmse:0.219481+0.006488	test-rmse:0.252655+0.009697 
[893]	train-rmse:0.219311+0.006430	test-rmse:0.252533+0.009696 
[894]	train-rmse:0.219196+0.006465	test-rmse:0.252462+0.009659 
[895]	train-rmse:0.219133+0.006421	test-rmse:0.252418+0.009632 
[896]	train-rmse:0.219129+0.006421	test-rmse:0.252416+0.009632 
[897]	train-rmse:0.219126+0.006421	test-rmse:0.252414+0.009633 
[898]	train-rmse:0.219066+0.006381	test-rmse:0.252375+0.009659 
[899]	train-rmse:0.218949+0.006382	test-rmse:0.252310+0.009646 
[900]	train-rmse:0.218946+0.006382	test-rmse:0.252308+0.009646 
[901]	train-rmse:0.218883+0.006328	test-rmse:0.252261+0.009714 
[902]	train-rmse:0.218765+0.006238	test-rmse:0.252169+0.009815 
[903]	train-rmse:0.218702+0.006200	test-rmse:0.252123+0.009848 
[904]	train-rmse:0.218532+0.006203	test-rmse:0.252012+0.009841 
[905]	train-rmse:0.218301+0.006109	test-rmse:0.251867+0.009875 
[906]	train-rmse:0.218128+0.005976	test-rmse:0.251744+0.009928 
[907]	train-rmse:0.217961+0.005984	test-rmse:0.251631+0.009923 
[908]	train-rmse:0.217901+0.005953	test-rmse:0.251580+0.009961 
[909]	train-rmse:0.217898+0.005953	test-rmse:0.251578+0.009961 
[910]	train-rmse:0.217732+0.006014	test-rmse:0.251477+0.009978 
[911]	train-rmse:0.217729+0.006014	test-rmse:0.251474+0.009979 
[912]	train-rmse:0.217607+0.005935	test-rmse:0.251400+0.009985 
[913]	train-rmse:0.217548+0.005972	test-rmse:0.251365+0.009942 
[914]	train-rmse:0.217493+0.006056	test-rmse:0.251337+0.009934 
[915]	train-rmse:0.217490+0.006056	test-rmse:0.251335+0.009934 
[916]	train-rmse:0.217429+0.006011	test-rmse:0.251298+0.009912 
[917]	train-rmse:0.217268+0.006101	test-rmse:0.251201+0.009893 
[918]	train-rmse:0.217103+0.006177	test-rmse:0.251116+0.009832 
[919]	train-rmse:0.217044+0.006217	test-rmse:0.251088+0.009798 
[920]	train-rmse:0.216927+0.006225	test-rmse:0.251016+0.009805 
[921]	train-rmse:0.216924+0.006225	test-rmse:0.251014+0.009806 
[922]	train-rmse:0.216860+0.006179	test-rmse:0.250975+0.009782 
[923]	train-rmse:0.216856+0.006179	test-rmse:0.250973+0.009783 
[924]	train-rmse:0.216797+0.006139	test-rmse:0.250933+0.009759 
[925]	train-rmse:0.216738+0.006101	test-rmse:0.250893+0.009736 
[926]	train-rmse:0.216677+0.006069	test-rmse:0.250856+0.009765 
[927]	train-rmse:0.216563+0.006003	test-rmse:0.250783+0.009770 
[928]	train-rmse:0.216400+0.005986	test-rmse:0.250675+0.009851 
[929]	train-rmse:0.216288+0.005963	test-rmse:0.250606+0.009875 
[930]	train-rmse:0.216286+0.005963	test-rmse:0.250604+0.009876 
[931]	train-rmse:0.216226+0.005902	test-rmse:0.250562+0.009934 
[932]	train-rmse:0.216172+0.005983	test-rmse:0.250539+0.009927 
[933]	train-rmse:0.216005+0.006000	test-rmse:0.250435+0.009928 
[934]	train-rmse:0.215892+0.005997	test-rmse:0.250362+0.009866 
[935]	train-rmse:0.215835+0.006036	test-rmse:0.250327+0.009822 
[936]	train-rmse:0.215619+0.006060	test-rmse:0.250199+0.009812 
[937]	train-rmse:0.215616+0.006060	test-rmse:0.250197+0.009813 
[938]	train-rmse:0.215613+0.006059	test-rmse:0.250195+0.009813 
[939]	train-rmse:0.215555+0.006029	test-rmse:0.250152+0.009847 
[940]	train-rmse:0.215442+0.005965	test-rmse:0.250074+0.009859 
[941]	train-rmse:0.215328+0.006020	test-rmse:0.250018+0.009878 
[942]	train-rmse:0.215224+0.006135	test-rmse:0.249961+0.009827 
[943]	train-rmse:0.215166+0.006110	test-rmse:0.249924+0.009857 
[944]	train-rmse:0.215111+0.006192	test-rmse:0.249899+0.009849 
[945]	train-rmse:0.215054+0.006131	test-rmse:0.249857+0.009907 
[946]	train-rmse:0.215051+0.006130	test-rmse:0.249855+0.009908 
[947]	train-rmse:0.214998+0.006108	test-rmse:0.249819+0.009937 
[948]	train-rmse:0.214834+0.006099	test-rmse:0.249692+0.010039 
[949]	train-rmse:0.214673+0.006120	test-rmse:0.249583+0.010046 
[950]	train-rmse:0.214670+0.006119	test-rmse:0.249581+0.010047 
[951]	train-rmse:0.214615+0.006061	test-rmse:0.249534+0.010111 
[952]	train-rmse:0.214451+0.005992	test-rmse:0.249425+0.010108 
[953]	train-rmse:0.214391+0.005969	test-rmse:0.249390+0.010136 
[954]	train-rmse:0.214338+0.006050	test-rmse:0.249360+0.010126 
[955]	train-rmse:0.214179+0.006035	test-rmse:0.249243+0.010156 
[956]	train-rmse:0.214067+0.005952	test-rmse:0.249163+0.010247 
[957]	train-rmse:0.213957+0.005923	test-rmse:0.249086+0.010272 
[958]	train-rmse:0.213851+0.005946	test-rmse:0.249020+0.010326 
[959]	train-rmse:0.213743+0.005952	test-rmse:0.248953+0.010331 
[960]	train-rmse:0.213686+0.005896	test-rmse:0.248910+0.010392 
[961]	train-rmse:0.213684+0.005896	test-rmse:0.248908+0.010392 
[962]	train-rmse:0.213577+0.005921	test-rmse:0.248838+0.010447 
[963]	train-rmse:0.213526+0.006002	test-rmse:0.248810+0.010438 
[964]	train-rmse:0.213316+0.006041	test-rmse:0.248674+0.010401 
[965]	train-rmse:0.213050+0.006039	test-rmse:0.248498+0.010411 
[966]	train-rmse:0.212994+0.005998	test-rmse:0.248464+0.010393 
[967]	train-rmse:0.212991+0.005998	test-rmse:0.248462+0.010393 
[968]	train-rmse:0.212781+0.005909	test-rmse:0.248309+0.010442 
[969]	train-rmse:0.212726+0.005941	test-rmse:0.248280+0.010406 
[970]	train-rmse:0.212512+0.005992	test-rmse:0.248164+0.010379 
[971]	train-rmse:0.212509+0.005992	test-rmse:0.248162+0.010379 
[972]	train-rmse:0.212453+0.005970	test-rmse:0.248130+0.010404 
[973]	train-rmse:0.212400+0.006051	test-rmse:0.248104+0.010395 
[974]	train-rmse:0.212346+0.006083	test-rmse:0.248075+0.010360 
[975]	train-rmse:0.212343+0.006083	test-rmse:0.248073+0.010361 
[976]	train-rmse:0.212286+0.006118	test-rmse:0.248039+0.010319 
[977]	train-rmse:0.212234+0.006198	test-rmse:0.248015+0.010310 
[978]	train-rmse:0.212076+0.006079	test-rmse:0.247910+0.010378 
[979]	train-rmse:0.211912+0.005958	test-rmse:0.247803+0.010439 
[980]	train-rmse:0.211750+0.005888	test-rmse:0.247698+0.010446 
[981]	train-rmse:0.211646+0.005864	test-rmse:0.247632+0.010477 
[982]	train-rmse:0.211589+0.005902	test-rmse:0.247604+0.010444 
[983]	train-rmse:0.211532+0.005844	test-rmse:0.247560+0.010506 
[984]	train-rmse:0.211476+0.005789	test-rmse:0.247522+0.010560 
[985]	train-rmse:0.211310+0.005777	test-rmse:0.247423+0.010602 
[986]	train-rmse:0.211256+0.005736	test-rmse:0.247381+0.010580 
[987]	train-rmse:0.211150+0.005644	test-rmse:0.247313+0.010619 
[988]	train-rmse:0.211043+0.005638	test-rmse:0.247250+0.010568 
[989]	train-rmse:0.210991+0.005718	test-rmse:0.247229+0.010560 
[990]	train-rmse:0.210840+0.005782	test-rmse:0.247137+0.010581 
[991]	train-rmse:0.210786+0.005733	test-rmse:0.247100+0.010634 
[992]	train-rmse:0.210681+0.005665	test-rmse:0.247034+0.010640 
[993]	train-rmse:0.210573+0.005575	test-rmse:0.246965+0.010667 
[994]	train-rmse:0.210516+0.005542	test-rmse:0.246922+0.010699 
[995]	train-rmse:0.210413+0.005562	test-rmse:0.246867+0.010753 
[996]	train-rmse:0.210410+0.005562	test-rmse:0.246865+0.010754 
[997]	train-rmse:0.210257+0.005641	test-rmse:0.246780+0.010733 
[998]	train-rmse:0.210101+0.005598	test-rmse:0.246688+0.010785 
[999]	train-rmse:0.210048+0.005551	test-rmse:0.246651+0.010839 
[1000]	train-rmse:0.209994+0.005509	test-rmse:0.246609+0.010818 
[1001]	train-rmse:0.209895+0.005495	test-rmse:0.246545+0.010839 
[1002]	train-rmse:0.209793+0.005610	test-rmse:0.246502+0.010803 
[1003]	train-rmse:0.209689+0.005648	test-rmse:0.246445+0.010776 
[1004]	train-rmse:0.209639+0.005681	test-rmse:0.246422+0.010748 
[1005]	train-rmse:0.209636+0.005681	test-rmse:0.246420+0.010749 
[1006]	train-rmse:0.209585+0.005652	test-rmse:0.246387+0.010773 
[1007]	train-rmse:0.209436+0.005724	test-rmse:0.246302+0.010710 
[1008]	train-rmse:0.209382+0.005674	test-rmse:0.246263+0.010767 
[1009]	train-rmse:0.209326+0.005642	test-rmse:0.246224+0.010796 
[1010]	train-rmse:0.209076+0.005627	test-rmse:0.246080+0.010825 
[1011]	train-rmse:0.209025+0.005581	test-rmse:0.246037+0.010889 
[1012]	train-rmse:0.209022+0.005581	test-rmse:0.246036+0.010889 
[1013]	train-rmse:0.208873+0.005577	test-rmse:0.245944+0.010915 
[1014]	train-rmse:0.208818+0.005530	test-rmse:0.245907+0.010969 
[1015]	train-rmse:0.208679+0.005590	test-rmse:0.245823+0.010983 
[1016]	train-rmse:0.208527+0.005546	test-rmse:0.245722+0.011037 
[1017]	train-rmse:0.208476+0.005625	test-rmse:0.245704+0.011030 
[1018]	train-rmse:0.208419+0.005579	test-rmse:0.245665+0.011010 
[1019]	train-rmse:0.208365+0.005538	test-rmse:0.245630+0.010993 
[1020]	train-rmse:0.208363+0.005538	test-rmse:0.245629+0.010993 
[1021]	train-rmse:0.208215+0.005611	test-rmse:0.245555+0.011002 
[1022]	train-rmse:0.208169+0.005683	test-rmse:0.245532+0.010992 
[1023]	train-rmse:0.208065+0.005675	test-rmse:0.245471+0.010939 
[1024]	train-rmse:0.207965+0.005596	test-rmse:0.245397+0.010977 
[1025]	train-rmse:0.207862+0.005522	test-rmse:0.245326+0.010982 
[1026]	train-rmse:0.207860+0.005521	test-rmse:0.245324+0.010983 
[1027]	train-rmse:0.207716+0.005590	test-rmse:0.245240+0.010996 
[1028]	train-rmse:0.207663+0.005625	test-rmse:0.245211+0.010961 
[1029]	train-rmse:0.207458+0.005659	test-rmse:0.245086+0.010933 
[1030]	train-rmse:0.207253+0.005579	test-rmse:0.244965+0.010954 
[1031]	train-rmse:0.207204+0.005655	test-rmse:0.244942+0.010945 
[1032]	train-rmse:0.207201+0.005655	test-rmse:0.244941+0.010945 
[1033]	train-rmse:0.207153+0.005689	test-rmse:0.244918+0.010918 
[1034]	train-rmse:0.207050+0.005608	test-rmse:0.244844+0.010999 
[1035]	train-rmse:0.206998+0.005566	test-rmse:0.244807+0.011054 
[1036]	train-rmse:0.206944+0.005526	test-rmse:0.244772+0.011038 
[1037]	train-rmse:0.206847+0.005567	test-rmse:0.244711+0.011058 
[1038]	train-rmse:0.206795+0.005524	test-rmse:0.244678+0.011107 
[1039]	train-rmse:0.206793+0.005524	test-rmse:0.244677+0.011107 
[1040]	train-rmse:0.206746+0.005486	test-rmse:0.244634+0.011172 
[1041]	train-rmse:0.206649+0.005522	test-rmse:0.244579+0.011147 
[1042]	train-rmse:0.206553+0.005559	test-rmse:0.244517+0.011118 
[1043]	train-rmse:0.206551+0.005559	test-rmse:0.244515+0.011118 
[1044]	train-rmse:0.206548+0.005558	test-rmse:0.244514+0.011118 
[1045]	train-rmse:0.206501+0.005521	test-rmse:0.244475+0.011176 
[1046]	train-rmse:0.206397+0.005558	test-rmse:0.244431+0.011189 
[1047]	train-rmse:0.206261+0.005557	test-rmse:0.244343+0.011226 
[1048]	train-rmse:0.206157+0.005554	test-rmse:0.244292+0.011186 
[1049]	train-rmse:0.206106+0.005515	test-rmse:0.244252+0.011246 
[1050]	train-rmse:0.206050+0.005474	test-rmse:0.244214+0.011272 
[1051]	train-rmse:0.205999+0.005506	test-rmse:0.244185+0.011236 
[1052]	train-rmse:0.205901+0.005435	test-rmse:0.244112+0.011240 
[1053]	train-rmse:0.205848+0.005398	test-rmse:0.244080+0.011226 
[1054]	train-rmse:0.205846+0.005398	test-rmse:0.244079+0.011226 
[1055]	train-rmse:0.205750+0.005504	test-rmse:0.244023+0.011175 
[1056]	train-rmse:0.205651+0.005501	test-rmse:0.243964+0.011130 
[1057]	train-rmse:0.205546+0.005417	test-rmse:0.243884+0.011214 
[1058]	train-rmse:0.205544+0.005417	test-rmse:0.243882+0.011215 
[1059]	train-rmse:0.205359+0.005441	test-rmse:0.243772+0.011252 
[1060]	train-rmse:0.205171+0.005465	test-rmse:0.243679+0.011264 
[1061]	train-rmse:0.205075+0.005393	test-rmse:0.243607+0.011300 
[1062]	train-rmse:0.204928+0.005347	test-rmse:0.243522+0.011352 
[1063]	train-rmse:0.204879+0.005312	test-rmse:0.243490+0.011374 
[1064]	train-rmse:0.204877+0.005312	test-rmse:0.243489+0.011374 
[1065]	train-rmse:0.204784+0.005417	test-rmse:0.243444+0.011334 
[1066]	train-rmse:0.204693+0.005521	test-rmse:0.243398+0.011296 
[1067]	train-rmse:0.204550+0.005481	test-rmse:0.243298+0.011314 
[1068]	train-rmse:0.204407+0.005439	test-rmse:0.243220+0.011301 
[1069]	train-rmse:0.204357+0.005477	test-rmse:0.243194+0.011269 
[1070]	train-rmse:0.204167+0.005503	test-rmse:0.243092+0.011299 
[1071]	train-rmse:0.204165+0.005503	test-rmse:0.243091+0.011299 
[1072]	train-rmse:0.204121+0.005569	test-rmse:0.243073+0.011291 
[1073]	train-rmse:0.203971+0.005648	test-rmse:0.242998+0.011235 
[1074]	train-rmse:0.203969+0.005648	test-rmse:0.242996+0.011236 
[1075]	train-rmse:0.203877+0.005679	test-rmse:0.242943+0.011272 
[1076]	train-rmse:0.203686+0.005600	test-rmse:0.242810+0.011299 
[1077]	train-rmse:0.203590+0.005525	test-rmse:0.242749+0.011370 
[1078]	train-rmse:0.203451+0.005485	test-rmse:0.242657+0.011387 
[1079]	train-rmse:0.203400+0.005447	test-rmse:0.242626+0.011434 
[1080]	train-rmse:0.203307+0.005375	test-rmse:0.242559+0.011512 
[1081]	train-rmse:0.203262+0.005442	test-rmse:0.242537+0.011500 
[1082]	train-rmse:0.203260+0.005442	test-rmse:0.242536+0.011501 
[1083]	train-rmse:0.203209+0.005404	test-rmse:0.242495+0.011528 
[1084]	train-rmse:0.203071+0.005480	test-rmse:0.242406+0.011551 
[1085]	train-rmse:0.202923+0.005473	test-rmse:0.242321+0.011575 
[1086]	train-rmse:0.202920+0.005473	test-rmse:0.242319+0.011575 
[1087]	train-rmse:0.202823+0.005400	test-rmse:0.242257+0.011645 
[1088]	train-rmse:0.202681+0.005359	test-rmse:0.242165+0.011665 
[1089]	train-rmse:0.202637+0.005427	test-rmse:0.242149+0.011657 
[1090]	train-rmse:0.202547+0.005530	test-rmse:0.242114+0.011625 
[1091]	train-rmse:0.202496+0.005490	test-rmse:0.242081+0.011611 
[1092]	train-rmse:0.202360+0.005559	test-rmse:0.242017+0.011615 
[1093]	train-rmse:0.202358+0.005558	test-rmse:0.242016+0.011616 
[1094]	train-rmse:0.202268+0.005564	test-rmse:0.241965+0.011643 
[1095]	train-rmse:0.202225+0.005629	test-rmse:0.241946+0.011634 
[1096]	train-rmse:0.202223+0.005628	test-rmse:0.241945+0.011634 
[1097]	train-rmse:0.202086+0.005633	test-rmse:0.241872+0.011660 
[1098]	train-rmse:0.202037+0.005603	test-rmse:0.241838+0.011711 
[1099]	train-rmse:0.202034+0.005603	test-rmse:0.241836+0.011712 
[1100]	train-rmse:0.201981+0.005557	test-rmse:0.241806+0.011730 
[1101]	train-rmse:0.201791+0.005474	test-rmse:0.241688+0.011761 
[1102]	train-rmse:0.201697+0.005501	test-rmse:0.241634+0.011768 
[1103]	train-rmse:0.201655+0.005566	test-rmse:0.241615+0.011759 
[1104]	train-rmse:0.201475+0.005592	test-rmse:0.241517+0.011787 
[1105]	train-rmse:0.201388+0.005628	test-rmse:0.241466+0.011821 
[1106]	train-rmse:0.201297+0.005661	test-rmse:0.241420+0.011800 
[1107]	train-rmse:0.201295+0.005661	test-rmse:0.241418+0.011800 
[1108]	train-rmse:0.201109+0.005683	test-rmse:0.241318+0.011774 
[1109]	train-rmse:0.200980+0.005742	test-rmse:0.241240+0.011715 
[1110]	train-rmse:0.200935+0.005714	test-rmse:0.241205+0.011769 
[1111]	train-rmse:0.200840+0.005709	test-rmse:0.241159+0.011735 
[1112]	train-rmse:0.200838+0.005709	test-rmse:0.241158+0.011735 
[1113]	train-rmse:0.200749+0.005739	test-rmse:0.241106+0.011711 
[1114]	train-rmse:0.200700+0.005698	test-rmse:0.241076+0.011730 
[1115]	train-rmse:0.200604+0.005626	test-rmse:0.241014+0.011798 
[1116]	train-rmse:0.200561+0.005694	test-rmse:0.240993+0.011788 
[1117]	train-rmse:0.200559+0.005694	test-rmse:0.240992+0.011788 
[1118]	train-rmse:0.200418+0.005586	test-rmse:0.240899+0.011847 
[1119]	train-rmse:0.200374+0.005613	test-rmse:0.240875+0.011819 
[1120]	train-rmse:0.200230+0.005503	test-rmse:0.240786+0.011869 
[1121]	train-rmse:0.200132+0.005432	test-rmse:0.240716+0.011906 
[1122]	train-rmse:0.199956+0.005466	test-rmse:0.240621+0.011919 
[1123]	train-rmse:0.199954+0.005466	test-rmse:0.240619+0.011919 
[1124]	train-rmse:0.199910+0.005494	test-rmse:0.240593+0.011888 
[1125]	train-rmse:0.199824+0.005489	test-rmse:0.240543+0.011851 
[1126]	train-rmse:0.199736+0.005521	test-rmse:0.240500+0.011832 
[1127]	train-rmse:0.199553+0.005540	test-rmse:0.240400+0.011862 
[1128]	train-rmse:0.199465+0.005638	test-rmse:0.240367+0.011833 
[1129]	train-rmse:0.199462+0.005638	test-rmse:0.240366+0.011833 
[1130]	train-rmse:0.199292+0.005674	test-rmse:0.240268+0.011830 
[1131]	train-rmse:0.199159+0.005676	test-rmse:0.240197+0.011857 
[1132]	train-rmse:0.199074+0.005771	test-rmse:0.240165+0.011831 
[1133]	train-rmse:0.198981+0.005694	test-rmse:0.240110+0.011838 
[1134]	train-rmse:0.198935+0.005663	test-rmse:0.240084+0.011829 
[1135]	train-rmse:0.198805+0.005618	test-rmse:0.240013+0.011804 
[1136]	train-rmse:0.198760+0.005589	test-rmse:0.239981+0.011793 
[1137]	train-rmse:0.198758+0.005589	test-rmse:0.239980+0.011793 
[1138]	train-rmse:0.198619+0.005539	test-rmse:0.239897+0.011776 
[1139]	train-rmse:0.198618+0.005539	test-rmse:0.239896+0.011776 
[1140]	train-rmse:0.198525+0.005541	test-rmse:0.239848+0.011743 
[1141]	train-rmse:0.198480+0.005515	test-rmse:0.239823+0.011734 
[1142]	train-rmse:0.198432+0.005480	test-rmse:0.239795+0.011776 
[1143]	train-rmse:0.198342+0.005580	test-rmse:0.239748+0.011731 
[1144]	train-rmse:0.198340+0.005580	test-rmse:0.239747+0.011731 
[1145]	train-rmse:0.198293+0.005553	test-rmse:0.239714+0.011720 
[1146]	train-rmse:0.198156+0.005506	test-rmse:0.239633+0.011774 
[1147]	train-rmse:0.198112+0.005572	test-rmse:0.239615+0.011764 
[1148]	train-rmse:0.198068+0.005640	test-rmse:0.239597+0.011755 
[1149]	train-rmse:0.198021+0.005607	test-rmse:0.239564+0.011806 
[1150]	train-rmse:0.198019+0.005607	test-rmse:0.239563+0.011806 
[1151]	train-rmse:0.197884+0.005568	test-rmse:0.239490+0.011784 
[1152]	train-rmse:0.197882+0.005567	test-rmse:0.239489+0.011784 
[1153]	train-rmse:0.197794+0.005589	test-rmse:0.239445+0.011789 
[1154]	train-rmse:0.197665+0.005657	test-rmse:0.239375+0.011738 
[1155]	train-rmse:0.197538+0.005613	test-rmse:0.239301+0.011781 
[1156]	train-rmse:0.197495+0.005678	test-rmse:0.239289+0.011774 
[1157]	train-rmse:0.197448+0.005650	test-rmse:0.239261+0.011765 
[1158]	train-rmse:0.197322+0.005653	test-rmse:0.239178+0.011791 
[1159]	train-rmse:0.197100+0.005636	test-rmse:0.239056+0.011804 
[1160]	train-rmse:0.197019+0.005728	test-rmse:0.239023+0.011776 
[1161]	train-rmse:0.196936+0.005758	test-rmse:0.238985+0.011761 
[1162]	train-rmse:0.196934+0.005758	test-rmse:0.238984+0.011761 
[1163]	train-rmse:0.196844+0.005690	test-rmse:0.238925+0.011766 
[1164]	train-rmse:0.196803+0.005658	test-rmse:0.238898+0.011808 
[1165]	train-rmse:0.196722+0.005748	test-rmse:0.238862+0.011773 
[1166]	train-rmse:0.196680+0.005813	test-rmse:0.238848+0.011766 
[1167]	train-rmse:0.196633+0.005769	test-rmse:0.238825+0.011779 
[1168]	train-rmse:0.196631+0.005768	test-rmse:0.238825+0.011779 
[1169]	train-rmse:0.196499+0.005667	test-rmse:0.238745+0.011833 
[1170]	train-rmse:0.196497+0.005667	test-rmse:0.238743+0.011833 
[1171]	train-rmse:0.196412+0.005684	test-rmse:0.238689+0.011847 
[1172]	train-rmse:0.196372+0.005745	test-rmse:0.238674+0.011840 
[1173]	train-rmse:0.196283+0.005670	test-rmse:0.238614+0.011901 
[1174]	train-rmse:0.196239+0.005645	test-rmse:0.238586+0.011893 
[1175]	train-rmse:0.196152+0.005641	test-rmse:0.238537+0.011907 
[1176]	train-rmse:0.196066+0.005645	test-rmse:0.238490+0.011871 
[1177]	train-rmse:0.195925+0.005538	test-rmse:0.238412+0.011915 
[1178]	train-rmse:0.195796+0.005510	test-rmse:0.238332+0.011946 
[1179]	train-rmse:0.195710+0.005445	test-rmse:0.238287+0.011952 
[1180]	train-rmse:0.195622+0.005428	test-rmse:0.238238+0.011941 
[1181]	train-rmse:0.195534+0.005415	test-rmse:0.238190+0.011938 
[1182]	train-rmse:0.195490+0.005392	test-rmse:0.238160+0.011929 
[1183]	train-rmse:0.195368+0.005447	test-rmse:0.238091+0.011931 
[1184]	train-rmse:0.195240+0.005517	test-rmse:0.238032+0.011893 
[1185]	train-rmse:0.195155+0.005532	test-rmse:0.237985+0.011903 
[1186]	train-rmse:0.195111+0.005563	test-rmse:0.237969+0.011885 
[1187]	train-rmse:0.195023+0.005554	test-rmse:0.237917+0.011878 
[1188]	train-rmse:0.194979+0.005515	test-rmse:0.237890+0.011896 
[1189]	train-rmse:0.194933+0.005476	test-rmse:0.237859+0.011915 
[1190]	train-rmse:0.194758+0.005405	test-rmse:0.237762+0.011948 
[1191]	train-rmse:0.194675+0.005400	test-rmse:0.237722+0.011961 
[1192]	train-rmse:0.194632+0.005375	test-rmse:0.237699+0.011953 
[1193]	train-rmse:0.194507+0.005278	test-rmse:0.237625+0.012005 
[1194]	train-rmse:0.194505+0.005278	test-rmse:0.237624+0.012005 
[1195]	train-rmse:0.194426+0.005302	test-rmse:0.237591+0.012034 
[1196]	train-rmse:0.194215+0.005299	test-rmse:0.237475+0.012056 
[1197]	train-rmse:0.194128+0.005235	test-rmse:0.237423+0.012067 
[1198]	train-rmse:0.194082+0.005197	test-rmse:0.237388+0.012090 
[1199]	train-rmse:0.194000+0.005189	test-rmse:0.237343+0.012082 
[1200]	train-rmse:0.193922+0.005131	test-rmse:0.237294+0.012116 
[1201]	train-rmse:0.193877+0.005095	test-rmse:0.237264+0.012136 
[1202]	train-rmse:0.193793+0.005023	test-rmse:0.237208+0.012201 
[1203]	train-rmse:0.193748+0.004988	test-rmse:0.237182+0.012218 
[1204]	train-rmse:0.193662+0.004992	test-rmse:0.237138+0.012184 
[1205]	train-rmse:0.193661+0.004992	test-rmse:0.237137+0.012184 
[1206]	train-rmse:0.193574+0.004933	test-rmse:0.237082+0.012205 
[1207]	train-rmse:0.193489+0.004942	test-rmse:0.237035+0.012174 
[1208]	train-rmse:0.193446+0.004976	test-rmse:0.237017+0.012153 
[1209]	train-rmse:0.193405+0.004937	test-rmse:0.236993+0.012189 
[1210]	train-rmse:0.193321+0.004970	test-rmse:0.236962+0.012176 
[1211]	train-rmse:0.193238+0.004993	test-rmse:0.236924+0.012179 
[1212]	train-rmse:0.193157+0.005024	test-rmse:0.236878+0.012192 
[1213]	train-rmse:0.193030+0.004978	test-rmse:0.236812+0.012225 
[1214]	train-rmse:0.192988+0.005011	test-rmse:0.236798+0.012209 
[1215]	train-rmse:0.192948+0.005070	test-rmse:0.236782+0.012200 
[1216]	train-rmse:0.192905+0.005028	test-rmse:0.236752+0.012245 
[1217]	train-rmse:0.192903+0.005028	test-rmse:0.236751+0.012246 
[1218]	train-rmse:0.192864+0.005005	test-rmse:0.236730+0.012240 
[1219]	train-rmse:0.192747+0.005072	test-rmse:0.236673+0.012200 
[1220]	train-rmse:0.192622+0.005048	test-rmse:0.236601+0.012185 
[1221]	train-rmse:0.192539+0.005086	test-rmse:0.236560+0.012168 
[1222]	train-rmse:0.192496+0.005044	test-rmse:0.236534+0.012207 
[1223]	train-rmse:0.192494+0.005044	test-rmse:0.236533+0.012207 
[1224]	train-rmse:0.192421+0.005128	test-rmse:0.236501+0.012177 
[1225]	train-rmse:0.192419+0.005128	test-rmse:0.236500+0.012177 
[1226]	train-rmse:0.192375+0.005094	test-rmse:0.236479+0.012191 
[1227]	train-rmse:0.192298+0.005183	test-rmse:0.236439+0.012155 
[1228]	train-rmse:0.192170+0.005141	test-rmse:0.236361+0.012200 
[1229]	train-rmse:0.192052+0.005109	test-rmse:0.236292+0.012225 
[1230]	train-rmse:0.192009+0.005086	test-rmse:0.236266+0.012217 
[1231]	train-rmse:0.191968+0.005046	test-rmse:0.236236+0.012260 
[1232]	train-rmse:0.191813+0.005076	test-rmse:0.236166+0.012265 
[1233]	train-rmse:0.191811+0.005076	test-rmse:0.236165+0.012265 
[1234]	train-rmse:0.191722+0.005016	test-rmse:0.236118+0.012273 
[1235]	train-rmse:0.191602+0.005018	test-rmse:0.236033+0.012295 
[1236]	train-rmse:0.191557+0.004982	test-rmse:0.236002+0.012317 
[1237]	train-rmse:0.191475+0.004921	test-rmse:0.235949+0.012355 
[1238]	train-rmse:0.191432+0.004880	test-rmse:0.235922+0.012396 
[1239]	train-rmse:0.191315+0.004929	test-rmse:0.235878+0.012406 
[1240]	train-rmse:0.191230+0.004870	test-rmse:0.235824+0.012420 
[1241]	train-rmse:0.191142+0.004792	test-rmse:0.235774+0.012476 
[1242]	train-rmse:0.191064+0.004881	test-rmse:0.235742+0.012445 
[1243]	train-rmse:0.191022+0.004846	test-rmse:0.235717+0.012462 
[1244]	train-rmse:0.190942+0.004776	test-rmse:0.235660+0.012527 
[1245]	train-rmse:0.190899+0.004810	test-rmse:0.235639+0.012502 
[1246]	train-rmse:0.190781+0.004879	test-rmse:0.235577+0.012462 
[1247]	train-rmse:0.190740+0.004912	test-rmse:0.235561+0.012442 
[1248]	train-rmse:0.190739+0.004912	test-rmse:0.235560+0.012443 
[1249]	train-rmse:0.190618+0.004898	test-rmse:0.235487+0.012489 
[1250]	train-rmse:0.190577+0.004875	test-rmse:0.235463+0.012482 
[1251]	train-rmse:0.190454+0.004864	test-rmse:0.235403+0.012523 
[1252]	train-rmse:0.190417+0.004920	test-rmse:0.235392+0.012516 
[1253]	train-rmse:0.190329+0.004860	test-rmse:0.235346+0.012522 
[1254]	train-rmse:0.190288+0.004838	test-rmse:0.235324+0.012517 
[1255]	train-rmse:0.190165+0.004821	test-rmse:0.235250+0.012568 
[1256]	train-rmse:0.190086+0.004769	test-rmse:0.235204+0.012580 
[1257]	train-rmse:0.190008+0.004808	test-rmse:0.235175+0.012568 
[1258]	train-rmse:0.189900+0.004864	test-rmse:0.235122+0.012533 
[1259]	train-rmse:0.189785+0.004865	test-rmse:0.235053+0.012539 
[1260]	train-rmse:0.189669+0.004939	test-rmse:0.235013+0.012511 
[1261]	train-rmse:0.189549+0.004995	test-rmse:0.234958+0.012498 
[1262]	train-rmse:0.189504+0.004949	test-rmse:0.234929+0.012541 
[1263]	train-rmse:0.189502+0.004949	test-rmse:0.234928+0.012542 
[1264]	train-rmse:0.189501+0.004949	test-rmse:0.234927+0.012542 
[1265]	train-rmse:0.189456+0.004916	test-rmse:0.234901+0.012560 
[1266]	train-rmse:0.189416+0.004897	test-rmse:0.234879+0.012554 
[1267]	train-rmse:0.189370+0.004865	test-rmse:0.234862+0.012566 
[1268]	train-rmse:0.189209+0.004800	test-rmse:0.234778+0.012595 
[1269]	train-rmse:0.189060+0.004815	test-rmse:0.234703+0.012626 
[1270]	train-rmse:0.188978+0.004842	test-rmse:0.234665+0.012624 
[1271]	train-rmse:0.188827+0.004877	test-rmse:0.234589+0.012605 
[1272]	train-rmse:0.188715+0.004933	test-rmse:0.234530+0.012598 
[1273]	train-rmse:0.188679+0.004988	test-rmse:0.234519+0.012592 
[1274]	train-rmse:0.188610+0.005018	test-rmse:0.234484+0.012608 
[1275]	train-rmse:0.188487+0.005061	test-rmse:0.234444+0.012623 
[1276]	train-rmse:0.188373+0.005044	test-rmse:0.234372+0.012617 
[1277]	train-rmse:0.188334+0.005021	test-rmse:0.234346+0.012636 
[1278]	train-rmse:0.188258+0.005024	test-rmse:0.234309+0.012636 
[1279]	train-rmse:0.188220+0.005051	test-rmse:0.234296+0.012620 
[1280]	train-rmse:0.188182+0.005109	test-rmse:0.234284+0.012612 
[1281]	train-rmse:0.188144+0.005136	test-rmse:0.234266+0.012590 
[1282]	train-rmse:0.188068+0.005074	test-rmse:0.234214+0.012641 
[1283]	train-rmse:0.187991+0.005079	test-rmse:0.234171+0.012610 
[1284]	train-rmse:0.187875+0.005039	test-rmse:0.234115+0.012614 
[1285]	train-rmse:0.187799+0.005124	test-rmse:0.234076+0.012576 
[1286]	train-rmse:0.187765+0.005087	test-rmse:0.234054+0.012606 
[1287]	train-rmse:0.187689+0.005095	test-rmse:0.234020+0.012582 
[1288]	train-rmse:0.187578+0.005088	test-rmse:0.233946+0.012634 
[1289]	train-rmse:0.187576+0.005088	test-rmse:0.233946+0.012634 
[1290]	train-rmse:0.187501+0.005095	test-rmse:0.233907+0.012660 
[1291]	train-rmse:0.187463+0.005074	test-rmse:0.233889+0.012656 
[1292]	train-rmse:0.187425+0.005054	test-rmse:0.233864+0.012649 
[1293]	train-rmse:0.187310+0.005103	test-rmse:0.233805+0.012666 
[1294]	train-rmse:0.187236+0.005106	test-rmse:0.233768+0.012662 
[1295]	train-rmse:0.187198+0.005065	test-rmse:0.233746+0.012693 
[1296]	train-rmse:0.187123+0.005070	test-rmse:0.233698+0.012658 
[1297]	train-rmse:0.187041+0.005021	test-rmse:0.233654+0.012668 
[1298]	train-rmse:0.187006+0.005050	test-rmse:0.233636+0.012646 
[1299]	train-rmse:0.186934+0.005060	test-rmse:0.233600+0.012671 
[1300]	train-rmse:0.186896+0.005091	test-rmse:0.233585+0.012652 
[1301]	train-rmse:0.186821+0.005029	test-rmse:0.233535+0.012685 
[1302]	train-rmse:0.186819+0.005029	test-rmse:0.233535+0.012685 
[1303]	train-rmse:0.186672+0.005065	test-rmse:0.233453+0.012673 
[1304]	train-rmse:0.186518+0.005005	test-rmse:0.233382+0.012698 
[1305]	train-rmse:0.186480+0.004980	test-rmse:0.233360+0.012714 
[1306]	train-rmse:0.186438+0.004954	test-rmse:0.233333+0.012734 
[1307]	train-rmse:0.186328+0.005017	test-rmse:0.233292+0.012701 
[1308]	train-rmse:0.186294+0.005046	test-rmse:0.233269+0.012673 
[1309]	train-rmse:0.186293+0.005046	test-rmse:0.233268+0.012673 
[1310]	train-rmse:0.186256+0.005078	test-rmse:0.233258+0.012661 
[1311]	train-rmse:0.186222+0.005124	test-rmse:0.233254+0.012658 
[1312]	train-rmse:0.186147+0.005061	test-rmse:0.233205+0.012684 
[1313]	train-rmse:0.186106+0.005036	test-rmse:0.233180+0.012702 
[1314]	train-rmse:0.186105+0.005035	test-rmse:0.233179+0.012702 
[1315]	train-rmse:0.186035+0.005040	test-rmse:0.233147+0.012727 
[1316]	train-rmse:0.185886+0.005080	test-rmse:0.233081+0.012704 
[1317]	train-rmse:0.185812+0.005106	test-rmse:0.233046+0.012715 
[1318]	train-rmse:0.185774+0.005138	test-rmse:0.233023+0.012687 
[1319]	train-rmse:0.185772+0.005138	test-rmse:0.233022+0.012688 
[1320]	train-rmse:0.185735+0.005170	test-rmse:0.233010+0.012673 
[1321]	train-rmse:0.185624+0.005134	test-rmse:0.232962+0.012692 
[1322]	train-rmse:0.185590+0.005116	test-rmse:0.232939+0.012687 
[1323]	train-rmse:0.185551+0.005169	test-rmse:0.232927+0.012678 
[1324]	train-rmse:0.185477+0.005204	test-rmse:0.232897+0.012666 
[1325]	train-rmse:0.185438+0.005185	test-rmse:0.232871+0.012660 
[1326]	train-rmse:0.185371+0.005210	test-rmse:0.232834+0.012674 
[1327]	train-rmse:0.185296+0.005243	test-rmse:0.232796+0.012678 
[1328]	train-rmse:0.185229+0.005243	test-rmse:0.232770+0.012701 
[1329]	train-rmse:0.185191+0.005225	test-rmse:0.232747+0.012696 
[1330]	train-rmse:0.185076+0.005215	test-rmse:0.232691+0.012743 
[1331]	train-rmse:0.184997+0.005171	test-rmse:0.232648+0.012751 
[1332]	train-rmse:0.184918+0.005177	test-rmse:0.232608+0.012747 
[1333]	train-rmse:0.184855+0.005208	test-rmse:0.232579+0.012736 
[1334]	train-rmse:0.184817+0.005164	test-rmse:0.232551+0.012776 
[1335]	train-rmse:0.184781+0.005191	test-rmse:0.232538+0.012760 
[1336]	train-rmse:0.184744+0.005169	test-rmse:0.232519+0.012774 
[1337]	train-rmse:0.184602+0.005171	test-rmse:0.232436+0.012813 
[1338]	train-rmse:0.184566+0.005153	test-rmse:0.232421+0.012810 
[1339]	train-rmse:0.184419+0.005098	test-rmse:0.232348+0.012839 
[1340]	train-rmse:0.184274+0.005109	test-rmse:0.232278+0.012827 
[1341]	train-rmse:0.184201+0.005114	test-rmse:0.232242+0.012818 
[1342]	train-rmse:0.184132+0.005142	test-rmse:0.232219+0.012810 
[1343]	train-rmse:0.184059+0.005171	test-rmse:0.232183+0.012821 
[1344]	train-rmse:0.183987+0.005181	test-rmse:0.232159+0.012805 
[1345]	train-rmse:0.183913+0.005144	test-rmse:0.232118+0.012819 
[1346]	train-rmse:0.183875+0.005128	test-rmse:0.232097+0.012815 
[1347]	train-rmse:0.183800+0.005061	test-rmse:0.232053+0.012863 
[1348]	train-rmse:0.183688+0.004975	test-rmse:0.231991+0.012908 
[1349]	train-rmse:0.183616+0.004989	test-rmse:0.231956+0.012890 
[1350]	train-rmse:0.183502+0.004902	test-rmse:0.231880+0.012943 
[1351]	train-rmse:0.183353+0.004843	test-rmse:0.231801+0.012970 
[1352]	train-rmse:0.183281+0.004822	test-rmse:0.231760+0.012992 
[1353]	train-rmse:0.183208+0.004756	test-rmse:0.231717+0.013036 
[1354]	train-rmse:0.183138+0.004741	test-rmse:0.231680+0.013056 
[1355]	train-rmse:0.183100+0.004724	test-rmse:0.231655+0.013051 
[1356]	train-rmse:0.183099+0.004724	test-rmse:0.231655+0.013051 
[1357]	train-rmse:0.183063+0.004774	test-rmse:0.231645+0.013044 
[1358]	train-rmse:0.183061+0.004774	test-rmse:0.231645+0.013044 
[1359]	train-rmse:0.183060+0.004774	test-rmse:0.231644+0.013045 
[1360]	train-rmse:0.182984+0.004706	test-rmse:0.231603+0.013092 
[1361]	train-rmse:0.182801+0.004704	test-rmse:0.231531+0.013101 
[1362]	train-rmse:0.182731+0.004782	test-rmse:0.231504+0.013073 
[1363]	train-rmse:0.182622+0.004811	test-rmse:0.231468+0.013082 
[1364]	train-rmse:0.182518+0.004866	test-rmse:0.231419+0.013076 
[1365]	train-rmse:0.182480+0.004848	test-rmse:0.231393+0.013071 
[1366]	train-rmse:0.182406+0.004783	test-rmse:0.231366+0.013099 
[1367]	train-rmse:0.182334+0.004718	test-rmse:0.231333+0.013136 
[1368]	train-rmse:0.182227+0.004750	test-rmse:0.231302+0.013138 
[1369]	train-rmse:0.182194+0.004735	test-rmse:0.231282+0.013134 
[1370]	train-rmse:0.182086+0.004723	test-rmse:0.231229+0.013129 
[1371]	train-rmse:0.181984+0.004754	test-rmse:0.231182+0.013137 
[1372]	train-rmse:0.181852+0.004762	test-rmse:0.231120+0.013138 
[1373]	train-rmse:0.181818+0.004792	test-rmse:0.231107+0.013123 
[1374]	train-rmse:0.181718+0.004856	test-rmse:0.231069+0.013100 
[1375]	train-rmse:0.181683+0.004887	test-rmse:0.231052+0.013080 
[1376]	train-rmse:0.181647+0.004936	test-rmse:0.231045+0.013075 
[1377]	train-rmse:0.181609+0.004919	test-rmse:0.231026+0.013071 
[1378]	train-rmse:0.181475+0.004939	test-rmse:0.230968+0.013061 
[1379]	train-rmse:0.181440+0.004925	test-rmse:0.230946+0.013057 
[1380]	train-rmse:0.181339+0.004930	test-rmse:0.230891+0.013062 
[1381]	train-rmse:0.181266+0.004872	test-rmse:0.230854+0.013087 
[1382]	train-rmse:0.181129+0.004912	test-rmse:0.230806+0.013073 
[1383]	train-rmse:0.181060+0.004859	test-rmse:0.230767+0.013105 
[1384]	train-rmse:0.180994+0.004877	test-rmse:0.230737+0.013091 
[1385]	train-rmse:0.180992+0.004877	test-rmse:0.230736+0.013091 
[1386]	train-rmse:0.180887+0.004797	test-rmse:0.230671+0.013143 
[1387]	train-rmse:0.180854+0.004842	test-rmse:0.230662+0.013136 
[1388]	train-rmse:0.180821+0.004819	test-rmse:0.230644+0.013149 
[1389]	train-rmse:0.180789+0.004862	test-rmse:0.230639+0.013145 
[1390]	train-rmse:0.180755+0.004910	test-rmse:0.230628+0.013138 
[1391]	train-rmse:0.180685+0.004842	test-rmse:0.230591+0.013180 
[1392]	train-rmse:0.180617+0.004871	test-rmse:0.230570+0.013189 
[1393]	train-rmse:0.180550+0.004878	test-rmse:0.230542+0.013221 
[1394]	train-rmse:0.180518+0.004867	test-rmse:0.230519+0.013217 
[1395]	train-rmse:0.180418+0.004862	test-rmse:0.230468+0.013242 
[1396]	train-rmse:0.180317+0.004854	test-rmse:0.230403+0.013264 
> hgrid <-
+   dplyr::bind_cols(xgboost_params[index, ], dart.cv$evaluation_log[dart.cv$best_iteration, ], best_iter = dart.cv$best_iteration)
> 
> # write result
> fname <- file.path('data-raw', 'tune', year, 'array', paste0('tune_', index, '.tsv'))
> readr::write_tsv(hgrid, file = fname)
> 
