> 
> # parse arguments
> args <- R.utils::commandArgs(trailingOnly = FALSE, asValues = TRUE)
> index <- as.integer(args$index)
> year <- as.character(args$year)
> nreps <- as.integer(args$nreps)
> seed <- as.integer(args$seed)
> 
> # get number of cores
> wkrs <- length(future::availableWorkers())
> 
> # set seed
> set.seed(seed)
> 
> # read and prepare the cluster features
> fp <- file.path('data-raw', 'features', year)
> clf <-
+   read_features(fp, pattern = 'paris.', recursive = FALSE)
> clf <- prepare_features(
+   clf,
+   feature_map = feature_map,
+   category = c('response', 'bio', 'net'),
+   type = 'list',
+   exclusions = c(
+     'mg2_pairs_count',
+     'mg2_not_pairs_count',
+     'mg2_portion_families_recovered',
+     'cluster_origin',
+     'bocc_origin',
+     'cluster_method',
+     'subcluster_method',
+     'year',
+     'IDs',
+     'go_sig_threshold',
+     'num_new_edges_on_any_node',
+     'HPO_ratio'
+   ),
+   verbose = TRUE
+ )
c('HPO_ratio', 'IDs', 'bocc_origin', 'cluster_method', 'cluster_origin', 'go_sig_threshold', 'max_norm_cell_type_comma_sep_string', 'max_norm_disease_comma_sep_string', 'mg2_not_pairs_count', 'mg2_pairs_count', 'mg2_portion_families_recovered', 'num_new_edges_on_any_node', 'sig_go_enrichment_fdr_corrected_p_vals', 'sig_go_enrichment_p_vals', 'sig_go_enrichment_terms', 'subcluster_method', 'year')

> 
> # prepare grid of parameters
> xgboost_params <- dials::parameters(
+   nrounds = dials::trees(),
+   eta = dials::learn_rate(),
+   gamma = dials::loss_reduction(),
+   dials::tree_depth(),
+   subsample = dials::sample_prop(),
+   rate_drop = dials::dropout(),
+   skip_drop = dials::dropout()
+ )
> xgboost_params <-
+   dials::grid_max_entropy(xgboost_params, size = nreps)
> 
> # tune the dart booster
> dart.param <-
+   list(
+     booster = "dart",
+     objective = "reg:logistic",
+     eval_metric = "rmse",
+     nthread = wkrs,
+     max_depth = xgboost_params$tree_depth[index],
+     eta = xgboost_params$eta[index],
+     gamma = xgboost_params$gamma[index],
+     subsample = xgboost_params$subsample[index],
+     rate_drop = xgboost_params$rate_drop[index],
+     skip_drop = xgboost_params$skip_drop[index]
+   )
> dart.cv <- xgboost::xgb.cv(
+   params = dart.param,
+   nrounds = xgboost_params$nrounds[index],
+   data = as.matrix(clf[, -1]),
+   nfold = 5,
+   label = clf$snowballing_pvalue,
+   early_stopping_rounds = 50
+ )
[1]	train-rmse:0.417404+0.001012	test-rmse:0.417394+0.004062 
Multiple eval metrics are present. Will use test_rmse for early stopping.
Will train until test_rmse hasn't improved in 50 rounds.

[2]	train-rmse:0.417098+0.001020	test-rmse:0.417095+0.004045 
[3]	train-rmse:0.416844+0.000962	test-rmse:0.416852+0.004099 
[4]	train-rmse:0.416607+0.000990	test-rmse:0.416623+0.004066 
[5]	train-rmse:0.416458+0.001021	test-rmse:0.416477+0.004035 
[6]	train-rmse:0.416233+0.001072	test-rmse:0.416256+0.003976 
[7]	train-rmse:0.415973+0.001079	test-rmse:0.416008+0.003972 
[8]	train-rmse:0.415821+0.001186	test-rmse:0.415864+0.003873 
[9]	train-rmse:0.415670+0.001250	test-rmse:0.415722+0.003813 
[10]	train-rmse:0.415520+0.001237	test-rmse:0.415580+0.003855 
[11]	train-rmse:0.415429+0.001329	test-rmse:0.415490+0.003762 
[12]	train-rmse:0.415338+0.001309	test-rmse:0.415402+0.003806 
[13]	train-rmse:0.415145+0.001199	test-rmse:0.415215+0.003899 
[14]	train-rmse:0.414895+0.001198	test-rmse:0.414975+0.003899 
[15]	train-rmse:0.414869+0.001200	test-rmse:0.414951+0.003896 
[16]	train-rmse:0.414731+0.001243	test-rmse:0.414822+0.003858 
[17]	train-rmse:0.414422+0.001243	test-rmse:0.414525+0.003844 
[18]	train-rmse:0.414347+0.001347	test-rmse:0.414450+0.003752 
[19]	train-rmse:0.414327+0.001347	test-rmse:0.414431+0.003750 
[20]	train-rmse:0.414190+0.001287	test-rmse:0.414306+0.003803 
[21]	train-rmse:0.414113+0.001292	test-rmse:0.414235+0.003795 
[22]	train-rmse:0.413975+0.001255	test-rmse:0.414111+0.003854 
[23]	train-rmse:0.413841+0.001237	test-rmse:0.413982+0.003843 
[24]	train-rmse:0.413711+0.001169	test-rmse:0.413853+0.003876 
[25]	train-rmse:0.413636+0.001144	test-rmse:0.413781+0.003919 
[26]	train-rmse:0.413566+0.001117	test-rmse:0.413707+0.003912 
[27]	train-rmse:0.413552+0.001117	test-rmse:0.413693+0.003912 
[28]	train-rmse:0.413369+0.001215	test-rmse:0.413510+0.003803 
[29]	train-rmse:0.413180+0.001265	test-rmse:0.413331+0.003760 
[30]	train-rmse:0.412941+0.001241	test-rmse:0.413101+0.003757 
[31]	train-rmse:0.412703+0.001224	test-rmse:0.412870+0.003760 
[32]	train-rmse:0.412518+0.001247	test-rmse:0.412695+0.003726 
[33]	train-rmse:0.412335+0.001303	test-rmse:0.412526+0.003682 
[34]	train-rmse:0.412325+0.001303	test-rmse:0.412516+0.003682 
[35]	train-rmse:0.412200+0.001375	test-rmse:0.412394+0.003617 
[36]	train-rmse:0.412072+0.001354	test-rmse:0.412271+0.003605 
[37]	train-rmse:0.411886+0.001417	test-rmse:0.412103+0.003579 
[38]	train-rmse:0.411815+0.001396	test-rmse:0.412027+0.003575 
[39]	train-rmse:0.411631+0.001347	test-rmse:0.411851+0.003607 
[40]	train-rmse:0.411564+0.001451	test-rmse:0.411787+0.003509 
[41]	train-rmse:0.411435+0.001573	test-rmse:0.411663+0.003398 
[42]	train-rmse:0.411131+0.001572	test-rmse:0.411372+0.003393 
[43]	train-rmse:0.411062+0.001515	test-rmse:0.411311+0.003457 
[44]	train-rmse:0.410937+0.001574	test-rmse:0.411188+0.003395 
[45]	train-rmse:0.410752+0.001607	test-rmse:0.411004+0.003366 
[46]	train-rmse:0.410626+0.001569	test-rmse:0.410891+0.003425 
[47]	train-rmse:0.410502+0.001497	test-rmse:0.410768+0.003459 
[48]	train-rmse:0.410435+0.001607	test-rmse:0.410702+0.003357 
[49]	train-rmse:0.410308+0.001569	test-rmse:0.410583+0.003389 
[50]	train-rmse:0.410241+0.001519	test-rmse:0.410520+0.003457 
[51]	train-rmse:0.410177+0.001477	test-rmse:0.410459+0.003496 
[52]	train-rmse:0.410057+0.001597	test-rmse:0.410349+0.003391 
[53]	train-rmse:0.409816+0.001639	test-rmse:0.410118+0.003348 
[54]	train-rmse:0.409636+0.001716	test-rmse:0.409954+0.003318 
[55]	train-rmse:0.409572+0.001686	test-rmse:0.409886+0.003311 
[56]	train-rmse:0.409507+0.001707	test-rmse:0.409826+0.003307 
[57]	train-rmse:0.409386+0.001769	test-rmse:0.409710+0.003281 
[58]	train-rmse:0.409323+0.001743	test-rmse:0.409645+0.003276 
[59]	train-rmse:0.409083+0.001723	test-rmse:0.409413+0.003285 
[60]	train-rmse:0.408959+0.001718	test-rmse:0.409295+0.003278 
[61]	train-rmse:0.408953+0.001718	test-rmse:0.409289+0.003278 
[62]	train-rmse:0.408890+0.001659	test-rmse:0.409229+0.003309 
[63]	train-rmse:0.408769+0.001623	test-rmse:0.409115+0.003339 
[64]	train-rmse:0.408644+0.001522	test-rmse:0.408996+0.003445 
[65]	train-rmse:0.408525+0.001606	test-rmse:0.408876+0.003343 
[66]	train-rmse:0.408462+0.001587	test-rmse:0.408812+0.003345 
[67]	train-rmse:0.408282+0.001633	test-rmse:0.408639+0.003318 
[68]	train-rmse:0.408163+0.001731	test-rmse:0.408515+0.003226 
[69]	train-rmse:0.408044+0.001673	test-rmse:0.408395+0.003273 
[70]	train-rmse:0.407864+0.001734	test-rmse:0.408215+0.003222 
[71]	train-rmse:0.407801+0.001689	test-rmse:0.408152+0.003263 
[72]	train-rmse:0.407625+0.001701	test-rmse:0.407987+0.003276 
[73]	train-rmse:0.407562+0.001667	test-rmse:0.407928+0.003319 
[74]	train-rmse:0.407500+0.001777	test-rmse:0.407865+0.003222 
[75]	train-rmse:0.407382+0.001861	test-rmse:0.407748+0.003170 
[76]	train-rmse:0.407317+0.001805	test-rmse:0.407691+0.003231 
[77]	train-rmse:0.407135+0.001860	test-rmse:0.407515+0.003206 
[78]	train-rmse:0.407131+0.001860	test-rmse:0.407511+0.003206 
[79]	train-rmse:0.406950+0.001755	test-rmse:0.407341+0.003286 
[80]	train-rmse:0.406827+0.001686	test-rmse:0.407235+0.003327 
[81]	train-rmse:0.406652+0.001616	test-rmse:0.407061+0.003352 
[82]	train-rmse:0.406413+0.001637	test-rmse:0.406824+0.003372 
[83]	train-rmse:0.406293+0.001710	test-rmse:0.406710+0.003339 
[84]	train-rmse:0.406232+0.001823	test-rmse:0.406648+0.003246 
[85]	train-rmse:0.406057+0.001894	test-rmse:0.406478+0.003133 
[86]	train-rmse:0.406053+0.001894	test-rmse:0.406474+0.003132 
[87]	train-rmse:0.405816+0.001927	test-rmse:0.406248+0.003088 
[88]	train-rmse:0.405812+0.001927	test-rmse:0.406244+0.003088 
[89]	train-rmse:0.405637+0.002011	test-rmse:0.406076+0.002975 
[90]	train-rmse:0.405460+0.002060	test-rmse:0.405906+0.002903 
[91]	train-rmse:0.405284+0.002114	test-rmse:0.405741+0.002850 
[92]	train-rmse:0.405103+0.002020	test-rmse:0.405577+0.002934 
[93]	train-rmse:0.404927+0.001918	test-rmse:0.405404+0.003043 
[94]	train-rmse:0.404694+0.001953	test-rmse:0.405180+0.002979 
[95]	train-rmse:0.404690+0.001953	test-rmse:0.405177+0.002979 
[96]	train-rmse:0.404519+0.001985	test-rmse:0.405014+0.002992 
[97]	train-rmse:0.404402+0.002066	test-rmse:0.404898+0.002953 
[98]	train-rmse:0.404399+0.002066	test-rmse:0.404894+0.002952 
[99]	train-rmse:0.404278+0.002142	test-rmse:0.404781+0.002937 
[100]	train-rmse:0.404048+0.002178	test-rmse:0.404561+0.002881 
[101]	train-rmse:0.403987+0.002145	test-rmse:0.404502+0.002927 
[102]	train-rmse:0.403868+0.002239	test-rmse:0.404381+0.002838 
[103]	train-rmse:0.403750+0.002183	test-rmse:0.404267+0.002909 
[104]	train-rmse:0.403572+0.002089	test-rmse:0.404105+0.002984 
[105]	train-rmse:0.403332+0.001971	test-rmse:0.403876+0.003065 
[106]	train-rmse:0.403160+0.002025	test-rmse:0.403711+0.003037 
[107]	train-rmse:0.403042+0.002109	test-rmse:0.403603+0.003020 
[108]	train-rmse:0.402865+0.002175	test-rmse:0.403431+0.002904 
[109]	train-rmse:0.402628+0.002212	test-rmse:0.403209+0.002861 
[110]	train-rmse:0.402397+0.002256	test-rmse:0.402995+0.002820 
[111]	train-rmse:0.402278+0.002214	test-rmse:0.402882+0.002901 
[112]	train-rmse:0.402217+0.002328	test-rmse:0.402822+0.002819 
[113]	train-rmse:0.402098+0.002294	test-rmse:0.402710+0.002793 
[114]	train-rmse:0.401923+0.002375	test-rmse:0.402540+0.002692 
[115]	train-rmse:0.401863+0.002321	test-rmse:0.402484+0.002722 
[116]	train-rmse:0.401749+0.002256	test-rmse:0.402379+0.002719 
[117]	train-rmse:0.401517+0.002308	test-rmse:0.402158+0.002680 
[118]	train-rmse:0.401339+0.002374	test-rmse:0.401988+0.002682 
[119]	train-rmse:0.401160+0.002438	test-rmse:0.401822+0.002633 
[120]	train-rmse:0.401099+0.002414	test-rmse:0.401763+0.002713 
[121]	train-rmse:0.401041+0.002405	test-rmse:0.401704+0.002731 
[122]	train-rmse:0.401038+0.002405	test-rmse:0.401701+0.002731 
[123]	train-rmse:0.400981+0.002401	test-rmse:0.401639+0.002755 
[124]	train-rmse:0.400864+0.002482	test-rmse:0.401531+0.002752 
[125]	train-rmse:0.400803+0.002480	test-rmse:0.401467+0.002780 
[126]	train-rmse:0.400686+0.002521	test-rmse:0.401349+0.002721 
[127]	train-rmse:0.400683+0.002521	test-rmse:0.401346+0.002720 
[128]	train-rmse:0.400506+0.002415	test-rmse:0.401187+0.002771 
[129]	train-rmse:0.400504+0.002415	test-rmse:0.401184+0.002771 
[130]	train-rmse:0.400501+0.002415	test-rmse:0.401182+0.002771 
[131]	train-rmse:0.400446+0.002515	test-rmse:0.401126+0.002697 
[132]	train-rmse:0.400275+0.002593	test-rmse:0.400961+0.002604 
[133]	train-rmse:0.400156+0.002674	test-rmse:0.400846+0.002604 
[134]	train-rmse:0.400096+0.002656	test-rmse:0.400792+0.002561 
[135]	train-rmse:0.399979+0.002623	test-rmse:0.400689+0.002595 
[136]	train-rmse:0.399812+0.002699	test-rmse:0.400538+0.002555 
[137]	train-rmse:0.399809+0.002699	test-rmse:0.400536+0.002555 
[138]	train-rmse:0.399641+0.002610	test-rmse:0.400376+0.002666 
[139]	train-rmse:0.399525+0.002590	test-rmse:0.400265+0.002770 
[140]	train-rmse:0.399406+0.002569	test-rmse:0.400150+0.002753 
[141]	train-rmse:0.399346+0.002494	test-rmse:0.400089+0.002765 
[142]	train-rmse:0.399287+0.002426	test-rmse:0.400032+0.002780 
[143]	train-rmse:0.399169+0.002342	test-rmse:0.399922+0.002764 
[144]	train-rmse:0.399107+0.002327	test-rmse:0.399866+0.002841 
[145]	train-rmse:0.398992+0.002416	test-rmse:0.399754+0.002846 
[146]	train-rmse:0.398934+0.002411	test-rmse:0.399706+0.002917 
[147]	train-rmse:0.398818+0.002398	test-rmse:0.399595+0.003011 
[148]	train-rmse:0.398761+0.002389	test-rmse:0.399534+0.003032 
[149]	train-rmse:0.398589+0.002484	test-rmse:0.399369+0.003060 
[150]	train-rmse:0.398528+0.002491	test-rmse:0.399314+0.003142 
[151]	train-rmse:0.398348+0.002575	test-rmse:0.399148+0.003114 
[152]	train-rmse:0.398346+0.002575	test-rmse:0.399146+0.003114 
[153]	train-rmse:0.398115+0.002480	test-rmse:0.398926+0.003181 
[154]	train-rmse:0.397949+0.002412	test-rmse:0.398767+0.003287 
[155]	train-rmse:0.397780+0.002305	test-rmse:0.398607+0.003283 
[156]	train-rmse:0.397616+0.002315	test-rmse:0.398441+0.003246 
[157]	train-rmse:0.397387+0.002343	test-rmse:0.398213+0.003289 
[158]	train-rmse:0.397273+0.002314	test-rmse:0.398104+0.003277 
[159]	train-rmse:0.397044+0.002388	test-rmse:0.397884+0.003261 
[160]	train-rmse:0.396988+0.002396	test-rmse:0.397827+0.003294 
[161]	train-rmse:0.396818+0.002419	test-rmse:0.397657+0.003264 
[162]	train-rmse:0.396760+0.002342	test-rmse:0.397600+0.003274 
[163]	train-rmse:0.396645+0.002406	test-rmse:0.397493+0.003154 
[164]	train-rmse:0.396414+0.002485	test-rmse:0.397274+0.003144 
[165]	train-rmse:0.396297+0.002380	test-rmse:0.397166+0.003111 
[166]	train-rmse:0.396127+0.002373	test-rmse:0.397003+0.003005 
[167]	train-rmse:0.396012+0.002297	test-rmse:0.396894+0.003092 
[168]	train-rmse:0.395953+0.002223	test-rmse:0.396840+0.003107 
[169]	train-rmse:0.395897+0.002200	test-rmse:0.396791+0.003069 
[170]	train-rmse:0.395838+0.002128	test-rmse:0.396735+0.003088 
[171]	train-rmse:0.395836+0.002128	test-rmse:0.396733+0.003088 
[172]	train-rmse:0.395777+0.002125	test-rmse:0.396677+0.003162 
[173]	train-rmse:0.395664+0.002101	test-rmse:0.396568+0.003158 
[174]	train-rmse:0.395493+0.002003	test-rmse:0.396411+0.003208 
[175]	train-rmse:0.395432+0.001987	test-rmse:0.396359+0.003172 
[176]	train-rmse:0.395320+0.001972	test-rmse:0.396250+0.003166 
[177]	train-rmse:0.395202+0.001886	test-rmse:0.396141+0.003255 
[178]	train-rmse:0.395030+0.001896	test-rmse:0.395977+0.003164 
[179]	train-rmse:0.394920+0.001813	test-rmse:0.395868+0.003212 
[180]	train-rmse:0.394865+0.001809	test-rmse:0.395809+0.003243 
[181]	train-rmse:0.394695+0.001827	test-rmse:0.395645+0.003143 
[182]	train-rmse:0.394529+0.001913	test-rmse:0.395487+0.003063 
[183]	train-rmse:0.394422+0.001947	test-rmse:0.395384+0.003004 
[184]	train-rmse:0.394204+0.001964	test-rmse:0.395178+0.002952 
[185]	train-rmse:0.394090+0.001935	test-rmse:0.395072+0.003044 
[186]	train-rmse:0.393979+0.002039	test-rmse:0.394956+0.002995 
[187]	train-rmse:0.393811+0.001966	test-rmse:0.394791+0.003026 
[188]	train-rmse:0.393641+0.002007	test-rmse:0.394623+0.003016 
[189]	train-rmse:0.393531+0.001987	test-rmse:0.394517+0.003111 
[190]	train-rmse:0.393529+0.001987	test-rmse:0.394515+0.003111 
[191]	train-rmse:0.393308+0.002017	test-rmse:0.394298+0.003063 
[192]	train-rmse:0.393247+0.001952	test-rmse:0.394240+0.003094 
[193]	train-rmse:0.393136+0.001913	test-rmse:0.394125+0.003175 
[194]	train-rmse:0.393025+0.001916	test-rmse:0.394020+0.003184 
[195]	train-rmse:0.392915+0.001898	test-rmse:0.393915+0.003276 
[196]	train-rmse:0.392804+0.002020	test-rmse:0.393800+0.003247 
[197]	train-rmse:0.392693+0.001943	test-rmse:0.393696+0.003238 
[198]	train-rmse:0.392527+0.002050	test-rmse:0.393535+0.003166 
[199]	train-rmse:0.392471+0.002139	test-rmse:0.393479+0.003081 
[200]	train-rmse:0.392361+0.002174	test-rmse:0.393374+0.003028 
[201]	train-rmse:0.392249+0.002186	test-rmse:0.393267+0.003046 
[202]	train-rmse:0.392135+0.002224	test-rmse:0.393152+0.002991 
[203]	train-rmse:0.391966+0.002105	test-rmse:0.392993+0.003022 
[204]	train-rmse:0.391850+0.002145	test-rmse:0.392887+0.002983 
[205]	train-rmse:0.391792+0.002245	test-rmse:0.392831+0.002901 
[206]	train-rmse:0.391627+0.002163	test-rmse:0.392671+0.003027 
[207]	train-rmse:0.391457+0.002117	test-rmse:0.392515+0.003076 
[208]	train-rmse:0.391350+0.002164	test-rmse:0.392414+0.003043 
[209]	train-rmse:0.391238+0.002283	test-rmse:0.392299+0.003019 
[210]	train-rmse:0.391181+0.002246	test-rmse:0.392248+0.003063 
[211]	train-rmse:0.391126+0.002270	test-rmse:0.392190+0.003121 
[212]	train-rmse:0.391124+0.002270	test-rmse:0.392188+0.003121 
[213]	train-rmse:0.391067+0.002210	test-rmse:0.392133+0.003147 
[214]	train-rmse:0.391006+0.002185	test-rmse:0.392082+0.003100 
[215]	train-rmse:0.390836+0.002066	test-rmse:0.391927+0.003121 
[216]	train-rmse:0.390723+0.002106	test-rmse:0.391815+0.003068 
[217]	train-rmse:0.390503+0.002090	test-rmse:0.391610+0.003019 
[218]	train-rmse:0.390447+0.002191	test-rmse:0.391556+0.002941 
[219]	train-rmse:0.390445+0.002191	test-rmse:0.391554+0.002941 
[220]	train-rmse:0.390391+0.002142	test-rmse:0.391504+0.002972 
[221]	train-rmse:0.390227+0.002084	test-rmse:0.391349+0.003006 
[222]	train-rmse:0.390170+0.002039	test-rmse:0.391298+0.003047 
[223]	train-rmse:0.390005+0.002048	test-rmse:0.391144+0.003051 
[224]	train-rmse:0.389783+0.002084	test-rmse:0.390922+0.003012 
[225]	train-rmse:0.389566+0.002126	test-rmse:0.390709+0.002976 
[226]	train-rmse:0.389456+0.002089	test-rmse:0.390607+0.003061 
[227]	train-rmse:0.389347+0.002169	test-rmse:0.390507+0.002939 
[228]	train-rmse:0.389346+0.002169	test-rmse:0.390505+0.002939 
[229]	train-rmse:0.389235+0.002106	test-rmse:0.390410+0.002940 
[230]	train-rmse:0.389176+0.002093	test-rmse:0.390360+0.002895 
[231]	train-rmse:0.389017+0.002144	test-rmse:0.390200+0.002903 
[232]	train-rmse:0.388856+0.002055	test-rmse:0.390042+0.003029 
[233]	train-rmse:0.388801+0.002011	test-rmse:0.389988+0.003068 
[234]	train-rmse:0.388636+0.002076	test-rmse:0.389830+0.003076 
[235]	train-rmse:0.388467+0.001961	test-rmse:0.389676+0.003107 
[236]	train-rmse:0.388465+0.001961	test-rmse:0.389674+0.003107 
[237]	train-rmse:0.388354+0.001874	test-rmse:0.389566+0.003191 
[238]	train-rmse:0.388299+0.001882	test-rmse:0.389509+0.003238 
[239]	train-rmse:0.388298+0.001882	test-rmse:0.389508+0.003238 
[240]	train-rmse:0.388245+0.001896	test-rmse:0.389455+0.003285 
[241]	train-rmse:0.388079+0.001780	test-rmse:0.389302+0.003315 
[242]	train-rmse:0.387974+0.001755	test-rmse:0.389197+0.003403 
[243]	train-rmse:0.387749+0.001787	test-rmse:0.388981+0.003458 
[244]	train-rmse:0.387643+0.001772	test-rmse:0.388881+0.003460 
[245]	train-rmse:0.387591+0.001736	test-rmse:0.388828+0.003500 
[246]	train-rmse:0.387480+0.001669	test-rmse:0.388725+0.003498 
[247]	train-rmse:0.387424+0.001642	test-rmse:0.388676+0.003456 
[248]	train-rmse:0.387370+0.001663	test-rmse:0.388620+0.003506 
[249]	train-rmse:0.387210+0.001748	test-rmse:0.388460+0.003520 
[250]	train-rmse:0.387098+0.001692	test-rmse:0.388357+0.003525 
[251]	train-rmse:0.387044+0.001719	test-rmse:0.388301+0.003578 
[252]	train-rmse:0.386773+0.001716	test-rmse:0.388040+0.003583 
[253]	train-rmse:0.386719+0.001749	test-rmse:0.387985+0.003638 
[254]	train-rmse:0.386717+0.001749	test-rmse:0.387984+0.003638 
[255]	train-rmse:0.386549+0.001693	test-rmse:0.387825+0.003681 
[256]	train-rmse:0.386437+0.001714	test-rmse:0.387720+0.003697 
[257]	train-rmse:0.386436+0.001714	test-rmse:0.387718+0.003697 
[258]	train-rmse:0.386386+0.001786	test-rmse:0.387675+0.003633 
[259]	train-rmse:0.386274+0.001849	test-rmse:0.387573+0.003516 
[260]	train-rmse:0.386219+0.001839	test-rmse:0.387527+0.003480 
[261]	train-rmse:0.386003+0.001755	test-rmse:0.387322+0.003560 
[262]	train-rmse:0.385835+0.001636	test-rmse:0.387173+0.003583 
[263]	train-rmse:0.385779+0.001598	test-rmse:0.387116+0.003628 
[264]	train-rmse:0.385671+0.001672	test-rmse:0.387017+0.003517 
[265]	train-rmse:0.385620+0.001703	test-rmse:0.386964+0.003572 
[266]	train-rmse:0.385515+0.001742	test-rmse:0.386864+0.003598 
[267]	train-rmse:0.385403+0.001739	test-rmse:0.386761+0.003532 
[268]	train-rmse:0.385293+0.001703	test-rmse:0.386661+0.003612 
[269]	train-rmse:0.385131+0.001706	test-rmse:0.386512+0.003525 
[270]	train-rmse:0.385022+0.001679	test-rmse:0.386411+0.003608 
[271]	train-rmse:0.384912+0.001701	test-rmse:0.386306+0.003546 
[272]	train-rmse:0.384756+0.001626	test-rmse:0.386157+0.003660 
[273]	train-rmse:0.384702+0.001619	test-rmse:0.386112+0.003627 
[274]	train-rmse:0.384594+0.001694	test-rmse:0.386011+0.003511 
[275]	train-rmse:0.384539+0.001635	test-rmse:0.385958+0.003545 
[276]	train-rmse:0.384538+0.001635	test-rmse:0.385957+0.003545 
[277]	train-rmse:0.384484+0.001716	test-rmse:0.385905+0.003465 
[278]	train-rmse:0.384482+0.001716	test-rmse:0.385904+0.003465 
[279]	train-rmse:0.384376+0.001694	test-rmse:0.385802+0.003551 
[280]	train-rmse:0.384322+0.001642	test-rmse:0.385754+0.003579 
[281]	train-rmse:0.384217+0.001620	test-rmse:0.385652+0.003667 
[282]	train-rmse:0.384055+0.001597	test-rmse:0.385496+0.003724 
[283]	train-rmse:0.383947+0.001539	test-rmse:0.385398+0.003725 
[284]	train-rmse:0.383946+0.001539	test-rmse:0.385397+0.003725 
[285]	train-rmse:0.383891+0.001490	test-rmse:0.385346+0.003761 
[286]	train-rmse:0.383735+0.001562	test-rmse:0.385192+0.003778 
[287]	train-rmse:0.383734+0.001562	test-rmse:0.385191+0.003778 
[288]	train-rmse:0.383621+0.001482	test-rmse:0.385091+0.003763 
[289]	train-rmse:0.383407+0.001554	test-rmse:0.384883+0.003739 
[290]	train-rmse:0.383351+0.001557	test-rmse:0.384834+0.003706 
[291]	train-rmse:0.383191+0.001600	test-rmse:0.384680+0.003625 
[292]	train-rmse:0.383083+0.001483	test-rmse:0.384578+0.003688 
[293]	train-rmse:0.382978+0.001589	test-rmse:0.384475+0.003668 
[294]	train-rmse:0.382814+0.001478	test-rmse:0.384327+0.003698 
[295]	train-rmse:0.382761+0.001514	test-rmse:0.384272+0.003755 
[296]	train-rmse:0.382655+0.001476	test-rmse:0.384172+0.003830 
[297]	train-rmse:0.382441+0.001524	test-rmse:0.383968+0.003790 
[298]	train-rmse:0.382333+0.001486	test-rmse:0.383870+0.003790 
[299]	train-rmse:0.382176+0.001520	test-rmse:0.383713+0.003791 
[300]	train-rmse:0.382017+0.001527	test-rmse:0.383561+0.003857 
[301]	train-rmse:0.381965+0.001577	test-rmse:0.383507+0.003918 
[302]	train-rmse:0.381753+0.001573	test-rmse:0.383306+0.003945 
[303]	train-rmse:0.381698+0.001638	test-rmse:0.383251+0.003863 
[304]	train-rmse:0.381645+0.001704	test-rmse:0.383199+0.003784 
[305]	train-rmse:0.381533+0.001659	test-rmse:0.383095+0.003789 
[306]	train-rmse:0.381430+0.001772	test-rmse:0.382988+0.003768 
[307]	train-rmse:0.381324+0.001808	test-rmse:0.382886+0.003721 
[308]	train-rmse:0.381111+0.001815	test-rmse:0.382682+0.003760 
[309]	train-rmse:0.381055+0.001807	test-rmse:0.382634+0.003722 
[310]	train-rmse:0.380948+0.001772	test-rmse:0.382537+0.003725 
[311]	train-rmse:0.380844+0.001814	test-rmse:0.382434+0.003754 
[312]	train-rmse:0.380684+0.001743	test-rmse:0.382279+0.003872 
[313]	train-rmse:0.380579+0.001807	test-rmse:0.382185+0.003766 
[314]	train-rmse:0.380421+0.001762	test-rmse:0.382034+0.003737 
[315]	train-rmse:0.380316+0.001806	test-rmse:0.381933+0.003766 
[316]	train-rmse:0.380261+0.001875	test-rmse:0.381878+0.003684 
[317]	train-rmse:0.380157+0.001764	test-rmse:0.381781+0.003734 
[318]	train-rmse:0.380049+0.001838	test-rmse:0.381679+0.003618 
[319]	train-rmse:0.379888+0.001729	test-rmse:0.381537+0.003636 
[320]	train-rmse:0.379730+0.001744	test-rmse:0.381385+0.003699 
[321]	train-rmse:0.379678+0.001719	test-rmse:0.381337+0.003740 
[322]	train-rmse:0.379518+0.001726	test-rmse:0.381184+0.003733 
[323]	train-rmse:0.379304+0.001657	test-rmse:0.380982+0.003817 
[324]	train-rmse:0.379198+0.001644	test-rmse:0.380886+0.003829 
[325]	train-rmse:0.379040+0.001607	test-rmse:0.380733+0.003872 
[326]	train-rmse:0.379039+0.001607	test-rmse:0.380732+0.003872 
[327]	train-rmse:0.378934+0.001540	test-rmse:0.380641+0.003853 
[328]	train-rmse:0.378726+0.001627	test-rmse:0.380439+0.003848 
[329]	train-rmse:0.378725+0.001627	test-rmse:0.380438+0.003848 
[330]	train-rmse:0.378564+0.001566	test-rmse:0.380284+0.003821 
[331]	train-rmse:0.378510+0.001542	test-rmse:0.380234+0.003865 
[332]	train-rmse:0.378296+0.001561	test-rmse:0.380026+0.003823 
[333]	train-rmse:0.378083+0.001498	test-rmse:0.379825+0.003909 
[334]	train-rmse:0.377927+0.001534	test-rmse:0.379673+0.003981 
[335]	train-rmse:0.377873+0.001515	test-rmse:0.379621+0.004026 
[336]	train-rmse:0.377821+0.001503	test-rmse:0.379571+0.004072 
[337]	train-rmse:0.377719+0.001564	test-rmse:0.379471+0.004102 
[338]	train-rmse:0.377612+0.001451	test-rmse:0.379371+0.004156 
[339]	train-rmse:0.377504+0.001476	test-rmse:0.379270+0.004179 
[340]	train-rmse:0.377350+0.001445	test-rmse:0.379127+0.004160 
[341]	train-rmse:0.377198+0.001505	test-rmse:0.378982+0.004233 
[342]	train-rmse:0.377096+0.001575	test-rmse:0.378884+0.004260 
[343]	train-rmse:0.376988+0.001513	test-rmse:0.378784+0.004240 
[344]	train-rmse:0.376937+0.001555	test-rmse:0.378733+0.004295 
[345]	train-rmse:0.376884+0.001595	test-rmse:0.378687+0.004273 
[346]	train-rmse:0.376776+0.001483	test-rmse:0.378587+0.004326 
[347]	train-rmse:0.376722+0.001530	test-rmse:0.378531+0.004387 
[348]	train-rmse:0.376512+0.001542	test-rmse:0.378330+0.004351 
[349]	train-rmse:0.376355+0.001479	test-rmse:0.378183+0.004457 
[350]	train-rmse:0.376250+0.001439	test-rmse:0.378084+0.004522 
[351]	train-rmse:0.376148+0.001484	test-rmse:0.377982+0.004621 
[352]	train-rmse:0.375997+0.001542	test-rmse:0.377832+0.004633 
[353]	train-rmse:0.375789+0.001631	test-rmse:0.377633+0.004634 
[354]	train-rmse:0.375687+0.001689	test-rmse:0.377533+0.004737 
[355]	train-rmse:0.375632+0.001594	test-rmse:0.377487+0.004741 
[356]	train-rmse:0.375526+0.001529	test-rmse:0.377396+0.004721 
[357]	train-rmse:0.375372+0.001534	test-rmse:0.377251+0.004762 
[358]	train-rmse:0.375269+0.001604	test-rmse:0.377152+0.004742 
[359]	train-rmse:0.375164+0.001597	test-rmse:0.377051+0.004701 
[360]	train-rmse:0.374953+0.001602	test-rmse:0.376853+0.004664 
[361]	train-rmse:0.374848+0.001526	test-rmse:0.376751+0.004587 
[362]	train-rmse:0.374847+0.001526	test-rmse:0.376751+0.004587 
[363]	train-rmse:0.374799+0.001591	test-rmse:0.376701+0.004649 
[364]	train-rmse:0.374798+0.001591	test-rmse:0.376700+0.004649 
[365]	train-rmse:0.374746+0.001607	test-rmse:0.376650+0.004572 
[366]	train-rmse:0.374636+0.001541	test-rmse:0.376555+0.004552 
[367]	train-rmse:0.374585+0.001561	test-rmse:0.376505+0.004474 
[368]	train-rmse:0.374435+0.001622	test-rmse:0.376365+0.004544 
[369]	train-rmse:0.374384+0.001641	test-rmse:0.376316+0.004469 
[370]	train-rmse:0.374232+0.001643	test-rmse:0.376171+0.004474 
[371]	train-rmse:0.374024+0.001667	test-rmse:0.375979+0.004442 
[372]	train-rmse:0.373873+0.001778	test-rmse:0.375833+0.004409 
[373]	train-rmse:0.373771+0.001766	test-rmse:0.375735+0.004415 
[374]	train-rmse:0.373717+0.001684	test-rmse:0.375686+0.004420 
[375]	train-rmse:0.373559+0.001802	test-rmse:0.375535+0.004388 
[376]	train-rmse:0.373508+0.001867	test-rmse:0.375482+0.004459 
[377]	train-rmse:0.373403+0.001861	test-rmse:0.375380+0.004538 
[378]	train-rmse:0.373302+0.001952	test-rmse:0.375277+0.004528 
[379]	train-rmse:0.373250+0.001973	test-rmse:0.375234+0.004503 
[380]	train-rmse:0.373149+0.002002	test-rmse:0.375132+0.004605 
[381]	train-rmse:0.373096+0.002024	test-rmse:0.375080+0.004528 
[382]	train-rmse:0.372992+0.002072	test-rmse:0.374983+0.004426 
[383]	train-rmse:0.372890+0.002160	test-rmse:0.374885+0.004473 
[384]	train-rmse:0.372786+0.002112	test-rmse:0.374793+0.004450 
[385]	train-rmse:0.372736+0.002177	test-rmse:0.374741+0.004526 
[386]	train-rmse:0.372682+0.002104	test-rmse:0.374693+0.004528 
[387]	train-rmse:0.372631+0.002058	test-rmse:0.374643+0.004554 
[388]	train-rmse:0.372476+0.001964	test-rmse:0.374498+0.004510 
[389]	train-rmse:0.372325+0.002078	test-rmse:0.374352+0.004485 
[390]	train-rmse:0.372222+0.002069	test-rmse:0.374253+0.004564 
[391]	train-rmse:0.372170+0.002094	test-rmse:0.374208+0.004538 
[392]	train-rmse:0.372018+0.002120	test-rmse:0.374073+0.004583 
[393]	train-rmse:0.371915+0.002208	test-rmse:0.373969+0.004581 
[394]	train-rmse:0.371764+0.002251	test-rmse:0.373831+0.004651 
[395]	train-rmse:0.371665+0.002335	test-rmse:0.373731+0.004657 
[396]	train-rmse:0.371608+0.002264	test-rmse:0.373682+0.004658 
[397]	train-rmse:0.371607+0.002264	test-rmse:0.373681+0.004658 
[398]	train-rmse:0.371607+0.002264	test-rmse:0.373680+0.004658 
[399]	train-rmse:0.371606+0.002264	test-rmse:0.373680+0.004658 
[400]	train-rmse:0.371505+0.002233	test-rmse:0.373580+0.004611 
[401]	train-rmse:0.371452+0.002258	test-rmse:0.373536+0.004587 
[402]	train-rmse:0.371300+0.002373	test-rmse:0.373393+0.004570 
[403]	train-rmse:0.371250+0.002396	test-rmse:0.373344+0.004500 
[404]	train-rmse:0.371147+0.002359	test-rmse:0.373254+0.004476 
[405]	train-rmse:0.371095+0.002391	test-rmse:0.373211+0.004454 
[406]	train-rmse:0.371043+0.002428	test-rmse:0.373166+0.004434 
[407]	train-rmse:0.370890+0.002327	test-rmse:0.373022+0.004380 
[408]	train-rmse:0.370837+0.002273	test-rmse:0.372969+0.004403 
[409]	train-rmse:0.370785+0.002298	test-rmse:0.372920+0.004333 
[410]	train-rmse:0.370684+0.002301	test-rmse:0.372821+0.004430 
[411]	train-rmse:0.370583+0.002361	test-rmse:0.372728+0.004339 
[412]	train-rmse:0.370380+0.002304	test-rmse:0.372543+0.004265 
[413]	train-rmse:0.370380+0.002304	test-rmse:0.372542+0.004265 
[414]	train-rmse:0.370279+0.002283	test-rmse:0.372447+0.004339 
[415]	train-rmse:0.370279+0.002283	test-rmse:0.372446+0.004339 
[416]	train-rmse:0.370231+0.002236	test-rmse:0.372400+0.004361 
[417]	train-rmse:0.370230+0.002236	test-rmse:0.372399+0.004361 
[418]	train-rmse:0.370081+0.002281	test-rmse:0.372258+0.004434 
[419]	train-rmse:0.369933+0.002396	test-rmse:0.372121+0.004419 
[420]	train-rmse:0.369788+0.002329	test-rmse:0.371983+0.004512 
[421]	train-rmse:0.369738+0.002390	test-rmse:0.371932+0.004590 
[422]	train-rmse:0.369637+0.002369	test-rmse:0.371834+0.004544 
[423]	train-rmse:0.369389+0.002362	test-rmse:0.371599+0.004555 
[424]	train-rmse:0.369288+0.002346	test-rmse:0.371497+0.004509 
[425]	train-rmse:0.369190+0.002336	test-rmse:0.371404+0.004465 
[426]	train-rmse:0.369042+0.002449	test-rmse:0.371259+0.004449 
[427]	train-rmse:0.368890+0.002462	test-rmse:0.371111+0.004460 
[428]	train-rmse:0.368790+0.002482	test-rmse:0.371006+0.004571 
[429]	train-rmse:0.368740+0.002513	test-rmse:0.370957+0.004507 
[430]	train-rmse:0.368687+0.002434	test-rmse:0.370910+0.004499 
[431]	train-rmse:0.368686+0.002434	test-rmse:0.370910+0.004499 
[432]	train-rmse:0.368686+0.002434	test-rmse:0.370909+0.004499 
[433]	train-rmse:0.368637+0.002468	test-rmse:0.370859+0.004435 
[434]	train-rmse:0.368585+0.002489	test-rmse:0.370814+0.004406 
[435]	train-rmse:0.368534+0.002449	test-rmse:0.370764+0.004432 
[436]	train-rmse:0.368482+0.002473	test-rmse:0.370718+0.004405 
[437]	train-rmse:0.368328+0.002386	test-rmse:0.370572+0.004360 
[438]	train-rmse:0.368277+0.002350	test-rmse:0.370521+0.004391 
[439]	train-rmse:0.368229+0.002386	test-rmse:0.370473+0.004329 
[440]	train-rmse:0.368076+0.002311	test-rmse:0.370330+0.004288 
[441]	train-rmse:0.368029+0.002360	test-rmse:0.370276+0.004371 
[442]	train-rmse:0.367875+0.002343	test-rmse:0.370137+0.004265 
[443]	train-rmse:0.367822+0.002367	test-rmse:0.370091+0.004234 
[444]	train-rmse:0.367821+0.002367	test-rmse:0.370090+0.004234 
[445]	train-rmse:0.367719+0.002330	test-rmse:0.369995+0.004164 
[446]	train-rmse:0.367616+0.002403	test-rmse:0.369900+0.004068 
[447]	train-rmse:0.367463+0.002329	test-rmse:0.369755+0.004166 
[448]	train-rmse:0.367319+0.002360	test-rmse:0.369621+0.004107 
[449]	train-rmse:0.367173+0.002415	test-rmse:0.369469+0.004150 
[450]	train-rmse:0.367122+0.002335	test-rmse:0.369426+0.004141 
[451]	train-rmse:0.367071+0.002385	test-rmse:0.369376+0.004079 
[452]	train-rmse:0.366969+0.002349	test-rmse:0.369280+0.004151 
[453]	train-rmse:0.366969+0.002349	test-rmse:0.369279+0.004151 
[454]	train-rmse:0.366821+0.002279	test-rmse:0.369141+0.004250 
[455]	train-rmse:0.366768+0.002201	test-rmse:0.369094+0.004243 
[456]	train-rmse:0.366717+0.002218	test-rmse:0.369052+0.004211 
[457]	train-rmse:0.366570+0.002270	test-rmse:0.368903+0.004264 
[458]	train-rmse:0.366472+0.002156	test-rmse:0.368811+0.004286 
[459]	train-rmse:0.366374+0.002168	test-rmse:0.368718+0.004268 
[460]	train-rmse:0.366272+0.002148	test-rmse:0.368622+0.004265 
[461]	train-rmse:0.366174+0.002164	test-rmse:0.368527+0.004372 
[462]	train-rmse:0.366124+0.002214	test-rmse:0.368481+0.004317 
[463]	train-rmse:0.365978+0.002284	test-rmse:0.368336+0.004370 
[464]	train-rmse:0.365928+0.002337	test-rmse:0.368291+0.004319 
[465]	train-rmse:0.365782+0.002279	test-rmse:0.368148+0.004420 
[466]	train-rmse:0.365689+0.002310	test-rmse:0.368058+0.004403 
[467]	train-rmse:0.365491+0.002307	test-rmse:0.367873+0.004449 
[468]	train-rmse:0.365341+0.002278	test-rmse:0.367746+0.004351 
[469]	train-rmse:0.365196+0.002358	test-rmse:0.367604+0.004405 
[470]	train-rmse:0.365148+0.002416	test-rmse:0.367556+0.004355 
[471]	train-rmse:0.364950+0.002355	test-rmse:0.367376+0.004412 
[472]	train-rmse:0.364950+0.002355	test-rmse:0.367375+0.004412 
[473]	train-rmse:0.364803+0.002316	test-rmse:0.367240+0.004435 
[474]	train-rmse:0.364655+0.002350	test-rmse:0.367100+0.004376 
[475]	train-rmse:0.364413+0.002344	test-rmse:0.366867+0.004381 
[476]	train-rmse:0.364309+0.002259	test-rmse:0.366774+0.004327 
[477]	train-rmse:0.364259+0.002180	test-rmse:0.366731+0.004318 
[478]	train-rmse:0.364209+0.002154	test-rmse:0.366685+0.004353 
[479]	train-rmse:0.364065+0.002256	test-rmse:0.366545+0.004336 
[480]	train-rmse:0.363866+0.002207	test-rmse:0.366363+0.004268 
[481]	train-rmse:0.363818+0.002184	test-rmse:0.366316+0.004306 
[482]	train-rmse:0.363716+0.002107	test-rmse:0.366225+0.004255 
[483]	train-rmse:0.363617+0.002037	test-rmse:0.366138+0.004207 
[484]	train-rmse:0.363518+0.001988	test-rmse:0.366042+0.004271 
[485]	train-rmse:0.363372+0.002094	test-rmse:0.365908+0.004245 
[486]	train-rmse:0.363225+0.002083	test-rmse:0.365777+0.004145 
[487]	train-rmse:0.362983+0.002080	test-rmse:0.365548+0.004151 
[488]	train-rmse:0.362931+0.002097	test-rmse:0.365504+0.004114 
[489]	train-rmse:0.362834+0.002190	test-rmse:0.365409+0.004134 
[490]	train-rmse:0.362742+0.002281	test-rmse:0.365316+0.004157 
[491]	train-rmse:0.362551+0.002267	test-rmse:0.365130+0.004197 
[492]	train-rmse:0.362458+0.002315	test-rmse:0.365043+0.004238 
[493]	train-rmse:0.362409+0.002329	test-rmse:0.365000+0.004200 
[494]	train-rmse:0.362359+0.002347	test-rmse:0.364955+0.004164 
[495]	train-rmse:0.362163+0.002308	test-rmse:0.364775+0.004100 
[496]	train-rmse:0.362068+0.002365	test-rmse:0.364684+0.004144 
[497]	train-rmse:0.361974+0.002363	test-rmse:0.364591+0.004249 
[498]	train-rmse:0.361781+0.002439	test-rmse:0.364403+0.004267 
[499]	train-rmse:0.361635+0.002377	test-rmse:0.364266+0.004232 
[500]	train-rmse:0.361634+0.002377	test-rmse:0.364266+0.004232 
[501]	train-rmse:0.361536+0.002321	test-rmse:0.364182+0.004185 
[502]	train-rmse:0.361438+0.002298	test-rmse:0.364090+0.004117 
[503]	train-rmse:0.361389+0.002355	test-rmse:0.364040+0.004061 
[504]	train-rmse:0.361250+0.002274	test-rmse:0.363903+0.004153 
[505]	train-rmse:0.361204+0.002310	test-rmse:0.363856+0.004227 
[506]	train-rmse:0.361154+0.002328	test-rmse:0.363813+0.004191 
[507]	train-rmse:0.361108+0.002381	test-rmse:0.363766+0.004140 
[508]	train-rmse:0.361010+0.002369	test-rmse:0.363674+0.004077 
[509]	train-rmse:0.360915+0.002420	test-rmse:0.363581+0.004109 
[510]	train-rmse:0.360866+0.002442	test-rmse:0.363536+0.004073 
[511]	train-rmse:0.360770+0.002520	test-rmse:0.363447+0.003988 
[512]	train-rmse:0.360722+0.002452	test-rmse:0.363407+0.003976 
[513]	train-rmse:0.360629+0.002411	test-rmse:0.363327+0.003934 
[514]	train-rmse:0.360629+0.002411	test-rmse:0.363326+0.003934 
[515]	train-rmse:0.360488+0.002426	test-rmse:0.363192+0.004005 
[516]	train-rmse:0.360439+0.002359	test-rmse:0.363148+0.003993 
[517]	train-rmse:0.360391+0.002413	test-rmse:0.363101+0.003939 
[518]	train-rmse:0.360346+0.002466	test-rmse:0.363058+0.003891 
[519]	train-rmse:0.360204+0.002491	test-rmse:0.362927+0.003794 
[520]	train-rmse:0.360057+0.002406	test-rmse:0.362793+0.003773 
[521]	train-rmse:0.360057+0.002406	test-rmse:0.362792+0.003773 
[522]	train-rmse:0.360010+0.002359	test-rmse:0.362747+0.003799 
[523]	train-rmse:0.359913+0.002416	test-rmse:0.362658+0.003845 
[524]	train-rmse:0.359773+0.002527	test-rmse:0.362522+0.003836 
[525]	train-rmse:0.359674+0.002409	test-rmse:0.362431+0.003852 
[526]	train-rmse:0.359579+0.002498	test-rmse:0.362346+0.003771 
[527]	train-rmse:0.359386+0.002458	test-rmse:0.362159+0.003812 
[528]	train-rmse:0.359385+0.002458	test-rmse:0.362158+0.003812 
[529]	train-rmse:0.359385+0.002458	test-rmse:0.362158+0.003812 
[530]	train-rmse:0.359241+0.002504	test-rmse:0.362025+0.003753 
[531]	train-rmse:0.359240+0.002504	test-rmse:0.362025+0.003753 
[532]	train-rmse:0.359190+0.002436	test-rmse:0.361980+0.003739 
[533]	train-rmse:0.359190+0.002436	test-rmse:0.361979+0.003739 
[534]	train-rmse:0.359143+0.002390	test-rmse:0.361933+0.003767 
[535]	train-rmse:0.359097+0.002447	test-rmse:0.361888+0.003717 
[536]	train-rmse:0.359002+0.002540	test-rmse:0.361805+0.003637 
[537]	train-rmse:0.358905+0.002510	test-rmse:0.361720+0.003590 
[538]	train-rmse:0.358808+0.002608	test-rmse:0.361631+0.003504 
[539]	train-rmse:0.358661+0.002665	test-rmse:0.361495+0.003447 
[540]	train-rmse:0.358474+0.002712	test-rmse:0.361319+0.003429 
[541]	train-rmse:0.358426+0.002652	test-rmse:0.361276+0.003413 
[542]	train-rmse:0.358332+0.002750	test-rmse:0.361188+0.003330 
[543]	train-rmse:0.358236+0.002800	test-rmse:0.361099+0.003378 
[544]	train-rmse:0.358188+0.002751	test-rmse:0.361050+0.003405 
[545]	train-rmse:0.358044+0.002647	test-rmse:0.360910+0.003499 
[546]	train-rmse:0.357904+0.002755	test-rmse:0.360776+0.003496 
[547]	train-rmse:0.357858+0.002767	test-rmse:0.360727+0.003578 
[548]	train-rmse:0.357717+0.002669	test-rmse:0.360590+0.003665 
[549]	train-rmse:0.357617+0.002770	test-rmse:0.360500+0.003582 
[550]	train-rmse:0.357526+0.002863	test-rmse:0.360417+0.003508 
[551]	train-rmse:0.357476+0.002800	test-rmse:0.360373+0.003489 
[552]	train-rmse:0.357476+0.002800	test-rmse:0.360373+0.003489 
[553]	train-rmse:0.357336+0.002795	test-rmse:0.360248+0.003520 
[554]	train-rmse:0.357288+0.002852	test-rmse:0.360200+0.003468 
[555]	train-rmse:0.357191+0.002842	test-rmse:0.360112+0.003462 
[556]	train-rmse:0.357100+0.002840	test-rmse:0.360026+0.003459 
[557]	train-rmse:0.356958+0.002788	test-rmse:0.359891+0.003414 
[558]	train-rmse:0.356771+0.002736	test-rmse:0.359714+0.003449 
[559]	train-rmse:0.356674+0.002682	test-rmse:0.359625+0.003511 
[560]	train-rmse:0.356483+0.002669	test-rmse:0.359453+0.003445 
[561]	train-rmse:0.356338+0.002711	test-rmse:0.359322+0.003347 
[562]	train-rmse:0.356290+0.002657	test-rmse:0.359281+0.003333 
[563]	train-rmse:0.356243+0.002661	test-rmse:0.359232+0.003414 
[564]	train-rmse:0.356152+0.002665	test-rmse:0.359147+0.003353 
[565]	train-rmse:0.356051+0.002653	test-rmse:0.359056+0.003345 
[566]	train-rmse:0.356005+0.002657	test-rmse:0.359009+0.003423 
[567]	train-rmse:0.355912+0.002707	test-rmse:0.358924+0.003472 
[568]	train-rmse:0.355815+0.002699	test-rmse:0.358841+0.003430 
[569]	train-rmse:0.355673+0.002808	test-rmse:0.358706+0.003435 
[570]	train-rmse:0.355672+0.002808	test-rmse:0.358706+0.003435 
[571]	train-rmse:0.355623+0.002755	test-rmse:0.358663+0.003421 
[572]	train-rmse:0.355486+0.002754	test-rmse:0.358536+0.003494 
[573]	train-rmse:0.355392+0.002814	test-rmse:0.358443+0.003549 
[574]	train-rmse:0.355345+0.002760	test-rmse:0.358396+0.003570 
[575]	train-rmse:0.355299+0.002771	test-rmse:0.358345+0.003656 
[576]	train-rmse:0.355252+0.002819	test-rmse:0.358301+0.003606 
[577]	train-rmse:0.355159+0.002711	test-rmse:0.358215+0.003609 
[578]	train-rmse:0.355114+0.002757	test-rmse:0.358176+0.003584 
[579]	train-rmse:0.355023+0.002715	test-rmse:0.358088+0.003681 
[580]	train-rmse:0.354978+0.002728	test-rmse:0.358045+0.003753 
[581]	train-rmse:0.354931+0.002775	test-rmse:0.358001+0.003704 
[582]	train-rmse:0.354836+0.002664	test-rmse:0.357915+0.003711 
[583]	train-rmse:0.354789+0.002612	test-rmse:0.357867+0.003736 
[584]	train-rmse:0.354746+0.002659	test-rmse:0.357826+0.003690 
[585]	train-rmse:0.354607+0.002676	test-rmse:0.357686+0.003738 
[586]	train-rmse:0.354561+0.002729	test-rmse:0.357642+0.003691 
[587]	train-rmse:0.354561+0.002729	test-rmse:0.357641+0.003691 
[588]	train-rmse:0.354561+0.002729	test-rmse:0.357641+0.003691 
[589]	train-rmse:0.354469+0.002694	test-rmse:0.357548+0.003798 
[590]	train-rmse:0.354334+0.002718	test-rmse:0.357415+0.003851 
[591]	train-rmse:0.354197+0.002725	test-rmse:0.357280+0.003866 
[592]	train-rmse:0.354099+0.002611	test-rmse:0.357192+0.003872 
[593]	train-rmse:0.353960+0.002719	test-rmse:0.357065+0.003877 
[594]	train-rmse:0.353773+0.002763	test-rmse:0.356893+0.003863 
[595]	train-rmse:0.353681+0.002718	test-rmse:0.356809+0.003920 
[596]	train-rmse:0.353538+0.002643	test-rmse:0.356680+0.003894 
[597]	train-rmse:0.353442+0.002530	test-rmse:0.356588+0.003903 
[598]	train-rmse:0.353398+0.002547	test-rmse:0.356543+0.003978 
[599]	train-rmse:0.353307+0.002511	test-rmse:0.356452+0.004077 
[600]	train-rmse:0.353161+0.002416	test-rmse:0.356310+0.004170 
[601]	train-rmse:0.353072+0.002391	test-rmse:0.356221+0.004270 
[602]	train-rmse:0.352979+0.002352	test-rmse:0.356133+0.004331 
[603]	train-rmse:0.352842+0.002369	test-rmse:0.355999+0.004353 
[604]	train-rmse:0.352658+0.002313	test-rmse:0.355829+0.004404 
[605]	train-rmse:0.352517+0.002336	test-rmse:0.355701+0.004310 
[606]	train-rmse:0.352467+0.002370	test-rmse:0.355659+0.004275 
[607]	train-rmse:0.352372+0.002341	test-rmse:0.355569+0.004345 
[608]	train-rmse:0.352371+0.002341	test-rmse:0.355569+0.004345 
[609]	train-rmse:0.352371+0.002341	test-rmse:0.355569+0.004345 
[610]	train-rmse:0.352280+0.002335	test-rmse:0.355485+0.004289 
[611]	train-rmse:0.352235+0.002365	test-rmse:0.355438+0.004370 
[612]	train-rmse:0.352050+0.002313	test-rmse:0.355261+0.004426 
[613]	train-rmse:0.351959+0.002378	test-rmse:0.355177+0.004470 
[614]	train-rmse:0.351959+0.002378	test-rmse:0.355176+0.004470 
[615]	train-rmse:0.351817+0.002302	test-rmse:0.355044+0.004444 
[616]	train-rmse:0.351679+0.002320	test-rmse:0.354914+0.004486 
[617]	train-rmse:0.351540+0.002433	test-rmse:0.354779+0.004481 
[618]	train-rmse:0.351491+0.002383	test-rmse:0.354737+0.004472 
[619]	train-rmse:0.351352+0.002311	test-rmse:0.354615+0.004451 
[620]	train-rmse:0.351261+0.002302	test-rmse:0.354531+0.004526 
[621]	train-rmse:0.351173+0.002277	test-rmse:0.354446+0.004490 
[622]	train-rmse:0.351035+0.002293	test-rmse:0.354317+0.004426 
[623]	train-rmse:0.350944+0.002289	test-rmse:0.354236+0.004368 
[624]	train-rmse:0.350943+0.002289	test-rmse:0.354236+0.004368 
[625]	train-rmse:0.350895+0.002242	test-rmse:0.354193+0.004360 
[626]	train-rmse:0.350803+0.002240	test-rmse:0.354115+0.004322 
[627]	train-rmse:0.350671+0.002239	test-rmse:0.353989+0.004358 
[628]	train-rmse:0.350574+0.002125	test-rmse:0.353897+0.004371 
[629]	train-rmse:0.350483+0.002193	test-rmse:0.353814+0.004415 
[630]	train-rmse:0.350344+0.002126	test-rmse:0.353689+0.004397 
[631]	train-rmse:0.350299+0.002087	test-rmse:0.353648+0.004392 
[632]	train-rmse:0.350207+0.002088	test-rmse:0.353566+0.004340 
[633]	train-rmse:0.350115+0.002056	test-rmse:0.353480+0.004311 
[634]	train-rmse:0.350022+0.002059	test-rmse:0.353404+0.004277 
[635]	train-rmse:0.349975+0.001988	test-rmse:0.353358+0.004297 
[636]	train-rmse:0.349930+0.001919	test-rmse:0.353312+0.004320 
[637]	train-rmse:0.349883+0.001852	test-rmse:0.353268+0.004343 
[638]	train-rmse:0.349883+0.001852	test-rmse:0.353268+0.004343 
[639]	train-rmse:0.349697+0.001812	test-rmse:0.353090+0.004411 
[640]	train-rmse:0.349565+0.001836	test-rmse:0.352966+0.004431 
[641]	train-rmse:0.349428+0.001851	test-rmse:0.352840+0.004374 
[642]	train-rmse:0.349244+0.001828	test-rmse:0.352671+0.004307 
[643]	train-rmse:0.349063+0.001895	test-rmse:0.352499+0.004281 
[644]	train-rmse:0.348926+0.001837	test-rmse:0.352366+0.004250 
[645]	train-rmse:0.348749+0.001875	test-rmse:0.352195+0.004268 
[646]	train-rmse:0.348611+0.001816	test-rmse:0.352071+0.004251 
[647]	train-rmse:0.348567+0.001863	test-rmse:0.352025+0.004199 
[648]	train-rmse:0.348477+0.001851	test-rmse:0.351935+0.004178 
[649]	train-rmse:0.348391+0.001942	test-rmse:0.351856+0.004097 
[650]	train-rmse:0.348256+0.001982	test-rmse:0.351735+0.004044 
[651]	train-rmse:0.348169+0.001930	test-rmse:0.351649+0.004140 
[652]	train-rmse:0.348033+0.001978	test-rmse:0.351528+0.004049 
[653]	train-rmse:0.347988+0.002034	test-rmse:0.351487+0.004005 
[654]	train-rmse:0.347900+0.002037	test-rmse:0.351402+0.003986 
[655]	train-rmse:0.347900+0.002037	test-rmse:0.351402+0.003986 
[656]	train-rmse:0.347761+0.002088	test-rmse:0.351270+0.003929 
[657]	train-rmse:0.347671+0.002037	test-rmse:0.351176+0.004037 
[658]	train-rmse:0.347627+0.002038	test-rmse:0.351132+0.004104 
[659]	train-rmse:0.347493+0.002082	test-rmse:0.351017+0.004017 
[660]	train-rmse:0.347405+0.002036	test-rmse:0.350933+0.004077 
[661]	train-rmse:0.347267+0.002089	test-rmse:0.350812+0.003987 
[662]	train-rmse:0.347221+0.002046	test-rmse:0.350774+0.003979 
[663]	train-rmse:0.347131+0.002049	test-rmse:0.350685+0.003965 
[664]	train-rmse:0.347089+0.001998	test-rmse:0.350644+0.003993 
[665]	train-rmse:0.346958+0.001900	test-rmse:0.350523+0.004082 
[666]	train-rmse:0.346870+0.001893	test-rmse:0.350444+0.004072 
[667]	train-rmse:0.346783+0.001949	test-rmse:0.350358+0.004094 
[668]	train-rmse:0.346608+0.001995	test-rmse:0.350187+0.004118 
[669]	train-rmse:0.346607+0.001995	test-rmse:0.350187+0.004118 
[670]	train-rmse:0.346564+0.001997	test-rmse:0.350139+0.004192 
[671]	train-rmse:0.346564+0.001996	test-rmse:0.350138+0.004192 
[672]	train-rmse:0.346480+0.001955	test-rmse:0.350060+0.004282 
[673]	train-rmse:0.346306+0.002006	test-rmse:0.349890+0.004303 
[674]	train-rmse:0.346174+0.002027	test-rmse:0.349756+0.004369 
[675]	train-rmse:0.346041+0.002129	test-rmse:0.349626+0.004357 
[676]	train-rmse:0.345995+0.002069	test-rmse:0.349585+0.004342 
[677]	train-rmse:0.345860+0.002054	test-rmse:0.349459+0.004354 
[678]	train-rmse:0.345815+0.002007	test-rmse:0.349416+0.004384 
[679]	train-rmse:0.345635+0.001997	test-rmse:0.349252+0.004325 
[680]	train-rmse:0.345546+0.002015	test-rmse:0.349168+0.004316 
[681]	train-rmse:0.345545+0.002015	test-rmse:0.349168+0.004316 
[682]	train-rmse:0.345370+0.002067	test-rmse:0.349002+0.004346 
[683]	train-rmse:0.345279+0.001968	test-rmse:0.348920+0.004368 
[684]	train-rmse:0.345103+0.001964	test-rmse:0.348757+0.004311 
[685]	train-rmse:0.345016+0.001943	test-rmse:0.348683+0.004259 
[686]	train-rmse:0.344924+0.001946	test-rmse:0.348600+0.004258 
[687]	train-rmse:0.344880+0.001912	test-rmse:0.348558+0.004294 
[688]	train-rmse:0.344790+0.001951	test-rmse:0.348471+0.004325 
[689]	train-rmse:0.344649+0.001898	test-rmse:0.348347+0.004309 
[690]	train-rmse:0.344512+0.001937	test-rmse:0.348224+0.004215 
[691]	train-rmse:0.344512+0.001937	test-rmse:0.348224+0.004215 
[692]	train-rmse:0.344427+0.001982	test-rmse:0.348138+0.004243 
[693]	train-rmse:0.344381+0.001946	test-rmse:0.348091+0.004282 
[694]	train-rmse:0.344294+0.001973	test-rmse:0.348004+0.004276 
[695]	train-rmse:0.344206+0.002003	test-rmse:0.347915+0.004277 
[696]	train-rmse:0.344118+0.001914	test-rmse:0.347835+0.004297 
[697]	train-rmse:0.344074+0.001903	test-rmse:0.347789+0.004362 
[698]	train-rmse:0.344074+0.001903	test-rmse:0.347789+0.004362 
[699]	train-rmse:0.344027+0.001945	test-rmse:0.347747+0.004320 
[700]	train-rmse:0.343982+0.001921	test-rmse:0.347704+0.004361 
[701]	train-rmse:0.343806+0.001989	test-rmse:0.347540+0.004385 
[702]	train-rmse:0.343765+0.001971	test-rmse:0.347500+0.004424 
[703]	train-rmse:0.343675+0.001892	test-rmse:0.347414+0.004472 
[704]	train-rmse:0.343544+0.001920	test-rmse:0.347288+0.004537 
[705]	train-rmse:0.343501+0.001976	test-rmse:0.347251+0.004502 
[706]	train-rmse:0.343413+0.001954	test-rmse:0.347167+0.004602 
[707]	train-rmse:0.343368+0.002015	test-rmse:0.347122+0.004562 
[708]	train-rmse:0.343279+0.001929	test-rmse:0.347042+0.004582 
[709]	train-rmse:0.343233+0.001856	test-rmse:0.347002+0.004564 
[710]	train-rmse:0.343110+0.001893	test-rmse:0.346881+0.004630 
[711]	train-rmse:0.343020+0.001886	test-rmse:0.346796+0.004574 
[712]	train-rmse:0.342804+0.001878	test-rmse:0.346597+0.004584 
[713]	train-rmse:0.342718+0.001892	test-rmse:0.346522+0.004582 
[714]	train-rmse:0.342671+0.001923	test-rmse:0.346480+0.004539 
[715]	train-rmse:0.342542+0.001875	test-rmse:0.346362+0.004540 
[716]	train-rmse:0.342455+0.001968	test-rmse:0.346286+0.004468 
[717]	train-rmse:0.342413+0.002025	test-rmse:0.346249+0.004435 
[718]	train-rmse:0.342280+0.002001	test-rmse:0.346126+0.004419 
[719]	train-rmse:0.342148+0.002031	test-rmse:0.346016+0.004331 
[720]	train-rmse:0.342063+0.001997	test-rmse:0.345933+0.004430 
[721]	train-rmse:0.341933+0.001952	test-rmse:0.345814+0.004424 
[722]	train-rmse:0.341844+0.001972	test-rmse:0.345739+0.004431 
[723]	train-rmse:0.341752+0.001947	test-rmse:0.345661+0.004375 
[724]	train-rmse:0.341618+0.002030	test-rmse:0.345537+0.004339 
[725]	train-rmse:0.341572+0.001966	test-rmse:0.345500+0.004322 
[726]	train-rmse:0.341435+0.001924	test-rmse:0.345371+0.004325 
[727]	train-rmse:0.341349+0.001952	test-rmse:0.345295+0.004330 
[728]	train-rmse:0.341216+0.001916	test-rmse:0.345171+0.004339 
[729]	train-rmse:0.341086+0.001999	test-rmse:0.345049+0.004303 
[730]	train-rmse:0.340951+0.002048	test-rmse:0.344932+0.004207 
[731]	train-rmse:0.340863+0.001972	test-rmse:0.344853+0.004229 
[732]	train-rmse:0.340780+0.002007	test-rmse:0.344771+0.004228 
[733]	train-rmse:0.340780+0.002007	test-rmse:0.344771+0.004228 
[734]	train-rmse:0.340692+0.001935	test-rmse:0.344694+0.004251 
[735]	train-rmse:0.340567+0.001940	test-rmse:0.344574+0.004314 
[736]	train-rmse:0.340524+0.001991	test-rmse:0.344532+0.004273 
[737]	train-rmse:0.340524+0.001991	test-rmse:0.344532+0.004273 
[738]	train-rmse:0.340437+0.001921	test-rmse:0.344457+0.004296 
[739]	train-rmse:0.340263+0.001932	test-rmse:0.344299+0.004263 
[740]	train-rmse:0.340262+0.001932	test-rmse:0.344298+0.004263 
[741]	train-rmse:0.340132+0.002022	test-rmse:0.344178+0.004232 
[742]	train-rmse:0.340045+0.002042	test-rmse:0.344092+0.004254 
[743]	train-rmse:0.339963+0.002071	test-rmse:0.344005+0.004269 
[744]	train-rmse:0.339834+0.002156	test-rmse:0.343883+0.004238 
[745]	train-rmse:0.339663+0.002101	test-rmse:0.343725+0.004283 
[746]	train-rmse:0.339490+0.002159	test-rmse:0.343570+0.004312 
[747]	train-rmse:0.339406+0.002206	test-rmse:0.343488+0.004321 
[748]	train-rmse:0.339278+0.002160	test-rmse:0.343368+0.004327 
[749]	train-rmse:0.339234+0.002150	test-rmse:0.343321+0.004378 
[750]	train-rmse:0.339147+0.002142	test-rmse:0.343244+0.004323 
[751]	train-rmse:0.339062+0.002055	test-rmse:0.343165+0.004358 
[752]	train-rmse:0.339062+0.002055	test-rmse:0.343165+0.004359 
[753]	train-rmse:0.338892+0.002116	test-rmse:0.343003+0.004375 
[754]	train-rmse:0.338803+0.002098	test-rmse:0.342925+0.004318 
[755]	train-rmse:0.338716+0.002198	test-rmse:0.342846+0.004243 
[756]	train-rmse:0.338582+0.002176	test-rmse:0.342727+0.004232 
[757]	train-rmse:0.338493+0.002280	test-rmse:0.342649+0.004158 
[758]	train-rmse:0.338408+0.002275	test-rmse:0.342571+0.004103 
[759]	train-rmse:0.338408+0.002275	test-rmse:0.342571+0.004103 
[760]	train-rmse:0.338324+0.002229	test-rmse:0.342488+0.004202 
[761]	train-rmse:0.338236+0.002224	test-rmse:0.342414+0.004147 
[762]	train-rmse:0.338107+0.002211	test-rmse:0.342297+0.004140 
[763]	train-rmse:0.337891+0.002211	test-rmse:0.342104+0.004144 
[764]	train-rmse:0.337851+0.002166	test-rmse:0.342074+0.004130 
[765]	train-rmse:0.337766+0.002204	test-rmse:0.341997+0.004140 
[766]	train-rmse:0.337724+0.002166	test-rmse:0.341955+0.004194 
[767]	train-rmse:0.337644+0.002177	test-rmse:0.341875+0.004212 
[768]	train-rmse:0.337603+0.002145	test-rmse:0.341833+0.004267 
[769]	train-rmse:0.337515+0.002183	test-rmse:0.341752+0.004277 
[770]	train-rmse:0.337387+0.002231	test-rmse:0.341637+0.004183 
[771]	train-rmse:0.337299+0.002234	test-rmse:0.341561+0.004127 
[772]	train-rmse:0.337172+0.002190	test-rmse:0.341442+0.004131 
[773]	train-rmse:0.337045+0.002167	test-rmse:0.341327+0.004136 
[774]	train-rmse:0.336957+0.002084	test-rmse:0.341246+0.004176 
[775]	train-rmse:0.336872+0.002185	test-rmse:0.341171+0.004104 
[776]	train-rmse:0.336787+0.002288	test-rmse:0.341096+0.004032 
[777]	train-rmse:0.336703+0.002290	test-rmse:0.341020+0.003976 
[778]	train-rmse:0.336573+0.002279	test-rmse:0.340901+0.003967 
[779]	train-rmse:0.336446+0.002250	test-rmse:0.340783+0.003973 
[780]	train-rmse:0.336362+0.002188	test-rmse:0.340698+0.004075 
[781]	train-rmse:0.336237+0.002086	test-rmse:0.340580+0.004156 
[782]	train-rmse:0.336158+0.002014	test-rmse:0.340505+0.004197 
[783]	train-rmse:0.336115+0.001988	test-rmse:0.340461+0.004241 
[784]	train-rmse:0.336075+0.001956	test-rmse:0.340420+0.004297 
[785]	train-rmse:0.336033+0.001932	test-rmse:0.340378+0.004339 
[786]	train-rmse:0.335951+0.002031	test-rmse:0.340304+0.004266 
[787]	train-rmse:0.335867+0.001966	test-rmse:0.340232+0.004289 
[788]	train-rmse:0.335743+0.002032	test-rmse:0.340117+0.004273 
[789]	train-rmse:0.335614+0.002117	test-rmse:0.340001+0.004237 
[790]	train-rmse:0.335614+0.002117	test-rmse:0.340001+0.004237 
[791]	train-rmse:0.335571+0.002097	test-rmse:0.339962+0.004278 
[792]	train-rmse:0.335484+0.002135	test-rmse:0.339885+0.004293 
[793]	train-rmse:0.335353+0.002133	test-rmse:0.339771+0.004289 
[794]	train-rmse:0.335353+0.002133	test-rmse:0.339771+0.004289 
[795]	train-rmse:0.335353+0.002133	test-rmse:0.339771+0.004289 
[796]	train-rmse:0.335186+0.002092	test-rmse:0.339615+0.004336 
[797]	train-rmse:0.335103+0.002085	test-rmse:0.339542+0.004283 
[798]	train-rmse:0.335061+0.002073	test-rmse:0.339501+0.004329 
[799]	train-rmse:0.334976+0.002071	test-rmse:0.339425+0.004272 
[800]	train-rmse:0.334932+0.002026	test-rmse:0.339380+0.004328 
[801]	train-rmse:0.334852+0.002030	test-rmse:0.339300+0.004350 
[802]	train-rmse:0.334729+0.002034	test-rmse:0.339188+0.004411 
[803]	train-rmse:0.334647+0.002044	test-rmse:0.339106+0.004425 
[804]	train-rmse:0.334562+0.001959	test-rmse:0.339025+0.004466 
[805]	train-rmse:0.334517+0.002017	test-rmse:0.338988+0.004430 
[806]	train-rmse:0.334474+0.002075	test-rmse:0.338953+0.004396 
[807]	train-rmse:0.334388+0.002073	test-rmse:0.338876+0.004340 
[808]	train-rmse:0.334264+0.002039	test-rmse:0.338761+0.004345 
[809]	train-rmse:0.334223+0.002018	test-rmse:0.338723+0.004384 
[810]	train-rmse:0.334103+0.002085	test-rmse:0.338611+0.004364 
[811]	train-rmse:0.333938+0.002031	test-rmse:0.338454+0.004411 
[812]	train-rmse:0.333857+0.001967	test-rmse:0.338383+0.004431 
[813]	train-rmse:0.333770+0.001978	test-rmse:0.338310+0.004379 
[814]	train-rmse:0.333770+0.001978	test-rmse:0.338310+0.004379 
[815]	train-rmse:0.333686+0.001900	test-rmse:0.338233+0.004421 
[816]	train-rmse:0.333641+0.001860	test-rmse:0.338195+0.004406 
[817]	train-rmse:0.333521+0.001841	test-rmse:0.338078+0.004462 
[818]	train-rmse:0.333482+0.001892	test-rmse:0.338047+0.004431 
[819]	train-rmse:0.333360+0.001881	test-rmse:0.337923+0.004492 
[820]	train-rmse:0.333275+0.001916	test-rmse:0.337844+0.004495 
[821]	train-rmse:0.333192+0.001934	test-rmse:0.337769+0.004519 
[822]	train-rmse:0.333022+0.001969	test-rmse:0.337617+0.004470 
[823]	train-rmse:0.332896+0.001951	test-rmse:0.337501+0.004459 
[824]	train-rmse:0.332895+0.001951	test-rmse:0.337501+0.004459 
[825]	train-rmse:0.332773+0.002012	test-rmse:0.337398+0.004376 
[826]	train-rmse:0.332690+0.002030	test-rmse:0.337322+0.004394 
[827]	train-rmse:0.332610+0.002127	test-rmse:0.337251+0.004326 
[828]	train-rmse:0.332568+0.002172	test-rmse:0.337213+0.004291 
[829]	train-rmse:0.332524+0.002230	test-rmse:0.337176+0.004254 
[830]	train-rmse:0.332482+0.002192	test-rmse:0.337134+0.004311 
[831]	train-rmse:0.332401+0.002215	test-rmse:0.337063+0.004333 
[832]	train-rmse:0.332359+0.002175	test-rmse:0.337028+0.004316 
[833]	train-rmse:0.332274+0.002195	test-rmse:0.336956+0.004264 
[834]	train-rmse:0.332191+0.002197	test-rmse:0.336883+0.004213 
[835]	train-rmse:0.332026+0.002139	test-rmse:0.336725+0.004257 
[836]	train-rmse:0.331903+0.002204	test-rmse:0.336608+0.004247 
[837]	train-rmse:0.331784+0.002195	test-rmse:0.336498+0.004314 
[838]	train-rmse:0.331743+0.002159	test-rmse:0.336464+0.004297 
[839]	train-rmse:0.331701+0.002218	test-rmse:0.336430+0.004265 
[840]	train-rmse:0.331573+0.002217	test-rmse:0.336319+0.004252 
[841]	train-rmse:0.331450+0.002286	test-rmse:0.336204+0.004223 
[842]	train-rmse:0.331367+0.002323	test-rmse:0.336124+0.004231 
[843]	train-rmse:0.331240+0.002327	test-rmse:0.336015+0.004226 
[844]	train-rmse:0.331118+0.002231	test-rmse:0.335899+0.004304 
[845]	train-rmse:0.331036+0.002170	test-rmse:0.335813+0.004407 
[846]	train-rmse:0.330994+0.002135	test-rmse:0.335776+0.004391 
[847]	train-rmse:0.330953+0.002200	test-rmse:0.335742+0.004360 
[848]	train-rmse:0.330874+0.002192	test-rmse:0.335665+0.004375 
[849]	train-rmse:0.330792+0.002218	test-rmse:0.335587+0.004403 
[850]	train-rmse:0.330711+0.002161	test-rmse:0.335510+0.004430 
[851]	train-rmse:0.330670+0.002140	test-rmse:0.335471+0.004472 
[852]	train-rmse:0.330628+0.002208	test-rmse:0.335435+0.004441 
[853]	train-rmse:0.330546+0.002235	test-rmse:0.335369+0.004398 
[854]	train-rmse:0.330504+0.002305	test-rmse:0.335334+0.004369 
[855]	train-rmse:0.330464+0.002329	test-rmse:0.335296+0.004327 
[856]	train-rmse:0.330385+0.002421	test-rmse:0.335227+0.004262 
[857]	train-rmse:0.330303+0.002448	test-rmse:0.335152+0.004291 
[858]	train-rmse:0.330182+0.002420	test-rmse:0.335039+0.004270 
[859]	train-rmse:0.330182+0.002420	test-rmse:0.335039+0.004270 
[860]	train-rmse:0.330055+0.002394	test-rmse:0.334923+0.004251 
[861]	train-rmse:0.329931+0.002372	test-rmse:0.334809+0.004233 
[862]	train-rmse:0.329930+0.002372	test-rmse:0.334809+0.004233 
[863]	train-rmse:0.329768+0.002389	test-rmse:0.334662+0.004202 
[864]	train-rmse:0.329607+0.002364	test-rmse:0.334513+0.004248 
[865]	train-rmse:0.329485+0.002322	test-rmse:0.334396+0.004248 
[866]	train-rmse:0.329404+0.002363	test-rmse:0.334328+0.004256 
[867]	train-rmse:0.329245+0.002404	test-rmse:0.334181+0.004215 
[868]	train-rmse:0.329207+0.002385	test-rmse:0.334144+0.004255 
[869]	train-rmse:0.329086+0.002352	test-rmse:0.334025+0.004304 
[870]	train-rmse:0.329045+0.002384	test-rmse:0.333985+0.004266 
[871]	train-rmse:0.328962+0.002388	test-rmse:0.333910+0.004211 
[872]	train-rmse:0.328881+0.002406	test-rmse:0.333835+0.004231 
[873]	train-rmse:0.328841+0.002377	test-rmse:0.333801+0.004214 
[874]	train-rmse:0.328719+0.002425	test-rmse:0.333687+0.004203 
[875]	train-rmse:0.328637+0.002458	test-rmse:0.333615+0.004153 
[876]	train-rmse:0.328558+0.002393	test-rmse:0.333535+0.004248 
[877]	train-rmse:0.328439+0.002356	test-rmse:0.333421+0.004244 
[878]	train-rmse:0.328398+0.002330	test-rmse:0.333385+0.004228 
[879]	train-rmse:0.328398+0.002330	test-rmse:0.333385+0.004228 
[880]	train-rmse:0.328323+0.002266	test-rmse:0.333310+0.004318 
[881]	train-rmse:0.328239+0.002195	test-rmse:0.333234+0.004361 
[882]	train-rmse:0.328239+0.002195	test-rmse:0.333234+0.004361 
[883]	train-rmse:0.328200+0.002155	test-rmse:0.333196+0.004413 
[884]	train-rmse:0.328158+0.002220	test-rmse:0.333163+0.004382 
[885]	train-rmse:0.328080+0.002224	test-rmse:0.333092+0.004329 
[886]	train-rmse:0.327999+0.002320	test-rmse:0.333017+0.004257 
[887]	train-rmse:0.327920+0.002326	test-rmse:0.332942+0.004255 
[888]	train-rmse:0.327841+0.002334	test-rmse:0.332866+0.004261 
[889]	train-rmse:0.327723+0.002241	test-rmse:0.332756+0.004334 
[890]	train-rmse:0.327601+0.002146	test-rmse:0.332641+0.004410 
[891]	train-rmse:0.327601+0.002146	test-rmse:0.332641+0.004410 
[892]	train-rmse:0.327521+0.002078	test-rmse:0.332565+0.004447 
[893]	train-rmse:0.327363+0.002103	test-rmse:0.332418+0.004478 
[894]	train-rmse:0.327363+0.002103	test-rmse:0.332418+0.004478 
[895]	train-rmse:0.327284+0.002197	test-rmse:0.332349+0.004412 
[896]	train-rmse:0.327166+0.002196	test-rmse:0.332237+0.004470 
[897]	train-rmse:0.327049+0.002169	test-rmse:0.332115+0.004531 
[898]	train-rmse:0.326967+0.002200	test-rmse:0.332046+0.004479 
[899]	train-rmse:0.326807+0.002170	test-rmse:0.331896+0.004523 
[900]	train-rmse:0.326766+0.002234	test-rmse:0.331861+0.004490 
[901]	train-rmse:0.326687+0.002327	test-rmse:0.331793+0.004425 
[902]	train-rmse:0.326687+0.002327	test-rmse:0.331793+0.004425 
[903]	train-rmse:0.326607+0.002367	test-rmse:0.331724+0.004376 
[904]	train-rmse:0.326490+0.002367	test-rmse:0.331620+0.004387 
[905]	train-rmse:0.326373+0.002336	test-rmse:0.331513+0.004385 
[906]	train-rmse:0.326211+0.002374	test-rmse:0.331367+0.004337 
[907]	train-rmse:0.326210+0.002374	test-rmse:0.331366+0.004337 
[908]	train-rmse:0.326170+0.002353	test-rmse:0.331333+0.004322 
[909]	train-rmse:0.326091+0.002352	test-rmse:0.331258+0.004322 
[910]	train-rmse:0.325968+0.002367	test-rmse:0.331147+0.004314 
[911]	train-rmse:0.325847+0.002443	test-rmse:0.331043+0.004230 
[912]	train-rmse:0.325694+0.002380	test-rmse:0.330898+0.004279 
[913]	train-rmse:0.325616+0.002363	test-rmse:0.330818+0.004300 
[914]	train-rmse:0.325536+0.002353	test-rmse:0.330742+0.004322 
[915]	train-rmse:0.325420+0.002316	test-rmse:0.330626+0.004381 
[916]	train-rmse:0.325341+0.002253	test-rmse:0.330550+0.004421 
[917]	train-rmse:0.325221+0.002326	test-rmse:0.330442+0.004335 
[918]	train-rmse:0.325142+0.002345	test-rmse:0.330367+0.004365 
[919]	train-rmse:0.325102+0.002407	test-rmse:0.330335+0.004334 
[920]	train-rmse:0.325023+0.002445	test-rmse:0.330268+0.004287 
[921]	train-rmse:0.324984+0.002475	test-rmse:0.330229+0.004250 
[922]	train-rmse:0.324866+0.002434	test-rmse:0.330109+0.004315 
[923]	train-rmse:0.324746+0.002506	test-rmse:0.330003+0.004233 
[924]	train-rmse:0.324629+0.002509	test-rmse:0.329900+0.004244 
[925]	train-rmse:0.324551+0.002436	test-rmse:0.329821+0.004337 
[926]	train-rmse:0.324550+0.002436	test-rmse:0.329820+0.004337 
[927]	train-rmse:0.324509+0.002417	test-rmse:0.329785+0.004321 
[928]	train-rmse:0.324427+0.002464	test-rmse:0.329717+0.004274 
[929]	train-rmse:0.324312+0.002517	test-rmse:0.329613+0.004245 
[930]	train-rmse:0.324234+0.002605	test-rmse:0.329548+0.004183 
[931]	train-rmse:0.324077+0.002542	test-rmse:0.329397+0.004237 
[932]	train-rmse:0.324034+0.002526	test-rmse:0.329364+0.004223 
[933]	train-rmse:0.323917+0.002506	test-rmse:0.329264+0.004212 
[934]	train-rmse:0.323878+0.002495	test-rmse:0.329229+0.004199 
[935]	train-rmse:0.323721+0.002538	test-rmse:0.329098+0.004156 
[936]	train-rmse:0.323683+0.002595	test-rmse:0.329068+0.004124 
[937]	train-rmse:0.323607+0.002593	test-rmse:0.328990+0.004123 
[938]	train-rmse:0.323527+0.002684	test-rmse:0.328919+0.004054 
[939]	train-rmse:0.323448+0.002727	test-rmse:0.328851+0.004006 
[940]	train-rmse:0.323369+0.002776	test-rmse:0.328785+0.003959 
[941]	train-rmse:0.323293+0.002803	test-rmse:0.328713+0.003963 
[942]	train-rmse:0.323173+0.002777	test-rmse:0.328600+0.003970 
[943]	train-rmse:0.323133+0.002744	test-rmse:0.328560+0.004009 
[944]	train-rmse:0.323054+0.002705	test-rmse:0.328492+0.004034 
[945]	train-rmse:0.322977+0.002703	test-rmse:0.328418+0.004035 
[946]	train-rmse:0.322900+0.002726	test-rmse:0.328354+0.003993 
[947]	train-rmse:0.322787+0.002785	test-rmse:0.328249+0.003961 
[948]	train-rmse:0.322787+0.002785	test-rmse:0.328248+0.003961 
[949]	train-rmse:0.322671+0.002844	test-rmse:0.328141+0.003934 
[950]	train-rmse:0.322595+0.002851	test-rmse:0.328064+0.003945 
[951]	train-rmse:0.322595+0.002851	test-rmse:0.328064+0.003945 
[952]	train-rmse:0.322554+0.002795	test-rmse:0.328020+0.004003 
[953]	train-rmse:0.322476+0.002802	test-rmse:0.327948+0.004018 
[954]	train-rmse:0.322437+0.002753	test-rmse:0.327907+0.004073 
[955]	train-rmse:0.322325+0.002749	test-rmse:0.327807+0.004077 
[956]	train-rmse:0.322174+0.002773	test-rmse:0.327669+0.004055 
[957]	train-rmse:0.322055+0.002817	test-rmse:0.327561+0.004049 
[958]	train-rmse:0.322020+0.002777	test-rmse:0.327525+0.004100 
[959]	train-rmse:0.321902+0.002851	test-rmse:0.327422+0.004020 
[960]	train-rmse:0.321825+0.002774	test-rmse:0.327347+0.004108 
[961]	train-rmse:0.321746+0.002728	test-rmse:0.327275+0.004126 
[962]	train-rmse:0.321627+0.002731	test-rmse:0.327168+0.004134 
[963]	train-rmse:0.321589+0.002760	test-rmse:0.327131+0.004102 
[964]	train-rmse:0.321433+0.002731	test-rmse:0.326993+0.004143 
[965]	train-rmse:0.321396+0.002760	test-rmse:0.326956+0.004111 
[966]	train-rmse:0.321357+0.002751	test-rmse:0.326925+0.004098 
[967]	train-rmse:0.321314+0.002744	test-rmse:0.326890+0.004084 
[968]	train-rmse:0.321238+0.002753	test-rmse:0.326818+0.004107 
[969]	train-rmse:0.321161+0.002714	test-rmse:0.326752+0.004126 
[970]	train-rmse:0.321123+0.002742	test-rmse:0.326718+0.004096 
[971]	train-rmse:0.321005+0.002797	test-rmse:0.326615+0.004064 
[972]	train-rmse:0.320889+0.002878	test-rmse:0.326517+0.003988 
[973]	train-rmse:0.320775+0.002863	test-rmse:0.326410+0.004040 
[974]	train-rmse:0.320619+0.002838	test-rmse:0.326267+0.004081 
[975]	train-rmse:0.320504+0.002846	test-rmse:0.326166+0.004087 
[976]	train-rmse:0.320428+0.002930	test-rmse:0.326100+0.004023 
[977]	train-rmse:0.320351+0.002921	test-rmse:0.326027+0.004030 
[978]	train-rmse:0.320276+0.002871	test-rmse:0.325960+0.004071 
[979]	train-rmse:0.320238+0.002929	test-rmse:0.325930+0.004041 
[980]	train-rmse:0.320199+0.002924	test-rmse:0.325896+0.004027 
[981]	train-rmse:0.320199+0.002924	test-rmse:0.325896+0.004027 
[982]	train-rmse:0.320121+0.002886	test-rmse:0.325827+0.004046 
[983]	train-rmse:0.320046+0.002968	test-rmse:0.325760+0.003981 
[984]	train-rmse:0.319931+0.002948	test-rmse:0.325655+0.004038 
[985]	train-rmse:0.319892+0.002943	test-rmse:0.325625+0.004026 
[986]	train-rmse:0.319777+0.002994	test-rmse:0.325522+0.003995 
[987]	train-rmse:0.319739+0.003052	test-rmse:0.325490+0.003963 
[988]	train-rmse:0.319663+0.003072	test-rmse:0.325427+0.003918 
[989]	train-rmse:0.319623+0.003070	test-rmse:0.325398+0.003907 
[990]	train-rmse:0.319546+0.002988	test-rmse:0.325320+0.003999 
[991]	train-rmse:0.319432+0.003011	test-rmse:0.325220+0.003993 
[992]	train-rmse:0.319246+0.003012	test-rmse:0.325044+0.004003 
[993]	train-rmse:0.319245+0.003012	test-rmse:0.325044+0.004003 
[994]	train-rmse:0.319170+0.003093	test-rmse:0.324979+0.003939 
[995]	train-rmse:0.319097+0.003086	test-rmse:0.324908+0.003938 
[996]	train-rmse:0.318980+0.003030	test-rmse:0.324796+0.003996 
[997]	train-rmse:0.318905+0.003081	test-rmse:0.324735+0.003952 
[998]	train-rmse:0.318749+0.003116	test-rmse:0.324588+0.003924 
[999]	train-rmse:0.318749+0.003116	test-rmse:0.324588+0.003924 
[1000]	train-rmse:0.318635+0.003108	test-rmse:0.324484+0.003914 
[1001]	train-rmse:0.318561+0.003078	test-rmse:0.324415+0.003937 
[1002]	train-rmse:0.318561+0.003078	test-rmse:0.324415+0.003937 
[1003]	train-rmse:0.318369+0.003080	test-rmse:0.324235+0.003941 
[1004]	train-rmse:0.318330+0.003050	test-rmse:0.324200+0.003977 
[1005]	train-rmse:0.318216+0.003105	test-rmse:0.324095+0.003946 
[1006]	train-rmse:0.318141+0.003078	test-rmse:0.324033+0.003969 
[1007]	train-rmse:0.318062+0.003135	test-rmse:0.323975+0.003928 
[1008]	train-rmse:0.317985+0.003171	test-rmse:0.323903+0.003931 
[1009]	train-rmse:0.317947+0.003228	test-rmse:0.323872+0.003899 
[1010]	train-rmse:0.317947+0.003228	test-rmse:0.323871+0.003899 
[1011]	train-rmse:0.317799+0.003208	test-rmse:0.323735+0.003940 
[1012]	train-rmse:0.317691+0.003261	test-rmse:0.323637+0.003914 
[1013]	train-rmse:0.317653+0.003261	test-rmse:0.323603+0.003900 
[1014]	train-rmse:0.317503+0.003312	test-rmse:0.323473+0.003862 
[1015]	train-rmse:0.317355+0.003297	test-rmse:0.323340+0.003908 
[1016]	train-rmse:0.317282+0.003262	test-rmse:0.323267+0.003919 
[1017]	train-rmse:0.317203+0.003257	test-rmse:0.323191+0.003929 
[1018]	train-rmse:0.317129+0.003256	test-rmse:0.323121+0.003941 
[1019]	train-rmse:0.317055+0.003204	test-rmse:0.323051+0.003973 
[1020]	train-rmse:0.316941+0.003183	test-rmse:0.322947+0.004031 
[1021]	train-rmse:0.316864+0.003224	test-rmse:0.322879+0.004041 
[1022]	train-rmse:0.316825+0.003244	test-rmse:0.322841+0.004006 
[1023]	train-rmse:0.316712+0.003208	test-rmse:0.322738+0.004002 
[1024]	train-rmse:0.316599+0.003231	test-rmse:0.322633+0.003991 
[1025]	train-rmse:0.316491+0.003229	test-rmse:0.322539+0.003981 
[1026]	train-rmse:0.316380+0.003229	test-rmse:0.322436+0.003977 
[1027]	train-rmse:0.316307+0.003253	test-rmse:0.322372+0.003934 
[1028]	train-rmse:0.316195+0.003285	test-rmse:0.322272+0.003928 
[1029]	train-rmse:0.316120+0.003284	test-rmse:0.322201+0.003942 
[1030]	train-rmse:0.315975+0.003233	test-rmse:0.322070+0.003981 
[1031]	train-rmse:0.315939+0.003256	test-rmse:0.322038+0.003954 
[1032]	train-rmse:0.315825+0.003258	test-rmse:0.321937+0.003947 
[1033]	train-rmse:0.315788+0.003235	test-rmse:0.321900+0.003990 
[1034]	train-rmse:0.315748+0.003292	test-rmse:0.321871+0.003959 
[1035]	train-rmse:0.315710+0.003270	test-rmse:0.321833+0.004004 
[1036]	train-rmse:0.315673+0.003215	test-rmse:0.321795+0.004050 
[1037]	train-rmse:0.315602+0.003165	test-rmse:0.321729+0.004081 
[1038]	train-rmse:0.315566+0.003114	test-rmse:0.321691+0.004129 
[1039]	train-rmse:0.315530+0.003135	test-rmse:0.321656+0.004098 
[1040]	train-rmse:0.315419+0.003060	test-rmse:0.321551+0.004167 
[1041]	train-rmse:0.315349+0.003027	test-rmse:0.321484+0.004189 
[1042]	train-rmse:0.315275+0.003028	test-rmse:0.321414+0.004198 
[1043]	train-rmse:0.315165+0.003032	test-rmse:0.321314+0.004200 
[1044]	train-rmse:0.315129+0.003056	test-rmse:0.321278+0.004171 
[1045]	train-rmse:0.315091+0.003032	test-rmse:0.321246+0.004206 
[1046]	train-rmse:0.315016+0.003057	test-rmse:0.321179+0.004162 
[1047]	train-rmse:0.314865+0.003033	test-rmse:0.321043+0.004202 
[1048]	train-rmse:0.314793+0.003109	test-rmse:0.320980+0.004142 
[1049]	train-rmse:0.314756+0.003056	test-rmse:0.320942+0.004191 
[1050]	train-rmse:0.314646+0.003087	test-rmse:0.320843+0.004185 
[1051]	train-rmse:0.314573+0.003038	test-rmse:0.320775+0.004217 
[1052]	train-rmse:0.314390+0.003042	test-rmse:0.320606+0.004229 
[1053]	train-rmse:0.314315+0.003100	test-rmse:0.320546+0.004184 
[1054]	train-rmse:0.314240+0.003130	test-rmse:0.320481+0.004190 
[1055]	train-rmse:0.314168+0.003128	test-rmse:0.320413+0.004202 
[1056]	train-rmse:0.314092+0.003132	test-rmse:0.320346+0.004217 
[1057]	train-rmse:0.314018+0.003209	test-rmse:0.320283+0.004155 
[1058]	train-rmse:0.313942+0.003156	test-rmse:0.320214+0.004191 
[1059]	train-rmse:0.313794+0.003210	test-rmse:0.320079+0.004147 
[1060]	train-rmse:0.313716+0.003271	test-rmse:0.320014+0.004100 
[1061]	train-rmse:0.313642+0.003300	test-rmse:0.319947+0.004110 
[1062]	train-rmse:0.313604+0.003358	test-rmse:0.319915+0.004076 
[1063]	train-rmse:0.313459+0.003350	test-rmse:0.319776+0.004103 
[1064]	train-rmse:0.313352+0.003375	test-rmse:0.319677+0.004087 
> hgrid <-
+   dplyr::bind_cols(xgboost_params[index, ], dart.cv$evaluation_log[dart.cv$best_iteration, ], best_iter = dart.cv$best_iteration)
> 
> # write result
> fname <- file.path('data-raw', 'tune', year, 'array', paste0('tune_', index, '.tsv'))
> readr::write_tsv(hgrid, file = fname)
> 
