> 
> # parse arguments
> args <- R.utils::commandArgs(trailingOnly = FALSE, asValues = TRUE)
> index <- as.integer(args$index)
> year <- as.character(args$year)
> nreps <- as.integer(args$nreps)
> seed <- as.integer(args$seed)
> 
> # get number of cores
> wkrs <- length(future::availableWorkers())
> 
> # set seed
> set.seed(seed)
> 
> # read and prepare the cluster features
> fp <- file.path('data-raw', 'features', year)
> clf <-
+   read_features(fp, pattern = 'paris.', recursive = FALSE)
> clf <- prepare_features(
+   clf,
+   feature_map = feature_map,
+   category = c('response', 'bio', 'net'),
+   type = 'list',
+   exclusions = c(
+     'mg2_pairs_count',
+     'mg2_not_pairs_count',
+     'mg2_portion_families_recovered',
+     'cluster_origin',
+     'bocc_origin',
+     'cluster_method',
+     'subcluster_method',
+     'year',
+     'IDs',
+     'go_sig_threshold',
+     'num_new_edges_on_any_node',
+     'HPO_ratio'
+   ),
+   verbose = TRUE
+ )
c('HPO_ratio', 'IDs', 'bocc_origin', 'cluster_method', 'cluster_origin', 'go_sig_threshold', 'max_norm_cell_type_comma_sep_string', 'max_norm_disease_comma_sep_string', 'mg2_not_pairs_count', 'mg2_pairs_count', 'mg2_portion_families_recovered', 'num_new_edges_on_any_node', 'sig_go_enrichment_fdr_corrected_p_vals', 'sig_go_enrichment_p_vals', 'sig_go_enrichment_terms', 'subcluster_method', 'year')

> 
> # prepare grid of parameters
> xgboost_params <- dials::parameters(
+   nrounds = dials::trees(),
+   eta = dials::learn_rate(),
+   gamma = dials::loss_reduction(),
+   dials::tree_depth(),
+   subsample = dials::sample_prop(),
+   rate_drop = dials::dropout(),
+   skip_drop = dials::dropout()
+ )
> xgboost_params <-
+   dials::grid_max_entropy(xgboost_params, size = nreps)
> 
> # tune the dart booster
> dart.param <-
+   list(
+     booster = "dart",
+     objective = "reg:logistic",
+     eval_metric = "rmse",
+     nthread = wkrs,
+     max_depth = xgboost_params$tree_depth[index],
+     eta = xgboost_params$eta[index],
+     gamma = xgboost_params$gamma[index],
+     subsample = xgboost_params$subsample[index],
+     rate_drop = xgboost_params$rate_drop[index],
+     skip_drop = xgboost_params$skip_drop[index]
+   )
> dart.cv <- xgboost::xgb.cv(
+   params = dart.param,
+   nrounds = xgboost_params$nrounds[index],
+   data = as.matrix(clf[, -1]),
+   nfold = 5,
+   label = clf$snowballing_pvalue,
+   early_stopping_rounds = 50
+ )
[1]	train-rmse:0.417709+0.001019	test-rmse:0.417688+0.004059 
Multiple eval metrics are present. Will use test_rmse for early stopping.
Will train until test_rmse hasn't improved in 50 rounds.

[2]	train-rmse:0.417705+0.001019	test-rmse:0.417683+0.004059 
[3]	train-rmse:0.417700+0.001019	test-rmse:0.417679+0.004059 
[4]	train-rmse:0.417696+0.001019	test-rmse:0.417675+0.004059 
[5]	train-rmse:0.417692+0.001019	test-rmse:0.417671+0.004059 
[6]	train-rmse:0.417687+0.001019	test-rmse:0.417667+0.004059 
[7]	train-rmse:0.417683+0.001019	test-rmse:0.417663+0.004059 
[8]	train-rmse:0.417679+0.001019	test-rmse:0.417659+0.004059 
[9]	train-rmse:0.417674+0.001019	test-rmse:0.417655+0.004059 
[10]	train-rmse:0.417670+0.001019	test-rmse:0.417651+0.004059 
[11]	train-rmse:0.417666+0.001019	test-rmse:0.417647+0.004059 
[12]	train-rmse:0.417661+0.001019	test-rmse:0.417643+0.004059 
[13]	train-rmse:0.417657+0.001019	test-rmse:0.417639+0.004059 
[14]	train-rmse:0.417653+0.001019	test-rmse:0.417635+0.004059 
[15]	train-rmse:0.417649+0.001019	test-rmse:0.417631+0.004059 
[16]	train-rmse:0.417644+0.001019	test-rmse:0.417627+0.004059 
[17]	train-rmse:0.417640+0.001019	test-rmse:0.417623+0.004059 
[18]	train-rmse:0.417636+0.001019	test-rmse:0.417619+0.004059 
[19]	train-rmse:0.417631+0.001019	test-rmse:0.417614+0.004058 
[20]	train-rmse:0.417627+0.001019	test-rmse:0.417610+0.004058 
[21]	train-rmse:0.417623+0.001018	test-rmse:0.417606+0.004058 
[22]	train-rmse:0.417618+0.001018	test-rmse:0.417602+0.004058 
[23]	train-rmse:0.417614+0.001018	test-rmse:0.417598+0.004058 
[24]	train-rmse:0.417610+0.001018	test-rmse:0.417594+0.004058 
[25]	train-rmse:0.417606+0.001018	test-rmse:0.417590+0.004058 
[26]	train-rmse:0.417601+0.001018	test-rmse:0.417586+0.004058 
[27]	train-rmse:0.417597+0.001018	test-rmse:0.417582+0.004058 
[28]	train-rmse:0.417593+0.001018	test-rmse:0.417578+0.004058 
[29]	train-rmse:0.417588+0.001018	test-rmse:0.417574+0.004058 
[30]	train-rmse:0.417584+0.001018	test-rmse:0.417569+0.004058 
[31]	train-rmse:0.417580+0.001018	test-rmse:0.417565+0.004058 
[32]	train-rmse:0.417575+0.001018	test-rmse:0.417561+0.004058 
[33]	train-rmse:0.417571+0.001018	test-rmse:0.417557+0.004058 
[34]	train-rmse:0.417567+0.001018	test-rmse:0.417553+0.004058 
[35]	train-rmse:0.417563+0.001018	test-rmse:0.417549+0.004057 
[36]	train-rmse:0.417558+0.001018	test-rmse:0.417545+0.004057 
[37]	train-rmse:0.417554+0.001018	test-rmse:0.417541+0.004057 
[38]	train-rmse:0.417550+0.001018	test-rmse:0.417537+0.004057 
[39]	train-rmse:0.417545+0.001018	test-rmse:0.417533+0.004057 
[40]	train-rmse:0.417541+0.001018	test-rmse:0.417529+0.004057 
[41]	train-rmse:0.417537+0.001018	test-rmse:0.417525+0.004057 
[42]	train-rmse:0.417532+0.001018	test-rmse:0.417521+0.004057 
[43]	train-rmse:0.417528+0.001018	test-rmse:0.417517+0.004057 
[44]	train-rmse:0.417524+0.001018	test-rmse:0.417513+0.004057 
[45]	train-rmse:0.417520+0.001018	test-rmse:0.417509+0.004057 
[46]	train-rmse:0.417515+0.001018	test-rmse:0.417505+0.004057 
[47]	train-rmse:0.417511+0.001018	test-rmse:0.417501+0.004057 
[48]	train-rmse:0.417507+0.001018	test-rmse:0.417497+0.004057 
[49]	train-rmse:0.417502+0.001018	test-rmse:0.417492+0.004056 
[50]	train-rmse:0.417498+0.001018	test-rmse:0.417488+0.004056 
[51]	train-rmse:0.417494+0.001018	test-rmse:0.417484+0.004056 
[52]	train-rmse:0.417490+0.001018	test-rmse:0.417480+0.004056 
[53]	train-rmse:0.417485+0.001018	test-rmse:0.417476+0.004056 
[54]	train-rmse:0.417481+0.001018	test-rmse:0.417472+0.004056 
[55]	train-rmse:0.417477+0.001018	test-rmse:0.417468+0.004056 
[56]	train-rmse:0.417472+0.001018	test-rmse:0.417464+0.004056 
[57]	train-rmse:0.417468+0.001018	test-rmse:0.417460+0.004056 
[58]	train-rmse:0.417464+0.001018	test-rmse:0.417456+0.004056 
[59]	train-rmse:0.417459+0.001018	test-rmse:0.417452+0.004056 
[60]	train-rmse:0.417455+0.001018	test-rmse:0.417448+0.004056 
[61]	train-rmse:0.417451+0.001018	test-rmse:0.417444+0.004055 
[62]	train-rmse:0.417447+0.001018	test-rmse:0.417439+0.004055 
[63]	train-rmse:0.417443+0.001018	test-rmse:0.417436+0.004055 
[64]	train-rmse:0.417438+0.001018	test-rmse:0.417432+0.004055 
[65]	train-rmse:0.417434+0.001018	test-rmse:0.417428+0.004055 
[66]	train-rmse:0.417430+0.001018	test-rmse:0.417424+0.004055 
[67]	train-rmse:0.417426+0.001018	test-rmse:0.417420+0.004055 
[68]	train-rmse:0.417421+0.001018	test-rmse:0.417416+0.004055 
[69]	train-rmse:0.417417+0.001018	test-rmse:0.417412+0.004055 
[70]	train-rmse:0.417413+0.001018	test-rmse:0.417408+0.004055 
[71]	train-rmse:0.417409+0.001017	test-rmse:0.417404+0.004055 
[72]	train-rmse:0.417404+0.001017	test-rmse:0.417399+0.004055 
[73]	train-rmse:0.417400+0.001017	test-rmse:0.417395+0.004055 
[74]	train-rmse:0.417396+0.001017	test-rmse:0.417392+0.004055 
[75]	train-rmse:0.417392+0.001017	test-rmse:0.417388+0.004054 
[76]	train-rmse:0.417388+0.001017	test-rmse:0.417384+0.004054 
[77]	train-rmse:0.417384+0.001017	test-rmse:0.417380+0.004054 
[78]	train-rmse:0.417380+0.001017	test-rmse:0.417377+0.004055 
[79]	train-rmse:0.417376+0.001017	test-rmse:0.417373+0.004055 
[80]	train-rmse:0.417372+0.001017	test-rmse:0.417369+0.004055 
[81]	train-rmse:0.417368+0.001017	test-rmse:0.417365+0.004055 
[82]	train-rmse:0.417364+0.001017	test-rmse:0.417361+0.004055 
[83]	train-rmse:0.417359+0.001016	test-rmse:0.417357+0.004055 
[84]	train-rmse:0.417355+0.001016	test-rmse:0.417353+0.004055 
[85]	train-rmse:0.417351+0.001016	test-rmse:0.417349+0.004055 
[86]	train-rmse:0.417346+0.001016	test-rmse:0.417345+0.004055 
[87]	train-rmse:0.417342+0.001016	test-rmse:0.417341+0.004054 
[88]	train-rmse:0.417338+0.001016	test-rmse:0.417337+0.004054 
[89]	train-rmse:0.417334+0.001016	test-rmse:0.417333+0.004054 
[90]	train-rmse:0.417329+0.001016	test-rmse:0.417329+0.004054 
[91]	train-rmse:0.417325+0.001016	test-rmse:0.417324+0.004054 
[92]	train-rmse:0.417321+0.001016	test-rmse:0.417320+0.004054 
[93]	train-rmse:0.417316+0.001016	test-rmse:0.417316+0.004054 
[94]	train-rmse:0.417312+0.001016	test-rmse:0.417312+0.004054 
[95]	train-rmse:0.417308+0.001016	test-rmse:0.417309+0.004054 
[96]	train-rmse:0.417304+0.001016	test-rmse:0.417305+0.004054 
[97]	train-rmse:0.417300+0.001016	test-rmse:0.417301+0.004054 
[98]	train-rmse:0.417295+0.001016	test-rmse:0.417297+0.004054 
[99]	train-rmse:0.417292+0.001016	test-rmse:0.417293+0.004053 
[100]	train-rmse:0.417288+0.001016	test-rmse:0.417289+0.004053 
[101]	train-rmse:0.417283+0.001016	test-rmse:0.417285+0.004053 
[102]	train-rmse:0.417280+0.001016	test-rmse:0.417282+0.004053 
[103]	train-rmse:0.417275+0.001016	test-rmse:0.417278+0.004053 
[104]	train-rmse:0.417271+0.001016	test-rmse:0.417274+0.004053 
[105]	train-rmse:0.417267+0.001016	test-rmse:0.417269+0.004053 
[106]	train-rmse:0.417262+0.001016	test-rmse:0.417265+0.004053 
[107]	train-rmse:0.417258+0.001016	test-rmse:0.417261+0.004053 
[108]	train-rmse:0.417254+0.001016	test-rmse:0.417257+0.004052 
[109]	train-rmse:0.417250+0.001016	test-rmse:0.417253+0.004052 
[110]	train-rmse:0.417245+0.001016	test-rmse:0.417249+0.004052 
[111]	train-rmse:0.417241+0.001016	test-rmse:0.417245+0.004052 
[112]	train-rmse:0.417237+0.001016	test-rmse:0.417241+0.004052 
[113]	train-rmse:0.417233+0.001016	test-rmse:0.417237+0.004052 
[114]	train-rmse:0.417229+0.001017	test-rmse:0.417233+0.004051 
[115]	train-rmse:0.417225+0.001017	test-rmse:0.417230+0.004051 
[116]	train-rmse:0.417220+0.001017	test-rmse:0.417226+0.004051 
[117]	train-rmse:0.417216+0.001017	test-rmse:0.417222+0.004051 
[118]	train-rmse:0.417212+0.001017	test-rmse:0.417218+0.004051 
[119]	train-rmse:0.417208+0.001017	test-rmse:0.417213+0.004051 
[120]	train-rmse:0.417203+0.001017	test-rmse:0.417209+0.004051 
[121]	train-rmse:0.417199+0.001017	test-rmse:0.417205+0.004051 
[122]	train-rmse:0.417195+0.001017	test-rmse:0.417201+0.004051 
[123]	train-rmse:0.417191+0.001017	test-rmse:0.417197+0.004051 
[124]	train-rmse:0.417186+0.001017	test-rmse:0.417193+0.004051 
[125]	train-rmse:0.417182+0.001016	test-rmse:0.417189+0.004051 
[126]	train-rmse:0.417178+0.001016	test-rmse:0.417185+0.004051 
[127]	train-rmse:0.417173+0.001016	test-rmse:0.417181+0.004051 
[128]	train-rmse:0.417169+0.001016	test-rmse:0.417177+0.004051 
[129]	train-rmse:0.417165+0.001016	test-rmse:0.417173+0.004050 
[130]	train-rmse:0.417161+0.001016	test-rmse:0.417170+0.004051 
[131]	train-rmse:0.417157+0.001016	test-rmse:0.417166+0.004051 
[132]	train-rmse:0.417153+0.001016	test-rmse:0.417162+0.004051 
[133]	train-rmse:0.417149+0.001016	test-rmse:0.417158+0.004051 
[134]	train-rmse:0.417145+0.001016	test-rmse:0.417154+0.004051 
[135]	train-rmse:0.417141+0.001016	test-rmse:0.417150+0.004051 
[136]	train-rmse:0.417136+0.001016	test-rmse:0.417146+0.004050 
[137]	train-rmse:0.417132+0.001016	test-rmse:0.417142+0.004050 
[138]	train-rmse:0.417128+0.001016	test-rmse:0.417138+0.004050 
[139]	train-rmse:0.417124+0.001016	test-rmse:0.417134+0.004050 
[140]	train-rmse:0.417120+0.001016	test-rmse:0.417130+0.004050 
[141]	train-rmse:0.417115+0.001016	test-rmse:0.417126+0.004050 
[142]	train-rmse:0.417111+0.001016	test-rmse:0.417122+0.004050 
[143]	train-rmse:0.417107+0.001016	test-rmse:0.417118+0.004050 
[144]	train-rmse:0.417103+0.001015	test-rmse:0.417114+0.004050 
[145]	train-rmse:0.417099+0.001015	test-rmse:0.417110+0.004050 
[146]	train-rmse:0.417094+0.001015	test-rmse:0.417106+0.004050 
[147]	train-rmse:0.417090+0.001015	test-rmse:0.417102+0.004050 
[148]	train-rmse:0.417086+0.001015	test-rmse:0.417098+0.004050 
[149]	train-rmse:0.417082+0.001015	test-rmse:0.417094+0.004050 
[150]	train-rmse:0.417077+0.001015	test-rmse:0.417090+0.004050 
[151]	train-rmse:0.417073+0.001015	test-rmse:0.417086+0.004050 
[152]	train-rmse:0.417069+0.001015	test-rmse:0.417083+0.004050 
[153]	train-rmse:0.417065+0.001015	test-rmse:0.417079+0.004050 
[154]	train-rmse:0.417061+0.001015	test-rmse:0.417075+0.004050 
[155]	train-rmse:0.417056+0.001015	test-rmse:0.417070+0.004050 
[156]	train-rmse:0.417052+0.001015	test-rmse:0.417066+0.004050 
[157]	train-rmse:0.417048+0.001015	test-rmse:0.417063+0.004050 
[158]	train-rmse:0.417044+0.001015	test-rmse:0.417059+0.004050 
[159]	train-rmse:0.417040+0.001015	test-rmse:0.417055+0.004050 
[160]	train-rmse:0.417036+0.001015	test-rmse:0.417051+0.004049 
[161]	train-rmse:0.417031+0.001015	test-rmse:0.417047+0.004049 
[162]	train-rmse:0.417027+0.001015	test-rmse:0.417043+0.004049 
[163]	train-rmse:0.417023+0.001015	test-rmse:0.417039+0.004049 
[164]	train-rmse:0.417019+0.001015	test-rmse:0.417035+0.004049 
[165]	train-rmse:0.417015+0.001015	test-rmse:0.417031+0.004049 
[166]	train-rmse:0.417010+0.001015	test-rmse:0.417027+0.004049 
[167]	train-rmse:0.417007+0.001015	test-rmse:0.417023+0.004048 
[168]	train-rmse:0.417002+0.001015	test-rmse:0.417019+0.004048 
[169]	train-rmse:0.416998+0.001015	test-rmse:0.417015+0.004048 
[170]	train-rmse:0.416994+0.001016	test-rmse:0.417012+0.004048 
[171]	train-rmse:0.416990+0.001016	test-rmse:0.417008+0.004048 
[172]	train-rmse:0.416986+0.001016	test-rmse:0.417004+0.004048 
[173]	train-rmse:0.416982+0.001016	test-rmse:0.417000+0.004048 
[174]	train-rmse:0.416978+0.001016	test-rmse:0.416996+0.004047 
[175]	train-rmse:0.416975+0.001015	test-rmse:0.416993+0.004048 
[176]	train-rmse:0.416970+0.001015	test-rmse:0.416989+0.004048 
[177]	train-rmse:0.416966+0.001015	test-rmse:0.416985+0.004048 
[178]	train-rmse:0.416962+0.001015	test-rmse:0.416981+0.004048 
[179]	train-rmse:0.416958+0.001015	test-rmse:0.416977+0.004047 
[180]	train-rmse:0.416954+0.001015	test-rmse:0.416973+0.004047 
[181]	train-rmse:0.416949+0.001015	test-rmse:0.416969+0.004047 
[182]	train-rmse:0.416945+0.001015	test-rmse:0.416965+0.004047 
[183]	train-rmse:0.416941+0.001015	test-rmse:0.416961+0.004047 
[184]	train-rmse:0.416937+0.001015	test-rmse:0.416957+0.004047 
[185]	train-rmse:0.416933+0.001015	test-rmse:0.416954+0.004047 
[186]	train-rmse:0.416929+0.001015	test-rmse:0.416950+0.004047 
[187]	train-rmse:0.416924+0.001015	test-rmse:0.416946+0.004047 
[188]	train-rmse:0.416920+0.001015	test-rmse:0.416941+0.004047 
[189]	train-rmse:0.416917+0.001015	test-rmse:0.416938+0.004047 
[190]	train-rmse:0.416913+0.001015	test-rmse:0.416934+0.004047 
[191]	train-rmse:0.416909+0.001015	test-rmse:0.416931+0.004046 
[192]	train-rmse:0.416905+0.001015	test-rmse:0.416927+0.004046 
[193]	train-rmse:0.416901+0.001015	test-rmse:0.416923+0.004046 
[194]	train-rmse:0.416897+0.001016	test-rmse:0.416919+0.004046 
[195]	train-rmse:0.416893+0.001016	test-rmse:0.416916+0.004046 
[196]	train-rmse:0.416889+0.001016	test-rmse:0.416912+0.004045 
[197]	train-rmse:0.416884+0.001016	test-rmse:0.416908+0.004045 
[198]	train-rmse:0.416880+0.001017	test-rmse:0.416904+0.004045 
[199]	train-rmse:0.416876+0.001017	test-rmse:0.416900+0.004045 
[200]	train-rmse:0.416872+0.001016	test-rmse:0.416896+0.004045 
[201]	train-rmse:0.416868+0.001016	test-rmse:0.416892+0.004044 
[202]	train-rmse:0.416863+0.001016	test-rmse:0.416888+0.004044 
[203]	train-rmse:0.416860+0.001016	test-rmse:0.416884+0.004045 
[204]	train-rmse:0.416856+0.001016	test-rmse:0.416880+0.004045 
[205]	train-rmse:0.416851+0.001016	test-rmse:0.416876+0.004045 
[206]	train-rmse:0.416848+0.001016	test-rmse:0.416873+0.004045 
[207]	train-rmse:0.416844+0.001016	test-rmse:0.416869+0.004045 
[208]	train-rmse:0.416840+0.001016	test-rmse:0.416865+0.004044 
[209]	train-rmse:0.416836+0.001016	test-rmse:0.416862+0.004044 
[210]	train-rmse:0.416832+0.001016	test-rmse:0.416858+0.004044 
[211]	train-rmse:0.416828+0.001016	test-rmse:0.416854+0.004044 
[212]	train-rmse:0.416824+0.001016	test-rmse:0.416850+0.004044 
[213]	train-rmse:0.416821+0.001016	test-rmse:0.416847+0.004044 
[214]	train-rmse:0.416817+0.001016	test-rmse:0.416844+0.004044 
[215]	train-rmse:0.416813+0.001016	test-rmse:0.416840+0.004043 
[216]	train-rmse:0.416809+0.001016	test-rmse:0.416836+0.004043 
[217]	train-rmse:0.416804+0.001016	test-rmse:0.416832+0.004043 
[218]	train-rmse:0.416800+0.001016	test-rmse:0.416828+0.004043 
[219]	train-rmse:0.416796+0.001016	test-rmse:0.416824+0.004043 
[220]	train-rmse:0.416792+0.001016	test-rmse:0.416820+0.004043 
[221]	train-rmse:0.416787+0.001016	test-rmse:0.416816+0.004043 
[222]	train-rmse:0.416783+0.001016	test-rmse:0.416812+0.004043 
[223]	train-rmse:0.416779+0.001017	test-rmse:0.416808+0.004043 
[224]	train-rmse:0.416775+0.001017	test-rmse:0.416804+0.004043 
[225]	train-rmse:0.416771+0.001017	test-rmse:0.416800+0.004042 
[226]	train-rmse:0.416767+0.001017	test-rmse:0.416796+0.004042 
[227]	train-rmse:0.416764+0.001018	test-rmse:0.416794+0.004041 
[228]	train-rmse:0.416761+0.001017	test-rmse:0.416790+0.004042 
[229]	train-rmse:0.416756+0.001017	test-rmse:0.416786+0.004042 
[230]	train-rmse:0.416753+0.001017	test-rmse:0.416783+0.004042 
[231]	train-rmse:0.416749+0.001016	test-rmse:0.416779+0.004043 
[232]	train-rmse:0.416745+0.001016	test-rmse:0.416775+0.004042 
[233]	train-rmse:0.416740+0.001016	test-rmse:0.416771+0.004042 
[234]	train-rmse:0.416736+0.001016	test-rmse:0.416767+0.004042 
[235]	train-rmse:0.416732+0.001016	test-rmse:0.416763+0.004042 
[236]	train-rmse:0.416729+0.001015	test-rmse:0.416760+0.004043 
[237]	train-rmse:0.416725+0.001016	test-rmse:0.416756+0.004042 
[238]	train-rmse:0.416720+0.001016	test-rmse:0.416752+0.004042 
[239]	train-rmse:0.416716+0.001016	test-rmse:0.416748+0.004042 
[240]	train-rmse:0.416712+0.001016	test-rmse:0.416744+0.004042 
[241]	train-rmse:0.416708+0.001016	test-rmse:0.416740+0.004042 
[242]	train-rmse:0.416703+0.001016	test-rmse:0.416736+0.004042 
[243]	train-rmse:0.416699+0.001016	test-rmse:0.416732+0.004042 
[244]	train-rmse:0.416695+0.001016	test-rmse:0.416729+0.004041 
[245]	train-rmse:0.416691+0.001016	test-rmse:0.416725+0.004041 
[246]	train-rmse:0.416688+0.001017	test-rmse:0.416721+0.004040 
[247]	train-rmse:0.416683+0.001017	test-rmse:0.416717+0.004040 
[248]	train-rmse:0.416679+0.001017	test-rmse:0.416713+0.004040 
[249]	train-rmse:0.416675+0.001017	test-rmse:0.416709+0.004040 
[250]	train-rmse:0.416672+0.001016	test-rmse:0.416706+0.004041 
[251]	train-rmse:0.416668+0.001016	test-rmse:0.416703+0.004041 
[252]	train-rmse:0.416664+0.001016	test-rmse:0.416699+0.004041 
[253]	train-rmse:0.416659+0.001016	test-rmse:0.416695+0.004041 
[254]	train-rmse:0.416655+0.001015	test-rmse:0.416691+0.004041 
[255]	train-rmse:0.416651+0.001015	test-rmse:0.416687+0.004041 
[256]	train-rmse:0.416648+0.001016	test-rmse:0.416684+0.004040 
[257]	train-rmse:0.416644+0.001016	test-rmse:0.416681+0.004040 
[258]	train-rmse:0.416640+0.001016	test-rmse:0.416677+0.004040 
[259]	train-rmse:0.416636+0.001016	test-rmse:0.416673+0.004040 
[260]	train-rmse:0.416631+0.001016	test-rmse:0.416668+0.004040 
[261]	train-rmse:0.416628+0.001016	test-rmse:0.416665+0.004040 
[262]	train-rmse:0.416624+0.001017	test-rmse:0.416662+0.004039 
[263]	train-rmse:0.416620+0.001017	test-rmse:0.416658+0.004039 
[264]	train-rmse:0.416617+0.001017	test-rmse:0.416654+0.004039 
[265]	train-rmse:0.416612+0.001017	test-rmse:0.416650+0.004039 
[266]	train-rmse:0.416609+0.001018	test-rmse:0.416647+0.004038 
[267]	train-rmse:0.416604+0.001018	test-rmse:0.416643+0.004038 
[268]	train-rmse:0.416601+0.001018	test-rmse:0.416639+0.004038 
[269]	train-rmse:0.416597+0.001017	test-rmse:0.416636+0.004039 
[270]	train-rmse:0.416593+0.001017	test-rmse:0.416632+0.004039 
[271]	train-rmse:0.416589+0.001017	test-rmse:0.416628+0.004038 
[272]	train-rmse:0.416585+0.001018	test-rmse:0.416625+0.004038 
[273]	train-rmse:0.416582+0.001018	test-rmse:0.416621+0.004037 
[274]	train-rmse:0.416577+0.001018	test-rmse:0.416617+0.004037 
[275]	train-rmse:0.416573+0.001018	test-rmse:0.416613+0.004037 
[276]	train-rmse:0.416570+0.001018	test-rmse:0.416610+0.004037 
[277]	train-rmse:0.416565+0.001018	test-rmse:0.416606+0.004037 
[278]	train-rmse:0.416562+0.001018	test-rmse:0.416602+0.004037 
[279]	train-rmse:0.416558+0.001018	test-rmse:0.416599+0.004037 
[280]	train-rmse:0.416554+0.001018	test-rmse:0.416595+0.004037 
[281]	train-rmse:0.416550+0.001018	test-rmse:0.416591+0.004037 
[282]	train-rmse:0.416546+0.001019	test-rmse:0.416588+0.004036 
[283]	train-rmse:0.416543+0.001018	test-rmse:0.416585+0.004037 
[284]	train-rmse:0.416539+0.001018	test-rmse:0.416581+0.004037 
[285]	train-rmse:0.416535+0.001016	test-rmse:0.416577+0.004038 
[286]	train-rmse:0.416531+0.001016	test-rmse:0.416573+0.004038 
[287]	train-rmse:0.416527+0.001015	test-rmse:0.416570+0.004039 
[288]	train-rmse:0.416524+0.001015	test-rmse:0.416567+0.004039 
[289]	train-rmse:0.416521+0.001014	test-rmse:0.416563+0.004040 
[290]	train-rmse:0.416517+0.001014	test-rmse:0.416559+0.004040 
[291]	train-rmse:0.416512+0.001014	test-rmse:0.416555+0.004040 
[292]	train-rmse:0.416508+0.001015	test-rmse:0.416552+0.004039 
[293]	train-rmse:0.416505+0.001015	test-rmse:0.416548+0.004039 
[294]	train-rmse:0.416501+0.001015	test-rmse:0.416544+0.004039 
[295]	train-rmse:0.416496+0.001015	test-rmse:0.416540+0.004039 
[296]	train-rmse:0.416493+0.001014	test-rmse:0.416537+0.004039 
[297]	train-rmse:0.416489+0.001015	test-rmse:0.416533+0.004038 
[298]	train-rmse:0.416485+0.001015	test-rmse:0.416529+0.004038 
[299]	train-rmse:0.416481+0.001015	test-rmse:0.416526+0.004038 
[300]	train-rmse:0.416478+0.001014	test-rmse:0.416523+0.004039 
[301]	train-rmse:0.416474+0.001014	test-rmse:0.416519+0.004039 
[302]	train-rmse:0.416470+0.001014	test-rmse:0.416515+0.004039 
[303]	train-rmse:0.416465+0.001014	test-rmse:0.416511+0.004039 
[304]	train-rmse:0.416463+0.001013	test-rmse:0.416508+0.004039 
[305]	train-rmse:0.416459+0.001013	test-rmse:0.416505+0.004039 
[306]	train-rmse:0.416455+0.001013	test-rmse:0.416501+0.004039 
[307]	train-rmse:0.416451+0.001013	test-rmse:0.416497+0.004039 
[308]	train-rmse:0.416448+0.001013	test-rmse:0.416494+0.004039 
[309]	train-rmse:0.416444+0.001012	test-rmse:0.416490+0.004040 
[310]	train-rmse:0.416440+0.001013	test-rmse:0.416487+0.004039 
[311]	train-rmse:0.416436+0.001013	test-rmse:0.416483+0.004039 
[312]	train-rmse:0.416433+0.001013	test-rmse:0.416480+0.004039 
[313]	train-rmse:0.416429+0.001013	test-rmse:0.416477+0.004039 
[314]	train-rmse:0.416426+0.001013	test-rmse:0.416473+0.004039 
[315]	train-rmse:0.416422+0.001013	test-rmse:0.416469+0.004039 
[316]	train-rmse:0.416417+0.001013	test-rmse:0.416465+0.004038 
[317]	train-rmse:0.416413+0.001013	test-rmse:0.416461+0.004038 
[318]	train-rmse:0.416409+0.001013	test-rmse:0.416457+0.004038 
[319]	train-rmse:0.416405+0.001014	test-rmse:0.416454+0.004038 
[320]	train-rmse:0.416401+0.001014	test-rmse:0.416450+0.004038 
[321]	train-rmse:0.416397+0.001014	test-rmse:0.416446+0.004038 
[322]	train-rmse:0.416393+0.001014	test-rmse:0.416442+0.004037 
[323]	train-rmse:0.416389+0.001014	test-rmse:0.416438+0.004037 
[324]	train-rmse:0.416384+0.001014	test-rmse:0.416434+0.004037 
[325]	train-rmse:0.416380+0.001014	test-rmse:0.416430+0.004037 
[326]	train-rmse:0.416376+0.001014	test-rmse:0.416426+0.004037 
[327]	train-rmse:0.416373+0.001013	test-rmse:0.416423+0.004038 
[328]	train-rmse:0.416369+0.001013	test-rmse:0.416419+0.004038 
[329]	train-rmse:0.416365+0.001013	test-rmse:0.416416+0.004038 
[330]	train-rmse:0.416361+0.001013	test-rmse:0.416412+0.004038 
[331]	train-rmse:0.416357+0.001013	test-rmse:0.416408+0.004037 
[332]	train-rmse:0.416353+0.001013	test-rmse:0.416405+0.004037 
[333]	train-rmse:0.416351+0.001013	test-rmse:0.416403+0.004037 
[334]	train-rmse:0.416348+0.001013	test-rmse:0.416399+0.004037 
[335]	train-rmse:0.416344+0.001013	test-rmse:0.416396+0.004037 
[336]	train-rmse:0.416341+0.001012	test-rmse:0.416393+0.004038 
[337]	train-rmse:0.416337+0.001012	test-rmse:0.416390+0.004038 
[338]	train-rmse:0.416333+0.001012	test-rmse:0.416386+0.004038 
[339]	train-rmse:0.416329+0.001012	test-rmse:0.416382+0.004038 
[340]	train-rmse:0.416326+0.001011	test-rmse:0.416379+0.004039 
[341]	train-rmse:0.416323+0.001011	test-rmse:0.416376+0.004039 
[342]	train-rmse:0.416319+0.001011	test-rmse:0.416372+0.004039 
[343]	train-rmse:0.416315+0.001011	test-rmse:0.416369+0.004039 
[344]	train-rmse:0.416312+0.001010	test-rmse:0.416366+0.004040 
[345]	train-rmse:0.416308+0.001009	test-rmse:0.416362+0.004041 
[346]	train-rmse:0.416304+0.001009	test-rmse:0.416358+0.004041 
[347]	train-rmse:0.416300+0.001009	test-rmse:0.416355+0.004040 
[348]	train-rmse:0.416296+0.001009	test-rmse:0.416351+0.004040 
[349]	train-rmse:0.416293+0.001008	test-rmse:0.416348+0.004041 
[350]	train-rmse:0.416289+0.001009	test-rmse:0.416344+0.004040 
[351]	train-rmse:0.416285+0.001009	test-rmse:0.416340+0.004040 
[352]	train-rmse:0.416282+0.001009	test-rmse:0.416338+0.004040 
[353]	train-rmse:0.416278+0.001009	test-rmse:0.416334+0.004040 
[354]	train-rmse:0.416274+0.001009	test-rmse:0.416330+0.004040 
[355]	train-rmse:0.416271+0.001010	test-rmse:0.416327+0.004039 
[356]	train-rmse:0.416268+0.001010	test-rmse:0.416324+0.004038 
[357]	train-rmse:0.416264+0.001010	test-rmse:0.416321+0.004039 
[358]	train-rmse:0.416260+0.001010	test-rmse:0.416317+0.004039 
[359]	train-rmse:0.416256+0.001010	test-rmse:0.416313+0.004039 
[360]	train-rmse:0.416253+0.001010	test-rmse:0.416310+0.004038 
[361]	train-rmse:0.416249+0.001010	test-rmse:0.416306+0.004038 
[362]	train-rmse:0.416245+0.001010	test-rmse:0.416302+0.004038 
[363]	train-rmse:0.416242+0.001010	test-rmse:0.416300+0.004039 
[364]	train-rmse:0.416238+0.001010	test-rmse:0.416296+0.004038 
[365]	train-rmse:0.416235+0.001010	test-rmse:0.416293+0.004038 
[366]	train-rmse:0.416232+0.001011	test-rmse:0.416290+0.004037 
[367]	train-rmse:0.416229+0.001011	test-rmse:0.416287+0.004037 
[368]	train-rmse:0.416225+0.001010	test-rmse:0.416284+0.004038 
[369]	train-rmse:0.416221+0.001010	test-rmse:0.416280+0.004038 
[370]	train-rmse:0.416218+0.001010	test-rmse:0.416276+0.004037 
[371]	train-rmse:0.416215+0.001010	test-rmse:0.416274+0.004037 
[372]	train-rmse:0.416211+0.001009	test-rmse:0.416270+0.004038 
[373]	train-rmse:0.416207+0.001009	test-rmse:0.416267+0.004039 
[374]	train-rmse:0.416203+0.001009	test-rmse:0.416263+0.004039 
[375]	train-rmse:0.416199+0.001009	test-rmse:0.416259+0.004038 
[376]	train-rmse:0.416196+0.001010	test-rmse:0.416256+0.004038 
[377]	train-rmse:0.416192+0.001009	test-rmse:0.416252+0.004038 
[378]	train-rmse:0.416189+0.001010	test-rmse:0.416250+0.004037 
[379]	train-rmse:0.416186+0.001010	test-rmse:0.416247+0.004037 
[380]	train-rmse:0.416182+0.001010	test-rmse:0.416243+0.004036 
[381]	train-rmse:0.416178+0.001010	test-rmse:0.416239+0.004036 
[382]	train-rmse:0.416175+0.001011	test-rmse:0.416236+0.004036 
[383]	train-rmse:0.416171+0.001011	test-rmse:0.416233+0.004036 
[384]	train-rmse:0.416167+0.001011	test-rmse:0.416229+0.004036 
[385]	train-rmse:0.416164+0.001010	test-rmse:0.416225+0.004036 
[386]	train-rmse:0.416161+0.001011	test-rmse:0.416223+0.004035 
[387]	train-rmse:0.416157+0.001011	test-rmse:0.416219+0.004035 
[388]	train-rmse:0.416153+0.001010	test-rmse:0.416215+0.004036 
[389]	train-rmse:0.416150+0.001011	test-rmse:0.416212+0.004035 
[390]	train-rmse:0.416146+0.001011	test-rmse:0.416209+0.004035 
[391]	train-rmse:0.416143+0.001011	test-rmse:0.416206+0.004035 
[392]	train-rmse:0.416139+0.001010	test-rmse:0.416202+0.004036 
[393]	train-rmse:0.416136+0.001010	test-rmse:0.416199+0.004036 
[394]	train-rmse:0.416131+0.001010	test-rmse:0.416195+0.004036 
[395]	train-rmse:0.416128+0.001011	test-rmse:0.416191+0.004035 
[396]	train-rmse:0.416124+0.001010	test-rmse:0.416188+0.004036 
[397]	train-rmse:0.416120+0.001010	test-rmse:0.416184+0.004036 
[398]	train-rmse:0.416117+0.001010	test-rmse:0.416181+0.004036 
[399]	train-rmse:0.416113+0.001011	test-rmse:0.416178+0.004035 
[400]	train-rmse:0.416109+0.001011	test-rmse:0.416174+0.004035 
[401]	train-rmse:0.416106+0.001010	test-rmse:0.416171+0.004036 
[402]	train-rmse:0.416103+0.001010	test-rmse:0.416168+0.004036 
[403]	train-rmse:0.416100+0.001009	test-rmse:0.416165+0.004037 
[404]	train-rmse:0.416095+0.001009	test-rmse:0.416161+0.004037 
[405]	train-rmse:0.416091+0.001009	test-rmse:0.416157+0.004036 
[406]	train-rmse:0.416088+0.001010	test-rmse:0.416154+0.004036 
[407]	train-rmse:0.416086+0.001009	test-rmse:0.416152+0.004036 
[408]	train-rmse:0.416082+0.001009	test-rmse:0.416148+0.004036 
[409]	train-rmse:0.416077+0.001009	test-rmse:0.416144+0.004036 
[410]	train-rmse:0.416074+0.001009	test-rmse:0.416140+0.004035 
[411]	train-rmse:0.416070+0.001009	test-rmse:0.416136+0.004035 
[412]	train-rmse:0.416067+0.001009	test-rmse:0.416134+0.004036 
[413]	train-rmse:0.416063+0.001009	test-rmse:0.416130+0.004036 
[414]	train-rmse:0.416059+0.001009	test-rmse:0.416126+0.004036 
[415]	train-rmse:0.416055+0.001009	test-rmse:0.416123+0.004036 
[416]	train-rmse:0.416051+0.001009	test-rmse:0.416119+0.004036 
[417]	train-rmse:0.416048+0.001008	test-rmse:0.416116+0.004036 
[418]	train-rmse:0.416044+0.001008	test-rmse:0.416112+0.004036 
[419]	train-rmse:0.416041+0.001009	test-rmse:0.416109+0.004036 
[420]	train-rmse:0.416037+0.001009	test-rmse:0.416105+0.004035 
[421]	train-rmse:0.416033+0.001009	test-rmse:0.416102+0.004035 
[422]	train-rmse:0.416031+0.001009	test-rmse:0.416100+0.004035 
[423]	train-rmse:0.416027+0.001008	test-rmse:0.416096+0.004036 
[424]	train-rmse:0.416023+0.001008	test-rmse:0.416093+0.004036 
[425]	train-rmse:0.416020+0.001008	test-rmse:0.416089+0.004036 
[426]	train-rmse:0.416016+0.001009	test-rmse:0.416086+0.004035 
[427]	train-rmse:0.416013+0.001008	test-rmse:0.416083+0.004036 
[428]	train-rmse:0.416010+0.001008	test-rmse:0.416080+0.004035 
[429]	train-rmse:0.416007+0.001007	test-rmse:0.416077+0.004036 
[430]	train-rmse:0.416004+0.001006	test-rmse:0.416074+0.004037 
[431]	train-rmse:0.416001+0.001005	test-rmse:0.416072+0.004038 
[432]	train-rmse:0.415997+0.001005	test-rmse:0.416068+0.004038 
[433]	train-rmse:0.415994+0.001005	test-rmse:0.416064+0.004038 
[434]	train-rmse:0.415989+0.001005	test-rmse:0.416060+0.004038 
[435]	train-rmse:0.415986+0.001006	test-rmse:0.416057+0.004037 
[436]	train-rmse:0.415982+0.001005	test-rmse:0.416054+0.004038 
[437]	train-rmse:0.415979+0.001005	test-rmse:0.416050+0.004038 
[438]	train-rmse:0.415974+0.001005	test-rmse:0.416046+0.004038 
[439]	train-rmse:0.415971+0.001005	test-rmse:0.416043+0.004037 
[440]	train-rmse:0.415967+0.001006	test-rmse:0.416040+0.004037 
[441]	train-rmse:0.415963+0.001006	test-rmse:0.416036+0.004037 
[442]	train-rmse:0.415961+0.001005	test-rmse:0.416033+0.004038 
[443]	train-rmse:0.415956+0.001005	test-rmse:0.416029+0.004037 
[444]	train-rmse:0.415952+0.001005	test-rmse:0.416025+0.004037 
[445]	train-rmse:0.415949+0.001006	test-rmse:0.416023+0.004036 
[446]	train-rmse:0.415945+0.001006	test-rmse:0.416019+0.004036 
[447]	train-rmse:0.415943+0.001006	test-rmse:0.416016+0.004036 
[448]	train-rmse:0.415941+0.001005	test-rmse:0.416014+0.004037 
[449]	train-rmse:0.415936+0.001005	test-rmse:0.416010+0.004037 
[450]	train-rmse:0.415933+0.001005	test-rmse:0.416007+0.004037 
[451]	train-rmse:0.415929+0.001005	test-rmse:0.416004+0.004037 
[452]	train-rmse:0.415925+0.001004	test-rmse:0.416000+0.004038 
[453]	train-rmse:0.415922+0.001004	test-rmse:0.415997+0.004038 
[454]	train-rmse:0.415918+0.001004	test-rmse:0.415993+0.004037 
[455]	train-rmse:0.415915+0.001004	test-rmse:0.415990+0.004037 
[456]	train-rmse:0.415910+0.001004	test-rmse:0.415986+0.004037 
[457]	train-rmse:0.415906+0.001004	test-rmse:0.415982+0.004037 
[458]	train-rmse:0.415902+0.001004	test-rmse:0.415978+0.004037 
[459]	train-rmse:0.415898+0.001004	test-rmse:0.415975+0.004038 
[460]	train-rmse:0.415895+0.001004	test-rmse:0.415971+0.004037 
[461]	train-rmse:0.415891+0.001005	test-rmse:0.415968+0.004036 
[462]	train-rmse:0.415887+0.001005	test-rmse:0.415964+0.004036 
[463]	train-rmse:0.415883+0.001004	test-rmse:0.415960+0.004037 
[464]	train-rmse:0.415880+0.001004	test-rmse:0.415957+0.004037 
[465]	train-rmse:0.415876+0.001003	test-rmse:0.415954+0.004037 
[466]	train-rmse:0.415873+0.001004	test-rmse:0.415950+0.004037 
[467]	train-rmse:0.415869+0.001004	test-rmse:0.415947+0.004036 
[468]	train-rmse:0.415866+0.001005	test-rmse:0.415944+0.004036 
[469]	train-rmse:0.415862+0.001005	test-rmse:0.415941+0.004035 
[470]	train-rmse:0.415859+0.001004	test-rmse:0.415938+0.004036 
[471]	train-rmse:0.415856+0.001005	test-rmse:0.415934+0.004036 
[472]	train-rmse:0.415852+0.001005	test-rmse:0.415931+0.004036 
[473]	train-rmse:0.415849+0.001004	test-rmse:0.415928+0.004036 
[474]	train-rmse:0.415845+0.001005	test-rmse:0.415924+0.004035 
[475]	train-rmse:0.415842+0.001005	test-rmse:0.415921+0.004035 
[476]	train-rmse:0.415838+0.001005	test-rmse:0.415917+0.004035 
[477]	train-rmse:0.415835+0.001006	test-rmse:0.415915+0.004034 
[478]	train-rmse:0.415832+0.001006	test-rmse:0.415912+0.004034 
[479]	train-rmse:0.415830+0.001006	test-rmse:0.415910+0.004034 
[480]	train-rmse:0.415828+0.001005	test-rmse:0.415908+0.004035 
[481]	train-rmse:0.415825+0.001004	test-rmse:0.415905+0.004035 
[482]	train-rmse:0.415820+0.001004	test-rmse:0.415901+0.004035 
[483]	train-rmse:0.415816+0.001004	test-rmse:0.415897+0.004035 
[484]	train-rmse:0.415812+0.001004	test-rmse:0.415893+0.004035 
[485]	train-rmse:0.415809+0.001005	test-rmse:0.415890+0.004035 
[486]	train-rmse:0.415806+0.001005	test-rmse:0.415887+0.004034 
[487]	train-rmse:0.415802+0.001006	test-rmse:0.415883+0.004034 
[488]	train-rmse:0.415798+0.001006	test-rmse:0.415880+0.004033 
[489]	train-rmse:0.415795+0.001007	test-rmse:0.415877+0.004033 
[490]	train-rmse:0.415792+0.001006	test-rmse:0.415874+0.004033 
[491]	train-rmse:0.415787+0.001006	test-rmse:0.415870+0.004033 
[492]	train-rmse:0.415784+0.001006	test-rmse:0.415867+0.004033 
[493]	train-rmse:0.415780+0.001005	test-rmse:0.415863+0.004033 
[494]	train-rmse:0.415777+0.001006	test-rmse:0.415860+0.004033 
[495]	train-rmse:0.415773+0.001006	test-rmse:0.415857+0.004033 
[496]	train-rmse:0.415770+0.001006	test-rmse:0.415853+0.004033 
[497]	train-rmse:0.415766+0.001006	test-rmse:0.415850+0.004032 
[498]	train-rmse:0.415762+0.001006	test-rmse:0.415846+0.004032 
[499]	train-rmse:0.415758+0.001007	test-rmse:0.415842+0.004032 
[500]	train-rmse:0.415754+0.001007	test-rmse:0.415839+0.004031 
[501]	train-rmse:0.415752+0.001007	test-rmse:0.415836+0.004031 
[502]	train-rmse:0.415749+0.001007	test-rmse:0.415833+0.004032 
[503]	train-rmse:0.415745+0.001007	test-rmse:0.415829+0.004032 
[504]	train-rmse:0.415741+0.001007	test-rmse:0.415826+0.004031 
[505]	train-rmse:0.415737+0.001007	test-rmse:0.415822+0.004031 
[506]	train-rmse:0.415734+0.001007	test-rmse:0.415820+0.004031 
[507]	train-rmse:0.415731+0.001007	test-rmse:0.415816+0.004031 
[508]	train-rmse:0.415728+0.001007	test-rmse:0.415813+0.004031 
[509]	train-rmse:0.415724+0.001006	test-rmse:0.415810+0.004032 
[510]	train-rmse:0.415720+0.001006	test-rmse:0.415807+0.004032 
[511]	train-rmse:0.415718+0.001006	test-rmse:0.415804+0.004032 
[512]	train-rmse:0.415714+0.001006	test-rmse:0.415800+0.004032 
[513]	train-rmse:0.415710+0.001006	test-rmse:0.415796+0.004032 
[514]	train-rmse:0.415707+0.001005	test-rmse:0.415794+0.004032 
[515]	train-rmse:0.415703+0.001005	test-rmse:0.415790+0.004032 
[516]	train-rmse:0.415699+0.001005	test-rmse:0.415786+0.004032 
[517]	train-rmse:0.415697+0.001005	test-rmse:0.415784+0.004032 
[518]	train-rmse:0.415693+0.001005	test-rmse:0.415780+0.004032 
[519]	train-rmse:0.415688+0.001005	test-rmse:0.415776+0.004032 
[520]	train-rmse:0.415685+0.001005	test-rmse:0.415773+0.004032 
[521]	train-rmse:0.415682+0.001005	test-rmse:0.415770+0.004032 
[522]	train-rmse:0.415678+0.001005	test-rmse:0.415766+0.004031 
[523]	train-rmse:0.415673+0.001005	test-rmse:0.415762+0.004031 
[524]	train-rmse:0.415670+0.001005	test-rmse:0.415759+0.004031 
[525]	train-rmse:0.415667+0.001005	test-rmse:0.415756+0.004032 
[526]	train-rmse:0.415663+0.001005	test-rmse:0.415753+0.004031 
[527]	train-rmse:0.415660+0.001004	test-rmse:0.415750+0.004032 
[528]	train-rmse:0.415657+0.001005	test-rmse:0.415746+0.004032 
[529]	train-rmse:0.415654+0.001006	test-rmse:0.415744+0.004031 
[530]	train-rmse:0.415651+0.001005	test-rmse:0.415741+0.004032 
[531]	train-rmse:0.415647+0.001005	test-rmse:0.415737+0.004032 
[532]	train-rmse:0.415642+0.001005	test-rmse:0.415733+0.004032 
[533]	train-rmse:0.415639+0.001005	test-rmse:0.415729+0.004031 
[534]	train-rmse:0.415636+0.001005	test-rmse:0.415726+0.004031 
[535]	train-rmse:0.415631+0.001005	test-rmse:0.415722+0.004031 
[536]	train-rmse:0.415627+0.001005	test-rmse:0.415718+0.004031 
[537]	train-rmse:0.415623+0.001005	test-rmse:0.415715+0.004030 
[538]	train-rmse:0.415620+0.001006	test-rmse:0.415712+0.004030 
[539]	train-rmse:0.415616+0.001006	test-rmse:0.415708+0.004030 
[540]	train-rmse:0.415613+0.001005	test-rmse:0.415705+0.004030 
[541]	train-rmse:0.415611+0.001005	test-rmse:0.415703+0.004030 
[542]	train-rmse:0.415607+0.001005	test-rmse:0.415699+0.004030 
[543]	train-rmse:0.415603+0.001004	test-rmse:0.415696+0.004031 
[544]	train-rmse:0.415599+0.001004	test-rmse:0.415692+0.004031 
[545]	train-rmse:0.415596+0.001004	test-rmse:0.415689+0.004031 
[546]	train-rmse:0.415592+0.001004	test-rmse:0.415685+0.004031 
[547]	train-rmse:0.415589+0.001004	test-rmse:0.415682+0.004032 
[548]	train-rmse:0.415585+0.001004	test-rmse:0.415679+0.004031 
[549]	train-rmse:0.415583+0.001005	test-rmse:0.415676+0.004030 
[550]	train-rmse:0.415579+0.001005	test-rmse:0.415672+0.004030 
[551]	train-rmse:0.415575+0.001004	test-rmse:0.415669+0.004031 
[552]	train-rmse:0.415572+0.001004	test-rmse:0.415666+0.004031 
[553]	train-rmse:0.415569+0.001003	test-rmse:0.415663+0.004031 
[554]	train-rmse:0.415566+0.001003	test-rmse:0.415660+0.004032 
[555]	train-rmse:0.415562+0.001003	test-rmse:0.415657+0.004032 
[556]	train-rmse:0.415559+0.001003	test-rmse:0.415653+0.004031 
[557]	train-rmse:0.415555+0.001002	test-rmse:0.415650+0.004032 
[558]	train-rmse:0.415551+0.001002	test-rmse:0.415646+0.004032 
[559]	train-rmse:0.415548+0.001001	test-rmse:0.415643+0.004033 
[560]	train-rmse:0.415545+0.001002	test-rmse:0.415640+0.004032 
[561]	train-rmse:0.415542+0.001003	test-rmse:0.415637+0.004031 
[562]	train-rmse:0.415538+0.001003	test-rmse:0.415633+0.004031 
[563]	train-rmse:0.415534+0.001004	test-rmse:0.415630+0.004030 
[564]	train-rmse:0.415530+0.001004	test-rmse:0.415626+0.004030 
[565]	train-rmse:0.415527+0.001004	test-rmse:0.415623+0.004030 
[566]	train-rmse:0.415524+0.001002	test-rmse:0.415620+0.004032 
[567]	train-rmse:0.415520+0.001002	test-rmse:0.415617+0.004032 
[568]	train-rmse:0.415516+0.001003	test-rmse:0.415613+0.004031 
[569]	train-rmse:0.415513+0.001002	test-rmse:0.415610+0.004032 
[570]	train-rmse:0.415510+0.001001	test-rmse:0.415607+0.004032 
[571]	train-rmse:0.415507+0.001002	test-rmse:0.415604+0.004031 
[572]	train-rmse:0.415505+0.001002	test-rmse:0.415602+0.004031 
[573]	train-rmse:0.415502+0.001004	test-rmse:0.415600+0.004030 
[574]	train-rmse:0.415498+0.001004	test-rmse:0.415596+0.004030 
[575]	train-rmse:0.415495+0.001004	test-rmse:0.415593+0.004029 
[576]	train-rmse:0.415491+0.001004	test-rmse:0.415589+0.004030 
[577]	train-rmse:0.415488+0.001004	test-rmse:0.415587+0.004029 
[578]	train-rmse:0.415485+0.001004	test-rmse:0.415583+0.004029 
[579]	train-rmse:0.415481+0.001004	test-rmse:0.415579+0.004029 
[580]	train-rmse:0.415478+0.001004	test-rmse:0.415577+0.004029 
[581]	train-rmse:0.415475+0.001005	test-rmse:0.415574+0.004029 
[582]	train-rmse:0.415473+0.001004	test-rmse:0.415572+0.004029 
[583]	train-rmse:0.415469+0.001004	test-rmse:0.415568+0.004029 
[584]	train-rmse:0.415466+0.001005	test-rmse:0.415565+0.004028 
[585]	train-rmse:0.415463+0.001006	test-rmse:0.415563+0.004028 
[586]	train-rmse:0.415460+0.001005	test-rmse:0.415560+0.004028 
[587]	train-rmse:0.415457+0.001005	test-rmse:0.415557+0.004028 
[588]	train-rmse:0.415453+0.001004	test-rmse:0.415553+0.004029 
[589]	train-rmse:0.415449+0.001004	test-rmse:0.415549+0.004029 
[590]	train-rmse:0.415445+0.001003	test-rmse:0.415545+0.004029 
[591]	train-rmse:0.415441+0.001004	test-rmse:0.415541+0.004029 
[592]	train-rmse:0.415437+0.001003	test-rmse:0.415538+0.004029 
[593]	train-rmse:0.415434+0.001004	test-rmse:0.415535+0.004029 
[594]	train-rmse:0.415431+0.001004	test-rmse:0.415532+0.004028 
[595]	train-rmse:0.415428+0.001005	test-rmse:0.415529+0.004028 
[596]	train-rmse:0.415425+0.001004	test-rmse:0.415527+0.004029 
[597]	train-rmse:0.415422+0.001003	test-rmse:0.415524+0.004029 
[598]	train-rmse:0.415418+0.001003	test-rmse:0.415520+0.004029 
[599]	train-rmse:0.415415+0.001002	test-rmse:0.415517+0.004030 
[600]	train-rmse:0.415411+0.001002	test-rmse:0.415513+0.004030 
[601]	train-rmse:0.415408+0.001003	test-rmse:0.415510+0.004029 
[602]	train-rmse:0.415405+0.001001	test-rmse:0.415507+0.004031 
[603]	train-rmse:0.415403+0.001001	test-rmse:0.415505+0.004030 
[604]	train-rmse:0.415399+0.001002	test-rmse:0.415502+0.004030 
[605]	train-rmse:0.415396+0.001003	test-rmse:0.415499+0.004029 
[606]	train-rmse:0.415393+0.001003	test-rmse:0.415496+0.004029 
[607]	train-rmse:0.415390+0.001003	test-rmse:0.415493+0.004028 
[608]	train-rmse:0.415386+0.001004	test-rmse:0.415490+0.004028 
[609]	train-rmse:0.415382+0.001004	test-rmse:0.415486+0.004028 
[610]	train-rmse:0.415379+0.001002	test-rmse:0.415482+0.004029 
[611]	train-rmse:0.415375+0.001003	test-rmse:0.415479+0.004028 
[612]	train-rmse:0.415372+0.001004	test-rmse:0.415476+0.004028 
[613]	train-rmse:0.415369+0.001002	test-rmse:0.415473+0.004029 
[614]	train-rmse:0.415365+0.001002	test-rmse:0.415470+0.004030 
[615]	train-rmse:0.415361+0.001002	test-rmse:0.415466+0.004030 
[616]	train-rmse:0.415359+0.001002	test-rmse:0.415463+0.004029 
[617]	train-rmse:0.415355+0.001002	test-rmse:0.415459+0.004029 
[618]	train-rmse:0.415352+0.001002	test-rmse:0.415457+0.004029 
[619]	train-rmse:0.415349+0.001001	test-rmse:0.415454+0.004030 
[620]	train-rmse:0.415346+0.001000	test-rmse:0.415451+0.004031 
[621]	train-rmse:0.415343+0.000999	test-rmse:0.415448+0.004032 
[622]	train-rmse:0.415338+0.000999	test-rmse:0.415444+0.004032 
[623]	train-rmse:0.415336+0.000998	test-rmse:0.415442+0.004032 
[624]	train-rmse:0.415333+0.000998	test-rmse:0.415440+0.004033 
[625]	train-rmse:0.415330+0.000999	test-rmse:0.415437+0.004032 
[626]	train-rmse:0.415327+0.000999	test-rmse:0.415433+0.004031 
[627]	train-rmse:0.415324+0.000998	test-rmse:0.415431+0.004032 
[628]	train-rmse:0.415320+0.000998	test-rmse:0.415427+0.004032 
[629]	train-rmse:0.415318+0.000998	test-rmse:0.415425+0.004033 
[630]	train-rmse:0.415315+0.000998	test-rmse:0.415422+0.004033 
[631]	train-rmse:0.415311+0.000997	test-rmse:0.415418+0.004033 
[632]	train-rmse:0.415308+0.000998	test-rmse:0.415416+0.004032 
[633]	train-rmse:0.415304+0.000998	test-rmse:0.415412+0.004032 
[634]	train-rmse:0.415302+0.000997	test-rmse:0.415409+0.004033 
[635]	train-rmse:0.415298+0.000998	test-rmse:0.415406+0.004032 
[636]	train-rmse:0.415293+0.000998	test-rmse:0.415401+0.004032 
[637]	train-rmse:0.415289+0.000998	test-rmse:0.415397+0.004032 
[638]	train-rmse:0.415287+0.000997	test-rmse:0.415395+0.004033 
[639]	train-rmse:0.415283+0.000997	test-rmse:0.415392+0.004033 
[640]	train-rmse:0.415280+0.000996	test-rmse:0.415389+0.004034 
[641]	train-rmse:0.415276+0.000996	test-rmse:0.415385+0.004034 
[642]	train-rmse:0.415272+0.000996	test-rmse:0.415381+0.004033 
[643]	train-rmse:0.415268+0.000996	test-rmse:0.415378+0.004033 
[644]	train-rmse:0.415265+0.000997	test-rmse:0.415375+0.004032 
[645]	train-rmse:0.415262+0.000997	test-rmse:0.415372+0.004032 
[646]	train-rmse:0.415259+0.000997	test-rmse:0.415369+0.004032 
[647]	train-rmse:0.415256+0.000998	test-rmse:0.415366+0.004031 
[648]	train-rmse:0.415251+0.000998	test-rmse:0.415362+0.004031 
[649]	train-rmse:0.415249+0.000999	test-rmse:0.415359+0.004030 
[650]	train-rmse:0.415246+0.001000	test-rmse:0.415357+0.004029 
[651]	train-rmse:0.415244+0.000999	test-rmse:0.415355+0.004030 
[652]	train-rmse:0.415241+0.001000	test-rmse:0.415352+0.004029 
[653]	train-rmse:0.415239+0.001000	test-rmse:0.415350+0.004029 
[654]	train-rmse:0.415236+0.001001	test-rmse:0.415347+0.004028 
[655]	train-rmse:0.415233+0.001001	test-rmse:0.415344+0.004028 
[656]	train-rmse:0.415230+0.001001	test-rmse:0.415342+0.004028 
[657]	train-rmse:0.415227+0.001001	test-rmse:0.415339+0.004027 
[658]	train-rmse:0.415224+0.001001	test-rmse:0.415335+0.004028 
[659]	train-rmse:0.415221+0.001000	test-rmse:0.415333+0.004029 
[660]	train-rmse:0.415218+0.001001	test-rmse:0.415330+0.004028 
[661]	train-rmse:0.415216+0.001000	test-rmse:0.415328+0.004029 
[662]	train-rmse:0.415213+0.000999	test-rmse:0.415325+0.004029 
[663]	train-rmse:0.415210+0.000999	test-rmse:0.415322+0.004029 
[664]	train-rmse:0.415206+0.000999	test-rmse:0.415318+0.004029 
[665]	train-rmse:0.415203+0.000999	test-rmse:0.415316+0.004030 
[666]	train-rmse:0.415199+0.000999	test-rmse:0.415312+0.004030 
[667]	train-rmse:0.415197+0.001000	test-rmse:0.415310+0.004029 
[668]	train-rmse:0.415194+0.000999	test-rmse:0.415307+0.004029 
[669]	train-rmse:0.415190+0.000999	test-rmse:0.415303+0.004029 
[670]	train-rmse:0.415187+0.000999	test-rmse:0.415301+0.004029 
[671]	train-rmse:0.415185+0.000998	test-rmse:0.415298+0.004030 
[672]	train-rmse:0.415181+0.000999	test-rmse:0.415295+0.004029 
[673]	train-rmse:0.415179+0.000998	test-rmse:0.415293+0.004030 
[674]	train-rmse:0.415176+0.000999	test-rmse:0.415290+0.004030 
[675]	train-rmse:0.415173+0.000998	test-rmse:0.415287+0.004030 
[676]	train-rmse:0.415170+0.000998	test-rmse:0.415284+0.004030 
[677]	train-rmse:0.415167+0.000998	test-rmse:0.415281+0.004030 
[678]	train-rmse:0.415164+0.000997	test-rmse:0.415278+0.004031 
[679]	train-rmse:0.415161+0.000998	test-rmse:0.415275+0.004030 
[680]	train-rmse:0.415158+0.000997	test-rmse:0.415273+0.004030 
[681]	train-rmse:0.415155+0.000998	test-rmse:0.415270+0.004029 
[682]	train-rmse:0.415153+0.000998	test-rmse:0.415268+0.004030 
[683]	train-rmse:0.415149+0.000998	test-rmse:0.415264+0.004030 
[684]	train-rmse:0.415146+0.000996	test-rmse:0.415261+0.004031 
[685]	train-rmse:0.415143+0.000996	test-rmse:0.415259+0.004032 
[686]	train-rmse:0.415140+0.000997	test-rmse:0.415256+0.004031 
[687]	train-rmse:0.415136+0.000997	test-rmse:0.415252+0.004030 
[688]	train-rmse:0.415133+0.000997	test-rmse:0.415249+0.004030 
[689]	train-rmse:0.415129+0.000998	test-rmse:0.415246+0.004029 
[690]	train-rmse:0.415126+0.000997	test-rmse:0.415243+0.004030 
[691]	train-rmse:0.415121+0.000997	test-rmse:0.415239+0.004030 
[692]	train-rmse:0.415118+0.000997	test-rmse:0.415235+0.004030 
[693]	train-rmse:0.415115+0.000998	test-rmse:0.415232+0.004029 
[694]	train-rmse:0.415110+0.000998	test-rmse:0.415228+0.004029 
[695]	train-rmse:0.415107+0.000996	test-rmse:0.415225+0.004030 
[696]	train-rmse:0.415105+0.000997	test-rmse:0.415223+0.004029 
[697]	train-rmse:0.415101+0.000998	test-rmse:0.415219+0.004029 
[698]	train-rmse:0.415099+0.000998	test-rmse:0.415217+0.004029 
[699]	train-rmse:0.415095+0.000997	test-rmse:0.415214+0.004030 
[700]	train-rmse:0.415092+0.000996	test-rmse:0.415211+0.004030 
[701]	train-rmse:0.415090+0.000996	test-rmse:0.415209+0.004030 
[702]	train-rmse:0.415086+0.000996	test-rmse:0.415205+0.004030 
[703]	train-rmse:0.415082+0.000996	test-rmse:0.415201+0.004030 
[704]	train-rmse:0.415078+0.000995	test-rmse:0.415198+0.004031 
[705]	train-rmse:0.415075+0.000994	test-rmse:0.415195+0.004032 
[706]	train-rmse:0.415071+0.000994	test-rmse:0.415191+0.004032 
[707]	train-rmse:0.415069+0.000993	test-rmse:0.415189+0.004033 
[708]	train-rmse:0.415065+0.000993	test-rmse:0.415186+0.004033 
[709]	train-rmse:0.415062+0.000993	test-rmse:0.415182+0.004033 
[710]	train-rmse:0.415059+0.000993	test-rmse:0.415179+0.004033 
[711]	train-rmse:0.415055+0.000994	test-rmse:0.415176+0.004032 
[712]	train-rmse:0.415053+0.000994	test-rmse:0.415173+0.004032 
[713]	train-rmse:0.415049+0.000994	test-rmse:0.415170+0.004032 
[714]	train-rmse:0.415045+0.000994	test-rmse:0.415166+0.004031 
[715]	train-rmse:0.415041+0.000995	test-rmse:0.415163+0.004031 
[716]	train-rmse:0.415038+0.000994	test-rmse:0.415160+0.004031 
[717]	train-rmse:0.415035+0.000994	test-rmse:0.415156+0.004031 
[718]	train-rmse:0.415031+0.000994	test-rmse:0.415153+0.004031 
[719]	train-rmse:0.415027+0.000994	test-rmse:0.415149+0.004031 
[720]	train-rmse:0.415024+0.000994	test-rmse:0.415147+0.004031 
[721]	train-rmse:0.415020+0.000994	test-rmse:0.415143+0.004031 
[722]	train-rmse:0.415017+0.000995	test-rmse:0.415139+0.004030 
[723]	train-rmse:0.415013+0.000995	test-rmse:0.415136+0.004030 
[724]	train-rmse:0.415010+0.000995	test-rmse:0.415132+0.004030 
[725]	train-rmse:0.415006+0.000994	test-rmse:0.415129+0.004031 
[726]	train-rmse:0.415003+0.000994	test-rmse:0.415126+0.004031 
[727]	train-rmse:0.415000+0.000993	test-rmse:0.415124+0.004031 
[728]	train-rmse:0.414997+0.000994	test-rmse:0.415121+0.004031 
[729]	train-rmse:0.414995+0.000995	test-rmse:0.415118+0.004030 
[730]	train-rmse:0.414991+0.000995	test-rmse:0.415115+0.004030 
[731]	train-rmse:0.414989+0.000995	test-rmse:0.415113+0.004030 
[732]	train-rmse:0.414985+0.000996	test-rmse:0.415110+0.004029 
[733]	train-rmse:0.414981+0.000995	test-rmse:0.415106+0.004029 
[734]	train-rmse:0.414978+0.000995	test-rmse:0.415102+0.004029 
[735]	train-rmse:0.414974+0.000996	test-rmse:0.415099+0.004028 
[736]	train-rmse:0.414971+0.000996	test-rmse:0.415096+0.004028 
[737]	train-rmse:0.414967+0.000996	test-rmse:0.415092+0.004028 
[738]	train-rmse:0.414962+0.000996	test-rmse:0.415088+0.004028 
[739]	train-rmse:0.414960+0.000995	test-rmse:0.415086+0.004029 
[740]	train-rmse:0.414957+0.000996	test-rmse:0.415082+0.004028 
[741]	train-rmse:0.414953+0.000995	test-rmse:0.415079+0.004029 
[742]	train-rmse:0.414949+0.000995	test-rmse:0.415075+0.004029 
[743]	train-rmse:0.414947+0.000996	test-rmse:0.415073+0.004028 
[744]	train-rmse:0.414944+0.000996	test-rmse:0.415070+0.004028 
[745]	train-rmse:0.414940+0.000997	test-rmse:0.415067+0.004026 
[746]	train-rmse:0.414937+0.000996	test-rmse:0.415064+0.004027 
[747]	train-rmse:0.414935+0.000996	test-rmse:0.415061+0.004028 
[748]	train-rmse:0.414932+0.000997	test-rmse:0.415059+0.004027 
[749]	train-rmse:0.414928+0.000997	test-rmse:0.415055+0.004027 
[750]	train-rmse:0.414925+0.000997	test-rmse:0.415052+0.004026 
[751]	train-rmse:0.414921+0.000997	test-rmse:0.415048+0.004026 
[752]	train-rmse:0.414917+0.000997	test-rmse:0.415044+0.004026 
[753]	train-rmse:0.414913+0.000997	test-rmse:0.415041+0.004026 
[754]	train-rmse:0.414911+0.000996	test-rmse:0.415039+0.004027 
[755]	train-rmse:0.414907+0.000995	test-rmse:0.415035+0.004028 
[756]	train-rmse:0.414904+0.000995	test-rmse:0.415033+0.004028 
[757]	train-rmse:0.414900+0.000996	test-rmse:0.415029+0.004027 
[758]	train-rmse:0.414897+0.000995	test-rmse:0.415026+0.004027 
[759]	train-rmse:0.414895+0.000995	test-rmse:0.415024+0.004028 
[760]	train-rmse:0.414893+0.000994	test-rmse:0.415022+0.004028 
[761]	train-rmse:0.414889+0.000994	test-rmse:0.415018+0.004028 
[762]	train-rmse:0.414887+0.000995	test-rmse:0.415016+0.004027 
[763]	train-rmse:0.414884+0.000995	test-rmse:0.415014+0.004028 
[764]	train-rmse:0.414880+0.000995	test-rmse:0.415010+0.004027 
[765]	train-rmse:0.414878+0.000995	test-rmse:0.415008+0.004027 
[766]	train-rmse:0.414874+0.000996	test-rmse:0.415004+0.004027 
[767]	train-rmse:0.414870+0.000996	test-rmse:0.415001+0.004027 
[768]	train-rmse:0.414868+0.000995	test-rmse:0.414998+0.004027 
[769]	train-rmse:0.414865+0.000995	test-rmse:0.414995+0.004027 
[770]	train-rmse:0.414861+0.000995	test-rmse:0.414992+0.004027 
[771]	train-rmse:0.414857+0.000995	test-rmse:0.414988+0.004027 
[772]	train-rmse:0.414854+0.000994	test-rmse:0.414985+0.004028 
[773]	train-rmse:0.414851+0.000995	test-rmse:0.414982+0.004027 
[774]	train-rmse:0.414849+0.000995	test-rmse:0.414981+0.004027 
[775]	train-rmse:0.414846+0.000996	test-rmse:0.414978+0.004026 
[776]	train-rmse:0.414843+0.000996	test-rmse:0.414974+0.004026 
[777]	train-rmse:0.414840+0.000995	test-rmse:0.414972+0.004027 
[778]	train-rmse:0.414839+0.000995	test-rmse:0.414971+0.004027 
[779]	train-rmse:0.414837+0.000994	test-rmse:0.414968+0.004027 
[780]	train-rmse:0.414832+0.000994	test-rmse:0.414964+0.004027 
[781]	train-rmse:0.414829+0.000994	test-rmse:0.414962+0.004027 
[782]	train-rmse:0.414826+0.000995	test-rmse:0.414959+0.004026 
[783]	train-rmse:0.414825+0.000995	test-rmse:0.414957+0.004026 
[784]	train-rmse:0.414821+0.000995	test-rmse:0.414954+0.004026 
[785]	train-rmse:0.414818+0.000994	test-rmse:0.414951+0.004027 
[786]	train-rmse:0.414815+0.000995	test-rmse:0.414948+0.004026 
[787]	train-rmse:0.414810+0.000995	test-rmse:0.414944+0.004026 
[788]	train-rmse:0.414806+0.000995	test-rmse:0.414940+0.004026 
[789]	train-rmse:0.414802+0.000995	test-rmse:0.414936+0.004025 
[790]	train-rmse:0.414800+0.000995	test-rmse:0.414934+0.004026 
[791]	train-rmse:0.414796+0.000995	test-rmse:0.414931+0.004025 
[792]	train-rmse:0.414794+0.000996	test-rmse:0.414928+0.004025 
[793]	train-rmse:0.414790+0.000996	test-rmse:0.414924+0.004024 
[794]	train-rmse:0.414787+0.000995	test-rmse:0.414922+0.004025 
[795]	train-rmse:0.414784+0.000996	test-rmse:0.414919+0.004025 
[796]	train-rmse:0.414781+0.000995	test-rmse:0.414916+0.004025 
[797]	train-rmse:0.414778+0.000994	test-rmse:0.414913+0.004026 
[798]	train-rmse:0.414776+0.000993	test-rmse:0.414911+0.004027 
[799]	train-rmse:0.414774+0.000994	test-rmse:0.414909+0.004026 
[800]	train-rmse:0.414772+0.000994	test-rmse:0.414908+0.004026 
[801]	train-rmse:0.414769+0.000994	test-rmse:0.414904+0.004026 
[802]	train-rmse:0.414765+0.000994	test-rmse:0.414901+0.004026 
[803]	train-rmse:0.414761+0.000994	test-rmse:0.414897+0.004026 
[804]	train-rmse:0.414758+0.000993	test-rmse:0.414894+0.004027 
[805]	train-rmse:0.414756+0.000992	test-rmse:0.414892+0.004027 
[806]	train-rmse:0.414752+0.000992	test-rmse:0.414888+0.004027 
[807]	train-rmse:0.414748+0.000992	test-rmse:0.414885+0.004028 
[808]	train-rmse:0.414745+0.000992	test-rmse:0.414882+0.004028 
[809]	train-rmse:0.414742+0.000991	test-rmse:0.414880+0.004029 
[810]	train-rmse:0.414738+0.000991	test-rmse:0.414875+0.004029 
[811]	train-rmse:0.414736+0.000990	test-rmse:0.414873+0.004030 
[812]	train-rmse:0.414733+0.000990	test-rmse:0.414870+0.004029 
[813]	train-rmse:0.414730+0.000991	test-rmse:0.414868+0.004028 
[814]	train-rmse:0.414728+0.000991	test-rmse:0.414865+0.004028 
> hgrid <-
+   dplyr::bind_cols(xgboost_params[index, ], dart.cv$evaluation_log[dart.cv$best_iteration, ], best_iter = dart.cv$best_iteration)
> 
> # write result
> fname <- file.path('data-raw', 'tune', year, 'array', paste0('tune_', index, '.tsv'))
> readr::write_tsv(hgrid, file = fname)
> 
