> 
> # parse arguments
> args <- R.utils::commandArgs(trailingOnly = FALSE, asValues = TRUE)
> index <- as.integer(args$index)
> year <- as.character(args$year)
> nreps <- as.integer(args$nreps)
> seed <- as.integer(args$seed)
> 
> # get number of cores
> wkrs <- length(future::availableWorkers())
> 
> # set seed
> set.seed(seed)
> 
> # read and prepare the cluster features
> fp <- file.path('data-raw', 'features', year)
> clf <-
+   read_features(fp, pattern = 'paris.', recursive = FALSE)
> clf <- prepare_features(
+   clf,
+   feature_map = feature_map,
+   category = c('response', 'bio', 'net'),
+   type = 'list',
+   exclusions = c(
+     'mg2_pairs_count',
+     'mg2_not_pairs_count',
+     'mg2_portion_families_recovered',
+     'cluster_origin',
+     'bocc_origin',
+     'cluster_method',
+     'subcluster_method',
+     'year',
+     'IDs',
+     'go_sig_threshold',
+     'num_new_edges_on_any_node',
+     'HPO_ratio'
+   ),
+   verbose = TRUE
+ )
c('HPO_ratio', 'IDs', 'bocc_origin', 'cluster_method', 'cluster_origin', 'go_sig_threshold', 'max_norm_cell_type_comma_sep_string', 'max_norm_disease_comma_sep_string', 'mg2_not_pairs_count', 'mg2_pairs_count', 'mg2_portion_families_recovered', 'num_new_edges_on_any_node', 'sig_go_enrichment_fdr_corrected_p_vals', 'sig_go_enrichment_p_vals', 'sig_go_enrichment_terms', 'subcluster_method', 'year')

> 
> # prepare grid of parameters
> xgboost_params <- dials::parameters(
+   nrounds = dials::trees(),
+   eta = dials::learn_rate(),
+   gamma = dials::loss_reduction(),
+   dials::tree_depth(),
+   subsample = dials::sample_prop(),
+   rate_drop = dials::dropout(),
+   skip_drop = dials::dropout()
+ )
> xgboost_params <-
+   dials::grid_max_entropy(xgboost_params, size = nreps)
> 
> # tune the dart booster
> dart.param <-
+   list(
+     booster = "dart",
+     objective = "reg:logistic",
+     eval_metric = "rmse",
+     nthread = wkrs,
+     max_depth = xgboost_params$tree_depth[index],
+     eta = xgboost_params$eta[index],
+     gamma = xgboost_params$gamma[index],
+     subsample = xgboost_params$subsample[index],
+     rate_drop = xgboost_params$rate_drop[index],
+     skip_drop = xgboost_params$skip_drop[index]
+   )
> dart.cv <- xgboost::xgb.cv(
+   params = dart.param,
+   nrounds = xgboost_params$nrounds[index],
+   data = as.matrix(clf[, -1]),
+   nfold = 5,
+   label = clf$snowballing_pvalue,
+   early_stopping_rounds = 50
+ )
[1]	train-rmse:0.415730+0.001008	test-rmse:0.415884+0.004037 
Multiple eval metrics are present. Will use test_rmse for early stopping.
Will train until test_rmse hasn't improved in 50 rounds.

[2]	train-rmse:0.413759+0.001013	test-rmse:0.414095+0.004024 
[3]	train-rmse:0.411825+0.000998	test-rmse:0.412331+0.003999 
[4]	train-rmse:0.409895+0.000986	test-rmse:0.410589+0.003970 
[5]	train-rmse:0.408260+0.001199	test-rmse:0.409118+0.003965 
[6]	train-rmse:0.406363+0.001201	test-rmse:0.407391+0.003968 
[7]	train-rmse:0.404486+0.001211	test-rmse:0.405682+0.003949 
[8]	train-rmse:0.403450+0.001433	test-rmse:0.404762+0.004157 
[9]	train-rmse:0.401847+0.001250	test-rmse:0.403331+0.004585 
[10]	train-rmse:0.400509+0.001357	test-rmse:0.402123+0.004606 
[11]	train-rmse:0.398854+0.001277	test-rmse:0.400607+0.004623 
[12]	train-rmse:0.397549+0.001802	test-rmse:0.399406+0.004442 
[13]	train-rmse:0.395731+0.001801	test-rmse:0.397755+0.004438 
[14]	train-rmse:0.394200+0.001583	test-rmse:0.396369+0.004081 
[15]	train-rmse:0.392704+0.001346	test-rmse:0.395040+0.004525 
[16]	train-rmse:0.391509+0.001223	test-rmse:0.393976+0.004712 
[17]	train-rmse:0.389983+0.000868	test-rmse:0.392595+0.004726 
[18]	train-rmse:0.388497+0.001051	test-rmse:0.391255+0.004485 
[19]	train-rmse:0.386734+0.001076	test-rmse:0.389697+0.004473 
[20]	train-rmse:0.385286+0.000911	test-rmse:0.388409+0.004552 
[21]	train-rmse:0.384138+0.000792	test-rmse:0.387365+0.004424 
[22]	train-rmse:0.383039+0.000969	test-rmse:0.386351+0.005091 
[23]	train-rmse:0.381583+0.001113	test-rmse:0.385083+0.004999 
[24]	train-rmse:0.379853+0.001099	test-rmse:0.383554+0.004998 
[25]	train-rmse:0.378440+0.001069	test-rmse:0.382310+0.005427 
[26]	train-rmse:0.376736+0.001076	test-rmse:0.380790+0.005383 
[27]	train-rmse:0.375652+0.001100	test-rmse:0.379834+0.005048 
[28]	train-rmse:0.374574+0.001420	test-rmse:0.378901+0.004707 
[29]	train-rmse:0.372882+0.001431	test-rmse:0.377409+0.004737 
[30]	train-rmse:0.371192+0.001434	test-rmse:0.375924+0.004726 
[31]	train-rmse:0.370421+0.001044	test-rmse:0.375230+0.004634 
[32]	train-rmse:0.368762+0.001069	test-rmse:0.373782+0.004628 
[33]	train-rmse:0.367732+0.001697	test-rmse:0.372902+0.005051 
[34]	train-rmse:0.366394+0.002247	test-rmse:0.371758+0.005017 
[35]	train-rmse:0.365375+0.002594	test-rmse:0.370857+0.005109 
[36]	train-rmse:0.364077+0.002503	test-rmse:0.369736+0.004823 
[37]	train-rmse:0.363056+0.002237	test-rmse:0.368827+0.004986 
[38]	train-rmse:0.362051+0.002138	test-rmse:0.367911+0.005535 
[39]	train-rmse:0.361039+0.001739	test-rmse:0.366988+0.005422 
[40]	train-rmse:0.360034+0.001788	test-rmse:0.366104+0.005698 
[41]	train-rmse:0.359038+0.002197	test-rmse:0.365227+0.005510 
[42]	train-rmse:0.358352+0.002314	test-rmse:0.364588+0.005961 
[43]	train-rmse:0.356758+0.002310	test-rmse:0.363234+0.005985 
[44]	train-rmse:0.355788+0.002420	test-rmse:0.362322+0.006058 
[45]	train-rmse:0.354808+0.002710	test-rmse:0.361464+0.006118 
[46]	train-rmse:0.353268+0.002687	test-rmse:0.360113+0.006127 
[47]	train-rmse:0.351723+0.002670	test-rmse:0.358733+0.006136 
[48]	train-rmse:0.350485+0.002811	test-rmse:0.357646+0.006353 
[49]	train-rmse:0.348955+0.002776	test-rmse:0.356323+0.006353 
[50]	train-rmse:0.347412+0.002757	test-rmse:0.355017+0.006317 
[51]	train-rmse:0.346755+0.002565	test-rmse:0.354505+0.006185 
[52]	train-rmse:0.345240+0.002546	test-rmse:0.353185+0.006189 
[53]	train-rmse:0.344034+0.002915	test-rmse:0.352184+0.006093 
[54]	train-rmse:0.343102+0.002571	test-rmse:0.351362+0.005942 
[55]	train-rmse:0.341609+0.002556	test-rmse:0.350073+0.005954 
[56]	train-rmse:0.340419+0.002970	test-rmse:0.349067+0.005912 
[57]	train-rmse:0.339212+0.002600	test-rmse:0.348029+0.005577 
[58]	train-rmse:0.337750+0.002602	test-rmse:0.346764+0.005575 
[59]	train-rmse:0.336288+0.002588	test-rmse:0.345511+0.005569 
[60]	train-rmse:0.335407+0.002691	test-rmse:0.344752+0.006100 
[61]	train-rmse:0.334247+0.002499	test-rmse:0.343733+0.005989 
[62]	train-rmse:0.333087+0.002102	test-rmse:0.342743+0.005638 
[63]	train-rmse:0.331653+0.002089	test-rmse:0.341535+0.005661 
[64]	train-rmse:0.330233+0.002078	test-rmse:0.340353+0.005689 
[65]	train-rmse:0.329379+0.001931	test-rmse:0.339607+0.005905 
[66]	train-rmse:0.328517+0.002308	test-rmse:0.338901+0.005747 
[67]	train-rmse:0.327661+0.001963	test-rmse:0.338191+0.005750 
[68]	train-rmse:0.326297+0.001954	test-rmse:0.337020+0.005784 
[69]	train-rmse:0.325192+0.001649	test-rmse:0.336102+0.005502 
[70]	train-rmse:0.324077+0.002144	test-rmse:0.335188+0.005349 
[71]	train-rmse:0.323231+0.002022	test-rmse:0.334495+0.005417 
[72]	train-rmse:0.322666+0.001912	test-rmse:0.334017+0.005443 
[73]	train-rmse:0.321819+0.002291	test-rmse:0.333333+0.004988 
[74]	train-rmse:0.320742+0.002720	test-rmse:0.332423+0.004812 
[75]	train-rmse:0.319405+0.002721	test-rmse:0.331290+0.004807 
[76]	train-rmse:0.318333+0.003162	test-rmse:0.330425+0.004680 
[77]	train-rmse:0.317773+0.003346	test-rmse:0.329975+0.004471 
[78]	train-rmse:0.316971+0.003131	test-rmse:0.329276+0.004983 
[79]	train-rmse:0.316173+0.002957	test-rmse:0.328611+0.005233 
[80]	train-rmse:0.315361+0.003206	test-rmse:0.327955+0.005302 
[81]	train-rmse:0.314560+0.003126	test-rmse:0.327271+0.005807 
[82]	train-rmse:0.313255+0.003134	test-rmse:0.326207+0.005824 
[83]	train-rmse:0.312211+0.003297	test-rmse:0.325353+0.006164 
[84]	train-rmse:0.311427+0.003447	test-rmse:0.324690+0.005998 
[85]	train-rmse:0.310413+0.003868	test-rmse:0.323879+0.005913 
[86]	train-rmse:0.309384+0.003734	test-rmse:0.323034+0.006110 
[87]	train-rmse:0.308612+0.003423	test-rmse:0.322385+0.006213 
[88]	train-rmse:0.308084+0.003070	test-rmse:0.321946+0.006152 
[89]	train-rmse:0.307062+0.002874	test-rmse:0.321108+0.005882 
[90]	train-rmse:0.306059+0.002673	test-rmse:0.320250+0.005861 
[91]	train-rmse:0.305291+0.002957	test-rmse:0.319674+0.005476 
[92]	train-rmse:0.304048+0.002949	test-rmse:0.318652+0.005530 
[93]	train-rmse:0.303550+0.003280	test-rmse:0.318244+0.005864 
[94]	train-rmse:0.302795+0.002933	test-rmse:0.317625+0.005555 
[95]	train-rmse:0.301578+0.002944	test-rmse:0.316645+0.005586 
[96]	train-rmse:0.300604+0.003392	test-rmse:0.315882+0.005460 
[97]	train-rmse:0.299885+0.003159	test-rmse:0.315271+0.005176 
[98]	train-rmse:0.299139+0.003419	test-rmse:0.314693+0.005255 
[99]	train-rmse:0.297927+0.003412	test-rmse:0.313708+0.005317 
[100]	train-rmse:0.296962+0.003872	test-rmse:0.312961+0.005205 
[101]	train-rmse:0.296235+0.003682	test-rmse:0.312372+0.005638 
[102]	train-rmse:0.295514+0.003386	test-rmse:0.311750+0.005847 
[103]	train-rmse:0.294578+0.003829	test-rmse:0.311026+0.005769 
[104]	train-rmse:0.293411+0.003831	test-rmse:0.310100+0.005826 
[105]	train-rmse:0.292460+0.003694	test-rmse:0.309328+0.005820 
[106]	train-rmse:0.291304+0.003681	test-rmse:0.308409+0.005866 
[107]	train-rmse:0.290132+0.003667	test-rmse:0.307533+0.005894 
[108]	train-rmse:0.289210+0.003520	test-rmse:0.306783+0.005649 
[109]	train-rmse:0.288309+0.003956	test-rmse:0.306070+0.005544 
[110]	train-rmse:0.287388+0.003887	test-rmse:0.305324+0.005769 
[111]	train-rmse:0.286495+0.004317	test-rmse:0.304659+0.005715 
[112]	train-rmse:0.285596+0.004301	test-rmse:0.303966+0.005944 
[113]	train-rmse:0.284696+0.004726	test-rmse:0.303277+0.005865 
[114]	train-rmse:0.283585+0.004706	test-rmse:0.302436+0.005871 
[115]	train-rmse:0.282489+0.004694	test-rmse:0.301558+0.005928 
[116]	train-rmse:0.281834+0.004979	test-rmse:0.301080+0.005603 
[117]	train-rmse:0.281176+0.005267	test-rmse:0.300561+0.005565 
[118]	train-rmse:0.280502+0.005117	test-rmse:0.300076+0.005495 
[119]	train-rmse:0.279845+0.005364	test-rmse:0.299582+0.005607 
[120]	train-rmse:0.279192+0.005193	test-rmse:0.299071+0.005805 
[121]	train-rmse:0.278319+0.005189	test-rmse:0.298415+0.006015 
[122]	train-rmse:0.277869+0.004975	test-rmse:0.298049+0.005982 
[123]	train-rmse:0.277231+0.004672	test-rmse:0.297558+0.005926 
[124]	train-rmse:0.276165+0.004663	test-rmse:0.296719+0.005972 
[125]	train-rmse:0.275542+0.005084	test-rmse:0.296269+0.006070 
[126]	train-rmse:0.274483+0.005070	test-rmse:0.295447+0.006142 
[127]	train-rmse:0.273649+0.005134	test-rmse:0.294827+0.006357 
[128]	train-rmse:0.272805+0.004963	test-rmse:0.294196+0.006404 
[129]	train-rmse:0.271772+0.004948	test-rmse:0.293393+0.006454 
[130]	train-rmse:0.270730+0.004923	test-rmse:0.292585+0.006505 
[131]	train-rmse:0.269916+0.004837	test-rmse:0.291960+0.006334 
[132]	train-rmse:0.269094+0.004776	test-rmse:0.291326+0.006173 
[133]	train-rmse:0.268291+0.004856	test-rmse:0.290718+0.006402 
[134]	train-rmse:0.267481+0.004951	test-rmse:0.290085+0.006634 
[135]	train-rmse:0.267467+0.004951	test-rmse:0.290075+0.006634 
[136]	train-rmse:0.266872+0.004860	test-rmse:0.289587+0.007005 
[137]	train-rmse:0.266086+0.004654	test-rmse:0.288983+0.007172 
[138]	train-rmse:0.265296+0.004476	test-rmse:0.288389+0.007198 
[139]	train-rmse:0.264505+0.004660	test-rmse:0.287788+0.007410 
[140]	train-rmse:0.263913+0.004701	test-rmse:0.287323+0.007630 
[141]	train-rmse:0.263101+0.004580	test-rmse:0.286750+0.007478 
[142]	train-rmse:0.262498+0.004280	test-rmse:0.286260+0.007439 
[143]	train-rmse:0.261544+0.004255	test-rmse:0.285543+0.007488 
[144]	train-rmse:0.260774+0.004446	test-rmse:0.284954+0.007727 
[145]	train-rmse:0.260020+0.004673	test-rmse:0.284387+0.007948 
[146]	train-rmse:0.259071+0.004658	test-rmse:0.283698+0.007980 
[147]	train-rmse:0.258130+0.004641	test-rmse:0.283005+0.008044 
[148]	train-rmse:0.257196+0.004627	test-rmse:0.282310+0.008095 
[149]	train-rmse:0.256429+0.004427	test-rmse:0.281730+0.008259 
[150]	train-rmse:0.255500+0.004399	test-rmse:0.281071+0.008311 
[151]	train-rmse:0.254933+0.004024	test-rmse:0.280642+0.008502 
[152]	train-rmse:0.254198+0.004272	test-rmse:0.280121+0.008690 
[153]	train-rmse:0.253834+0.004207	test-rmse:0.279823+0.009028 
[154]	train-rmse:0.253114+0.004063	test-rmse:0.279302+0.009098 
[155]	train-rmse:0.252381+0.004339	test-rmse:0.278762+0.009300 
[156]	train-rmse:0.251485+0.004335	test-rmse:0.278102+0.009327 
[157]	train-rmse:0.250595+0.004347	test-rmse:0.277470+0.009367 
[158]	train-rmse:0.250066+0.004759	test-rmse:0.277104+0.009382 
[159]	train-rmse:0.249875+0.004490	test-rmse:0.276961+0.009231 
[160]	train-rmse:0.249165+0.004352	test-rmse:0.276456+0.009317 
[161]	train-rmse:0.248280+0.004360	test-rmse:0.275831+0.009332 
[162]	train-rmse:0.247552+0.004226	test-rmse:0.275341+0.009227 
[163]	train-rmse:0.247193+0.004081	test-rmse:0.275057+0.009215 
[164]	train-rmse:0.246508+0.003974	test-rmse:0.274589+0.009285 
[165]	train-rmse:0.245808+0.004160	test-rmse:0.274097+0.009158 
[166]	train-rmse:0.244949+0.004151	test-rmse:0.273514+0.009226 
[167]	train-rmse:0.244249+0.004369	test-rmse:0.273021+0.009405 
[168]	train-rmse:0.244075+0.004552	test-rmse:0.272929+0.009320 
[169]	train-rmse:0.243388+0.004358	test-rmse:0.272431+0.009434 
[170]	train-rmse:0.242527+0.004337	test-rmse:0.271849+0.009485 
[171]	train-rmse:0.241681+0.004342	test-rmse:0.271261+0.009518 
[172]	train-rmse:0.241018+0.004249	test-rmse:0.270782+0.009573 
[173]	train-rmse:0.240204+0.004225	test-rmse:0.270211+0.009629 
[174]	train-rmse:0.239867+0.004144	test-rmse:0.269960+0.009755 
[175]	train-rmse:0.239522+0.003998	test-rmse:0.269727+0.009598 
[176]	train-rmse:0.238846+0.003881	test-rmse:0.269300+0.009500 
[177]	train-rmse:0.238354+0.003988	test-rmse:0.268960+0.009703 
[178]	train-rmse:0.237693+0.004145	test-rmse:0.268536+0.009555 
[179]	train-rmse:0.237208+0.003868	test-rmse:0.268203+0.009571 
[180]	train-rmse:0.236404+0.003870	test-rmse:0.267680+0.009620 
[181]	train-rmse:0.235596+0.003858	test-rmse:0.267136+0.009654 
[182]	train-rmse:0.234953+0.004076	test-rmse:0.266724+0.009793 
[183]	train-rmse:0.234481+0.004450	test-rmse:0.266433+0.009761 
[184]	train-rmse:0.233839+0.004321	test-rmse:0.265996+0.009838 
[185]	train-rmse:0.233071+0.004310	test-rmse:0.265484+0.009887 
[186]	train-rmse:0.232453+0.004447	test-rmse:0.265067+0.009768 
[187]	train-rmse:0.231836+0.004656	test-rmse:0.264673+0.009898 
[188]	train-rmse:0.231206+0.004872	test-rmse:0.264308+0.010017 
[189]	train-rmse:0.230442+0.004840	test-rmse:0.263828+0.010093 
[190]	train-rmse:0.229819+0.004664	test-rmse:0.263399+0.010211 
[191]	train-rmse:0.229214+0.004559	test-rmse:0.262989+0.010300 
[192]	train-rmse:0.228439+0.004536	test-rmse:0.262477+0.010358 
[193]	train-rmse:0.227686+0.004526	test-rmse:0.261976+0.010414 
[194]	train-rmse:0.227384+0.004742	test-rmse:0.261789+0.010487 
[195]	train-rmse:0.226644+0.004725	test-rmse:0.261304+0.010547 
[196]	train-rmse:0.226054+0.004589	test-rmse:0.260895+0.010686 
[197]	train-rmse:0.225622+0.004931	test-rmse:0.260641+0.010688 
[198]	train-rmse:0.224877+0.004948	test-rmse:0.260201+0.010764 
[199]	train-rmse:0.224300+0.004813	test-rmse:0.259803+0.010841 
[200]	train-rmse:0.223575+0.004799	test-rmse:0.259321+0.010889 
[201]	train-rmse:0.223004+0.004673	test-rmse:0.258906+0.011023 
[202]	train-rmse:0.222423+0.004806	test-rmse:0.258519+0.010908 
[203]	train-rmse:0.221703+0.004800	test-rmse:0.258045+0.010933 
[204]	train-rmse:0.221140+0.004991	test-rmse:0.257678+0.011057 
[205]	train-rmse:0.220430+0.004968	test-rmse:0.257200+0.011087 
[206]	train-rmse:0.219718+0.004960	test-rmse:0.256787+0.011147 
[207]	train-rmse:0.219305+0.005050	test-rmse:0.256516+0.011348 
[208]	train-rmse:0.219016+0.005057	test-rmse:0.256319+0.011581 
[209]	train-rmse:0.218602+0.005092	test-rmse:0.256053+0.011586 
[210]	train-rmse:0.218057+0.005293	test-rmse:0.255732+0.011695 
[211]	train-rmse:0.217383+0.005272	test-rmse:0.255311+0.011739 
[212]	train-rmse:0.216699+0.005259	test-rmse:0.254882+0.011788 
[213]	train-rmse:0.216167+0.005161	test-rmse:0.254549+0.011865 
[214]	train-rmse:0.215616+0.005084	test-rmse:0.254214+0.011960 
[215]	train-rmse:0.215080+0.005192	test-rmse:0.253881+0.011868 
[216]	train-rmse:0.214416+0.005190	test-rmse:0.253482+0.011892 
[217]	train-rmse:0.214018+0.005026	test-rmse:0.253207+0.012017 
[218]	train-rmse:0.213748+0.004716	test-rmse:0.253018+0.012078 
[219]	train-rmse:0.213352+0.004572	test-rmse:0.252741+0.012208 
[220]	train-rmse:0.212705+0.004553	test-rmse:0.252322+0.012226 
[221]	train-rmse:0.212175+0.004376	test-rmse:0.252006+0.012174 
[222]	train-rmse:0.211653+0.004274	test-rmse:0.251685+0.012245 
[223]	train-rmse:0.211398+0.004228	test-rmse:0.251526+0.012289 
[224]	train-rmse:0.210893+0.004411	test-rmse:0.251240+0.012397 
[225]	train-rmse:0.210252+0.004391	test-rmse:0.250836+0.012418 
[226]	train-rmse:0.209870+0.004261	test-rmse:0.250571+0.012567 
[227]	train-rmse:0.209495+0.004400	test-rmse:0.250326+0.012702 
[228]	train-rmse:0.208848+0.004396	test-rmse:0.249964+0.012706 
[229]	train-rmse:0.208212+0.004384	test-rmse:0.249581+0.012760 
[230]	train-rmse:0.207587+0.004376	test-rmse:0.249229+0.012767 
[231]	train-rmse:0.207335+0.004362	test-rmse:0.249087+0.012846 
[232]	train-rmse:0.206725+0.004352	test-rmse:0.248709+0.012890 
[233]	train-rmse:0.206345+0.004349	test-rmse:0.248496+0.012826 
[234]	train-rmse:0.205735+0.004330	test-rmse:0.248143+0.012853 
[235]	train-rmse:0.205122+0.004313	test-rmse:0.247774+0.012889 
[236]	train-rmse:0.204728+0.004230	test-rmse:0.247585+0.012747 
[237]	train-rmse:0.204241+0.004160	test-rmse:0.247312+0.012842 
[238]	train-rmse:0.203756+0.004227	test-rmse:0.247046+0.012760 
[239]	train-rmse:0.203167+0.004214	test-rmse:0.246695+0.012782 
[240]	train-rmse:0.202698+0.004389	test-rmse:0.246456+0.012838 
[241]	train-rmse:0.202215+0.004342	test-rmse:0.246164+0.012929 
[242]	train-rmse:0.201865+0.004486	test-rmse:0.245955+0.013067 
[243]	train-rmse:0.201267+0.004478	test-rmse:0.245611+0.013061 
[244]	train-rmse:0.200803+0.004332	test-rmse:0.245316+0.013016 
[245]	train-rmse:0.200354+0.004235	test-rmse:0.245044+0.013103 
[246]	train-rmse:0.199767+0.004224	test-rmse:0.244693+0.013140 
[247]	train-rmse:0.199307+0.004278	test-rmse:0.244466+0.013088 
[248]	train-rmse:0.198746+0.004258	test-rmse:0.244149+0.013105 
[249]	train-rmse:0.198287+0.004434	test-rmse:0.243909+0.013175 
[250]	train-rmse:0.197834+0.004599	test-rmse:0.243655+0.013248 
[251]	train-rmse:0.197373+0.004459	test-rmse:0.243410+0.013230 
[252]	train-rmse:0.197136+0.004358	test-rmse:0.243296+0.013164 
[253]	train-rmse:0.196916+0.004522	test-rmse:0.243173+0.013175 
[254]	train-rmse:0.196480+0.004436	test-rmse:0.242902+0.013220 
[255]	train-rmse:0.196034+0.004311	test-rmse:0.242659+0.013210 
[256]	train-rmse:0.195483+0.004297	test-rmse:0.242364+0.013234 
[257]	train-rmse:0.195138+0.004401	test-rmse:0.242198+0.013288 
[258]	train-rmse:0.194571+0.004377	test-rmse:0.241920+0.013296 
[259]	train-rmse:0.194135+0.004323	test-rmse:0.241693+0.013378 
[260]	train-rmse:0.194023+0.004148	test-rmse:0.241636+0.013347 
[261]	train-rmse:0.193802+0.004156	test-rmse:0.241517+0.013400 
[262]	train-rmse:0.193355+0.004210	test-rmse:0.241304+0.013342 
[263]	train-rmse:0.192829+0.004185	test-rmse:0.241017+0.013372 
[264]	train-rmse:0.192509+0.004064	test-rmse:0.240833+0.013493 
[265]	train-rmse:0.191991+0.004061	test-rmse:0.240523+0.013518 
[266]	train-rmse:0.191462+0.004054	test-rmse:0.240255+0.013529 
[267]	train-rmse:0.190939+0.004054	test-rmse:0.239979+0.013541 
[268]	train-rmse:0.190411+0.004033	test-rmse:0.239691+0.013575 
[269]	train-rmse:0.190102+0.004033	test-rmse:0.239536+0.013563 
[270]	train-rmse:0.189798+0.003970	test-rmse:0.239372+0.013440 
[271]	train-rmse:0.189384+0.004048	test-rmse:0.239175+0.013377 
[272]	train-rmse:0.188983+0.004193	test-rmse:0.238978+0.013428 
[273]	train-rmse:0.188672+0.004152	test-rmse:0.238817+0.013305 
[274]	train-rmse:0.188156+0.004129	test-rmse:0.238532+0.013329 
[275]	train-rmse:0.187748+0.004212	test-rmse:0.238328+0.013277 
[276]	train-rmse:0.187344+0.004149	test-rmse:0.238129+0.013351 
[277]	train-rmse:0.186846+0.004147	test-rmse:0.237876+0.013405 
[278]	train-rmse:0.186557+0.004373	test-rmse:0.237737+0.013398 
[279]	train-rmse:0.186056+0.004349	test-rmse:0.237467+0.013423 
[280]	train-rmse:0.185551+0.004343	test-rmse:0.237206+0.013462 
[281]	train-rmse:0.185149+0.004224	test-rmse:0.237015+0.013450 
[282]	train-rmse:0.184651+0.004225	test-rmse:0.236764+0.013462 
[283]	train-rmse:0.184182+0.004206	test-rmse:0.236493+0.013488 
[284]	train-rmse:0.183899+0.004431	test-rmse:0.236354+0.013462 
[285]	train-rmse:0.183702+0.004198	test-rmse:0.236231+0.013527 
[286]	train-rmse:0.183312+0.004098	test-rmse:0.236016+0.013549 
[287]	train-rmse:0.183038+0.004154	test-rmse:0.235882+0.013549 
[288]	train-rmse:0.182744+0.004230	test-rmse:0.235726+0.013663 
[289]	train-rmse:0.182274+0.004227	test-rmse:0.235471+0.013715 
[290]	train-rmse:0.181907+0.004127	test-rmse:0.235289+0.013701 
[291]	train-rmse:0.181637+0.004337	test-rmse:0.235169+0.013679 
[292]	train-rmse:0.181173+0.004331	test-rmse:0.234951+0.013691 
[293]	train-rmse:0.180725+0.004313	test-rmse:0.234726+0.013739 
[294]	train-rmse:0.180440+0.004317	test-rmse:0.234595+0.013643 
[295]	train-rmse:0.180175+0.004349	test-rmse:0.234453+0.013722 
[296]	train-rmse:0.179905+0.004397	test-rmse:0.234315+0.013793 
[297]	train-rmse:0.179635+0.004480	test-rmse:0.234206+0.013882 
[298]	train-rmse:0.179181+0.004462	test-rmse:0.234006+0.013916 
[299]	train-rmse:0.178745+0.004433	test-rmse:0.233783+0.013963 
[300]	train-rmse:0.178382+0.004388	test-rmse:0.233628+0.014017 
[301]	train-rmse:0.178006+0.004483	test-rmse:0.233470+0.013988 
[302]	train-rmse:0.177661+0.004613	test-rmse:0.233279+0.014047 
[303]	train-rmse:0.177400+0.004660	test-rmse:0.233161+0.014046 
[304]	train-rmse:0.177049+0.004745	test-rmse:0.233004+0.014000 
[305]	train-rmse:0.176618+0.004738	test-rmse:0.232810+0.014021 
[306]	train-rmse:0.176348+0.004606	test-rmse:0.232677+0.014065 
[307]	train-rmse:0.176082+0.004482	test-rmse:0.232542+0.014157 
[308]	train-rmse:0.175901+0.004273	test-rmse:0.232448+0.014205 
[309]	train-rmse:0.175461+0.004277	test-rmse:0.232267+0.014239 
[310]	train-rmse:0.175037+0.004265	test-rmse:0.232079+0.014288 
[311]	train-rmse:0.174690+0.004167	test-rmse:0.231913+0.014309 
[312]	train-rmse:0.174426+0.004037	test-rmse:0.231789+0.014350 
[313]	train-rmse:0.174001+0.004018	test-rmse:0.231567+0.014380 
[314]	train-rmse:0.173654+0.004003	test-rmse:0.231412+0.014429 
[315]	train-rmse:0.173396+0.003818	test-rmse:0.231312+0.014413 
[316]	train-rmse:0.172981+0.003811	test-rmse:0.231105+0.014444 
[317]	train-rmse:0.172740+0.003863	test-rmse:0.230988+0.014440 
[318]	train-rmse:0.172333+0.003864	test-rmse:0.230810+0.014461 
[319]	train-rmse:0.171997+0.003759	test-rmse:0.230655+0.014448 
[320]	train-rmse:0.171826+0.003855	test-rmse:0.230601+0.014391 
[321]	train-rmse:0.171506+0.003931	test-rmse:0.230481+0.014375 
[322]	train-rmse:0.171191+0.003918	test-rmse:0.230325+0.014443 
[323]	train-rmse:0.170858+0.003924	test-rmse:0.230153+0.014511 
[324]	train-rmse:0.170683+0.003729	test-rmse:0.230054+0.014566 
[325]	train-rmse:0.170367+0.003826	test-rmse:0.229930+0.014616 
[326]	train-rmse:0.169959+0.003816	test-rmse:0.229732+0.014652 
[327]	train-rmse:0.169640+0.003720	test-rmse:0.229590+0.014680 
[328]	train-rmse:0.169398+0.003790	test-rmse:0.229490+0.014697 
[329]	train-rmse:0.169008+0.003794	test-rmse:0.229316+0.014688 
[330]	train-rmse:0.168620+0.003799	test-rmse:0.229144+0.014716 
[331]	train-rmse:0.168467+0.003711	test-rmse:0.229066+0.014670 
[332]	train-rmse:0.168148+0.003803	test-rmse:0.228943+0.014635 
[333]	train-rmse:0.167906+0.003809	test-rmse:0.228860+0.014577 
[334]	train-rmse:0.167599+0.003720	test-rmse:0.228737+0.014558 
[335]	train-rmse:0.167290+0.003808	test-rmse:0.228605+0.014521 
[336]	train-rmse:0.166976+0.003717	test-rmse:0.228493+0.014541 
[337]	train-rmse:0.166676+0.003787	test-rmse:0.228373+0.014580 
[338]	train-rmse:0.166296+0.003779	test-rmse:0.228197+0.014613 
[339]	train-rmse:0.165910+0.003772	test-rmse:0.228054+0.014643 
[340]	train-rmse:0.165612+0.003711	test-rmse:0.227943+0.014659 
[341]	train-rmse:0.165391+0.003877	test-rmse:0.227890+0.014668 
[342]	train-rmse:0.165097+0.003786	test-rmse:0.227761+0.014714 
[343]	train-rmse:0.164736+0.003777	test-rmse:0.227629+0.014744 
[344]	train-rmse:0.164513+0.003772	test-rmse:0.227518+0.014785 
[345]	train-rmse:0.164295+0.003787	test-rmse:0.227452+0.014770 
[346]	train-rmse:0.164079+0.003847	test-rmse:0.227385+0.014827 
[347]	train-rmse:0.163706+0.003839	test-rmse:0.227225+0.014869 
[348]	train-rmse:0.163339+0.003830	test-rmse:0.227090+0.014910 
[349]	train-rmse:0.163128+0.003993	test-rmse:0.227009+0.014874 
[350]	train-rmse:0.162916+0.004000	test-rmse:0.226942+0.014869 
[351]	train-rmse:0.162553+0.003988	test-rmse:0.226776+0.014905 
[352]	train-rmse:0.162346+0.003890	test-rmse:0.226688+0.014964 
[353]	train-rmse:0.162064+0.003818	test-rmse:0.226576+0.014952 
[354]	train-rmse:0.161707+0.003808	test-rmse:0.226435+0.015005 
[355]	train-rmse:0.161349+0.003805	test-rmse:0.226321+0.015021 
[356]	train-rmse:0.161069+0.003772	test-rmse:0.226222+0.015073 
[357]	train-rmse:0.160855+0.003783	test-rmse:0.226141+0.015020 
[358]	train-rmse:0.160658+0.003937	test-rmse:0.226080+0.015005 
[359]	train-rmse:0.160379+0.003896	test-rmse:0.225988+0.015038 
[360]	train-rmse:0.160106+0.003828	test-rmse:0.225905+0.015050 
[361]	train-rmse:0.159900+0.003684	test-rmse:0.225831+0.015064 
[362]	train-rmse:0.159677+0.003530	test-rmse:0.225754+0.015097 
[363]	train-rmse:0.159475+0.003423	test-rmse:0.225688+0.015150 
[364]	train-rmse:0.159190+0.003490	test-rmse:0.225579+0.015188 
[365]	train-rmse:0.158996+0.003503	test-rmse:0.225500+0.015169 
[366]	train-rmse:0.158726+0.003487	test-rmse:0.225406+0.015214 
[367]	train-rmse:0.158451+0.003559	test-rmse:0.225314+0.015233 
[368]	train-rmse:0.158177+0.003535	test-rmse:0.225227+0.015279 
[369]	train-rmse:0.157901+0.003460	test-rmse:0.225135+0.015247 
[370]	train-rmse:0.157572+0.003456	test-rmse:0.225011+0.015248 
[371]	train-rmse:0.157239+0.003463	test-rmse:0.224909+0.015271 
[372]	train-rmse:0.156894+0.003451	test-rmse:0.224824+0.015285 
[373]	train-rmse:0.156694+0.003450	test-rmse:0.224759+0.015268 
[374]	train-rmse:0.156556+0.003386	test-rmse:0.224698+0.015297 
[375]	train-rmse:0.156286+0.003468	test-rmse:0.224627+0.015327 
[376]	train-rmse:0.156100+0.003522	test-rmse:0.224550+0.015342 
[377]	train-rmse:0.155841+0.003470	test-rmse:0.224457+0.015317 
[378]	train-rmse:0.155511+0.003466	test-rmse:0.224324+0.015337 
[379]	train-rmse:0.155263+0.003379	test-rmse:0.224241+0.015360 
[380]	train-rmse:0.154953+0.003366	test-rmse:0.224139+0.015377 
[381]	train-rmse:0.154691+0.003320	test-rmse:0.224026+0.015364 
[382]	train-rmse:0.154379+0.003335	test-rmse:0.223934+0.015394 
[383]	train-rmse:0.154118+0.003421	test-rmse:0.223844+0.015377 
[384]	train-rmse:0.153883+0.003353	test-rmse:0.223754+0.015408 
[385]	train-rmse:0.153562+0.003345	test-rmse:0.223650+0.015410 
[386]	train-rmse:0.153237+0.003363	test-rmse:0.223537+0.015432 
[387]	train-rmse:0.153047+0.003423	test-rmse:0.223447+0.015445 
[388]	train-rmse:0.152919+0.003405	test-rmse:0.223405+0.015495 
[389]	train-rmse:0.152605+0.003399	test-rmse:0.223305+0.015555 
[390]	train-rmse:0.152480+0.003393	test-rmse:0.223267+0.015564 
[391]	train-rmse:0.152168+0.003401	test-rmse:0.223155+0.015583 
[392]	train-rmse:0.151927+0.003474	test-rmse:0.223094+0.015556 
[393]	train-rmse:0.151673+0.003413	test-rmse:0.222992+0.015571 
[394]	train-rmse:0.151497+0.003431	test-rmse:0.222941+0.015546 
[395]	train-rmse:0.151195+0.003431	test-rmse:0.222829+0.015570 
[396]	train-rmse:0.151026+0.003473	test-rmse:0.222769+0.015611 
[397]	train-rmse:0.150719+0.003475	test-rmse:0.222690+0.015609 
[398]	train-rmse:0.150419+0.003468	test-rmse:0.222634+0.015629 
[399]	train-rmse:0.150127+0.003456	test-rmse:0.222541+0.015651 
[400]	train-rmse:0.149847+0.003453	test-rmse:0.222450+0.015669 
[401]	train-rmse:0.149675+0.003384	test-rmse:0.222392+0.015714 
[402]	train-rmse:0.149391+0.003379	test-rmse:0.222309+0.015744 
[403]	train-rmse:0.149161+0.003440	test-rmse:0.222223+0.015783 
[404]	train-rmse:0.148942+0.003502	test-rmse:0.222148+0.015748 
[405]	train-rmse:0.148650+0.003514	test-rmse:0.222039+0.015756 
[406]	train-rmse:0.148363+0.003513	test-rmse:0.221943+0.015766 
[407]	train-rmse:0.148205+0.003636	test-rmse:0.221892+0.015751 
[408]	train-rmse:0.147986+0.003579	test-rmse:0.221843+0.015770 
[409]	train-rmse:0.147694+0.003584	test-rmse:0.221773+0.015789 
[410]	train-rmse:0.147401+0.003588	test-rmse:0.221688+0.015812 
[411]	train-rmse:0.147112+0.003586	test-rmse:0.221595+0.015830 
[412]	train-rmse:0.146879+0.003668	test-rmse:0.221522+0.015822 
[413]	train-rmse:0.146703+0.003585	test-rmse:0.221460+0.015869 
[414]	train-rmse:0.146489+0.003544	test-rmse:0.221373+0.015901 
[415]	train-rmse:0.146325+0.003671	test-rmse:0.221359+0.015899 
[416]	train-rmse:0.146155+0.003604	test-rmse:0.221328+0.015917 
[417]	train-rmse:0.146043+0.003686	test-rmse:0.221299+0.015915 
[418]	train-rmse:0.145879+0.003573	test-rmse:0.221249+0.015917 
[419]	train-rmse:0.145768+0.003558	test-rmse:0.221215+0.015960 
[420]	train-rmse:0.145481+0.003550	test-rmse:0.221134+0.015982 
[421]	train-rmse:0.145253+0.003631	test-rmse:0.221089+0.015957 
> hgrid <-
+   dplyr::bind_cols(xgboost_params[index, ], dart.cv$evaluation_log[dart.cv$best_iteration, ], best_iter = dart.cv$best_iteration)
> 
> # write result
> fname <- file.path('data-raw', 'tune', year, 'array', paste0('tune_', index, '.tsv'))
> readr::write_tsv(hgrid, file = fname)
> 
