> 
> # parse arguments
> args <- R.utils::commandArgs(trailingOnly = FALSE, asValues = TRUE)
> index <- as.integer(args$index)
> year <- as.character(args$year)
> nreps <- as.integer(args$nreps)
> seed <- as.integer(args$seed)
> 
> # get number of cores
> wkrs <- length(future::availableWorkers())
> 
> # set seed
> set.seed(seed)
> 
> # read and prepare the cluster features
> fp <- file.path('data-raw', 'features', year)
> clf <-
+   read_features(fp, pattern = 'paris.', recursive = FALSE)
> clf <- prepare_features(
+   clf,
+   feature_map = feature_map,
+   category = c('response', 'bio', 'net'),
+   type = 'list',
+   exclusions = c(
+     'mg2_pairs_count',
+     'mg2_not_pairs_count',
+     'mg2_portion_families_recovered',
+     'cluster_origin',
+     'bocc_origin',
+     'cluster_method',
+     'subcluster_method',
+     'year',
+     'IDs',
+     'go_sig_threshold',
+     'num_new_edges_on_any_node',
+     'HPO_ratio'
+   ),
+   verbose = TRUE
+ )
c('HPO_ratio', 'IDs', 'bocc_origin', 'cluster_method', 'cluster_origin', 'go_sig_threshold', 'max_norm_cell_type_comma_sep_string', 'max_norm_disease_comma_sep_string', 'mg2_not_pairs_count', 'mg2_pairs_count', 'mg2_portion_families_recovered', 'num_new_edges_on_any_node', 'sig_go_enrichment_fdr_corrected_p_vals', 'sig_go_enrichment_p_vals', 'sig_go_enrichment_terms', 'subcluster_method', 'year')

> 
> # prepare grid of parameters
> xgboost_params <- dials::parameters(
+   nrounds = dials::trees(),
+   eta = dials::learn_rate(),
+   gamma = dials::loss_reduction(),
+   dials::tree_depth(),
+   subsample = dials::sample_prop(),
+   rate_drop = dials::dropout(),
+   skip_drop = dials::dropout()
+ )
> xgboost_params <-
+   dials::grid_max_entropy(xgboost_params, size = nreps)
> 
> # tune the dart booster
> dart.param <-
+   list(
+     booster = "dart",
+     objective = "reg:logistic",
+     eval_metric = "rmse",
+     nthread = wkrs,
+     max_depth = xgboost_params$tree_depth[index],
+     eta = xgboost_params$eta[index],
+     gamma = xgboost_params$gamma[index],
+     subsample = xgboost_params$subsample[index],
+     rate_drop = xgboost_params$rate_drop[index],
+     skip_drop = xgboost_params$skip_drop[index]
+   )
> dart.cv <- xgboost::xgb.cv(
+   params = dart.param,
+   nrounds = xgboost_params$nrounds[index],
+   data = as.matrix(clf[, -1]),
+   nfold = 5,
+   label = clf$snowballing_pvalue,
+   early_stopping_rounds = 50
+ )
[1]	train-rmse:0.417345+0.001017	test-rmse:0.417345+0.004057 
Multiple eval metrics are present. Will use test_rmse for early stopping.
Will train until test_rmse hasn't improved in 50 rounds.

[2]	train-rmse:0.416980+0.001015	test-rmse:0.417006+0.004052 
[3]	train-rmse:0.416616+0.001014	test-rmse:0.416667+0.004042 
[4]	train-rmse:0.416253+0.001012	test-rmse:0.416334+0.004034 
[5]	train-rmse:0.415889+0.001011	test-rmse:0.415995+0.004030 
[6]	train-rmse:0.415574+0.001016	test-rmse:0.415707+0.004033 
[7]	train-rmse:0.415210+0.001014	test-rmse:0.415373+0.004029 
[8]	train-rmse:0.414849+0.001016	test-rmse:0.415037+0.004018 
[9]	train-rmse:0.414483+0.001015	test-rmse:0.414709+0.004013 
[10]	train-rmse:0.414119+0.001012	test-rmse:0.414366+0.004005 
[11]	train-rmse:0.413759+0.001009	test-rmse:0.414034+0.004001 
[12]	train-rmse:0.413400+0.001009	test-rmse:0.413698+0.003991 
[13]	train-rmse:0.413036+0.001006	test-rmse:0.413366+0.003989 
[14]	train-rmse:0.412711+0.001030	test-rmse:0.413062+0.003960 
[15]	train-rmse:0.412412+0.000924	test-rmse:0.412781+0.004057 
[16]	train-rmse:0.412050+0.000919	test-rmse:0.412451+0.004058 
[17]	train-rmse:0.411809+0.000984	test-rmse:0.412233+0.004018 
[18]	train-rmse:0.411453+0.000980	test-rmse:0.411899+0.004019 
[19]	train-rmse:0.411098+0.000981	test-rmse:0.411574+0.004015 
[20]	train-rmse:0.410741+0.000980	test-rmse:0.411245+0.004014 
[21]	train-rmse:0.410383+0.000983	test-rmse:0.410915+0.004012 
[22]	train-rmse:0.410028+0.000986	test-rmse:0.410588+0.004001 
[23]	train-rmse:0.409729+0.000890	test-rmse:0.410316+0.004090 
[24]	train-rmse:0.409494+0.001006	test-rmse:0.410094+0.003981 
[25]	train-rmse:0.409138+0.001009	test-rmse:0.409763+0.003978 
[26]	train-rmse:0.408846+0.001081	test-rmse:0.409498+0.003936 
[27]	train-rmse:0.408557+0.001161	test-rmse:0.409231+0.003891 
[28]	train-rmse:0.408204+0.001156	test-rmse:0.408911+0.003895 
[29]	train-rmse:0.407909+0.001230	test-rmse:0.408638+0.003870 
[30]	train-rmse:0.407554+0.001230	test-rmse:0.408313+0.003866 
[31]	train-rmse:0.407203+0.001229	test-rmse:0.407987+0.003859 
[32]	train-rmse:0.406849+0.001224	test-rmse:0.407669+0.003857 
[33]	train-rmse:0.406495+0.001222	test-rmse:0.407346+0.003853 
[34]	train-rmse:0.406144+0.001220	test-rmse:0.407023+0.003851 
[35]	train-rmse:0.405852+0.001313	test-rmse:0.406755+0.003815 
[36]	train-rmse:0.405502+0.001313	test-rmse:0.406435+0.003809 
[37]	train-rmse:0.405151+0.001315	test-rmse:0.406112+0.003805 
[38]	train-rmse:0.404799+0.001315	test-rmse:0.405789+0.003802 
[39]	train-rmse:0.404516+0.001277	test-rmse:0.405517+0.003803 
[40]	train-rmse:0.404164+0.001278	test-rmse:0.405196+0.003795 
[41]	train-rmse:0.403877+0.001188	test-rmse:0.404939+0.003899 
[42]	train-rmse:0.403525+0.001190	test-rmse:0.404622+0.003893 
[43]	train-rmse:0.403237+0.001110	test-rmse:0.404358+0.003993 
[44]	train-rmse:0.402889+0.001112	test-rmse:0.404040+0.003983 
[45]	train-rmse:0.402610+0.001143	test-rmse:0.403777+0.003913 
[46]	train-rmse:0.402325+0.001067	test-rmse:0.403520+0.004015 
[47]	train-rmse:0.402098+0.001166	test-rmse:0.403319+0.003965 
[48]	train-rmse:0.401813+0.001199	test-rmse:0.403050+0.003899 
[49]	train-rmse:0.401528+0.001146	test-rmse:0.402790+0.003893 
[50]	train-rmse:0.401244+0.001151	test-rmse:0.402536+0.003866 
[51]	train-rmse:0.400900+0.001153	test-rmse:0.402223+0.003856 
[52]	train-rmse:0.400558+0.001152	test-rmse:0.401906+0.003852 
[53]	train-rmse:0.400279+0.001254	test-rmse:0.401650+0.003818 
[54]	train-rmse:0.400000+0.001181	test-rmse:0.401396+0.003925 
[55]	train-rmse:0.399717+0.001192	test-rmse:0.401140+0.003905 
[56]	train-rmse:0.399438+0.001296	test-rmse:0.400886+0.003869 
[57]	train-rmse:0.399094+0.001298	test-rmse:0.400568+0.003869 
[58]	train-rmse:0.398812+0.001323	test-rmse:0.400317+0.003847 
[59]	train-rmse:0.398538+0.001259	test-rmse:0.400059+0.003853 
[60]	train-rmse:0.398261+0.001364	test-rmse:0.399810+0.003826 
[61]	train-rmse:0.398043+0.001407	test-rmse:0.399610+0.003898 
[62]	train-rmse:0.397767+0.001352	test-rmse:0.399349+0.003900 
[63]	train-rmse:0.397493+0.001355	test-rmse:0.399094+0.003824 
[64]	train-rmse:0.397154+0.001352	test-rmse:0.398784+0.003816 
[65]	train-rmse:0.396817+0.001358	test-rmse:0.398478+0.003809 
[66]	train-rmse:0.396476+0.001362	test-rmse:0.398167+0.003808 
[67]	train-rmse:0.396203+0.001316	test-rmse:0.397918+0.003815 
[68]	train-rmse:0.395862+0.001314	test-rmse:0.397604+0.003813 
[69]	train-rmse:0.395651+0.001197	test-rmse:0.397414+0.003922 
[70]	train-rmse:0.395441+0.001127	test-rmse:0.397220+0.003964 
[71]	train-rmse:0.395101+0.001127	test-rmse:0.396909+0.003962 
[72]	train-rmse:0.394761+0.001127	test-rmse:0.396603+0.003959 
[73]	train-rmse:0.394486+0.001125	test-rmse:0.396362+0.003930 
[74]	train-rmse:0.394148+0.001126	test-rmse:0.396058+0.003926 
[75]	train-rmse:0.393876+0.001062	test-rmse:0.395808+0.004030 
[76]	train-rmse:0.393536+0.001065	test-rmse:0.395492+0.004028 
[77]	train-rmse:0.393264+0.001181	test-rmse:0.395246+0.003995 
[78]	train-rmse:0.392986+0.001129	test-rmse:0.394997+0.004101 
[79]	train-rmse:0.392655+0.001130	test-rmse:0.394689+0.004105 
[80]	train-rmse:0.392323+0.001132	test-rmse:0.394390+0.004103 
[81]	train-rmse:0.391987+0.001135	test-rmse:0.394084+0.004096 
[82]	train-rmse:0.391713+0.001146	test-rmse:0.393835+0.004062 
[83]	train-rmse:0.391444+0.001141	test-rmse:0.393588+0.004003 
[84]	train-rmse:0.391173+0.001098	test-rmse:0.393344+0.004108 
[85]	train-rmse:0.390841+0.001099	test-rmse:0.393045+0.004107 
[86]	train-rmse:0.390511+0.001100	test-rmse:0.392740+0.004101 
[87]	train-rmse:0.390369+0.000980	test-rmse:0.392602+0.004159 
[88]	train-rmse:0.390098+0.001093	test-rmse:0.392360+0.004126 
[89]	train-rmse:0.389892+0.000988	test-rmse:0.392163+0.004246 
[90]	train-rmse:0.389623+0.000987	test-rmse:0.391924+0.004212 
[91]	train-rmse:0.389352+0.001004	test-rmse:0.391681+0.004182 
[92]	train-rmse:0.389088+0.000999	test-rmse:0.391432+0.004119 
[93]	train-rmse:0.388819+0.001029	test-rmse:0.391196+0.004093 
[94]	train-rmse:0.388612+0.001053	test-rmse:0.391008+0.004067 
[95]	train-rmse:0.388348+0.000989	test-rmse:0.390760+0.004079 
[96]	train-rmse:0.388021+0.000995	test-rmse:0.390458+0.004078 
[97]	train-rmse:0.387757+0.001109	test-rmse:0.390219+0.004042 
[98]	train-rmse:0.387429+0.001110	test-rmse:0.389913+0.004039 
[99]	train-rmse:0.387230+0.001043	test-rmse:0.389724+0.003992 
[100]	train-rmse:0.386899+0.001047	test-rmse:0.389426+0.003988 
[101]	train-rmse:0.386575+0.001045	test-rmse:0.389138+0.003978 
[102]	train-rmse:0.386309+0.000984	test-rmse:0.388898+0.004081 
[103]	train-rmse:0.385987+0.000986	test-rmse:0.388604+0.004081 
[104]	train-rmse:0.385721+0.000981	test-rmse:0.388353+0.004016 
[105]	train-rmse:0.385396+0.000985	test-rmse:0.388054+0.004011 
[106]	train-rmse:0.385073+0.000987	test-rmse:0.387767+0.004012 
[107]	train-rmse:0.384749+0.000987	test-rmse:0.387469+0.004009 
[108]	train-rmse:0.384486+0.001002	test-rmse:0.387232+0.003979 
[109]	train-rmse:0.384165+0.001004	test-rmse:0.386937+0.003978 
[110]	train-rmse:0.383843+0.001006	test-rmse:0.386639+0.003980 
[111]	train-rmse:0.383522+0.001007	test-rmse:0.386342+0.003980 
[112]	train-rmse:0.383197+0.001006	test-rmse:0.386045+0.003978 
[113]	train-rmse:0.382874+0.001007	test-rmse:0.385756+0.003972 
[114]	train-rmse:0.382553+0.001006	test-rmse:0.385462+0.003975 
[115]	train-rmse:0.382230+0.001008	test-rmse:0.385173+0.003978 
[116]	train-rmse:0.381911+0.001008	test-rmse:0.384891+0.003976 
[117]	train-rmse:0.381588+0.001007	test-rmse:0.384595+0.003973 
[118]	train-rmse:0.381265+0.001010	test-rmse:0.384301+0.003973 
[119]	train-rmse:0.380946+0.001009	test-rmse:0.384009+0.003975 
[120]	train-rmse:0.380626+0.001010	test-rmse:0.383721+0.003974 
[121]	train-rmse:0.380369+0.001116	test-rmse:0.383484+0.003933 
[122]	train-rmse:0.380235+0.001238	test-rmse:0.383367+0.003812 
[123]	train-rmse:0.379912+0.001238	test-rmse:0.383079+0.003821 
[124]	train-rmse:0.379656+0.001269	test-rmse:0.382854+0.003790 
[125]	train-rmse:0.379338+0.001274	test-rmse:0.382566+0.003784 
[126]	train-rmse:0.379018+0.001273	test-rmse:0.382278+0.003781 
[127]	train-rmse:0.378701+0.001277	test-rmse:0.381986+0.003781 
[128]	train-rmse:0.378384+0.001280	test-rmse:0.381699+0.003774 
[129]	train-rmse:0.378128+0.001216	test-rmse:0.381469+0.003793 
[130]	train-rmse:0.377810+0.001220	test-rmse:0.381181+0.003793 
[131]	train-rmse:0.377554+0.001163	test-rmse:0.380948+0.003892 
[132]	train-rmse:0.377359+0.001217	test-rmse:0.380774+0.003959 
[133]	train-rmse:0.377044+0.001219	test-rmse:0.380487+0.003957 
[134]	train-rmse:0.376786+0.001327	test-rmse:0.380257+0.003931 
[135]	train-rmse:0.376469+0.001331	test-rmse:0.379972+0.003931 
[136]	train-rmse:0.376279+0.001422	test-rmse:0.379799+0.003847 
[137]	train-rmse:0.376023+0.001445	test-rmse:0.379575+0.003807 
[138]	train-rmse:0.375771+0.001477	test-rmse:0.379348+0.003773 
[139]	train-rmse:0.375576+0.001617	test-rmse:0.379180+0.003705 
[140]	train-rmse:0.375382+0.001701	test-rmse:0.379004+0.003616 
[141]	train-rmse:0.375191+0.001730	test-rmse:0.378826+0.003522 
[142]	train-rmse:0.374943+0.001660	test-rmse:0.378591+0.003540 
[143]	train-rmse:0.374692+0.001611	test-rmse:0.378361+0.003639 
[144]	train-rmse:0.374441+0.001540	test-rmse:0.378127+0.003664 
[145]	train-rmse:0.374127+0.001539	test-rmse:0.377843+0.003660 
[146]	train-rmse:0.373815+0.001541	test-rmse:0.377556+0.003660 
[147]	train-rmse:0.373564+0.001642	test-rmse:0.377331+0.003636 
[148]	train-rmse:0.373312+0.001681	test-rmse:0.377106+0.003600 
[149]	train-rmse:0.373002+0.001685	test-rmse:0.376830+0.003600 
[150]	train-rmse:0.372691+0.001689	test-rmse:0.376548+0.003604 
[151]	train-rmse:0.372441+0.001627	test-rmse:0.376318+0.003626 
[152]	train-rmse:0.372134+0.001630	test-rmse:0.376036+0.003619 
[153]	train-rmse:0.371824+0.001634	test-rmse:0.375760+0.003615 
[154]	train-rmse:0.371576+0.001579	test-rmse:0.375528+0.003639 
[155]	train-rmse:0.371268+0.001579	test-rmse:0.375246+0.003642 
[156]	train-rmse:0.371022+0.001526	test-rmse:0.375027+0.003735 
[157]	train-rmse:0.370835+0.001519	test-rmse:0.374856+0.003730 
[158]	train-rmse:0.370590+0.001567	test-rmse:0.374638+0.003691 
[159]	train-rmse:0.370284+0.001570	test-rmse:0.374361+0.003687 
[160]	train-rmse:0.369978+0.001572	test-rmse:0.374083+0.003687 
[161]	train-rmse:0.369730+0.001629	test-rmse:0.373864+0.003653 
[162]	train-rmse:0.369424+0.001631	test-rmse:0.373591+0.003650 
[163]	train-rmse:0.369119+0.001633	test-rmse:0.373312+0.003643 
[164]	train-rmse:0.368812+0.001635	test-rmse:0.373035+0.003643 
[165]	train-rmse:0.368568+0.001588	test-rmse:0.372811+0.003677 
[166]	train-rmse:0.368265+0.001587	test-rmse:0.372546+0.003673 
[167]	train-rmse:0.367962+0.001592	test-rmse:0.372276+0.003667 
[168]	train-rmse:0.367775+0.001642	test-rmse:0.372114+0.003580 
[169]	train-rmse:0.367472+0.001643	test-rmse:0.371842+0.003575 
[170]	train-rmse:0.367225+0.001703	test-rmse:0.371625+0.003543 
[171]	train-rmse:0.367101+0.001676	test-rmse:0.371518+0.003547 
[172]	train-rmse:0.366799+0.001677	test-rmse:0.371248+0.003548 
[173]	train-rmse:0.366499+0.001676	test-rmse:0.370977+0.003553 
[174]	train-rmse:0.366258+0.001744	test-rmse:0.370764+0.003520 
[175]	train-rmse:0.366015+0.001816	test-rmse:0.370542+0.003482 
[176]	train-rmse:0.365713+0.001815	test-rmse:0.370274+0.003479 
[177]	train-rmse:0.365411+0.001818	test-rmse:0.370004+0.003475 
[178]	train-rmse:0.365111+0.001823	test-rmse:0.369729+0.003477 
[179]	train-rmse:0.364811+0.001824	test-rmse:0.369456+0.003474 
[180]	train-rmse:0.364568+0.001799	test-rmse:0.369239+0.003425 
[181]	train-rmse:0.364263+0.001802	test-rmse:0.368962+0.003419 
[182]	train-rmse:0.364023+0.001879	test-rmse:0.368746+0.003382 
[183]	train-rmse:0.363786+0.001862	test-rmse:0.368530+0.003333 
[184]	train-rmse:0.363606+0.001788	test-rmse:0.368357+0.003313 
[185]	train-rmse:0.363367+0.001863	test-rmse:0.368144+0.003283 
[186]	train-rmse:0.363130+0.001812	test-rmse:0.367923+0.003321 
[187]	train-rmse:0.362889+0.001746	test-rmse:0.367712+0.003408 
[188]	train-rmse:0.362588+0.001746	test-rmse:0.367442+0.003408 
[189]	train-rmse:0.362290+0.001745	test-rmse:0.367178+0.003422 
[190]	train-rmse:0.362049+0.001830	test-rmse:0.366962+0.003387 
[191]	train-rmse:0.361754+0.001830	test-rmse:0.366691+0.003383 
[192]	train-rmse:0.361456+0.001828	test-rmse:0.366426+0.003392 
[193]	train-rmse:0.361217+0.001766	test-rmse:0.366219+0.003480 
[194]	train-rmse:0.360924+0.001767	test-rmse:0.365959+0.003486 
[195]	train-rmse:0.360688+0.001714	test-rmse:0.365752+0.003571 
[196]	train-rmse:0.360392+0.001715	test-rmse:0.365488+0.003570 
[197]	train-rmse:0.360154+0.001668	test-rmse:0.365277+0.003657 
[198]	train-rmse:0.359858+0.001668	test-rmse:0.365007+0.003659 
[199]	train-rmse:0.359622+0.001642	test-rmse:0.364794+0.003615 
[200]	train-rmse:0.359328+0.001643	test-rmse:0.364535+0.003617 
[201]	train-rmse:0.359034+0.001642	test-rmse:0.364279+0.003623 
[202]	train-rmse:0.358856+0.001676	test-rmse:0.364118+0.003539 
[203]	train-rmse:0.358737+0.001652	test-rmse:0.364007+0.003489 
[204]	train-rmse:0.358448+0.001655	test-rmse:0.363748+0.003488 
[205]	train-rmse:0.358211+0.001733	test-rmse:0.363535+0.003444 
[206]	train-rmse:0.357919+0.001734	test-rmse:0.363276+0.003448 
[207]	train-rmse:0.357689+0.001676	test-rmse:0.363070+0.003486 
[208]	train-rmse:0.357399+0.001675	test-rmse:0.362807+0.003488 
[209]	train-rmse:0.357107+0.001678	test-rmse:0.362548+0.003490 
[210]	train-rmse:0.356817+0.001681	test-rmse:0.362283+0.003494 
[211]	train-rmse:0.356524+0.001683	test-rmse:0.362018+0.003503 
[212]	train-rmse:0.356235+0.001681	test-rmse:0.361762+0.003506 
[213]	train-rmse:0.356000+0.001765	test-rmse:0.361554+0.003478 
[214]	train-rmse:0.355768+0.001708	test-rmse:0.361348+0.003519 
[215]	train-rmse:0.355536+0.001794	test-rmse:0.361149+0.003485 
[216]	train-rmse:0.355248+0.001792	test-rmse:0.360897+0.003484 
[217]	train-rmse:0.354961+0.001795	test-rmse:0.360643+0.003485 
[218]	train-rmse:0.354676+0.001795	test-rmse:0.360393+0.003493 
[219]	train-rmse:0.354391+0.001792	test-rmse:0.360135+0.003494 
[220]	train-rmse:0.354104+0.001791	test-rmse:0.359879+0.003496 
[221]	train-rmse:0.353872+0.001737	test-rmse:0.359681+0.003580 
[222]	train-rmse:0.353583+0.001734	test-rmse:0.359420+0.003585 
[223]	train-rmse:0.353355+0.001689	test-rmse:0.359224+0.003666 
[224]	train-rmse:0.353068+0.001691	test-rmse:0.358970+0.003675 
[225]	train-rmse:0.352838+0.001776	test-rmse:0.358772+0.003647 
[226]	train-rmse:0.352665+0.001906	test-rmse:0.358621+0.003570 
[227]	train-rmse:0.352436+0.001996	test-rmse:0.358421+0.003549 
[228]	train-rmse:0.352207+0.001942	test-rmse:0.358217+0.003586 
[229]	train-rmse:0.351922+0.001940	test-rmse:0.357967+0.003592 
[230]	train-rmse:0.351697+0.001898	test-rmse:0.357776+0.003675 
[231]	train-rmse:0.351470+0.001865	test-rmse:0.357574+0.003646 
[232]	train-rmse:0.351189+0.001863	test-rmse:0.357321+0.003649 
[233]	train-rmse:0.351020+0.001901	test-rmse:0.357172+0.003661 
[234]	train-rmse:0.350740+0.001900	test-rmse:0.356923+0.003664 
[235]	train-rmse:0.350458+0.001901	test-rmse:0.356667+0.003665 
[236]	train-rmse:0.350175+0.001903	test-rmse:0.356418+0.003672 
[237]	train-rmse:0.349892+0.001907	test-rmse:0.356169+0.003679 
[238]	train-rmse:0.349665+0.001855	test-rmse:0.355974+0.003725 
[239]	train-rmse:0.349386+0.001858	test-rmse:0.355729+0.003733 
[240]	train-rmse:0.349107+0.001860	test-rmse:0.355475+0.003739 
[241]	train-rmse:0.348827+0.001859	test-rmse:0.355230+0.003741 
[242]	train-rmse:0.348603+0.001826	test-rmse:0.355028+0.003712 
[243]	train-rmse:0.348325+0.001828	test-rmse:0.354782+0.003718 
[244]	train-rmse:0.348049+0.001833	test-rmse:0.354539+0.003718 
[245]	train-rmse:0.347767+0.001834	test-rmse:0.354292+0.003720 
[246]	train-rmse:0.347546+0.001792	test-rmse:0.354096+0.003768 
[247]	train-rmse:0.347265+0.001792	test-rmse:0.353847+0.003778 
[248]	train-rmse:0.347040+0.001828	test-rmse:0.353656+0.003729 
[249]	train-rmse:0.346758+0.001827	test-rmse:0.353407+0.003730 
[250]	train-rmse:0.346482+0.001825	test-rmse:0.353163+0.003734 
[251]	train-rmse:0.346203+0.001825	test-rmse:0.352916+0.003744 
[252]	train-rmse:0.346035+0.001834	test-rmse:0.352773+0.003668 
[253]	train-rmse:0.345761+0.001834	test-rmse:0.352526+0.003678 
[254]	train-rmse:0.345484+0.001836	test-rmse:0.352283+0.003683 
[255]	train-rmse:0.345207+0.001832	test-rmse:0.352038+0.003686 
[256]	train-rmse:0.344986+0.001788	test-rmse:0.351844+0.003736 
[257]	train-rmse:0.344709+0.001790	test-rmse:0.351606+0.003750 
[258]	train-rmse:0.344438+0.001789	test-rmse:0.351370+0.003761 
[259]	train-rmse:0.344221+0.001873	test-rmse:0.351177+0.003740 
[260]	train-rmse:0.343949+0.001871	test-rmse:0.350936+0.003741 
[261]	train-rmse:0.343784+0.001874	test-rmse:0.350790+0.003735 
[262]	train-rmse:0.343566+0.001840	test-rmse:0.350592+0.003793 
[263]	train-rmse:0.343294+0.001840	test-rmse:0.350354+0.003803 
[264]	train-rmse:0.343023+0.001839	test-rmse:0.350119+0.003806 
[265]	train-rmse:0.342749+0.001836	test-rmse:0.349883+0.003813 
[266]	train-rmse:0.342475+0.001838	test-rmse:0.349644+0.003812 
[267]	train-rmse:0.342256+0.001921	test-rmse:0.349453+0.003795 
[268]	train-rmse:0.342037+0.001964	test-rmse:0.349265+0.003744 
[269]	train-rmse:0.341817+0.001910	test-rmse:0.349075+0.003816 
[270]	train-rmse:0.341551+0.001910	test-rmse:0.348842+0.003815 
[271]	train-rmse:0.341336+0.001874	test-rmse:0.348650+0.003792 
[272]	train-rmse:0.341174+0.001889	test-rmse:0.348508+0.003717 
[273]	train-rmse:0.341011+0.001823	test-rmse:0.348353+0.003741 
[274]	train-rmse:0.340742+0.001825	test-rmse:0.348118+0.003754 
[275]	train-rmse:0.340528+0.001791	test-rmse:0.347924+0.003813 
[276]	train-rmse:0.340310+0.001871	test-rmse:0.347734+0.003790 
[277]	train-rmse:0.340094+0.001916	test-rmse:0.347547+0.003741 
[278]	train-rmse:0.339825+0.001913	test-rmse:0.347312+0.003750 
[279]	train-rmse:0.339557+0.001915	test-rmse:0.347074+0.003761 
[280]	train-rmse:0.339287+0.001914	test-rmse:0.346835+0.003769 
[281]	train-rmse:0.339021+0.001912	test-rmse:0.346603+0.003777 
[282]	train-rmse:0.338807+0.001853	test-rmse:0.346419+0.003839 
[283]	train-rmse:0.338644+0.001873	test-rmse:0.346270+0.003836 
[284]	train-rmse:0.338481+0.001780	test-rmse:0.346130+0.003874 
[285]	train-rmse:0.338268+0.001753	test-rmse:0.345950+0.003851 
[286]	train-rmse:0.338001+0.001753	test-rmse:0.345721+0.003858 
[287]	train-rmse:0.337786+0.001807	test-rmse:0.345538+0.003806 
[288]	train-rmse:0.337573+0.001776	test-rmse:0.345347+0.003863 
[289]	train-rmse:0.337311+0.001774	test-rmse:0.345124+0.003875 
[290]	train-rmse:0.337044+0.001775	test-rmse:0.344890+0.003883 
[291]	train-rmse:0.336885+0.001807	test-rmse:0.344750+0.003814 
[292]	train-rmse:0.336622+0.001809	test-rmse:0.344526+0.003822 
[293]	train-rmse:0.336358+0.001810	test-rmse:0.344295+0.003835 
[294]	train-rmse:0.336149+0.001790	test-rmse:0.344108+0.003822 
[295]	train-rmse:0.335937+0.001856	test-rmse:0.343927+0.003796 
[296]	train-rmse:0.335671+0.001856	test-rmse:0.343699+0.003812 
[297]	train-rmse:0.335411+0.001854	test-rmse:0.343468+0.003825 
[298]	train-rmse:0.335151+0.001861	test-rmse:0.343236+0.003830 
[299]	train-rmse:0.334940+0.001798	test-rmse:0.343050+0.003895 
[300]	train-rmse:0.334729+0.001857	test-rmse:0.342862+0.003844 
[301]	train-rmse:0.334570+0.001776	test-rmse:0.342722+0.003891 
[302]	train-rmse:0.334358+0.001719	test-rmse:0.342533+0.003953 
[303]	train-rmse:0.334152+0.001780	test-rmse:0.342353+0.003923 
[304]	train-rmse:0.333892+0.001784	test-rmse:0.342126+0.003935 
[305]	train-rmse:0.333682+0.001845	test-rmse:0.341947+0.003890 
[306]	train-rmse:0.333526+0.001892	test-rmse:0.341805+0.003842 
[307]	train-rmse:0.333266+0.001891	test-rmse:0.341579+0.003853 
[308]	train-rmse:0.333008+0.001892	test-rmse:0.341355+0.003861 
[309]	train-rmse:0.332799+0.001960	test-rmse:0.341180+0.003835 
[310]	train-rmse:0.332539+0.001961	test-rmse:0.340952+0.003841 
[311]	train-rmse:0.332281+0.001963	test-rmse:0.340730+0.003850 
[312]	train-rmse:0.332024+0.001963	test-rmse:0.340502+0.003862 
[313]	train-rmse:0.331764+0.001965	test-rmse:0.340274+0.003870 
[314]	train-rmse:0.331558+0.002021	test-rmse:0.340100+0.003821 
[315]	train-rmse:0.331353+0.002079	test-rmse:0.339925+0.003776 
[316]	train-rmse:0.331198+0.002121	test-rmse:0.339790+0.003715 
[317]	train-rmse:0.330941+0.002124	test-rmse:0.339567+0.003723 
[318]	train-rmse:0.330736+0.002185	test-rmse:0.339393+0.003691 
[319]	train-rmse:0.330482+0.002186	test-rmse:0.339173+0.003700 
[320]	train-rmse:0.330226+0.002187	test-rmse:0.338952+0.003708 
[321]	train-rmse:0.329970+0.002187	test-rmse:0.338731+0.003718 
[322]	train-rmse:0.329769+0.002249	test-rmse:0.338559+0.003700 
[323]	train-rmse:0.329561+0.002200	test-rmse:0.338382+0.003763 
[324]	train-rmse:0.329359+0.002180	test-rmse:0.338201+0.003756 
[325]	train-rmse:0.329154+0.002135	test-rmse:0.338024+0.003820 
[326]	train-rmse:0.328947+0.002193	test-rmse:0.337850+0.003767 
[327]	train-rmse:0.328741+0.002149	test-rmse:0.337672+0.003832 
[328]	train-rmse:0.328486+0.002148	test-rmse:0.337450+0.003843 
[329]	train-rmse:0.328284+0.002213	test-rmse:0.337274+0.003808 
[330]	train-rmse:0.328032+0.002211	test-rmse:0.337054+0.003819 
[331]	train-rmse:0.327778+0.002213	test-rmse:0.336831+0.003830 
[332]	train-rmse:0.327577+0.002193	test-rmse:0.336656+0.003821 
[333]	train-rmse:0.327376+0.002177	test-rmse:0.336475+0.003821 
[334]	train-rmse:0.327121+0.002176	test-rmse:0.336254+0.003822 
[335]	train-rmse:0.326920+0.002241	test-rmse:0.336078+0.003798 
[336]	train-rmse:0.326668+0.002238	test-rmse:0.335858+0.003806 
[337]	train-rmse:0.326419+0.002237	test-rmse:0.335639+0.003817 
[338]	train-rmse:0.326219+0.002180	test-rmse:0.335461+0.003874 
[339]	train-rmse:0.326016+0.002233	test-rmse:0.335288+0.003822 
[340]	train-rmse:0.325863+0.002253	test-rmse:0.335161+0.003853 
[341]	train-rmse:0.325662+0.002194	test-rmse:0.334982+0.003911 
[342]	train-rmse:0.325409+0.002193	test-rmse:0.334770+0.003922 
[343]	train-rmse:0.325161+0.002197	test-rmse:0.334557+0.003929 
[344]	train-rmse:0.324963+0.002146	test-rmse:0.334380+0.003981 
[345]	train-rmse:0.324715+0.002145	test-rmse:0.334161+0.003985 
[346]	train-rmse:0.324468+0.002144	test-rmse:0.333955+0.003995 
[347]	train-rmse:0.324272+0.002127	test-rmse:0.333779+0.003993 
[348]	train-rmse:0.324025+0.002124	test-rmse:0.333564+0.004003 
[349]	train-rmse:0.323776+0.002125	test-rmse:0.333351+0.004013 
[350]	train-rmse:0.323582+0.002112	test-rmse:0.333175+0.004013 
[351]	train-rmse:0.323332+0.002112	test-rmse:0.332966+0.004025 
[352]	train-rmse:0.323230+0.001997	test-rmse:0.332875+0.004119 
[353]	train-rmse:0.322986+0.001997	test-rmse:0.332663+0.004134 
[354]	train-rmse:0.322741+0.001999	test-rmse:0.332445+0.004149 
[355]	train-rmse:0.322592+0.001997	test-rmse:0.332317+0.004140 
[356]	train-rmse:0.322396+0.001948	test-rmse:0.332142+0.004192 
[357]	train-rmse:0.322248+0.001888	test-rmse:0.332013+0.004246 
[358]	train-rmse:0.322052+0.001879	test-rmse:0.331846+0.004249 
[359]	train-rmse:0.321858+0.001939	test-rmse:0.331679+0.004221 
[360]	train-rmse:0.321609+0.001942	test-rmse:0.331463+0.004230 
[361]	train-rmse:0.321366+0.001944	test-rmse:0.331259+0.004238 
[362]	train-rmse:0.321121+0.001945	test-rmse:0.331044+0.004247 
[363]	train-rmse:0.320927+0.001900	test-rmse:0.330876+0.004312 
[364]	train-rmse:0.320732+0.001846	test-rmse:0.330708+0.004359 
[365]	train-rmse:0.320488+0.001848	test-rmse:0.330499+0.004366 
[366]	train-rmse:0.320244+0.001853	test-rmse:0.330289+0.004370 
[367]	train-rmse:0.319996+0.001855	test-rmse:0.330080+0.004377 
[368]	train-rmse:0.319753+0.001857	test-rmse:0.329875+0.004386 
[369]	train-rmse:0.319557+0.001807	test-rmse:0.329701+0.004433 
[370]	train-rmse:0.319361+0.001761	test-rmse:0.329528+0.004488 
[371]	train-rmse:0.319119+0.001763	test-rmse:0.329319+0.004501 
[372]	train-rmse:0.318877+0.001763	test-rmse:0.329109+0.004516 
[373]	train-rmse:0.318685+0.001750	test-rmse:0.328944+0.004523 
[374]	train-rmse:0.318447+0.001752	test-rmse:0.328737+0.004540 
[375]	train-rmse:0.318208+0.001750	test-rmse:0.328545+0.004551 
[376]	train-rmse:0.318063+0.001757	test-rmse:0.328424+0.004551 
[377]	train-rmse:0.317871+0.001814	test-rmse:0.328265+0.004506 
[378]	train-rmse:0.317630+0.001812	test-rmse:0.328059+0.004523 
[379]	train-rmse:0.317392+0.001812	test-rmse:0.327855+0.004533 
[380]	train-rmse:0.317153+0.001813	test-rmse:0.327649+0.004539 
[381]	train-rmse:0.316917+0.001812	test-rmse:0.327439+0.004551 
[382]	train-rmse:0.316726+0.001870	test-rmse:0.327275+0.004530 
[383]	train-rmse:0.316579+0.001804	test-rmse:0.327150+0.004578 
[384]	train-rmse:0.316339+0.001806	test-rmse:0.326944+0.004585 
[385]	train-rmse:0.316102+0.001804	test-rmse:0.326740+0.004599 
[386]	train-rmse:0.315867+0.001801	test-rmse:0.326538+0.004613 
[387]	train-rmse:0.315678+0.001792	test-rmse:0.326376+0.004618 
[388]	train-rmse:0.315485+0.001848	test-rmse:0.326221+0.004573 
[389]	train-rmse:0.315250+0.001850	test-rmse:0.326013+0.004580 
[390]	train-rmse:0.315108+0.001898	test-rmse:0.325899+0.004539 
[391]	train-rmse:0.314914+0.001957	test-rmse:0.325743+0.004494 
[392]	train-rmse:0.314679+0.001957	test-rmse:0.325540+0.004505 
[393]	train-rmse:0.314489+0.001907	test-rmse:0.325372+0.004562 
[394]	train-rmse:0.314346+0.001900	test-rmse:0.325249+0.004578 
[395]	train-rmse:0.314156+0.001849	test-rmse:0.325085+0.004635 
[396]	train-rmse:0.313922+0.001849	test-rmse:0.324887+0.004649 
[397]	train-rmse:0.313688+0.001849	test-rmse:0.324688+0.004665 
[398]	train-rmse:0.313455+0.001848	test-rmse:0.324494+0.004677 
[399]	train-rmse:0.313219+0.001852	test-rmse:0.324294+0.004685 
[400]	train-rmse:0.312985+0.001856	test-rmse:0.324093+0.004694 
[401]	train-rmse:0.312749+0.001855	test-rmse:0.323899+0.004701 
[402]	train-rmse:0.312514+0.001858	test-rmse:0.323696+0.004710 
[403]	train-rmse:0.312328+0.001907	test-rmse:0.323538+0.004688 
[404]	train-rmse:0.312096+0.001907	test-rmse:0.323345+0.004704 
[405]	train-rmse:0.311862+0.001905	test-rmse:0.323151+0.004715 
[406]	train-rmse:0.311630+0.001906	test-rmse:0.322954+0.004727 
[407]	train-rmse:0.311445+0.001863	test-rmse:0.322796+0.004779 
[408]	train-rmse:0.311213+0.001865	test-rmse:0.322597+0.004787 
[409]	train-rmse:0.310981+0.001864	test-rmse:0.322397+0.004800 
[410]	train-rmse:0.310752+0.001867	test-rmse:0.322200+0.004808 
[411]	train-rmse:0.310566+0.001813	test-rmse:0.322045+0.004853 
[412]	train-rmse:0.310338+0.001813	test-rmse:0.321845+0.004865 
[413]	train-rmse:0.310151+0.001871	test-rmse:0.321693+0.004817 
[414]	train-rmse:0.310013+0.001872	test-rmse:0.321579+0.004833 
[415]	train-rmse:0.309829+0.001929	test-rmse:0.321431+0.004786 
[416]	train-rmse:0.309690+0.001869	test-rmse:0.321312+0.004831 
[417]	train-rmse:0.309461+0.001867	test-rmse:0.321122+0.004837 
[418]	train-rmse:0.309234+0.001870	test-rmse:0.320936+0.004846 
[419]	train-rmse:0.309002+0.001871	test-rmse:0.320740+0.004846 
[420]	train-rmse:0.308772+0.001871	test-rmse:0.320548+0.004860 
[421]	train-rmse:0.308544+0.001874	test-rmse:0.320360+0.004870 
[422]	train-rmse:0.308318+0.001876	test-rmse:0.320172+0.004888 
[423]	train-rmse:0.308089+0.001873	test-rmse:0.319990+0.004895 
[424]	train-rmse:0.307856+0.001873	test-rmse:0.319794+0.004904 
[425]	train-rmse:0.307678+0.001919	test-rmse:0.319645+0.004884 
[426]	train-rmse:0.307496+0.001904	test-rmse:0.319481+0.004894 
[427]	train-rmse:0.307312+0.001866	test-rmse:0.319327+0.004938 
[428]	train-rmse:0.307084+0.001867	test-rmse:0.319141+0.004948 
[429]	train-rmse:0.306947+0.001817	test-rmse:0.319021+0.005002 
[430]	train-rmse:0.306812+0.001729	test-rmse:0.318900+0.005091 
[431]	train-rmse:0.306586+0.001729	test-rmse:0.318709+0.005102 
[432]	train-rmse:0.306362+0.001732	test-rmse:0.318517+0.005114 
[433]	train-rmse:0.306135+0.001733	test-rmse:0.318330+0.005123 
[434]	train-rmse:0.306002+0.001727	test-rmse:0.318215+0.005147 
[435]	train-rmse:0.305777+0.001727	test-rmse:0.318022+0.005159 
[436]	train-rmse:0.305597+0.001782	test-rmse:0.317874+0.005140 
[437]	train-rmse:0.305415+0.001833	test-rmse:0.317725+0.005101 
[438]	train-rmse:0.305238+0.001816	test-rmse:0.317569+0.005123 
[439]	train-rmse:0.305013+0.001814	test-rmse:0.317386+0.005138 
[440]	train-rmse:0.304831+0.001761	test-rmse:0.317228+0.005192 
[441]	train-rmse:0.304606+0.001763	test-rmse:0.317039+0.005206 
[442]	train-rmse:0.304514+0.001761	test-rmse:0.316964+0.005199 
[443]	train-rmse:0.304334+0.001708	test-rmse:0.316809+0.005251 
[444]	train-rmse:0.304109+0.001712	test-rmse:0.316610+0.005263 
[445]	train-rmse:0.303887+0.001711	test-rmse:0.316418+0.005276 
[446]	train-rmse:0.303707+0.001701	test-rmse:0.316262+0.005286 
[447]	train-rmse:0.303485+0.001702	test-rmse:0.316071+0.005294 
[448]	train-rmse:0.303308+0.001752	test-rmse:0.315927+0.005274 
[449]	train-rmse:0.303087+0.001753	test-rmse:0.315741+0.005279 
[450]	train-rmse:0.302909+0.001807	test-rmse:0.315602+0.005234 
[451]	train-rmse:0.302779+0.001846	test-rmse:0.315489+0.005212 
[452]	train-rmse:0.302563+0.001847	test-rmse:0.315309+0.005221 
[453]	train-rmse:0.302386+0.001898	test-rmse:0.315165+0.005207 
[454]	train-rmse:0.302167+0.001895	test-rmse:0.314983+0.005224 
[455]	train-rmse:0.301951+0.001900	test-rmse:0.314800+0.005236 
[456]	train-rmse:0.301818+0.002002	test-rmse:0.314691+0.005156 
[457]	train-rmse:0.301598+0.002005	test-rmse:0.314506+0.005166 
[458]	train-rmse:0.301379+0.002006	test-rmse:0.314323+0.005180 
[459]	train-rmse:0.301205+0.001995	test-rmse:0.314171+0.005192 
[460]	train-rmse:0.300988+0.001994	test-rmse:0.313995+0.005203 
[461]	train-rmse:0.300811+0.001954	test-rmse:0.313856+0.005244 
[462]	train-rmse:0.300594+0.001954	test-rmse:0.313672+0.005255 
[463]	train-rmse:0.300419+0.001950	test-rmse:0.313522+0.005269 
[464]	train-rmse:0.300202+0.001952	test-rmse:0.313334+0.005280 
[465]	train-rmse:0.299987+0.001950	test-rmse:0.313154+0.005295 
[466]	train-rmse:0.299769+0.001950	test-rmse:0.312971+0.005299 
[467]	train-rmse:0.299552+0.001952	test-rmse:0.312784+0.005310 
[468]	train-rmse:0.299378+0.001949	test-rmse:0.312639+0.005327 
[469]	train-rmse:0.299207+0.001914	test-rmse:0.312496+0.005370 
[470]	train-rmse:0.299035+0.001965	test-rmse:0.312356+0.005321 
[471]	train-rmse:0.298863+0.001963	test-rmse:0.312209+0.005339 
[472]	train-rmse:0.298643+0.001964	test-rmse:0.312026+0.005346 
[473]	train-rmse:0.298469+0.001930	test-rmse:0.311878+0.005390 
[474]	train-rmse:0.298254+0.001930	test-rmse:0.311700+0.005396 
[475]	train-rmse:0.298078+0.001980	test-rmse:0.311563+0.005349 
[476]	train-rmse:0.297862+0.001980	test-rmse:0.311390+0.005361 
[477]	train-rmse:0.297688+0.001978	test-rmse:0.311248+0.005380 
[478]	train-rmse:0.297472+0.001976	test-rmse:0.311072+0.005389 
[479]	train-rmse:0.297258+0.001977	test-rmse:0.310895+0.005401 
[480]	train-rmse:0.297045+0.001976	test-rmse:0.310720+0.005410 
[481]	train-rmse:0.296876+0.002019	test-rmse:0.310576+0.005393 
[482]	train-rmse:0.296702+0.002070	test-rmse:0.310435+0.005349 
[483]	train-rmse:0.296492+0.002071	test-rmse:0.310258+0.005358 
[484]	train-rmse:0.296318+0.002123	test-rmse:0.310118+0.005314 
[485]	train-rmse:0.296108+0.002124	test-rmse:0.309944+0.005329 
[486]	train-rmse:0.295981+0.002064	test-rmse:0.309833+0.005388 
[487]	train-rmse:0.295770+0.002063	test-rmse:0.309656+0.005393 
[488]	train-rmse:0.295597+0.002118	test-rmse:0.309520+0.005349 
[489]	train-rmse:0.295384+0.002119	test-rmse:0.309348+0.005366 
[490]	train-rmse:0.295216+0.002121	test-rmse:0.309205+0.005386 
[491]	train-rmse:0.295003+0.002120	test-rmse:0.309032+0.005401 
[492]	train-rmse:0.294795+0.002120	test-rmse:0.308860+0.005417 
[493]	train-rmse:0.294584+0.002121	test-rmse:0.308690+0.005430 
[494]	train-rmse:0.294419+0.002064	test-rmse:0.308550+0.005480 
[495]	train-rmse:0.294213+0.002065	test-rmse:0.308377+0.005491 
[496]	train-rmse:0.294044+0.002121	test-rmse:0.308241+0.005448 
[497]	train-rmse:0.293834+0.002122	test-rmse:0.308062+0.005465 
[498]	train-rmse:0.293624+0.002124	test-rmse:0.307890+0.005474 
[499]	train-rmse:0.293416+0.002120	test-rmse:0.307723+0.005492 
[500]	train-rmse:0.293331+0.002089	test-rmse:0.307650+0.005518 
[501]	train-rmse:0.293126+0.002093	test-rmse:0.307482+0.005534 
[502]	train-rmse:0.293003+0.002121	test-rmse:0.307378+0.005523 
[503]	train-rmse:0.292878+0.002105	test-rmse:0.307275+0.005544 
[504]	train-rmse:0.292670+0.002106	test-rmse:0.307103+0.005556 
[505]	train-rmse:0.292462+0.002107	test-rmse:0.306930+0.005568 
[506]	train-rmse:0.292338+0.002070	test-rmse:0.306821+0.005616 
[507]	train-rmse:0.292251+0.002036	test-rmse:0.306753+0.005634 
[508]	train-rmse:0.292124+0.001999	test-rmse:0.306649+0.005676 
[509]	train-rmse:0.291919+0.002002	test-rmse:0.306476+0.005690 
[510]	train-rmse:0.291711+0.002002	test-rmse:0.306301+0.005700 
[511]	train-rmse:0.291549+0.002006	test-rmse:0.306162+0.005725 
[512]	train-rmse:0.291384+0.002041	test-rmse:0.306032+0.005702 
[513]	train-rmse:0.291178+0.002042	test-rmse:0.305862+0.005713 
[514]	train-rmse:0.291011+0.002018	test-rmse:0.305727+0.005749 
[515]	train-rmse:0.290803+0.002016	test-rmse:0.305560+0.005763 
[516]	train-rmse:0.290636+0.001955	test-rmse:0.305424+0.005817 
[517]	train-rmse:0.290430+0.001955	test-rmse:0.305257+0.005831 
[518]	train-rmse:0.290349+0.001958	test-rmse:0.305187+0.005847 
[519]	train-rmse:0.290184+0.002011	test-rmse:0.305060+0.005804 
[520]	train-rmse:0.290060+0.001924	test-rmse:0.304949+0.005882 
[521]	train-rmse:0.289898+0.001959	test-rmse:0.304814+0.005863 
[522]	train-rmse:0.289735+0.001997	test-rmse:0.304683+0.005845 
[523]	train-rmse:0.289610+0.002088	test-rmse:0.304586+0.005773 
[524]	train-rmse:0.289449+0.002129	test-rmse:0.304457+0.005756 
[525]	train-rmse:0.289245+0.002131	test-rmse:0.304287+0.005773 
[526]	train-rmse:0.289042+0.002130	test-rmse:0.304121+0.005782 
[527]	train-rmse:0.288839+0.002132	test-rmse:0.303951+0.005797 
[528]	train-rmse:0.288635+0.002131	test-rmse:0.303789+0.005809 
[529]	train-rmse:0.288435+0.002133	test-rmse:0.303625+0.005818 
[530]	train-rmse:0.288232+0.002134	test-rmse:0.303462+0.005822 
[531]	train-rmse:0.288028+0.002134	test-rmse:0.303295+0.005833 
[532]	train-rmse:0.287829+0.002131	test-rmse:0.303132+0.005848 
[533]	train-rmse:0.287624+0.002130	test-rmse:0.302966+0.005867 
[534]	train-rmse:0.287423+0.002133	test-rmse:0.302799+0.005879 
[535]	train-rmse:0.287302+0.002097	test-rmse:0.302696+0.005921 
[536]	train-rmse:0.287100+0.002098	test-rmse:0.302535+0.005931 
[537]	train-rmse:0.286899+0.002098	test-rmse:0.302365+0.005942 
[538]	train-rmse:0.286701+0.002098	test-rmse:0.302198+0.005954 
[539]	train-rmse:0.286502+0.002100	test-rmse:0.302040+0.005967 
[540]	train-rmse:0.286303+0.002101	test-rmse:0.301873+0.005977 
[541]	train-rmse:0.286140+0.002076	test-rmse:0.301738+0.006017 
[542]	train-rmse:0.285980+0.002123	test-rmse:0.301608+0.005974 
[543]	train-rmse:0.285821+0.002172	test-rmse:0.301488+0.005939 
[544]	train-rmse:0.285620+0.002177	test-rmse:0.301326+0.005953 
[545]	train-rmse:0.285419+0.002177	test-rmse:0.301166+0.005961 
[546]	train-rmse:0.285217+0.002177	test-rmse:0.301010+0.005970 
[547]	train-rmse:0.285097+0.002115	test-rmse:0.300904+0.006029 
[548]	train-rmse:0.284900+0.002117	test-rmse:0.300741+0.006038 
[549]	train-rmse:0.284702+0.002116	test-rmse:0.300577+0.006044 
[550]	train-rmse:0.284505+0.002115	test-rmse:0.300414+0.006054 
[551]	train-rmse:0.284345+0.002092	test-rmse:0.300290+0.006083 
[552]	train-rmse:0.284149+0.002096	test-rmse:0.300130+0.006095 
[553]	train-rmse:0.283951+0.002095	test-rmse:0.299968+0.006105 
[554]	train-rmse:0.283796+0.002039	test-rmse:0.299840+0.006149 
[555]	train-rmse:0.283638+0.001985	test-rmse:0.299705+0.006194 
[556]	train-rmse:0.283439+0.001988	test-rmse:0.299552+0.006208 
[557]	train-rmse:0.283243+0.001993	test-rmse:0.299389+0.006220 
[558]	train-rmse:0.283086+0.002047	test-rmse:0.299266+0.006179 
[559]	train-rmse:0.282927+0.001993	test-rmse:0.299134+0.006228 
[560]	train-rmse:0.282768+0.001971	test-rmse:0.299011+0.006260 
[561]	train-rmse:0.282573+0.001973	test-rmse:0.298855+0.006269 
[562]	train-rmse:0.282456+0.001974	test-rmse:0.298759+0.006266 
[563]	train-rmse:0.282260+0.001976	test-rmse:0.298605+0.006277 
[564]	train-rmse:0.282069+0.001975	test-rmse:0.298456+0.006293 
[565]	train-rmse:0.281878+0.001975	test-rmse:0.298302+0.006303 
[566]	train-rmse:0.281681+0.001976	test-rmse:0.298138+0.006317 
[567]	train-rmse:0.281525+0.001958	test-rmse:0.298017+0.006352 
[568]	train-rmse:0.281332+0.001959	test-rmse:0.297858+0.006372 
[569]	train-rmse:0.281253+0.001959	test-rmse:0.297797+0.006387 
[570]	train-rmse:0.281059+0.001960	test-rmse:0.297640+0.006393 
[571]	train-rmse:0.280868+0.001964	test-rmse:0.297485+0.006404 
[572]	train-rmse:0.280674+0.001961	test-rmse:0.297326+0.006420 
[573]	train-rmse:0.280557+0.002048	test-rmse:0.297237+0.006352 
[574]	train-rmse:0.280364+0.002049	test-rmse:0.297079+0.006367 
[575]	train-rmse:0.280211+0.001997	test-rmse:0.296952+0.006413 
[576]	train-rmse:0.280017+0.001999	test-rmse:0.296797+0.006426 
[577]	train-rmse:0.279861+0.001980	test-rmse:0.296673+0.006458 
[578]	train-rmse:0.279743+0.001910	test-rmse:0.296569+0.006518 
[579]	train-rmse:0.279628+0.001997	test-rmse:0.296480+0.006453 
[580]	train-rmse:0.279478+0.002048	test-rmse:0.296363+0.006419 
[581]	train-rmse:0.279287+0.002049	test-rmse:0.296219+0.006428 
[582]	train-rmse:0.279097+0.002052	test-rmse:0.296066+0.006441 
[583]	train-rmse:0.278907+0.002052	test-rmse:0.295914+0.006453 
[584]	train-rmse:0.278760+0.002037	test-rmse:0.295795+0.006481 
[585]	train-rmse:0.278609+0.001989	test-rmse:0.295660+0.006528 
[586]	train-rmse:0.278457+0.001978	test-rmse:0.295536+0.006563 
[587]	train-rmse:0.278306+0.002010	test-rmse:0.295413+0.006548 
[588]	train-rmse:0.278120+0.002011	test-rmse:0.295263+0.006559 
[589]	train-rmse:0.277927+0.002012	test-rmse:0.295113+0.006572 
[590]	train-rmse:0.277735+0.002013	test-rmse:0.294956+0.006583 
[591]	train-rmse:0.277586+0.002049	test-rmse:0.294836+0.006570 
[592]	train-rmse:0.277399+0.002051	test-rmse:0.294683+0.006581 
[593]	train-rmse:0.277249+0.002002	test-rmse:0.294564+0.006623 
[594]	train-rmse:0.277137+0.002017	test-rmse:0.294475+0.006613 
[595]	train-rmse:0.276987+0.002055	test-rmse:0.294359+0.006601 
[596]	train-rmse:0.276798+0.002055	test-rmse:0.294207+0.006606 
[597]	train-rmse:0.276608+0.002055	test-rmse:0.294057+0.006618 
[598]	train-rmse:0.276418+0.002053	test-rmse:0.293912+0.006633 
[599]	train-rmse:0.276229+0.002056	test-rmse:0.293765+0.006636 
[600]	train-rmse:0.276079+0.002038	test-rmse:0.293643+0.006667 
[601]	train-rmse:0.275927+0.002024	test-rmse:0.293526+0.006697 
[602]	train-rmse:0.275780+0.002013	test-rmse:0.293408+0.006721 
[603]	train-rmse:0.275595+0.002015	test-rmse:0.293257+0.006731 
[604]	train-rmse:0.275521+0.002030	test-rmse:0.293195+0.006722 
[605]	train-rmse:0.275334+0.002032	test-rmse:0.293041+0.006732 
[606]	train-rmse:0.275152+0.002030	test-rmse:0.292891+0.006744 
[607]	train-rmse:0.274969+0.002027	test-rmse:0.292744+0.006758 
[608]	train-rmse:0.274784+0.002030	test-rmse:0.292598+0.006771 
[609]	train-rmse:0.274600+0.002030	test-rmse:0.292451+0.006787 
[610]	train-rmse:0.274416+0.002030	test-rmse:0.292305+0.006797 
[611]	train-rmse:0.274229+0.002025	test-rmse:0.292158+0.006809 
[612]	train-rmse:0.274042+0.002023	test-rmse:0.292016+0.006819 
[613]	train-rmse:0.273895+0.002016	test-rmse:0.291895+0.006860 
[614]	train-rmse:0.273748+0.001998	test-rmse:0.291776+0.006870 
[615]	train-rmse:0.273599+0.002046	test-rmse:0.291664+0.006833 
[616]	train-rmse:0.273415+0.002048	test-rmse:0.291519+0.006842 
[617]	train-rmse:0.273237+0.002050	test-rmse:0.291377+0.006855 
[618]	train-rmse:0.273054+0.002054	test-rmse:0.291237+0.006868 
[619]	train-rmse:0.272909+0.002104	test-rmse:0.291127+0.006831 
[620]	train-rmse:0.272729+0.002109	test-rmse:0.290981+0.006840 
[621]	train-rmse:0.272542+0.002105	test-rmse:0.290834+0.006853 
[622]	train-rmse:0.272362+0.002106	test-rmse:0.290682+0.006867 
[623]	train-rmse:0.272220+0.002089	test-rmse:0.290563+0.006891 
[624]	train-rmse:0.272038+0.002087	test-rmse:0.290421+0.006904 
[625]	train-rmse:0.271856+0.002087	test-rmse:0.290281+0.006916 
[626]	train-rmse:0.271716+0.002074	test-rmse:0.290167+0.006941 
[627]	train-rmse:0.271533+0.002075	test-rmse:0.290025+0.006954 
[628]	train-rmse:0.271351+0.002074	test-rmse:0.289879+0.006969 
[629]	train-rmse:0.271204+0.002105	test-rmse:0.289762+0.006951 
[630]	train-rmse:0.271130+0.002176	test-rmse:0.289712+0.006910 
[631]	train-rmse:0.270951+0.002179	test-rmse:0.289573+0.006927 
[632]	train-rmse:0.270771+0.002174	test-rmse:0.289432+0.006933 
[633]	train-rmse:0.270627+0.002207	test-rmse:0.289321+0.006918 
[634]	train-rmse:0.270448+0.002207	test-rmse:0.289175+0.006932 
[635]	train-rmse:0.270303+0.002255	test-rmse:0.289065+0.006896 
[636]	train-rmse:0.270156+0.002249	test-rmse:0.288952+0.006927 
[637]	train-rmse:0.270012+0.002297	test-rmse:0.288841+0.006888 
[638]	train-rmse:0.269834+0.002298	test-rmse:0.288700+0.006901 
[639]	train-rmse:0.269655+0.002298	test-rmse:0.288562+0.006914 
[640]	train-rmse:0.269515+0.002282	test-rmse:0.288448+0.006934 
[641]	train-rmse:0.269334+0.002282	test-rmse:0.288304+0.006946 
[642]	train-rmse:0.269158+0.002282	test-rmse:0.288160+0.006955 
[643]	train-rmse:0.268979+0.002281	test-rmse:0.288017+0.006965 
[644]	train-rmse:0.268800+0.002284	test-rmse:0.287878+0.006974 
[645]	train-rmse:0.268662+0.002274	test-rmse:0.287766+0.006998 
[646]	train-rmse:0.268486+0.002277	test-rmse:0.287629+0.007010 
[647]	train-rmse:0.268345+0.002262	test-rmse:0.287519+0.007026 
[648]	train-rmse:0.268164+0.002260	test-rmse:0.287378+0.007036 
[649]	train-rmse:0.268058+0.002302	test-rmse:0.287303+0.007018 
[650]	train-rmse:0.267883+0.002302	test-rmse:0.287166+0.007026 
[651]	train-rmse:0.267739+0.002351	test-rmse:0.287055+0.006988 
[652]	train-rmse:0.267559+0.002350	test-rmse:0.286923+0.006997 
[653]	train-rmse:0.267381+0.002348	test-rmse:0.286789+0.007011 
[654]	train-rmse:0.267241+0.002397	test-rmse:0.286691+0.006983 
[655]	train-rmse:0.267067+0.002401	test-rmse:0.286552+0.006998 
[656]	train-rmse:0.266892+0.002401	test-rmse:0.286417+0.007015 
[657]	train-rmse:0.266715+0.002399	test-rmse:0.286281+0.007030 
[658]	train-rmse:0.266576+0.002396	test-rmse:0.286173+0.007064 
[659]	train-rmse:0.266400+0.002397	test-rmse:0.286038+0.007080 
[660]	train-rmse:0.266259+0.002389	test-rmse:0.285932+0.007110 
[661]	train-rmse:0.266153+0.002460	test-rmse:0.285856+0.007051 
[662]	train-rmse:0.265978+0.002460	test-rmse:0.285719+0.007067 
[663]	train-rmse:0.265805+0.002462	test-rmse:0.285589+0.007077 
[664]	train-rmse:0.265630+0.002459	test-rmse:0.285455+0.007088 
[665]	train-rmse:0.265490+0.002406	test-rmse:0.285346+0.007128 
[666]	train-rmse:0.265355+0.002356	test-rmse:0.285238+0.007169 
[667]	train-rmse:0.265183+0.002354	test-rmse:0.285102+0.007184 
[668]	train-rmse:0.265044+0.002338	test-rmse:0.284994+0.007207 
[669]	train-rmse:0.264938+0.002282	test-rmse:0.284913+0.007261 
[670]	train-rmse:0.264767+0.002282	test-rmse:0.284779+0.007271 
[671]	train-rmse:0.264595+0.002284	test-rmse:0.284644+0.007282 
[672]	train-rmse:0.264492+0.002290	test-rmse:0.284563+0.007280 
[673]	train-rmse:0.264320+0.002287	test-rmse:0.284434+0.007292 
[674]	train-rmse:0.264182+0.002285	test-rmse:0.284325+0.007321 
[675]	train-rmse:0.264007+0.002286	test-rmse:0.284183+0.007330 
[676]	train-rmse:0.263837+0.002283	test-rmse:0.284054+0.007340 
[677]	train-rmse:0.263671+0.002287	test-rmse:0.283925+0.007348 
[678]	train-rmse:0.263536+0.002275	test-rmse:0.283814+0.007375 
[679]	train-rmse:0.263400+0.002223	test-rmse:0.283707+0.007416 
[680]	train-rmse:0.263297+0.002156	test-rmse:0.283620+0.007469 
[681]	train-rmse:0.263128+0.002157	test-rmse:0.283489+0.007477 
[682]	train-rmse:0.262957+0.002157	test-rmse:0.283357+0.007489 
[683]	train-rmse:0.262821+0.002205	test-rmse:0.283257+0.007458 
[684]	train-rmse:0.262686+0.002155	test-rmse:0.283149+0.007503 
[685]	train-rmse:0.262581+0.002102	test-rmse:0.283064+0.007560 
[686]	train-rmse:0.262446+0.002124	test-rmse:0.282966+0.007549 
[687]	train-rmse:0.262278+0.002122	test-rmse:0.282843+0.007567 
[688]	train-rmse:0.262208+0.002191	test-rmse:0.282796+0.007528 
[689]	train-rmse:0.262040+0.002191	test-rmse:0.282665+0.007540 
[690]	train-rmse:0.261873+0.002191	test-rmse:0.282539+0.007554 
[691]	train-rmse:0.261770+0.002121	test-rmse:0.282452+0.007610 
[692]	train-rmse:0.261601+0.002123	test-rmse:0.282315+0.007632 
[693]	train-rmse:0.261430+0.002127	test-rmse:0.282189+0.007640 
[694]	train-rmse:0.261265+0.002130	test-rmse:0.282061+0.007653 
[695]	train-rmse:0.261130+0.002109	test-rmse:0.281950+0.007678 
[696]	train-rmse:0.260962+0.002111	test-rmse:0.281817+0.007692 
[697]	train-rmse:0.260825+0.002061	test-rmse:0.281707+0.007730 
[698]	train-rmse:0.260657+0.002060	test-rmse:0.281584+0.007735 
[699]	train-rmse:0.260489+0.002060	test-rmse:0.281456+0.007752 
[700]	train-rmse:0.260354+0.002058	test-rmse:0.281355+0.007777 
[701]	train-rmse:0.260220+0.002059	test-rmse:0.281249+0.007801 
[702]	train-rmse:0.260054+0.002059	test-rmse:0.281123+0.007804 
[703]	train-rmse:0.259888+0.002065	test-rmse:0.280995+0.007810 
[704]	train-rmse:0.259726+0.002068	test-rmse:0.280872+0.007819 
[705]	train-rmse:0.259625+0.002038	test-rmse:0.280796+0.007836 
[706]	train-rmse:0.259456+0.002039	test-rmse:0.280668+0.007853 
[707]	train-rmse:0.259288+0.002038	test-rmse:0.280545+0.007868 
[708]	train-rmse:0.259188+0.002063	test-rmse:0.280472+0.007871 
[709]	train-rmse:0.259018+0.002066	test-rmse:0.280342+0.007884 
[710]	train-rmse:0.258853+0.002068	test-rmse:0.280216+0.007899 
[711]	train-rmse:0.258691+0.002071	test-rmse:0.280087+0.007911 
[712]	train-rmse:0.258529+0.002074	test-rmse:0.279964+0.007920 
[713]	train-rmse:0.258366+0.002074	test-rmse:0.279840+0.007933 
[714]	train-rmse:0.258199+0.002077	test-rmse:0.279707+0.007943 
[715]	train-rmse:0.258040+0.002077	test-rmse:0.279584+0.007952 
[716]	train-rmse:0.257909+0.002122	test-rmse:0.279494+0.007925 
[717]	train-rmse:0.257746+0.002119	test-rmse:0.279369+0.007939 
[718]	train-rmse:0.257616+0.002166	test-rmse:0.279276+0.007909 
[719]	train-rmse:0.257482+0.002169	test-rmse:0.279183+0.007926 
[720]	train-rmse:0.257322+0.002169	test-rmse:0.279061+0.007938 
[721]	train-rmse:0.257195+0.002121	test-rmse:0.278960+0.007979 
[722]	train-rmse:0.257034+0.002121	test-rmse:0.278839+0.007992 
[723]	train-rmse:0.256872+0.002125	test-rmse:0.278714+0.008003 
[724]	train-rmse:0.256710+0.002124	test-rmse:0.278595+0.008011 
[725]	train-rmse:0.256582+0.002107	test-rmse:0.278497+0.008033 
[726]	train-rmse:0.256417+0.002105	test-rmse:0.278376+0.008047 
[727]	train-rmse:0.256291+0.002089	test-rmse:0.278275+0.008073 
[728]	train-rmse:0.256131+0.002092	test-rmse:0.278154+0.008090 
[729]	train-rmse:0.256001+0.002115	test-rmse:0.278055+0.008081 
[730]	train-rmse:0.255874+0.002099	test-rmse:0.277958+0.008099 
[731]	train-rmse:0.255748+0.002099	test-rmse:0.277867+0.008115 
[732]	train-rmse:0.255620+0.002084	test-rmse:0.277769+0.008136 
[733]	train-rmse:0.255463+0.002083	test-rmse:0.277651+0.008151 
[734]	train-rmse:0.255305+0.002083	test-rmse:0.277537+0.008166 
[735]	train-rmse:0.255145+0.002080	test-rmse:0.277416+0.008173 
[736]	train-rmse:0.255051+0.002088	test-rmse:0.277346+0.008177 
[737]	train-rmse:0.254892+0.002090	test-rmse:0.277229+0.008186 
[738]	train-rmse:0.254765+0.002116	test-rmse:0.277139+0.008175 
[739]	train-rmse:0.254635+0.002141	test-rmse:0.277047+0.008165 
[740]	train-rmse:0.254477+0.002143	test-rmse:0.276934+0.008176 
[741]	train-rmse:0.254319+0.002142	test-rmse:0.276808+0.008187 
[742]	train-rmse:0.254194+0.002168	test-rmse:0.276709+0.008179 
[743]	train-rmse:0.254069+0.002206	test-rmse:0.276617+0.008152 
[744]	train-rmse:0.253911+0.002205	test-rmse:0.276497+0.008164 
[745]	train-rmse:0.253786+0.002189	test-rmse:0.276401+0.008191 
[746]	train-rmse:0.253628+0.002194	test-rmse:0.276286+0.008195 
[747]	train-rmse:0.253504+0.002183	test-rmse:0.276192+0.008220 
[748]	train-rmse:0.253379+0.002132	test-rmse:0.276093+0.008262 
[749]	train-rmse:0.253249+0.002128	test-rmse:0.275998+0.008283 
[750]	train-rmse:0.253154+0.002119	test-rmse:0.275923+0.008317 
[751]	train-rmse:0.253028+0.002122	test-rmse:0.275827+0.008347 
[752]	train-rmse:0.252869+0.002123	test-rmse:0.275703+0.008359 
[753]	train-rmse:0.252742+0.002074	test-rmse:0.275603+0.008397 
[754]	train-rmse:0.252618+0.002097	test-rmse:0.275510+0.008384 
[755]	train-rmse:0.252494+0.002047	test-rmse:0.275411+0.008418 
[756]	train-rmse:0.252369+0.002086	test-rmse:0.275327+0.008385 
[757]	train-rmse:0.252210+0.002088	test-rmse:0.275209+0.008397 
[758]	train-rmse:0.252056+0.002089	test-rmse:0.275095+0.008403 
[759]	train-rmse:0.251902+0.002090	test-rmse:0.274982+0.008415 
[760]	train-rmse:0.251775+0.002076	test-rmse:0.274883+0.008443 
[761]	train-rmse:0.251649+0.002080	test-rmse:0.274795+0.008462 
[762]	train-rmse:0.251496+0.002082	test-rmse:0.274680+0.008473 
[763]	train-rmse:0.251372+0.002071	test-rmse:0.274591+0.008496 
[764]	train-rmse:0.251249+0.002076	test-rmse:0.274502+0.008514 
[765]	train-rmse:0.251093+0.002078	test-rmse:0.274384+0.008525 
[766]	train-rmse:0.250938+0.002078	test-rmse:0.274270+0.008533 
[767]	train-rmse:0.250783+0.002079	test-rmse:0.274156+0.008544 
[768]	train-rmse:0.250627+0.002081	test-rmse:0.274037+0.008555 
[769]	train-rmse:0.250535+0.002108	test-rmse:0.273966+0.008535 
[770]	train-rmse:0.250414+0.002126	test-rmse:0.273874+0.008531 
[771]	train-rmse:0.250290+0.002075	test-rmse:0.273776+0.008564 
[772]	train-rmse:0.250166+0.002067	test-rmse:0.273680+0.008587 
[773]	train-rmse:0.250014+0.002069	test-rmse:0.273566+0.008600 
[774]	train-rmse:0.249892+0.002090	test-rmse:0.273476+0.008590 
[775]	train-rmse:0.249771+0.002079	test-rmse:0.273384+0.008611 
[776]	train-rmse:0.249650+0.002106	test-rmse:0.273291+0.008605 
[777]	train-rmse:0.249527+0.002104	test-rmse:0.273202+0.008633 
[778]	train-rmse:0.249375+0.002107	test-rmse:0.273087+0.008644 
[779]	train-rmse:0.249224+0.002105	test-rmse:0.272977+0.008657 
[780]	train-rmse:0.249070+0.002103	test-rmse:0.272866+0.008667 
[781]	train-rmse:0.248920+0.002106	test-rmse:0.272752+0.008678 
[782]	train-rmse:0.248767+0.002106	test-rmse:0.272639+0.008683 
[783]	train-rmse:0.248615+0.002105	test-rmse:0.272522+0.008690 
[784]	train-rmse:0.248461+0.002102	test-rmse:0.272403+0.008702 
[785]	train-rmse:0.248399+0.002077	test-rmse:0.272359+0.008710 
[786]	train-rmse:0.248277+0.002025	test-rmse:0.272261+0.008742 
[787]	train-rmse:0.248157+0.002031	test-rmse:0.272173+0.008761 
[788]	train-rmse:0.248008+0.002031	test-rmse:0.272066+0.008771 
[789]	train-rmse:0.247888+0.002036	test-rmse:0.271977+0.008794 
[790]	train-rmse:0.247737+0.002033	test-rmse:0.271864+0.008808 
[791]	train-rmse:0.247587+0.002035	test-rmse:0.271752+0.008821 
[792]	train-rmse:0.247473+0.002029	test-rmse:0.271655+0.008845 
[793]	train-rmse:0.247351+0.001976	test-rmse:0.271564+0.008877 
[794]	train-rmse:0.247261+0.002034	test-rmse:0.271502+0.008831 
[795]	train-rmse:0.247171+0.002005	test-rmse:0.271432+0.008846 
[796]	train-rmse:0.247050+0.002044	test-rmse:0.271349+0.008820 
[797]	train-rmse:0.246930+0.002051	test-rmse:0.271264+0.008846 
[798]	train-rmse:0.246779+0.002053	test-rmse:0.271160+0.008857 
[799]	train-rmse:0.246663+0.002005	test-rmse:0.271079+0.008883 
[800]	train-rmse:0.246544+0.002042	test-rmse:0.271001+0.008861 
[801]	train-rmse:0.246424+0.001995	test-rmse:0.270904+0.008898 
[802]	train-rmse:0.246273+0.001993	test-rmse:0.270795+0.008902 
[803]	train-rmse:0.246125+0.001993	test-rmse:0.270685+0.008919 
[804]	train-rmse:0.246005+0.001979	test-rmse:0.270601+0.008941 
[805]	train-rmse:0.245858+0.001983	test-rmse:0.270492+0.008952 
[806]	train-rmse:0.245771+0.001974	test-rmse:0.270429+0.008950 
[807]	train-rmse:0.245654+0.001929	test-rmse:0.270338+0.008985 
[808]	train-rmse:0.245506+0.001924	test-rmse:0.270234+0.008997 
[809]	train-rmse:0.245360+0.001926	test-rmse:0.270131+0.009010 
[810]	train-rmse:0.245214+0.001925	test-rmse:0.270019+0.009021 
[811]	train-rmse:0.245093+0.001880	test-rmse:0.269929+0.009058 
[812]	train-rmse:0.244947+0.001880	test-rmse:0.269817+0.009073 
[813]	train-rmse:0.244798+0.001879	test-rmse:0.269704+0.009085 
[814]	train-rmse:0.244653+0.001878	test-rmse:0.269595+0.009097 
[815]	train-rmse:0.244535+0.001864	test-rmse:0.269510+0.009119 
[816]	train-rmse:0.244417+0.001851	test-rmse:0.269422+0.009141 
[817]	train-rmse:0.244301+0.001808	test-rmse:0.269329+0.009178 
[818]	train-rmse:0.244188+0.001831	test-rmse:0.269245+0.009169 
[819]	train-rmse:0.244043+0.001834	test-rmse:0.269138+0.009177 
[820]	train-rmse:0.243898+0.001835	test-rmse:0.269035+0.009185 
[821]	train-rmse:0.243781+0.001877	test-rmse:0.268953+0.009156 
[822]	train-rmse:0.243721+0.001874	test-rmse:0.268913+0.009161 
[823]	train-rmse:0.243608+0.001917	test-rmse:0.268830+0.009135 
[824]	train-rmse:0.243494+0.001937	test-rmse:0.268747+0.009131 
[825]	train-rmse:0.243349+0.001937	test-rmse:0.268648+0.009141 
[826]	train-rmse:0.243205+0.001940	test-rmse:0.268543+0.009154 
[827]	train-rmse:0.243060+0.001943	test-rmse:0.268436+0.009164 
[828]	train-rmse:0.242917+0.001943	test-rmse:0.268328+0.009175 
[829]	train-rmse:0.242772+0.001948	test-rmse:0.268227+0.009185 
[830]	train-rmse:0.242628+0.001947	test-rmse:0.268120+0.009201 
[831]	train-rmse:0.242485+0.001948	test-rmse:0.268015+0.009215 
[832]	train-rmse:0.242339+0.001951	test-rmse:0.267910+0.009227 
[833]	train-rmse:0.242198+0.001950	test-rmse:0.267808+0.009237 
[834]	train-rmse:0.242086+0.001940	test-rmse:0.267724+0.009255 
[835]	train-rmse:0.241973+0.001926	test-rmse:0.267635+0.009283 
[836]	train-rmse:0.241831+0.001924	test-rmse:0.267537+0.009296 
[837]	train-rmse:0.241691+0.001925	test-rmse:0.267434+0.009305 
[838]	train-rmse:0.241579+0.001915	test-rmse:0.267352+0.009326 
[839]	train-rmse:0.241439+0.001917	test-rmse:0.267248+0.009338 
[840]	train-rmse:0.241330+0.001909	test-rmse:0.267166+0.009360 
[841]	train-rmse:0.241189+0.001910	test-rmse:0.267069+0.009373 
[842]	train-rmse:0.241045+0.001913	test-rmse:0.266970+0.009381 
[843]	train-rmse:0.240903+0.001917	test-rmse:0.266867+0.009390 
[844]	train-rmse:0.240765+0.001922	test-rmse:0.266773+0.009406 
[845]	train-rmse:0.240620+0.001926	test-rmse:0.266668+0.009420 
[846]	train-rmse:0.240504+0.001928	test-rmse:0.266588+0.009437 
[847]	train-rmse:0.240363+0.001930	test-rmse:0.266484+0.009444 
[848]	train-rmse:0.240219+0.001929	test-rmse:0.266387+0.009461 
[849]	train-rmse:0.240075+0.001929	test-rmse:0.266279+0.009466 
[850]	train-rmse:0.239937+0.001934	test-rmse:0.266179+0.009480 
[851]	train-rmse:0.239795+0.001933	test-rmse:0.266081+0.009494 
[852]	train-rmse:0.239656+0.001931	test-rmse:0.265977+0.009506 
[853]	train-rmse:0.239546+0.001946	test-rmse:0.265896+0.009498 
[854]	train-rmse:0.239435+0.001948	test-rmse:0.265815+0.009515 
[855]	train-rmse:0.239327+0.001939	test-rmse:0.265732+0.009539 
[856]	train-rmse:0.239189+0.001943	test-rmse:0.265631+0.009546 
[857]	train-rmse:0.239104+0.001936	test-rmse:0.265569+0.009580 
[858]	train-rmse:0.238994+0.001953	test-rmse:0.265487+0.009573 
[859]	train-rmse:0.238882+0.001970	test-rmse:0.265409+0.009570 
[860]	train-rmse:0.238772+0.001973	test-rmse:0.265327+0.009595 
[861]	train-rmse:0.238633+0.001975	test-rmse:0.265234+0.009606 
[862]	train-rmse:0.238522+0.001996	test-rmse:0.265164+0.009598 
[863]	train-rmse:0.238382+0.001996	test-rmse:0.265065+0.009608 
[864]	train-rmse:0.238300+0.002022	test-rmse:0.265007+0.009592 
[865]	train-rmse:0.238218+0.002043	test-rmse:0.264947+0.009598 
[866]	train-rmse:0.238107+0.002050	test-rmse:0.264874+0.009619 
[867]	train-rmse:0.237995+0.002083	test-rmse:0.264795+0.009596 
[868]	train-rmse:0.237883+0.002103	test-rmse:0.264715+0.009592 
[869]	train-rmse:0.237747+0.002103	test-rmse:0.264614+0.009601 
[870]	train-rmse:0.237609+0.002100	test-rmse:0.264518+0.009609 
[871]	train-rmse:0.237499+0.002132	test-rmse:0.264443+0.009586 
[872]	train-rmse:0.237363+0.002135	test-rmse:0.264349+0.009594 
[873]	train-rmse:0.237252+0.002171	test-rmse:0.264269+0.009574 
[874]	train-rmse:0.237118+0.002172	test-rmse:0.264172+0.009581 
[875]	train-rmse:0.236984+0.002172	test-rmse:0.264074+0.009590 
[876]	train-rmse:0.236850+0.002173	test-rmse:0.263971+0.009600 
[877]	train-rmse:0.236718+0.002173	test-rmse:0.263874+0.009604 
[878]	train-rmse:0.236588+0.002173	test-rmse:0.263778+0.009609 
[879]	train-rmse:0.236508+0.002177	test-rmse:0.263721+0.009611 
[880]	train-rmse:0.236373+0.002180	test-rmse:0.263624+0.009615 
[881]	train-rmse:0.236237+0.002178	test-rmse:0.263526+0.009628 
[882]	train-rmse:0.236159+0.002126	test-rmse:0.263466+0.009675 
[883]	train-rmse:0.236026+0.002127	test-rmse:0.263371+0.009687 
[884]	train-rmse:0.235921+0.002116	test-rmse:0.263285+0.009711 
[885]	train-rmse:0.235786+0.002116	test-rmse:0.263188+0.009720 
[886]	train-rmse:0.235679+0.002135	test-rmse:0.263109+0.009714 
[887]	train-rmse:0.235627+0.002127	test-rmse:0.263070+0.009718 
[888]	train-rmse:0.235493+0.002126	test-rmse:0.262978+0.009729 
[889]	train-rmse:0.235387+0.002161	test-rmse:0.262905+0.009708 
[890]	train-rmse:0.235253+0.002162	test-rmse:0.262811+0.009716 
[891]	train-rmse:0.235115+0.002161	test-rmse:0.262713+0.009723 
[892]	train-rmse:0.234983+0.002158	test-rmse:0.262622+0.009735 
[893]	train-rmse:0.234848+0.002161	test-rmse:0.262524+0.009753 
[894]	train-rmse:0.234712+0.002158	test-rmse:0.262427+0.009766 
[895]	train-rmse:0.234581+0.002156	test-rmse:0.262328+0.009782 
[896]	train-rmse:0.234471+0.002172	test-rmse:0.262251+0.009780 
[897]	train-rmse:0.234339+0.002170	test-rmse:0.262159+0.009789 
[898]	train-rmse:0.234206+0.002171	test-rmse:0.262072+0.009803 
[899]	train-rmse:0.234101+0.002128	test-rmse:0.261992+0.009829 
[900]	train-rmse:0.233970+0.002131	test-rmse:0.261901+0.009841 
[901]	train-rmse:0.233890+0.002124	test-rmse:0.261848+0.009836 
[902]	train-rmse:0.233759+0.002126	test-rmse:0.261755+0.009843 
[903]	train-rmse:0.233652+0.002163	test-rmse:0.261683+0.009819 
[904]	train-rmse:0.233548+0.002177	test-rmse:0.261610+0.009812 
[905]	train-rmse:0.233415+0.002181	test-rmse:0.261514+0.009817 
[906]	train-rmse:0.233286+0.002183	test-rmse:0.261422+0.009826 
[907]	train-rmse:0.233206+0.002143	test-rmse:0.261367+0.009864 
[908]	train-rmse:0.233103+0.002133	test-rmse:0.261288+0.009883 
[909]	train-rmse:0.232970+0.002133	test-rmse:0.261199+0.009891 
[910]	train-rmse:0.232841+0.002133	test-rmse:0.261105+0.009904 
[911]	train-rmse:0.232709+0.002132	test-rmse:0.261013+0.009912 
[912]	train-rmse:0.232575+0.002136	test-rmse:0.260927+0.009918 
[913]	train-rmse:0.232442+0.002136	test-rmse:0.260834+0.009934 
[914]	train-rmse:0.232308+0.002138	test-rmse:0.260742+0.009942 
[915]	train-rmse:0.232203+0.002175	test-rmse:0.260675+0.009922 
[916]	train-rmse:0.232100+0.002165	test-rmse:0.260601+0.009942 
[917]	train-rmse:0.231998+0.002152	test-rmse:0.260529+0.009959 
[918]	train-rmse:0.231869+0.002151	test-rmse:0.260440+0.009973 
[919]	train-rmse:0.231769+0.002138	test-rmse:0.260365+0.009994 
[920]	train-rmse:0.231668+0.002096	test-rmse:0.260293+0.010023 
[921]	train-rmse:0.231539+0.002096	test-rmse:0.260199+0.010041 
[922]	train-rmse:0.231461+0.002133	test-rmse:0.260145+0.010024 
[923]	train-rmse:0.231357+0.002138	test-rmse:0.260070+0.010040 
[924]	train-rmse:0.231279+0.002158	test-rmse:0.260017+0.010043 
[925]	train-rmse:0.231179+0.002165	test-rmse:0.259947+0.010062 
[926]	train-rmse:0.231049+0.002162	test-rmse:0.259853+0.010069 
[927]	train-rmse:0.230920+0.002164	test-rmse:0.259762+0.010078 
[928]	train-rmse:0.230818+0.002167	test-rmse:0.259693+0.010096 
[929]	train-rmse:0.230690+0.002167	test-rmse:0.259605+0.010107 
[930]	train-rmse:0.230561+0.002166	test-rmse:0.259516+0.010115 
[931]	train-rmse:0.230482+0.002131	test-rmse:0.259461+0.010147 
[932]	train-rmse:0.230352+0.002132	test-rmse:0.259378+0.010163 
[933]	train-rmse:0.230219+0.002134	test-rmse:0.259284+0.010173 
[934]	train-rmse:0.230115+0.002167	test-rmse:0.259218+0.010153 
[935]	train-rmse:0.230014+0.002198	test-rmse:0.259148+0.010134 
[936]	train-rmse:0.229886+0.002195	test-rmse:0.259062+0.010148 
[937]	train-rmse:0.229757+0.002193	test-rmse:0.258971+0.010156 
[938]	train-rmse:0.229656+0.002202	test-rmse:0.258904+0.010172 
[939]	train-rmse:0.229530+0.002205	test-rmse:0.258822+0.010179 
[940]	train-rmse:0.229429+0.002166	test-rmse:0.258755+0.010209 
[941]	train-rmse:0.229301+0.002165	test-rmse:0.258667+0.010220 
[942]	train-rmse:0.229173+0.002163	test-rmse:0.258581+0.010233 
[943]	train-rmse:0.229047+0.002166	test-rmse:0.258492+0.010243 
[944]	train-rmse:0.228924+0.002167	test-rmse:0.258407+0.010256 
[945]	train-rmse:0.228821+0.002152	test-rmse:0.258331+0.010276 
[946]	train-rmse:0.228772+0.002184	test-rmse:0.258298+0.010252 
[947]	train-rmse:0.228698+0.002231	test-rmse:0.258255+0.010220 
[948]	train-rmse:0.228572+0.002234	test-rmse:0.258167+0.010226 
[949]	train-rmse:0.228445+0.002235	test-rmse:0.258087+0.010237 
[950]	train-rmse:0.228322+0.002236	test-rmse:0.258003+0.010251 
[951]	train-rmse:0.228199+0.002237	test-rmse:0.257916+0.010267 
[952]	train-rmse:0.228126+0.002237	test-rmse:0.257869+0.010275 
[953]	train-rmse:0.228004+0.002238	test-rmse:0.257787+0.010287 
[954]	train-rmse:0.227879+0.002237	test-rmse:0.257709+0.010296 
[955]	train-rmse:0.227807+0.002186	test-rmse:0.257659+0.010328 
[956]	train-rmse:0.227707+0.002200	test-rmse:0.257592+0.010331 
[957]	train-rmse:0.227584+0.002202	test-rmse:0.257510+0.010342 
[958]	train-rmse:0.227463+0.002202	test-rmse:0.257426+0.010349 
[959]	train-rmse:0.227336+0.002204	test-rmse:0.257337+0.010355 
[960]	train-rmse:0.227241+0.002192	test-rmse:0.257267+0.010377 
[961]	train-rmse:0.227116+0.002192	test-rmse:0.257175+0.010385 
[962]	train-rmse:0.227038+0.002187	test-rmse:0.257126+0.010412 
[963]	train-rmse:0.226940+0.002194	test-rmse:0.257066+0.010425 
[964]	train-rmse:0.226817+0.002193	test-rmse:0.256985+0.010429 
[965]	train-rmse:0.226714+0.002184	test-rmse:0.256917+0.010450 
[966]	train-rmse:0.226616+0.002200	test-rmse:0.256845+0.010450 
[967]	train-rmse:0.226522+0.002211	test-rmse:0.256782+0.010452 
[968]	train-rmse:0.226421+0.002219	test-rmse:0.256712+0.010462 
[969]	train-rmse:0.226299+0.002218	test-rmse:0.256631+0.010477 
[970]	train-rmse:0.226177+0.002219	test-rmse:0.256550+0.010484 
[971]	train-rmse:0.226103+0.002186	test-rmse:0.256497+0.010521 
[972]	train-rmse:0.225980+0.002184	test-rmse:0.256414+0.010530 
[973]	train-rmse:0.225861+0.002185	test-rmse:0.256337+0.010541 
[974]	train-rmse:0.225741+0.002185	test-rmse:0.256252+0.010551 
[975]	train-rmse:0.225644+0.002193	test-rmse:0.256187+0.010564 
[976]	train-rmse:0.225547+0.002222	test-rmse:0.256120+0.010544 
[977]	train-rmse:0.225446+0.002238	test-rmse:0.256056+0.010536 
[978]	train-rmse:0.225349+0.002271	test-rmse:0.255995+0.010520 
[979]	train-rmse:0.225228+0.002270	test-rmse:0.255912+0.010532 
[980]	train-rmse:0.225109+0.002267	test-rmse:0.255829+0.010545 
[981]	train-rmse:0.225012+0.002258	test-rmse:0.255758+0.010567 
[982]	train-rmse:0.224916+0.002270	test-rmse:0.255686+0.010562 
[983]	train-rmse:0.224847+0.002293	test-rmse:0.255641+0.010570 
[984]	train-rmse:0.224727+0.002293	test-rmse:0.255559+0.010580 
[985]	train-rmse:0.224607+0.002292	test-rmse:0.255477+0.010591 
[986]	train-rmse:0.224489+0.002292	test-rmse:0.255403+0.010601 
[987]	train-rmse:0.224392+0.002321	test-rmse:0.255340+0.010585 
[988]	train-rmse:0.224294+0.002309	test-rmse:0.255274+0.010599 
[989]	train-rmse:0.224171+0.002312	test-rmse:0.255191+0.010613 
[990]	train-rmse:0.224051+0.002313	test-rmse:0.255109+0.010628 
[991]	train-rmse:0.223930+0.002312	test-rmse:0.255031+0.010636 
[992]	train-rmse:0.223833+0.002340	test-rmse:0.254971+0.010620 
[993]	train-rmse:0.223713+0.002342	test-rmse:0.254887+0.010630 
[994]	train-rmse:0.223618+0.002303	test-rmse:0.254818+0.010659 
[995]	train-rmse:0.223549+0.002295	test-rmse:0.254769+0.010656 
[996]	train-rmse:0.223459+0.002284	test-rmse:0.254700+0.010676 
[997]	train-rmse:0.223338+0.002283	test-rmse:0.254615+0.010686 
[998]	train-rmse:0.223266+0.002288	test-rmse:0.254568+0.010689 
[999]	train-rmse:0.223169+0.002246	test-rmse:0.254503+0.010711 
[1000]	train-rmse:0.223051+0.002251	test-rmse:0.254420+0.010720 
[1001]	train-rmse:0.222958+0.002256	test-rmse:0.254357+0.010742 
[1002]	train-rmse:0.222865+0.002268	test-rmse:0.254298+0.010741 
[1003]	train-rmse:0.222770+0.002229	test-rmse:0.254231+0.010766 
[1004]	train-rmse:0.222724+0.002237	test-rmse:0.254199+0.010774 
[1005]	train-rmse:0.222608+0.002239	test-rmse:0.254118+0.010783 
[1006]	train-rmse:0.222537+0.002256	test-rmse:0.254068+0.010774 
[1007]	train-rmse:0.222421+0.002257	test-rmse:0.253989+0.010783 
[1008]	train-rmse:0.222330+0.002264	test-rmse:0.253923+0.010796 
[1009]	train-rmse:0.222212+0.002261	test-rmse:0.253848+0.010802 
[1010]	train-rmse:0.222119+0.002272	test-rmse:0.253789+0.010796 
[1011]	train-rmse:0.222003+0.002272	test-rmse:0.253719+0.010805 
[1012]	train-rmse:0.221884+0.002273	test-rmse:0.253648+0.010813 
[1013]	train-rmse:0.221769+0.002274	test-rmse:0.253571+0.010825 
[1014]	train-rmse:0.221656+0.002276	test-rmse:0.253496+0.010834 
[1015]	train-rmse:0.221564+0.002264	test-rmse:0.253429+0.010859 
[1016]	train-rmse:0.221448+0.002265	test-rmse:0.253354+0.010875 
[1017]	train-rmse:0.221402+0.002231	test-rmse:0.253317+0.010898 
[1018]	train-rmse:0.221287+0.002231	test-rmse:0.253242+0.010909 
[1019]	train-rmse:0.221172+0.002233	test-rmse:0.253171+0.010917 
[1020]	train-rmse:0.221058+0.002235	test-rmse:0.253100+0.010926 
[1021]	train-rmse:0.220943+0.002235	test-rmse:0.253022+0.010932 
[1022]	train-rmse:0.220846+0.002242	test-rmse:0.252964+0.010939 
[1023]	train-rmse:0.220775+0.002212	test-rmse:0.252914+0.010970 
[1024]	train-rmse:0.220707+0.002217	test-rmse:0.252868+0.010977 
[1025]	train-rmse:0.220614+0.002226	test-rmse:0.252805+0.010991 
[1026]	train-rmse:0.220496+0.002228	test-rmse:0.252725+0.010997 
[1027]	train-rmse:0.220405+0.002238	test-rmse:0.252665+0.011015 
[1028]	train-rmse:0.220290+0.002237	test-rmse:0.252595+0.011026 
[1029]	train-rmse:0.220173+0.002237	test-rmse:0.252520+0.011035 
[1030]	train-rmse:0.220055+0.002241	test-rmse:0.252449+0.011044 
[1031]	train-rmse:0.219966+0.002204	test-rmse:0.252393+0.011068 
[1032]	train-rmse:0.219855+0.002203	test-rmse:0.252317+0.011080 
[1033]	train-rmse:0.219765+0.002225	test-rmse:0.252265+0.011062 
[1034]	train-rmse:0.219671+0.002184	test-rmse:0.252204+0.011088 
[1035]	train-rmse:0.219552+0.002185	test-rmse:0.252128+0.011098 
[1036]	train-rmse:0.219460+0.002147	test-rmse:0.252066+0.011118 
[1037]	train-rmse:0.219343+0.002145	test-rmse:0.251988+0.011124 
[1038]	train-rmse:0.219231+0.002147	test-rmse:0.251912+0.011137 
[1039]	train-rmse:0.219118+0.002146	test-rmse:0.251831+0.011146 
[1040]	train-rmse:0.219005+0.002150	test-rmse:0.251759+0.011149 
[1041]	train-rmse:0.218890+0.002150	test-rmse:0.251687+0.011160 
[1042]	train-rmse:0.218779+0.002147	test-rmse:0.251615+0.011175 
[1043]	train-rmse:0.218670+0.002149	test-rmse:0.251544+0.011181 
[1044]	train-rmse:0.218554+0.002149	test-rmse:0.251472+0.011189 
[1045]	train-rmse:0.218442+0.002152	test-rmse:0.251401+0.011195 
[1046]	train-rmse:0.218333+0.002154	test-rmse:0.251329+0.011203 
[1047]	train-rmse:0.218223+0.002156	test-rmse:0.251253+0.011209 
[1048]	train-rmse:0.218113+0.002153	test-rmse:0.251180+0.011223 
[1049]	train-rmse:0.218044+0.002124	test-rmse:0.251134+0.011254 
[1050]	train-rmse:0.217956+0.002138	test-rmse:0.251077+0.011247 
[1051]	train-rmse:0.217843+0.002139	test-rmse:0.251003+0.011255 
[1052]	train-rmse:0.217734+0.002141	test-rmse:0.250931+0.011266 
[1053]	train-rmse:0.217667+0.002118	test-rmse:0.250884+0.011275 
[1054]	train-rmse:0.217551+0.002119	test-rmse:0.250813+0.011287 
[1055]	train-rmse:0.217439+0.002119	test-rmse:0.250736+0.011292 
[1056]	train-rmse:0.217326+0.002119	test-rmse:0.250667+0.011296 
[1057]	train-rmse:0.217235+0.002128	test-rmse:0.250609+0.011310 
[1058]	train-rmse:0.217166+0.002128	test-rmse:0.250566+0.011316 
[1059]	train-rmse:0.217055+0.002128	test-rmse:0.250495+0.011325 
> hgrid <-
+   dplyr::bind_cols(xgboost_params[index, ], dart.cv$evaluation_log[dart.cv$best_iteration, ], best_iter = dart.cv$best_iteration)
> 
> # write result
> fname <- file.path('data-raw', 'tune', year, 'array', paste0('tune_', index, '.tsv'))
> readr::write_tsv(hgrid, file = fname)
> 
