> 
> # parse arguments
> args <- R.utils::commandArgs(trailingOnly = FALSE, asValues = TRUE)
> index <- as.integer(args$index)
> year <- as.character(args$year)
> nreps <- as.integer(args$nreps)
> seed <- as.integer(args$seed)
> 
> # get number of cores
> wkrs <- length(future::availableWorkers())
> 
> # set seed
> set.seed(seed)
> 
> # read and prepare the cluster features
> fp <- file.path('data-raw', 'features', year)
> clf <-
+   read_features(fp, pattern = 'paris.', recursive = FALSE)
> clf <- prepare_features(
+   clf,
+   feature_map = feature_map,
+   category = c('response', 'bio', 'net'),
+   type = 'list',
+   exclusions = c(
+     'mg2_pairs_count',
+     'mg2_not_pairs_count',
+     'mg2_portion_families_recovered',
+     'cluster_origin',
+     'bocc_origin',
+     'cluster_method',
+     'subcluster_method',
+     'year',
+     'IDs',
+     'go_sig_threshold',
+     'num_new_edges_on_any_node',
+     'HPO_ratio'
+   ),
+   verbose = TRUE
+ )
c('HPO_ratio', 'IDs', 'bocc_origin', 'cluster_method', 'cluster_origin', 'go_sig_threshold', 'max_norm_cell_type_comma_sep_string', 'max_norm_disease_comma_sep_string', 'mg2_not_pairs_count', 'mg2_pairs_count', 'mg2_portion_families_recovered', 'num_new_edges_on_any_node', 'sig_go_enrichment_fdr_corrected_p_vals', 'sig_go_enrichment_p_vals', 'sig_go_enrichment_terms', 'subcluster_method', 'year')

> 
> # prepare grid of parameters
> xgboost_params <- dials::parameters(
+   nrounds = dials::trees(),
+   eta = dials::learn_rate(),
+   gamma = dials::loss_reduction(),
+   dials::tree_depth(),
+   subsample = dials::sample_prop(),
+   rate_drop = dials::dropout(),
+   skip_drop = dials::dropout()
+ )
> xgboost_params <-
+   dials::grid_max_entropy(xgboost_params, size = nreps)
> 
> # tune the dart booster
> dart.param <-
+   list(
+     booster = "dart",
+     objective = "reg:logistic",
+     eval_metric = "rmse",
+     nthread = wkrs,
+     max_depth = xgboost_params$tree_depth[index],
+     eta = xgboost_params$eta[index],
+     gamma = xgboost_params$gamma[index],
+     subsample = xgboost_params$subsample[index],
+     rate_drop = xgboost_params$rate_drop[index],
+     skip_drop = xgboost_params$skip_drop[index]
+   )
> dart.cv <- xgboost::xgb.cv(
+   params = dart.param,
+   nrounds = xgboost_params$nrounds[index],
+   data = as.matrix(clf[, -1]),
+   nfold = 5,
+   label = clf$snowballing_pvalue,
+   early_stopping_rounds = 50
+ )
[1]	train-rmse:0.417638+0.001018	test-rmse:0.417616+0.004058 
Multiple eval metrics are present. Will use test_rmse for early stopping.
Will train until test_rmse hasn't improved in 50 rounds.

[2]	train-rmse:0.417562+0.001019	test-rmse:0.417541+0.004055 
[3]	train-rmse:0.417486+0.001018	test-rmse:0.417465+0.004054 
[4]	train-rmse:0.417411+0.001017	test-rmse:0.417391+0.004052 
[5]	train-rmse:0.417353+0.001029	test-rmse:0.417333+0.004040 
[6]	train-rmse:0.417296+0.001040	test-rmse:0.417275+0.004027 
[7]	train-rmse:0.417230+0.001041	test-rmse:0.417211+0.004026 
[8]	train-rmse:0.417177+0.001061	test-rmse:0.417158+0.004005 
[9]	train-rmse:0.417111+0.001061	test-rmse:0.417093+0.004004 
[10]	train-rmse:0.417064+0.001052	test-rmse:0.417047+0.004013 
[11]	train-rmse:0.417024+0.001075	test-rmse:0.417008+0.003991 
[12]	train-rmse:0.416993+0.001069	test-rmse:0.416976+0.003998 
[13]	train-rmse:0.416941+0.001046	test-rmse:0.416925+0.004018 
[14]	train-rmse:0.416878+0.001045	test-rmse:0.416862+0.004018 
[15]	train-rmse:0.416864+0.001043	test-rmse:0.416848+0.004019 
[16]	train-rmse:0.416827+0.001068	test-rmse:0.416812+0.003995 
[17]	train-rmse:0.416789+0.001057	test-rmse:0.416776+0.004006 
[18]	train-rmse:0.416753+0.001056	test-rmse:0.416740+0.004006 
[19]	train-rmse:0.416679+0.001057	test-rmse:0.416667+0.004003 
[20]	train-rmse:0.416643+0.001071	test-rmse:0.416630+0.003989 
[21]	train-rmse:0.416606+0.001048	test-rmse:0.416594+0.004012 
[22]	train-rmse:0.416584+0.001070	test-rmse:0.416572+0.003989 
[23]	train-rmse:0.416536+0.001094	test-rmse:0.416525+0.003964 
[24]	train-rmse:0.416488+0.001107	test-rmse:0.416475+0.003949 
[25]	train-rmse:0.416426+0.001115	test-rmse:0.416414+0.003938 
[26]	train-rmse:0.416405+0.001117	test-rmse:0.416393+0.003938 
[27]	train-rmse:0.416369+0.001091	test-rmse:0.416359+0.003963 
[28]	train-rmse:0.416321+0.001098	test-rmse:0.416311+0.003952 
[29]	train-rmse:0.416260+0.001073	test-rmse:0.416250+0.003976 
[30]	train-rmse:0.416186+0.001072	test-rmse:0.416176+0.003976 
[31]	train-rmse:0.416151+0.001067	test-rmse:0.416143+0.003983 
[32]	train-rmse:0.416129+0.001052	test-rmse:0.416122+0.003997 
[33]	train-rmse:0.416068+0.001054	test-rmse:0.416062+0.003995 
[34]	train-rmse:0.416048+0.001057	test-rmse:0.416043+0.003994 
[35]	train-rmse:0.416000+0.001036	test-rmse:0.415997+0.004018 
[36]	train-rmse:0.415981+0.001028	test-rmse:0.415978+0.004029 
[37]	train-rmse:0.415977+0.001028	test-rmse:0.415974+0.004028 
[38]	train-rmse:0.415958+0.001053	test-rmse:0.415955+0.004003 
[39]	train-rmse:0.415939+0.001057	test-rmse:0.415937+0.004002 
[40]	train-rmse:0.415922+0.001053	test-rmse:0.415918+0.004001 
[41]	train-rmse:0.415861+0.001060	test-rmse:0.415858+0.003992 
[42]	train-rmse:0.415829+0.001082	test-rmse:0.415824+0.003966 
[43]	train-rmse:0.415783+0.001095	test-rmse:0.415777+0.003950 
[44]	train-rmse:0.415750+0.001084	test-rmse:0.415744+0.003960 
[45]	train-rmse:0.415732+0.001083	test-rmse:0.415725+0.003959 
[46]	train-rmse:0.415714+0.001075	test-rmse:0.415707+0.003969 
[47]	train-rmse:0.415696+0.001077	test-rmse:0.415689+0.003969 
[48]	train-rmse:0.415663+0.001084	test-rmse:0.415657+0.003958 
[49]	train-rmse:0.415630+0.001101	test-rmse:0.415623+0.003942 
[50]	train-rmse:0.415597+0.001087	test-rmse:0.415593+0.003956 
[51]	train-rmse:0.415565+0.001115	test-rmse:0.415562+0.003929 
[52]	train-rmse:0.415533+0.001111	test-rmse:0.415530+0.003939 
[53]	train-rmse:0.415502+0.001100	test-rmse:0.415498+0.003949 
[54]	train-rmse:0.415483+0.001081	test-rmse:0.415481+0.003964 
[55]	train-rmse:0.415436+0.001107	test-rmse:0.415434+0.003938 
[56]	train-rmse:0.415405+0.001124	test-rmse:0.415402+0.003923 
[57]	train-rmse:0.415373+0.001146	test-rmse:0.415369+0.003897 
[58]	train-rmse:0.415341+0.001169	test-rmse:0.415336+0.003870 
[59]	train-rmse:0.415310+0.001149	test-rmse:0.415304+0.003886 
[60]	train-rmse:0.415265+0.001165	test-rmse:0.415258+0.003870 
[61]	train-rmse:0.415248+0.001165	test-rmse:0.415240+0.003870 
[62]	train-rmse:0.415187+0.001183	test-rmse:0.415179+0.003853 
[63]	train-rmse:0.415111+0.001182	test-rmse:0.415103+0.003853 
[64]	train-rmse:0.415065+0.001176	test-rmse:0.415057+0.003863 
[65]	train-rmse:0.415047+0.001179	test-rmse:0.415040+0.003862 
[66]	train-rmse:0.415015+0.001196	test-rmse:0.415008+0.003846 
[67]	train-rmse:0.414999+0.001196	test-rmse:0.414991+0.003847 
[68]	train-rmse:0.414953+0.001192	test-rmse:0.414945+0.003858 
[69]	train-rmse:0.414907+0.001199	test-rmse:0.414900+0.003845 
[70]	train-rmse:0.414860+0.001219	test-rmse:0.414854+0.003828 
[71]	train-rmse:0.414844+0.001219	test-rmse:0.414837+0.003829 
[72]	train-rmse:0.414798+0.001202	test-rmse:0.414792+0.003843 
[73]	train-rmse:0.414739+0.001198	test-rmse:0.414733+0.003843 
[74]	train-rmse:0.414722+0.001178	test-rmse:0.414717+0.003858 
[75]	train-rmse:0.414691+0.001171	test-rmse:0.414685+0.003869 
[76]	train-rmse:0.414674+0.001151	test-rmse:0.414669+0.003884 
[77]	train-rmse:0.414642+0.001177	test-rmse:0.414636+0.003858 
[78]	train-rmse:0.414626+0.001201	test-rmse:0.414619+0.003831 
[79]	train-rmse:0.414623+0.001201	test-rmse:0.414616+0.003831 
[80]	train-rmse:0.414593+0.001183	test-rmse:0.414586+0.003846 
[81]	train-rmse:0.414560+0.001166	test-rmse:0.414556+0.003860 
[82]	train-rmse:0.414544+0.001169	test-rmse:0.414540+0.003858 
[83]	train-rmse:0.414512+0.001172	test-rmse:0.414510+0.003849 
[84]	train-rmse:0.414481+0.001164	test-rmse:0.414478+0.003860 
[85]	train-rmse:0.414450+0.001136	test-rmse:0.414447+0.003886 
[86]	train-rmse:0.414404+0.001142	test-rmse:0.414401+0.003876 
[87]	train-rmse:0.414388+0.001125	test-rmse:0.414386+0.003891 
[88]	train-rmse:0.414357+0.001108	test-rmse:0.414356+0.003907 
[89]	train-rmse:0.414312+0.001101	test-rmse:0.414311+0.003917 
[90]	train-rmse:0.414281+0.001108	test-rmse:0.414280+0.003906 
[91]	train-rmse:0.414249+0.001091	test-rmse:0.414250+0.003920 
[92]	train-rmse:0.414233+0.001116	test-rmse:0.414233+0.003893 
[93]	train-rmse:0.414188+0.001133	test-rmse:0.414189+0.003875 
[94]	train-rmse:0.414143+0.001160	test-rmse:0.414143+0.003848 
[95]	train-rmse:0.414112+0.001144	test-rmse:0.414112+0.003865 
[96]	train-rmse:0.414081+0.001135	test-rmse:0.414080+0.003877 
[97]	train-rmse:0.414051+0.001142	test-rmse:0.414050+0.003866 
[98]	train-rmse:0.414049+0.001141	test-rmse:0.414048+0.003866 
[99]	train-rmse:0.414003+0.001152	test-rmse:0.414002+0.003857 
[100]	train-rmse:0.413958+0.001143	test-rmse:0.413957+0.003866 
[101]	train-rmse:0.413912+0.001152	test-rmse:0.413912+0.003853 
[102]	train-rmse:0.413852+0.001150	test-rmse:0.413854+0.003851 
[103]	train-rmse:0.413821+0.001153	test-rmse:0.413823+0.003851 
[104]	train-rmse:0.413791+0.001167	test-rmse:0.413792+0.003835 
[105]	train-rmse:0.413775+0.001156	test-rmse:0.413776+0.003845 
[106]	train-rmse:0.413744+0.001147	test-rmse:0.413744+0.003857 
[107]	train-rmse:0.413714+0.001139	test-rmse:0.413714+0.003866 
[108]	train-rmse:0.413712+0.001139	test-rmse:0.413712+0.003866 
[109]	train-rmse:0.413667+0.001156	test-rmse:0.413667+0.003851 
[110]	train-rmse:0.413651+0.001158	test-rmse:0.413650+0.003852 
[111]	train-rmse:0.413621+0.001174	test-rmse:0.413619+0.003837 
[112]	train-rmse:0.413589+0.001180	test-rmse:0.413588+0.003824 
[113]	train-rmse:0.413588+0.001180	test-rmse:0.413586+0.003824 
[114]	train-rmse:0.413572+0.001162	test-rmse:0.413571+0.003839 
[115]	train-rmse:0.413541+0.001146	test-rmse:0.413541+0.003856 
[116]	train-rmse:0.413539+0.001146	test-rmse:0.413539+0.003856 
[117]	train-rmse:0.413523+0.001136	test-rmse:0.413523+0.003867 
[118]	train-rmse:0.413465+0.001137	test-rmse:0.413464+0.003868 
[119]	train-rmse:0.413421+0.001156	test-rmse:0.413418+0.003855 
[120]	train-rmse:0.413390+0.001184	test-rmse:0.413386+0.003830 
[121]	train-rmse:0.413374+0.001182	test-rmse:0.413371+0.003828 
[122]	train-rmse:0.413343+0.001167	test-rmse:0.413341+0.003845 
[123]	train-rmse:0.413313+0.001191	test-rmse:0.413311+0.003815 
[124]	train-rmse:0.413282+0.001208	test-rmse:0.413280+0.003799 
[125]	train-rmse:0.413252+0.001202	test-rmse:0.413249+0.003812 
[126]	train-rmse:0.413222+0.001220	test-rmse:0.413217+0.003796 
[127]	train-rmse:0.413206+0.001245	test-rmse:0.413201+0.003769 
[128]	train-rmse:0.413190+0.001243	test-rmse:0.413185+0.003767 
[129]	train-rmse:0.413145+0.001251	test-rmse:0.413141+0.003758 
[130]	train-rmse:0.413101+0.001272	test-rmse:0.413095+0.003745 
[131]	train-rmse:0.413070+0.001294	test-rmse:0.413064+0.003715 
[132]	train-rmse:0.413053+0.001276	test-rmse:0.413048+0.003730 
[133]	train-rmse:0.413037+0.001268	test-rmse:0.413032+0.003741 
[134]	train-rmse:0.413007+0.001268	test-rmse:0.413001+0.003740 
[135]	train-rmse:0.412991+0.001271	test-rmse:0.412985+0.003743 
[136]	train-rmse:0.412976+0.001274	test-rmse:0.412968+0.003745 
[137]	train-rmse:0.412960+0.001266	test-rmse:0.412952+0.003756 
[138]	train-rmse:0.412945+0.001270	test-rmse:0.412936+0.003759 
[139]	train-rmse:0.412930+0.001274	test-rmse:0.412920+0.003761 
[140]	train-rmse:0.412914+0.001272	test-rmse:0.412904+0.003758 
[141]	train-rmse:0.412898+0.001270	test-rmse:0.412889+0.003755 
[142]	train-rmse:0.412853+0.001265	test-rmse:0.412845+0.003767 
[143]	train-rmse:0.412822+0.001244	test-rmse:0.412816+0.003778 
[144]	train-rmse:0.412792+0.001268	test-rmse:0.412786+0.003748 
[145]	train-rmse:0.412761+0.001293	test-rmse:0.412755+0.003719 
[146]	train-rmse:0.412715+0.001268	test-rmse:0.412710+0.003747 
[147]	train-rmse:0.412685+0.001272	test-rmse:0.412680+0.003735 
[148]	train-rmse:0.412670+0.001263	test-rmse:0.412665+0.003746 
[149]	train-rmse:0.412639+0.001248	test-rmse:0.412635+0.003763 
[150]	train-rmse:0.412624+0.001272	test-rmse:0.412619+0.003737 
[151]	train-rmse:0.412564+0.001268	test-rmse:0.412561+0.003733 
[152]	train-rmse:0.412533+0.001241	test-rmse:0.412531+0.003759 
[153]	train-rmse:0.412518+0.001244	test-rmse:0.412514+0.003762 
[154]	train-rmse:0.412488+0.001247	test-rmse:0.412484+0.003761 
[155]	train-rmse:0.412458+0.001275	test-rmse:0.412454+0.003738 
[156]	train-rmse:0.412443+0.001279	test-rmse:0.412438+0.003741 
[157]	train-rmse:0.412397+0.001289	test-rmse:0.412392+0.003732 
[158]	train-rmse:0.412366+0.001274	test-rmse:0.412361+0.003751 
[159]	train-rmse:0.412321+0.001278	test-rmse:0.412317+0.003736 
[160]	train-rmse:0.412291+0.001250	test-rmse:0.412288+0.003761 
[161]	train-rmse:0.412260+0.001229	test-rmse:0.412259+0.003774 
[162]	train-rmse:0.412230+0.001237	test-rmse:0.412229+0.003762 
[163]	train-rmse:0.412171+0.001211	test-rmse:0.412171+0.003788 
[164]	train-rmse:0.412141+0.001241	test-rmse:0.412140+0.003765 
[165]	train-rmse:0.412112+0.001236	test-rmse:0.412110+0.003778 
[166]	train-rmse:0.412067+0.001264	test-rmse:0.412065+0.003751 
[167]	train-rmse:0.412036+0.001243	test-rmse:0.412035+0.003763 
[168]	train-rmse:0.411991+0.001249	test-rmse:0.411991+0.003749 
[169]	train-rmse:0.411975+0.001232	test-rmse:0.411976+0.003764 
[170]	train-rmse:0.411944+0.001203	test-rmse:0.411946+0.003790 
[171]	train-rmse:0.411928+0.001202	test-rmse:0.411931+0.003787 
[172]	train-rmse:0.411913+0.001190	test-rmse:0.411916+0.003796 
[173]	train-rmse:0.411883+0.001194	test-rmse:0.411886+0.003797 
[174]	train-rmse:0.411839+0.001206	test-rmse:0.411843+0.003789 
[175]	train-rmse:0.411809+0.001193	test-rmse:0.411813+0.003796 
[176]	train-rmse:0.411808+0.001193	test-rmse:0.411812+0.003796 
[177]	train-rmse:0.411793+0.001181	test-rmse:0.411797+0.003806 
[178]	train-rmse:0.411777+0.001205	test-rmse:0.411781+0.003780 
[179]	train-rmse:0.411776+0.001205	test-rmse:0.411780+0.003780 
[180]	train-rmse:0.411731+0.001212	test-rmse:0.411737+0.003767 
[181]	train-rmse:0.411702+0.001225	test-rmse:0.411707+0.003750 
[182]	train-rmse:0.411686+0.001215	test-rmse:0.411691+0.003761 
[183]	train-rmse:0.411671+0.001205	test-rmse:0.411675+0.003771 
[184]	train-rmse:0.411641+0.001194	test-rmse:0.411646+0.003779 
[185]	train-rmse:0.411611+0.001201	test-rmse:0.411617+0.003767 
[186]	train-rmse:0.411596+0.001192	test-rmse:0.411602+0.003778 
[187]	train-rmse:0.411553+0.001185	test-rmse:0.411558+0.003788 
[188]	train-rmse:0.411522+0.001175	test-rmse:0.411529+0.003796 
[189]	train-rmse:0.411479+0.001202	test-rmse:0.411484+0.003769 
[190]	train-rmse:0.411449+0.001205	test-rmse:0.411454+0.003769 
[191]	train-rmse:0.411390+0.001202	test-rmse:0.411397+0.003766 
[192]	train-rmse:0.411389+0.001202	test-rmse:0.411396+0.003766 
[193]	train-rmse:0.411360+0.001185	test-rmse:0.411366+0.003783 
[194]	train-rmse:0.411345+0.001176	test-rmse:0.411351+0.003793 
[195]	train-rmse:0.411316+0.001171	test-rmse:0.411321+0.003807 
[196]	train-rmse:0.411271+0.001175	test-rmse:0.411278+0.003793 
[197]	train-rmse:0.411241+0.001159	test-rmse:0.411248+0.003810 
[198]	train-rmse:0.411226+0.001183	test-rmse:0.411232+0.003784 
[199]	train-rmse:0.411212+0.001187	test-rmse:0.411216+0.003786 
[200]	train-rmse:0.411196+0.001168	test-rmse:0.411202+0.003801 
[201]	train-rmse:0.411153+0.001186	test-rmse:0.411157+0.003789 
[202]	train-rmse:0.411124+0.001181	test-rmse:0.411128+0.003803 
[203]	train-rmse:0.411066+0.001182	test-rmse:0.411069+0.003806 
[204]	train-rmse:0.411036+0.001199	test-rmse:0.411038+0.003790 
[205]	train-rmse:0.411007+0.001172	test-rmse:0.411010+0.003815 
[206]	train-rmse:0.410976+0.001162	test-rmse:0.410981+0.003823 
[207]	train-rmse:0.410933+0.001171	test-rmse:0.410937+0.003815 
[208]	train-rmse:0.410904+0.001156	test-rmse:0.410908+0.003833 
[209]	train-rmse:0.410861+0.001170	test-rmse:0.410865+0.003813 
[210]	train-rmse:0.410830+0.001193	test-rmse:0.410835+0.003783 
[211]	train-rmse:0.410801+0.001216	test-rmse:0.410806+0.003754 
[212]	train-rmse:0.410771+0.001207	test-rmse:0.410777+0.003762 
[213]	train-rmse:0.410741+0.001224	test-rmse:0.410747+0.003747 
[214]	train-rmse:0.410726+0.001223	test-rmse:0.410733+0.003744 
[215]	train-rmse:0.410697+0.001219	test-rmse:0.410703+0.003758 
[216]	train-rmse:0.410682+0.001243	test-rmse:0.410687+0.003731 
[217]	train-rmse:0.410653+0.001261	test-rmse:0.410658+0.003718 
[218]	train-rmse:0.410610+0.001268	test-rmse:0.410614+0.003709 
[219]	train-rmse:0.410609+0.001268	test-rmse:0.410613+0.003709 
[220]	train-rmse:0.410550+0.001270	test-rmse:0.410554+0.003712 
[221]	train-rmse:0.410534+0.001267	test-rmse:0.410539+0.003709 
[222]	train-rmse:0.410490+0.001289	test-rmse:0.410493+0.003697 
[223]	train-rmse:0.410489+0.001289	test-rmse:0.410492+0.003697 
[224]	train-rmse:0.410474+0.001292	test-rmse:0.410476+0.003700 
[225]	train-rmse:0.410444+0.001270	test-rmse:0.410448+0.003710 
[226]	train-rmse:0.410415+0.001289	test-rmse:0.410419+0.003696 
[227]	train-rmse:0.410400+0.001269	test-rmse:0.410404+0.003711 
[228]	train-rmse:0.410356+0.001247	test-rmse:0.410360+0.003739 
[229]	train-rmse:0.410341+0.001241	test-rmse:0.410345+0.003752 
[230]	train-rmse:0.410312+0.001269	test-rmse:0.410314+0.003729 
[231]	train-rmse:0.410283+0.001290	test-rmse:0.410286+0.003700 
[232]	train-rmse:0.410224+0.001309	test-rmse:0.410227+0.003685 
[233]	train-rmse:0.410208+0.001306	test-rmse:0.410212+0.003681 
[234]	train-rmse:0.410193+0.001301	test-rmse:0.410197+0.003693 
[235]	train-rmse:0.410164+0.001299	test-rmse:0.410167+0.003709 
[236]	train-rmse:0.410120+0.001305	test-rmse:0.410122+0.003701 
[237]	train-rmse:0.410091+0.001325	test-rmse:0.410092+0.003687 
[238]	train-rmse:0.410075+0.001322	test-rmse:0.410078+0.003683 
[239]	train-rmse:0.410046+0.001305	test-rmse:0.410049+0.003700 
[240]	train-rmse:0.410016+0.001282	test-rmse:0.410021+0.003710 
[241]	train-rmse:0.410002+0.001285	test-rmse:0.410005+0.003714 
[242]	train-rmse:0.409972+0.001286	test-rmse:0.409976+0.003713 
[243]	train-rmse:0.409928+0.001257	test-rmse:0.409933+0.003735 
[244]	train-rmse:0.409884+0.001234	test-rmse:0.409889+0.003765 
[245]	train-rmse:0.409869+0.001228	test-rmse:0.409874+0.003776 
[246]	train-rmse:0.409839+0.001230	test-rmse:0.409845+0.003776 
[247]	train-rmse:0.409796+0.001211	test-rmse:0.409802+0.003790 
[248]	train-rmse:0.409753+0.001208	test-rmse:0.409758+0.003802 
[249]	train-rmse:0.409723+0.001230	test-rmse:0.409728+0.003771 
[250]	train-rmse:0.409693+0.001203	test-rmse:0.409700+0.003796 
[251]	train-rmse:0.409648+0.001204	test-rmse:0.409657+0.003781 
[252]	train-rmse:0.409619+0.001202	test-rmse:0.409627+0.003796 
[253]	train-rmse:0.409604+0.001201	test-rmse:0.409612+0.003793 
[254]	train-rmse:0.409589+0.001205	test-rmse:0.409596+0.003797 
[255]	train-rmse:0.409560+0.001222	test-rmse:0.409566+0.003783 
[256]	train-rmse:0.409486+0.001222	test-rmse:0.409493+0.003782 
[257]	train-rmse:0.409471+0.001221	test-rmse:0.409479+0.003779 
[258]	train-rmse:0.409428+0.001243	test-rmse:0.409435+0.003768 
[259]	train-rmse:0.409385+0.001249	test-rmse:0.409392+0.003759 
[260]	train-rmse:0.409341+0.001227	test-rmse:0.409348+0.003788 
[261]	train-rmse:0.409298+0.001252	test-rmse:0.409304+0.003763 
[262]	train-rmse:0.409297+0.001252	test-rmse:0.409303+0.003763 
[263]	train-rmse:0.409267+0.001230	test-rmse:0.409275+0.003773 
[264]	train-rmse:0.409223+0.001212	test-rmse:0.409232+0.003787 
[265]	train-rmse:0.409222+0.001212	test-rmse:0.409232+0.003787 
[266]	train-rmse:0.409207+0.001212	test-rmse:0.409217+0.003784 
[267]	train-rmse:0.409206+0.001212	test-rmse:0.409217+0.003784 
[268]	train-rmse:0.409191+0.001205	test-rmse:0.409201+0.003796 
[269]	train-rmse:0.409147+0.001178	test-rmse:0.409159+0.003816 
[270]	train-rmse:0.409146+0.001178	test-rmse:0.409158+0.003816 
[271]	train-rmse:0.409145+0.001178	test-rmse:0.409158+0.003816 
[272]	train-rmse:0.409101+0.001173	test-rmse:0.409114+0.003815 
[273]	train-rmse:0.409087+0.001177	test-rmse:0.409099+0.003819 
[274]	train-rmse:0.409057+0.001195	test-rmse:0.409069+0.003804 
[275]	train-rmse:0.409028+0.001169	test-rmse:0.409040+0.003829 
[276]	train-rmse:0.408985+0.001166	test-rmse:0.408997+0.003827 
[277]	train-rmse:0.408940+0.001192	test-rmse:0.408952+0.003801 
[278]	train-rmse:0.408897+0.001170	test-rmse:0.408908+0.003830 
[279]	train-rmse:0.408839+0.001146	test-rmse:0.408851+0.003856 
[280]	train-rmse:0.408824+0.001150	test-rmse:0.408835+0.003860 
[281]	train-rmse:0.408794+0.001144	test-rmse:0.408806+0.003868 
[282]	train-rmse:0.408765+0.001162	test-rmse:0.408777+0.003855 
[283]	train-rmse:0.408707+0.001140	test-rmse:0.408719+0.003880 
[284]	train-rmse:0.408648+0.001134	test-rmse:0.408663+0.003876 
[285]	train-rmse:0.408648+0.001134	test-rmse:0.408662+0.003876 
[286]	train-rmse:0.408603+0.001114	test-rmse:0.408619+0.003889 
[287]	train-rmse:0.408574+0.001118	test-rmse:0.408589+0.003890 
[288]	train-rmse:0.408530+0.001100	test-rmse:0.408547+0.003903 
[289]	train-rmse:0.408500+0.001077	test-rmse:0.408519+0.003913 
[290]	train-rmse:0.408456+0.001099	test-rmse:0.408473+0.003903 
[291]	train-rmse:0.408455+0.001099	test-rmse:0.408473+0.003903 
[292]	train-rmse:0.408426+0.001117	test-rmse:0.408443+0.003889 
[293]	train-rmse:0.408396+0.001121	test-rmse:0.408414+0.003890 
[294]	train-rmse:0.408368+0.001117	test-rmse:0.408386+0.003899 
[295]	train-rmse:0.408354+0.001113	test-rmse:0.408371+0.003911 
[296]	train-rmse:0.408353+0.001113	test-rmse:0.408371+0.003911 
[297]	train-rmse:0.408310+0.001092	test-rmse:0.408328+0.003939 
[298]	train-rmse:0.408295+0.001089	test-rmse:0.408313+0.003952 
[299]	train-rmse:0.408267+0.001087	test-rmse:0.408285+0.003961 
[300]	train-rmse:0.408223+0.001065	test-rmse:0.408242+0.003990 
[301]	train-rmse:0.408179+0.001084	test-rmse:0.408198+0.003973 
[302]	train-rmse:0.408136+0.001059	test-rmse:0.408157+0.003995 
[303]	train-rmse:0.408107+0.001060	test-rmse:0.408128+0.004005 
[304]	train-rmse:0.408078+0.001034	test-rmse:0.408100+0.004029 
[305]	train-rmse:0.408062+0.001035	test-rmse:0.408086+0.004026 
[306]	train-rmse:0.408032+0.001011	test-rmse:0.408058+0.004036 
[307]	train-rmse:0.408003+0.001014	test-rmse:0.408030+0.004046 
[308]	train-rmse:0.407960+0.001037	test-rmse:0.407988+0.004030 
[309]	train-rmse:0.407931+0.001039	test-rmse:0.407958+0.004047 
[310]	train-rmse:0.407916+0.001014	test-rmse:0.407944+0.004058 
[311]	train-rmse:0.407874+0.001020	test-rmse:0.407901+0.004073 
[312]	train-rmse:0.407860+0.001022	test-rmse:0.407886+0.004086 
[313]	train-rmse:0.407830+0.001015	test-rmse:0.407858+0.004071 
[314]	train-rmse:0.407802+0.001020	test-rmse:0.407829+0.004072 
[315]	train-rmse:0.407757+0.000998	test-rmse:0.407787+0.004094 
[316]	train-rmse:0.407714+0.000975	test-rmse:0.407744+0.004123 
[317]	train-rmse:0.407669+0.001000	test-rmse:0.407700+0.004107 
[318]	train-rmse:0.407640+0.001021	test-rmse:0.407671+0.004078 
[319]	train-rmse:0.407597+0.001046	test-rmse:0.407628+0.004051 
[320]	train-rmse:0.407568+0.001067	test-rmse:0.407598+0.004036 
[321]	train-rmse:0.407511+0.001066	test-rmse:0.407542+0.004032 
[322]	train-rmse:0.407467+0.001062	test-rmse:0.407499+0.004031 
[323]	train-rmse:0.407437+0.001038	test-rmse:0.407470+0.004057 
[324]	train-rmse:0.407408+0.001016	test-rmse:0.407442+0.004082 
[325]	train-rmse:0.407393+0.001016	test-rmse:0.407426+0.004085 
[326]	train-rmse:0.407364+0.000990	test-rmse:0.407397+0.004099 
[327]	train-rmse:0.407321+0.001013	test-rmse:0.407353+0.004089 
[328]	train-rmse:0.407278+0.001008	test-rmse:0.407311+0.004073 
[329]	train-rmse:0.407235+0.001032	test-rmse:0.407269+0.004058 
[330]	train-rmse:0.407206+0.001035	test-rmse:0.407240+0.004058 
[331]	train-rmse:0.407176+0.001012	test-rmse:0.407212+0.004067 
[332]	train-rmse:0.407161+0.001012	test-rmse:0.407196+0.004070 
[333]	train-rmse:0.407104+0.001037	test-rmse:0.407138+0.004057 
[334]	train-rmse:0.407074+0.001060	test-rmse:0.407109+0.004028 
[335]	train-rmse:0.407059+0.001079	test-rmse:0.407094+0.004002 
[336]	train-rmse:0.407015+0.001057	test-rmse:0.407050+0.004014 
[337]	train-rmse:0.406973+0.001078	test-rmse:0.407006+0.004003 
[338]	train-rmse:0.406943+0.001073	test-rmse:0.406977+0.003988 
[339]	train-rmse:0.406929+0.001074	test-rmse:0.406963+0.004001 
[340]	train-rmse:0.406929+0.001074	test-rmse:0.406963+0.004001 
[341]	train-rmse:0.406914+0.001094	test-rmse:0.406948+0.003975 
[342]	train-rmse:0.406871+0.001116	test-rmse:0.406902+0.003965 
[343]	train-rmse:0.406856+0.001091	test-rmse:0.406889+0.003976 
[344]	train-rmse:0.406826+0.001068	test-rmse:0.406860+0.004001 
[345]	train-rmse:0.406798+0.001043	test-rmse:0.406832+0.004016 
[346]	train-rmse:0.406742+0.001067	test-rmse:0.406775+0.004002 
[347]	train-rmse:0.406698+0.001044	test-rmse:0.406732+0.004014 
[348]	train-rmse:0.406698+0.001044	test-rmse:0.406732+0.004014 
[349]	train-rmse:0.406683+0.001064	test-rmse:0.406717+0.003988 
[350]	train-rmse:0.406654+0.001087	test-rmse:0.406687+0.003958 
[351]	train-rmse:0.406597+0.001111	test-rmse:0.406630+0.003945 
[352]	train-rmse:0.406554+0.001088	test-rmse:0.406587+0.003973 
[353]	train-rmse:0.406539+0.001090	test-rmse:0.406572+0.003987 
[354]	train-rmse:0.406511+0.001111	test-rmse:0.406542+0.003964 
[355]	train-rmse:0.406482+0.001114	test-rmse:0.406512+0.003981 
[356]	train-rmse:0.406453+0.001091	test-rmse:0.406484+0.004006 
[357]	train-rmse:0.406453+0.001091	test-rmse:0.406484+0.004006 
[358]	train-rmse:0.406423+0.001087	test-rmse:0.406455+0.003991 
[359]	train-rmse:0.406423+0.001087	test-rmse:0.406455+0.003991 
[360]	train-rmse:0.406380+0.001066	test-rmse:0.406412+0.004020 
[361]	train-rmse:0.406337+0.001043	test-rmse:0.406371+0.004031 
[362]	train-rmse:0.406294+0.001022	test-rmse:0.406327+0.004060 
[363]	train-rmse:0.406279+0.001026	test-rmse:0.406312+0.004074 
[364]	train-rmse:0.406250+0.001048	test-rmse:0.406282+0.004050 
[365]	train-rmse:0.406222+0.001070	test-rmse:0.406251+0.004028 
[366]	train-rmse:0.406192+0.001072	test-rmse:0.406223+0.004038 
[367]	train-rmse:0.406177+0.001077	test-rmse:0.406208+0.004052 
[368]	train-rmse:0.406162+0.001076	test-rmse:0.406193+0.004049 
[369]	train-rmse:0.406133+0.001052	test-rmse:0.406164+0.004064 
[370]	train-rmse:0.406117+0.001072	test-rmse:0.406148+0.004036 
[371]	train-rmse:0.406088+0.001091	test-rmse:0.406119+0.004007 
[372]	train-rmse:0.406059+0.001113	test-rmse:0.406089+0.003985 
[373]	train-rmse:0.406016+0.001091	test-rmse:0.406047+0.004006 
[374]	train-rmse:0.406002+0.001095	test-rmse:0.406033+0.004020 
[375]	train-rmse:0.405986+0.001095	test-rmse:0.406019+0.004016 
[376]	train-rmse:0.405972+0.001099	test-rmse:0.406005+0.004029 
[377]	train-rmse:0.405944+0.001079	test-rmse:0.405978+0.004053 
[378]	train-rmse:0.405916+0.001086	test-rmse:0.405948+0.004071 
[379]	train-rmse:0.405886+0.001105	test-rmse:0.405920+0.004042 
[380]	train-rmse:0.405842+0.001129	test-rmse:0.405876+0.004027 
[381]	train-rmse:0.405813+0.001131	test-rmse:0.405847+0.004027 
[382]	train-rmse:0.405798+0.001104	test-rmse:0.405833+0.004038 
[383]	train-rmse:0.405755+0.001098	test-rmse:0.405790+0.004026 
[384]	train-rmse:0.405727+0.001104	test-rmse:0.405761+0.004043 
[385]	train-rmse:0.405712+0.001078	test-rmse:0.405747+0.004054 
[386]	train-rmse:0.405683+0.001057	test-rmse:0.405718+0.004080 
[387]	train-rmse:0.405640+0.001064	test-rmse:0.405675+0.004094 
[388]	train-rmse:0.405611+0.001045	test-rmse:0.405647+0.004119 
[389]	train-rmse:0.405582+0.001046	test-rmse:0.405618+0.004119 
[390]	train-rmse:0.405537+0.001038	test-rmse:0.405575+0.004099 
[391]	train-rmse:0.405537+0.001038	test-rmse:0.405574+0.004099 
[392]	train-rmse:0.405507+0.001013	test-rmse:0.405547+0.004107 
[393]	train-rmse:0.405463+0.000989	test-rmse:0.405504+0.004119 
[394]	train-rmse:0.405449+0.001007	test-rmse:0.405489+0.004093 
[395]	train-rmse:0.405419+0.001000	test-rmse:0.405461+0.004078 
[396]	train-rmse:0.405362+0.001000	test-rmse:0.405406+0.004073 
[397]	train-rmse:0.405348+0.001000	test-rmse:0.405390+0.004077 
[398]	train-rmse:0.405319+0.001006	test-rmse:0.405362+0.004087 
[399]	train-rmse:0.405263+0.000988	test-rmse:0.405306+0.004112 
[400]	train-rmse:0.405235+0.001007	test-rmse:0.405277+0.004089 
[401]	train-rmse:0.405220+0.001012	test-rmse:0.405262+0.004103 
[402]	train-rmse:0.405162+0.001011	test-rmse:0.405206+0.004099 
[403]	train-rmse:0.405119+0.001019	test-rmse:0.405163+0.004114 
[404]	train-rmse:0.405062+0.001044	test-rmse:0.405106+0.004103 
[405]	train-rmse:0.405007+0.001070	test-rmse:0.405050+0.004091 
[406]	train-rmse:0.404979+0.001088	test-rmse:0.405020+0.004069 
[407]	train-rmse:0.404936+0.001069	test-rmse:0.404979+0.004090 
[408]	train-rmse:0.404921+0.001043	test-rmse:0.404966+0.004101 
[409]	train-rmse:0.404878+0.001063	test-rmse:0.404922+0.004075 
[410]	train-rmse:0.404834+0.001058	test-rmse:0.404880+0.004056 
[411]	train-rmse:0.404806+0.001076	test-rmse:0.404850+0.004033 
[412]	train-rmse:0.404778+0.001095	test-rmse:0.404821+0.004011 
[413]	train-rmse:0.404749+0.001115	test-rmse:0.404793+0.003982 
[414]	train-rmse:0.404735+0.001117	test-rmse:0.404778+0.003986 
[415]	train-rmse:0.404721+0.001120	test-rmse:0.404764+0.004000 
[416]	train-rmse:0.404706+0.001123	test-rmse:0.404750+0.003997 
[417]	train-rmse:0.404691+0.001097	test-rmse:0.404736+0.004007 
[418]	train-rmse:0.404662+0.001074	test-rmse:0.404708+0.004032 
[419]	train-rmse:0.404633+0.001050	test-rmse:0.404681+0.004040 
[420]	train-rmse:0.404604+0.001055	test-rmse:0.404651+0.004058 
[421]	train-rmse:0.404577+0.001063	test-rmse:0.404624+0.004069 
[422]	train-rmse:0.404536+0.001085	test-rmse:0.404581+0.004061 
[423]	train-rmse:0.404494+0.001105	test-rmse:0.404539+0.004038 
[424]	train-rmse:0.404479+0.001106	test-rmse:0.404524+0.004042 
[425]	train-rmse:0.404451+0.001111	test-rmse:0.404495+0.004043 
[426]	train-rmse:0.404436+0.001116	test-rmse:0.404480+0.004058 
[427]	train-rmse:0.404379+0.001113	test-rmse:0.404425+0.004053 
[428]	train-rmse:0.404378+0.001113	test-rmse:0.404425+0.004053 
[429]	train-rmse:0.404321+0.001112	test-rmse:0.404370+0.004049 
[430]	train-rmse:0.404293+0.001090	test-rmse:0.404342+0.004073 
[431]	train-rmse:0.404265+0.001064	test-rmse:0.404314+0.004087 
[432]	train-rmse:0.404250+0.001065	test-rmse:0.404298+0.004091 
[433]	train-rmse:0.404221+0.001054	test-rmse:0.404269+0.004076 
[434]	train-rmse:0.404179+0.001046	test-rmse:0.404227+0.004065 
[435]	train-rmse:0.404136+0.001040	test-rmse:0.404186+0.004048 
[436]	train-rmse:0.404108+0.001045	test-rmse:0.404157+0.004066 
[437]	train-rmse:0.404080+0.001064	test-rmse:0.404127+0.004045 
[438]	train-rmse:0.404064+0.001066	test-rmse:0.404113+0.004041 
[439]	train-rmse:0.404022+0.001075	test-rmse:0.404070+0.004055 
[440]	train-rmse:0.404008+0.001079	test-rmse:0.404056+0.004069 
[441]	train-rmse:0.403980+0.001098	test-rmse:0.404027+0.004047 
[442]	train-rmse:0.403951+0.001105	test-rmse:0.403999+0.004058 
[443]	train-rmse:0.403923+0.001126	test-rmse:0.403971+0.004047 
[444]	train-rmse:0.403923+0.001126	test-rmse:0.403971+0.004047 
[445]	train-rmse:0.403908+0.001100	test-rmse:0.403957+0.004057 
[446]	train-rmse:0.403866+0.001121	test-rmse:0.403915+0.004032 
[447]	train-rmse:0.403866+0.001121	test-rmse:0.403915+0.004032 
[448]	train-rmse:0.403851+0.001124	test-rmse:0.403901+0.004029 
[449]	train-rmse:0.403836+0.001097	test-rmse:0.403887+0.004039 
[450]	train-rmse:0.403808+0.001088	test-rmse:0.403860+0.004025 
[451]	train-rmse:0.403765+0.001069	test-rmse:0.403819+0.004046 
[452]	train-rmse:0.403750+0.001043	test-rmse:0.403805+0.004056 
[453]	train-rmse:0.403736+0.001047	test-rmse:0.403790+0.004071 
[454]	train-rmse:0.403707+0.001038	test-rmse:0.403762+0.004056 
[455]	train-rmse:0.403666+0.001060	test-rmse:0.403719+0.004050 
[456]	train-rmse:0.403651+0.001062	test-rmse:0.403705+0.004046 
[457]	train-rmse:0.403622+0.001085	test-rmse:0.403675+0.004034 
[458]	train-rmse:0.403607+0.001088	test-rmse:0.403661+0.004031 
[459]	train-rmse:0.403593+0.001106	test-rmse:0.403647+0.004006 
[460]	train-rmse:0.403550+0.001098	test-rmse:0.403604+0.003995 
[461]	train-rmse:0.403523+0.001102	test-rmse:0.403576+0.004012 
[462]	train-rmse:0.403494+0.001110	test-rmse:0.403548+0.004023 
[463]	train-rmse:0.403480+0.001115	test-rmse:0.403534+0.004037 
[464]	train-rmse:0.403452+0.001133	test-rmse:0.403504+0.004015 
[465]	train-rmse:0.403438+0.001150	test-rmse:0.403489+0.003989 
[466]	train-rmse:0.403424+0.001151	test-rmse:0.403474+0.003993 
[467]	train-rmse:0.403410+0.001156	test-rmse:0.403460+0.004007 
[468]	train-rmse:0.403381+0.001136	test-rmse:0.403432+0.004032 
[469]	train-rmse:0.403381+0.001136	test-rmse:0.403432+0.004032 
[470]	train-rmse:0.403366+0.001154	test-rmse:0.403417+0.004007 
[471]	train-rmse:0.403338+0.001155	test-rmse:0.403389+0.004007 
[472]	train-rmse:0.403310+0.001162	test-rmse:0.403360+0.004026 
[473]	train-rmse:0.403267+0.001170	test-rmse:0.403317+0.004041 
[474]	train-rmse:0.403239+0.001174	test-rmse:0.403288+0.004042 
[475]	train-rmse:0.403197+0.001151	test-rmse:0.403247+0.004053 
[476]	train-rmse:0.403167+0.001127	test-rmse:0.403219+0.004059 
[477]	train-rmse:0.403111+0.001153	test-rmse:0.403162+0.004050 
[478]	train-rmse:0.403069+0.001173	test-rmse:0.403120+0.004026 
[479]	train-rmse:0.403025+0.001157	test-rmse:0.403079+0.004047 
[480]	train-rmse:0.402998+0.001165	test-rmse:0.403050+0.004066 
[481]	train-rmse:0.402983+0.001169	test-rmse:0.403036+0.004062 
[482]	train-rmse:0.402940+0.001158	test-rmse:0.402993+0.004050 
[483]	train-rmse:0.402913+0.001175	test-rmse:0.402965+0.004032 
[484]	train-rmse:0.402885+0.001196	test-rmse:0.402936+0.004020 
[485]	train-rmse:0.402885+0.001196	test-rmse:0.402936+0.004020 
[486]	train-rmse:0.402842+0.001217	test-rmse:0.402894+0.003996 
[487]	train-rmse:0.402828+0.001220	test-rmse:0.402879+0.004001 
[488]	train-rmse:0.402800+0.001227	test-rmse:0.402851+0.004003 
[489]	train-rmse:0.402786+0.001231	test-rmse:0.402837+0.004000 
[490]	train-rmse:0.402744+0.001243	test-rmse:0.402795+0.004016 
[491]	train-rmse:0.402729+0.001214	test-rmse:0.402781+0.004025 
[492]	train-rmse:0.402715+0.001218	test-rmse:0.402766+0.004031 
[493]	train-rmse:0.402685+0.001195	test-rmse:0.402738+0.004037 
[494]	train-rmse:0.402643+0.001187	test-rmse:0.402696+0.004032 
[495]	train-rmse:0.402614+0.001206	test-rmse:0.402666+0.004019 
[496]	train-rmse:0.402571+0.001199	test-rmse:0.402625+0.004000 
[497]	train-rmse:0.402557+0.001172	test-rmse:0.402612+0.004009 
[498]	train-rmse:0.402529+0.001151	test-rmse:0.402586+0.004015 
[499]	train-rmse:0.402500+0.001140	test-rmse:0.402558+0.003999 
[500]	train-rmse:0.402486+0.001156	test-rmse:0.402544+0.003973 
[501]	train-rmse:0.402457+0.001178	test-rmse:0.402516+0.003944 
[502]	train-rmse:0.402444+0.001179	test-rmse:0.402501+0.003949 
[503]	train-rmse:0.402429+0.001182	test-rmse:0.402487+0.003963 
[504]	train-rmse:0.402414+0.001187	test-rmse:0.402473+0.003960 
[505]	train-rmse:0.402386+0.001177	test-rmse:0.402445+0.003943 
[506]	train-rmse:0.402372+0.001179	test-rmse:0.402430+0.003948 
[507]	train-rmse:0.402330+0.001159	test-rmse:0.402388+0.003976 
[508]	train-rmse:0.402288+0.001168	test-rmse:0.402346+0.003992 
[509]	train-rmse:0.402273+0.001172	test-rmse:0.402331+0.004006 
[510]	train-rmse:0.402245+0.001181	test-rmse:0.402303+0.004017 
[511]	train-rmse:0.402216+0.001199	test-rmse:0.402273+0.003996 
[512]	train-rmse:0.402201+0.001172	test-rmse:0.402260+0.004005 
[513]	train-rmse:0.402172+0.001149	test-rmse:0.402233+0.004011 
[514]	train-rmse:0.402144+0.001170	test-rmse:0.402205+0.003983 
[515]	train-rmse:0.402130+0.001186	test-rmse:0.402190+0.003956 
[516]	train-rmse:0.402129+0.001186	test-rmse:0.402190+0.003956 
[517]	train-rmse:0.402101+0.001193	test-rmse:0.402162+0.003958 
[518]	train-rmse:0.402087+0.001209	test-rmse:0.402147+0.003932 
[519]	train-rmse:0.402087+0.001209	test-rmse:0.402147+0.003932 
[520]	train-rmse:0.402044+0.001190	test-rmse:0.402105+0.003944 
[521]	train-rmse:0.402030+0.001193	test-rmse:0.402091+0.003958 
[522]	train-rmse:0.402015+0.001209	test-rmse:0.402076+0.003932 
[523]	train-rmse:0.401973+0.001200	test-rmse:0.402035+0.003932 
[524]	train-rmse:0.401959+0.001202	test-rmse:0.402020+0.003937 
[525]	train-rmse:0.401945+0.001218	test-rmse:0.402006+0.003911 
[526]	train-rmse:0.401918+0.001225	test-rmse:0.401978+0.003913 
[527]	train-rmse:0.401904+0.001227	test-rmse:0.401963+0.003919 
[528]	train-rmse:0.401846+0.001225	test-rmse:0.401906+0.003905 
[529]	train-rmse:0.401818+0.001243	test-rmse:0.401877+0.003892 
[530]	train-rmse:0.401804+0.001260	test-rmse:0.401863+0.003867 
[531]	train-rmse:0.401747+0.001257	test-rmse:0.401807+0.003852 
[532]	train-rmse:0.401732+0.001262	test-rmse:0.401793+0.003849 
[533]	train-rmse:0.401718+0.001263	test-rmse:0.401778+0.003863 
[534]	train-rmse:0.401704+0.001281	test-rmse:0.401764+0.003837 
[535]	train-rmse:0.401647+0.001278	test-rmse:0.401709+0.003830 
[536]	train-rmse:0.401633+0.001280	test-rmse:0.401694+0.003836 
[537]	train-rmse:0.401604+0.001286	test-rmse:0.401666+0.003847 
[538]	train-rmse:0.401576+0.001262	test-rmse:0.401638+0.003862 
[539]	train-rmse:0.401548+0.001266	test-rmse:0.401608+0.003882 
[540]	train-rmse:0.401518+0.001245	test-rmse:0.401581+0.003888 
[541]	train-rmse:0.401448+0.001244	test-rmse:0.401511+0.003888 
[542]	train-rmse:0.401434+0.001260	test-rmse:0.401497+0.003862 
[543]	train-rmse:0.401391+0.001242	test-rmse:0.401455+0.003874 
[544]	train-rmse:0.401363+0.001260	test-rmse:0.401427+0.003862 
[545]	train-rmse:0.401335+0.001282	test-rmse:0.401399+0.003832 
[546]	train-rmse:0.401321+0.001283	test-rmse:0.401385+0.003846 
[547]	train-rmse:0.401293+0.001274	test-rmse:0.401358+0.003831 
[548]	train-rmse:0.401250+0.001250	test-rmse:0.401315+0.003860 
[549]	train-rmse:0.401207+0.001259	test-rmse:0.401273+0.003877 
[550]	train-rmse:0.401150+0.001255	test-rmse:0.401217+0.003872 
[551]	train-rmse:0.401107+0.001251	test-rmse:0.401176+0.003852 
[552]	train-rmse:0.401093+0.001257	test-rmse:0.401163+0.003849 
[553]	train-rmse:0.401064+0.001281	test-rmse:0.401135+0.003821 
[554]	train-rmse:0.401051+0.001297	test-rmse:0.401121+0.003796 
[555]	train-rmse:0.401023+0.001273	test-rmse:0.401095+0.003819 
[556]	train-rmse:0.401009+0.001275	test-rmse:0.401080+0.003833 
[557]	train-rmse:0.400967+0.001284	test-rmse:0.401039+0.003849 
[558]	train-rmse:0.400939+0.001307	test-rmse:0.401011+0.003820 
[559]	train-rmse:0.400924+0.001324	test-rmse:0.400996+0.003794 
[560]	train-rmse:0.400883+0.001347	test-rmse:0.400955+0.003770 
[561]	train-rmse:0.400883+0.001347	test-rmse:0.400954+0.003770 
[562]	train-rmse:0.400855+0.001366	test-rmse:0.400926+0.003758 
[563]	train-rmse:0.400827+0.001372	test-rmse:0.400898+0.003761 
[564]	train-rmse:0.400799+0.001379	test-rmse:0.400870+0.003763 
[565]	train-rmse:0.400771+0.001387	test-rmse:0.400842+0.003766 
[566]	train-rmse:0.400743+0.001362	test-rmse:0.400814+0.003780 
[567]	train-rmse:0.400729+0.001369	test-rmse:0.400801+0.003778 
[568]	train-rmse:0.400701+0.001387	test-rmse:0.400772+0.003758 
[569]	train-rmse:0.400673+0.001410	test-rmse:0.400745+0.003730 
[570]	train-rmse:0.400647+0.001425	test-rmse:0.400718+0.003720 
[571]	train-rmse:0.400605+0.001400	test-rmse:0.400676+0.003749 
[572]	train-rmse:0.400576+0.001375	test-rmse:0.400648+0.003772 
[573]	train-rmse:0.400534+0.001399	test-rmse:0.400607+0.003758 
[574]	train-rmse:0.400520+0.001373	test-rmse:0.400593+0.003767 
[575]	train-rmse:0.400492+0.001348	test-rmse:0.400566+0.003789 
[576]	train-rmse:0.400464+0.001356	test-rmse:0.400539+0.003791 
[577]	train-rmse:0.400450+0.001364	test-rmse:0.400526+0.003788 
[578]	train-rmse:0.400422+0.001381	test-rmse:0.400497+0.003776 
[579]	train-rmse:0.400394+0.001365	test-rmse:0.400472+0.003781 
[580]	train-rmse:0.400353+0.001341	test-rmse:0.400431+0.003809 
[581]	train-rmse:0.400325+0.001343	test-rmse:0.400402+0.003828 
[582]	train-rmse:0.400284+0.001367	test-rmse:0.400360+0.003806 
[583]	train-rmse:0.400230+0.001364	test-rmse:0.400306+0.003792 
[584]	train-rmse:0.400201+0.001388	test-rmse:0.400279+0.003764 
[585]	train-rmse:0.400201+0.001388	test-rmse:0.400278+0.003764 
[586]	train-rmse:0.400187+0.001404	test-rmse:0.400264+0.003738 
[587]	train-rmse:0.400172+0.001378	test-rmse:0.400251+0.003746 
[588]	train-rmse:0.400131+0.001403	test-rmse:0.400210+0.003732 
[589]	train-rmse:0.400103+0.001412	test-rmse:0.400183+0.003744 
[590]	train-rmse:0.400047+0.001411	test-rmse:0.400129+0.003740 
[591]	train-rmse:0.400033+0.001420	test-rmse:0.400116+0.003738 
[592]	train-rmse:0.400005+0.001438	test-rmse:0.400087+0.003726 
[593]	train-rmse:0.399978+0.001438	test-rmse:0.400058+0.003745 
[594]	train-rmse:0.399977+0.001438	test-rmse:0.400058+0.003745 
[595]	train-rmse:0.399963+0.001412	test-rmse:0.400044+0.003753 
[596]	train-rmse:0.399948+0.001386	test-rmse:0.400031+0.003762 
[597]	train-rmse:0.399933+0.001360	test-rmse:0.400017+0.003770 
[598]	train-rmse:0.399906+0.001361	test-rmse:0.399989+0.003789 
[599]	train-rmse:0.399878+0.001385	test-rmse:0.399961+0.003760 
[600]	train-rmse:0.399837+0.001377	test-rmse:0.399919+0.003746 
[601]	train-rmse:0.399824+0.001378	test-rmse:0.399905+0.003760 
[602]	train-rmse:0.399795+0.001388	test-rmse:0.399878+0.003771 
[603]	train-rmse:0.399781+0.001404	test-rmse:0.399864+0.003746 
[604]	train-rmse:0.399753+0.001388	test-rmse:0.399837+0.003751 
[605]	train-rmse:0.399738+0.001362	test-rmse:0.399824+0.003760 
[606]	train-rmse:0.399696+0.001352	test-rmse:0.399781+0.003747 
[607]	train-rmse:0.399668+0.001329	test-rmse:0.399754+0.003771 
[608]	train-rmse:0.399654+0.001330	test-rmse:0.399740+0.003785 
[609]	train-rmse:0.399641+0.001329	test-rmse:0.399726+0.003789 
[610]	train-rmse:0.399600+0.001355	test-rmse:0.399685+0.003776 
[611]	train-rmse:0.399572+0.001374	test-rmse:0.399657+0.003765 
[612]	train-rmse:0.399517+0.001371	test-rmse:0.399603+0.003749 
[613]	train-rmse:0.399489+0.001344	test-rmse:0.399574+0.003762 
[614]	train-rmse:0.399446+0.001371	test-rmse:0.399533+0.003750 
[615]	train-rmse:0.399378+0.001369	test-rmse:0.399464+0.003751 
[616]	train-rmse:0.399336+0.001363	test-rmse:0.399423+0.003748 
[617]	train-rmse:0.399321+0.001339	test-rmse:0.399410+0.003757 
[618]	train-rmse:0.399294+0.001339	test-rmse:0.399381+0.003776 
[619]	train-rmse:0.399266+0.001355	test-rmse:0.399353+0.003755 
[620]	train-rmse:0.399238+0.001364	test-rmse:0.399326+0.003766 
[621]	train-rmse:0.399224+0.001339	test-rmse:0.399312+0.003774 
[622]	train-rmse:0.399182+0.001329	test-rmse:0.399270+0.003762 
[623]	train-rmse:0.399168+0.001336	test-rmse:0.399256+0.003758 
[624]	train-rmse:0.399167+0.001336	test-rmse:0.399256+0.003758 
[625]	train-rmse:0.399167+0.001336	test-rmse:0.399255+0.003758 
[626]	train-rmse:0.399139+0.001352	test-rmse:0.399226+0.003738 
[627]	train-rmse:0.399126+0.001329	test-rmse:0.399214+0.003746 
[628]	train-rmse:0.399084+0.001304	test-rmse:0.399172+0.003774 
[629]	train-rmse:0.399056+0.001288	test-rmse:0.399147+0.003779 
[630]	train-rmse:0.399015+0.001283	test-rmse:0.399106+0.003777 
[631]	train-rmse:0.399000+0.001258	test-rmse:0.399092+0.003786 
[632]	train-rmse:0.398986+0.001260	test-rmse:0.399078+0.003801 
[633]	train-rmse:0.398972+0.001266	test-rmse:0.399065+0.003797 
[634]	train-rmse:0.398944+0.001245	test-rmse:0.399038+0.003821 
[635]	train-rmse:0.398916+0.001249	test-rmse:0.399010+0.003822 
[636]	train-rmse:0.398861+0.001247	test-rmse:0.398956+0.003807 
[637]	train-rmse:0.398833+0.001267	test-rmse:0.398927+0.003795 
[638]	train-rmse:0.398805+0.001239	test-rmse:0.398899+0.003809 
[639]	train-rmse:0.398804+0.001239	test-rmse:0.398899+0.003809 
[640]	train-rmse:0.398791+0.001237	test-rmse:0.398884+0.003814 
[641]	train-rmse:0.398750+0.001213	test-rmse:0.398844+0.003841 
[642]	train-rmse:0.398750+0.001213	test-rmse:0.398843+0.003841 
[643]	train-rmse:0.398707+0.001212	test-rmse:0.398802+0.003822 
[644]	train-rmse:0.398693+0.001230	test-rmse:0.398788+0.003796 
[645]	train-rmse:0.398666+0.001247	test-rmse:0.398759+0.003776 
[646]	train-rmse:0.398651+0.001222	test-rmse:0.398746+0.003786 
[647]	train-rmse:0.398637+0.001223	test-rmse:0.398732+0.003800 
[648]	train-rmse:0.398569+0.001223	test-rmse:0.398664+0.003799 
[649]	train-rmse:0.398542+0.001197	test-rmse:0.398637+0.003813 
[650]	train-rmse:0.398528+0.001196	test-rmse:0.398623+0.003818 
[651]	train-rmse:0.398515+0.001197	test-rmse:0.398609+0.003832 
[652]	train-rmse:0.398473+0.001190	test-rmse:0.398567+0.003821 
[653]	train-rmse:0.398459+0.001166	test-rmse:0.398554+0.003830 
[654]	train-rmse:0.398431+0.001160	test-rmse:0.398526+0.003815 
[655]	train-rmse:0.398430+0.001160	test-rmse:0.398526+0.003815 
[656]	train-rmse:0.398389+0.001179	test-rmse:0.398484+0.003809 
[657]	train-rmse:0.398361+0.001175	test-rmse:0.398457+0.003794 
[658]	train-rmse:0.398333+0.001172	test-rmse:0.398429+0.003779 
[659]	train-rmse:0.398305+0.001147	test-rmse:0.398401+0.003795 
[660]	train-rmse:0.398278+0.001124	test-rmse:0.398374+0.003809 
[661]	train-rmse:0.398278+0.001124	test-rmse:0.398374+0.003809 
[662]	train-rmse:0.398250+0.001145	test-rmse:0.398346+0.003797 
[663]	train-rmse:0.398211+0.001164	test-rmse:0.398305+0.003793 
[664]	train-rmse:0.398211+0.001164	test-rmse:0.398304+0.003793 
[665]	train-rmse:0.398169+0.001164	test-rmse:0.398263+0.003791 
[666]	train-rmse:0.398155+0.001165	test-rmse:0.398249+0.003805 
[667]	train-rmse:0.398099+0.001163	test-rmse:0.398194+0.003790 
[668]	train-rmse:0.398060+0.001182	test-rmse:0.398154+0.003787 
[669]	train-rmse:0.398059+0.001182	test-rmse:0.398153+0.003787 
[670]	train-rmse:0.398032+0.001205	test-rmse:0.398126+0.003758 
[671]	train-rmse:0.398004+0.001228	test-rmse:0.398099+0.003729 
[672]	train-rmse:0.397949+0.001230	test-rmse:0.398046+0.003722 
[673]	train-rmse:0.397922+0.001249	test-rmse:0.398018+0.003703 
[674]	train-rmse:0.397908+0.001250	test-rmse:0.398003+0.003718 
[675]	train-rmse:0.397894+0.001271	test-rmse:0.397989+0.003694 
[676]	train-rmse:0.397880+0.001293	test-rmse:0.397975+0.003669 
[677]	train-rmse:0.397812+0.001294	test-rmse:0.397908+0.003667 
[678]	train-rmse:0.397812+0.001294	test-rmse:0.397908+0.003667 
[679]	train-rmse:0.397785+0.001314	test-rmse:0.397880+0.003649 
[680]	train-rmse:0.397785+0.001314	test-rmse:0.397879+0.003649 
[681]	train-rmse:0.397772+0.001312	test-rmse:0.397864+0.003654 
[682]	train-rmse:0.397730+0.001334	test-rmse:0.397821+0.003649 
[683]	train-rmse:0.397703+0.001313	test-rmse:0.397796+0.003652 
[684]	train-rmse:0.397675+0.001290	test-rmse:0.397768+0.003667 
[685]	train-rmse:0.397648+0.001290	test-rmse:0.397740+0.003668 
[686]	train-rmse:0.397593+0.001288	test-rmse:0.397685+0.003674 
[687]	train-rmse:0.397579+0.001310	test-rmse:0.397671+0.003649 
[688]	train-rmse:0.397550+0.001288	test-rmse:0.397645+0.003653 
[689]	train-rmse:0.397536+0.001289	test-rmse:0.397631+0.003648 
[690]	train-rmse:0.397509+0.001290	test-rmse:0.397605+0.003657 
[691]	train-rmse:0.397495+0.001292	test-rmse:0.397592+0.003652 
[692]	train-rmse:0.397481+0.001295	test-rmse:0.397579+0.003647 
[693]	train-rmse:0.397467+0.001294	test-rmse:0.397565+0.003661 
[694]	train-rmse:0.397452+0.001298	test-rmse:0.397552+0.003656 
[695]	train-rmse:0.397411+0.001294	test-rmse:0.397510+0.003647 
[696]	train-rmse:0.397398+0.001293	test-rmse:0.397496+0.003652 
[697]	train-rmse:0.397371+0.001313	test-rmse:0.397468+0.003642 
[698]	train-rmse:0.397343+0.001312	test-rmse:0.397441+0.003627 
[699]	train-rmse:0.397315+0.001334	test-rmse:0.397413+0.003617 
[700]	train-rmse:0.397260+0.001332	test-rmse:0.397358+0.003621 
[701]	train-rmse:0.397246+0.001333	test-rmse:0.397344+0.003636 
[702]	train-rmse:0.397219+0.001332	test-rmse:0.397316+0.003621 
[703]	train-rmse:0.397177+0.001333	test-rmse:0.397276+0.003601 
[704]	train-rmse:0.397163+0.001334	test-rmse:0.397262+0.003616 
[705]	train-rmse:0.397149+0.001312	test-rmse:0.397249+0.003626 
[706]	train-rmse:0.397108+0.001311	test-rmse:0.397208+0.003640 
[707]	train-rmse:0.397081+0.001309	test-rmse:0.397181+0.003659 
[708]	train-rmse:0.397041+0.001333	test-rmse:0.397141+0.003645 
[709]	train-rmse:0.397013+0.001356	test-rmse:0.397114+0.003616 
[710]	train-rmse:0.396999+0.001334	test-rmse:0.397100+0.003625 
[711]	train-rmse:0.396986+0.001332	test-rmse:0.397086+0.003630 
[712]	train-rmse:0.396959+0.001354	test-rmse:0.397059+0.003621 
[713]	train-rmse:0.396905+0.001375	test-rmse:0.397004+0.003612 
[714]	train-rmse:0.396877+0.001355	test-rmse:0.396977+0.003636 
[715]	train-rmse:0.396837+0.001354	test-rmse:0.396940+0.003618 
[716]	train-rmse:0.396796+0.001331	test-rmse:0.396899+0.003627 
[717]	train-rmse:0.396795+0.001331	test-rmse:0.396899+0.003627 
[718]	train-rmse:0.396782+0.001353	test-rmse:0.396885+0.003603 
[719]	train-rmse:0.396726+0.001357	test-rmse:0.396831+0.003597 
[720]	train-rmse:0.396699+0.001379	test-rmse:0.396804+0.003589 
[721]	train-rmse:0.396685+0.001401	test-rmse:0.396789+0.003565 
[722]	train-rmse:0.396645+0.001378	test-rmse:0.396749+0.003594 
[723]	train-rmse:0.396591+0.001381	test-rmse:0.396697+0.003590 
[724]	train-rmse:0.396563+0.001361	test-rmse:0.396670+0.003594 
[725]	train-rmse:0.396563+0.001361	test-rmse:0.396670+0.003593 
[726]	train-rmse:0.396508+0.001366	test-rmse:0.396617+0.003589 
[727]	train-rmse:0.396494+0.001367	test-rmse:0.396604+0.003584 
[728]	train-rmse:0.396494+0.001367	test-rmse:0.396604+0.003584 
[729]	train-rmse:0.396480+0.001389	test-rmse:0.396590+0.003561 
[730]	train-rmse:0.396467+0.001384	test-rmse:0.396576+0.003565 
[731]	train-rmse:0.396426+0.001403	test-rmse:0.396534+0.003540 
[732]	train-rmse:0.396385+0.001422	test-rmse:0.396492+0.003515 
[733]	train-rmse:0.396370+0.001425	test-rmse:0.396479+0.003510 
[734]	train-rmse:0.396356+0.001405	test-rmse:0.396466+0.003519 
[735]	train-rmse:0.396328+0.001431	test-rmse:0.396438+0.003488 
[736]	train-rmse:0.396300+0.001456	test-rmse:0.396410+0.003459 
[737]	train-rmse:0.396285+0.001435	test-rmse:0.396397+0.003469 
[738]	train-rmse:0.396244+0.001418	test-rmse:0.396357+0.003488 
[739]	train-rmse:0.396190+0.001414	test-rmse:0.396302+0.003492 
[740]	train-rmse:0.396176+0.001408	test-rmse:0.396287+0.003497 
[741]	train-rmse:0.396135+0.001429	test-rmse:0.396246+0.003473 
[742]	train-rmse:0.396135+0.001429	test-rmse:0.396246+0.003473 
[743]	train-rmse:0.396107+0.001432	test-rmse:0.396219+0.003457 
[744]	train-rmse:0.396081+0.001457	test-rmse:0.396193+0.003429 
[745]	train-rmse:0.396067+0.001452	test-rmse:0.396178+0.003434 
[746]	train-rmse:0.396026+0.001474	test-rmse:0.396136+0.003410 
[747]	train-rmse:0.395970+0.001450	test-rmse:0.396081+0.003434 
[748]	train-rmse:0.395957+0.001472	test-rmse:0.396068+0.003410 
[749]	train-rmse:0.395942+0.001452	test-rmse:0.396054+0.003419 
[750]	train-rmse:0.395942+0.001452	test-rmse:0.396054+0.003419 
[751]	train-rmse:0.395916+0.001446	test-rmse:0.396027+0.003439 
[752]	train-rmse:0.395915+0.001446	test-rmse:0.396026+0.003439 
[753]	train-rmse:0.395902+0.001442	test-rmse:0.396012+0.003444 
[754]	train-rmse:0.395901+0.001442	test-rmse:0.396011+0.003444 
[755]	train-rmse:0.395873+0.001417	test-rmse:0.395983+0.003459 
[756]	train-rmse:0.395847+0.001412	test-rmse:0.395956+0.003479 
[757]	train-rmse:0.395807+0.001394	test-rmse:0.395918+0.003496 
[758]	train-rmse:0.395793+0.001393	test-rmse:0.395904+0.003510 
[759]	train-rmse:0.395780+0.001415	test-rmse:0.395890+0.003486 
[760]	train-rmse:0.395766+0.001437	test-rmse:0.395876+0.003462 
[761]	train-rmse:0.395766+0.001437	test-rmse:0.395876+0.003462 
[762]	train-rmse:0.395752+0.001460	test-rmse:0.395861+0.003437 
[763]	train-rmse:0.395711+0.001483	test-rmse:0.395821+0.003423 
[764]	train-rmse:0.395698+0.001479	test-rmse:0.395807+0.003429 
[765]	train-rmse:0.395670+0.001457	test-rmse:0.395780+0.003452 
[766]	train-rmse:0.395656+0.001437	test-rmse:0.395767+0.003462 
[767]	train-rmse:0.395614+0.001442	test-rmse:0.395726+0.003442 
[768]	train-rmse:0.395573+0.001417	test-rmse:0.395685+0.003471 
[769]	train-rmse:0.395545+0.001442	test-rmse:0.395658+0.003441 
[770]	train-rmse:0.395532+0.001424	test-rmse:0.395646+0.003450 
[771]	train-rmse:0.395504+0.001403	test-rmse:0.395620+0.003474 
[772]	train-rmse:0.395464+0.001399	test-rmse:0.395579+0.003488 
[773]	train-rmse:0.395464+0.001399	test-rmse:0.395578+0.003488 
[774]	train-rmse:0.395422+0.001395	test-rmse:0.395537+0.003502 
[775]	train-rmse:0.395396+0.001390	test-rmse:0.395509+0.003522 
[776]	train-rmse:0.395382+0.001393	test-rmse:0.395496+0.003517 
[777]	train-rmse:0.395381+0.001393	test-rmse:0.395496+0.003517 
[778]	train-rmse:0.395368+0.001373	test-rmse:0.395483+0.003526 
[779]	train-rmse:0.395367+0.001373	test-rmse:0.395483+0.003526 
[780]	train-rmse:0.395340+0.001375	test-rmse:0.395456+0.003512 
[781]	train-rmse:0.395313+0.001377	test-rmse:0.395431+0.003521 
[782]	train-rmse:0.395299+0.001380	test-rmse:0.395418+0.003515 
[783]	train-rmse:0.395285+0.001360	test-rmse:0.395404+0.003524 
[784]	train-rmse:0.395285+0.001360	test-rmse:0.395404+0.003524 
[785]	train-rmse:0.395257+0.001364	test-rmse:0.395377+0.003533 
[786]	train-rmse:0.395243+0.001367	test-rmse:0.395365+0.003528 
[787]	train-rmse:0.395229+0.001372	test-rmse:0.395352+0.003524 
[788]	train-rmse:0.395229+0.001372	test-rmse:0.395351+0.003524 
[789]	train-rmse:0.395202+0.001388	test-rmse:0.395323+0.003504 
[790]	train-rmse:0.395147+0.001390	test-rmse:0.395268+0.003488 
[791]	train-rmse:0.395120+0.001411	test-rmse:0.395241+0.003478 
[792]	train-rmse:0.395080+0.001435	test-rmse:0.395203+0.003466 
[793]	train-rmse:0.395040+0.001437	test-rmse:0.395163+0.003465 
[794]	train-rmse:0.395040+0.001437	test-rmse:0.395162+0.003465 
[795]	train-rmse:0.395013+0.001441	test-rmse:0.395136+0.003475 
[796]	train-rmse:0.394986+0.001456	test-rmse:0.395109+0.003456 
[797]	train-rmse:0.394933+0.001462	test-rmse:0.395057+0.003451 
[798]	train-rmse:0.394893+0.001462	test-rmse:0.395018+0.003454 
[799]	train-rmse:0.394879+0.001462	test-rmse:0.395004+0.003469 
[800]	train-rmse:0.394852+0.001436	test-rmse:0.394977+0.003482 
[801]	train-rmse:0.394825+0.001421	test-rmse:0.394952+0.003486 
[802]	train-rmse:0.394798+0.001419	test-rmse:0.394925+0.003485 
[803]	train-rmse:0.394784+0.001413	test-rmse:0.394910+0.003489 
[804]	train-rmse:0.394770+0.001412	test-rmse:0.394897+0.003504 
[805]	train-rmse:0.394757+0.001413	test-rmse:0.394883+0.003520 
[806]	train-rmse:0.394717+0.001388	test-rmse:0.394843+0.003547 
[807]	train-rmse:0.394688+0.001371	test-rmse:0.394817+0.003551 
[808]	train-rmse:0.394688+0.001371	test-rmse:0.394816+0.003551 
[809]	train-rmse:0.394647+0.001356	test-rmse:0.394777+0.003570 
[810]	train-rmse:0.394620+0.001355	test-rmse:0.394750+0.003569 
[811]	train-rmse:0.394606+0.001360	test-rmse:0.394737+0.003565 
[812]	train-rmse:0.394579+0.001360	test-rmse:0.394711+0.003551 
[813]	train-rmse:0.394553+0.001354	test-rmse:0.394683+0.003570 
[814]	train-rmse:0.394553+0.001354	test-rmse:0.394683+0.003570 
[815]	train-rmse:0.394499+0.001353	test-rmse:0.394630+0.003555 
[816]	train-rmse:0.394471+0.001339	test-rmse:0.394604+0.003559 
[817]	train-rmse:0.394443+0.001367	test-rmse:0.394576+0.003529 
[818]	train-rmse:0.394443+0.001367	test-rmse:0.394576+0.003529 
[819]	train-rmse:0.394442+0.001367	test-rmse:0.394576+0.003529 
[820]	train-rmse:0.394430+0.001349	test-rmse:0.394564+0.003537 
[821]	train-rmse:0.394403+0.001341	test-rmse:0.394536+0.003556 
[822]	train-rmse:0.394376+0.001343	test-rmse:0.394509+0.003541 
[823]	train-rmse:0.394375+0.001343	test-rmse:0.394509+0.003541 
[824]	train-rmse:0.394349+0.001335	test-rmse:0.394482+0.003560 
[825]	train-rmse:0.394322+0.001335	test-rmse:0.394454+0.003559 
[826]	train-rmse:0.394294+0.001335	test-rmse:0.394427+0.003559 
[827]	train-rmse:0.394281+0.001334	test-rmse:0.394413+0.003573 
[828]	train-rmse:0.394254+0.001335	test-rmse:0.394386+0.003557 
[829]	train-rmse:0.394227+0.001309	test-rmse:0.394359+0.003571 
[830]	train-rmse:0.394213+0.001314	test-rmse:0.394347+0.003567 
[831]	train-rmse:0.394200+0.001308	test-rmse:0.394333+0.003572 
[832]	train-rmse:0.394187+0.001302	test-rmse:0.394318+0.003577 
[833]	train-rmse:0.394159+0.001308	test-rmse:0.394292+0.003586 
[834]	train-rmse:0.394146+0.001307	test-rmse:0.394278+0.003600 
[835]	train-rmse:0.394119+0.001308	test-rmse:0.394251+0.003601 
[836]	train-rmse:0.394119+0.001308	test-rmse:0.394251+0.003601 
[837]	train-rmse:0.394068+0.001302	test-rmse:0.394200+0.003606 
[838]	train-rmse:0.394027+0.001286	test-rmse:0.394161+0.003625 
[839]	train-rmse:0.393987+0.001301	test-rmse:0.394119+0.003620 
[840]	train-rmse:0.393933+0.001322	test-rmse:0.394065+0.003611 
[841]	train-rmse:0.393919+0.001317	test-rmse:0.394050+0.003617 
[842]	train-rmse:0.393867+0.001313	test-rmse:0.393997+0.003619 
[843]	train-rmse:0.393825+0.001318	test-rmse:0.393957+0.003597 
[844]	train-rmse:0.393825+0.001318	test-rmse:0.393956+0.003597 
[845]	train-rmse:0.393785+0.001334	test-rmse:0.393914+0.003593 
[846]	train-rmse:0.393772+0.001329	test-rmse:0.393900+0.003599 
[847]	train-rmse:0.393758+0.001334	test-rmse:0.393887+0.003594 
[848]	train-rmse:0.393729+0.001320	test-rmse:0.393861+0.003597 
[849]	train-rmse:0.393703+0.001294	test-rmse:0.393834+0.003611 
[850]	train-rmse:0.393689+0.001290	test-rmse:0.393819+0.003617 
[851]	train-rmse:0.393661+0.001267	test-rmse:0.393792+0.003640 
[852]	train-rmse:0.393661+0.001267	test-rmse:0.393792+0.003640 
[853]	train-rmse:0.393620+0.001292	test-rmse:0.393752+0.003627 
[854]	train-rmse:0.393593+0.001271	test-rmse:0.393725+0.003650 
[855]	train-rmse:0.393551+0.001272	test-rmse:0.393683+0.003666 
[856]	train-rmse:0.393513+0.001288	test-rmse:0.393642+0.003660 
[857]	train-rmse:0.393472+0.001314	test-rmse:0.393603+0.003645 
[858]	train-rmse:0.393459+0.001316	test-rmse:0.393589+0.003660 
[859]	train-rmse:0.393433+0.001314	test-rmse:0.393564+0.003644 
[860]	train-rmse:0.393379+0.001320	test-rmse:0.393511+0.003637 
[861]	train-rmse:0.393352+0.001300	test-rmse:0.393485+0.003660 
[862]	train-rmse:0.393338+0.001295	test-rmse:0.393471+0.003665 
[863]	train-rmse:0.393325+0.001290	test-rmse:0.393456+0.003671 
[864]	train-rmse:0.393298+0.001290	test-rmse:0.393429+0.003672 
[865]	train-rmse:0.393284+0.001309	test-rmse:0.393416+0.003648 
[866]	train-rmse:0.393244+0.001336	test-rmse:0.393376+0.003635 
[867]	train-rmse:0.393204+0.001352	test-rmse:0.393334+0.003631 
[868]	train-rmse:0.393150+0.001350	test-rmse:0.393281+0.003615 
[869]	train-rmse:0.393124+0.001370	test-rmse:0.393255+0.003609 
[870]	train-rmse:0.393110+0.001390	test-rmse:0.393241+0.003585 
[871]	train-rmse:0.393110+0.001390	test-rmse:0.393241+0.003585 
[872]	train-rmse:0.393070+0.001375	test-rmse:0.393202+0.003602 
[873]	train-rmse:0.393044+0.001390	test-rmse:0.393174+0.003584 
[874]	train-rmse:0.393016+0.001369	test-rmse:0.393147+0.003608 
[875]	train-rmse:0.392988+0.001352	test-rmse:0.393121+0.003611 
[876]	train-rmse:0.392973+0.001357	test-rmse:0.393107+0.003605 
[877]	train-rmse:0.392960+0.001359	test-rmse:0.393094+0.003620 
[878]	train-rmse:0.392919+0.001378	test-rmse:0.393053+0.003597 
[879]	train-rmse:0.392879+0.001366	test-rmse:0.393016+0.003614 
[880]	train-rmse:0.392866+0.001385	test-rmse:0.393002+0.003591 
[881]	train-rmse:0.392839+0.001386	test-rmse:0.392976+0.003574 
[882]	train-rmse:0.392812+0.001408	test-rmse:0.392949+0.003566 
[883]	train-rmse:0.392786+0.001390	test-rmse:0.392923+0.003589 
[884]	train-rmse:0.392759+0.001413	test-rmse:0.392897+0.003581 
[885]	train-rmse:0.392733+0.001426	test-rmse:0.392869+0.003563 
[886]	train-rmse:0.392719+0.001406	test-rmse:0.392856+0.003571 
[887]	train-rmse:0.392707+0.001401	test-rmse:0.392843+0.003575 
[888]	train-rmse:0.392679+0.001425	test-rmse:0.392817+0.003547 
[889]	train-rmse:0.392639+0.001426	test-rmse:0.392778+0.003549 
[890]	train-rmse:0.392613+0.001422	test-rmse:0.392750+0.003569 
[891]	train-rmse:0.392573+0.001422	test-rmse:0.392710+0.003584 
[892]	train-rmse:0.392534+0.001416	test-rmse:0.392671+0.003574 
[893]	train-rmse:0.392520+0.001437	test-rmse:0.392657+0.003551 
[894]	train-rmse:0.392478+0.001440	test-rmse:0.392616+0.003529 
[895]	train-rmse:0.392438+0.001439	test-rmse:0.392576+0.003545 
[896]	train-rmse:0.392425+0.001441	test-rmse:0.392563+0.003561 
[897]	train-rmse:0.392398+0.001441	test-rmse:0.392537+0.003546 
[898]	train-rmse:0.392371+0.001425	test-rmse:0.392512+0.003548 
[899]	train-rmse:0.392344+0.001423	test-rmse:0.392485+0.003548 
[900]	train-rmse:0.392330+0.001403	test-rmse:0.392473+0.003555 
[901]	train-rmse:0.392292+0.001417	test-rmse:0.392433+0.003555 
[902]	train-rmse:0.392265+0.001413	test-rmse:0.392405+0.003576 
[903]	train-rmse:0.392212+0.001410	test-rmse:0.392352+0.003581 
[904]	train-rmse:0.392212+0.001410	test-rmse:0.392352+0.003581 
[905]	train-rmse:0.392187+0.001423	test-rmse:0.392326+0.003566 
[906]	train-rmse:0.392160+0.001425	test-rmse:0.392299+0.003551 
[907]	train-rmse:0.392119+0.001450	test-rmse:0.392259+0.003538 
[908]	train-rmse:0.392106+0.001452	test-rmse:0.392246+0.003553 
[909]	train-rmse:0.392079+0.001458	test-rmse:0.392220+0.003562 
[910]	train-rmse:0.392064+0.001461	test-rmse:0.392207+0.003556 
[911]	train-rmse:0.392051+0.001455	test-rmse:0.392193+0.003562 
[912]	train-rmse:0.392025+0.001454	test-rmse:0.392166+0.003562 
[913]	train-rmse:0.391997+0.001453	test-rmse:0.392138+0.003562 
[914]	train-rmse:0.391970+0.001435	test-rmse:0.392113+0.003564 
[915]	train-rmse:0.391931+0.001437	test-rmse:0.392076+0.003563 
[916]	train-rmse:0.391890+0.001423	test-rmse:0.392036+0.003580 
[917]	train-rmse:0.391863+0.001445	test-rmse:0.392008+0.003571 
[918]	train-rmse:0.391824+0.001446	test-rmse:0.391969+0.003587 
[919]	train-rmse:0.391797+0.001469	test-rmse:0.391942+0.003579 
[920]	train-rmse:0.391783+0.001447	test-rmse:0.391929+0.003586 
[921]	train-rmse:0.391756+0.001429	test-rmse:0.391902+0.003609 
[922]	train-rmse:0.391743+0.001433	test-rmse:0.391889+0.003625 
[923]	train-rmse:0.391676+0.001434	test-rmse:0.391822+0.003624 
[924]	train-rmse:0.391648+0.001416	test-rmse:0.391795+0.003647 
[925]	train-rmse:0.391607+0.001392	test-rmse:0.391755+0.003654 
[926]	train-rmse:0.391593+0.001396	test-rmse:0.391741+0.003671 
[927]	train-rmse:0.391554+0.001386	test-rmse:0.391704+0.003689 
[928]	train-rmse:0.391514+0.001414	test-rmse:0.391665+0.003674 
[929]	train-rmse:0.391475+0.001418	test-rmse:0.391626+0.003674 
[930]	train-rmse:0.391435+0.001432	test-rmse:0.391586+0.003651 
[931]	train-rmse:0.391422+0.001451	test-rmse:0.391572+0.003629 
[932]	train-rmse:0.391396+0.001447	test-rmse:0.391546+0.003628 
[933]	train-rmse:0.391396+0.001447	test-rmse:0.391546+0.003628 
[934]	train-rmse:0.391342+0.001444	test-rmse:0.391493+0.003612 
[935]	train-rmse:0.391316+0.001440	test-rmse:0.391465+0.003633 
[936]	train-rmse:0.391289+0.001438	test-rmse:0.391438+0.003633 
[937]	train-rmse:0.391237+0.001434	test-rmse:0.391387+0.003617 
[938]	train-rmse:0.391196+0.001462	test-rmse:0.391347+0.003603 
[939]	train-rmse:0.391196+0.001462	test-rmse:0.391347+0.003603 
[940]	train-rmse:0.391169+0.001460	test-rmse:0.391320+0.003587 
[941]	train-rmse:0.391142+0.001483	test-rmse:0.391293+0.003581 
[942]	train-rmse:0.391142+0.001483	test-rmse:0.391293+0.003581 
[943]	train-rmse:0.391103+0.001499	test-rmse:0.391253+0.003579 
[944]	train-rmse:0.391103+0.001499	test-rmse:0.391253+0.003579 
[945]	train-rmse:0.391090+0.001492	test-rmse:0.391238+0.003584 
[946]	train-rmse:0.391076+0.001497	test-rmse:0.391225+0.003579 
[947]	train-rmse:0.391050+0.001479	test-rmse:0.391200+0.003601 
[948]	train-rmse:0.391009+0.001497	test-rmse:0.391159+0.003577 
[949]	train-rmse:0.390982+0.001496	test-rmse:0.391132+0.003576 
[950]	train-rmse:0.390930+0.001476	test-rmse:0.391080+0.003598 
[951]	train-rmse:0.390916+0.001455	test-rmse:0.391067+0.003605 
[952]	train-rmse:0.390903+0.001448	test-rmse:0.391053+0.003611 
[953]	train-rmse:0.390877+0.001421	test-rmse:0.391026+0.003623 
[954]	train-rmse:0.390838+0.001437	test-rmse:0.390986+0.003622 
[955]	train-rmse:0.390825+0.001442	test-rmse:0.390974+0.003617 
[956]	train-rmse:0.390785+0.001419	test-rmse:0.390935+0.003624 
[957]	train-rmse:0.390758+0.001419	test-rmse:0.390909+0.003625 
[958]	train-rmse:0.390732+0.001428	test-rmse:0.390883+0.003634 
[959]	train-rmse:0.390719+0.001431	test-rmse:0.390870+0.003650 
[960]	train-rmse:0.390680+0.001429	test-rmse:0.390831+0.003649 
[961]	train-rmse:0.390666+0.001435	test-rmse:0.390819+0.003644 
[962]	train-rmse:0.390653+0.001441	test-rmse:0.390807+0.003639 
[963]	train-rmse:0.390614+0.001469	test-rmse:0.390768+0.003625 
[964]	train-rmse:0.390575+0.001486	test-rmse:0.390729+0.003604 
[965]	train-rmse:0.390562+0.001490	test-rmse:0.390715+0.003620 
[966]	train-rmse:0.390562+0.001490	test-rmse:0.390715+0.003620 
[967]	train-rmse:0.390561+0.001490	test-rmse:0.390715+0.003620 
[968]	train-rmse:0.390550+0.001485	test-rmse:0.390702+0.003625 
[969]	train-rmse:0.390484+0.001485	test-rmse:0.390637+0.003625 
[970]	train-rmse:0.390459+0.001481	test-rmse:0.390613+0.003610 
[971]	train-rmse:0.390394+0.001479	test-rmse:0.390548+0.003611 
[972]	train-rmse:0.390366+0.001450	test-rmse:0.390521+0.003624 
[973]	train-rmse:0.390352+0.001468	test-rmse:0.390506+0.003600 
[974]	train-rmse:0.390339+0.001446	test-rmse:0.390494+0.003607 
[975]	train-rmse:0.390313+0.001470	test-rmse:0.390468+0.003579 
[976]	train-rmse:0.390273+0.001449	test-rmse:0.390429+0.003587 
[977]	train-rmse:0.390259+0.001456	test-rmse:0.390417+0.003582 
[978]	train-rmse:0.390259+0.001456	test-rmse:0.390417+0.003582 
[979]	train-rmse:0.390220+0.001470	test-rmse:0.390376+0.003580 
[980]	train-rmse:0.390193+0.001442	test-rmse:0.390348+0.003593 
[981]	train-rmse:0.390154+0.001456	test-rmse:0.390309+0.003595 
[982]	train-rmse:0.390128+0.001480	test-rmse:0.390283+0.003567 
[983]	train-rmse:0.390102+0.001488	test-rmse:0.390258+0.003578 
[984]	train-rmse:0.390102+0.001488	test-rmse:0.390258+0.003578 
[985]	train-rmse:0.390063+0.001515	test-rmse:0.390220+0.003567 
[986]	train-rmse:0.390024+0.001529	test-rmse:0.390179+0.003567 
[987]	train-rmse:0.389997+0.001525	test-rmse:0.390153+0.003550 
[988]	train-rmse:0.389958+0.001516	test-rmse:0.390113+0.003540 
[989]	train-rmse:0.389932+0.001540	test-rmse:0.390088+0.003513 
[990]	train-rmse:0.389919+0.001520	test-rmse:0.390076+0.003518 
[991]	train-rmse:0.389892+0.001516	test-rmse:0.390048+0.003540 
[992]	train-rmse:0.389879+0.001510	test-rmse:0.390034+0.003547 
[993]	train-rmse:0.389865+0.001488	test-rmse:0.390021+0.003553 
[994]	train-rmse:0.389825+0.001487	test-rmse:0.389981+0.003552 
[995]	train-rmse:0.389798+0.001487	test-rmse:0.389954+0.003553 
[996]	train-rmse:0.389784+0.001493	test-rmse:0.389941+0.003548 
[997]	train-rmse:0.389758+0.001490	test-rmse:0.389914+0.003570 
[998]	train-rmse:0.389758+0.001490	test-rmse:0.389914+0.003570 
[999]	train-rmse:0.389732+0.001504	test-rmse:0.389887+0.003553 
[1000]	train-rmse:0.389679+0.001504	test-rmse:0.389835+0.003535 
[1001]	train-rmse:0.389626+0.001497	test-rmse:0.389780+0.003540 
[1002]	train-rmse:0.389612+0.001476	test-rmse:0.389768+0.003546 
[1003]	train-rmse:0.389599+0.001481	test-rmse:0.389755+0.003540 
[1004]	train-rmse:0.389573+0.001461	test-rmse:0.389731+0.003561 
[1005]	train-rmse:0.389560+0.001480	test-rmse:0.389717+0.003538 
[1006]	train-rmse:0.389508+0.001501	test-rmse:0.389664+0.003531 
[1007]	train-rmse:0.389482+0.001501	test-rmse:0.389638+0.003512 
[1008]	train-rmse:0.389455+0.001501	test-rmse:0.389612+0.003514 
[1009]	train-rmse:0.389417+0.001478	test-rmse:0.389573+0.003541 
[1010]	train-rmse:0.389404+0.001473	test-rmse:0.389559+0.003548 
[1011]	train-rmse:0.389377+0.001475	test-rmse:0.389533+0.003550 
[1012]	train-rmse:0.389364+0.001476	test-rmse:0.389519+0.003566 
[1013]	train-rmse:0.389337+0.001478	test-rmse:0.389492+0.003567 
[1014]	train-rmse:0.389311+0.001480	test-rmse:0.389466+0.003569 
[1015]	train-rmse:0.389311+0.001480	test-rmse:0.389466+0.003569 
[1016]	train-rmse:0.389311+0.001480	test-rmse:0.389466+0.003569 
[1017]	train-rmse:0.389298+0.001482	test-rmse:0.389452+0.003584 
[1018]	train-rmse:0.389284+0.001488	test-rmse:0.389439+0.003579 
[1019]	train-rmse:0.389244+0.001491	test-rmse:0.389401+0.003556 
[1020]	train-rmse:0.389230+0.001487	test-rmse:0.389387+0.003564 
[1021]	train-rmse:0.389204+0.001495	test-rmse:0.389361+0.003573 
[1022]	train-rmse:0.389164+0.001491	test-rmse:0.389322+0.003570 
[1023]	train-rmse:0.389151+0.001509	test-rmse:0.389308+0.003546 
[1024]	train-rmse:0.389110+0.001495	test-rmse:0.389270+0.003563 
[1025]	train-rmse:0.389084+0.001508	test-rmse:0.389242+0.003547 
[1026]	train-rmse:0.389071+0.001527	test-rmse:0.389228+0.003524 
[1027]	train-rmse:0.389031+0.001531	test-rmse:0.389188+0.003541 
[1028]	train-rmse:0.389018+0.001527	test-rmse:0.389174+0.003549 
[1029]	train-rmse:0.388992+0.001513	test-rmse:0.389150+0.003549 
[1030]	train-rmse:0.388992+0.001513	test-rmse:0.389150+0.003549 
[1031]	train-rmse:0.388992+0.001513	test-rmse:0.389150+0.003549 
[1032]	train-rmse:0.388965+0.001521	test-rmse:0.389124+0.003559 
[1033]	train-rmse:0.388926+0.001507	test-rmse:0.389087+0.003575 
[1034]	train-rmse:0.388874+0.001512	test-rmse:0.389036+0.003566 
[1035]	train-rmse:0.388821+0.001534	test-rmse:0.388983+0.003560 
[1036]	train-rmse:0.388808+0.001542	test-rmse:0.388970+0.003555 
[1037]	train-rmse:0.388782+0.001516	test-rmse:0.388944+0.003568 
[1038]	train-rmse:0.388755+0.001526	test-rmse:0.388918+0.003579 
[1039]	train-rmse:0.388716+0.001531	test-rmse:0.388878+0.003597 
[1040]	train-rmse:0.388663+0.001522	test-rmse:0.388825+0.003601 
[1041]	train-rmse:0.388624+0.001511	test-rmse:0.388785+0.003591 
[1042]	train-rmse:0.388585+0.001502	test-rmse:0.388746+0.003581 
[1043]	train-rmse:0.388559+0.001511	test-rmse:0.388721+0.003591 
[1044]	train-rmse:0.388519+0.001508	test-rmse:0.388682+0.003590 
[1045]	train-rmse:0.388480+0.001483	test-rmse:0.388642+0.003618 
[1046]	train-rmse:0.388441+0.001485	test-rmse:0.388605+0.003595 
[1047]	train-rmse:0.388415+0.001509	test-rmse:0.388580+0.003568 
[1048]	train-rmse:0.388389+0.001513	test-rmse:0.388553+0.003570 
[1049]	train-rmse:0.388336+0.001517	test-rmse:0.388502+0.003563 
[1050]	train-rmse:0.388309+0.001527	test-rmse:0.388476+0.003574 
[1051]	train-rmse:0.388296+0.001522	test-rmse:0.388461+0.003581 
[1052]	train-rmse:0.388269+0.001516	test-rmse:0.388435+0.003564 
[1053]	train-rmse:0.388230+0.001530	test-rmse:0.388395+0.003563 
[1054]	train-rmse:0.388190+0.001557	test-rmse:0.388356+0.003551 
[1055]	train-rmse:0.388178+0.001536	test-rmse:0.388345+0.003556 
[1056]	train-rmse:0.388152+0.001533	test-rmse:0.388318+0.003578 
[1057]	train-rmse:0.388126+0.001552	test-rmse:0.388292+0.003572 
[1058]	train-rmse:0.388101+0.001533	test-rmse:0.388267+0.003592 
[1059]	train-rmse:0.388087+0.001541	test-rmse:0.388255+0.003587 
[1060]	train-rmse:0.388074+0.001536	test-rmse:0.388241+0.003594 
[1061]	train-rmse:0.388022+0.001557	test-rmse:0.388188+0.003589 
[1062]	train-rmse:0.387997+0.001554	test-rmse:0.388164+0.003570 
[1063]	train-rmse:0.387984+0.001533	test-rmse:0.388152+0.003575 
[1064]	train-rmse:0.387932+0.001537	test-rmse:0.388101+0.003569 
[1065]	train-rmse:0.387919+0.001545	test-rmse:0.388089+0.003564 
[1066]	train-rmse:0.387892+0.001517	test-rmse:0.388062+0.003576 
[1067]	train-rmse:0.387865+0.001513	test-rmse:0.388037+0.003559 
[1068]	train-rmse:0.387838+0.001508	test-rmse:0.388010+0.003542 
[1069]	train-rmse:0.387812+0.001504	test-rmse:0.387983+0.003564 
[1070]	train-rmse:0.387773+0.001508	test-rmse:0.387946+0.003541 
[1071]	train-rmse:0.387709+0.001506	test-rmse:0.387882+0.003545 
[1072]	train-rmse:0.387708+0.001506	test-rmse:0.387882+0.003545 
[1073]	train-rmse:0.387655+0.001488	test-rmse:0.387830+0.003568 
[1074]	train-rmse:0.387642+0.001466	test-rmse:0.387817+0.003573 
[1075]	train-rmse:0.387602+0.001446	test-rmse:0.387779+0.003581 
[1076]	train-rmse:0.387578+0.001465	test-rmse:0.387754+0.003574 
[1077]	train-rmse:0.387578+0.001465	test-rmse:0.387754+0.003574 
[1078]	train-rmse:0.387564+0.001473	test-rmse:0.387741+0.003569 
[1079]	train-rmse:0.387524+0.001463	test-rmse:0.387702+0.003559 
[1080]	train-rmse:0.387487+0.001476	test-rmse:0.387662+0.003558 
[1081]	train-rmse:0.387435+0.001458	test-rmse:0.387611+0.003580 
[1082]	train-rmse:0.387381+0.001464	test-rmse:0.387559+0.003572 
[1083]	train-rmse:0.387368+0.001458	test-rmse:0.387545+0.003579 
[1084]	train-rmse:0.387343+0.001467	test-rmse:0.387520+0.003588 
[1085]	train-rmse:0.387330+0.001475	test-rmse:0.387508+0.003584 
[1086]	train-rmse:0.387304+0.001487	test-rmse:0.387480+0.003567 
[1087]	train-rmse:0.387264+0.001490	test-rmse:0.387442+0.003545 
[1088]	train-rmse:0.387214+0.001473	test-rmse:0.387393+0.003567 
[1089]	train-rmse:0.387188+0.001492	test-rmse:0.387367+0.003559 
[1090]	train-rmse:0.387149+0.001466	test-rmse:0.387327+0.003587 
[1091]	train-rmse:0.387149+0.001466	test-rmse:0.387327+0.003587 
[1092]	train-rmse:0.387149+0.001466	test-rmse:0.387327+0.003587 
[1093]	train-rmse:0.387136+0.001460	test-rmse:0.387313+0.003594 
[1094]	train-rmse:0.387123+0.001439	test-rmse:0.387301+0.003600 
[1095]	train-rmse:0.387085+0.001442	test-rmse:0.387263+0.003617 
[1096]	train-rmse:0.387020+0.001442	test-rmse:0.387198+0.003617 
[1097]	train-rmse:0.386981+0.001461	test-rmse:0.387158+0.003597 
[1098]	train-rmse:0.386968+0.001477	test-rmse:0.387146+0.003575 
[1099]	train-rmse:0.386968+0.001477	test-rmse:0.387146+0.003575 
[1100]	train-rmse:0.386930+0.001468	test-rmse:0.387106+0.003565 
[1101]	train-rmse:0.386876+0.001474	test-rmse:0.387054+0.003557 
[1102]	train-rmse:0.386876+0.001474	test-rmse:0.387054+0.003557 
[1103]	train-rmse:0.386863+0.001475	test-rmse:0.387041+0.003572 
[1104]	train-rmse:0.386837+0.001471	test-rmse:0.387014+0.003595 
[1105]	train-rmse:0.386798+0.001469	test-rmse:0.386976+0.003594 
[1106]	train-rmse:0.386772+0.001455	test-rmse:0.386952+0.003594 
[1107]	train-rmse:0.386746+0.001427	test-rmse:0.386926+0.003607 
[1108]	train-rmse:0.386695+0.001422	test-rmse:0.386874+0.003611 
[1109]	train-rmse:0.386670+0.001446	test-rmse:0.386849+0.003583 
[1110]	train-rmse:0.386619+0.001467	test-rmse:0.386798+0.003577 
[1111]	train-rmse:0.386579+0.001455	test-rmse:0.386760+0.003592 
[1112]	train-rmse:0.386552+0.001452	test-rmse:0.386734+0.003574 
[1113]	train-rmse:0.386552+0.001452	test-rmse:0.386734+0.003574 
[1114]	train-rmse:0.386552+0.001452	test-rmse:0.386734+0.003574 
[1115]	train-rmse:0.386526+0.001471	test-rmse:0.386708+0.003569 
[1116]	train-rmse:0.386477+0.001464	test-rmse:0.386657+0.003574 
[1117]	train-rmse:0.386437+0.001455	test-rmse:0.386617+0.003565 
[1118]	train-rmse:0.386399+0.001443	test-rmse:0.386581+0.003580 
[1119]	train-rmse:0.386360+0.001435	test-rmse:0.386541+0.003569 
[1120]	train-rmse:0.386334+0.001435	test-rmse:0.386515+0.003570 
[1121]	train-rmse:0.386321+0.001442	test-rmse:0.386503+0.003565 
[1122]	train-rmse:0.386270+0.001423	test-rmse:0.386453+0.003587 
[1123]	train-rmse:0.386243+0.001396	test-rmse:0.386426+0.003600 
[1124]	train-rmse:0.386192+0.001378	test-rmse:0.386375+0.003622 
[1125]	train-rmse:0.386192+0.001378	test-rmse:0.386375+0.003622 
[1126]	train-rmse:0.386165+0.001387	test-rmse:0.386350+0.003632 
[1127]	train-rmse:0.386152+0.001405	test-rmse:0.386337+0.003610 
[1128]	train-rmse:0.386128+0.001385	test-rmse:0.386312+0.003630 
[1129]	train-rmse:0.386101+0.001366	test-rmse:0.386286+0.003651 
[1130]	train-rmse:0.386063+0.001369	test-rmse:0.386248+0.003668 
[1131]	train-rmse:0.386050+0.001362	test-rmse:0.386234+0.003675 
[1132]	train-rmse:0.386037+0.001341	test-rmse:0.386222+0.003681 
[1133]	train-rmse:0.386023+0.001344	test-rmse:0.386208+0.003696 
[1134]	train-rmse:0.386023+0.001344	test-rmse:0.386208+0.003696 
[1135]	train-rmse:0.385998+0.001317	test-rmse:0.386183+0.003709 
[1136]	train-rmse:0.385972+0.001300	test-rmse:0.386159+0.003729 
[1137]	train-rmse:0.385947+0.001297	test-rmse:0.386132+0.003752 
[1138]	train-rmse:0.385947+0.001297	test-rmse:0.386132+0.003752 
[1139]	train-rmse:0.385935+0.001303	test-rmse:0.386120+0.003746 
[1140]	train-rmse:0.385895+0.001306	test-rmse:0.386082+0.003723 
[1141]	train-rmse:0.385881+0.001313	test-rmse:0.386070+0.003717 
[1142]	train-rmse:0.385830+0.001305	test-rmse:0.386018+0.003724 
[1143]	train-rmse:0.385817+0.001308	test-rmse:0.386005+0.003740 
[1144]	train-rmse:0.385804+0.001312	test-rmse:0.385991+0.003756 
[1145]	train-rmse:0.385765+0.001287	test-rmse:0.385952+0.003784 
[1146]	train-rmse:0.385727+0.001266	test-rmse:0.385914+0.003791 
[1147]	train-rmse:0.385713+0.001245	test-rmse:0.385902+0.003797 
[1148]	train-rmse:0.385700+0.001262	test-rmse:0.385889+0.003774 
[1149]	train-rmse:0.385675+0.001272	test-rmse:0.385864+0.003783 
[1150]	train-rmse:0.385649+0.001273	test-rmse:0.385837+0.003785 
[1151]	train-rmse:0.385624+0.001270	test-rmse:0.385813+0.003767 
[1152]	train-rmse:0.385598+0.001280	test-rmse:0.385786+0.003752 
[1153]	train-rmse:0.385586+0.001274	test-rmse:0.385773+0.003759 
[1154]	train-rmse:0.385559+0.001260	test-rmse:0.385748+0.003759 
[1155]	train-rmse:0.385547+0.001240	test-rmse:0.385737+0.003764 
[1156]	train-rmse:0.385522+0.001237	test-rmse:0.385711+0.003786 
[1157]	train-rmse:0.385509+0.001240	test-rmse:0.385697+0.003802 
[1158]	train-rmse:0.385496+0.001258	test-rmse:0.385684+0.003778 
[1159]	train-rmse:0.385458+0.001247	test-rmse:0.385645+0.003770 
[1160]	train-rmse:0.385432+0.001229	test-rmse:0.385620+0.003791 
[1161]	train-rmse:0.385419+0.001210	test-rmse:0.385609+0.003796 
[1162]	train-rmse:0.385382+0.001236	test-rmse:0.385573+0.003784 
[1163]	train-rmse:0.385331+0.001232	test-rmse:0.385522+0.003770 
[1164]	train-rmse:0.385317+0.001236	test-rmse:0.385509+0.003786 
[1165]	train-rmse:0.385292+0.001221	test-rmse:0.385485+0.003786 
[1166]	train-rmse:0.385267+0.001217	test-rmse:0.385459+0.003808 
[1167]	train-rmse:0.385241+0.001217	test-rmse:0.385433+0.003810 
[1168]	train-rmse:0.385240+0.001217	test-rmse:0.385432+0.003810 
[1169]	train-rmse:0.385202+0.001245	test-rmse:0.385394+0.003797 
[1170]	train-rmse:0.385188+0.001223	test-rmse:0.385382+0.003803 
[1171]	train-rmse:0.385175+0.001240	test-rmse:0.385369+0.003781 
[1172]	train-rmse:0.385150+0.001237	test-rmse:0.385342+0.003803 
[1173]	train-rmse:0.385125+0.001234	test-rmse:0.385316+0.003826 
[1174]	train-rmse:0.385087+0.001250	test-rmse:0.385278+0.003807 
[1175]	train-rmse:0.385061+0.001261	test-rmse:0.385251+0.003793 
[1176]	train-rmse:0.385036+0.001271	test-rmse:0.385226+0.003801 
[1177]	train-rmse:0.385023+0.001289	test-rmse:0.385213+0.003779 
[1178]	train-rmse:0.385010+0.001283	test-rmse:0.385199+0.003787 
[1179]	train-rmse:0.384997+0.001277	test-rmse:0.385186+0.003794 
[1180]	train-rmse:0.384959+0.001282	test-rmse:0.385147+0.003811 
[1181]	train-rmse:0.384922+0.001297	test-rmse:0.385109+0.003813 
[1182]	train-rmse:0.384897+0.001309	test-rmse:0.385082+0.003799 
[1183]	train-rmse:0.384884+0.001288	test-rmse:0.385071+0.003804 
[1184]	train-rmse:0.384845+0.001288	test-rmse:0.385033+0.003781 
[1185]	train-rmse:0.384807+0.001265	test-rmse:0.384995+0.003808 
[1186]	train-rmse:0.384807+0.001265	test-rmse:0.384995+0.003808 
[1187]	train-rmse:0.384807+0.001265	test-rmse:0.384995+0.003808 
[1188]	train-rmse:0.384781+0.001267	test-rmse:0.384969+0.003810 
[1189]	train-rmse:0.384744+0.001245	test-rmse:0.384932+0.003837 
[1190]	train-rmse:0.384720+0.001256	test-rmse:0.384906+0.003826 
[1191]	train-rmse:0.384707+0.001262	test-rmse:0.384894+0.003820 
[1192]	train-rmse:0.384694+0.001279	test-rmse:0.384881+0.003798 
[1193]	train-rmse:0.384655+0.001256	test-rmse:0.384842+0.003827 
[1194]	train-rmse:0.384629+0.001238	test-rmse:0.384817+0.003847 
[1195]	train-rmse:0.384616+0.001242	test-rmse:0.384803+0.003862 
[1196]	train-rmse:0.384590+0.001236	test-rmse:0.384778+0.003846 
[1197]	train-rmse:0.384565+0.001211	test-rmse:0.384753+0.003859 
[1198]	train-rmse:0.384527+0.001236	test-rmse:0.384716+0.003847 
[1199]	train-rmse:0.384515+0.001215	test-rmse:0.384705+0.003852 
[1200]	train-rmse:0.384477+0.001241	test-rmse:0.384668+0.003838 
[1201]	train-rmse:0.384451+0.001215	test-rmse:0.384642+0.003852 
[1202]	train-rmse:0.384425+0.001210	test-rmse:0.384616+0.003835 
[1203]	train-rmse:0.384398+0.001194	test-rmse:0.384591+0.003834 
[1204]	train-rmse:0.384372+0.001203	test-rmse:0.384567+0.003842 
[1205]	train-rmse:0.384359+0.001220	test-rmse:0.384553+0.003820 
[1206]	train-rmse:0.384347+0.001226	test-rmse:0.384542+0.003814 
[1207]	train-rmse:0.384321+0.001224	test-rmse:0.384515+0.003837 
[1208]	train-rmse:0.384295+0.001209	test-rmse:0.384490+0.003836 
[1209]	train-rmse:0.384255+0.001197	test-rmse:0.384453+0.003850 
[1210]	train-rmse:0.384216+0.001215	test-rmse:0.384414+0.003830 
[1211]	train-rmse:0.384166+0.001236	test-rmse:0.384363+0.003823 
[1212]	train-rmse:0.384128+0.001241	test-rmse:0.384325+0.003839 
[1213]	train-rmse:0.384115+0.001218	test-rmse:0.384312+0.003845 
[1214]	train-rmse:0.384102+0.001213	test-rmse:0.384299+0.003853 
[1215]	train-rmse:0.384077+0.001233	test-rmse:0.384273+0.003846 
[1216]	train-rmse:0.384038+0.001234	test-rmse:0.384235+0.003823 
[1217]	train-rmse:0.384001+0.001247	test-rmse:0.384198+0.003827 
[1218]	train-rmse:0.383950+0.001240	test-rmse:0.384146+0.003833 
[1219]	train-rmse:0.383938+0.001236	test-rmse:0.384132+0.003841 
[1220]	train-rmse:0.383926+0.001240	test-rmse:0.384120+0.003855 
[1221]	train-rmse:0.383900+0.001250	test-rmse:0.384095+0.003864 
[1222]	train-rmse:0.383850+0.001271	test-rmse:0.384045+0.003860 
[1223]	train-rmse:0.383837+0.001276	test-rmse:0.384032+0.003875 
[1224]	train-rmse:0.383812+0.001269	test-rmse:0.384007+0.003859 
[1225]	train-rmse:0.383786+0.001290	test-rmse:0.383981+0.003853 
[1226]	train-rmse:0.383773+0.001307	test-rmse:0.383968+0.003831 
[1227]	train-rmse:0.383749+0.001327	test-rmse:0.383944+0.003827 
[1228]	train-rmse:0.383711+0.001305	test-rmse:0.383905+0.003855 
[1229]	train-rmse:0.383673+0.001281	test-rmse:0.383868+0.003862 
[1230]	train-rmse:0.383633+0.001281	test-rmse:0.383831+0.003839 
[1231]	train-rmse:0.383609+0.001292	test-rmse:0.383804+0.003826 
[1232]	train-rmse:0.383558+0.001297	test-rmse:0.383755+0.003816 
[1233]	train-rmse:0.383519+0.001297	test-rmse:0.383717+0.003815 
[1234]	train-rmse:0.383480+0.001287	test-rmse:0.383678+0.003807 
[1235]	train-rmse:0.383467+0.001292	test-rmse:0.383665+0.003823 
[1236]	train-rmse:0.383442+0.001314	test-rmse:0.383639+0.003818 
[1237]	train-rmse:0.383416+0.001287	test-rmse:0.383613+0.003831 
[1238]	train-rmse:0.383377+0.001314	test-rmse:0.383576+0.003818 
[1239]	train-rmse:0.383377+0.001314	test-rmse:0.383575+0.003818 
[1240]	train-rmse:0.383339+0.001291	test-rmse:0.383537+0.003847 
[1241]	train-rmse:0.383326+0.001309	test-rmse:0.383523+0.003826 
[1242]	train-rmse:0.383300+0.001293	test-rmse:0.383500+0.003823 
[1243]	train-rmse:0.383288+0.001287	test-rmse:0.383487+0.003831 
[1244]	train-rmse:0.383249+0.001313	test-rmse:0.383449+0.003819 
[1245]	train-rmse:0.383236+0.001292	test-rmse:0.383437+0.003824 
[1246]	train-rmse:0.383236+0.001292	test-rmse:0.383437+0.003824 
[1247]	train-rmse:0.383211+0.001290	test-rmse:0.383412+0.003825 
[1248]	train-rmse:0.383173+0.001292	test-rmse:0.383373+0.003823 
[1249]	train-rmse:0.383160+0.001297	test-rmse:0.383361+0.003839 
[1250]	train-rmse:0.383122+0.001274	test-rmse:0.383323+0.003845 
[1251]	train-rmse:0.383096+0.001247	test-rmse:0.383297+0.003858 
[1252]	train-rmse:0.383084+0.001250	test-rmse:0.383285+0.003851 
[1253]	train-rmse:0.383070+0.001230	test-rmse:0.383273+0.003856 
[1254]	train-rmse:0.383058+0.001223	test-rmse:0.383259+0.003864 
[1255]	train-rmse:0.383032+0.001208	test-rmse:0.383234+0.003885 
[1256]	train-rmse:0.383019+0.001214	test-rmse:0.383222+0.003900 
[1257]	train-rmse:0.382995+0.001236	test-rmse:0.383197+0.003894 
[1258]	train-rmse:0.382984+0.001242	test-rmse:0.383185+0.003909 
[1259]	train-rmse:0.382947+0.001241	test-rmse:0.383150+0.003889 
[1260]	train-rmse:0.382896+0.001224	test-rmse:0.383100+0.003909 
[1261]	train-rmse:0.382858+0.001251	test-rmse:0.383063+0.003896 
[1262]	train-rmse:0.382821+0.001240	test-rmse:0.383026+0.003889 
[1263]	train-rmse:0.382795+0.001251	test-rmse:0.383001+0.003898 
[1264]	train-rmse:0.382783+0.001267	test-rmse:0.382989+0.003879 
[1265]	train-rmse:0.382759+0.001266	test-rmse:0.382965+0.003861 
[1266]	train-rmse:0.382733+0.001263	test-rmse:0.382939+0.003862 
[1267]	train-rmse:0.382708+0.001236	test-rmse:0.382914+0.003874 
[1268]	train-rmse:0.382683+0.001259	test-rmse:0.382889+0.003869 
[1269]	train-rmse:0.382633+0.001279	test-rmse:0.382838+0.003863 
[1270]	train-rmse:0.382595+0.001258	test-rmse:0.382800+0.003891 
[1271]	train-rmse:0.382582+0.001238	test-rmse:0.382788+0.003896 
[1272]	train-rmse:0.382558+0.001248	test-rmse:0.382762+0.003883 
[1273]	train-rmse:0.382557+0.001248	test-rmse:0.382762+0.003883 
> hgrid <-
+   dplyr::bind_cols(xgboost_params[index, ], dart.cv$evaluation_log[dart.cv$best_iteration, ], best_iter = dart.cv$best_iteration)
> 
> # write result
> fname <- file.path('data-raw', 'tune', year, 'array', paste0('tune_', index, '.tsv'))
> readr::write_tsv(hgrid, file = fname)
> 
